[2024-01-10T14:32:38.815+0000] {taskinstance.py:1957} INFO - Dependencies all met for dep_context=non-requeueable deps ti=<TaskInstance: weather_dag_2.group_a.tsk_create_table_1 manual__2024-01-10T14:32:35.904167+00:00 [queued]>
[2024-01-10T14:32:38.822+0000] {taskinstance.py:1957} INFO - Dependencies all met for dep_context=requeueable deps ti=<TaskInstance: weather_dag_2.group_a.tsk_create_table_1 manual__2024-01-10T14:32:35.904167+00:00 [queued]>
[2024-01-10T14:32:38.822+0000] {taskinstance.py:2171} INFO - Starting attempt 1 of 3
[2024-01-10T14:32:38.831+0000] {taskinstance.py:2192} INFO - Executing <Task(PostgresOperator): group_a.tsk_create_table_1> on 2024-01-10 14:32:35.904167+00:00
[2024-01-10T14:32:38.835+0000] {standard_task_runner.py:60} INFO - Started process 3658 to run task
[2024-01-10T14:32:38.839+0000] {standard_task_runner.py:87} INFO - Running: ['***', 'tasks', 'run', 'weather_dag_2', 'group_a.tsk_create_table_1', 'manual__2024-01-10T14:32:35.904167+00:00', '--job-id', '63', '--raw', '--subdir', 'DAGS_FOLDER/weather_dag.py', '--cfg-path', '/tmp/tmpxs9zkuyo']
[2024-01-10T14:32:38.842+0000] {standard_task_runner.py:88} INFO - Job 63: Subtask group_a.tsk_create_table_1
[2024-01-10T14:32:38.882+0000] {task_command.py:423} INFO - Running <TaskInstance: weather_dag_2.group_a.tsk_create_table_1 manual__2024-01-10T14:32:35.904167+00:00 [running]> on host 2eb95800a276
[2024-01-10T14:32:38.951+0000] {taskinstance.py:2481} INFO - Exporting env vars: AIRFLOW_CTX_DAG_EMAIL='myemail@domain.com' AIRFLOW_CTX_DAG_OWNER='***' AIRFLOW_CTX_DAG_ID='weather_dag_2' AIRFLOW_CTX_TASK_ID='group_a.tsk_create_table_1' AIRFLOW_CTX_EXECUTION_DATE='2024-01-10T14:32:35.904167+00:00' AIRFLOW_CTX_TRY_NUMBER='1' AIRFLOW_CTX_DAG_RUN_ID='manual__2024-01-10T14:32:35.904167+00:00'
[2024-01-10T14:32:38.953+0000] {sql.py:276} INFO - Executing:   
                    CREATE TABLE IF NOT EXISTS city_look_up (
                    city TEXT NOT NULL,
                    state TEXT NOT NULL,
                    census_2020 numeric NOT NULL,
                    land_Area_sq_mile_2020 numeric NOT NULL                    
                );
                
[2024-01-10T14:32:38.960+0000] {base.py:83} INFO - Using connection ID 'postgres_conn' for task execution.
[2024-01-10T14:32:38.968+0000] {base.py:83} INFO - Using connection ID 'postgres_conn' for task execution.
[2024-01-10T14:32:41.898+0000] {sql.py:432} INFO - Running statement:   
                    CREATE TABLE IF NOT EXISTS city_look_up (
                    city TEXT NOT NULL,
                    state TEXT NOT NULL,
                    census_2020 numeric NOT NULL,
                    land_Area_sq_mile_2020 numeric NOT NULL                    
                );
                , parameters: None
[2024-01-10T14:32:43.935+0000] {taskinstance.py:1138} INFO - Marking task as SUCCESS. dag_id=weather_dag_2, task_id=group_a.tsk_create_table_1, execution_date=20240110T143235, start_date=20240110T143238, end_date=20240110T143243
[2024-01-10T14:32:43.990+0000] {local_task_job_runner.py:234} INFO - Task exited with return code 0
[2024-01-10T14:32:44.012+0000] {taskinstance.py:3281} INFO - 1 downstream tasks scheduled from follow-on schedule check
