[2024-01-10T08:31:50.170+0000] {processor.py:161} INFO - Started process (PID=1684) to work on /opt/airflow/dags/weather_dag.py
[2024-01-10T08:31:50.171+0000] {processor.py:830} INFO - Processing file /opt/airflow/dags/weather_dag.py for tasks to queue
[2024-01-10T08:31:50.173+0000] {logging_mixin.py:188} INFO - [2024-01-10T08:31:50.173+0000] {dagbag.py:538} INFO - Filling up the DagBag from /opt/airflow/dags/weather_dag.py
[2024-01-10T08:31:50.183+0000] {processor.py:840} INFO - DAG(s) 'weather_dag_2' retrieved from /opt/airflow/dags/weather_dag.py
[2024-01-10T08:31:50.363+0000] {logging_mixin.py:188} INFO - [2024-01-10T08:31:50.363+0000] {override.py:1769} INFO - Created Permission View: can delete on DAG:weather_dag_2
[2024-01-10T08:31:50.369+0000] {logging_mixin.py:188} INFO - [2024-01-10T08:31:50.369+0000] {override.py:1769} INFO - Created Permission View: can edit on DAG:weather_dag_2
[2024-01-10T08:31:50.373+0000] {logging_mixin.py:188} INFO - [2024-01-10T08:31:50.373+0000] {override.py:1769} INFO - Created Permission View: can read on DAG:weather_dag_2
[2024-01-10T08:31:50.373+0000] {logging_mixin.py:188} INFO - [2024-01-10T08:31:50.373+0000] {dag.py:3033} INFO - Sync 1 DAGs
[2024-01-10T08:31:50.380+0000] {logging_mixin.py:188} INFO - [2024-01-10T08:31:50.380+0000] {dag.py:3055} INFO - Creating ORM DAG for weather_dag_2
[2024-01-10T08:31:50.387+0000] {logging_mixin.py:188} INFO - [2024-01-10T08:31:50.387+0000] {dag.py:3820} INFO - Setting next_dagrun for weather_dag_2 to 2024-01-09T00:00:00+00:00, run_after=2024-01-10T00:00:00+00:00
[2024-01-10T08:31:50.397+0000] {processor.py:183} INFO - Processing /opt/airflow/dags/weather_dag.py took 0.230 seconds
[2024-01-10T08:32:21.266+0000] {processor.py:161} INFO - Started process (PID=1740) to work on /opt/airflow/dags/weather_dag.py
[2024-01-10T08:32:21.268+0000] {processor.py:830} INFO - Processing file /opt/airflow/dags/weather_dag.py for tasks to queue
[2024-01-10T08:32:21.271+0000] {logging_mixin.py:188} INFO - [2024-01-10T08:32:21.271+0000] {dagbag.py:538} INFO - Filling up the DagBag from /opt/airflow/dags/weather_dag.py
[2024-01-10T08:32:21.281+0000] {processor.py:840} INFO - DAG(s) 'weather_dag_2' retrieved from /opt/airflow/dags/weather_dag.py
[2024-01-10T08:32:21.300+0000] {logging_mixin.py:188} INFO - [2024-01-10T08:32:21.299+0000] {dag.py:3033} INFO - Sync 1 DAGs
[2024-01-10T08:32:21.316+0000] {logging_mixin.py:188} INFO - [2024-01-10T08:32:21.316+0000] {dag.py:3820} INFO - Setting next_dagrun for weather_dag_2 to 2024-01-09T00:00:00+00:00, run_after=2024-01-10T00:00:00+00:00
[2024-01-10T08:32:21.328+0000] {processor.py:183} INFO - Processing /opt/airflow/dags/weather_dag.py took 0.068 seconds
[2024-01-10T08:32:51.695+0000] {processor.py:161} INFO - Started process (PID=1795) to work on /opt/airflow/dags/weather_dag.py
[2024-01-10T08:32:51.696+0000] {processor.py:830} INFO - Processing file /opt/airflow/dags/weather_dag.py for tasks to queue
[2024-01-10T08:32:51.700+0000] {logging_mixin.py:188} INFO - [2024-01-10T08:32:51.699+0000] {dagbag.py:538} INFO - Filling up the DagBag from /opt/airflow/dags/weather_dag.py
[2024-01-10T08:32:51.711+0000] {processor.py:840} INFO - DAG(s) 'weather_dag_2' retrieved from /opt/airflow/dags/weather_dag.py
[2024-01-10T08:32:51.729+0000] {logging_mixin.py:188} INFO - [2024-01-10T08:32:51.728+0000] {dag.py:3033} INFO - Sync 1 DAGs
[2024-01-10T08:32:51.745+0000] {logging_mixin.py:188} INFO - [2024-01-10T08:32:51.745+0000] {dag.py:3820} INFO - Setting next_dagrun for weather_dag_2 to 2024-01-09T00:00:00+00:00, run_after=2024-01-10T00:00:00+00:00
[2024-01-10T08:32:51.756+0000] {processor.py:183} INFO - Processing /opt/airflow/dags/weather_dag.py took 0.069 seconds
[2024-01-10T08:33:22.724+0000] {processor.py:161} INFO - Started process (PID=1851) to work on /opt/airflow/dags/weather_dag.py
[2024-01-10T08:33:22.725+0000] {processor.py:830} INFO - Processing file /opt/airflow/dags/weather_dag.py for tasks to queue
[2024-01-10T08:33:22.728+0000] {logging_mixin.py:188} INFO - [2024-01-10T08:33:22.728+0000] {dagbag.py:538} INFO - Filling up the DagBag from /opt/airflow/dags/weather_dag.py
[2024-01-10T08:33:22.740+0000] {processor.py:840} INFO - DAG(s) 'weather_dag_2' retrieved from /opt/airflow/dags/weather_dag.py
[2024-01-10T08:33:22.757+0000] {logging_mixin.py:188} INFO - [2024-01-10T08:33:22.757+0000] {dag.py:3033} INFO - Sync 1 DAGs
[2024-01-10T08:33:22.884+0000] {logging_mixin.py:188} INFO - [2024-01-10T08:33:22.884+0000] {dag.py:3820} INFO - Setting next_dagrun for weather_dag_2 to 2024-01-09T00:00:00+00:00, run_after=2024-01-10T00:00:00+00:00
[2024-01-10T08:33:22.895+0000] {processor.py:183} INFO - Processing /opt/airflow/dags/weather_dag.py took 0.178 seconds
[2024-01-10T08:33:53.446+0000] {processor.py:161} INFO - Started process (PID=1907) to work on /opt/airflow/dags/weather_dag.py
[2024-01-10T08:33:53.447+0000] {processor.py:830} INFO - Processing file /opt/airflow/dags/weather_dag.py for tasks to queue
[2024-01-10T08:33:53.449+0000] {logging_mixin.py:188} INFO - [2024-01-10T08:33:53.448+0000] {dagbag.py:538} INFO - Filling up the DagBag from /opt/airflow/dags/weather_dag.py
[2024-01-10T08:33:53.457+0000] {processor.py:840} INFO - DAG(s) 'weather_dag_2' retrieved from /opt/airflow/dags/weather_dag.py
[2024-01-10T08:33:53.475+0000] {logging_mixin.py:188} INFO - [2024-01-10T08:33:53.475+0000] {dag.py:3033} INFO - Sync 1 DAGs
[2024-01-10T08:33:53.497+0000] {logging_mixin.py:188} INFO - [2024-01-10T08:33:53.497+0000] {dag.py:3820} INFO - Setting next_dagrun for weather_dag_2 to 2024-01-09T00:00:00+00:00, run_after=2024-01-10T00:00:00+00:00
[2024-01-10T08:33:53.514+0000] {processor.py:183} INFO - Processing /opt/airflow/dags/weather_dag.py took 0.074 seconds
[2024-01-10T08:34:23.626+0000] {processor.py:161} INFO - Started process (PID=1963) to work on /opt/airflow/dags/weather_dag.py
[2024-01-10T08:34:23.627+0000] {processor.py:830} INFO - Processing file /opt/airflow/dags/weather_dag.py for tasks to queue
[2024-01-10T08:34:23.630+0000] {logging_mixin.py:188} INFO - [2024-01-10T08:34:23.629+0000] {dagbag.py:538} INFO - Filling up the DagBag from /opt/airflow/dags/weather_dag.py
[2024-01-10T08:34:23.639+0000] {processor.py:840} INFO - DAG(s) 'weather_dag_2' retrieved from /opt/airflow/dags/weather_dag.py
[2024-01-10T08:34:23.657+0000] {logging_mixin.py:188} INFO - [2024-01-10T08:34:23.657+0000] {dag.py:3033} INFO - Sync 1 DAGs
[2024-01-10T08:34:23.677+0000] {logging_mixin.py:188} INFO - [2024-01-10T08:34:23.677+0000] {dag.py:3820} INFO - Setting next_dagrun for weather_dag_2 to 2024-01-09T00:00:00+00:00, run_after=2024-01-10T00:00:00+00:00
[2024-01-10T08:34:23.693+0000] {processor.py:183} INFO - Processing /opt/airflow/dags/weather_dag.py took 0.072 seconds
[2024-01-10T08:34:53.741+0000] {processor.py:161} INFO - Started process (PID=2019) to work on /opt/airflow/dags/weather_dag.py
[2024-01-10T08:34:53.742+0000] {processor.py:830} INFO - Processing file /opt/airflow/dags/weather_dag.py for tasks to queue
[2024-01-10T08:34:53.746+0000] {logging_mixin.py:188} INFO - [2024-01-10T08:34:53.746+0000] {dagbag.py:538} INFO - Filling up the DagBag from /opt/airflow/dags/weather_dag.py
[2024-01-10T08:34:53.758+0000] {processor.py:840} INFO - DAG(s) 'weather_dag_2' retrieved from /opt/airflow/dags/weather_dag.py
[2024-01-10T08:34:53.964+0000] {logging_mixin.py:188} INFO - [2024-01-10T08:34:53.963+0000] {dag.py:3033} INFO - Sync 1 DAGs
[2024-01-10T08:34:53.971+0000] {logging_mixin.py:188} INFO - [2024-01-10T08:34:53.971+0000] {dag.py:3055} INFO - Creating ORM DAG for weather_dag_2
[2024-01-10T08:34:53.979+0000] {logging_mixin.py:188} INFO - [2024-01-10T08:34:53.979+0000] {dag.py:3820} INFO - Setting next_dagrun for weather_dag_2 to 2024-01-09T00:00:00+00:00, run_after=2024-01-10T00:00:00+00:00
[2024-01-10T08:34:53.989+0000] {processor.py:183} INFO - Processing /opt/airflow/dags/weather_dag.py took 0.255 seconds
[2024-01-10T08:35:24.037+0000] {processor.py:161} INFO - Started process (PID=2075) to work on /opt/airflow/dags/weather_dag.py
[2024-01-10T08:35:24.038+0000] {processor.py:830} INFO - Processing file /opt/airflow/dags/weather_dag.py for tasks to queue
[2024-01-10T08:35:24.043+0000] {logging_mixin.py:188} INFO - [2024-01-10T08:35:24.042+0000] {dagbag.py:538} INFO - Filling up the DagBag from /opt/airflow/dags/weather_dag.py
[2024-01-10T08:35:24.054+0000] {processor.py:840} INFO - DAG(s) 'weather_dag_2' retrieved from /opt/airflow/dags/weather_dag.py
[2024-01-10T08:35:24.071+0000] {logging_mixin.py:188} INFO - [2024-01-10T08:35:24.071+0000] {dag.py:3033} INFO - Sync 1 DAGs
[2024-01-10T08:35:24.199+0000] {logging_mixin.py:188} INFO - [2024-01-10T08:35:24.199+0000] {dag.py:3820} INFO - Setting next_dagrun for weather_dag_2 to 2024-01-09T00:00:00+00:00, run_after=2024-01-10T00:00:00+00:00
[2024-01-10T08:35:24.214+0000] {processor.py:183} INFO - Processing /opt/airflow/dags/weather_dag.py took 0.182 seconds
[2024-01-10T08:35:54.347+0000] {processor.py:161} INFO - Started process (PID=2131) to work on /opt/airflow/dags/weather_dag.py
[2024-01-10T08:35:54.348+0000] {processor.py:830} INFO - Processing file /opt/airflow/dags/weather_dag.py for tasks to queue
[2024-01-10T08:35:54.350+0000] {logging_mixin.py:188} INFO - [2024-01-10T08:35:54.350+0000] {dagbag.py:538} INFO - Filling up the DagBag from /opt/airflow/dags/weather_dag.py
[2024-01-10T08:35:54.358+0000] {processor.py:840} INFO - DAG(s) 'weather_dag_2' retrieved from /opt/airflow/dags/weather_dag.py
[2024-01-10T08:35:54.375+0000] {logging_mixin.py:188} INFO - [2024-01-10T08:35:54.374+0000] {dag.py:3033} INFO - Sync 1 DAGs
[2024-01-10T08:35:54.497+0000] {logging_mixin.py:188} INFO - [2024-01-10T08:35:54.497+0000] {dag.py:3820} INFO - Setting next_dagrun for weather_dag_2 to 2024-01-09T00:00:00+00:00, run_after=2024-01-10T00:00:00+00:00
[2024-01-10T08:35:54.509+0000] {processor.py:183} INFO - Processing /opt/airflow/dags/weather_dag.py took 0.166 seconds
[2024-01-10T08:36:25.318+0000] {processor.py:161} INFO - Started process (PID=2187) to work on /opt/airflow/dags/weather_dag.py
[2024-01-10T08:36:25.319+0000] {processor.py:830} INFO - Processing file /opt/airflow/dags/weather_dag.py for tasks to queue
[2024-01-10T08:36:25.322+0000] {logging_mixin.py:188} INFO - [2024-01-10T08:36:25.322+0000] {dagbag.py:538} INFO - Filling up the DagBag from /opt/airflow/dags/weather_dag.py
[2024-01-10T08:36:25.334+0000] {processor.py:840} INFO - DAG(s) 'weather_dag_2' retrieved from /opt/airflow/dags/weather_dag.py
[2024-01-10T08:36:25.353+0000] {logging_mixin.py:188} INFO - [2024-01-10T08:36:25.353+0000] {dag.py:3033} INFO - Sync 1 DAGs
[2024-01-10T08:36:25.370+0000] {logging_mixin.py:188} INFO - [2024-01-10T08:36:25.370+0000] {dag.py:3820} INFO - Setting next_dagrun for weather_dag_2 to 2024-01-09T00:00:00+00:00, run_after=2024-01-10T00:00:00+00:00
[2024-01-10T08:36:25.382+0000] {processor.py:183} INFO - Processing /opt/airflow/dags/weather_dag.py took 0.071 seconds
