[2024-01-10T07:14:16.746+0000] {processor.py:161} INFO - Started process (PID=35) to work on /home/airflow/.local/lib/python3.8/site-packages/airflow/example_dags/example_complex.py
[2024-01-10T07:14:16.748+0000] {processor.py:830} INFO - Processing file /home/airflow/.local/lib/python3.8/site-packages/airflow/example_dags/example_complex.py for tasks to queue
[2024-01-10T07:14:16.762+0000] {logging_mixin.py:188} INFO - [2024-01-10T07:14:16.762+0000] {dagbag.py:538} INFO - Filling up the DagBag from /home/airflow/.local/lib/python3.8/site-packages/airflow/example_dags/example_complex.py
[2024-01-10T07:14:16.783+0000] {processor.py:840} INFO - DAG(s) 'example_complex' retrieved from /home/airflow/.local/lib/python3.8/site-packages/airflow/example_dags/example_complex.py
[2024-01-10T07:14:16.838+0000] {logging_mixin.py:188} INFO - [2024-01-10T07:14:16.837+0000] {dag.py:3033} INFO - Sync 1 DAGs
[2024-01-10T07:14:16.858+0000] {logging_mixin.py:188} INFO - [2024-01-10T07:14:16.857+0000] {dag.py:3820} INFO - Setting next_dagrun for example_complex to None, run_after=None
[2024-01-10T07:14:16.901+0000] {processor.py:183} INFO - Processing /home/airflow/.local/lib/python3.8/site-packages/airflow/example_dags/example_complex.py took 0.160 seconds
[2024-01-10T07:14:47.834+0000] {processor.py:161} INFO - Started process (PID=90) to work on /home/airflow/.local/lib/python3.8/site-packages/airflow/example_dags/example_complex.py
[2024-01-10T07:14:47.835+0000] {processor.py:830} INFO - Processing file /home/airflow/.local/lib/python3.8/site-packages/airflow/example_dags/example_complex.py for tasks to queue
[2024-01-10T07:14:47.837+0000] {logging_mixin.py:188} INFO - [2024-01-10T07:14:47.837+0000] {dagbag.py:538} INFO - Filling up the DagBag from /home/airflow/.local/lib/python3.8/site-packages/airflow/example_dags/example_complex.py
[2024-01-10T07:14:47.852+0000] {processor.py:840} INFO - DAG(s) 'example_complex' retrieved from /home/airflow/.local/lib/python3.8/site-packages/airflow/example_dags/example_complex.py
[2024-01-10T07:14:47.897+0000] {logging_mixin.py:188} INFO - [2024-01-10T07:14:47.896+0000] {dag.py:3033} INFO - Sync 1 DAGs
[2024-01-10T07:14:47.915+0000] {logging_mixin.py:188} INFO - [2024-01-10T07:14:47.914+0000] {dag.py:3820} INFO - Setting next_dagrun for example_complex to None, run_after=None
[2024-01-10T07:14:47.944+0000] {processor.py:183} INFO - Processing /home/airflow/.local/lib/python3.8/site-packages/airflow/example_dags/example_complex.py took 0.114 seconds
[2024-01-10T07:15:18.294+0000] {processor.py:161} INFO - Started process (PID=145) to work on /home/airflow/.local/lib/python3.8/site-packages/airflow/example_dags/example_complex.py
[2024-01-10T07:15:18.295+0000] {processor.py:830} INFO - Processing file /home/airflow/.local/lib/python3.8/site-packages/airflow/example_dags/example_complex.py for tasks to queue
[2024-01-10T07:15:18.296+0000] {logging_mixin.py:188} INFO - [2024-01-10T07:15:18.296+0000] {dagbag.py:538} INFO - Filling up the DagBag from /home/airflow/.local/lib/python3.8/site-packages/airflow/example_dags/example_complex.py
[2024-01-10T07:15:18.305+0000] {processor.py:840} INFO - DAG(s) 'example_complex' retrieved from /home/airflow/.local/lib/python3.8/site-packages/airflow/example_dags/example_complex.py
[2024-01-10T07:15:18.328+0000] {logging_mixin.py:188} INFO - [2024-01-10T07:15:18.327+0000] {dag.py:3033} INFO - Sync 1 DAGs
[2024-01-10T07:15:18.336+0000] {logging_mixin.py:188} INFO - [2024-01-10T07:15:18.336+0000] {dag.py:3820} INFO - Setting next_dagrun for example_complex to None, run_after=None
[2024-01-10T07:15:18.348+0000] {processor.py:183} INFO - Processing /home/airflow/.local/lib/python3.8/site-packages/airflow/example_dags/example_complex.py took 0.058 seconds
[2024-01-10T07:15:49.021+0000] {processor.py:161} INFO - Started process (PID=199) to work on /home/airflow/.local/lib/python3.8/site-packages/airflow/example_dags/example_complex.py
[2024-01-10T07:15:49.023+0000] {processor.py:830} INFO - Processing file /home/airflow/.local/lib/python3.8/site-packages/airflow/example_dags/example_complex.py for tasks to queue
[2024-01-10T07:15:49.027+0000] {logging_mixin.py:188} INFO - [2024-01-10T07:15:49.027+0000] {dagbag.py:538} INFO - Filling up the DagBag from /home/airflow/.local/lib/python3.8/site-packages/airflow/example_dags/example_complex.py
[2024-01-10T07:15:49.042+0000] {processor.py:840} INFO - DAG(s) 'example_complex' retrieved from /home/airflow/.local/lib/python3.8/site-packages/airflow/example_dags/example_complex.py
[2024-01-10T07:15:49.078+0000] {logging_mixin.py:188} INFO - [2024-01-10T07:15:49.078+0000] {dag.py:3033} INFO - Sync 1 DAGs
[2024-01-10T07:15:49.094+0000] {logging_mixin.py:188} INFO - [2024-01-10T07:15:49.093+0000] {dag.py:3820} INFO - Setting next_dagrun for example_complex to None, run_after=None
[2024-01-10T07:15:49.129+0000] {processor.py:183} INFO - Processing /home/airflow/.local/lib/python3.8/site-packages/airflow/example_dags/example_complex.py took 0.114 seconds
[2024-01-10T07:16:19.300+0000] {processor.py:161} INFO - Started process (PID=254) to work on /home/airflow/.local/lib/python3.8/site-packages/airflow/example_dags/example_complex.py
[2024-01-10T07:16:19.302+0000] {processor.py:830} INFO - Processing file /home/airflow/.local/lib/python3.8/site-packages/airflow/example_dags/example_complex.py for tasks to queue
[2024-01-10T07:16:19.305+0000] {logging_mixin.py:188} INFO - [2024-01-10T07:16:19.304+0000] {dagbag.py:538} INFO - Filling up the DagBag from /home/airflow/.local/lib/python3.8/site-packages/airflow/example_dags/example_complex.py
[2024-01-10T07:16:19.316+0000] {processor.py:840} INFO - DAG(s) 'example_complex' retrieved from /home/airflow/.local/lib/python3.8/site-packages/airflow/example_dags/example_complex.py
[2024-01-10T07:16:19.339+0000] {logging_mixin.py:188} INFO - [2024-01-10T07:16:19.339+0000] {dag.py:3033} INFO - Sync 1 DAGs
[2024-01-10T07:16:19.348+0000] {logging_mixin.py:188} INFO - [2024-01-10T07:16:19.348+0000] {dag.py:3820} INFO - Setting next_dagrun for example_complex to None, run_after=None
[2024-01-10T07:16:19.363+0000] {processor.py:183} INFO - Processing /home/airflow/.local/lib/python3.8/site-packages/airflow/example_dags/example_complex.py took 0.067 seconds
[2024-01-10T07:16:49.404+0000] {processor.py:161} INFO - Started process (PID=309) to work on /home/airflow/.local/lib/python3.8/site-packages/airflow/example_dags/example_complex.py
[2024-01-10T07:16:49.405+0000] {processor.py:830} INFO - Processing file /home/airflow/.local/lib/python3.8/site-packages/airflow/example_dags/example_complex.py for tasks to queue
[2024-01-10T07:16:49.407+0000] {logging_mixin.py:188} INFO - [2024-01-10T07:16:49.406+0000] {dagbag.py:538} INFO - Filling up the DagBag from /home/airflow/.local/lib/python3.8/site-packages/airflow/example_dags/example_complex.py
[2024-01-10T07:16:49.417+0000] {processor.py:840} INFO - DAG(s) 'example_complex' retrieved from /home/airflow/.local/lib/python3.8/site-packages/airflow/example_dags/example_complex.py
[2024-01-10T07:16:49.441+0000] {logging_mixin.py:188} INFO - [2024-01-10T07:16:49.441+0000] {dag.py:3033} INFO - Sync 1 DAGs
[2024-01-10T07:16:49.451+0000] {logging_mixin.py:188} INFO - [2024-01-10T07:16:49.451+0000] {dag.py:3820} INFO - Setting next_dagrun for example_complex to None, run_after=None
[2024-01-10T07:16:49.465+0000] {processor.py:183} INFO - Processing /home/airflow/.local/lib/python3.8/site-packages/airflow/example_dags/example_complex.py took 0.064 seconds
[2024-01-10T07:17:19.491+0000] {processor.py:161} INFO - Started process (PID=364) to work on /home/airflow/.local/lib/python3.8/site-packages/airflow/example_dags/example_complex.py
[2024-01-10T07:17:19.492+0000] {processor.py:830} INFO - Processing file /home/airflow/.local/lib/python3.8/site-packages/airflow/example_dags/example_complex.py for tasks to queue
[2024-01-10T07:17:19.495+0000] {logging_mixin.py:188} INFO - [2024-01-10T07:17:19.494+0000] {dagbag.py:538} INFO - Filling up the DagBag from /home/airflow/.local/lib/python3.8/site-packages/airflow/example_dags/example_complex.py
[2024-01-10T07:17:19.506+0000] {processor.py:840} INFO - DAG(s) 'example_complex' retrieved from /home/airflow/.local/lib/python3.8/site-packages/airflow/example_dags/example_complex.py
[2024-01-10T07:17:19.540+0000] {logging_mixin.py:188} INFO - [2024-01-10T07:17:19.539+0000] {dag.py:3033} INFO - Sync 1 DAGs
[2024-01-10T07:17:19.554+0000] {logging_mixin.py:188} INFO - [2024-01-10T07:17:19.553+0000] {dag.py:3820} INFO - Setting next_dagrun for example_complex to None, run_after=None
[2024-01-10T07:17:19.585+0000] {processor.py:183} INFO - Processing /home/airflow/.local/lib/python3.8/site-packages/airflow/example_dags/example_complex.py took 0.098 seconds
[2024-01-10T07:17:50.230+0000] {processor.py:161} INFO - Started process (PID=419) to work on /home/airflow/.local/lib/python3.8/site-packages/airflow/example_dags/example_complex.py
[2024-01-10T07:17:50.233+0000] {processor.py:830} INFO - Processing file /home/airflow/.local/lib/python3.8/site-packages/airflow/example_dags/example_complex.py for tasks to queue
[2024-01-10T07:17:50.237+0000] {logging_mixin.py:188} INFO - [2024-01-10T07:17:50.236+0000] {dagbag.py:538} INFO - Filling up the DagBag from /home/airflow/.local/lib/python3.8/site-packages/airflow/example_dags/example_complex.py
[2024-01-10T07:17:50.254+0000] {processor.py:840} INFO - DAG(s) 'example_complex' retrieved from /home/airflow/.local/lib/python3.8/site-packages/airflow/example_dags/example_complex.py
[2024-01-10T07:17:50.311+0000] {logging_mixin.py:188} INFO - [2024-01-10T07:17:50.310+0000] {dag.py:3033} INFO - Sync 1 DAGs
[2024-01-10T07:17:50.332+0000] {logging_mixin.py:188} INFO - [2024-01-10T07:17:50.332+0000] {dag.py:3820} INFO - Setting next_dagrun for example_complex to None, run_after=None
[2024-01-10T07:17:50.365+0000] {processor.py:183} INFO - Processing /home/airflow/.local/lib/python3.8/site-packages/airflow/example_dags/example_complex.py took 0.140 seconds
[2024-01-10T07:18:20.836+0000] {processor.py:161} INFO - Started process (PID=474) to work on /home/airflow/.local/lib/python3.8/site-packages/airflow/example_dags/example_complex.py
[2024-01-10T07:18:20.837+0000] {processor.py:830} INFO - Processing file /home/airflow/.local/lib/python3.8/site-packages/airflow/example_dags/example_complex.py for tasks to queue
[2024-01-10T07:18:20.841+0000] {logging_mixin.py:188} INFO - [2024-01-10T07:18:20.840+0000] {dagbag.py:538} INFO - Filling up the DagBag from /home/airflow/.local/lib/python3.8/site-packages/airflow/example_dags/example_complex.py
[2024-01-10T07:18:20.854+0000] {processor.py:840} INFO - DAG(s) 'example_complex' retrieved from /home/airflow/.local/lib/python3.8/site-packages/airflow/example_dags/example_complex.py
[2024-01-10T07:18:20.881+0000] {logging_mixin.py:188} INFO - [2024-01-10T07:18:20.881+0000] {dag.py:3033} INFO - Sync 1 DAGs
[2024-01-10T07:18:20.890+0000] {logging_mixin.py:188} INFO - [2024-01-10T07:18:20.890+0000] {dag.py:3820} INFO - Setting next_dagrun for example_complex to None, run_after=None
[2024-01-10T07:18:20.902+0000] {processor.py:183} INFO - Processing /home/airflow/.local/lib/python3.8/site-packages/airflow/example_dags/example_complex.py took 0.072 seconds
[2024-01-10T07:18:51.230+0000] {processor.py:161} INFO - Started process (PID=529) to work on /home/airflow/.local/lib/python3.8/site-packages/airflow/example_dags/example_complex.py
[2024-01-10T07:18:51.232+0000] {processor.py:830} INFO - Processing file /home/airflow/.local/lib/python3.8/site-packages/airflow/example_dags/example_complex.py for tasks to queue
[2024-01-10T07:18:51.235+0000] {logging_mixin.py:188} INFO - [2024-01-10T07:18:51.234+0000] {dagbag.py:538} INFO - Filling up the DagBag from /home/airflow/.local/lib/python3.8/site-packages/airflow/example_dags/example_complex.py
[2024-01-10T07:18:51.248+0000] {processor.py:840} INFO - DAG(s) 'example_complex' retrieved from /home/airflow/.local/lib/python3.8/site-packages/airflow/example_dags/example_complex.py
[2024-01-10T07:18:51.274+0000] {logging_mixin.py:188} INFO - [2024-01-10T07:18:51.273+0000] {dag.py:3033} INFO - Sync 1 DAGs
[2024-01-10T07:18:51.283+0000] {logging_mixin.py:188} INFO - [2024-01-10T07:18:51.282+0000] {dag.py:3820} INFO - Setting next_dagrun for example_complex to None, run_after=None
[2024-01-10T07:18:51.296+0000] {processor.py:183} INFO - Processing /home/airflow/.local/lib/python3.8/site-packages/airflow/example_dags/example_complex.py took 0.072 seconds
[2024-01-10T07:19:21.837+0000] {processor.py:161} INFO - Started process (PID=584) to work on /home/airflow/.local/lib/python3.8/site-packages/airflow/example_dags/example_complex.py
[2024-01-10T07:19:21.839+0000] {processor.py:830} INFO - Processing file /home/airflow/.local/lib/python3.8/site-packages/airflow/example_dags/example_complex.py for tasks to queue
[2024-01-10T07:19:21.842+0000] {logging_mixin.py:188} INFO - [2024-01-10T07:19:21.842+0000] {dagbag.py:538} INFO - Filling up the DagBag from /home/airflow/.local/lib/python3.8/site-packages/airflow/example_dags/example_complex.py
[2024-01-10T07:19:21.855+0000] {processor.py:840} INFO - DAG(s) 'example_complex' retrieved from /home/airflow/.local/lib/python3.8/site-packages/airflow/example_dags/example_complex.py
[2024-01-10T07:19:21.880+0000] {logging_mixin.py:188} INFO - [2024-01-10T07:19:21.880+0000] {dag.py:3033} INFO - Sync 1 DAGs
[2024-01-10T07:19:21.889+0000] {logging_mixin.py:188} INFO - [2024-01-10T07:19:21.889+0000] {dag.py:3820} INFO - Setting next_dagrun for example_complex to None, run_after=None
[2024-01-10T07:19:21.901+0000] {processor.py:183} INFO - Processing /home/airflow/.local/lib/python3.8/site-packages/airflow/example_dags/example_complex.py took 0.070 seconds
[2024-01-10T07:19:51.965+0000] {processor.py:161} INFO - Started process (PID=639) to work on /home/airflow/.local/lib/python3.8/site-packages/airflow/example_dags/example_complex.py
[2024-01-10T07:19:51.966+0000] {processor.py:830} INFO - Processing file /home/airflow/.local/lib/python3.8/site-packages/airflow/example_dags/example_complex.py for tasks to queue
[2024-01-10T07:19:51.968+0000] {logging_mixin.py:188} INFO - [2024-01-10T07:19:51.968+0000] {dagbag.py:538} INFO - Filling up the DagBag from /home/airflow/.local/lib/python3.8/site-packages/airflow/example_dags/example_complex.py
[2024-01-10T07:19:51.982+0000] {processor.py:840} INFO - DAG(s) 'example_complex' retrieved from /home/airflow/.local/lib/python3.8/site-packages/airflow/example_dags/example_complex.py
[2024-01-10T07:19:52.054+0000] {logging_mixin.py:188} INFO - [2024-01-10T07:19:52.054+0000] {dag.py:3033} INFO - Sync 1 DAGs
[2024-01-10T07:19:52.109+0000] {logging_mixin.py:188} INFO - [2024-01-10T07:19:52.109+0000] {dag.py:3820} INFO - Setting next_dagrun for example_complex to None, run_after=None
[2024-01-10T07:19:52.145+0000] {processor.py:183} INFO - Processing /home/airflow/.local/lib/python3.8/site-packages/airflow/example_dags/example_complex.py took 0.183 seconds
[2024-01-10T07:20:23.009+0000] {processor.py:161} INFO - Started process (PID=694) to work on /home/airflow/.local/lib/python3.8/site-packages/airflow/example_dags/example_complex.py
[2024-01-10T07:20:23.011+0000] {processor.py:830} INFO - Processing file /home/airflow/.local/lib/python3.8/site-packages/airflow/example_dags/example_complex.py for tasks to queue
[2024-01-10T07:20:23.018+0000] {logging_mixin.py:188} INFO - [2024-01-10T07:20:23.017+0000] {dagbag.py:538} INFO - Filling up the DagBag from /home/airflow/.local/lib/python3.8/site-packages/airflow/example_dags/example_complex.py
[2024-01-10T07:20:23.028+0000] {processor.py:840} INFO - DAG(s) 'example_complex' retrieved from /home/airflow/.local/lib/python3.8/site-packages/airflow/example_dags/example_complex.py
[2024-01-10T07:20:23.057+0000] {logging_mixin.py:188} INFO - [2024-01-10T07:20:23.057+0000] {dag.py:3033} INFO - Sync 1 DAGs
[2024-01-10T07:20:23.069+0000] {logging_mixin.py:188} INFO - [2024-01-10T07:20:23.069+0000] {dag.py:3820} INFO - Setting next_dagrun for example_complex to None, run_after=None
[2024-01-10T07:20:23.089+0000] {processor.py:183} INFO - Processing /home/airflow/.local/lib/python3.8/site-packages/airflow/example_dags/example_complex.py took 0.084 seconds
[2024-01-10T07:20:53.698+0000] {processor.py:161} INFO - Started process (PID=750) to work on /home/airflow/.local/lib/python3.8/site-packages/airflow/example_dags/example_complex.py
[2024-01-10T07:20:53.700+0000] {processor.py:830} INFO - Processing file /home/airflow/.local/lib/python3.8/site-packages/airflow/example_dags/example_complex.py for tasks to queue
[2024-01-10T07:20:53.704+0000] {logging_mixin.py:188} INFO - [2024-01-10T07:20:53.703+0000] {dagbag.py:538} INFO - Filling up the DagBag from /home/airflow/.local/lib/python3.8/site-packages/airflow/example_dags/example_complex.py
[2024-01-10T07:20:53.717+0000] {processor.py:840} INFO - DAG(s) 'example_complex' retrieved from /home/airflow/.local/lib/python3.8/site-packages/airflow/example_dags/example_complex.py
[2024-01-10T07:20:53.743+0000] {logging_mixin.py:188} INFO - [2024-01-10T07:20:53.742+0000] {dag.py:3033} INFO - Sync 1 DAGs
[2024-01-10T07:20:53.752+0000] {logging_mixin.py:188} INFO - [2024-01-10T07:20:53.752+0000] {dag.py:3820} INFO - Setting next_dagrun for example_complex to None, run_after=None
[2024-01-10T07:20:53.766+0000] {processor.py:183} INFO - Processing /home/airflow/.local/lib/python3.8/site-packages/airflow/example_dags/example_complex.py took 0.074 seconds
[2024-01-10T07:21:24.212+0000] {processor.py:161} INFO - Started process (PID=805) to work on /home/airflow/.local/lib/python3.8/site-packages/airflow/example_dags/example_complex.py
[2024-01-10T07:21:24.214+0000] {processor.py:830} INFO - Processing file /home/airflow/.local/lib/python3.8/site-packages/airflow/example_dags/example_complex.py for tasks to queue
[2024-01-10T07:21:24.216+0000] {logging_mixin.py:188} INFO - [2024-01-10T07:21:24.216+0000] {dagbag.py:538} INFO - Filling up the DagBag from /home/airflow/.local/lib/python3.8/site-packages/airflow/example_dags/example_complex.py
[2024-01-10T07:21:24.227+0000] {processor.py:840} INFO - DAG(s) 'example_complex' retrieved from /home/airflow/.local/lib/python3.8/site-packages/airflow/example_dags/example_complex.py
[2024-01-10T07:21:24.261+0000] {logging_mixin.py:188} INFO - [2024-01-10T07:21:24.261+0000] {dag.py:3033} INFO - Sync 1 DAGs
[2024-01-10T07:21:24.273+0000] {logging_mixin.py:188} INFO - [2024-01-10T07:21:24.273+0000] {dag.py:3820} INFO - Setting next_dagrun for example_complex to None, run_after=None
[2024-01-10T07:21:24.296+0000] {processor.py:183} INFO - Processing /home/airflow/.local/lib/python3.8/site-packages/airflow/example_dags/example_complex.py took 0.087 seconds
[2024-01-10T07:21:54.888+0000] {processor.py:161} INFO - Started process (PID=860) to work on /home/airflow/.local/lib/python3.8/site-packages/airflow/example_dags/example_complex.py
[2024-01-10T07:21:54.889+0000] {processor.py:830} INFO - Processing file /home/airflow/.local/lib/python3.8/site-packages/airflow/example_dags/example_complex.py for tasks to queue
[2024-01-10T07:21:54.891+0000] {logging_mixin.py:188} INFO - [2024-01-10T07:21:54.890+0000] {dagbag.py:538} INFO - Filling up the DagBag from /home/airflow/.local/lib/python3.8/site-packages/airflow/example_dags/example_complex.py
[2024-01-10T07:21:54.900+0000] {processor.py:840} INFO - DAG(s) 'example_complex' retrieved from /home/airflow/.local/lib/python3.8/site-packages/airflow/example_dags/example_complex.py
[2024-01-10T07:21:54.927+0000] {logging_mixin.py:188} INFO - [2024-01-10T07:21:54.927+0000] {dag.py:3033} INFO - Sync 1 DAGs
[2024-01-10T07:21:54.937+0000] {logging_mixin.py:188} INFO - [2024-01-10T07:21:54.937+0000] {dag.py:3820} INFO - Setting next_dagrun for example_complex to None, run_after=None
[2024-01-10T07:21:54.955+0000] {processor.py:183} INFO - Processing /home/airflow/.local/lib/python3.8/site-packages/airflow/example_dags/example_complex.py took 0.071 seconds
[2024-01-10T07:22:25.001+0000] {processor.py:161} INFO - Started process (PID=915) to work on /home/airflow/.local/lib/python3.8/site-packages/airflow/example_dags/example_complex.py
[2024-01-10T07:22:25.002+0000] {processor.py:830} INFO - Processing file /home/airflow/.local/lib/python3.8/site-packages/airflow/example_dags/example_complex.py for tasks to queue
[2024-01-10T07:22:25.004+0000] {logging_mixin.py:188} INFO - [2024-01-10T07:22:25.004+0000] {dagbag.py:538} INFO - Filling up the DagBag from /home/airflow/.local/lib/python3.8/site-packages/airflow/example_dags/example_complex.py
[2024-01-10T07:22:25.013+0000] {processor.py:840} INFO - DAG(s) 'example_complex' retrieved from /home/airflow/.local/lib/python3.8/site-packages/airflow/example_dags/example_complex.py
[2024-01-10T07:22:25.038+0000] {logging_mixin.py:188} INFO - [2024-01-10T07:22:25.038+0000] {dag.py:3033} INFO - Sync 1 DAGs
[2024-01-10T07:22:25.047+0000] {logging_mixin.py:188} INFO - [2024-01-10T07:22:25.047+0000] {dag.py:3820} INFO - Setting next_dagrun for example_complex to None, run_after=None
[2024-01-10T07:22:25.060+0000] {processor.py:183} INFO - Processing /home/airflow/.local/lib/python3.8/site-packages/airflow/example_dags/example_complex.py took 0.062 seconds
[2024-01-10T07:22:55.209+0000] {processor.py:161} INFO - Started process (PID=970) to work on /home/airflow/.local/lib/python3.8/site-packages/airflow/example_dags/example_complex.py
[2024-01-10T07:22:55.215+0000] {processor.py:830} INFO - Processing file /home/airflow/.local/lib/python3.8/site-packages/airflow/example_dags/example_complex.py for tasks to queue
[2024-01-10T07:22:55.221+0000] {logging_mixin.py:188} INFO - [2024-01-10T07:22:55.220+0000] {dagbag.py:538} INFO - Filling up the DagBag from /home/airflow/.local/lib/python3.8/site-packages/airflow/example_dags/example_complex.py
[2024-01-10T07:22:55.245+0000] {processor.py:840} INFO - DAG(s) 'example_complex' retrieved from /home/airflow/.local/lib/python3.8/site-packages/airflow/example_dags/example_complex.py
[2024-01-10T07:22:55.320+0000] {logging_mixin.py:188} INFO - [2024-01-10T07:22:55.320+0000] {dag.py:3033} INFO - Sync 1 DAGs
[2024-01-10T07:22:55.347+0000] {logging_mixin.py:188} INFO - [2024-01-10T07:22:55.347+0000] {dag.py:3820} INFO - Setting next_dagrun for example_complex to None, run_after=None
[2024-01-10T07:22:55.386+0000] {processor.py:183} INFO - Processing /home/airflow/.local/lib/python3.8/site-packages/airflow/example_dags/example_complex.py took 0.184 seconds
[2024-01-10T07:23:25.409+0000] {processor.py:161} INFO - Started process (PID=1025) to work on /home/airflow/.local/lib/python3.8/site-packages/airflow/example_dags/example_complex.py
[2024-01-10T07:23:25.410+0000] {processor.py:830} INFO - Processing file /home/airflow/.local/lib/python3.8/site-packages/airflow/example_dags/example_complex.py for tasks to queue
[2024-01-10T07:23:25.414+0000] {logging_mixin.py:188} INFO - [2024-01-10T07:23:25.413+0000] {dagbag.py:538} INFO - Filling up the DagBag from /home/airflow/.local/lib/python3.8/site-packages/airflow/example_dags/example_complex.py
[2024-01-10T07:23:25.422+0000] {processor.py:840} INFO - DAG(s) 'example_complex' retrieved from /home/airflow/.local/lib/python3.8/site-packages/airflow/example_dags/example_complex.py
[2024-01-10T07:23:25.447+0000] {logging_mixin.py:188} INFO - [2024-01-10T07:23:25.447+0000] {dag.py:3033} INFO - Sync 1 DAGs
[2024-01-10T07:23:25.457+0000] {logging_mixin.py:188} INFO - [2024-01-10T07:23:25.456+0000] {dag.py:3820} INFO - Setting next_dagrun for example_complex to None, run_after=None
[2024-01-10T07:23:25.470+0000] {processor.py:183} INFO - Processing /home/airflow/.local/lib/python3.8/site-packages/airflow/example_dags/example_complex.py took 0.065 seconds
[2024-01-10T07:23:56.138+0000] {processor.py:161} INFO - Started process (PID=1080) to work on /home/airflow/.local/lib/python3.8/site-packages/airflow/example_dags/example_complex.py
[2024-01-10T07:23:56.139+0000] {processor.py:830} INFO - Processing file /home/airflow/.local/lib/python3.8/site-packages/airflow/example_dags/example_complex.py for tasks to queue
[2024-01-10T07:23:56.143+0000] {logging_mixin.py:188} INFO - [2024-01-10T07:23:56.142+0000] {dagbag.py:538} INFO - Filling up the DagBag from /home/airflow/.local/lib/python3.8/site-packages/airflow/example_dags/example_complex.py
[2024-01-10T07:23:56.158+0000] {processor.py:840} INFO - DAG(s) 'example_complex' retrieved from /home/airflow/.local/lib/python3.8/site-packages/airflow/example_dags/example_complex.py
[2024-01-10T07:23:56.201+0000] {logging_mixin.py:188} INFO - [2024-01-10T07:23:56.200+0000] {dag.py:3033} INFO - Sync 1 DAGs
[2024-01-10T07:23:56.217+0000] {logging_mixin.py:188} INFO - [2024-01-10T07:23:56.217+0000] {dag.py:3820} INFO - Setting next_dagrun for example_complex to None, run_after=None
[2024-01-10T07:23:56.241+0000] {processor.py:183} INFO - Processing /home/airflow/.local/lib/python3.8/site-packages/airflow/example_dags/example_complex.py took 0.108 seconds
[2024-01-10T07:24:26.289+0000] {processor.py:161} INFO - Started process (PID=1134) to work on /home/airflow/.local/lib/python3.8/site-packages/airflow/example_dags/example_complex.py
[2024-01-10T07:24:26.290+0000] {processor.py:830} INFO - Processing file /home/airflow/.local/lib/python3.8/site-packages/airflow/example_dags/example_complex.py for tasks to queue
[2024-01-10T07:24:26.295+0000] {logging_mixin.py:188} INFO - [2024-01-10T07:24:26.294+0000] {dagbag.py:538} INFO - Filling up the DagBag from /home/airflow/.local/lib/python3.8/site-packages/airflow/example_dags/example_complex.py
[2024-01-10T07:24:26.308+0000] {processor.py:840} INFO - DAG(s) 'example_complex' retrieved from /home/airflow/.local/lib/python3.8/site-packages/airflow/example_dags/example_complex.py
[2024-01-10T07:24:26.335+0000] {logging_mixin.py:188} INFO - [2024-01-10T07:24:26.334+0000] {dag.py:3033} INFO - Sync 1 DAGs
[2024-01-10T07:24:26.344+0000] {logging_mixin.py:188} INFO - [2024-01-10T07:24:26.344+0000] {dag.py:3820} INFO - Setting next_dagrun for example_complex to None, run_after=None
[2024-01-10T07:24:26.358+0000] {processor.py:183} INFO - Processing /home/airflow/.local/lib/python3.8/site-packages/airflow/example_dags/example_complex.py took 0.077 seconds
[2024-01-10T07:24:56.458+0000] {processor.py:161} INFO - Started process (PID=1189) to work on /home/airflow/.local/lib/python3.8/site-packages/airflow/example_dags/example_complex.py
[2024-01-10T07:24:56.461+0000] {processor.py:830} INFO - Processing file /home/airflow/.local/lib/python3.8/site-packages/airflow/example_dags/example_complex.py for tasks to queue
[2024-01-10T07:24:56.465+0000] {logging_mixin.py:188} INFO - [2024-01-10T07:24:56.464+0000] {dagbag.py:538} INFO - Filling up the DagBag from /home/airflow/.local/lib/python3.8/site-packages/airflow/example_dags/example_complex.py
[2024-01-10T07:24:56.485+0000] {processor.py:840} INFO - DAG(s) 'example_complex' retrieved from /home/airflow/.local/lib/python3.8/site-packages/airflow/example_dags/example_complex.py
[2024-01-10T07:24:56.545+0000] {logging_mixin.py:188} INFO - [2024-01-10T07:24:56.544+0000] {dag.py:3033} INFO - Sync 1 DAGs
[2024-01-10T07:24:56.570+0000] {logging_mixin.py:188} INFO - [2024-01-10T07:24:56.570+0000] {dag.py:3820} INFO - Setting next_dagrun for example_complex to None, run_after=None
[2024-01-10T07:24:56.611+0000] {processor.py:183} INFO - Processing /home/airflow/.local/lib/python3.8/site-packages/airflow/example_dags/example_complex.py took 0.161 seconds
[2024-01-10T07:25:26.739+0000] {processor.py:161} INFO - Started process (PID=1244) to work on /home/airflow/.local/lib/python3.8/site-packages/airflow/example_dags/example_complex.py
[2024-01-10T07:25:26.740+0000] {processor.py:830} INFO - Processing file /home/airflow/.local/lib/python3.8/site-packages/airflow/example_dags/example_complex.py for tasks to queue
[2024-01-10T07:25:26.742+0000] {logging_mixin.py:188} INFO - [2024-01-10T07:25:26.742+0000] {dagbag.py:538} INFO - Filling up the DagBag from /home/airflow/.local/lib/python3.8/site-packages/airflow/example_dags/example_complex.py
[2024-01-10T07:25:26.752+0000] {processor.py:840} INFO - DAG(s) 'example_complex' retrieved from /home/airflow/.local/lib/python3.8/site-packages/airflow/example_dags/example_complex.py
[2024-01-10T07:25:26.778+0000] {logging_mixin.py:188} INFO - [2024-01-10T07:25:26.778+0000] {dag.py:3033} INFO - Sync 1 DAGs
[2024-01-10T07:25:26.788+0000] {logging_mixin.py:188} INFO - [2024-01-10T07:25:26.788+0000] {dag.py:3820} INFO - Setting next_dagrun for example_complex to None, run_after=None
[2024-01-10T07:25:26.803+0000] {processor.py:183} INFO - Processing /home/airflow/.local/lib/python3.8/site-packages/airflow/example_dags/example_complex.py took 0.068 seconds
[2024-01-10T07:25:57.005+0000] {processor.py:161} INFO - Started process (PID=1299) to work on /home/airflow/.local/lib/python3.8/site-packages/airflow/example_dags/example_complex.py
[2024-01-10T07:25:57.006+0000] {processor.py:830} INFO - Processing file /home/airflow/.local/lib/python3.8/site-packages/airflow/example_dags/example_complex.py for tasks to queue
[2024-01-10T07:25:57.008+0000] {logging_mixin.py:188} INFO - [2024-01-10T07:25:57.008+0000] {dagbag.py:538} INFO - Filling up the DagBag from /home/airflow/.local/lib/python3.8/site-packages/airflow/example_dags/example_complex.py
[2024-01-10T07:25:57.017+0000] {processor.py:840} INFO - DAG(s) 'example_complex' retrieved from /home/airflow/.local/lib/python3.8/site-packages/airflow/example_dags/example_complex.py
[2024-01-10T07:25:57.042+0000] {logging_mixin.py:188} INFO - [2024-01-10T07:25:57.041+0000] {dag.py:3033} INFO - Sync 1 DAGs
[2024-01-10T07:25:57.051+0000] {logging_mixin.py:188} INFO - [2024-01-10T07:25:57.050+0000] {dag.py:3820} INFO - Setting next_dagrun for example_complex to None, run_after=None
[2024-01-10T07:25:57.064+0000] {processor.py:183} INFO - Processing /home/airflow/.local/lib/python3.8/site-packages/airflow/example_dags/example_complex.py took 0.063 seconds
[2024-01-10T07:26:27.194+0000] {processor.py:161} INFO - Started process (PID=1354) to work on /home/airflow/.local/lib/python3.8/site-packages/airflow/example_dags/example_complex.py
[2024-01-10T07:26:27.195+0000] {processor.py:830} INFO - Processing file /home/airflow/.local/lib/python3.8/site-packages/airflow/example_dags/example_complex.py for tasks to queue
[2024-01-10T07:26:27.197+0000] {logging_mixin.py:188} INFO - [2024-01-10T07:26:27.197+0000] {dagbag.py:538} INFO - Filling up the DagBag from /home/airflow/.local/lib/python3.8/site-packages/airflow/example_dags/example_complex.py
[2024-01-10T07:26:27.206+0000] {processor.py:840} INFO - DAG(s) 'example_complex' retrieved from /home/airflow/.local/lib/python3.8/site-packages/airflow/example_dags/example_complex.py
[2024-01-10T07:26:27.230+0000] {logging_mixin.py:188} INFO - [2024-01-10T07:26:27.230+0000] {dag.py:3033} INFO - Sync 1 DAGs
[2024-01-10T07:26:27.241+0000] {logging_mixin.py:188} INFO - [2024-01-10T07:26:27.240+0000] {dag.py:3820} INFO - Setting next_dagrun for example_complex to None, run_after=None
[2024-01-10T07:26:27.256+0000] {processor.py:183} INFO - Processing /home/airflow/.local/lib/python3.8/site-packages/airflow/example_dags/example_complex.py took 0.066 seconds
[2024-01-10T07:26:57.353+0000] {processor.py:161} INFO - Started process (PID=1409) to work on /home/airflow/.local/lib/python3.8/site-packages/airflow/example_dags/example_complex.py
[2024-01-10T07:26:57.354+0000] {processor.py:830} INFO - Processing file /home/airflow/.local/lib/python3.8/site-packages/airflow/example_dags/example_complex.py for tasks to queue
[2024-01-10T07:26:57.356+0000] {logging_mixin.py:188} INFO - [2024-01-10T07:26:57.356+0000] {dagbag.py:538} INFO - Filling up the DagBag from /home/airflow/.local/lib/python3.8/site-packages/airflow/example_dags/example_complex.py
[2024-01-10T07:26:57.366+0000] {processor.py:840} INFO - DAG(s) 'example_complex' retrieved from /home/airflow/.local/lib/python3.8/site-packages/airflow/example_dags/example_complex.py
[2024-01-10T07:26:57.403+0000] {logging_mixin.py:188} INFO - [2024-01-10T07:26:57.403+0000] {dag.py:3033} INFO - Sync 1 DAGs
[2024-01-10T07:26:57.421+0000] {logging_mixin.py:188} INFO - [2024-01-10T07:26:57.421+0000] {dag.py:3820} INFO - Setting next_dagrun for example_complex to None, run_after=None
[2024-01-10T07:26:57.442+0000] {processor.py:183} INFO - Processing /home/airflow/.local/lib/python3.8/site-packages/airflow/example_dags/example_complex.py took 0.093 seconds
[2024-01-10T07:27:27.643+0000] {processor.py:161} INFO - Started process (PID=1470) to work on /home/airflow/.local/lib/python3.8/site-packages/airflow/example_dags/example_complex.py
[2024-01-10T07:27:27.644+0000] {processor.py:830} INFO - Processing file /home/airflow/.local/lib/python3.8/site-packages/airflow/example_dags/example_complex.py for tasks to queue
[2024-01-10T07:27:27.646+0000] {logging_mixin.py:188} INFO - [2024-01-10T07:27:27.646+0000] {dagbag.py:538} INFO - Filling up the DagBag from /home/airflow/.local/lib/python3.8/site-packages/airflow/example_dags/example_complex.py
[2024-01-10T07:27:27.654+0000] {processor.py:840} INFO - DAG(s) 'example_complex' retrieved from /home/airflow/.local/lib/python3.8/site-packages/airflow/example_dags/example_complex.py
[2024-01-10T07:27:27.677+0000] {logging_mixin.py:188} INFO - [2024-01-10T07:27:27.677+0000] {dag.py:3033} INFO - Sync 1 DAGs
[2024-01-10T07:27:27.686+0000] {logging_mixin.py:188} INFO - [2024-01-10T07:27:27.686+0000] {dag.py:3820} INFO - Setting next_dagrun for example_complex to None, run_after=None
[2024-01-10T07:27:27.701+0000] {processor.py:183} INFO - Processing /home/airflow/.local/lib/python3.8/site-packages/airflow/example_dags/example_complex.py took 0.060 seconds
[2024-01-10T07:27:58.332+0000] {processor.py:161} INFO - Started process (PID=1525) to work on /home/airflow/.local/lib/python3.8/site-packages/airflow/example_dags/example_complex.py
[2024-01-10T07:27:58.333+0000] {processor.py:830} INFO - Processing file /home/airflow/.local/lib/python3.8/site-packages/airflow/example_dags/example_complex.py for tasks to queue
[2024-01-10T07:27:58.336+0000] {logging_mixin.py:188} INFO - [2024-01-10T07:27:58.335+0000] {dagbag.py:538} INFO - Filling up the DagBag from /home/airflow/.local/lib/python3.8/site-packages/airflow/example_dags/example_complex.py
[2024-01-10T07:27:58.345+0000] {processor.py:840} INFO - DAG(s) 'example_complex' retrieved from /home/airflow/.local/lib/python3.8/site-packages/airflow/example_dags/example_complex.py
[2024-01-10T07:27:58.369+0000] {logging_mixin.py:188} INFO - [2024-01-10T07:27:58.369+0000] {dag.py:3033} INFO - Sync 1 DAGs
[2024-01-10T07:27:58.378+0000] {logging_mixin.py:188} INFO - [2024-01-10T07:27:58.378+0000] {dag.py:3820} INFO - Setting next_dagrun for example_complex to None, run_after=None
[2024-01-10T07:27:58.394+0000] {processor.py:183} INFO - Processing /home/airflow/.local/lib/python3.8/site-packages/airflow/example_dags/example_complex.py took 0.066 seconds
[2024-01-10T07:28:28.470+0000] {processor.py:161} INFO - Started process (PID=1580) to work on /home/airflow/.local/lib/python3.8/site-packages/airflow/example_dags/example_complex.py
[2024-01-10T07:28:28.471+0000] {processor.py:830} INFO - Processing file /home/airflow/.local/lib/python3.8/site-packages/airflow/example_dags/example_complex.py for tasks to queue
[2024-01-10T07:28:28.474+0000] {logging_mixin.py:188} INFO - [2024-01-10T07:28:28.474+0000] {dagbag.py:538} INFO - Filling up the DagBag from /home/airflow/.local/lib/python3.8/site-packages/airflow/example_dags/example_complex.py
[2024-01-10T07:28:28.485+0000] {processor.py:840} INFO - DAG(s) 'example_complex' retrieved from /home/airflow/.local/lib/python3.8/site-packages/airflow/example_dags/example_complex.py
[2024-01-10T07:28:28.510+0000] {logging_mixin.py:188} INFO - [2024-01-10T07:28:28.510+0000] {dag.py:3033} INFO - Sync 1 DAGs
[2024-01-10T07:28:28.519+0000] {logging_mixin.py:188} INFO - [2024-01-10T07:28:28.519+0000] {dag.py:3820} INFO - Setting next_dagrun for example_complex to None, run_after=None
[2024-01-10T07:28:28.535+0000] {processor.py:183} INFO - Processing /home/airflow/.local/lib/python3.8/site-packages/airflow/example_dags/example_complex.py took 0.069 seconds
[2024-01-10T07:28:58.597+0000] {processor.py:161} INFO - Started process (PID=1635) to work on /home/airflow/.local/lib/python3.8/site-packages/airflow/example_dags/example_complex.py
[2024-01-10T07:28:58.598+0000] {processor.py:830} INFO - Processing file /home/airflow/.local/lib/python3.8/site-packages/airflow/example_dags/example_complex.py for tasks to queue
[2024-01-10T07:28:58.601+0000] {logging_mixin.py:188} INFO - [2024-01-10T07:28:58.600+0000] {dagbag.py:538} INFO - Filling up the DagBag from /home/airflow/.local/lib/python3.8/site-packages/airflow/example_dags/example_complex.py
[2024-01-10T07:28:58.611+0000] {processor.py:840} INFO - DAG(s) 'example_complex' retrieved from /home/airflow/.local/lib/python3.8/site-packages/airflow/example_dags/example_complex.py
[2024-01-10T07:28:58.641+0000] {logging_mixin.py:188} INFO - [2024-01-10T07:28:58.641+0000] {dag.py:3033} INFO - Sync 1 DAGs
[2024-01-10T07:28:58.652+0000] {logging_mixin.py:188} INFO - [2024-01-10T07:28:58.652+0000] {dag.py:3820} INFO - Setting next_dagrun for example_complex to None, run_after=None
[2024-01-10T07:28:58.669+0000] {processor.py:183} INFO - Processing /home/airflow/.local/lib/python3.8/site-packages/airflow/example_dags/example_complex.py took 0.075 seconds
[2024-01-10T07:29:29.052+0000] {processor.py:161} INFO - Started process (PID=1690) to work on /home/airflow/.local/lib/python3.8/site-packages/airflow/example_dags/example_complex.py
[2024-01-10T07:29:29.054+0000] {processor.py:830} INFO - Processing file /home/airflow/.local/lib/python3.8/site-packages/airflow/example_dags/example_complex.py for tasks to queue
[2024-01-10T07:29:29.056+0000] {logging_mixin.py:188} INFO - [2024-01-10T07:29:29.056+0000] {dagbag.py:538} INFO - Filling up the DagBag from /home/airflow/.local/lib/python3.8/site-packages/airflow/example_dags/example_complex.py
[2024-01-10T07:29:29.070+0000] {processor.py:840} INFO - DAG(s) 'example_complex' retrieved from /home/airflow/.local/lib/python3.8/site-packages/airflow/example_dags/example_complex.py
[2024-01-10T07:29:29.111+0000] {logging_mixin.py:188} INFO - [2024-01-10T07:29:29.110+0000] {dag.py:3033} INFO - Sync 1 DAGs
[2024-01-10T07:29:29.129+0000] {logging_mixin.py:188} INFO - [2024-01-10T07:29:29.129+0000] {dag.py:3820} INFO - Setting next_dagrun for example_complex to None, run_after=None
[2024-01-10T07:29:29.162+0000] {processor.py:183} INFO - Processing /home/airflow/.local/lib/python3.8/site-packages/airflow/example_dags/example_complex.py took 0.113 seconds
[2024-01-10T07:29:59.715+0000] {processor.py:161} INFO - Started process (PID=1745) to work on /home/airflow/.local/lib/python3.8/site-packages/airflow/example_dags/example_complex.py
[2024-01-10T07:29:59.716+0000] {processor.py:830} INFO - Processing file /home/airflow/.local/lib/python3.8/site-packages/airflow/example_dags/example_complex.py for tasks to queue
[2024-01-10T07:29:59.718+0000] {logging_mixin.py:188} INFO - [2024-01-10T07:29:59.718+0000] {dagbag.py:538} INFO - Filling up the DagBag from /home/airflow/.local/lib/python3.8/site-packages/airflow/example_dags/example_complex.py
[2024-01-10T07:29:59.728+0000] {processor.py:840} INFO - DAG(s) 'example_complex' retrieved from /home/airflow/.local/lib/python3.8/site-packages/airflow/example_dags/example_complex.py
[2024-01-10T07:29:59.755+0000] {logging_mixin.py:188} INFO - [2024-01-10T07:29:59.755+0000] {dag.py:3033} INFO - Sync 1 DAGs
[2024-01-10T07:29:59.767+0000] {logging_mixin.py:188} INFO - [2024-01-10T07:29:59.767+0000] {dag.py:3820} INFO - Setting next_dagrun for example_complex to None, run_after=None
[2024-01-10T07:29:59.783+0000] {processor.py:183} INFO - Processing /home/airflow/.local/lib/python3.8/site-packages/airflow/example_dags/example_complex.py took 0.071 seconds
[2024-01-10T07:30:29.875+0000] {processor.py:161} INFO - Started process (PID=1800) to work on /home/airflow/.local/lib/python3.8/site-packages/airflow/example_dags/example_complex.py
[2024-01-10T07:30:29.876+0000] {processor.py:830} INFO - Processing file /home/airflow/.local/lib/python3.8/site-packages/airflow/example_dags/example_complex.py for tasks to queue
[2024-01-10T07:30:29.878+0000] {logging_mixin.py:188} INFO - [2024-01-10T07:30:29.878+0000] {dagbag.py:538} INFO - Filling up the DagBag from /home/airflow/.local/lib/python3.8/site-packages/airflow/example_dags/example_complex.py
[2024-01-10T07:30:29.890+0000] {processor.py:840} INFO - DAG(s) 'example_complex' retrieved from /home/airflow/.local/lib/python3.8/site-packages/airflow/example_dags/example_complex.py
[2024-01-10T07:30:29.914+0000] {logging_mixin.py:188} INFO - [2024-01-10T07:30:29.914+0000] {dag.py:3033} INFO - Sync 1 DAGs
[2024-01-10T07:30:29.924+0000] {logging_mixin.py:188} INFO - [2024-01-10T07:30:29.924+0000] {dag.py:3820} INFO - Setting next_dagrun for example_complex to None, run_after=None
[2024-01-10T07:30:29.937+0000] {processor.py:183} INFO - Processing /home/airflow/.local/lib/python3.8/site-packages/airflow/example_dags/example_complex.py took 0.068 seconds
[2024-01-10T07:31:00.406+0000] {processor.py:161} INFO - Started process (PID=1855) to work on /home/airflow/.local/lib/python3.8/site-packages/airflow/example_dags/example_complex.py
[2024-01-10T07:31:00.406+0000] {processor.py:830} INFO - Processing file /home/airflow/.local/lib/python3.8/site-packages/airflow/example_dags/example_complex.py for tasks to queue
[2024-01-10T07:31:00.408+0000] {logging_mixin.py:188} INFO - [2024-01-10T07:31:00.408+0000] {dagbag.py:538} INFO - Filling up the DagBag from /home/airflow/.local/lib/python3.8/site-packages/airflow/example_dags/example_complex.py
[2024-01-10T07:31:00.417+0000] {processor.py:840} INFO - DAG(s) 'example_complex' retrieved from /home/airflow/.local/lib/python3.8/site-packages/airflow/example_dags/example_complex.py
[2024-01-10T07:31:00.440+0000] {logging_mixin.py:188} INFO - [2024-01-10T07:31:00.440+0000] {dag.py:3033} INFO - Sync 1 DAGs
[2024-01-10T07:31:00.449+0000] {logging_mixin.py:188} INFO - [2024-01-10T07:31:00.449+0000] {dag.py:3820} INFO - Setting next_dagrun for example_complex to None, run_after=None
[2024-01-10T07:31:00.462+0000] {processor.py:183} INFO - Processing /home/airflow/.local/lib/python3.8/site-packages/airflow/example_dags/example_complex.py took 0.059 seconds
[2024-01-10T07:31:30.633+0000] {processor.py:161} INFO - Started process (PID=1910) to work on /home/airflow/.local/lib/python3.8/site-packages/airflow/example_dags/example_complex.py
[2024-01-10T07:31:30.634+0000] {processor.py:830} INFO - Processing file /home/airflow/.local/lib/python3.8/site-packages/airflow/example_dags/example_complex.py for tasks to queue
[2024-01-10T07:31:30.636+0000] {logging_mixin.py:188} INFO - [2024-01-10T07:31:30.636+0000] {dagbag.py:538} INFO - Filling up the DagBag from /home/airflow/.local/lib/python3.8/site-packages/airflow/example_dags/example_complex.py
[2024-01-10T07:31:30.645+0000] {processor.py:840} INFO - DAG(s) 'example_complex' retrieved from /home/airflow/.local/lib/python3.8/site-packages/airflow/example_dags/example_complex.py
[2024-01-10T07:31:30.667+0000] {logging_mixin.py:188} INFO - [2024-01-10T07:31:30.667+0000] {dag.py:3033} INFO - Sync 1 DAGs
[2024-01-10T07:31:30.676+0000] {logging_mixin.py:188} INFO - [2024-01-10T07:31:30.676+0000] {dag.py:3820} INFO - Setting next_dagrun for example_complex to None, run_after=None
[2024-01-10T07:31:30.690+0000] {processor.py:183} INFO - Processing /home/airflow/.local/lib/python3.8/site-packages/airflow/example_dags/example_complex.py took 0.059 seconds
[2024-01-10T07:32:00.836+0000] {processor.py:161} INFO - Started process (PID=1965) to work on /home/airflow/.local/lib/python3.8/site-packages/airflow/example_dags/example_complex.py
[2024-01-10T07:32:00.838+0000] {processor.py:830} INFO - Processing file /home/airflow/.local/lib/python3.8/site-packages/airflow/example_dags/example_complex.py for tasks to queue
[2024-01-10T07:32:00.841+0000] {logging_mixin.py:188} INFO - [2024-01-10T07:32:00.841+0000] {dagbag.py:538} INFO - Filling up the DagBag from /home/airflow/.local/lib/python3.8/site-packages/airflow/example_dags/example_complex.py
[2024-01-10T07:32:00.854+0000] {processor.py:840} INFO - DAG(s) 'example_complex' retrieved from /home/airflow/.local/lib/python3.8/site-packages/airflow/example_dags/example_complex.py
[2024-01-10T07:32:00.879+0000] {logging_mixin.py:188} INFO - [2024-01-10T07:32:00.879+0000] {dag.py:3033} INFO - Sync 1 DAGs
[2024-01-10T07:32:00.888+0000] {logging_mixin.py:188} INFO - [2024-01-10T07:32:00.888+0000] {dag.py:3820} INFO - Setting next_dagrun for example_complex to None, run_after=None
[2024-01-10T07:32:00.903+0000] {processor.py:183} INFO - Processing /home/airflow/.local/lib/python3.8/site-packages/airflow/example_dags/example_complex.py took 0.074 seconds
[2024-01-10T08:12:02.707+0000] {processor.py:161} INFO - Started process (PID=39) to work on /home/airflow/.local/lib/python3.8/site-packages/airflow/example_dags/example_complex.py
[2024-01-10T08:12:02.708+0000] {processor.py:830} INFO - Processing file /home/airflow/.local/lib/python3.8/site-packages/airflow/example_dags/example_complex.py for tasks to queue
[2024-01-10T08:12:02.711+0000] {logging_mixin.py:188} INFO - [2024-01-10T08:12:02.711+0000] {dagbag.py:538} INFO - Filling up the DagBag from /home/airflow/.local/lib/python3.8/site-packages/airflow/example_dags/example_complex.py
[2024-01-10T08:12:02.729+0000] {processor.py:840} INFO - DAG(s) 'example_complex' retrieved from /home/airflow/.local/lib/python3.8/site-packages/airflow/example_dags/example_complex.py
[2024-01-10T08:12:02.921+0000] {logging_mixin.py:188} INFO - [2024-01-10T08:12:02.921+0000] {override.py:1769} INFO - Created Permission View: can edit on DAG:example_complex
[2024-01-10T08:12:02.933+0000] {logging_mixin.py:188} INFO - [2024-01-10T08:12:02.933+0000] {override.py:1769} INFO - Created Permission View: can read on DAG:example_complex
[2024-01-10T08:12:02.941+0000] {logging_mixin.py:188} INFO - [2024-01-10T08:12:02.940+0000] {override.py:1769} INFO - Created Permission View: can delete on DAG:example_complex
[2024-01-10T08:12:02.941+0000] {logging_mixin.py:188} INFO - [2024-01-10T08:12:02.941+0000] {dag.py:3033} INFO - Sync 1 DAGs
[2024-01-10T08:12:02.959+0000] {logging_mixin.py:188} INFO - [2024-01-10T08:12:02.958+0000] {dag.py:3055} INFO - Creating ORM DAG for example_complex
[2024-01-10T08:12:02.960+0000] {logging_mixin.py:188} INFO - [2024-01-10T08:12:02.960+0000] {dag.py:3820} INFO - Setting next_dagrun for example_complex to None, run_after=None
[2024-01-10T08:12:02.986+0000] {processor.py:183} INFO - Processing /home/airflow/.local/lib/python3.8/site-packages/airflow/example_dags/example_complex.py took 0.284 seconds
[2024-01-10T08:13:12.109+0000] {processor.py:161} INFO - Started process (PID=39) to work on /home/airflow/.local/lib/python3.8/site-packages/airflow/example_dags/example_complex.py
[2024-01-10T08:13:12.111+0000] {processor.py:830} INFO - Processing file /home/airflow/.local/lib/python3.8/site-packages/airflow/example_dags/example_complex.py for tasks to queue
[2024-01-10T08:13:12.114+0000] {logging_mixin.py:188} INFO - [2024-01-10T08:13:12.113+0000] {dagbag.py:538} INFO - Filling up the DagBag from /home/airflow/.local/lib/python3.8/site-packages/airflow/example_dags/example_complex.py
[2024-01-10T08:13:12.134+0000] {processor.py:840} INFO - DAG(s) 'example_complex' retrieved from /home/airflow/.local/lib/python3.8/site-packages/airflow/example_dags/example_complex.py
[2024-01-10T08:13:12.153+0000] {logging_mixin.py:188} INFO - [2024-01-10T08:13:12.153+0000] {dag.py:3033} INFO - Sync 1 DAGs
[2024-01-10T08:13:12.172+0000] {logging_mixin.py:188} INFO - [2024-01-10T08:13:12.172+0000] {dag.py:3820} INFO - Setting next_dagrun for example_complex to None, run_after=None
[2024-01-10T08:13:12.211+0000] {processor.py:183} INFO - Processing /home/airflow/.local/lib/python3.8/site-packages/airflow/example_dags/example_complex.py took 0.110 seconds
[2024-01-10T08:16:52.297+0000] {processor.py:161} INFO - Started process (PID=47) to work on /home/airflow/.local/lib/python3.8/site-packages/airflow/example_dags/example_complex.py
[2024-01-10T08:16:52.300+0000] {processor.py:830} INFO - Processing file /home/airflow/.local/lib/python3.8/site-packages/airflow/example_dags/example_complex.py for tasks to queue
[2024-01-10T08:16:52.304+0000] {logging_mixin.py:188} INFO - [2024-01-10T08:16:52.304+0000] {dagbag.py:538} INFO - Filling up the DagBag from /home/airflow/.local/lib/python3.8/site-packages/airflow/example_dags/example_complex.py
[2024-01-10T08:16:52.324+0000] {processor.py:840} INFO - DAG(s) 'example_complex' retrieved from /home/airflow/.local/lib/python3.8/site-packages/airflow/example_dags/example_complex.py
[2024-01-10T08:16:52.550+0000] {logging_mixin.py:188} INFO - [2024-01-10T08:16:52.549+0000] {override.py:1769} INFO - Created Permission View: can delete on DAG:example_complex
[2024-01-10T08:16:52.569+0000] {logging_mixin.py:188} INFO - [2024-01-10T08:16:52.568+0000] {override.py:1769} INFO - Created Permission View: can edit on DAG:example_complex
[2024-01-10T08:16:52.582+0000] {logging_mixin.py:188} INFO - [2024-01-10T08:16:52.582+0000] {override.py:1769} INFO - Created Permission View: can read on DAG:example_complex
[2024-01-10T08:16:52.584+0000] {logging_mixin.py:188} INFO - [2024-01-10T08:16:52.584+0000] {dag.py:3033} INFO - Sync 1 DAGs
[2024-01-10T08:16:52.613+0000] {logging_mixin.py:188} INFO - [2024-01-10T08:16:52.613+0000] {dag.py:3055} INFO - Creating ORM DAG for example_complex
[2024-01-10T08:16:52.616+0000] {logging_mixin.py:188} INFO - [2024-01-10T08:16:52.615+0000] {dag.py:3820} INFO - Setting next_dagrun for example_complex to None, run_after=None
[2024-01-10T08:16:52.657+0000] {processor.py:183} INFO - Processing /home/airflow/.local/lib/python3.8/site-packages/airflow/example_dags/example_complex.py took 0.368 seconds
[2024-01-10T08:17:23.605+0000] {processor.py:161} INFO - Started process (PID=102) to work on /home/airflow/.local/lib/python3.8/site-packages/airflow/example_dags/example_complex.py
[2024-01-10T08:17:23.607+0000] {processor.py:830} INFO - Processing file /home/airflow/.local/lib/python3.8/site-packages/airflow/example_dags/example_complex.py for tasks to queue
[2024-01-10T08:17:23.610+0000] {logging_mixin.py:188} INFO - [2024-01-10T08:17:23.610+0000] {dagbag.py:538} INFO - Filling up the DagBag from /home/airflow/.local/lib/python3.8/site-packages/airflow/example_dags/example_complex.py
[2024-01-10T08:17:23.623+0000] {processor.py:840} INFO - DAG(s) 'example_complex' retrieved from /home/airflow/.local/lib/python3.8/site-packages/airflow/example_dags/example_complex.py
[2024-01-10T08:17:23.648+0000] {logging_mixin.py:188} INFO - [2024-01-10T08:17:23.647+0000] {dag.py:3033} INFO - Sync 1 DAGs
[2024-01-10T08:17:23.656+0000] {logging_mixin.py:188} INFO - [2024-01-10T08:17:23.656+0000] {dag.py:3820} INFO - Setting next_dagrun for example_complex to None, run_after=None
[2024-01-10T08:17:23.670+0000] {processor.py:183} INFO - Processing /home/airflow/.local/lib/python3.8/site-packages/airflow/example_dags/example_complex.py took 0.070 seconds
[2024-01-10T08:17:53.822+0000] {processor.py:161} INFO - Started process (PID=157) to work on /home/airflow/.local/lib/python3.8/site-packages/airflow/example_dags/example_complex.py
[2024-01-10T08:17:53.824+0000] {processor.py:830} INFO - Processing file /home/airflow/.local/lib/python3.8/site-packages/airflow/example_dags/example_complex.py for tasks to queue
[2024-01-10T08:17:53.827+0000] {logging_mixin.py:188} INFO - [2024-01-10T08:17:53.827+0000] {dagbag.py:538} INFO - Filling up the DagBag from /home/airflow/.local/lib/python3.8/site-packages/airflow/example_dags/example_complex.py
[2024-01-10T08:17:53.840+0000] {processor.py:840} INFO - DAG(s) 'example_complex' retrieved from /home/airflow/.local/lib/python3.8/site-packages/airflow/example_dags/example_complex.py
[2024-01-10T08:17:53.865+0000] {logging_mixin.py:188} INFO - [2024-01-10T08:17:53.865+0000] {dag.py:3033} INFO - Sync 1 DAGs
[2024-01-10T08:17:53.874+0000] {logging_mixin.py:188} INFO - [2024-01-10T08:17:53.874+0000] {dag.py:3820} INFO - Setting next_dagrun for example_complex to None, run_after=None
[2024-01-10T08:17:53.887+0000] {processor.py:183} INFO - Processing /home/airflow/.local/lib/python3.8/site-packages/airflow/example_dags/example_complex.py took 0.071 seconds
[2024-01-10T08:18:24.233+0000] {processor.py:161} INFO - Started process (PID=212) to work on /home/airflow/.local/lib/python3.8/site-packages/airflow/example_dags/example_complex.py
[2024-01-10T08:18:24.235+0000] {processor.py:830} INFO - Processing file /home/airflow/.local/lib/python3.8/site-packages/airflow/example_dags/example_complex.py for tasks to queue
[2024-01-10T08:18:24.239+0000] {logging_mixin.py:188} INFO - [2024-01-10T08:18:24.239+0000] {dagbag.py:538} INFO - Filling up the DagBag from /home/airflow/.local/lib/python3.8/site-packages/airflow/example_dags/example_complex.py
[2024-01-10T08:18:24.253+0000] {processor.py:840} INFO - DAG(s) 'example_complex' retrieved from /home/airflow/.local/lib/python3.8/site-packages/airflow/example_dags/example_complex.py
[2024-01-10T08:18:24.279+0000] {logging_mixin.py:188} INFO - [2024-01-10T08:18:24.279+0000] {dag.py:3033} INFO - Sync 1 DAGs
[2024-01-10T08:18:24.288+0000] {logging_mixin.py:188} INFO - [2024-01-10T08:18:24.288+0000] {dag.py:3820} INFO - Setting next_dagrun for example_complex to None, run_after=None
[2024-01-10T08:18:24.303+0000] {processor.py:183} INFO - Processing /home/airflow/.local/lib/python3.8/site-packages/airflow/example_dags/example_complex.py took 0.077 seconds
[2024-01-10T08:18:54.533+0000] {processor.py:161} INFO - Started process (PID=267) to work on /home/airflow/.local/lib/python3.8/site-packages/airflow/example_dags/example_complex.py
[2024-01-10T08:18:54.534+0000] {processor.py:830} INFO - Processing file /home/airflow/.local/lib/python3.8/site-packages/airflow/example_dags/example_complex.py for tasks to queue
[2024-01-10T08:18:54.537+0000] {logging_mixin.py:188} INFO - [2024-01-10T08:18:54.537+0000] {dagbag.py:538} INFO - Filling up the DagBag from /home/airflow/.local/lib/python3.8/site-packages/airflow/example_dags/example_complex.py
[2024-01-10T08:18:54.548+0000] {processor.py:840} INFO - DAG(s) 'example_complex' retrieved from /home/airflow/.local/lib/python3.8/site-packages/airflow/example_dags/example_complex.py
[2024-01-10T08:18:54.572+0000] {logging_mixin.py:188} INFO - [2024-01-10T08:18:54.572+0000] {dag.py:3033} INFO - Sync 1 DAGs
[2024-01-10T08:18:54.581+0000] {logging_mixin.py:188} INFO - [2024-01-10T08:18:54.581+0000] {dag.py:3820} INFO - Setting next_dagrun for example_complex to None, run_after=None
[2024-01-10T08:18:54.596+0000] {processor.py:183} INFO - Processing /home/airflow/.local/lib/python3.8/site-packages/airflow/example_dags/example_complex.py took 0.069 seconds
[2024-01-10T08:19:24.797+0000] {processor.py:161} INFO - Started process (PID=322) to work on /home/airflow/.local/lib/python3.8/site-packages/airflow/example_dags/example_complex.py
[2024-01-10T08:19:24.799+0000] {processor.py:830} INFO - Processing file /home/airflow/.local/lib/python3.8/site-packages/airflow/example_dags/example_complex.py for tasks to queue
[2024-01-10T08:19:24.803+0000] {logging_mixin.py:188} INFO - [2024-01-10T08:19:24.802+0000] {dagbag.py:538} INFO - Filling up the DagBag from /home/airflow/.local/lib/python3.8/site-packages/airflow/example_dags/example_complex.py
[2024-01-10T08:19:24.816+0000] {processor.py:840} INFO - DAG(s) 'example_complex' retrieved from /home/airflow/.local/lib/python3.8/site-packages/airflow/example_dags/example_complex.py
[2024-01-10T08:19:24.841+0000] {logging_mixin.py:188} INFO - [2024-01-10T08:19:24.841+0000] {dag.py:3033} INFO - Sync 1 DAGs
[2024-01-10T08:19:24.850+0000] {logging_mixin.py:188} INFO - [2024-01-10T08:19:24.849+0000] {dag.py:3820} INFO - Setting next_dagrun for example_complex to None, run_after=None
[2024-01-10T08:19:24.863+0000] {processor.py:183} INFO - Processing /home/airflow/.local/lib/python3.8/site-packages/airflow/example_dags/example_complex.py took 0.072 seconds
[2024-01-10T08:19:55.113+0000] {processor.py:161} INFO - Started process (PID=377) to work on /home/airflow/.local/lib/python3.8/site-packages/airflow/example_dags/example_complex.py
[2024-01-10T08:19:55.115+0000] {processor.py:830} INFO - Processing file /home/airflow/.local/lib/python3.8/site-packages/airflow/example_dags/example_complex.py for tasks to queue
[2024-01-10T08:19:55.119+0000] {logging_mixin.py:188} INFO - [2024-01-10T08:19:55.119+0000] {dagbag.py:538} INFO - Filling up the DagBag from /home/airflow/.local/lib/python3.8/site-packages/airflow/example_dags/example_complex.py
[2024-01-10T08:19:55.139+0000] {processor.py:840} INFO - DAG(s) 'example_complex' retrieved from /home/airflow/.local/lib/python3.8/site-packages/airflow/example_dags/example_complex.py
[2024-01-10T08:19:55.167+0000] {logging_mixin.py:188} INFO - [2024-01-10T08:19:55.167+0000] {dag.py:3033} INFO - Sync 1 DAGs
[2024-01-10T08:19:55.177+0000] {logging_mixin.py:188} INFO - [2024-01-10T08:19:55.177+0000] {dag.py:3820} INFO - Setting next_dagrun for example_complex to None, run_after=None
[2024-01-10T08:19:55.195+0000] {processor.py:183} INFO - Processing /home/airflow/.local/lib/python3.8/site-packages/airflow/example_dags/example_complex.py took 0.089 seconds
[2024-01-10T08:20:25.523+0000] {processor.py:161} INFO - Started process (PID=432) to work on /home/airflow/.local/lib/python3.8/site-packages/airflow/example_dags/example_complex.py
[2024-01-10T08:20:25.525+0000] {processor.py:830} INFO - Processing file /home/airflow/.local/lib/python3.8/site-packages/airflow/example_dags/example_complex.py for tasks to queue
[2024-01-10T08:20:25.528+0000] {logging_mixin.py:188} INFO - [2024-01-10T08:20:25.528+0000] {dagbag.py:538} INFO - Filling up the DagBag from /home/airflow/.local/lib/python3.8/site-packages/airflow/example_dags/example_complex.py
[2024-01-10T08:20:25.541+0000] {processor.py:840} INFO - DAG(s) 'example_complex' retrieved from /home/airflow/.local/lib/python3.8/site-packages/airflow/example_dags/example_complex.py
[2024-01-10T08:20:25.566+0000] {logging_mixin.py:188} INFO - [2024-01-10T08:20:25.566+0000] {dag.py:3033} INFO - Sync 1 DAGs
[2024-01-10T08:20:25.575+0000] {logging_mixin.py:188} INFO - [2024-01-10T08:20:25.574+0000] {dag.py:3820} INFO - Setting next_dagrun for example_complex to None, run_after=None
[2024-01-10T08:20:25.588+0000] {processor.py:183} INFO - Processing /home/airflow/.local/lib/python3.8/site-packages/airflow/example_dags/example_complex.py took 0.071 seconds
[2024-01-10T08:20:55.658+0000] {processor.py:161} INFO - Started process (PID=487) to work on /home/airflow/.local/lib/python3.8/site-packages/airflow/example_dags/example_complex.py
[2024-01-10T08:20:55.660+0000] {processor.py:830} INFO - Processing file /home/airflow/.local/lib/python3.8/site-packages/airflow/example_dags/example_complex.py for tasks to queue
[2024-01-10T08:20:55.664+0000] {logging_mixin.py:188} INFO - [2024-01-10T08:20:55.663+0000] {dagbag.py:538} INFO - Filling up the DagBag from /home/airflow/.local/lib/python3.8/site-packages/airflow/example_dags/example_complex.py
[2024-01-10T08:20:55.677+0000] {processor.py:840} INFO - DAG(s) 'example_complex' retrieved from /home/airflow/.local/lib/python3.8/site-packages/airflow/example_dags/example_complex.py
[2024-01-10T08:20:55.703+0000] {logging_mixin.py:188} INFO - [2024-01-10T08:20:55.703+0000] {dag.py:3033} INFO - Sync 1 DAGs
[2024-01-10T08:20:55.712+0000] {logging_mixin.py:188} INFO - [2024-01-10T08:20:55.712+0000] {dag.py:3820} INFO - Setting next_dagrun for example_complex to None, run_after=None
[2024-01-10T08:20:55.725+0000] {processor.py:183} INFO - Processing /home/airflow/.local/lib/python3.8/site-packages/airflow/example_dags/example_complex.py took 0.073 seconds
[2024-01-10T08:21:25.867+0000] {processor.py:161} INFO - Started process (PID=542) to work on /home/airflow/.local/lib/python3.8/site-packages/airflow/example_dags/example_complex.py
[2024-01-10T08:21:25.869+0000] {processor.py:830} INFO - Processing file /home/airflow/.local/lib/python3.8/site-packages/airflow/example_dags/example_complex.py for tasks to queue
[2024-01-10T08:21:25.872+0000] {logging_mixin.py:188} INFO - [2024-01-10T08:21:25.872+0000] {dagbag.py:538} INFO - Filling up the DagBag from /home/airflow/.local/lib/python3.8/site-packages/airflow/example_dags/example_complex.py
[2024-01-10T08:21:25.885+0000] {processor.py:840} INFO - DAG(s) 'example_complex' retrieved from /home/airflow/.local/lib/python3.8/site-packages/airflow/example_dags/example_complex.py
[2024-01-10T08:21:25.910+0000] {logging_mixin.py:188} INFO - [2024-01-10T08:21:25.909+0000] {dag.py:3033} INFO - Sync 1 DAGs
[2024-01-10T08:21:25.918+0000] {logging_mixin.py:188} INFO - [2024-01-10T08:21:25.918+0000] {dag.py:3820} INFO - Setting next_dagrun for example_complex to None, run_after=None
[2024-01-10T08:21:25.931+0000] {processor.py:183} INFO - Processing /home/airflow/.local/lib/python3.8/site-packages/airflow/example_dags/example_complex.py took 0.069 seconds
[2024-01-10T08:21:56.036+0000] {processor.py:161} INFO - Started process (PID=597) to work on /home/airflow/.local/lib/python3.8/site-packages/airflow/example_dags/example_complex.py
[2024-01-10T08:21:56.038+0000] {processor.py:830} INFO - Processing file /home/airflow/.local/lib/python3.8/site-packages/airflow/example_dags/example_complex.py for tasks to queue
[2024-01-10T08:21:56.042+0000] {logging_mixin.py:188} INFO - [2024-01-10T08:21:56.041+0000] {dagbag.py:538} INFO - Filling up the DagBag from /home/airflow/.local/lib/python3.8/site-packages/airflow/example_dags/example_complex.py
[2024-01-10T08:21:56.056+0000] {processor.py:840} INFO - DAG(s) 'example_complex' retrieved from /home/airflow/.local/lib/python3.8/site-packages/airflow/example_dags/example_complex.py
[2024-01-10T08:21:56.083+0000] {logging_mixin.py:188} INFO - [2024-01-10T08:21:56.083+0000] {dag.py:3033} INFO - Sync 1 DAGs
[2024-01-10T08:21:56.092+0000] {logging_mixin.py:188} INFO - [2024-01-10T08:21:56.092+0000] {dag.py:3820} INFO - Setting next_dagrun for example_complex to None, run_after=None
[2024-01-10T08:21:56.105+0000] {processor.py:183} INFO - Processing /home/airflow/.local/lib/python3.8/site-packages/airflow/example_dags/example_complex.py took 0.076 seconds
[2024-01-10T08:22:26.348+0000] {processor.py:161} INFO - Started process (PID=652) to work on /home/airflow/.local/lib/python3.8/site-packages/airflow/example_dags/example_complex.py
[2024-01-10T08:22:26.350+0000] {processor.py:830} INFO - Processing file /home/airflow/.local/lib/python3.8/site-packages/airflow/example_dags/example_complex.py for tasks to queue
[2024-01-10T08:22:26.352+0000] {logging_mixin.py:188} INFO - [2024-01-10T08:22:26.352+0000] {dagbag.py:538} INFO - Filling up the DagBag from /home/airflow/.local/lib/python3.8/site-packages/airflow/example_dags/example_complex.py
[2024-01-10T08:22:26.361+0000] {processor.py:840} INFO - DAG(s) 'example_complex' retrieved from /home/airflow/.local/lib/python3.8/site-packages/airflow/example_dags/example_complex.py
[2024-01-10T08:22:26.388+0000] {logging_mixin.py:188} INFO - [2024-01-10T08:22:26.387+0000] {dag.py:3033} INFO - Sync 1 DAGs
[2024-01-10T08:22:26.397+0000] {logging_mixin.py:188} INFO - [2024-01-10T08:22:26.397+0000] {dag.py:3820} INFO - Setting next_dagrun for example_complex to None, run_after=None
[2024-01-10T08:22:26.411+0000] {processor.py:183} INFO - Processing /home/airflow/.local/lib/python3.8/site-packages/airflow/example_dags/example_complex.py took 0.068 seconds
[2024-01-10T08:22:56.663+0000] {processor.py:161} INFO - Started process (PID=707) to work on /home/airflow/.local/lib/python3.8/site-packages/airflow/example_dags/example_complex.py
[2024-01-10T08:22:56.664+0000] {processor.py:830} INFO - Processing file /home/airflow/.local/lib/python3.8/site-packages/airflow/example_dags/example_complex.py for tasks to queue
[2024-01-10T08:22:56.668+0000] {logging_mixin.py:188} INFO - [2024-01-10T08:22:56.667+0000] {dagbag.py:538} INFO - Filling up the DagBag from /home/airflow/.local/lib/python3.8/site-packages/airflow/example_dags/example_complex.py
[2024-01-10T08:22:56.680+0000] {processor.py:840} INFO - DAG(s) 'example_complex' retrieved from /home/airflow/.local/lib/python3.8/site-packages/airflow/example_dags/example_complex.py
[2024-01-10T08:22:56.705+0000] {logging_mixin.py:188} INFO - [2024-01-10T08:22:56.705+0000] {dag.py:3033} INFO - Sync 1 DAGs
[2024-01-10T08:22:56.714+0000] {logging_mixin.py:188} INFO - [2024-01-10T08:22:56.714+0000] {dag.py:3820} INFO - Setting next_dagrun for example_complex to None, run_after=None
[2024-01-10T08:22:56.728+0000] {processor.py:183} INFO - Processing /home/airflow/.local/lib/python3.8/site-packages/airflow/example_dags/example_complex.py took 0.071 seconds
[2024-01-10T08:23:27.271+0000] {processor.py:161} INFO - Started process (PID=762) to work on /home/airflow/.local/lib/python3.8/site-packages/airflow/example_dags/example_complex.py
[2024-01-10T08:23:27.273+0000] {processor.py:830} INFO - Processing file /home/airflow/.local/lib/python3.8/site-packages/airflow/example_dags/example_complex.py for tasks to queue
[2024-01-10T08:23:27.276+0000] {logging_mixin.py:188} INFO - [2024-01-10T08:23:27.276+0000] {dagbag.py:538} INFO - Filling up the DagBag from /home/airflow/.local/lib/python3.8/site-packages/airflow/example_dags/example_complex.py
[2024-01-10T08:23:27.288+0000] {processor.py:840} INFO - DAG(s) 'example_complex' retrieved from /home/airflow/.local/lib/python3.8/site-packages/airflow/example_dags/example_complex.py
[2024-01-10T08:23:27.314+0000] {logging_mixin.py:188} INFO - [2024-01-10T08:23:27.313+0000] {dag.py:3033} INFO - Sync 1 DAGs
[2024-01-10T08:23:27.322+0000] {logging_mixin.py:188} INFO - [2024-01-10T08:23:27.322+0000] {dag.py:3820} INFO - Setting next_dagrun for example_complex to None, run_after=None
[2024-01-10T08:23:27.335+0000] {processor.py:183} INFO - Processing /home/airflow/.local/lib/python3.8/site-packages/airflow/example_dags/example_complex.py took 0.069 seconds
[2024-01-10T08:23:57.523+0000] {processor.py:161} INFO - Started process (PID=817) to work on /home/airflow/.local/lib/python3.8/site-packages/airflow/example_dags/example_complex.py
[2024-01-10T08:23:57.524+0000] {processor.py:830} INFO - Processing file /home/airflow/.local/lib/python3.8/site-packages/airflow/example_dags/example_complex.py for tasks to queue
[2024-01-10T08:23:57.526+0000] {logging_mixin.py:188} INFO - [2024-01-10T08:23:57.526+0000] {dagbag.py:538} INFO - Filling up the DagBag from /home/airflow/.local/lib/python3.8/site-packages/airflow/example_dags/example_complex.py
[2024-01-10T08:23:57.534+0000] {processor.py:840} INFO - DAG(s) 'example_complex' retrieved from /home/airflow/.local/lib/python3.8/site-packages/airflow/example_dags/example_complex.py
[2024-01-10T08:23:57.557+0000] {logging_mixin.py:188} INFO - [2024-01-10T08:23:57.557+0000] {dag.py:3033} INFO - Sync 1 DAGs
[2024-01-10T08:23:57.566+0000] {logging_mixin.py:188} INFO - [2024-01-10T08:23:57.566+0000] {dag.py:3820} INFO - Setting next_dagrun for example_complex to None, run_after=None
[2024-01-10T08:23:57.578+0000] {processor.py:183} INFO - Processing /home/airflow/.local/lib/python3.8/site-packages/airflow/example_dags/example_complex.py took 0.058 seconds
[2024-01-10T08:24:27.919+0000] {processor.py:161} INFO - Started process (PID=872) to work on /home/airflow/.local/lib/python3.8/site-packages/airflow/example_dags/example_complex.py
[2024-01-10T08:24:27.920+0000] {processor.py:830} INFO - Processing file /home/airflow/.local/lib/python3.8/site-packages/airflow/example_dags/example_complex.py for tasks to queue
[2024-01-10T08:24:27.922+0000] {logging_mixin.py:188} INFO - [2024-01-10T08:24:27.921+0000] {dagbag.py:538} INFO - Filling up the DagBag from /home/airflow/.local/lib/python3.8/site-packages/airflow/example_dags/example_complex.py
[2024-01-10T08:24:27.931+0000] {processor.py:840} INFO - DAG(s) 'example_complex' retrieved from /home/airflow/.local/lib/python3.8/site-packages/airflow/example_dags/example_complex.py
[2024-01-10T08:24:27.955+0000] {logging_mixin.py:188} INFO - [2024-01-10T08:24:27.955+0000] {dag.py:3033} INFO - Sync 1 DAGs
[2024-01-10T08:24:27.964+0000] {logging_mixin.py:188} INFO - [2024-01-10T08:24:27.964+0000] {dag.py:3820} INFO - Setting next_dagrun for example_complex to None, run_after=None
[2024-01-10T08:24:27.978+0000] {processor.py:183} INFO - Processing /home/airflow/.local/lib/python3.8/site-packages/airflow/example_dags/example_complex.py took 0.062 seconds
[2024-01-10T08:24:58.223+0000] {processor.py:161} INFO - Started process (PID=928) to work on /home/airflow/.local/lib/python3.8/site-packages/airflow/example_dags/example_complex.py
[2024-01-10T08:24:58.223+0000] {processor.py:830} INFO - Processing file /home/airflow/.local/lib/python3.8/site-packages/airflow/example_dags/example_complex.py for tasks to queue
[2024-01-10T08:24:58.225+0000] {logging_mixin.py:188} INFO - [2024-01-10T08:24:58.225+0000] {dagbag.py:538} INFO - Filling up the DagBag from /home/airflow/.local/lib/python3.8/site-packages/airflow/example_dags/example_complex.py
[2024-01-10T08:24:58.234+0000] {processor.py:840} INFO - DAG(s) 'example_complex' retrieved from /home/airflow/.local/lib/python3.8/site-packages/airflow/example_dags/example_complex.py
[2024-01-10T08:24:58.258+0000] {logging_mixin.py:188} INFO - [2024-01-10T08:24:58.258+0000] {dag.py:3033} INFO - Sync 1 DAGs
[2024-01-10T08:24:58.269+0000] {logging_mixin.py:188} INFO - [2024-01-10T08:24:58.269+0000] {dag.py:3820} INFO - Setting next_dagrun for example_complex to None, run_after=None
[2024-01-10T08:24:58.287+0000] {processor.py:183} INFO - Processing /home/airflow/.local/lib/python3.8/site-packages/airflow/example_dags/example_complex.py took 0.067 seconds
[2024-01-10T08:25:28.663+0000] {processor.py:161} INFO - Started process (PID=983) to work on /home/airflow/.local/lib/python3.8/site-packages/airflow/example_dags/example_complex.py
[2024-01-10T08:25:28.665+0000] {processor.py:830} INFO - Processing file /home/airflow/.local/lib/python3.8/site-packages/airflow/example_dags/example_complex.py for tasks to queue
[2024-01-10T08:25:28.668+0000] {logging_mixin.py:188} INFO - [2024-01-10T08:25:28.668+0000] {dagbag.py:538} INFO - Filling up the DagBag from /home/airflow/.local/lib/python3.8/site-packages/airflow/example_dags/example_complex.py
[2024-01-10T08:25:28.681+0000] {processor.py:840} INFO - DAG(s) 'example_complex' retrieved from /home/airflow/.local/lib/python3.8/site-packages/airflow/example_dags/example_complex.py
[2024-01-10T08:25:28.707+0000] {logging_mixin.py:188} INFO - [2024-01-10T08:25:28.707+0000] {dag.py:3033} INFO - Sync 1 DAGs
[2024-01-10T08:25:28.716+0000] {logging_mixin.py:188} INFO - [2024-01-10T08:25:28.716+0000] {dag.py:3820} INFO - Setting next_dagrun for example_complex to None, run_after=None
[2024-01-10T08:25:28.731+0000] {processor.py:183} INFO - Processing /home/airflow/.local/lib/python3.8/site-packages/airflow/example_dags/example_complex.py took 0.073 seconds
[2024-01-10T08:25:59.021+0000] {processor.py:161} INFO - Started process (PID=1038) to work on /home/airflow/.local/lib/python3.8/site-packages/airflow/example_dags/example_complex.py
[2024-01-10T08:25:59.024+0000] {processor.py:830} INFO - Processing file /home/airflow/.local/lib/python3.8/site-packages/airflow/example_dags/example_complex.py for tasks to queue
[2024-01-10T08:25:59.028+0000] {logging_mixin.py:188} INFO - [2024-01-10T08:25:59.028+0000] {dagbag.py:538} INFO - Filling up the DagBag from /home/airflow/.local/lib/python3.8/site-packages/airflow/example_dags/example_complex.py
[2024-01-10T08:25:59.042+0000] {processor.py:840} INFO - DAG(s) 'example_complex' retrieved from /home/airflow/.local/lib/python3.8/site-packages/airflow/example_dags/example_complex.py
[2024-01-10T08:25:59.069+0000] {logging_mixin.py:188} INFO - [2024-01-10T08:25:59.069+0000] {dag.py:3033} INFO - Sync 1 DAGs
[2024-01-10T08:25:59.080+0000] {logging_mixin.py:188} INFO - [2024-01-10T08:25:59.079+0000] {dag.py:3820} INFO - Setting next_dagrun for example_complex to None, run_after=None
[2024-01-10T08:25:59.096+0000] {processor.py:183} INFO - Processing /home/airflow/.local/lib/python3.8/site-packages/airflow/example_dags/example_complex.py took 0.081 seconds
[2024-01-10T08:26:29.539+0000] {processor.py:161} INFO - Started process (PID=1093) to work on /home/airflow/.local/lib/python3.8/site-packages/airflow/example_dags/example_complex.py
[2024-01-10T08:26:29.541+0000] {processor.py:830} INFO - Processing file /home/airflow/.local/lib/python3.8/site-packages/airflow/example_dags/example_complex.py for tasks to queue
[2024-01-10T08:26:29.545+0000] {logging_mixin.py:188} INFO - [2024-01-10T08:26:29.544+0000] {dagbag.py:538} INFO - Filling up the DagBag from /home/airflow/.local/lib/python3.8/site-packages/airflow/example_dags/example_complex.py
[2024-01-10T08:26:29.558+0000] {processor.py:840} INFO - DAG(s) 'example_complex' retrieved from /home/airflow/.local/lib/python3.8/site-packages/airflow/example_dags/example_complex.py
[2024-01-10T08:26:29.583+0000] {logging_mixin.py:188} INFO - [2024-01-10T08:26:29.583+0000] {dag.py:3033} INFO - Sync 1 DAGs
[2024-01-10T08:26:29.592+0000] {logging_mixin.py:188} INFO - [2024-01-10T08:26:29.591+0000] {dag.py:3820} INFO - Setting next_dagrun for example_complex to None, run_after=None
[2024-01-10T08:26:29.604+0000] {processor.py:183} INFO - Processing /home/airflow/.local/lib/python3.8/site-packages/airflow/example_dags/example_complex.py took 0.071 seconds
[2024-01-10T08:26:59.700+0000] {processor.py:161} INFO - Started process (PID=1148) to work on /home/airflow/.local/lib/python3.8/site-packages/airflow/example_dags/example_complex.py
[2024-01-10T08:26:59.703+0000] {processor.py:830} INFO - Processing file /home/airflow/.local/lib/python3.8/site-packages/airflow/example_dags/example_complex.py for tasks to queue
[2024-01-10T08:26:59.709+0000] {logging_mixin.py:188} INFO - [2024-01-10T08:26:59.708+0000] {dagbag.py:538} INFO - Filling up the DagBag from /home/airflow/.local/lib/python3.8/site-packages/airflow/example_dags/example_complex.py
[2024-01-10T08:26:59.736+0000] {processor.py:840} INFO - DAG(s) 'example_complex' retrieved from /home/airflow/.local/lib/python3.8/site-packages/airflow/example_dags/example_complex.py
[2024-01-10T08:26:59.804+0000] {logging_mixin.py:188} INFO - [2024-01-10T08:26:59.804+0000] {dag.py:3033} INFO - Sync 1 DAGs
[2024-01-10T08:26:59.829+0000] {logging_mixin.py:188} INFO - [2024-01-10T08:26:59.829+0000] {dag.py:3820} INFO - Setting next_dagrun for example_complex to None, run_after=None
[2024-01-10T08:26:59.873+0000] {processor.py:183} INFO - Processing /home/airflow/.local/lib/python3.8/site-packages/airflow/example_dags/example_complex.py took 0.179 seconds
[2024-01-10T08:27:30.750+0000] {processor.py:161} INFO - Started process (PID=1203) to work on /home/airflow/.local/lib/python3.8/site-packages/airflow/example_dags/example_complex.py
[2024-01-10T08:27:30.753+0000] {processor.py:830} INFO - Processing file /home/airflow/.local/lib/python3.8/site-packages/airflow/example_dags/example_complex.py for tasks to queue
[2024-01-10T08:27:30.755+0000] {logging_mixin.py:188} INFO - [2024-01-10T08:27:30.755+0000] {dagbag.py:538} INFO - Filling up the DagBag from /home/airflow/.local/lib/python3.8/site-packages/airflow/example_dags/example_complex.py
[2024-01-10T08:27:30.765+0000] {processor.py:840} INFO - DAG(s) 'example_complex' retrieved from /home/airflow/.local/lib/python3.8/site-packages/airflow/example_dags/example_complex.py
[2024-01-10T08:27:30.791+0000] {logging_mixin.py:188} INFO - [2024-01-10T08:27:30.790+0000] {dag.py:3033} INFO - Sync 1 DAGs
[2024-01-10T08:27:30.800+0000] {logging_mixin.py:188} INFO - [2024-01-10T08:27:30.800+0000] {dag.py:3820} INFO - Setting next_dagrun for example_complex to None, run_after=None
[2024-01-10T08:27:30.815+0000] {processor.py:183} INFO - Processing /home/airflow/.local/lib/python3.8/site-packages/airflow/example_dags/example_complex.py took 0.069 seconds
[2024-01-10T08:28:01.404+0000] {processor.py:161} INFO - Started process (PID=1258) to work on /home/airflow/.local/lib/python3.8/site-packages/airflow/example_dags/example_complex.py
[2024-01-10T08:28:01.406+0000] {processor.py:830} INFO - Processing file /home/airflow/.local/lib/python3.8/site-packages/airflow/example_dags/example_complex.py for tasks to queue
[2024-01-10T08:28:01.408+0000] {logging_mixin.py:188} INFO - [2024-01-10T08:28:01.408+0000] {dagbag.py:538} INFO - Filling up the DagBag from /home/airflow/.local/lib/python3.8/site-packages/airflow/example_dags/example_complex.py
[2024-01-10T08:28:01.417+0000] {processor.py:840} INFO - DAG(s) 'example_complex' retrieved from /home/airflow/.local/lib/python3.8/site-packages/airflow/example_dags/example_complex.py
[2024-01-10T08:28:01.443+0000] {logging_mixin.py:188} INFO - [2024-01-10T08:28:01.443+0000] {dag.py:3033} INFO - Sync 1 DAGs
[2024-01-10T08:28:01.453+0000] {logging_mixin.py:188} INFO - [2024-01-10T08:28:01.452+0000] {dag.py:3820} INFO - Setting next_dagrun for example_complex to None, run_after=None
[2024-01-10T08:28:01.465+0000] {processor.py:183} INFO - Processing /home/airflow/.local/lib/python3.8/site-packages/airflow/example_dags/example_complex.py took 0.064 seconds
[2024-01-10T08:28:32.327+0000] {processor.py:161} INFO - Started process (PID=1313) to work on /home/airflow/.local/lib/python3.8/site-packages/airflow/example_dags/example_complex.py
[2024-01-10T08:28:32.328+0000] {processor.py:830} INFO - Processing file /home/airflow/.local/lib/python3.8/site-packages/airflow/example_dags/example_complex.py for tasks to queue
[2024-01-10T08:28:32.330+0000] {logging_mixin.py:188} INFO - [2024-01-10T08:28:32.330+0000] {dagbag.py:538} INFO - Filling up the DagBag from /home/airflow/.local/lib/python3.8/site-packages/airflow/example_dags/example_complex.py
[2024-01-10T08:28:32.338+0000] {processor.py:840} INFO - DAG(s) 'example_complex' retrieved from /home/airflow/.local/lib/python3.8/site-packages/airflow/example_dags/example_complex.py
[2024-01-10T08:28:32.362+0000] {logging_mixin.py:188} INFO - [2024-01-10T08:28:32.362+0000] {dag.py:3033} INFO - Sync 1 DAGs
[2024-01-10T08:28:32.371+0000] {logging_mixin.py:188} INFO - [2024-01-10T08:28:32.371+0000] {dag.py:3820} INFO - Setting next_dagrun for example_complex to None, run_after=None
[2024-01-10T08:28:32.387+0000] {processor.py:183} INFO - Processing /home/airflow/.local/lib/python3.8/site-packages/airflow/example_dags/example_complex.py took 0.063 seconds
[2024-01-10T08:29:02.564+0000] {processor.py:161} INFO - Started process (PID=1375) to work on /home/airflow/.local/lib/python3.8/site-packages/airflow/example_dags/example_complex.py
[2024-01-10T08:29:02.565+0000] {processor.py:830} INFO - Processing file /home/airflow/.local/lib/python3.8/site-packages/airflow/example_dags/example_complex.py for tasks to queue
[2024-01-10T08:29:02.567+0000] {logging_mixin.py:188} INFO - [2024-01-10T08:29:02.567+0000] {dagbag.py:538} INFO - Filling up the DagBag from /home/airflow/.local/lib/python3.8/site-packages/airflow/example_dags/example_complex.py
[2024-01-10T08:29:02.576+0000] {processor.py:840} INFO - DAG(s) 'example_complex' retrieved from /home/airflow/.local/lib/python3.8/site-packages/airflow/example_dags/example_complex.py
[2024-01-10T08:29:02.600+0000] {logging_mixin.py:188} INFO - [2024-01-10T08:29:02.600+0000] {dag.py:3033} INFO - Sync 1 DAGs
[2024-01-10T08:29:02.609+0000] {logging_mixin.py:188} INFO - [2024-01-10T08:29:02.609+0000] {dag.py:3820} INFO - Setting next_dagrun for example_complex to None, run_after=None
[2024-01-10T08:29:02.621+0000] {processor.py:183} INFO - Processing /home/airflow/.local/lib/python3.8/site-packages/airflow/example_dags/example_complex.py took 0.060 seconds
[2024-01-10T08:29:32.810+0000] {processor.py:161} INFO - Started process (PID=1430) to work on /home/airflow/.local/lib/python3.8/site-packages/airflow/example_dags/example_complex.py
[2024-01-10T08:29:32.811+0000] {processor.py:830} INFO - Processing file /home/airflow/.local/lib/python3.8/site-packages/airflow/example_dags/example_complex.py for tasks to queue
[2024-01-10T08:29:32.812+0000] {logging_mixin.py:188} INFO - [2024-01-10T08:29:32.812+0000] {dagbag.py:538} INFO - Filling up the DagBag from /home/airflow/.local/lib/python3.8/site-packages/airflow/example_dags/example_complex.py
[2024-01-10T08:29:32.821+0000] {processor.py:840} INFO - DAG(s) 'example_complex' retrieved from /home/airflow/.local/lib/python3.8/site-packages/airflow/example_dags/example_complex.py
[2024-01-10T08:29:32.843+0000] {logging_mixin.py:188} INFO - [2024-01-10T08:29:32.843+0000] {dag.py:3033} INFO - Sync 1 DAGs
[2024-01-10T08:29:32.852+0000] {logging_mixin.py:188} INFO - [2024-01-10T08:29:32.852+0000] {dag.py:3820} INFO - Setting next_dagrun for example_complex to None, run_after=None
[2024-01-10T08:29:32.864+0000] {processor.py:183} INFO - Processing /home/airflow/.local/lib/python3.8/site-packages/airflow/example_dags/example_complex.py took 0.057 seconds
[2024-01-10T08:30:03.149+0000] {processor.py:161} INFO - Started process (PID=1485) to work on /home/airflow/.local/lib/python3.8/site-packages/airflow/example_dags/example_complex.py
[2024-01-10T08:30:03.149+0000] {processor.py:830} INFO - Processing file /home/airflow/.local/lib/python3.8/site-packages/airflow/example_dags/example_complex.py for tasks to queue
[2024-01-10T08:30:03.151+0000] {logging_mixin.py:188} INFO - [2024-01-10T08:30:03.151+0000] {dagbag.py:538} INFO - Filling up the DagBag from /home/airflow/.local/lib/python3.8/site-packages/airflow/example_dags/example_complex.py
[2024-01-10T08:30:03.159+0000] {processor.py:840} INFO - DAG(s) 'example_complex' retrieved from /home/airflow/.local/lib/python3.8/site-packages/airflow/example_dags/example_complex.py
[2024-01-10T08:30:03.182+0000] {logging_mixin.py:188} INFO - [2024-01-10T08:30:03.182+0000] {dag.py:3033} INFO - Sync 1 DAGs
[2024-01-10T08:30:03.190+0000] {logging_mixin.py:188} INFO - [2024-01-10T08:30:03.190+0000] {dag.py:3820} INFO - Setting next_dagrun for example_complex to None, run_after=None
[2024-01-10T08:30:03.202+0000] {processor.py:183} INFO - Processing /home/airflow/.local/lib/python3.8/site-packages/airflow/example_dags/example_complex.py took 0.057 seconds
[2024-01-10T08:30:33.668+0000] {processor.py:161} INFO - Started process (PID=1540) to work on /home/airflow/.local/lib/python3.8/site-packages/airflow/example_dags/example_complex.py
[2024-01-10T08:30:33.669+0000] {processor.py:830} INFO - Processing file /home/airflow/.local/lib/python3.8/site-packages/airflow/example_dags/example_complex.py for tasks to queue
[2024-01-10T08:30:33.671+0000] {logging_mixin.py:188} INFO - [2024-01-10T08:30:33.671+0000] {dagbag.py:538} INFO - Filling up the DagBag from /home/airflow/.local/lib/python3.8/site-packages/airflow/example_dags/example_complex.py
[2024-01-10T08:30:33.680+0000] {processor.py:840} INFO - DAG(s) 'example_complex' retrieved from /home/airflow/.local/lib/python3.8/site-packages/airflow/example_dags/example_complex.py
[2024-01-10T08:30:33.704+0000] {logging_mixin.py:188} INFO - [2024-01-10T08:30:33.704+0000] {dag.py:3033} INFO - Sync 1 DAGs
[2024-01-10T08:30:33.713+0000] {logging_mixin.py:188} INFO - [2024-01-10T08:30:33.713+0000] {dag.py:3820} INFO - Setting next_dagrun for example_complex to None, run_after=None
[2024-01-10T08:30:33.726+0000] {processor.py:183} INFO - Processing /home/airflow/.local/lib/python3.8/site-packages/airflow/example_dags/example_complex.py took 0.061 seconds
[2024-01-10T08:31:04.360+0000] {processor.py:161} INFO - Started process (PID=1595) to work on /home/airflow/.local/lib/python3.8/site-packages/airflow/example_dags/example_complex.py
[2024-01-10T08:31:04.361+0000] {processor.py:830} INFO - Processing file /home/airflow/.local/lib/python3.8/site-packages/airflow/example_dags/example_complex.py for tasks to queue
[2024-01-10T08:31:04.363+0000] {logging_mixin.py:188} INFO - [2024-01-10T08:31:04.363+0000] {dagbag.py:538} INFO - Filling up the DagBag from /home/airflow/.local/lib/python3.8/site-packages/airflow/example_dags/example_complex.py
[2024-01-10T08:31:04.372+0000] {processor.py:840} INFO - DAG(s) 'example_complex' retrieved from /home/airflow/.local/lib/python3.8/site-packages/airflow/example_dags/example_complex.py
[2024-01-10T08:31:04.394+0000] {logging_mixin.py:188} INFO - [2024-01-10T08:31:04.394+0000] {dag.py:3033} INFO - Sync 1 DAGs
[2024-01-10T08:31:04.403+0000] {logging_mixin.py:188} INFO - [2024-01-10T08:31:04.403+0000] {dag.py:3820} INFO - Setting next_dagrun for example_complex to None, run_after=None
[2024-01-10T08:31:04.415+0000] {processor.py:183} INFO - Processing /home/airflow/.local/lib/python3.8/site-packages/airflow/example_dags/example_complex.py took 0.057 seconds
[2024-01-10T08:31:34.675+0000] {processor.py:161} INFO - Started process (PID=1650) to work on /home/airflow/.local/lib/python3.8/site-packages/airflow/example_dags/example_complex.py
[2024-01-10T08:31:34.676+0000] {processor.py:830} INFO - Processing file /home/airflow/.local/lib/python3.8/site-packages/airflow/example_dags/example_complex.py for tasks to queue
[2024-01-10T08:31:34.678+0000] {logging_mixin.py:188} INFO - [2024-01-10T08:31:34.678+0000] {dagbag.py:538} INFO - Filling up the DagBag from /home/airflow/.local/lib/python3.8/site-packages/airflow/example_dags/example_complex.py
[2024-01-10T08:31:34.686+0000] {processor.py:840} INFO - DAG(s) 'example_complex' retrieved from /home/airflow/.local/lib/python3.8/site-packages/airflow/example_dags/example_complex.py
[2024-01-10T08:31:34.710+0000] {logging_mixin.py:188} INFO - [2024-01-10T08:31:34.710+0000] {dag.py:3033} INFO - Sync 1 DAGs
[2024-01-10T08:31:34.721+0000] {logging_mixin.py:188} INFO - [2024-01-10T08:31:34.721+0000] {dag.py:3820} INFO - Setting next_dagrun for example_complex to None, run_after=None
[2024-01-10T08:31:34.859+0000] {processor.py:183} INFO - Processing /home/airflow/.local/lib/python3.8/site-packages/airflow/example_dags/example_complex.py took 0.188 seconds
[2024-01-10T08:32:05.179+0000] {processor.py:161} INFO - Started process (PID=1706) to work on /home/airflow/.local/lib/python3.8/site-packages/airflow/example_dags/example_complex.py
[2024-01-10T08:32:05.180+0000] {processor.py:830} INFO - Processing file /home/airflow/.local/lib/python3.8/site-packages/airflow/example_dags/example_complex.py for tasks to queue
[2024-01-10T08:32:05.182+0000] {logging_mixin.py:188} INFO - [2024-01-10T08:32:05.182+0000] {dagbag.py:538} INFO - Filling up the DagBag from /home/airflow/.local/lib/python3.8/site-packages/airflow/example_dags/example_complex.py
[2024-01-10T08:32:05.191+0000] {processor.py:840} INFO - DAG(s) 'example_complex' retrieved from /home/airflow/.local/lib/python3.8/site-packages/airflow/example_dags/example_complex.py
[2024-01-10T08:32:05.215+0000] {logging_mixin.py:188} INFO - [2024-01-10T08:32:05.215+0000] {dag.py:3033} INFO - Sync 1 DAGs
[2024-01-10T08:32:05.224+0000] {logging_mixin.py:188} INFO - [2024-01-10T08:32:05.224+0000] {dag.py:3820} INFO - Setting next_dagrun for example_complex to None, run_after=None
[2024-01-10T08:32:05.240+0000] {processor.py:183} INFO - Processing /home/airflow/.local/lib/python3.8/site-packages/airflow/example_dags/example_complex.py took 0.064 seconds
[2024-01-10T08:32:35.296+0000] {processor.py:161} INFO - Started process (PID=1760) to work on /home/airflow/.local/lib/python3.8/site-packages/airflow/example_dags/example_complex.py
[2024-01-10T08:32:35.297+0000] {processor.py:830} INFO - Processing file /home/airflow/.local/lib/python3.8/site-packages/airflow/example_dags/example_complex.py for tasks to queue
[2024-01-10T08:32:35.299+0000] {logging_mixin.py:188} INFO - [2024-01-10T08:32:35.298+0000] {dagbag.py:538} INFO - Filling up the DagBag from /home/airflow/.local/lib/python3.8/site-packages/airflow/example_dags/example_complex.py
[2024-01-10T08:32:35.307+0000] {processor.py:840} INFO - DAG(s) 'example_complex' retrieved from /home/airflow/.local/lib/python3.8/site-packages/airflow/example_dags/example_complex.py
[2024-01-10T08:32:35.330+0000] {logging_mixin.py:188} INFO - [2024-01-10T08:32:35.330+0000] {dag.py:3033} INFO - Sync 1 DAGs
[2024-01-10T08:32:35.340+0000] {logging_mixin.py:188} INFO - [2024-01-10T08:32:35.340+0000] {dag.py:3820} INFO - Setting next_dagrun for example_complex to None, run_after=None
[2024-01-10T08:32:35.353+0000] {processor.py:183} INFO - Processing /home/airflow/.local/lib/python3.8/site-packages/airflow/example_dags/example_complex.py took 0.060 seconds
[2024-01-10T08:33:05.379+0000] {processor.py:161} INFO - Started process (PID=1816) to work on /home/airflow/.local/lib/python3.8/site-packages/airflow/example_dags/example_complex.py
[2024-01-10T08:33:05.380+0000] {processor.py:830} INFO - Processing file /home/airflow/.local/lib/python3.8/site-packages/airflow/example_dags/example_complex.py for tasks to queue
[2024-01-10T08:33:05.382+0000] {logging_mixin.py:188} INFO - [2024-01-10T08:33:05.382+0000] {dagbag.py:538} INFO - Filling up the DagBag from /home/airflow/.local/lib/python3.8/site-packages/airflow/example_dags/example_complex.py
[2024-01-10T08:33:05.392+0000] {processor.py:840} INFO - DAG(s) 'example_complex' retrieved from /home/airflow/.local/lib/python3.8/site-packages/airflow/example_dags/example_complex.py
[2024-01-10T08:33:05.416+0000] {logging_mixin.py:188} INFO - [2024-01-10T08:33:05.416+0000] {dag.py:3033} INFO - Sync 1 DAGs
[2024-01-10T08:33:05.425+0000] {logging_mixin.py:188} INFO - [2024-01-10T08:33:05.425+0000] {dag.py:3820} INFO - Setting next_dagrun for example_complex to None, run_after=None
[2024-01-10T08:33:05.441+0000] {processor.py:183} INFO - Processing /home/airflow/.local/lib/python3.8/site-packages/airflow/example_dags/example_complex.py took 0.067 seconds
[2024-01-10T08:33:35.884+0000] {processor.py:161} INFO - Started process (PID=1873) to work on /home/airflow/.local/lib/python3.8/site-packages/airflow/example_dags/example_complex.py
[2024-01-10T08:33:35.885+0000] {processor.py:830} INFO - Processing file /home/airflow/.local/lib/python3.8/site-packages/airflow/example_dags/example_complex.py for tasks to queue
[2024-01-10T08:33:35.887+0000] {logging_mixin.py:188} INFO - [2024-01-10T08:33:35.887+0000] {dagbag.py:538} INFO - Filling up the DagBag from /home/airflow/.local/lib/python3.8/site-packages/airflow/example_dags/example_complex.py
[2024-01-10T08:33:35.895+0000] {processor.py:840} INFO - DAG(s) 'example_complex' retrieved from /home/airflow/.local/lib/python3.8/site-packages/airflow/example_dags/example_complex.py
[2024-01-10T08:33:35.918+0000] {logging_mixin.py:188} INFO - [2024-01-10T08:33:35.918+0000] {dag.py:3033} INFO - Sync 1 DAGs
[2024-01-10T08:33:35.927+0000] {logging_mixin.py:188} INFO - [2024-01-10T08:33:35.927+0000] {dag.py:3820} INFO - Setting next_dagrun for example_complex to None, run_after=None
[2024-01-10T08:33:35.938+0000] {processor.py:183} INFO - Processing /home/airflow/.local/lib/python3.8/site-packages/airflow/example_dags/example_complex.py took 0.057 seconds
[2024-01-10T08:34:06.284+0000] {processor.py:161} INFO - Started process (PID=1929) to work on /home/airflow/.local/lib/python3.8/site-packages/airflow/example_dags/example_complex.py
[2024-01-10T08:34:06.285+0000] {processor.py:830} INFO - Processing file /home/airflow/.local/lib/python3.8/site-packages/airflow/example_dags/example_complex.py for tasks to queue
[2024-01-10T08:34:06.288+0000] {logging_mixin.py:188} INFO - [2024-01-10T08:34:06.288+0000] {dagbag.py:538} INFO - Filling up the DagBag from /home/airflow/.local/lib/python3.8/site-packages/airflow/example_dags/example_complex.py
[2024-01-10T08:34:06.308+0000] {processor.py:840} INFO - DAG(s) 'example_complex' retrieved from /home/airflow/.local/lib/python3.8/site-packages/airflow/example_dags/example_complex.py
[2024-01-10T08:34:06.518+0000] {logging_mixin.py:188} INFO - [2024-01-10T08:34:06.517+0000] {dag.py:3033} INFO - Sync 1 DAGs
[2024-01-10T08:34:06.531+0000] {logging_mixin.py:188} INFO - [2024-01-10T08:34:06.531+0000] {dag.py:3820} INFO - Setting next_dagrun for example_complex to None, run_after=None
[2024-01-10T08:34:06.555+0000] {processor.py:183} INFO - Processing /home/airflow/.local/lib/python3.8/site-packages/airflow/example_dags/example_complex.py took 0.274 seconds
[2024-01-10T08:34:36.854+0000] {processor.py:161} INFO - Started process (PID=1985) to work on /home/airflow/.local/lib/python3.8/site-packages/airflow/example_dags/example_complex.py
[2024-01-10T08:34:36.856+0000] {processor.py:830} INFO - Processing file /home/airflow/.local/lib/python3.8/site-packages/airflow/example_dags/example_complex.py for tasks to queue
[2024-01-10T08:34:36.861+0000] {logging_mixin.py:188} INFO - [2024-01-10T08:34:36.860+0000] {dagbag.py:538} INFO - Filling up the DagBag from /home/airflow/.local/lib/python3.8/site-packages/airflow/example_dags/example_complex.py
[2024-01-10T08:34:36.880+0000] {processor.py:840} INFO - DAG(s) 'example_complex' retrieved from /home/airflow/.local/lib/python3.8/site-packages/airflow/example_dags/example_complex.py
[2024-01-10T08:34:36.933+0000] {logging_mixin.py:188} INFO - [2024-01-10T08:34:36.933+0000] {dag.py:3033} INFO - Sync 1 DAGs
[2024-01-10T08:34:37.132+0000] {logging_mixin.py:188} INFO - [2024-01-10T08:34:37.132+0000] {dag.py:3820} INFO - Setting next_dagrun for example_complex to None, run_after=None
[2024-01-10T08:34:37.154+0000] {processor.py:183} INFO - Processing /home/airflow/.local/lib/python3.8/site-packages/airflow/example_dags/example_complex.py took 0.306 seconds
[2024-01-10T08:35:08.164+0000] {processor.py:161} INFO - Started process (PID=2041) to work on /home/airflow/.local/lib/python3.8/site-packages/airflow/example_dags/example_complex.py
[2024-01-10T08:35:08.166+0000] {processor.py:830} INFO - Processing file /home/airflow/.local/lib/python3.8/site-packages/airflow/example_dags/example_complex.py for tasks to queue
[2024-01-10T08:35:08.169+0000] {logging_mixin.py:188} INFO - [2024-01-10T08:35:08.168+0000] {dagbag.py:538} INFO - Filling up the DagBag from /home/airflow/.local/lib/python3.8/site-packages/airflow/example_dags/example_complex.py
[2024-01-10T08:35:08.180+0000] {processor.py:840} INFO - DAG(s) 'example_complex' retrieved from /home/airflow/.local/lib/python3.8/site-packages/airflow/example_dags/example_complex.py
[2024-01-10T08:35:08.205+0000] {logging_mixin.py:188} INFO - [2024-01-10T08:35:08.204+0000] {dag.py:3033} INFO - Sync 1 DAGs
[2024-01-10T08:35:08.213+0000] {logging_mixin.py:188} INFO - [2024-01-10T08:35:08.213+0000] {dag.py:3820} INFO - Setting next_dagrun for example_complex to None, run_after=None
[2024-01-10T08:35:08.226+0000] {processor.py:183} INFO - Processing /home/airflow/.local/lib/python3.8/site-packages/airflow/example_dags/example_complex.py took 0.067 seconds
[2024-01-10T08:35:38.870+0000] {processor.py:161} INFO - Started process (PID=2097) to work on /home/airflow/.local/lib/python3.8/site-packages/airflow/example_dags/example_complex.py
[2024-01-10T08:35:38.871+0000] {processor.py:830} INFO - Processing file /home/airflow/.local/lib/python3.8/site-packages/airflow/example_dags/example_complex.py for tasks to queue
[2024-01-10T08:35:38.873+0000] {logging_mixin.py:188} INFO - [2024-01-10T08:35:38.872+0000] {dagbag.py:538} INFO - Filling up the DagBag from /home/airflow/.local/lib/python3.8/site-packages/airflow/example_dags/example_complex.py
[2024-01-10T08:35:38.882+0000] {processor.py:840} INFO - DAG(s) 'example_complex' retrieved from /home/airflow/.local/lib/python3.8/site-packages/airflow/example_dags/example_complex.py
[2024-01-10T08:35:38.905+0000] {logging_mixin.py:188} INFO - [2024-01-10T08:35:38.905+0000] {dag.py:3033} INFO - Sync 1 DAGs
[2024-01-10T08:35:38.914+0000] {logging_mixin.py:188} INFO - [2024-01-10T08:35:38.914+0000] {dag.py:3820} INFO - Setting next_dagrun for example_complex to None, run_after=None
[2024-01-10T08:35:38.928+0000] {processor.py:183} INFO - Processing /home/airflow/.local/lib/python3.8/site-packages/airflow/example_dags/example_complex.py took 0.061 seconds
[2024-01-10T08:36:09.133+0000] {processor.py:161} INFO - Started process (PID=2153) to work on /home/airflow/.local/lib/python3.8/site-packages/airflow/example_dags/example_complex.py
[2024-01-10T08:36:09.134+0000] {processor.py:830} INFO - Processing file /home/airflow/.local/lib/python3.8/site-packages/airflow/example_dags/example_complex.py for tasks to queue
[2024-01-10T08:36:09.136+0000] {logging_mixin.py:188} INFO - [2024-01-10T08:36:09.136+0000] {dagbag.py:538} INFO - Filling up the DagBag from /home/airflow/.local/lib/python3.8/site-packages/airflow/example_dags/example_complex.py
[2024-01-10T08:36:09.275+0000] {processor.py:840} INFO - DAG(s) 'example_complex' retrieved from /home/airflow/.local/lib/python3.8/site-packages/airflow/example_dags/example_complex.py
[2024-01-10T08:36:09.304+0000] {logging_mixin.py:188} INFO - [2024-01-10T08:36:09.304+0000] {dag.py:3033} INFO - Sync 1 DAGs
[2024-01-10T08:36:09.313+0000] {logging_mixin.py:188} INFO - [2024-01-10T08:36:09.313+0000] {dag.py:3820} INFO - Setting next_dagrun for example_complex to None, run_after=None
[2024-01-10T08:36:09.329+0000] {processor.py:183} INFO - Processing /home/airflow/.local/lib/python3.8/site-packages/airflow/example_dags/example_complex.py took 0.199 seconds
