[2024-01-10T07:14:21.396+0000] {processor.py:161} INFO - Started process (PID=76) to work on /home/airflow/.local/lib/python3.8/site-packages/airflow/example_dags/example_xcom.py
[2024-01-10T07:14:21.400+0000] {processor.py:830} INFO - Processing file /home/airflow/.local/lib/python3.8/site-packages/airflow/example_dags/example_xcom.py for tasks to queue
[2024-01-10T07:14:21.405+0000] {logging_mixin.py:188} INFO - [2024-01-10T07:14:21.404+0000] {dagbag.py:538} INFO - Filling up the DagBag from /home/airflow/.local/lib/python3.8/site-packages/airflow/example_dags/example_xcom.py
[2024-01-10T07:14:21.421+0000] {processor.py:840} INFO - DAG(s) 'example_xcom' retrieved from /home/airflow/.local/lib/python3.8/site-packages/airflow/example_dags/example_xcom.py
[2024-01-10T07:14:21.461+0000] {logging_mixin.py:188} INFO - [2024-01-10T07:14:21.460+0000] {dag.py:3033} INFO - Sync 1 DAGs
[2024-01-10T07:14:21.493+0000] {logging_mixin.py:188} INFO - [2024-01-10T07:14:21.493+0000] {dag.py:3820} INFO - Setting next_dagrun for example_xcom to 2021-01-01T00:00:00+00:00, run_after=2021-01-01T00:00:00+00:00
[2024-01-10T07:14:21.529+0000] {processor.py:183} INFO - Processing /home/airflow/.local/lib/python3.8/site-packages/airflow/example_dags/example_xcom.py took 0.139 seconds
[2024-01-10T07:14:51.897+0000] {processor.py:161} INFO - Started process (PID=131) to work on /home/airflow/.local/lib/python3.8/site-packages/airflow/example_dags/example_xcom.py
[2024-01-10T07:14:51.898+0000] {processor.py:830} INFO - Processing file /home/airflow/.local/lib/python3.8/site-packages/airflow/example_dags/example_xcom.py for tasks to queue
[2024-01-10T07:14:51.900+0000] {logging_mixin.py:188} INFO - [2024-01-10T07:14:51.900+0000] {dagbag.py:538} INFO - Filling up the DagBag from /home/airflow/.local/lib/python3.8/site-packages/airflow/example_dags/example_xcom.py
[2024-01-10T07:14:51.908+0000] {processor.py:840} INFO - DAG(s) 'example_xcom' retrieved from /home/airflow/.local/lib/python3.8/site-packages/airflow/example_dags/example_xcom.py
[2024-01-10T07:14:51.930+0000] {logging_mixin.py:188} INFO - [2024-01-10T07:14:51.930+0000] {dag.py:3033} INFO - Sync 1 DAGs
[2024-01-10T07:14:51.952+0000] {logging_mixin.py:188} INFO - [2024-01-10T07:14:51.951+0000] {dag.py:3820} INFO - Setting next_dagrun for example_xcom to 2021-01-01T00:00:00+00:00, run_after=2021-01-01T00:00:00+00:00
[2024-01-10T07:14:51.971+0000] {processor.py:183} INFO - Processing /home/airflow/.local/lib/python3.8/site-packages/airflow/example_dags/example_xcom.py took 0.077 seconds
[2024-01-10T07:15:22.677+0000] {processor.py:161} INFO - Started process (PID=186) to work on /home/airflow/.local/lib/python3.8/site-packages/airflow/example_dags/example_xcom.py
[2024-01-10T07:15:22.678+0000] {processor.py:830} INFO - Processing file /home/airflow/.local/lib/python3.8/site-packages/airflow/example_dags/example_xcom.py for tasks to queue
[2024-01-10T07:15:22.680+0000] {logging_mixin.py:188} INFO - [2024-01-10T07:15:22.680+0000] {dagbag.py:538} INFO - Filling up the DagBag from /home/airflow/.local/lib/python3.8/site-packages/airflow/example_dags/example_xcom.py
[2024-01-10T07:15:22.688+0000] {processor.py:840} INFO - DAG(s) 'example_xcom' retrieved from /home/airflow/.local/lib/python3.8/site-packages/airflow/example_dags/example_xcom.py
[2024-01-10T07:15:22.712+0000] {logging_mixin.py:188} INFO - [2024-01-10T07:15:22.712+0000] {dag.py:3033} INFO - Sync 1 DAGs
[2024-01-10T07:15:22.734+0000] {logging_mixin.py:188} INFO - [2024-01-10T07:15:22.734+0000] {dag.py:3820} INFO - Setting next_dagrun for example_xcom to 2021-01-01T00:00:00+00:00, run_after=2021-01-01T00:00:00+00:00
[2024-01-10T07:15:22.751+0000] {processor.py:183} INFO - Processing /home/airflow/.local/lib/python3.8/site-packages/airflow/example_dags/example_xcom.py took 0.078 seconds
[2024-01-10T07:15:53.118+0000] {processor.py:161} INFO - Started process (PID=240) to work on /home/airflow/.local/lib/python3.8/site-packages/airflow/example_dags/example_xcom.py
[2024-01-10T07:15:53.121+0000] {processor.py:830} INFO - Processing file /home/airflow/.local/lib/python3.8/site-packages/airflow/example_dags/example_xcom.py for tasks to queue
[2024-01-10T07:15:53.124+0000] {logging_mixin.py:188} INFO - [2024-01-10T07:15:53.124+0000] {dagbag.py:538} INFO - Filling up the DagBag from /home/airflow/.local/lib/python3.8/site-packages/airflow/example_dags/example_xcom.py
[2024-01-10T07:15:53.134+0000] {processor.py:840} INFO - DAG(s) 'example_xcom' retrieved from /home/airflow/.local/lib/python3.8/site-packages/airflow/example_dags/example_xcom.py
[2024-01-10T07:15:53.158+0000] {logging_mixin.py:188} INFO - [2024-01-10T07:15:53.158+0000] {dag.py:3033} INFO - Sync 1 DAGs
[2024-01-10T07:15:53.183+0000] {logging_mixin.py:188} INFO - [2024-01-10T07:15:53.182+0000] {dag.py:3820} INFO - Setting next_dagrun for example_xcom to 2021-01-01T00:00:00+00:00, run_after=2021-01-01T00:00:00+00:00
[2024-01-10T07:15:53.210+0000] {processor.py:183} INFO - Processing /home/airflow/.local/lib/python3.8/site-packages/airflow/example_dags/example_xcom.py took 0.099 seconds
[2024-01-10T07:16:23.648+0000] {processor.py:161} INFO - Started process (PID=295) to work on /home/airflow/.local/lib/python3.8/site-packages/airflow/example_dags/example_xcom.py
[2024-01-10T07:16:23.649+0000] {processor.py:830} INFO - Processing file /home/airflow/.local/lib/python3.8/site-packages/airflow/example_dags/example_xcom.py for tasks to queue
[2024-01-10T07:16:23.651+0000] {logging_mixin.py:188} INFO - [2024-01-10T07:16:23.650+0000] {dagbag.py:538} INFO - Filling up the DagBag from /home/airflow/.local/lib/python3.8/site-packages/airflow/example_dags/example_xcom.py
[2024-01-10T07:16:23.656+0000] {processor.py:840} INFO - DAG(s) 'example_xcom' retrieved from /home/airflow/.local/lib/python3.8/site-packages/airflow/example_dags/example_xcom.py
[2024-01-10T07:16:23.672+0000] {logging_mixin.py:188} INFO - [2024-01-10T07:16:23.672+0000] {dag.py:3033} INFO - Sync 1 DAGs
[2024-01-10T07:16:23.688+0000] {logging_mixin.py:188} INFO - [2024-01-10T07:16:23.688+0000] {dag.py:3820} INFO - Setting next_dagrun for example_xcom to 2021-01-01T00:00:00+00:00, run_after=2021-01-01T00:00:00+00:00
[2024-01-10T07:16:23.701+0000] {processor.py:183} INFO - Processing /home/airflow/.local/lib/python3.8/site-packages/airflow/example_dags/example_xcom.py took 0.056 seconds
[2024-01-10T07:16:54.203+0000] {processor.py:161} INFO - Started process (PID=350) to work on /home/airflow/.local/lib/python3.8/site-packages/airflow/example_dags/example_xcom.py
[2024-01-10T07:16:54.203+0000] {processor.py:830} INFO - Processing file /home/airflow/.local/lib/python3.8/site-packages/airflow/example_dags/example_xcom.py for tasks to queue
[2024-01-10T07:16:54.205+0000] {logging_mixin.py:188} INFO - [2024-01-10T07:16:54.205+0000] {dagbag.py:538} INFO - Filling up the DagBag from /home/airflow/.local/lib/python3.8/site-packages/airflow/example_dags/example_xcom.py
[2024-01-10T07:16:54.211+0000] {processor.py:840} INFO - DAG(s) 'example_xcom' retrieved from /home/airflow/.local/lib/python3.8/site-packages/airflow/example_dags/example_xcom.py
[2024-01-10T07:16:54.228+0000] {logging_mixin.py:188} INFO - [2024-01-10T07:16:54.228+0000] {dag.py:3033} INFO - Sync 1 DAGs
[2024-01-10T07:16:54.244+0000] {logging_mixin.py:188} INFO - [2024-01-10T07:16:54.244+0000] {dag.py:3820} INFO - Setting next_dagrun for example_xcom to 2021-01-01T00:00:00+00:00, run_after=2021-01-01T00:00:00+00:00
[2024-01-10T07:16:54.257+0000] {processor.py:183} INFO - Processing /home/airflow/.local/lib/python3.8/site-packages/airflow/example_dags/example_xcom.py took 0.057 seconds
[2024-01-10T07:17:24.875+0000] {processor.py:161} INFO - Started process (PID=405) to work on /home/airflow/.local/lib/python3.8/site-packages/airflow/example_dags/example_xcom.py
[2024-01-10T07:17:24.876+0000] {processor.py:830} INFO - Processing file /home/airflow/.local/lib/python3.8/site-packages/airflow/example_dags/example_xcom.py for tasks to queue
[2024-01-10T07:17:24.880+0000] {logging_mixin.py:188} INFO - [2024-01-10T07:17:24.879+0000] {dagbag.py:538} INFO - Filling up the DagBag from /home/airflow/.local/lib/python3.8/site-packages/airflow/example_dags/example_xcom.py
[2024-01-10T07:17:24.891+0000] {processor.py:840} INFO - DAG(s) 'example_xcom' retrieved from /home/airflow/.local/lib/python3.8/site-packages/airflow/example_dags/example_xcom.py
[2024-01-10T07:17:24.919+0000] {logging_mixin.py:188} INFO - [2024-01-10T07:17:24.919+0000] {dag.py:3033} INFO - Sync 1 DAGs
[2024-01-10T07:17:24.949+0000] {logging_mixin.py:188} INFO - [2024-01-10T07:17:24.949+0000] {dag.py:3820} INFO - Setting next_dagrun for example_xcom to 2021-01-01T00:00:00+00:00, run_after=2021-01-01T00:00:00+00:00
[2024-01-10T07:17:24.974+0000] {processor.py:183} INFO - Processing /home/airflow/.local/lib/python3.8/site-packages/airflow/example_dags/example_xcom.py took 0.105 seconds
[2024-01-10T07:17:55.471+0000] {processor.py:161} INFO - Started process (PID=460) to work on /home/airflow/.local/lib/python3.8/site-packages/airflow/example_dags/example_xcom.py
[2024-01-10T07:17:55.472+0000] {processor.py:830} INFO - Processing file /home/airflow/.local/lib/python3.8/site-packages/airflow/example_dags/example_xcom.py for tasks to queue
[2024-01-10T07:17:55.474+0000] {logging_mixin.py:188} INFO - [2024-01-10T07:17:55.474+0000] {dagbag.py:538} INFO - Filling up the DagBag from /home/airflow/.local/lib/python3.8/site-packages/airflow/example_dags/example_xcom.py
[2024-01-10T07:17:55.481+0000] {processor.py:840} INFO - DAG(s) 'example_xcom' retrieved from /home/airflow/.local/lib/python3.8/site-packages/airflow/example_dags/example_xcom.py
[2024-01-10T07:17:55.499+0000] {logging_mixin.py:188} INFO - [2024-01-10T07:17:55.498+0000] {dag.py:3033} INFO - Sync 1 DAGs
[2024-01-10T07:17:55.516+0000] {logging_mixin.py:188} INFO - [2024-01-10T07:17:55.516+0000] {dag.py:3820} INFO - Setting next_dagrun for example_xcom to 2021-01-01T00:00:00+00:00, run_after=2021-01-01T00:00:00+00:00
[2024-01-10T07:17:55.530+0000] {processor.py:183} INFO - Processing /home/airflow/.local/lib/python3.8/site-packages/airflow/example_dags/example_xcom.py took 0.063 seconds
[2024-01-10T07:18:25.905+0000] {processor.py:161} INFO - Started process (PID=515) to work on /home/airflow/.local/lib/python3.8/site-packages/airflow/example_dags/example_xcom.py
[2024-01-10T07:18:25.906+0000] {processor.py:830} INFO - Processing file /home/airflow/.local/lib/python3.8/site-packages/airflow/example_dags/example_xcom.py for tasks to queue
[2024-01-10T07:18:25.908+0000] {logging_mixin.py:188} INFO - [2024-01-10T07:18:25.908+0000] {dagbag.py:538} INFO - Filling up the DagBag from /home/airflow/.local/lib/python3.8/site-packages/airflow/example_dags/example_xcom.py
[2024-01-10T07:18:25.914+0000] {processor.py:840} INFO - DAG(s) 'example_xcom' retrieved from /home/airflow/.local/lib/python3.8/site-packages/airflow/example_dags/example_xcom.py
[2024-01-10T07:18:25.931+0000] {logging_mixin.py:188} INFO - [2024-01-10T07:18:25.931+0000] {dag.py:3033} INFO - Sync 1 DAGs
[2024-01-10T07:18:25.948+0000] {logging_mixin.py:188} INFO - [2024-01-10T07:18:25.948+0000] {dag.py:3820} INFO - Setting next_dagrun for example_xcom to 2021-01-01T00:00:00+00:00, run_after=2021-01-01T00:00:00+00:00
[2024-01-10T07:18:25.963+0000] {processor.py:183} INFO - Processing /home/airflow/.local/lib/python3.8/site-packages/airflow/example_dags/example_xcom.py took 0.061 seconds
[2024-01-10T07:18:56.401+0000] {processor.py:161} INFO - Started process (PID=570) to work on /home/airflow/.local/lib/python3.8/site-packages/airflow/example_dags/example_xcom.py
[2024-01-10T07:18:56.402+0000] {processor.py:830} INFO - Processing file /home/airflow/.local/lib/python3.8/site-packages/airflow/example_dags/example_xcom.py for tasks to queue
[2024-01-10T07:18:56.405+0000] {logging_mixin.py:188} INFO - [2024-01-10T07:18:56.404+0000] {dagbag.py:538} INFO - Filling up the DagBag from /home/airflow/.local/lib/python3.8/site-packages/airflow/example_dags/example_xcom.py
[2024-01-10T07:18:56.412+0000] {processor.py:840} INFO - DAG(s) 'example_xcom' retrieved from /home/airflow/.local/lib/python3.8/site-packages/airflow/example_dags/example_xcom.py
[2024-01-10T07:18:56.433+0000] {logging_mixin.py:188} INFO - [2024-01-10T07:18:56.433+0000] {dag.py:3033} INFO - Sync 1 DAGs
[2024-01-10T07:18:56.453+0000] {logging_mixin.py:188} INFO - [2024-01-10T07:18:56.453+0000] {dag.py:3820} INFO - Setting next_dagrun for example_xcom to 2021-01-01T00:00:00+00:00, run_after=2021-01-01T00:00:00+00:00
[2024-01-10T07:18:56.473+0000] {processor.py:183} INFO - Processing /home/airflow/.local/lib/python3.8/site-packages/airflow/example_dags/example_xcom.py took 0.076 seconds
[2024-01-10T07:19:27.526+0000] {processor.py:161} INFO - Started process (PID=631) to work on /home/airflow/.local/lib/python3.8/site-packages/airflow/example_dags/example_xcom.py
[2024-01-10T07:19:27.528+0000] {processor.py:830} INFO - Processing file /home/airflow/.local/lib/python3.8/site-packages/airflow/example_dags/example_xcom.py for tasks to queue
[2024-01-10T07:19:27.532+0000] {logging_mixin.py:188} INFO - [2024-01-10T07:19:27.531+0000] {dagbag.py:538} INFO - Filling up the DagBag from /home/airflow/.local/lib/python3.8/site-packages/airflow/example_dags/example_xcom.py
[2024-01-10T07:19:27.545+0000] {processor.py:840} INFO - DAG(s) 'example_xcom' retrieved from /home/airflow/.local/lib/python3.8/site-packages/airflow/example_dags/example_xcom.py
[2024-01-10T07:19:27.577+0000] {logging_mixin.py:188} INFO - [2024-01-10T07:19:27.577+0000] {dag.py:3033} INFO - Sync 1 DAGs
[2024-01-10T07:19:27.612+0000] {logging_mixin.py:188} INFO - [2024-01-10T07:19:27.611+0000] {dag.py:3820} INFO - Setting next_dagrun for example_xcom to 2021-01-01T00:00:00+00:00, run_after=2021-01-01T00:00:00+00:00
[2024-01-10T07:19:27.647+0000] {processor.py:183} INFO - Processing /home/airflow/.local/lib/python3.8/site-packages/airflow/example_dags/example_xcom.py took 0.126 seconds
[2024-01-10T07:19:58.350+0000] {processor.py:161} INFO - Started process (PID=686) to work on /home/airflow/.local/lib/python3.8/site-packages/airflow/example_dags/example_xcom.py
[2024-01-10T07:19:58.351+0000] {processor.py:830} INFO - Processing file /home/airflow/.local/lib/python3.8/site-packages/airflow/example_dags/example_xcom.py for tasks to queue
[2024-01-10T07:19:58.355+0000] {logging_mixin.py:188} INFO - [2024-01-10T07:19:58.354+0000] {dagbag.py:538} INFO - Filling up the DagBag from /home/airflow/.local/lib/python3.8/site-packages/airflow/example_dags/example_xcom.py
[2024-01-10T07:19:58.364+0000] {processor.py:840} INFO - DAG(s) 'example_xcom' retrieved from /home/airflow/.local/lib/python3.8/site-packages/airflow/example_dags/example_xcom.py
[2024-01-10T07:19:58.388+0000] {logging_mixin.py:188} INFO - [2024-01-10T07:19:58.388+0000] {dag.py:3033} INFO - Sync 1 DAGs
[2024-01-10T07:19:58.412+0000] {logging_mixin.py:188} INFO - [2024-01-10T07:19:58.412+0000] {dag.py:3820} INFO - Setting next_dagrun for example_xcom to 2021-01-01T00:00:00+00:00, run_after=2021-01-01T00:00:00+00:00
[2024-01-10T07:19:58.431+0000] {processor.py:183} INFO - Processing /home/airflow/.local/lib/python3.8/site-packages/airflow/example_dags/example_xcom.py took 0.085 seconds
[2024-01-10T07:20:30.122+0000] {processor.py:161} INFO - Started process (PID=742) to work on /home/airflow/.local/lib/python3.8/site-packages/airflow/example_dags/example_xcom.py
[2024-01-10T07:20:30.127+0000] {processor.py:830} INFO - Processing file /home/airflow/.local/lib/python3.8/site-packages/airflow/example_dags/example_xcom.py for tasks to queue
[2024-01-10T07:20:30.134+0000] {logging_mixin.py:188} INFO - [2024-01-10T07:20:30.132+0000] {dagbag.py:538} INFO - Filling up the DagBag from /home/airflow/.local/lib/python3.8/site-packages/airflow/example_dags/example_xcom.py
[2024-01-10T07:20:30.156+0000] {processor.py:840} INFO - DAG(s) 'example_xcom' retrieved from /home/airflow/.local/lib/python3.8/site-packages/airflow/example_dags/example_xcom.py
[2024-01-10T07:20:30.210+0000] {logging_mixin.py:188} INFO - [2024-01-10T07:20:30.210+0000] {dag.py:3033} INFO - Sync 1 DAGs
[2024-01-10T07:20:30.262+0000] {logging_mixin.py:188} INFO - [2024-01-10T07:20:30.262+0000] {dag.py:3820} INFO - Setting next_dagrun for example_xcom to 2021-01-01T00:00:00+00:00, run_after=2021-01-01T00:00:00+00:00
[2024-01-10T07:20:30.299+0000] {processor.py:183} INFO - Processing /home/airflow/.local/lib/python3.8/site-packages/airflow/example_dags/example_xcom.py took 0.189 seconds
[2024-01-10T07:21:00.556+0000] {processor.py:161} INFO - Started process (PID=797) to work on /home/airflow/.local/lib/python3.8/site-packages/airflow/example_dags/example_xcom.py
[2024-01-10T07:21:00.558+0000] {processor.py:830} INFO - Processing file /home/airflow/.local/lib/python3.8/site-packages/airflow/example_dags/example_xcom.py for tasks to queue
[2024-01-10T07:21:00.561+0000] {logging_mixin.py:188} INFO - [2024-01-10T07:21:00.561+0000] {dagbag.py:538} INFO - Filling up the DagBag from /home/airflow/.local/lib/python3.8/site-packages/airflow/example_dags/example_xcom.py
[2024-01-10T07:21:00.572+0000] {processor.py:840} INFO - DAG(s) 'example_xcom' retrieved from /home/airflow/.local/lib/python3.8/site-packages/airflow/example_dags/example_xcom.py
[2024-01-10T07:21:00.610+0000] {logging_mixin.py:188} INFO - [2024-01-10T07:21:00.609+0000] {dag.py:3033} INFO - Sync 1 DAGs
[2024-01-10T07:21:00.652+0000] {logging_mixin.py:188} INFO - [2024-01-10T07:21:00.652+0000] {dag.py:3820} INFO - Setting next_dagrun for example_xcom to 2021-01-01T00:00:00+00:00, run_after=2021-01-01T00:00:00+00:00
[2024-01-10T07:21:00.702+0000] {processor.py:183} INFO - Processing /home/airflow/.local/lib/python3.8/site-packages/airflow/example_dags/example_xcom.py took 0.152 seconds
[2024-01-10T07:21:31.495+0000] {processor.py:161} INFO - Started process (PID=852) to work on /home/airflow/.local/lib/python3.8/site-packages/airflow/example_dags/example_xcom.py
[2024-01-10T07:21:31.497+0000] {processor.py:830} INFO - Processing file /home/airflow/.local/lib/python3.8/site-packages/airflow/example_dags/example_xcom.py for tasks to queue
[2024-01-10T07:21:31.502+0000] {logging_mixin.py:188} INFO - [2024-01-10T07:21:31.501+0000] {dagbag.py:538} INFO - Filling up the DagBag from /home/airflow/.local/lib/python3.8/site-packages/airflow/example_dags/example_xcom.py
[2024-01-10T07:21:31.517+0000] {processor.py:840} INFO - DAG(s) 'example_xcom' retrieved from /home/airflow/.local/lib/python3.8/site-packages/airflow/example_dags/example_xcom.py
[2024-01-10T07:21:31.547+0000] {logging_mixin.py:188} INFO - [2024-01-10T07:21:31.547+0000] {dag.py:3033} INFO - Sync 1 DAGs
[2024-01-10T07:21:31.578+0000] {logging_mixin.py:188} INFO - [2024-01-10T07:21:31.578+0000] {dag.py:3820} INFO - Setting next_dagrun for example_xcom to 2021-01-01T00:00:00+00:00, run_after=2021-01-01T00:00:00+00:00
[2024-01-10T07:21:31.606+0000] {processor.py:183} INFO - Processing /home/airflow/.local/lib/python3.8/site-packages/airflow/example_dags/example_xcom.py took 0.117 seconds
[2024-01-10T07:22:01.702+0000] {processor.py:161} INFO - Started process (PID=907) to work on /home/airflow/.local/lib/python3.8/site-packages/airflow/example_dags/example_xcom.py
[2024-01-10T07:22:01.703+0000] {processor.py:830} INFO - Processing file /home/airflow/.local/lib/python3.8/site-packages/airflow/example_dags/example_xcom.py for tasks to queue
[2024-01-10T07:22:01.705+0000] {logging_mixin.py:188} INFO - [2024-01-10T07:22:01.705+0000] {dagbag.py:538} INFO - Filling up the DagBag from /home/airflow/.local/lib/python3.8/site-packages/airflow/example_dags/example_xcom.py
[2024-01-10T07:22:01.713+0000] {processor.py:840} INFO - DAG(s) 'example_xcom' retrieved from /home/airflow/.local/lib/python3.8/site-packages/airflow/example_dags/example_xcom.py
[2024-01-10T07:22:01.737+0000] {logging_mixin.py:188} INFO - [2024-01-10T07:22:01.737+0000] {dag.py:3033} INFO - Sync 1 DAGs
[2024-01-10T07:22:01.764+0000] {logging_mixin.py:188} INFO - [2024-01-10T07:22:01.763+0000] {dag.py:3820} INFO - Setting next_dagrun for example_xcom to 2021-01-01T00:00:00+00:00, run_after=2021-01-01T00:00:00+00:00
[2024-01-10T07:22:01.783+0000] {processor.py:183} INFO - Processing /home/airflow/.local/lib/python3.8/site-packages/airflow/example_dags/example_xcom.py took 0.085 seconds
[2024-01-10T07:22:31.817+0000] {processor.py:161} INFO - Started process (PID=963) to work on /home/airflow/.local/lib/python3.8/site-packages/airflow/example_dags/example_xcom.py
[2024-01-10T07:22:31.818+0000] {processor.py:830} INFO - Processing file /home/airflow/.local/lib/python3.8/site-packages/airflow/example_dags/example_xcom.py for tasks to queue
[2024-01-10T07:22:31.820+0000] {logging_mixin.py:188} INFO - [2024-01-10T07:22:31.820+0000] {dagbag.py:538} INFO - Filling up the DagBag from /home/airflow/.local/lib/python3.8/site-packages/airflow/example_dags/example_xcom.py
[2024-01-10T07:22:31.828+0000] {processor.py:840} INFO - DAG(s) 'example_xcom' retrieved from /home/airflow/.local/lib/python3.8/site-packages/airflow/example_dags/example_xcom.py
[2024-01-10T07:22:31.849+0000] {logging_mixin.py:188} INFO - [2024-01-10T07:22:31.848+0000] {dag.py:3033} INFO - Sync 1 DAGs
[2024-01-10T07:22:31.869+0000] {logging_mixin.py:188} INFO - [2024-01-10T07:22:31.868+0000] {dag.py:3820} INFO - Setting next_dagrun for example_xcom to 2021-01-01T00:00:00+00:00, run_after=2021-01-01T00:00:00+00:00
[2024-01-10T07:22:31.883+0000] {processor.py:183} INFO - Processing /home/airflow/.local/lib/python3.8/site-packages/airflow/example_dags/example_xcom.py took 0.069 seconds
[2024-01-10T07:23:02.485+0000] {processor.py:161} INFO - Started process (PID=1017) to work on /home/airflow/.local/lib/python3.8/site-packages/airflow/example_dags/example_xcom.py
[2024-01-10T07:23:02.487+0000] {processor.py:830} INFO - Processing file /home/airflow/.local/lib/python3.8/site-packages/airflow/example_dags/example_xcom.py for tasks to queue
[2024-01-10T07:23:02.490+0000] {logging_mixin.py:188} INFO - [2024-01-10T07:23:02.490+0000] {dagbag.py:538} INFO - Filling up the DagBag from /home/airflow/.local/lib/python3.8/site-packages/airflow/example_dags/example_xcom.py
[2024-01-10T07:23:02.501+0000] {processor.py:840} INFO - DAG(s) 'example_xcom' retrieved from /home/airflow/.local/lib/python3.8/site-packages/airflow/example_dags/example_xcom.py
[2024-01-10T07:23:02.530+0000] {logging_mixin.py:188} INFO - [2024-01-10T07:23:02.529+0000] {dag.py:3033} INFO - Sync 1 DAGs
[2024-01-10T07:23:02.559+0000] {logging_mixin.py:188} INFO - [2024-01-10T07:23:02.558+0000] {dag.py:3820} INFO - Setting next_dagrun for example_xcom to 2021-01-01T00:00:00+00:00, run_after=2021-01-01T00:00:00+00:00
[2024-01-10T07:23:02.581+0000] {processor.py:183} INFO - Processing /home/airflow/.local/lib/python3.8/site-packages/airflow/example_dags/example_xcom.py took 0.101 seconds
[2024-01-10T07:23:33.607+0000] {processor.py:161} INFO - Started process (PID=1072) to work on /home/airflow/.local/lib/python3.8/site-packages/airflow/example_dags/example_xcom.py
[2024-01-10T07:23:33.610+0000] {processor.py:830} INFO - Processing file /home/airflow/.local/lib/python3.8/site-packages/airflow/example_dags/example_xcom.py for tasks to queue
[2024-01-10T07:23:33.614+0000] {logging_mixin.py:188} INFO - [2024-01-10T07:23:33.614+0000] {dagbag.py:538} INFO - Filling up the DagBag from /home/airflow/.local/lib/python3.8/site-packages/airflow/example_dags/example_xcom.py
[2024-01-10T07:23:33.628+0000] {processor.py:840} INFO - DAG(s) 'example_xcom' retrieved from /home/airflow/.local/lib/python3.8/site-packages/airflow/example_dags/example_xcom.py
[2024-01-10T07:23:33.668+0000] {logging_mixin.py:188} INFO - [2024-01-10T07:23:33.668+0000] {dag.py:3033} INFO - Sync 1 DAGs
[2024-01-10T07:23:33.705+0000] {logging_mixin.py:188} INFO - [2024-01-10T07:23:33.704+0000] {dag.py:3820} INFO - Setting next_dagrun for example_xcom to 2021-01-01T00:00:00+00:00, run_after=2021-01-01T00:00:00+00:00
[2024-01-10T07:23:33.731+0000] {processor.py:183} INFO - Processing /home/airflow/.local/lib/python3.8/site-packages/airflow/example_dags/example_xcom.py took 0.131 seconds
[2024-01-10T07:24:04.444+0000] {processor.py:161} INFO - Started process (PID=1126) to work on /home/airflow/.local/lib/python3.8/site-packages/airflow/example_dags/example_xcom.py
[2024-01-10T07:24:04.447+0000] {processor.py:830} INFO - Processing file /home/airflow/.local/lib/python3.8/site-packages/airflow/example_dags/example_xcom.py for tasks to queue
[2024-01-10T07:24:04.453+0000] {logging_mixin.py:188} INFO - [2024-01-10T07:24:04.453+0000] {dagbag.py:538} INFO - Filling up the DagBag from /home/airflow/.local/lib/python3.8/site-packages/airflow/example_dags/example_xcom.py
[2024-01-10T07:24:04.471+0000] {processor.py:840} INFO - DAG(s) 'example_xcom' retrieved from /home/airflow/.local/lib/python3.8/site-packages/airflow/example_dags/example_xcom.py
[2024-01-10T07:24:04.524+0000] {logging_mixin.py:188} INFO - [2024-01-10T07:24:04.524+0000] {dag.py:3033} INFO - Sync 1 DAGs
[2024-01-10T07:24:04.575+0000] {logging_mixin.py:188} INFO - [2024-01-10T07:24:04.575+0000] {dag.py:3820} INFO - Setting next_dagrun for example_xcom to 2021-01-01T00:00:00+00:00, run_after=2021-01-01T00:00:00+00:00
[2024-01-10T07:24:04.618+0000] {processor.py:183} INFO - Processing /home/airflow/.local/lib/python3.8/site-packages/airflow/example_dags/example_xcom.py took 0.180 seconds
[2024-01-10T07:24:35.159+0000] {processor.py:161} INFO - Started process (PID=1181) to work on /home/airflow/.local/lib/python3.8/site-packages/airflow/example_dags/example_xcom.py
[2024-01-10T07:24:35.160+0000] {processor.py:830} INFO - Processing file /home/airflow/.local/lib/python3.8/site-packages/airflow/example_dags/example_xcom.py for tasks to queue
[2024-01-10T07:24:35.162+0000] {logging_mixin.py:188} INFO - [2024-01-10T07:24:35.162+0000] {dagbag.py:538} INFO - Filling up the DagBag from /home/airflow/.local/lib/python3.8/site-packages/airflow/example_dags/example_xcom.py
[2024-01-10T07:24:35.168+0000] {processor.py:840} INFO - DAG(s) 'example_xcom' retrieved from /home/airflow/.local/lib/python3.8/site-packages/airflow/example_dags/example_xcom.py
[2024-01-10T07:24:35.187+0000] {logging_mixin.py:188} INFO - [2024-01-10T07:24:35.187+0000] {dag.py:3033} INFO - Sync 1 DAGs
[2024-01-10T07:24:35.205+0000] {logging_mixin.py:188} INFO - [2024-01-10T07:24:35.205+0000] {dag.py:3820} INFO - Setting next_dagrun for example_xcom to 2021-01-01T00:00:00+00:00, run_after=2021-01-01T00:00:00+00:00
[2024-01-10T07:24:35.221+0000] {processor.py:183} INFO - Processing /home/airflow/.local/lib/python3.8/site-packages/airflow/example_dags/example_xcom.py took 0.065 seconds
[2024-01-10T07:25:06.478+0000] {processor.py:161} INFO - Started process (PID=1236) to work on /home/airflow/.local/lib/python3.8/site-packages/airflow/example_dags/example_xcom.py
[2024-01-10T07:25:06.479+0000] {processor.py:830} INFO - Processing file /home/airflow/.local/lib/python3.8/site-packages/airflow/example_dags/example_xcom.py for tasks to queue
[2024-01-10T07:25:06.481+0000] {logging_mixin.py:188} INFO - [2024-01-10T07:25:06.480+0000] {dagbag.py:538} INFO - Filling up the DagBag from /home/airflow/.local/lib/python3.8/site-packages/airflow/example_dags/example_xcom.py
[2024-01-10T07:25:06.487+0000] {processor.py:840} INFO - DAG(s) 'example_xcom' retrieved from /home/airflow/.local/lib/python3.8/site-packages/airflow/example_dags/example_xcom.py
[2024-01-10T07:25:06.503+0000] {logging_mixin.py:188} INFO - [2024-01-10T07:25:06.503+0000] {dag.py:3033} INFO - Sync 1 DAGs
[2024-01-10T07:25:06.519+0000] {logging_mixin.py:188} INFO - [2024-01-10T07:25:06.519+0000] {dag.py:3820} INFO - Setting next_dagrun for example_xcom to 2021-01-01T00:00:00+00:00, run_after=2021-01-01T00:00:00+00:00
[2024-01-10T07:25:06.532+0000] {processor.py:183} INFO - Processing /home/airflow/.local/lib/python3.8/site-packages/airflow/example_dags/example_xcom.py took 0.057 seconds
[2024-01-10T07:25:36.683+0000] {processor.py:161} INFO - Started process (PID=1291) to work on /home/airflow/.local/lib/python3.8/site-packages/airflow/example_dags/example_xcom.py
[2024-01-10T07:25:36.684+0000] {processor.py:830} INFO - Processing file /home/airflow/.local/lib/python3.8/site-packages/airflow/example_dags/example_xcom.py for tasks to queue
[2024-01-10T07:25:36.687+0000] {logging_mixin.py:188} INFO - [2024-01-10T07:25:36.686+0000] {dagbag.py:538} INFO - Filling up the DagBag from /home/airflow/.local/lib/python3.8/site-packages/airflow/example_dags/example_xcom.py
[2024-01-10T07:25:36.695+0000] {processor.py:840} INFO - DAG(s) 'example_xcom' retrieved from /home/airflow/.local/lib/python3.8/site-packages/airflow/example_dags/example_xcom.py
[2024-01-10T07:25:36.713+0000] {logging_mixin.py:188} INFO - [2024-01-10T07:25:36.713+0000] {dag.py:3033} INFO - Sync 1 DAGs
[2024-01-10T07:25:36.732+0000] {logging_mixin.py:188} INFO - [2024-01-10T07:25:36.732+0000] {dag.py:3820} INFO - Setting next_dagrun for example_xcom to 2021-01-01T00:00:00+00:00, run_after=2021-01-01T00:00:00+00:00
[2024-01-10T07:25:36.748+0000] {processor.py:183} INFO - Processing /home/airflow/.local/lib/python3.8/site-packages/airflow/example_dags/example_xcom.py took 0.068 seconds
[2024-01-10T07:26:06.920+0000] {processor.py:161} INFO - Started process (PID=1346) to work on /home/airflow/.local/lib/python3.8/site-packages/airflow/example_dags/example_xcom.py
[2024-01-10T07:26:06.924+0000] {processor.py:830} INFO - Processing file /home/airflow/.local/lib/python3.8/site-packages/airflow/example_dags/example_xcom.py for tasks to queue
[2024-01-10T07:26:06.926+0000] {logging_mixin.py:188} INFO - [2024-01-10T07:26:06.926+0000] {dagbag.py:538} INFO - Filling up the DagBag from /home/airflow/.local/lib/python3.8/site-packages/airflow/example_dags/example_xcom.py
[2024-01-10T07:26:06.933+0000] {processor.py:840} INFO - DAG(s) 'example_xcom' retrieved from /home/airflow/.local/lib/python3.8/site-packages/airflow/example_dags/example_xcom.py
[2024-01-10T07:26:06.949+0000] {logging_mixin.py:188} INFO - [2024-01-10T07:26:06.949+0000] {dag.py:3033} INFO - Sync 1 DAGs
[2024-01-10T07:26:06.964+0000] {logging_mixin.py:188} INFO - [2024-01-10T07:26:06.964+0000] {dag.py:3820} INFO - Setting next_dagrun for example_xcom to 2021-01-01T00:00:00+00:00, run_after=2021-01-01T00:00:00+00:00
[2024-01-10T07:26:06.977+0000] {processor.py:183} INFO - Processing /home/airflow/.local/lib/python3.8/site-packages/airflow/example_dags/example_xcom.py took 0.060 seconds
[2024-01-10T07:26:37.087+0000] {processor.py:161} INFO - Started process (PID=1401) to work on /home/airflow/.local/lib/python3.8/site-packages/airflow/example_dags/example_xcom.py
[2024-01-10T07:26:37.088+0000] {processor.py:830} INFO - Processing file /home/airflow/.local/lib/python3.8/site-packages/airflow/example_dags/example_xcom.py for tasks to queue
[2024-01-10T07:26:37.090+0000] {logging_mixin.py:188} INFO - [2024-01-10T07:26:37.089+0000] {dagbag.py:538} INFO - Filling up the DagBag from /home/airflow/.local/lib/python3.8/site-packages/airflow/example_dags/example_xcom.py
[2024-01-10T07:26:37.096+0000] {processor.py:840} INFO - DAG(s) 'example_xcom' retrieved from /home/airflow/.local/lib/python3.8/site-packages/airflow/example_dags/example_xcom.py
[2024-01-10T07:26:37.113+0000] {logging_mixin.py:188} INFO - [2024-01-10T07:26:37.112+0000] {dag.py:3033} INFO - Sync 1 DAGs
[2024-01-10T07:26:37.130+0000] {logging_mixin.py:188} INFO - [2024-01-10T07:26:37.129+0000] {dag.py:3820} INFO - Setting next_dagrun for example_xcom to 2021-01-01T00:00:00+00:00, run_after=2021-01-01T00:00:00+00:00
[2024-01-10T07:26:37.143+0000] {processor.py:183} INFO - Processing /home/airflow/.local/lib/python3.8/site-packages/airflow/example_dags/example_xcom.py took 0.059 seconds
[2024-01-10T07:27:07.934+0000] {processor.py:161} INFO - Started process (PID=1456) to work on /home/airflow/.local/lib/python3.8/site-packages/airflow/example_dags/example_xcom.py
[2024-01-10T07:27:07.935+0000] {processor.py:830} INFO - Processing file /home/airflow/.local/lib/python3.8/site-packages/airflow/example_dags/example_xcom.py for tasks to queue
[2024-01-10T07:27:07.938+0000] {logging_mixin.py:188} INFO - [2024-01-10T07:27:07.938+0000] {dagbag.py:538} INFO - Filling up the DagBag from /home/airflow/.local/lib/python3.8/site-packages/airflow/example_dags/example_xcom.py
[2024-01-10T07:27:07.949+0000] {processor.py:840} INFO - DAG(s) 'example_xcom' retrieved from /home/airflow/.local/lib/python3.8/site-packages/airflow/example_dags/example_xcom.py
[2024-01-10T07:27:07.978+0000] {logging_mixin.py:188} INFO - [2024-01-10T07:27:07.978+0000] {dag.py:3033} INFO - Sync 1 DAGs
[2024-01-10T07:27:08.005+0000] {logging_mixin.py:188} INFO - [2024-01-10T07:27:08.005+0000] {dag.py:3820} INFO - Setting next_dagrun for example_xcom to 2021-01-01T00:00:00+00:00, run_after=2021-01-01T00:00:00+00:00
[2024-01-10T07:27:08.029+0000] {processor.py:183} INFO - Processing /home/airflow/.local/lib/python3.8/site-packages/airflow/example_dags/example_xcom.py took 0.101 seconds
[2024-01-10T07:27:38.883+0000] {processor.py:161} INFO - Started process (PID=1511) to work on /home/airflow/.local/lib/python3.8/site-packages/airflow/example_dags/example_xcom.py
[2024-01-10T07:27:38.884+0000] {processor.py:830} INFO - Processing file /home/airflow/.local/lib/python3.8/site-packages/airflow/example_dags/example_xcom.py for tasks to queue
[2024-01-10T07:27:38.887+0000] {logging_mixin.py:188} INFO - [2024-01-10T07:27:38.887+0000] {dagbag.py:538} INFO - Filling up the DagBag from /home/airflow/.local/lib/python3.8/site-packages/airflow/example_dags/example_xcom.py
[2024-01-10T07:27:38.896+0000] {processor.py:840} INFO - DAG(s) 'example_xcom' retrieved from /home/airflow/.local/lib/python3.8/site-packages/airflow/example_dags/example_xcom.py
[2024-01-10T07:27:38.924+0000] {logging_mixin.py:188} INFO - [2024-01-10T07:27:38.924+0000] {dag.py:3033} INFO - Sync 1 DAGs
[2024-01-10T07:27:38.957+0000] {logging_mixin.py:188} INFO - [2024-01-10T07:27:38.956+0000] {dag.py:3820} INFO - Setting next_dagrun for example_xcom to 2021-01-01T00:00:00+00:00, run_after=2021-01-01T00:00:00+00:00
[2024-01-10T07:27:38.991+0000] {processor.py:183} INFO - Processing /home/airflow/.local/lib/python3.8/site-packages/airflow/example_dags/example_xcom.py took 0.114 seconds
[2024-01-10T07:28:09.159+0000] {processor.py:161} INFO - Started process (PID=1566) to work on /home/airflow/.local/lib/python3.8/site-packages/airflow/example_dags/example_xcom.py
[2024-01-10T07:28:09.160+0000] {processor.py:830} INFO - Processing file /home/airflow/.local/lib/python3.8/site-packages/airflow/example_dags/example_xcom.py for tasks to queue
[2024-01-10T07:28:09.161+0000] {logging_mixin.py:188} INFO - [2024-01-10T07:28:09.161+0000] {dagbag.py:538} INFO - Filling up the DagBag from /home/airflow/.local/lib/python3.8/site-packages/airflow/example_dags/example_xcom.py
[2024-01-10T07:28:09.167+0000] {processor.py:840} INFO - DAG(s) 'example_xcom' retrieved from /home/airflow/.local/lib/python3.8/site-packages/airflow/example_dags/example_xcom.py
[2024-01-10T07:28:09.185+0000] {logging_mixin.py:188} INFO - [2024-01-10T07:28:09.185+0000] {dag.py:3033} INFO - Sync 1 DAGs
[2024-01-10T07:28:09.201+0000] {logging_mixin.py:188} INFO - [2024-01-10T07:28:09.201+0000] {dag.py:3820} INFO - Setting next_dagrun for example_xcom to 2021-01-01T00:00:00+00:00, run_after=2021-01-01T00:00:00+00:00
[2024-01-10T07:28:09.215+0000] {processor.py:183} INFO - Processing /home/airflow/.local/lib/python3.8/site-packages/airflow/example_dags/example_xcom.py took 0.060 seconds
[2024-01-10T07:28:40.258+0000] {processor.py:161} INFO - Started process (PID=1621) to work on /home/airflow/.local/lib/python3.8/site-packages/airflow/example_dags/example_xcom.py
[2024-01-10T07:28:40.260+0000] {processor.py:830} INFO - Processing file /home/airflow/.local/lib/python3.8/site-packages/airflow/example_dags/example_xcom.py for tasks to queue
[2024-01-10T07:28:40.262+0000] {logging_mixin.py:188} INFO - [2024-01-10T07:28:40.262+0000] {dagbag.py:538} INFO - Filling up the DagBag from /home/airflow/.local/lib/python3.8/site-packages/airflow/example_dags/example_xcom.py
[2024-01-10T07:28:40.273+0000] {processor.py:840} INFO - DAG(s) 'example_xcom' retrieved from /home/airflow/.local/lib/python3.8/site-packages/airflow/example_dags/example_xcom.py
[2024-01-10T07:28:40.297+0000] {logging_mixin.py:188} INFO - [2024-01-10T07:28:40.297+0000] {dag.py:3033} INFO - Sync 1 DAGs
[2024-01-10T07:28:40.320+0000] {logging_mixin.py:188} INFO - [2024-01-10T07:28:40.319+0000] {dag.py:3820} INFO - Setting next_dagrun for example_xcom to 2021-01-01T00:00:00+00:00, run_after=2021-01-01T00:00:00+00:00
[2024-01-10T07:28:40.344+0000] {processor.py:183} INFO - Processing /home/airflow/.local/lib/python3.8/site-packages/airflow/example_dags/example_xcom.py took 0.089 seconds
[2024-01-10T07:29:10.760+0000] {processor.py:161} INFO - Started process (PID=1676) to work on /home/airflow/.local/lib/python3.8/site-packages/airflow/example_dags/example_xcom.py
[2024-01-10T07:29:10.761+0000] {processor.py:830} INFO - Processing file /home/airflow/.local/lib/python3.8/site-packages/airflow/example_dags/example_xcom.py for tasks to queue
[2024-01-10T07:29:10.763+0000] {logging_mixin.py:188} INFO - [2024-01-10T07:29:10.762+0000] {dagbag.py:538} INFO - Filling up the DagBag from /home/airflow/.local/lib/python3.8/site-packages/airflow/example_dags/example_xcom.py
[2024-01-10T07:29:10.769+0000] {processor.py:840} INFO - DAG(s) 'example_xcom' retrieved from /home/airflow/.local/lib/python3.8/site-packages/airflow/example_dags/example_xcom.py
[2024-01-10T07:29:10.786+0000] {logging_mixin.py:188} INFO - [2024-01-10T07:29:10.786+0000] {dag.py:3033} INFO - Sync 1 DAGs
[2024-01-10T07:29:10.802+0000] {logging_mixin.py:188} INFO - [2024-01-10T07:29:10.801+0000] {dag.py:3820} INFO - Setting next_dagrun for example_xcom to 2021-01-01T00:00:00+00:00, run_after=2021-01-01T00:00:00+00:00
[2024-01-10T07:29:10.815+0000] {processor.py:183} INFO - Processing /home/airflow/.local/lib/python3.8/site-packages/airflow/example_dags/example_xcom.py took 0.058 seconds
[2024-01-10T07:29:41.418+0000] {processor.py:161} INFO - Started process (PID=1731) to work on /home/airflow/.local/lib/python3.8/site-packages/airflow/example_dags/example_xcom.py
[2024-01-10T07:29:41.419+0000] {processor.py:830} INFO - Processing file /home/airflow/.local/lib/python3.8/site-packages/airflow/example_dags/example_xcom.py for tasks to queue
[2024-01-10T07:29:41.421+0000] {logging_mixin.py:188} INFO - [2024-01-10T07:29:41.421+0000] {dagbag.py:538} INFO - Filling up the DagBag from /home/airflow/.local/lib/python3.8/site-packages/airflow/example_dags/example_xcom.py
[2024-01-10T07:29:41.428+0000] {processor.py:840} INFO - DAG(s) 'example_xcom' retrieved from /home/airflow/.local/lib/python3.8/site-packages/airflow/example_dags/example_xcom.py
[2024-01-10T07:29:41.446+0000] {logging_mixin.py:188} INFO - [2024-01-10T07:29:41.446+0000] {dag.py:3033} INFO - Sync 1 DAGs
[2024-01-10T07:29:41.462+0000] {logging_mixin.py:188} INFO - [2024-01-10T07:29:41.462+0000] {dag.py:3820} INFO - Setting next_dagrun for example_xcom to 2021-01-01T00:00:00+00:00, run_after=2021-01-01T00:00:00+00:00
[2024-01-10T07:29:41.478+0000] {processor.py:183} INFO - Processing /home/airflow/.local/lib/python3.8/site-packages/airflow/example_dags/example_xcom.py took 0.064 seconds
[2024-01-10T07:30:11.577+0000] {processor.py:161} INFO - Started process (PID=1786) to work on /home/airflow/.local/lib/python3.8/site-packages/airflow/example_dags/example_xcom.py
[2024-01-10T07:30:11.579+0000] {processor.py:830} INFO - Processing file /home/airflow/.local/lib/python3.8/site-packages/airflow/example_dags/example_xcom.py for tasks to queue
[2024-01-10T07:30:11.581+0000] {logging_mixin.py:188} INFO - [2024-01-10T07:30:11.581+0000] {dagbag.py:538} INFO - Filling up the DagBag from /home/airflow/.local/lib/python3.8/site-packages/airflow/example_dags/example_xcom.py
[2024-01-10T07:30:11.590+0000] {processor.py:840} INFO - DAG(s) 'example_xcom' retrieved from /home/airflow/.local/lib/python3.8/site-packages/airflow/example_dags/example_xcom.py
[2024-01-10T07:30:11.614+0000] {logging_mixin.py:188} INFO - [2024-01-10T07:30:11.613+0000] {dag.py:3033} INFO - Sync 1 DAGs
[2024-01-10T07:30:11.634+0000] {logging_mixin.py:188} INFO - [2024-01-10T07:30:11.634+0000] {dag.py:3820} INFO - Setting next_dagrun for example_xcom to 2021-01-01T00:00:00+00:00, run_after=2021-01-01T00:00:00+00:00
[2024-01-10T07:30:11.655+0000] {processor.py:183} INFO - Processing /home/airflow/.local/lib/python3.8/site-packages/airflow/example_dags/example_xcom.py took 0.082 seconds
[2024-01-10T07:30:41.994+0000] {processor.py:161} INFO - Started process (PID=1841) to work on /home/airflow/.local/lib/python3.8/site-packages/airflow/example_dags/example_xcom.py
[2024-01-10T07:30:41.995+0000] {processor.py:830} INFO - Processing file /home/airflow/.local/lib/python3.8/site-packages/airflow/example_dags/example_xcom.py for tasks to queue
[2024-01-10T07:30:41.998+0000] {logging_mixin.py:188} INFO - [2024-01-10T07:30:41.998+0000] {dagbag.py:538} INFO - Filling up the DagBag from /home/airflow/.local/lib/python3.8/site-packages/airflow/example_dags/example_xcom.py
[2024-01-10T07:30:42.007+0000] {processor.py:840} INFO - DAG(s) 'example_xcom' retrieved from /home/airflow/.local/lib/python3.8/site-packages/airflow/example_dags/example_xcom.py
[2024-01-10T07:30:42.031+0000] {logging_mixin.py:188} INFO - [2024-01-10T07:30:42.031+0000] {dag.py:3033} INFO - Sync 1 DAGs
[2024-01-10T07:30:42.060+0000] {logging_mixin.py:188} INFO - [2024-01-10T07:30:42.060+0000] {dag.py:3820} INFO - Setting next_dagrun for example_xcom to 2021-01-01T00:00:00+00:00, run_after=2021-01-01T00:00:00+00:00
[2024-01-10T07:30:42.088+0000] {processor.py:183} INFO - Processing /home/airflow/.local/lib/python3.8/site-packages/airflow/example_dags/example_xcom.py took 0.098 seconds
[2024-01-10T07:31:12.309+0000] {processor.py:161} INFO - Started process (PID=1896) to work on /home/airflow/.local/lib/python3.8/site-packages/airflow/example_dags/example_xcom.py
[2024-01-10T07:31:12.310+0000] {processor.py:830} INFO - Processing file /home/airflow/.local/lib/python3.8/site-packages/airflow/example_dags/example_xcom.py for tasks to queue
[2024-01-10T07:31:12.312+0000] {logging_mixin.py:188} INFO - [2024-01-10T07:31:12.312+0000] {dagbag.py:538} INFO - Filling up the DagBag from /home/airflow/.local/lib/python3.8/site-packages/airflow/example_dags/example_xcom.py
[2024-01-10T07:31:12.320+0000] {processor.py:840} INFO - DAG(s) 'example_xcom' retrieved from /home/airflow/.local/lib/python3.8/site-packages/airflow/example_dags/example_xcom.py
[2024-01-10T07:31:12.343+0000] {logging_mixin.py:188} INFO - [2024-01-10T07:31:12.343+0000] {dag.py:3033} INFO - Sync 1 DAGs
[2024-01-10T07:31:12.365+0000] {logging_mixin.py:188} INFO - [2024-01-10T07:31:12.365+0000] {dag.py:3820} INFO - Setting next_dagrun for example_xcom to 2021-01-01T00:00:00+00:00, run_after=2021-01-01T00:00:00+00:00
[2024-01-10T07:31:12.385+0000] {processor.py:183} INFO - Processing /home/airflow/.local/lib/python3.8/site-packages/airflow/example_dags/example_xcom.py took 0.080 seconds
[2024-01-10T07:31:43.482+0000] {processor.py:161} INFO - Started process (PID=1951) to work on /home/airflow/.local/lib/python3.8/site-packages/airflow/example_dags/example_xcom.py
[2024-01-10T07:31:43.483+0000] {processor.py:830} INFO - Processing file /home/airflow/.local/lib/python3.8/site-packages/airflow/example_dags/example_xcom.py for tasks to queue
[2024-01-10T07:31:43.485+0000] {logging_mixin.py:188} INFO - [2024-01-10T07:31:43.485+0000] {dagbag.py:538} INFO - Filling up the DagBag from /home/airflow/.local/lib/python3.8/site-packages/airflow/example_dags/example_xcom.py
[2024-01-10T07:31:43.494+0000] {processor.py:840} INFO - DAG(s) 'example_xcom' retrieved from /home/airflow/.local/lib/python3.8/site-packages/airflow/example_dags/example_xcom.py
[2024-01-10T07:31:43.523+0000] {logging_mixin.py:188} INFO - [2024-01-10T07:31:43.522+0000] {dag.py:3033} INFO - Sync 1 DAGs
[2024-01-10T07:31:43.549+0000] {logging_mixin.py:188} INFO - [2024-01-10T07:31:43.549+0000] {dag.py:3820} INFO - Setting next_dagrun for example_xcom to 2021-01-01T00:00:00+00:00, run_after=2021-01-01T00:00:00+00:00
[2024-01-10T07:31:43.575+0000] {processor.py:183} INFO - Processing /home/airflow/.local/lib/python3.8/site-packages/airflow/example_dags/example_xcom.py took 0.098 seconds
[2024-01-10T07:32:14.237+0000] {processor.py:161} INFO - Started process (PID=2006) to work on /home/airflow/.local/lib/python3.8/site-packages/airflow/example_dags/example_xcom.py
[2024-01-10T07:32:14.239+0000] {processor.py:830} INFO - Processing file /home/airflow/.local/lib/python3.8/site-packages/airflow/example_dags/example_xcom.py for tasks to queue
[2024-01-10T07:32:14.242+0000] {logging_mixin.py:188} INFO - [2024-01-10T07:32:14.242+0000] {dagbag.py:538} INFO - Filling up the DagBag from /home/airflow/.local/lib/python3.8/site-packages/airflow/example_dags/example_xcom.py
[2024-01-10T07:32:14.253+0000] {processor.py:840} INFO - DAG(s) 'example_xcom' retrieved from /home/airflow/.local/lib/python3.8/site-packages/airflow/example_dags/example_xcom.py
[2024-01-10T07:32:14.282+0000] {logging_mixin.py:188} INFO - [2024-01-10T07:32:14.282+0000] {dag.py:3033} INFO - Sync 1 DAGs
[2024-01-10T07:32:14.460+0000] {logging_mixin.py:188} INFO - [2024-01-10T07:32:14.459+0000] {dag.py:3820} INFO - Setting next_dagrun for example_xcom to 2021-01-01T00:00:00+00:00, run_after=2021-01-01T00:00:00+00:00
[2024-01-10T07:32:14.473+0000] {processor.py:183} INFO - Processing /home/airflow/.local/lib/python3.8/site-packages/airflow/example_dags/example_xcom.py took 0.241 seconds
[2024-01-10T08:12:02.390+0000] {processor.py:161} INFO - Started process (PID=36) to work on /home/airflow/.local/lib/python3.8/site-packages/airflow/example_dags/example_xcom.py
[2024-01-10T08:12:02.392+0000] {processor.py:830} INFO - Processing file /home/airflow/.local/lib/python3.8/site-packages/airflow/example_dags/example_xcom.py for tasks to queue
[2024-01-10T08:12:02.395+0000] {logging_mixin.py:188} INFO - [2024-01-10T08:12:02.395+0000] {dagbag.py:538} INFO - Filling up the DagBag from /home/airflow/.local/lib/python3.8/site-packages/airflow/example_dags/example_xcom.py
[2024-01-10T08:12:02.409+0000] {processor.py:840} INFO - DAG(s) 'example_xcom' retrieved from /home/airflow/.local/lib/python3.8/site-packages/airflow/example_dags/example_xcom.py
[2024-01-10T08:12:02.564+0000] {logging_mixin.py:188} INFO - [2024-01-10T08:12:02.563+0000] {override.py:1769} INFO - Created Permission View: can edit on DAG:example_xcom
[2024-01-10T08:12:02.576+0000] {logging_mixin.py:188} INFO - [2024-01-10T08:12:02.575+0000] {override.py:1769} INFO - Created Permission View: can read on DAG:example_xcom
[2024-01-10T08:12:02.583+0000] {logging_mixin.py:188} INFO - [2024-01-10T08:12:02.583+0000] {override.py:1769} INFO - Created Permission View: can delete on DAG:example_xcom
[2024-01-10T08:12:02.584+0000] {logging_mixin.py:188} INFO - [2024-01-10T08:12:02.584+0000] {dag.py:3033} INFO - Sync 1 DAGs
[2024-01-10T08:12:02.599+0000] {logging_mixin.py:188} INFO - [2024-01-10T08:12:02.598+0000] {dag.py:3055} INFO - Creating ORM DAG for example_xcom
[2024-01-10T08:12:02.611+0000] {logging_mixin.py:188} INFO - [2024-01-10T08:12:02.611+0000] {dag.py:3820} INFO - Setting next_dagrun for example_xcom to 2021-01-01T00:00:00+00:00, run_after=2021-01-01T00:00:00+00:00
[2024-01-10T08:12:02.642+0000] {processor.py:183} INFO - Processing /home/airflow/.local/lib/python3.8/site-packages/airflow/example_dags/example_xcom.py took 0.256 seconds
[2024-01-10T08:13:11.938+0000] {processor.py:161} INFO - Started process (PID=36) to work on /home/airflow/.local/lib/python3.8/site-packages/airflow/example_dags/example_xcom.py
[2024-01-10T08:13:11.940+0000] {processor.py:830} INFO - Processing file /home/airflow/.local/lib/python3.8/site-packages/airflow/example_dags/example_xcom.py for tasks to queue
[2024-01-10T08:13:11.944+0000] {logging_mixin.py:188} INFO - [2024-01-10T08:13:11.944+0000] {dagbag.py:538} INFO - Filling up the DagBag from /home/airflow/.local/lib/python3.8/site-packages/airflow/example_dags/example_xcom.py
[2024-01-10T08:13:11.964+0000] {processor.py:840} INFO - DAG(s) 'example_xcom' retrieved from /home/airflow/.local/lib/python3.8/site-packages/airflow/example_dags/example_xcom.py
[2024-01-10T08:13:11.979+0000] {logging_mixin.py:188} INFO - [2024-01-10T08:13:11.978+0000] {dag.py:3033} INFO - Sync 1 DAGs
[2024-01-10T08:13:12.012+0000] {logging_mixin.py:188} INFO - [2024-01-10T08:13:12.011+0000] {dag.py:3820} INFO - Setting next_dagrun for example_xcom to 2021-01-01T00:00:00+00:00, run_after=2021-01-01T00:00:00+00:00
[2024-01-10T08:13:12.047+0000] {processor.py:183} INFO - Processing /home/airflow/.local/lib/python3.8/site-packages/airflow/example_dags/example_xcom.py took 0.114 seconds
[2024-01-10T08:16:51.995+0000] {processor.py:161} INFO - Started process (PID=46) to work on /home/airflow/.local/lib/python3.8/site-packages/airflow/example_dags/example_xcom.py
[2024-01-10T08:16:51.997+0000] {processor.py:830} INFO - Processing file /home/airflow/.local/lib/python3.8/site-packages/airflow/example_dags/example_xcom.py for tasks to queue
[2024-01-10T08:16:52.001+0000] {logging_mixin.py:188} INFO - [2024-01-10T08:16:52.000+0000] {dagbag.py:538} INFO - Filling up the DagBag from /home/airflow/.local/lib/python3.8/site-packages/airflow/example_dags/example_xcom.py
[2024-01-10T08:16:52.013+0000] {processor.py:840} INFO - DAG(s) 'example_xcom' retrieved from /home/airflow/.local/lib/python3.8/site-packages/airflow/example_dags/example_xcom.py
[2024-01-10T08:16:52.303+0000] {logging_mixin.py:188} INFO - [2024-01-10T08:16:52.302+0000] {override.py:1769} INFO - Created Permission View: can delete on DAG:example_xcom
[2024-01-10T08:16:52.321+0000] {logging_mixin.py:188} INFO - [2024-01-10T08:16:52.320+0000] {override.py:1769} INFO - Created Permission View: can edit on DAG:example_xcom
[2024-01-10T08:16:52.332+0000] {logging_mixin.py:188} INFO - [2024-01-10T08:16:52.332+0000] {override.py:1769} INFO - Created Permission View: can read on DAG:example_xcom
[2024-01-10T08:16:52.334+0000] {logging_mixin.py:188} INFO - [2024-01-10T08:16:52.333+0000] {dag.py:3033} INFO - Sync 1 DAGs
[2024-01-10T08:16:52.359+0000] {logging_mixin.py:188} INFO - [2024-01-10T08:16:52.358+0000] {dag.py:3055} INFO - Creating ORM DAG for example_xcom
[2024-01-10T08:16:52.380+0000] {logging_mixin.py:188} INFO - [2024-01-10T08:16:52.380+0000] {dag.py:3820} INFO - Setting next_dagrun for example_xcom to 2021-01-01T00:00:00+00:00, run_after=2021-01-01T00:00:00+00:00
[2024-01-10T08:16:52.417+0000] {processor.py:183} INFO - Processing /home/airflow/.local/lib/python3.8/site-packages/airflow/example_dags/example_xcom.py took 0.427 seconds
[2024-01-10T08:17:22.534+0000] {processor.py:161} INFO - Started process (PID=101) to work on /home/airflow/.local/lib/python3.8/site-packages/airflow/example_dags/example_xcom.py
[2024-01-10T08:17:22.535+0000] {processor.py:830} INFO - Processing file /home/airflow/.local/lib/python3.8/site-packages/airflow/example_dags/example_xcom.py for tasks to queue
[2024-01-10T08:17:22.537+0000] {logging_mixin.py:188} INFO - [2024-01-10T08:17:22.536+0000] {dagbag.py:538} INFO - Filling up the DagBag from /home/airflow/.local/lib/python3.8/site-packages/airflow/example_dags/example_xcom.py
[2024-01-10T08:17:22.543+0000] {processor.py:840} INFO - DAG(s) 'example_xcom' retrieved from /home/airflow/.local/lib/python3.8/site-packages/airflow/example_dags/example_xcom.py
[2024-01-10T08:17:22.561+0000] {logging_mixin.py:188} INFO - [2024-01-10T08:17:22.561+0000] {dag.py:3033} INFO - Sync 1 DAGs
[2024-01-10T08:17:22.578+0000] {logging_mixin.py:188} INFO - [2024-01-10T08:17:22.578+0000] {dag.py:3820} INFO - Setting next_dagrun for example_xcom to 2021-01-01T00:00:00+00:00, run_after=2021-01-01T00:00:00+00:00
[2024-01-10T08:17:22.591+0000] {processor.py:183} INFO - Processing /home/airflow/.local/lib/python3.8/site-packages/airflow/example_dags/example_xcom.py took 0.060 seconds
[2024-01-10T08:17:52.746+0000] {processor.py:161} INFO - Started process (PID=156) to work on /home/airflow/.local/lib/python3.8/site-packages/airflow/example_dags/example_xcom.py
[2024-01-10T08:17:52.746+0000] {processor.py:830} INFO - Processing file /home/airflow/.local/lib/python3.8/site-packages/airflow/example_dags/example_xcom.py for tasks to queue
[2024-01-10T08:17:52.748+0000] {logging_mixin.py:188} INFO - [2024-01-10T08:17:52.748+0000] {dagbag.py:538} INFO - Filling up the DagBag from /home/airflow/.local/lib/python3.8/site-packages/airflow/example_dags/example_xcom.py
[2024-01-10T08:17:52.754+0000] {processor.py:840} INFO - DAG(s) 'example_xcom' retrieved from /home/airflow/.local/lib/python3.8/site-packages/airflow/example_dags/example_xcom.py
[2024-01-10T08:17:52.770+0000] {logging_mixin.py:188} INFO - [2024-01-10T08:17:52.770+0000] {dag.py:3033} INFO - Sync 1 DAGs
[2024-01-10T08:17:52.786+0000] {logging_mixin.py:188} INFO - [2024-01-10T08:17:52.786+0000] {dag.py:3820} INFO - Setting next_dagrun for example_xcom to 2021-01-01T00:00:00+00:00, run_after=2021-01-01T00:00:00+00:00
[2024-01-10T08:17:52.798+0000] {processor.py:183} INFO - Processing /home/airflow/.local/lib/python3.8/site-packages/airflow/example_dags/example_xcom.py took 0.055 seconds
[2024-01-10T08:18:23.155+0000] {processor.py:161} INFO - Started process (PID=211) to work on /home/airflow/.local/lib/python3.8/site-packages/airflow/example_dags/example_xcom.py
[2024-01-10T08:18:23.156+0000] {processor.py:830} INFO - Processing file /home/airflow/.local/lib/python3.8/site-packages/airflow/example_dags/example_xcom.py for tasks to queue
[2024-01-10T08:18:23.158+0000] {logging_mixin.py:188} INFO - [2024-01-10T08:18:23.158+0000] {dagbag.py:538} INFO - Filling up the DagBag from /home/airflow/.local/lib/python3.8/site-packages/airflow/example_dags/example_xcom.py
[2024-01-10T08:18:23.164+0000] {processor.py:840} INFO - DAG(s) 'example_xcom' retrieved from /home/airflow/.local/lib/python3.8/site-packages/airflow/example_dags/example_xcom.py
[2024-01-10T08:18:23.181+0000] {logging_mixin.py:188} INFO - [2024-01-10T08:18:23.181+0000] {dag.py:3033} INFO - Sync 1 DAGs
[2024-01-10T08:18:23.197+0000] {logging_mixin.py:188} INFO - [2024-01-10T08:18:23.197+0000] {dag.py:3820} INFO - Setting next_dagrun for example_xcom to 2021-01-01T00:00:00+00:00, run_after=2021-01-01T00:00:00+00:00
[2024-01-10T08:18:23.211+0000] {processor.py:183} INFO - Processing /home/airflow/.local/lib/python3.8/site-packages/airflow/example_dags/example_xcom.py took 0.059 seconds
[2024-01-10T08:18:53.454+0000] {processor.py:161} INFO - Started process (PID=266) to work on /home/airflow/.local/lib/python3.8/site-packages/airflow/example_dags/example_xcom.py
[2024-01-10T08:18:53.455+0000] {processor.py:830} INFO - Processing file /home/airflow/.local/lib/python3.8/site-packages/airflow/example_dags/example_xcom.py for tasks to queue
[2024-01-10T08:18:53.458+0000] {logging_mixin.py:188} INFO - [2024-01-10T08:18:53.457+0000] {dagbag.py:538} INFO - Filling up the DagBag from /home/airflow/.local/lib/python3.8/site-packages/airflow/example_dags/example_xcom.py
[2024-01-10T08:18:53.465+0000] {processor.py:840} INFO - DAG(s) 'example_xcom' retrieved from /home/airflow/.local/lib/python3.8/site-packages/airflow/example_dags/example_xcom.py
[2024-01-10T08:18:53.485+0000] {logging_mixin.py:188} INFO - [2024-01-10T08:18:53.485+0000] {dag.py:3033} INFO - Sync 1 DAGs
[2024-01-10T08:18:53.505+0000] {logging_mixin.py:188} INFO - [2024-01-10T08:18:53.505+0000] {dag.py:3820} INFO - Setting next_dagrun for example_xcom to 2021-01-01T00:00:00+00:00, run_after=2021-01-01T00:00:00+00:00
[2024-01-10T08:18:53.523+0000] {processor.py:183} INFO - Processing /home/airflow/.local/lib/python3.8/site-packages/airflow/example_dags/example_xcom.py took 0.073 seconds
[2024-01-10T08:19:23.716+0000] {processor.py:161} INFO - Started process (PID=321) to work on /home/airflow/.local/lib/python3.8/site-packages/airflow/example_dags/example_xcom.py
[2024-01-10T08:19:23.716+0000] {processor.py:830} INFO - Processing file /home/airflow/.local/lib/python3.8/site-packages/airflow/example_dags/example_xcom.py for tasks to queue
[2024-01-10T08:19:23.718+0000] {logging_mixin.py:188} INFO - [2024-01-10T08:19:23.718+0000] {dagbag.py:538} INFO - Filling up the DagBag from /home/airflow/.local/lib/python3.8/site-packages/airflow/example_dags/example_xcom.py
[2024-01-10T08:19:23.725+0000] {processor.py:840} INFO - DAG(s) 'example_xcom' retrieved from /home/airflow/.local/lib/python3.8/site-packages/airflow/example_dags/example_xcom.py
[2024-01-10T08:19:23.742+0000] {logging_mixin.py:188} INFO - [2024-01-10T08:19:23.742+0000] {dag.py:3033} INFO - Sync 1 DAGs
[2024-01-10T08:19:23.760+0000] {logging_mixin.py:188} INFO - [2024-01-10T08:19:23.759+0000] {dag.py:3820} INFO - Setting next_dagrun for example_xcom to 2021-01-01T00:00:00+00:00, run_after=2021-01-01T00:00:00+00:00
[2024-01-10T08:19:23.773+0000] {processor.py:183} INFO - Processing /home/airflow/.local/lib/python3.8/site-packages/airflow/example_dags/example_xcom.py took 0.060 seconds
[2024-01-10T08:19:54.034+0000] {processor.py:161} INFO - Started process (PID=376) to work on /home/airflow/.local/lib/python3.8/site-packages/airflow/example_dags/example_xcom.py
[2024-01-10T08:19:54.035+0000] {processor.py:830} INFO - Processing file /home/airflow/.local/lib/python3.8/site-packages/airflow/example_dags/example_xcom.py for tasks to queue
[2024-01-10T08:19:54.037+0000] {logging_mixin.py:188} INFO - [2024-01-10T08:19:54.037+0000] {dagbag.py:538} INFO - Filling up the DagBag from /home/airflow/.local/lib/python3.8/site-packages/airflow/example_dags/example_xcom.py
[2024-01-10T08:19:54.044+0000] {processor.py:840} INFO - DAG(s) 'example_xcom' retrieved from /home/airflow/.local/lib/python3.8/site-packages/airflow/example_dags/example_xcom.py
[2024-01-10T08:19:54.063+0000] {logging_mixin.py:188} INFO - [2024-01-10T08:19:54.063+0000] {dag.py:3033} INFO - Sync 1 DAGs
[2024-01-10T08:19:54.081+0000] {logging_mixin.py:188} INFO - [2024-01-10T08:19:54.081+0000] {dag.py:3820} INFO - Setting next_dagrun for example_xcom to 2021-01-01T00:00:00+00:00, run_after=2021-01-01T00:00:00+00:00
[2024-01-10T08:19:54.097+0000] {processor.py:183} INFO - Processing /home/airflow/.local/lib/python3.8/site-packages/airflow/example_dags/example_xcom.py took 0.067 seconds
[2024-01-10T08:20:24.441+0000] {processor.py:161} INFO - Started process (PID=431) to work on /home/airflow/.local/lib/python3.8/site-packages/airflow/example_dags/example_xcom.py
[2024-01-10T08:20:24.442+0000] {processor.py:830} INFO - Processing file /home/airflow/.local/lib/python3.8/site-packages/airflow/example_dags/example_xcom.py for tasks to queue
[2024-01-10T08:20:24.444+0000] {logging_mixin.py:188} INFO - [2024-01-10T08:20:24.443+0000] {dagbag.py:538} INFO - Filling up the DagBag from /home/airflow/.local/lib/python3.8/site-packages/airflow/example_dags/example_xcom.py
[2024-01-10T08:20:24.450+0000] {processor.py:840} INFO - DAG(s) 'example_xcom' retrieved from /home/airflow/.local/lib/python3.8/site-packages/airflow/example_dags/example_xcom.py
[2024-01-10T08:20:24.467+0000] {logging_mixin.py:188} INFO - [2024-01-10T08:20:24.467+0000] {dag.py:3033} INFO - Sync 1 DAGs
[2024-01-10T08:20:24.483+0000] {logging_mixin.py:188} INFO - [2024-01-10T08:20:24.483+0000] {dag.py:3820} INFO - Setting next_dagrun for example_xcom to 2021-01-01T00:00:00+00:00, run_after=2021-01-01T00:00:00+00:00
[2024-01-10T08:20:24.497+0000] {processor.py:183} INFO - Processing /home/airflow/.local/lib/python3.8/site-packages/airflow/example_dags/example_xcom.py took 0.059 seconds
[2024-01-10T08:20:54.579+0000] {processor.py:161} INFO - Started process (PID=486) to work on /home/airflow/.local/lib/python3.8/site-packages/airflow/example_dags/example_xcom.py
[2024-01-10T08:20:54.580+0000] {processor.py:830} INFO - Processing file /home/airflow/.local/lib/python3.8/site-packages/airflow/example_dags/example_xcom.py for tasks to queue
[2024-01-10T08:20:54.582+0000] {logging_mixin.py:188} INFO - [2024-01-10T08:20:54.582+0000] {dagbag.py:538} INFO - Filling up the DagBag from /home/airflow/.local/lib/python3.8/site-packages/airflow/example_dags/example_xcom.py
[2024-01-10T08:20:54.589+0000] {processor.py:840} INFO - DAG(s) 'example_xcom' retrieved from /home/airflow/.local/lib/python3.8/site-packages/airflow/example_dags/example_xcom.py
[2024-01-10T08:20:54.607+0000] {logging_mixin.py:188} INFO - [2024-01-10T08:20:54.607+0000] {dag.py:3033} INFO - Sync 1 DAGs
[2024-01-10T08:20:54.625+0000] {logging_mixin.py:188} INFO - [2024-01-10T08:20:54.625+0000] {dag.py:3820} INFO - Setting next_dagrun for example_xcom to 2021-01-01T00:00:00+00:00, run_after=2021-01-01T00:00:00+00:00
[2024-01-10T08:20:54.639+0000] {processor.py:183} INFO - Processing /home/airflow/.local/lib/python3.8/site-packages/airflow/example_dags/example_xcom.py took 0.064 seconds
[2024-01-10T08:21:24.790+0000] {processor.py:161} INFO - Started process (PID=541) to work on /home/airflow/.local/lib/python3.8/site-packages/airflow/example_dags/example_xcom.py
[2024-01-10T08:21:24.791+0000] {processor.py:830} INFO - Processing file /home/airflow/.local/lib/python3.8/site-packages/airflow/example_dags/example_xcom.py for tasks to queue
[2024-01-10T08:21:24.793+0000] {logging_mixin.py:188} INFO - [2024-01-10T08:21:24.793+0000] {dagbag.py:538} INFO - Filling up the DagBag from /home/airflow/.local/lib/python3.8/site-packages/airflow/example_dags/example_xcom.py
[2024-01-10T08:21:24.800+0000] {processor.py:840} INFO - DAG(s) 'example_xcom' retrieved from /home/airflow/.local/lib/python3.8/site-packages/airflow/example_dags/example_xcom.py
[2024-01-10T08:21:24.816+0000] {logging_mixin.py:188} INFO - [2024-01-10T08:21:24.816+0000] {dag.py:3033} INFO - Sync 1 DAGs
[2024-01-10T08:21:24.834+0000] {logging_mixin.py:188} INFO - [2024-01-10T08:21:24.833+0000] {dag.py:3820} INFO - Setting next_dagrun for example_xcom to 2021-01-01T00:00:00+00:00, run_after=2021-01-01T00:00:00+00:00
[2024-01-10T08:21:24.847+0000] {processor.py:183} INFO - Processing /home/airflow/.local/lib/python3.8/site-packages/airflow/example_dags/example_xcom.py took 0.060 seconds
[2024-01-10T08:21:54.959+0000] {processor.py:161} INFO - Started process (PID=596) to work on /home/airflow/.local/lib/python3.8/site-packages/airflow/example_dags/example_xcom.py
[2024-01-10T08:21:54.960+0000] {processor.py:830} INFO - Processing file /home/airflow/.local/lib/python3.8/site-packages/airflow/example_dags/example_xcom.py for tasks to queue
[2024-01-10T08:21:54.961+0000] {logging_mixin.py:188} INFO - [2024-01-10T08:21:54.961+0000] {dagbag.py:538} INFO - Filling up the DagBag from /home/airflow/.local/lib/python3.8/site-packages/airflow/example_dags/example_xcom.py
[2024-01-10T08:21:54.967+0000] {processor.py:840} INFO - DAG(s) 'example_xcom' retrieved from /home/airflow/.local/lib/python3.8/site-packages/airflow/example_dags/example_xcom.py
[2024-01-10T08:21:54.984+0000] {logging_mixin.py:188} INFO - [2024-01-10T08:21:54.984+0000] {dag.py:3033} INFO - Sync 1 DAGs
[2024-01-10T08:21:55.001+0000] {logging_mixin.py:188} INFO - [2024-01-10T08:21:55.001+0000] {dag.py:3820} INFO - Setting next_dagrun for example_xcom to 2021-01-01T00:00:00+00:00, run_after=2021-01-01T00:00:00+00:00
[2024-01-10T08:21:55.015+0000] {processor.py:183} INFO - Processing /home/airflow/.local/lib/python3.8/site-packages/airflow/example_dags/example_xcom.py took 0.060 seconds
[2024-01-10T08:22:25.263+0000] {processor.py:161} INFO - Started process (PID=651) to work on /home/airflow/.local/lib/python3.8/site-packages/airflow/example_dags/example_xcom.py
[2024-01-10T08:22:25.264+0000] {processor.py:830} INFO - Processing file /home/airflow/.local/lib/python3.8/site-packages/airflow/example_dags/example_xcom.py for tasks to queue
[2024-01-10T08:22:25.267+0000] {logging_mixin.py:188} INFO - [2024-01-10T08:22:25.267+0000] {dagbag.py:538} INFO - Filling up the DagBag from /home/airflow/.local/lib/python3.8/site-packages/airflow/example_dags/example_xcom.py
[2024-01-10T08:22:25.275+0000] {processor.py:840} INFO - DAG(s) 'example_xcom' retrieved from /home/airflow/.local/lib/python3.8/site-packages/airflow/example_dags/example_xcom.py
[2024-01-10T08:22:25.296+0000] {logging_mixin.py:188} INFO - [2024-01-10T08:22:25.296+0000] {dag.py:3033} INFO - Sync 1 DAGs
[2024-01-10T08:22:25.321+0000] {logging_mixin.py:188} INFO - [2024-01-10T08:22:25.321+0000] {dag.py:3820} INFO - Setting next_dagrun for example_xcom to 2021-01-01T00:00:00+00:00, run_after=2021-01-01T00:00:00+00:00
[2024-01-10T08:22:25.342+0000] {processor.py:183} INFO - Processing /home/airflow/.local/lib/python3.8/site-packages/airflow/example_dags/example_xcom.py took 0.083 seconds
[2024-01-10T08:22:55.586+0000] {processor.py:161} INFO - Started process (PID=706) to work on /home/airflow/.local/lib/python3.8/site-packages/airflow/example_dags/example_xcom.py
[2024-01-10T08:22:55.587+0000] {processor.py:830} INFO - Processing file /home/airflow/.local/lib/python3.8/site-packages/airflow/example_dags/example_xcom.py for tasks to queue
[2024-01-10T08:22:55.589+0000] {logging_mixin.py:188} INFO - [2024-01-10T08:22:55.589+0000] {dagbag.py:538} INFO - Filling up the DagBag from /home/airflow/.local/lib/python3.8/site-packages/airflow/example_dags/example_xcom.py
[2024-01-10T08:22:55.595+0000] {processor.py:840} INFO - DAG(s) 'example_xcom' retrieved from /home/airflow/.local/lib/python3.8/site-packages/airflow/example_dags/example_xcom.py
[2024-01-10T08:22:55.611+0000] {logging_mixin.py:188} INFO - [2024-01-10T08:22:55.611+0000] {dag.py:3033} INFO - Sync 1 DAGs
[2024-01-10T08:22:55.626+0000] {logging_mixin.py:188} INFO - [2024-01-10T08:22:55.626+0000] {dag.py:3820} INFO - Setting next_dagrun for example_xcom to 2021-01-01T00:00:00+00:00, run_after=2021-01-01T00:00:00+00:00
[2024-01-10T08:22:55.638+0000] {processor.py:183} INFO - Processing /home/airflow/.local/lib/python3.8/site-packages/airflow/example_dags/example_xcom.py took 0.055 seconds
[2024-01-10T08:23:26.160+0000] {processor.py:161} INFO - Started process (PID=761) to work on /home/airflow/.local/lib/python3.8/site-packages/airflow/example_dags/example_xcom.py
[2024-01-10T08:23:26.161+0000] {processor.py:830} INFO - Processing file /home/airflow/.local/lib/python3.8/site-packages/airflow/example_dags/example_xcom.py for tasks to queue
[2024-01-10T08:23:26.164+0000] {logging_mixin.py:188} INFO - [2024-01-10T08:23:26.164+0000] {dagbag.py:538} INFO - Filling up the DagBag from /home/airflow/.local/lib/python3.8/site-packages/airflow/example_dags/example_xcom.py
[2024-01-10T08:23:26.174+0000] {processor.py:840} INFO - DAG(s) 'example_xcom' retrieved from /home/airflow/.local/lib/python3.8/site-packages/airflow/example_dags/example_xcom.py
[2024-01-10T08:23:26.200+0000] {logging_mixin.py:188} INFO - [2024-01-10T08:23:26.199+0000] {dag.py:3033} INFO - Sync 1 DAGs
[2024-01-10T08:23:26.228+0000] {logging_mixin.py:188} INFO - [2024-01-10T08:23:26.228+0000] {dag.py:3820} INFO - Setting next_dagrun for example_xcom to 2021-01-01T00:00:00+00:00, run_after=2021-01-01T00:00:00+00:00
[2024-01-10T08:23:26.249+0000] {processor.py:183} INFO - Processing /home/airflow/.local/lib/python3.8/site-packages/airflow/example_dags/example_xcom.py took 0.094 seconds
[2024-01-10T08:23:56.420+0000] {processor.py:161} INFO - Started process (PID=816) to work on /home/airflow/.local/lib/python3.8/site-packages/airflow/example_dags/example_xcom.py
[2024-01-10T08:23:56.422+0000] {processor.py:830} INFO - Processing file /home/airflow/.local/lib/python3.8/site-packages/airflow/example_dags/example_xcom.py for tasks to queue
[2024-01-10T08:23:56.425+0000] {logging_mixin.py:188} INFO - [2024-01-10T08:23:56.424+0000] {dagbag.py:538} INFO - Filling up the DagBag from /home/airflow/.local/lib/python3.8/site-packages/airflow/example_dags/example_xcom.py
[2024-01-10T08:23:56.435+0000] {processor.py:840} INFO - DAG(s) 'example_xcom' retrieved from /home/airflow/.local/lib/python3.8/site-packages/airflow/example_dags/example_xcom.py
[2024-01-10T08:23:56.464+0000] {logging_mixin.py:188} INFO - [2024-01-10T08:23:56.464+0000] {dag.py:3033} INFO - Sync 1 DAGs
[2024-01-10T08:23:56.497+0000] {logging_mixin.py:188} INFO - [2024-01-10T08:23:56.497+0000] {dag.py:3820} INFO - Setting next_dagrun for example_xcom to 2021-01-01T00:00:00+00:00, run_after=2021-01-01T00:00:00+00:00
[2024-01-10T08:23:56.526+0000] {processor.py:183} INFO - Processing /home/airflow/.local/lib/python3.8/site-packages/airflow/example_dags/example_xcom.py took 0.112 seconds
[2024-01-10T08:24:26.858+0000] {processor.py:161} INFO - Started process (PID=871) to work on /home/airflow/.local/lib/python3.8/site-packages/airflow/example_dags/example_xcom.py
[2024-01-10T08:24:26.859+0000] {processor.py:830} INFO - Processing file /home/airflow/.local/lib/python3.8/site-packages/airflow/example_dags/example_xcom.py for tasks to queue
[2024-01-10T08:24:26.861+0000] {logging_mixin.py:188} INFO - [2024-01-10T08:24:26.861+0000] {dagbag.py:538} INFO - Filling up the DagBag from /home/airflow/.local/lib/python3.8/site-packages/airflow/example_dags/example_xcom.py
[2024-01-10T08:24:26.867+0000] {processor.py:840} INFO - DAG(s) 'example_xcom' retrieved from /home/airflow/.local/lib/python3.8/site-packages/airflow/example_dags/example_xcom.py
[2024-01-10T08:24:26.885+0000] {logging_mixin.py:188} INFO - [2024-01-10T08:24:26.885+0000] {dag.py:3033} INFO - Sync 1 DAGs
[2024-01-10T08:24:26.903+0000] {logging_mixin.py:188} INFO - [2024-01-10T08:24:26.902+0000] {dag.py:3820} INFO - Setting next_dagrun for example_xcom to 2021-01-01T00:00:00+00:00, run_after=2021-01-01T00:00:00+00:00
[2024-01-10T08:24:26.916+0000] {processor.py:183} INFO - Processing /home/airflow/.local/lib/python3.8/site-packages/airflow/example_dags/example_xcom.py took 0.061 seconds
[2024-01-10T08:24:57.115+0000] {processor.py:161} INFO - Started process (PID=927) to work on /home/airflow/.local/lib/python3.8/site-packages/airflow/example_dags/example_xcom.py
[2024-01-10T08:24:57.116+0000] {processor.py:830} INFO - Processing file /home/airflow/.local/lib/python3.8/site-packages/airflow/example_dags/example_xcom.py for tasks to queue
[2024-01-10T08:24:57.120+0000] {logging_mixin.py:188} INFO - [2024-01-10T08:24:57.119+0000] {dagbag.py:538} INFO - Filling up the DagBag from /home/airflow/.local/lib/python3.8/site-packages/airflow/example_dags/example_xcom.py
[2024-01-10T08:24:57.130+0000] {processor.py:840} INFO - DAG(s) 'example_xcom' retrieved from /home/airflow/.local/lib/python3.8/site-packages/airflow/example_dags/example_xcom.py
[2024-01-10T08:24:57.161+0000] {logging_mixin.py:188} INFO - [2024-01-10T08:24:57.161+0000] {dag.py:3033} INFO - Sync 1 DAGs
[2024-01-10T08:24:57.201+0000] {logging_mixin.py:188} INFO - [2024-01-10T08:24:57.201+0000] {dag.py:3820} INFO - Setting next_dagrun for example_xcom to 2021-01-01T00:00:00+00:00, run_after=2021-01-01T00:00:00+00:00
[2024-01-10T08:24:57.231+0000] {processor.py:183} INFO - Processing /home/airflow/.local/lib/python3.8/site-packages/airflow/example_dags/example_xcom.py took 0.121 seconds
[2024-01-10T08:25:27.586+0000] {processor.py:161} INFO - Started process (PID=982) to work on /home/airflow/.local/lib/python3.8/site-packages/airflow/example_dags/example_xcom.py
[2024-01-10T08:25:27.587+0000] {processor.py:830} INFO - Processing file /home/airflow/.local/lib/python3.8/site-packages/airflow/example_dags/example_xcom.py for tasks to queue
[2024-01-10T08:25:27.589+0000] {logging_mixin.py:188} INFO - [2024-01-10T08:25:27.589+0000] {dagbag.py:538} INFO - Filling up the DagBag from /home/airflow/.local/lib/python3.8/site-packages/airflow/example_dags/example_xcom.py
[2024-01-10T08:25:27.595+0000] {processor.py:840} INFO - DAG(s) 'example_xcom' retrieved from /home/airflow/.local/lib/python3.8/site-packages/airflow/example_dags/example_xcom.py
[2024-01-10T08:25:27.613+0000] {logging_mixin.py:188} INFO - [2024-01-10T08:25:27.613+0000] {dag.py:3033} INFO - Sync 1 DAGs
[2024-01-10T08:25:27.630+0000] {logging_mixin.py:188} INFO - [2024-01-10T08:25:27.630+0000] {dag.py:3820} INFO - Setting next_dagrun for example_xcom to 2021-01-01T00:00:00+00:00, run_after=2021-01-01T00:00:00+00:00
[2024-01-10T08:25:27.645+0000] {processor.py:183} INFO - Processing /home/airflow/.local/lib/python3.8/site-packages/airflow/example_dags/example_xcom.py took 0.062 seconds
[2024-01-10T08:25:57.949+0000] {processor.py:161} INFO - Started process (PID=1037) to work on /home/airflow/.local/lib/python3.8/site-packages/airflow/example_dags/example_xcom.py
[2024-01-10T08:25:57.950+0000] {processor.py:830} INFO - Processing file /home/airflow/.local/lib/python3.8/site-packages/airflow/example_dags/example_xcom.py for tasks to queue
[2024-01-10T08:25:57.952+0000] {logging_mixin.py:188} INFO - [2024-01-10T08:25:57.952+0000] {dagbag.py:538} INFO - Filling up the DagBag from /home/airflow/.local/lib/python3.8/site-packages/airflow/example_dags/example_xcom.py
[2024-01-10T08:25:57.959+0000] {processor.py:840} INFO - DAG(s) 'example_xcom' retrieved from /home/airflow/.local/lib/python3.8/site-packages/airflow/example_dags/example_xcom.py
[2024-01-10T08:25:57.977+0000] {logging_mixin.py:188} INFO - [2024-01-10T08:25:57.976+0000] {dag.py:3033} INFO - Sync 1 DAGs
[2024-01-10T08:25:57.993+0000] {logging_mixin.py:188} INFO - [2024-01-10T08:25:57.993+0000] {dag.py:3820} INFO - Setting next_dagrun for example_xcom to 2021-01-01T00:00:00+00:00, run_after=2021-01-01T00:00:00+00:00
[2024-01-10T08:25:58.007+0000] {processor.py:183} INFO - Processing /home/airflow/.local/lib/python3.8/site-packages/airflow/example_dags/example_xcom.py took 0.061 seconds
[2024-01-10T08:26:28.454+0000] {processor.py:161} INFO - Started process (PID=1092) to work on /home/airflow/.local/lib/python3.8/site-packages/airflow/example_dags/example_xcom.py
[2024-01-10T08:26:28.455+0000] {processor.py:830} INFO - Processing file /home/airflow/.local/lib/python3.8/site-packages/airflow/example_dags/example_xcom.py for tasks to queue
[2024-01-10T08:26:28.457+0000] {logging_mixin.py:188} INFO - [2024-01-10T08:26:28.457+0000] {dagbag.py:538} INFO - Filling up the DagBag from /home/airflow/.local/lib/python3.8/site-packages/airflow/example_dags/example_xcom.py
[2024-01-10T08:26:28.463+0000] {processor.py:840} INFO - DAG(s) 'example_xcom' retrieved from /home/airflow/.local/lib/python3.8/site-packages/airflow/example_dags/example_xcom.py
[2024-01-10T08:26:28.480+0000] {logging_mixin.py:188} INFO - [2024-01-10T08:26:28.480+0000] {dag.py:3033} INFO - Sync 1 DAGs
[2024-01-10T08:26:28.497+0000] {logging_mixin.py:188} INFO - [2024-01-10T08:26:28.497+0000] {dag.py:3820} INFO - Setting next_dagrun for example_xcom to 2021-01-01T00:00:00+00:00, run_after=2021-01-01T00:00:00+00:00
[2024-01-10T08:26:28.509+0000] {processor.py:183} INFO - Processing /home/airflow/.local/lib/python3.8/site-packages/airflow/example_dags/example_xcom.py took 0.059 seconds
[2024-01-10T08:26:59.546+0000] {processor.py:161} INFO - Started process (PID=1147) to work on /home/airflow/.local/lib/python3.8/site-packages/airflow/example_dags/example_xcom.py
[2024-01-10T08:26:59.548+0000] {processor.py:830} INFO - Processing file /home/airflow/.local/lib/python3.8/site-packages/airflow/example_dags/example_xcom.py for tasks to queue
[2024-01-10T08:26:59.552+0000] {logging_mixin.py:188} INFO - [2024-01-10T08:26:59.551+0000] {dagbag.py:538} INFO - Filling up the DagBag from /home/airflow/.local/lib/python3.8/site-packages/airflow/example_dags/example_xcom.py
[2024-01-10T08:26:59.569+0000] {processor.py:840} INFO - DAG(s) 'example_xcom' retrieved from /home/airflow/.local/lib/python3.8/site-packages/airflow/example_dags/example_xcom.py
[2024-01-10T08:26:59.613+0000] {logging_mixin.py:188} INFO - [2024-01-10T08:26:59.613+0000] {dag.py:3033} INFO - Sync 1 DAGs
[2024-01-10T08:26:59.664+0000] {logging_mixin.py:188} INFO - [2024-01-10T08:26:59.663+0000] {dag.py:3820} INFO - Setting next_dagrun for example_xcom to 2021-01-01T00:00:00+00:00, run_after=2021-01-01T00:00:00+00:00
[2024-01-10T08:26:59.711+0000] {processor.py:183} INFO - Processing /home/airflow/.local/lib/python3.8/site-packages/airflow/example_dags/example_xcom.py took 0.173 seconds
[2024-01-10T08:27:30.649+0000] {processor.py:161} INFO - Started process (PID=1202) to work on /home/airflow/.local/lib/python3.8/site-packages/airflow/example_dags/example_xcom.py
[2024-01-10T08:27:30.651+0000] {processor.py:830} INFO - Processing file /home/airflow/.local/lib/python3.8/site-packages/airflow/example_dags/example_xcom.py for tasks to queue
[2024-01-10T08:27:30.657+0000] {logging_mixin.py:188} INFO - [2024-01-10T08:27:30.656+0000] {dagbag.py:538} INFO - Filling up the DagBag from /home/airflow/.local/lib/python3.8/site-packages/airflow/example_dags/example_xcom.py
[2024-01-10T08:27:30.669+0000] {processor.py:840} INFO - DAG(s) 'example_xcom' retrieved from /home/airflow/.local/lib/python3.8/site-packages/airflow/example_dags/example_xcom.py
[2024-01-10T08:27:30.693+0000] {logging_mixin.py:188} INFO - [2024-01-10T08:27:30.693+0000] {dag.py:3033} INFO - Sync 1 DAGs
[2024-01-10T08:27:30.716+0000] {logging_mixin.py:188} INFO - [2024-01-10T08:27:30.716+0000] {dag.py:3820} INFO - Setting next_dagrun for example_xcom to 2021-01-01T00:00:00+00:00, run_after=2021-01-01T00:00:00+00:00
[2024-01-10T08:27:30.732+0000] {processor.py:183} INFO - Processing /home/airflow/.local/lib/python3.8/site-packages/airflow/example_dags/example_xcom.py took 0.092 seconds
[2024-01-10T08:28:01.328+0000] {processor.py:161} INFO - Started process (PID=1257) to work on /home/airflow/.local/lib/python3.8/site-packages/airflow/example_dags/example_xcom.py
[2024-01-10T08:28:01.329+0000] {processor.py:830} INFO - Processing file /home/airflow/.local/lib/python3.8/site-packages/airflow/example_dags/example_xcom.py for tasks to queue
[2024-01-10T08:28:01.331+0000] {logging_mixin.py:188} INFO - [2024-01-10T08:28:01.331+0000] {dagbag.py:538} INFO - Filling up the DagBag from /home/airflow/.local/lib/python3.8/site-packages/airflow/example_dags/example_xcom.py
[2024-01-10T08:28:01.337+0000] {processor.py:840} INFO - DAG(s) 'example_xcom' retrieved from /home/airflow/.local/lib/python3.8/site-packages/airflow/example_dags/example_xcom.py
[2024-01-10T08:28:01.355+0000] {logging_mixin.py:188} INFO - [2024-01-10T08:28:01.354+0000] {dag.py:3033} INFO - Sync 1 DAGs
[2024-01-10T08:28:01.373+0000] {logging_mixin.py:188} INFO - [2024-01-10T08:28:01.373+0000] {dag.py:3820} INFO - Setting next_dagrun for example_xcom to 2021-01-01T00:00:00+00:00, run_after=2021-01-01T00:00:00+00:00
[2024-01-10T08:28:01.388+0000] {processor.py:183} INFO - Processing /home/airflow/.local/lib/python3.8/site-packages/airflow/example_dags/example_xcom.py took 0.063 seconds
[2024-01-10T08:28:32.251+0000] {processor.py:161} INFO - Started process (PID=1312) to work on /home/airflow/.local/lib/python3.8/site-packages/airflow/example_dags/example_xcom.py
[2024-01-10T08:28:32.252+0000] {processor.py:830} INFO - Processing file /home/airflow/.local/lib/python3.8/site-packages/airflow/example_dags/example_xcom.py for tasks to queue
[2024-01-10T08:28:32.254+0000] {logging_mixin.py:188} INFO - [2024-01-10T08:28:32.254+0000] {dagbag.py:538} INFO - Filling up the DagBag from /home/airflow/.local/lib/python3.8/site-packages/airflow/example_dags/example_xcom.py
[2024-01-10T08:28:32.263+0000] {processor.py:840} INFO - DAG(s) 'example_xcom' retrieved from /home/airflow/.local/lib/python3.8/site-packages/airflow/example_dags/example_xcom.py
[2024-01-10T08:28:32.280+0000] {logging_mixin.py:188} INFO - [2024-01-10T08:28:32.280+0000] {dag.py:3033} INFO - Sync 1 DAGs
[2024-01-10T08:28:32.296+0000] {logging_mixin.py:188} INFO - [2024-01-10T08:28:32.296+0000] {dag.py:3820} INFO - Setting next_dagrun for example_xcom to 2021-01-01T00:00:00+00:00, run_after=2021-01-01T00:00:00+00:00
[2024-01-10T08:28:32.310+0000] {processor.py:183} INFO - Processing /home/airflow/.local/lib/python3.8/site-packages/airflow/example_dags/example_xcom.py took 0.062 seconds
[2024-01-10T08:29:02.491+0000] {processor.py:161} INFO - Started process (PID=1374) to work on /home/airflow/.local/lib/python3.8/site-packages/airflow/example_dags/example_xcom.py
[2024-01-10T08:29:02.492+0000] {processor.py:830} INFO - Processing file /home/airflow/.local/lib/python3.8/site-packages/airflow/example_dags/example_xcom.py for tasks to queue
[2024-01-10T08:29:02.494+0000] {logging_mixin.py:188} INFO - [2024-01-10T08:29:02.494+0000] {dagbag.py:538} INFO - Filling up the DagBag from /home/airflow/.local/lib/python3.8/site-packages/airflow/example_dags/example_xcom.py
[2024-01-10T08:29:02.500+0000] {processor.py:840} INFO - DAG(s) 'example_xcom' retrieved from /home/airflow/.local/lib/python3.8/site-packages/airflow/example_dags/example_xcom.py
[2024-01-10T08:29:02.516+0000] {logging_mixin.py:188} INFO - [2024-01-10T08:29:02.516+0000] {dag.py:3033} INFO - Sync 1 DAGs
[2024-01-10T08:29:02.532+0000] {logging_mixin.py:188} INFO - [2024-01-10T08:29:02.532+0000] {dag.py:3820} INFO - Setting next_dagrun for example_xcom to 2021-01-01T00:00:00+00:00, run_after=2021-01-01T00:00:00+00:00
[2024-01-10T08:29:02.546+0000] {processor.py:183} INFO - Processing /home/airflow/.local/lib/python3.8/site-packages/airflow/example_dags/example_xcom.py took 0.058 seconds
[2024-01-10T08:29:32.739+0000] {processor.py:161} INFO - Started process (PID=1429) to work on /home/airflow/.local/lib/python3.8/site-packages/airflow/example_dags/example_xcom.py
[2024-01-10T08:29:32.740+0000] {processor.py:830} INFO - Processing file /home/airflow/.local/lib/python3.8/site-packages/airflow/example_dags/example_xcom.py for tasks to queue
[2024-01-10T08:29:32.742+0000] {logging_mixin.py:188} INFO - [2024-01-10T08:29:32.742+0000] {dagbag.py:538} INFO - Filling up the DagBag from /home/airflow/.local/lib/python3.8/site-packages/airflow/example_dags/example_xcom.py
[2024-01-10T08:29:32.749+0000] {processor.py:840} INFO - DAG(s) 'example_xcom' retrieved from /home/airflow/.local/lib/python3.8/site-packages/airflow/example_dags/example_xcom.py
[2024-01-10T08:29:32.766+0000] {logging_mixin.py:188} INFO - [2024-01-10T08:29:32.766+0000] {dag.py:3033} INFO - Sync 1 DAGs
[2024-01-10T08:29:32.782+0000] {logging_mixin.py:188} INFO - [2024-01-10T08:29:32.781+0000] {dag.py:3820} INFO - Setting next_dagrun for example_xcom to 2021-01-01T00:00:00+00:00, run_after=2021-01-01T00:00:00+00:00
[2024-01-10T08:29:32.794+0000] {processor.py:183} INFO - Processing /home/airflow/.local/lib/python3.8/site-packages/airflow/example_dags/example_xcom.py took 0.059 seconds
[2024-01-10T08:30:03.072+0000] {processor.py:161} INFO - Started process (PID=1484) to work on /home/airflow/.local/lib/python3.8/site-packages/airflow/example_dags/example_xcom.py
[2024-01-10T08:30:03.074+0000] {processor.py:830} INFO - Processing file /home/airflow/.local/lib/python3.8/site-packages/airflow/example_dags/example_xcom.py for tasks to queue
[2024-01-10T08:30:03.077+0000] {logging_mixin.py:188} INFO - [2024-01-10T08:30:03.077+0000] {dagbag.py:538} INFO - Filling up the DagBag from /home/airflow/.local/lib/python3.8/site-packages/airflow/example_dags/example_xcom.py
[2024-01-10T08:30:03.084+0000] {processor.py:840} INFO - DAG(s) 'example_xcom' retrieved from /home/airflow/.local/lib/python3.8/site-packages/airflow/example_dags/example_xcom.py
[2024-01-10T08:30:03.105+0000] {logging_mixin.py:188} INFO - [2024-01-10T08:30:03.104+0000] {dag.py:3033} INFO - Sync 1 DAGs
[2024-01-10T08:30:03.121+0000] {logging_mixin.py:188} INFO - [2024-01-10T08:30:03.121+0000] {dag.py:3820} INFO - Setting next_dagrun for example_xcom to 2021-01-01T00:00:00+00:00, run_after=2021-01-01T00:00:00+00:00
[2024-01-10T08:30:03.133+0000] {processor.py:183} INFO - Processing /home/airflow/.local/lib/python3.8/site-packages/airflow/example_dags/example_xcom.py took 0.066 seconds
[2024-01-10T08:30:33.587+0000] {processor.py:161} INFO - Started process (PID=1539) to work on /home/airflow/.local/lib/python3.8/site-packages/airflow/example_dags/example_xcom.py
[2024-01-10T08:30:33.588+0000] {processor.py:830} INFO - Processing file /home/airflow/.local/lib/python3.8/site-packages/airflow/example_dags/example_xcom.py for tasks to queue
[2024-01-10T08:30:33.590+0000] {logging_mixin.py:188} INFO - [2024-01-10T08:30:33.590+0000] {dagbag.py:538} INFO - Filling up the DagBag from /home/airflow/.local/lib/python3.8/site-packages/airflow/example_dags/example_xcom.py
[2024-01-10T08:30:33.597+0000] {processor.py:840} INFO - DAG(s) 'example_xcom' retrieved from /home/airflow/.local/lib/python3.8/site-packages/airflow/example_dags/example_xcom.py
[2024-01-10T08:30:33.619+0000] {logging_mixin.py:188} INFO - [2024-01-10T08:30:33.619+0000] {dag.py:3033} INFO - Sync 1 DAGs
[2024-01-10T08:30:33.639+0000] {logging_mixin.py:188} INFO - [2024-01-10T08:30:33.639+0000] {dag.py:3820} INFO - Setting next_dagrun for example_xcom to 2021-01-01T00:00:00+00:00, run_after=2021-01-01T00:00:00+00:00
[2024-01-10T08:30:33.653+0000] {processor.py:183} INFO - Processing /home/airflow/.local/lib/python3.8/site-packages/airflow/example_dags/example_xcom.py took 0.068 seconds
[2024-01-10T08:31:04.281+0000] {processor.py:161} INFO - Started process (PID=1594) to work on /home/airflow/.local/lib/python3.8/site-packages/airflow/example_dags/example_xcom.py
[2024-01-10T08:31:04.282+0000] {processor.py:830} INFO - Processing file /home/airflow/.local/lib/python3.8/site-packages/airflow/example_dags/example_xcom.py for tasks to queue
[2024-01-10T08:31:04.285+0000] {logging_mixin.py:188} INFO - [2024-01-10T08:31:04.285+0000] {dagbag.py:538} INFO - Filling up the DagBag from /home/airflow/.local/lib/python3.8/site-packages/airflow/example_dags/example_xcom.py
[2024-01-10T08:31:04.295+0000] {processor.py:840} INFO - DAG(s) 'example_xcom' retrieved from /home/airflow/.local/lib/python3.8/site-packages/airflow/example_dags/example_xcom.py
[2024-01-10T08:31:04.314+0000] {logging_mixin.py:188} INFO - [2024-01-10T08:31:04.314+0000] {dag.py:3033} INFO - Sync 1 DAGs
[2024-01-10T08:31:04.331+0000] {logging_mixin.py:188} INFO - [2024-01-10T08:31:04.331+0000] {dag.py:3820} INFO - Setting next_dagrun for example_xcom to 2021-01-01T00:00:00+00:00, run_after=2021-01-01T00:00:00+00:00
[2024-01-10T08:31:04.345+0000] {processor.py:183} INFO - Processing /home/airflow/.local/lib/python3.8/site-packages/airflow/example_dags/example_xcom.py took 0.069 seconds
[2024-01-10T08:31:34.587+0000] {processor.py:161} INFO - Started process (PID=1649) to work on /home/airflow/.local/lib/python3.8/site-packages/airflow/example_dags/example_xcom.py
[2024-01-10T08:31:34.589+0000] {processor.py:830} INFO - Processing file /home/airflow/.local/lib/python3.8/site-packages/airflow/example_dags/example_xcom.py for tasks to queue
[2024-01-10T08:31:34.592+0000] {logging_mixin.py:188} INFO - [2024-01-10T08:31:34.591+0000] {dagbag.py:538} INFO - Filling up the DagBag from /home/airflow/.local/lib/python3.8/site-packages/airflow/example_dags/example_xcom.py
[2024-01-10T08:31:34.600+0000] {processor.py:840} INFO - DAG(s) 'example_xcom' retrieved from /home/airflow/.local/lib/python3.8/site-packages/airflow/example_dags/example_xcom.py
[2024-01-10T08:31:34.619+0000] {logging_mixin.py:188} INFO - [2024-01-10T08:31:34.619+0000] {dag.py:3033} INFO - Sync 1 DAGs
[2024-01-10T08:31:34.636+0000] {logging_mixin.py:188} INFO - [2024-01-10T08:31:34.636+0000] {dag.py:3820} INFO - Setting next_dagrun for example_xcom to 2021-01-01T00:00:00+00:00, run_after=2021-01-01T00:00:00+00:00
[2024-01-10T08:31:34.764+0000] {processor.py:183} INFO - Processing /home/airflow/.local/lib/python3.8/site-packages/airflow/example_dags/example_xcom.py took 0.182 seconds
[2024-01-10T08:32:05.100+0000] {processor.py:161} INFO - Started process (PID=1705) to work on /home/airflow/.local/lib/python3.8/site-packages/airflow/example_dags/example_xcom.py
[2024-01-10T08:32:05.102+0000] {processor.py:830} INFO - Processing file /home/airflow/.local/lib/python3.8/site-packages/airflow/example_dags/example_xcom.py for tasks to queue
[2024-01-10T08:32:05.104+0000] {logging_mixin.py:188} INFO - [2024-01-10T08:32:05.104+0000] {dagbag.py:538} INFO - Filling up the DagBag from /home/airflow/.local/lib/python3.8/site-packages/airflow/example_dags/example_xcom.py
[2024-01-10T08:32:05.112+0000] {processor.py:840} INFO - DAG(s) 'example_xcom' retrieved from /home/airflow/.local/lib/python3.8/site-packages/airflow/example_dags/example_xcom.py
[2024-01-10T08:32:05.130+0000] {logging_mixin.py:188} INFO - [2024-01-10T08:32:05.130+0000] {dag.py:3033} INFO - Sync 1 DAGs
[2024-01-10T08:32:05.145+0000] {logging_mixin.py:188} INFO - [2024-01-10T08:32:05.145+0000] {dag.py:3820} INFO - Setting next_dagrun for example_xcom to 2021-01-01T00:00:00+00:00, run_after=2021-01-01T00:00:00+00:00
[2024-01-10T08:32:05.159+0000] {processor.py:183} INFO - Processing /home/airflow/.local/lib/python3.8/site-packages/airflow/example_dags/example_xcom.py took 0.063 seconds
[2024-01-10T08:32:35.212+0000] {processor.py:161} INFO - Started process (PID=1759) to work on /home/airflow/.local/lib/python3.8/site-packages/airflow/example_dags/example_xcom.py
[2024-01-10T08:32:35.214+0000] {processor.py:830} INFO - Processing file /home/airflow/.local/lib/python3.8/site-packages/airflow/example_dags/example_xcom.py for tasks to queue
[2024-01-10T08:32:35.217+0000] {logging_mixin.py:188} INFO - [2024-01-10T08:32:35.217+0000] {dagbag.py:538} INFO - Filling up the DagBag from /home/airflow/.local/lib/python3.8/site-packages/airflow/example_dags/example_xcom.py
[2024-01-10T08:32:35.228+0000] {processor.py:840} INFO - DAG(s) 'example_xcom' retrieved from /home/airflow/.local/lib/python3.8/site-packages/airflow/example_dags/example_xcom.py
[2024-01-10T08:32:35.250+0000] {logging_mixin.py:188} INFO - [2024-01-10T08:32:35.250+0000] {dag.py:3033} INFO - Sync 1 DAGs
[2024-01-10T08:32:35.266+0000] {logging_mixin.py:188} INFO - [2024-01-10T08:32:35.266+0000] {dag.py:3820} INFO - Setting next_dagrun for example_xcom to 2021-01-01T00:00:00+00:00, run_after=2021-01-01T00:00:00+00:00
[2024-01-10T08:32:35.278+0000] {processor.py:183} INFO - Processing /home/airflow/.local/lib/python3.8/site-packages/airflow/example_dags/example_xcom.py took 0.072 seconds
[2024-01-10T08:33:05.363+0000] {processor.py:161} INFO - Started process (PID=1815) to work on /home/airflow/.local/lib/python3.8/site-packages/airflow/example_dags/example_xcom.py
[2024-01-10T08:33:05.364+0000] {processor.py:830} INFO - Processing file /home/airflow/.local/lib/python3.8/site-packages/airflow/example_dags/example_xcom.py for tasks to queue
[2024-01-10T08:33:05.368+0000] {logging_mixin.py:188} INFO - [2024-01-10T08:33:05.367+0000] {dagbag.py:538} INFO - Filling up the DagBag from /home/airflow/.local/lib/python3.8/site-packages/airflow/example_dags/example_xcom.py
[2024-01-10T08:33:05.378+0000] {processor.py:840} INFO - DAG(s) 'example_xcom' retrieved from /home/airflow/.local/lib/python3.8/site-packages/airflow/example_dags/example_xcom.py
[2024-01-10T08:33:05.397+0000] {logging_mixin.py:188} INFO - [2024-01-10T08:33:05.397+0000] {dag.py:3033} INFO - Sync 1 DAGs
[2024-01-10T08:33:05.414+0000] {logging_mixin.py:188} INFO - [2024-01-10T08:33:05.414+0000] {dag.py:3820} INFO - Setting next_dagrun for example_xcom to 2021-01-01T00:00:00+00:00, run_after=2021-01-01T00:00:00+00:00
[2024-01-10T08:33:05.428+0000] {processor.py:183} INFO - Processing /home/airflow/.local/lib/python3.8/site-packages/airflow/example_dags/example_xcom.py took 0.070 seconds
[2024-01-10T08:33:35.807+0000] {processor.py:161} INFO - Started process (PID=1872) to work on /home/airflow/.local/lib/python3.8/site-packages/airflow/example_dags/example_xcom.py
[2024-01-10T08:33:35.808+0000] {processor.py:830} INFO - Processing file /home/airflow/.local/lib/python3.8/site-packages/airflow/example_dags/example_xcom.py for tasks to queue
[2024-01-10T08:33:35.811+0000] {logging_mixin.py:188} INFO - [2024-01-10T08:33:35.811+0000] {dagbag.py:538} INFO - Filling up the DagBag from /home/airflow/.local/lib/python3.8/site-packages/airflow/example_dags/example_xcom.py
[2024-01-10T08:33:35.819+0000] {processor.py:840} INFO - DAG(s) 'example_xcom' retrieved from /home/airflow/.local/lib/python3.8/site-packages/airflow/example_dags/example_xcom.py
[2024-01-10T08:33:35.838+0000] {logging_mixin.py:188} INFO - [2024-01-10T08:33:35.838+0000] {dag.py:3033} INFO - Sync 1 DAGs
[2024-01-10T08:33:35.855+0000] {logging_mixin.py:188} INFO - [2024-01-10T08:33:35.855+0000] {dag.py:3820} INFO - Setting next_dagrun for example_xcom to 2021-01-01T00:00:00+00:00, run_after=2021-01-01T00:00:00+00:00
[2024-01-10T08:33:35.868+0000] {processor.py:183} INFO - Processing /home/airflow/.local/lib/python3.8/site-packages/airflow/example_dags/example_xcom.py took 0.066 seconds
[2024-01-10T08:34:06.010+0000] {processor.py:161} INFO - Started process (PID=1928) to work on /home/airflow/.local/lib/python3.8/site-packages/airflow/example_dags/example_xcom.py
[2024-01-10T08:34:06.012+0000] {processor.py:830} INFO - Processing file /home/airflow/.local/lib/python3.8/site-packages/airflow/example_dags/example_xcom.py for tasks to queue
[2024-01-10T08:34:06.016+0000] {logging_mixin.py:188} INFO - [2024-01-10T08:34:06.015+0000] {dagbag.py:538} INFO - Filling up the DagBag from /home/airflow/.local/lib/python3.8/site-packages/airflow/example_dags/example_xcom.py
[2024-01-10T08:34:06.027+0000] {processor.py:840} INFO - DAG(s) 'example_xcom' retrieved from /home/airflow/.local/lib/python3.8/site-packages/airflow/example_dags/example_xcom.py
[2024-01-10T08:34:06.064+0000] {logging_mixin.py:188} INFO - [2024-01-10T08:34:06.063+0000] {dag.py:3033} INFO - Sync 1 DAGs
[2024-01-10T08:34:06.232+0000] {logging_mixin.py:188} INFO - [2024-01-10T08:34:06.232+0000] {dag.py:3820} INFO - Setting next_dagrun for example_xcom to 2021-01-01T00:00:00+00:00, run_after=2021-01-01T00:00:00+00:00
[2024-01-10T08:34:06.269+0000] {processor.py:183} INFO - Processing /home/airflow/.local/lib/python3.8/site-packages/airflow/example_dags/example_xcom.py took 0.264 seconds
[2024-01-10T08:34:36.444+0000] {processor.py:161} INFO - Started process (PID=1984) to work on /home/airflow/.local/lib/python3.8/site-packages/airflow/example_dags/example_xcom.py
[2024-01-10T08:34:36.446+0000] {processor.py:830} INFO - Processing file /home/airflow/.local/lib/python3.8/site-packages/airflow/example_dags/example_xcom.py for tasks to queue
[2024-01-10T08:34:36.449+0000] {logging_mixin.py:188} INFO - [2024-01-10T08:34:36.449+0000] {dagbag.py:538} INFO - Filling up the DagBag from /home/airflow/.local/lib/python3.8/site-packages/airflow/example_dags/example_xcom.py
[2024-01-10T08:34:36.462+0000] {processor.py:840} INFO - DAG(s) 'example_xcom' retrieved from /home/airflow/.local/lib/python3.8/site-packages/airflow/example_dags/example_xcom.py
[2024-01-10T08:34:36.506+0000] {logging_mixin.py:188} INFO - [2024-01-10T08:34:36.506+0000] {dag.py:3033} INFO - Sync 1 DAGs
[2024-01-10T08:34:36.802+0000] {logging_mixin.py:188} INFO - [2024-01-10T08:34:36.802+0000] {dag.py:3820} INFO - Setting next_dagrun for example_xcom to 2021-01-01T00:00:00+00:00, run_after=2021-01-01T00:00:00+00:00
[2024-01-10T08:34:36.839+0000] {processor.py:183} INFO - Processing /home/airflow/.local/lib/python3.8/site-packages/airflow/example_dags/example_xcom.py took 0.400 seconds
[2024-01-10T08:35:07.075+0000] {processor.py:161} INFO - Started process (PID=2040) to work on /home/airflow/.local/lib/python3.8/site-packages/airflow/example_dags/example_xcom.py
[2024-01-10T08:35:07.076+0000] {processor.py:830} INFO - Processing file /home/airflow/.local/lib/python3.8/site-packages/airflow/example_dags/example_xcom.py for tasks to queue
[2024-01-10T08:35:07.078+0000] {logging_mixin.py:188} INFO - [2024-01-10T08:35:07.078+0000] {dagbag.py:538} INFO - Filling up the DagBag from /home/airflow/.local/lib/python3.8/site-packages/airflow/example_dags/example_xcom.py
[2024-01-10T08:35:07.085+0000] {processor.py:840} INFO - DAG(s) 'example_xcom' retrieved from /home/airflow/.local/lib/python3.8/site-packages/airflow/example_dags/example_xcom.py
[2024-01-10T08:35:07.104+0000] {logging_mixin.py:188} INFO - [2024-01-10T08:35:07.104+0000] {dag.py:3033} INFO - Sync 1 DAGs
[2024-01-10T08:35:07.122+0000] {logging_mixin.py:188} INFO - [2024-01-10T08:35:07.122+0000] {dag.py:3820} INFO - Setting next_dagrun for example_xcom to 2021-01-01T00:00:00+00:00, run_after=2021-01-01T00:00:00+00:00
[2024-01-10T08:35:07.137+0000] {processor.py:183} INFO - Processing /home/airflow/.local/lib/python3.8/site-packages/airflow/example_dags/example_xcom.py took 0.065 seconds
[2024-01-10T08:35:37.797+0000] {processor.py:161} INFO - Started process (PID=2096) to work on /home/airflow/.local/lib/python3.8/site-packages/airflow/example_dags/example_xcom.py
[2024-01-10T08:35:37.798+0000] {processor.py:830} INFO - Processing file /home/airflow/.local/lib/python3.8/site-packages/airflow/example_dags/example_xcom.py for tasks to queue
[2024-01-10T08:35:37.807+0000] {logging_mixin.py:188} INFO - [2024-01-10T08:35:37.806+0000] {dagbag.py:538} INFO - Filling up the DagBag from /home/airflow/.local/lib/python3.8/site-packages/airflow/example_dags/example_xcom.py
[2024-01-10T08:35:37.814+0000] {processor.py:840} INFO - DAG(s) 'example_xcom' retrieved from /home/airflow/.local/lib/python3.8/site-packages/airflow/example_dags/example_xcom.py
[2024-01-10T08:35:37.832+0000] {logging_mixin.py:188} INFO - [2024-01-10T08:35:37.832+0000] {dag.py:3033} INFO - Sync 1 DAGs
[2024-01-10T08:35:37.850+0000] {logging_mixin.py:188} INFO - [2024-01-10T08:35:37.850+0000] {dag.py:3820} INFO - Setting next_dagrun for example_xcom to 2021-01-01T00:00:00+00:00, run_after=2021-01-01T00:00:00+00:00
[2024-01-10T08:35:37.864+0000] {processor.py:183} INFO - Processing /home/airflow/.local/lib/python3.8/site-packages/airflow/example_dags/example_xcom.py took 0.070 seconds
[2024-01-10T08:36:08.960+0000] {processor.py:161} INFO - Started process (PID=2152) to work on /home/airflow/.local/lib/python3.8/site-packages/airflow/example_dags/example_xcom.py
[2024-01-10T08:36:08.961+0000] {processor.py:830} INFO - Processing file /home/airflow/.local/lib/python3.8/site-packages/airflow/example_dags/example_xcom.py for tasks to queue
[2024-01-10T08:36:08.963+0000] {logging_mixin.py:188} INFO - [2024-01-10T08:36:08.962+0000] {dagbag.py:538} INFO - Filling up the DagBag from /home/airflow/.local/lib/python3.8/site-packages/airflow/example_dags/example_xcom.py
[2024-01-10T08:36:08.969+0000] {processor.py:840} INFO - DAG(s) 'example_xcom' retrieved from /home/airflow/.local/lib/python3.8/site-packages/airflow/example_dags/example_xcom.py
[2024-01-10T08:36:09.096+0000] {logging_mixin.py:188} INFO - [2024-01-10T08:36:09.096+0000] {dag.py:3033} INFO - Sync 1 DAGs
[2024-01-10T08:36:09.109+0000] {logging_mixin.py:188} INFO - [2024-01-10T08:36:09.109+0000] {dag.py:3820} INFO - Setting next_dagrun for example_xcom to 2021-01-01T00:00:00+00:00, run_after=2021-01-01T00:00:00+00:00
[2024-01-10T08:36:09.121+0000] {processor.py:183} INFO - Processing /home/airflow/.local/lib/python3.8/site-packages/airflow/example_dags/example_xcom.py took 0.164 seconds
