[2024-01-10T07:14:19.453+0000] {processor.py:161} INFO - Started process (PID=58) to work on /home/airflow/.local/lib/python3.8/site-packages/airflow/example_dags/tutorial_dag.py
[2024-01-10T07:14:19.455+0000] {processor.py:830} INFO - Processing file /home/airflow/.local/lib/python3.8/site-packages/airflow/example_dags/tutorial_dag.py for tasks to queue
[2024-01-10T07:14:19.458+0000] {logging_mixin.py:188} INFO - [2024-01-10T07:14:19.458+0000] {dagbag.py:538} INFO - Filling up the DagBag from /home/airflow/.local/lib/python3.8/site-packages/airflow/example_dags/tutorial_dag.py
[2024-01-10T07:14:19.473+0000] {processor.py:840} INFO - DAG(s) 'tutorial_dag' retrieved from /home/airflow/.local/lib/python3.8/site-packages/airflow/example_dags/tutorial_dag.py
[2024-01-10T07:14:19.527+0000] {logging_mixin.py:188} INFO - [2024-01-10T07:14:19.526+0000] {dag.py:3033} INFO - Sync 1 DAGs
[2024-01-10T07:14:19.548+0000] {logging_mixin.py:188} INFO - [2024-01-10T07:14:19.548+0000] {dag.py:3820} INFO - Setting next_dagrun for tutorial_dag to None, run_after=None
[2024-01-10T07:14:19.586+0000] {processor.py:183} INFO - Processing /home/airflow/.local/lib/python3.8/site-packages/airflow/example_dags/tutorial_dag.py took 0.138 seconds
[2024-01-10T07:14:49.653+0000] {processor.py:161} INFO - Started process (PID=112) to work on /home/airflow/.local/lib/python3.8/site-packages/airflow/example_dags/tutorial_dag.py
[2024-01-10T07:14:49.654+0000] {processor.py:830} INFO - Processing file /home/airflow/.local/lib/python3.8/site-packages/airflow/example_dags/tutorial_dag.py for tasks to queue
[2024-01-10T07:14:49.658+0000] {logging_mixin.py:188} INFO - [2024-01-10T07:14:49.657+0000] {dagbag.py:538} INFO - Filling up the DagBag from /home/airflow/.local/lib/python3.8/site-packages/airflow/example_dags/tutorial_dag.py
[2024-01-10T07:14:49.667+0000] {processor.py:840} INFO - DAG(s) 'tutorial_dag' retrieved from /home/airflow/.local/lib/python3.8/site-packages/airflow/example_dags/tutorial_dag.py
[2024-01-10T07:14:49.690+0000] {logging_mixin.py:188} INFO - [2024-01-10T07:14:49.690+0000] {dag.py:3033} INFO - Sync 1 DAGs
[2024-01-10T07:14:49.705+0000] {logging_mixin.py:188} INFO - [2024-01-10T07:14:49.705+0000] {dag.py:3820} INFO - Setting next_dagrun for tutorial_dag to None, run_after=None
[2024-01-10T07:14:49.726+0000] {processor.py:183} INFO - Processing /home/airflow/.local/lib/python3.8/site-packages/airflow/example_dags/tutorial_dag.py took 0.078 seconds
[2024-01-10T07:15:20.424+0000] {processor.py:161} INFO - Started process (PID=167) to work on /home/airflow/.local/lib/python3.8/site-packages/airflow/example_dags/tutorial_dag.py
[2024-01-10T07:15:20.425+0000] {processor.py:830} INFO - Processing file /home/airflow/.local/lib/python3.8/site-packages/airflow/example_dags/tutorial_dag.py for tasks to queue
[2024-01-10T07:15:20.427+0000] {logging_mixin.py:188} INFO - [2024-01-10T07:15:20.427+0000] {dagbag.py:538} INFO - Filling up the DagBag from /home/airflow/.local/lib/python3.8/site-packages/airflow/example_dags/tutorial_dag.py
[2024-01-10T07:15:20.432+0000] {processor.py:840} INFO - DAG(s) 'tutorial_dag' retrieved from /home/airflow/.local/lib/python3.8/site-packages/airflow/example_dags/tutorial_dag.py
[2024-01-10T07:15:20.449+0000] {logging_mixin.py:188} INFO - [2024-01-10T07:15:20.449+0000] {dag.py:3033} INFO - Sync 1 DAGs
[2024-01-10T07:15:20.459+0000] {logging_mixin.py:188} INFO - [2024-01-10T07:15:20.459+0000] {dag.py:3820} INFO - Setting next_dagrun for tutorial_dag to None, run_after=None
[2024-01-10T07:15:20.474+0000] {processor.py:183} INFO - Processing /home/airflow/.local/lib/python3.8/site-packages/airflow/example_dags/tutorial_dag.py took 0.053 seconds
[2024-01-10T07:15:50.729+0000] {processor.py:161} INFO - Started process (PID=222) to work on /home/airflow/.local/lib/python3.8/site-packages/airflow/example_dags/tutorial_dag.py
[2024-01-10T07:15:50.730+0000] {processor.py:830} INFO - Processing file /home/airflow/.local/lib/python3.8/site-packages/airflow/example_dags/tutorial_dag.py for tasks to queue
[2024-01-10T07:15:50.732+0000] {logging_mixin.py:188} INFO - [2024-01-10T07:15:50.731+0000] {dagbag.py:538} INFO - Filling up the DagBag from /home/airflow/.local/lib/python3.8/site-packages/airflow/example_dags/tutorial_dag.py
[2024-01-10T07:15:50.737+0000] {processor.py:840} INFO - DAG(s) 'tutorial_dag' retrieved from /home/airflow/.local/lib/python3.8/site-packages/airflow/example_dags/tutorial_dag.py
[2024-01-10T07:15:50.754+0000] {logging_mixin.py:188} INFO - [2024-01-10T07:15:50.754+0000] {dag.py:3033} INFO - Sync 1 DAGs
[2024-01-10T07:15:50.764+0000] {logging_mixin.py:188} INFO - [2024-01-10T07:15:50.764+0000] {dag.py:3820} INFO - Setting next_dagrun for tutorial_dag to None, run_after=None
[2024-01-10T07:15:50.778+0000] {processor.py:183} INFO - Processing /home/airflow/.local/lib/python3.8/site-packages/airflow/example_dags/tutorial_dag.py took 0.053 seconds
[2024-01-10T07:16:21.617+0000] {processor.py:161} INFO - Started process (PID=277) to work on /home/airflow/.local/lib/python3.8/site-packages/airflow/example_dags/tutorial_dag.py
[2024-01-10T07:16:21.618+0000] {processor.py:830} INFO - Processing file /home/airflow/.local/lib/python3.8/site-packages/airflow/example_dags/tutorial_dag.py for tasks to queue
[2024-01-10T07:16:21.620+0000] {logging_mixin.py:188} INFO - [2024-01-10T07:16:21.619+0000] {dagbag.py:538} INFO - Filling up the DagBag from /home/airflow/.local/lib/python3.8/site-packages/airflow/example_dags/tutorial_dag.py
[2024-01-10T07:16:21.624+0000] {processor.py:840} INFO - DAG(s) 'tutorial_dag' retrieved from /home/airflow/.local/lib/python3.8/site-packages/airflow/example_dags/tutorial_dag.py
[2024-01-10T07:16:21.640+0000] {logging_mixin.py:188} INFO - [2024-01-10T07:16:21.640+0000] {dag.py:3033} INFO - Sync 1 DAGs
[2024-01-10T07:16:21.650+0000] {logging_mixin.py:188} INFO - [2024-01-10T07:16:21.650+0000] {dag.py:3820} INFO - Setting next_dagrun for tutorial_dag to None, run_after=None
[2024-01-10T07:16:21.662+0000] {processor.py:183} INFO - Processing /home/airflow/.local/lib/python3.8/site-packages/airflow/example_dags/tutorial_dag.py took 0.048 seconds
[2024-01-10T07:16:52.414+0000] {processor.py:161} INFO - Started process (PID=332) to work on /home/airflow/.local/lib/python3.8/site-packages/airflow/example_dags/tutorial_dag.py
[2024-01-10T07:16:52.415+0000] {processor.py:830} INFO - Processing file /home/airflow/.local/lib/python3.8/site-packages/airflow/example_dags/tutorial_dag.py for tasks to queue
[2024-01-10T07:16:52.417+0000] {logging_mixin.py:188} INFO - [2024-01-10T07:16:52.416+0000] {dagbag.py:538} INFO - Filling up the DagBag from /home/airflow/.local/lib/python3.8/site-packages/airflow/example_dags/tutorial_dag.py
[2024-01-10T07:16:52.422+0000] {processor.py:840} INFO - DAG(s) 'tutorial_dag' retrieved from /home/airflow/.local/lib/python3.8/site-packages/airflow/example_dags/tutorial_dag.py
[2024-01-10T07:16:52.439+0000] {logging_mixin.py:188} INFO - [2024-01-10T07:16:52.439+0000] {dag.py:3033} INFO - Sync 1 DAGs
[2024-01-10T07:16:52.450+0000] {logging_mixin.py:188} INFO - [2024-01-10T07:16:52.450+0000] {dag.py:3820} INFO - Setting next_dagrun for tutorial_dag to None, run_after=None
[2024-01-10T07:16:52.466+0000] {processor.py:183} INFO - Processing /home/airflow/.local/lib/python3.8/site-packages/airflow/example_dags/tutorial_dag.py took 0.056 seconds
[2024-01-10T07:17:23.683+0000] {processor.py:161} INFO - Started process (PID=387) to work on /home/airflow/.local/lib/python3.8/site-packages/airflow/example_dags/tutorial_dag.py
[2024-01-10T07:17:23.685+0000] {processor.py:830} INFO - Processing file /home/airflow/.local/lib/python3.8/site-packages/airflow/example_dags/tutorial_dag.py for tasks to queue
[2024-01-10T07:17:23.687+0000] {logging_mixin.py:188} INFO - [2024-01-10T07:17:23.687+0000] {dagbag.py:538} INFO - Filling up the DagBag from /home/airflow/.local/lib/python3.8/site-packages/airflow/example_dags/tutorial_dag.py
[2024-01-10T07:17:23.695+0000] {processor.py:840} INFO - DAG(s) 'tutorial_dag' retrieved from /home/airflow/.local/lib/python3.8/site-packages/airflow/example_dags/tutorial_dag.py
[2024-01-10T07:17:23.723+0000] {logging_mixin.py:188} INFO - [2024-01-10T07:17:23.723+0000] {dag.py:3033} INFO - Sync 1 DAGs
[2024-01-10T07:17:23.739+0000] {logging_mixin.py:188} INFO - [2024-01-10T07:17:23.739+0000] {dag.py:3820} INFO - Setting next_dagrun for tutorial_dag to None, run_after=None
[2024-01-10T07:17:23.770+0000] {processor.py:183} INFO - Processing /home/airflow/.local/lib/python3.8/site-packages/airflow/example_dags/tutorial_dag.py took 0.092 seconds
[2024-01-10T07:17:54.555+0000] {processor.py:161} INFO - Started process (PID=442) to work on /home/airflow/.local/lib/python3.8/site-packages/airflow/example_dags/tutorial_dag.py
[2024-01-10T07:17:54.556+0000] {processor.py:830} INFO - Processing file /home/airflow/.local/lib/python3.8/site-packages/airflow/example_dags/tutorial_dag.py for tasks to queue
[2024-01-10T07:17:54.559+0000] {logging_mixin.py:188} INFO - [2024-01-10T07:17:54.559+0000] {dagbag.py:538} INFO - Filling up the DagBag from /home/airflow/.local/lib/python3.8/site-packages/airflow/example_dags/tutorial_dag.py
[2024-01-10T07:17:54.566+0000] {processor.py:840} INFO - DAG(s) 'tutorial_dag' retrieved from /home/airflow/.local/lib/python3.8/site-packages/airflow/example_dags/tutorial_dag.py
[2024-01-10T07:17:54.594+0000] {logging_mixin.py:188} INFO - [2024-01-10T07:17:54.594+0000] {dag.py:3033} INFO - Sync 1 DAGs
[2024-01-10T07:17:54.608+0000] {logging_mixin.py:188} INFO - [2024-01-10T07:17:54.608+0000] {dag.py:3820} INFO - Setting next_dagrun for tutorial_dag to None, run_after=None
[2024-01-10T07:17:54.631+0000] {processor.py:183} INFO - Processing /home/airflow/.local/lib/python3.8/site-packages/airflow/example_dags/tutorial_dag.py took 0.080 seconds
[2024-01-10T07:18:25.187+0000] {processor.py:161} INFO - Started process (PID=497) to work on /home/airflow/.local/lib/python3.8/site-packages/airflow/example_dags/tutorial_dag.py
[2024-01-10T07:18:25.189+0000] {processor.py:830} INFO - Processing file /home/airflow/.local/lib/python3.8/site-packages/airflow/example_dags/tutorial_dag.py for tasks to queue
[2024-01-10T07:18:25.192+0000] {logging_mixin.py:188} INFO - [2024-01-10T07:18:25.191+0000] {dagbag.py:538} INFO - Filling up the DagBag from /home/airflow/.local/lib/python3.8/site-packages/airflow/example_dags/tutorial_dag.py
[2024-01-10T07:18:25.200+0000] {processor.py:840} INFO - DAG(s) 'tutorial_dag' retrieved from /home/airflow/.local/lib/python3.8/site-packages/airflow/example_dags/tutorial_dag.py
[2024-01-10T07:18:25.229+0000] {logging_mixin.py:188} INFO - [2024-01-10T07:18:25.228+0000] {dag.py:3033} INFO - Sync 1 DAGs
[2024-01-10T07:18:25.245+0000] {logging_mixin.py:188} INFO - [2024-01-10T07:18:25.245+0000] {dag.py:3820} INFO - Setting next_dagrun for tutorial_dag to None, run_after=None
[2024-01-10T07:18:25.264+0000] {processor.py:183} INFO - Processing /home/airflow/.local/lib/python3.8/site-packages/airflow/example_dags/tutorial_dag.py took 0.084 seconds
[2024-01-10T07:18:55.520+0000] {processor.py:161} INFO - Started process (PID=552) to work on /home/airflow/.local/lib/python3.8/site-packages/airflow/example_dags/tutorial_dag.py
[2024-01-10T07:18:55.521+0000] {processor.py:830} INFO - Processing file /home/airflow/.local/lib/python3.8/site-packages/airflow/example_dags/tutorial_dag.py for tasks to queue
[2024-01-10T07:18:55.524+0000] {logging_mixin.py:188} INFO - [2024-01-10T07:18:55.524+0000] {dagbag.py:538} INFO - Filling up the DagBag from /home/airflow/.local/lib/python3.8/site-packages/airflow/example_dags/tutorial_dag.py
[2024-01-10T07:18:55.532+0000] {processor.py:840} INFO - DAG(s) 'tutorial_dag' retrieved from /home/airflow/.local/lib/python3.8/site-packages/airflow/example_dags/tutorial_dag.py
[2024-01-10T07:18:55.561+0000] {logging_mixin.py:188} INFO - [2024-01-10T07:18:55.561+0000] {dag.py:3033} INFO - Sync 1 DAGs
[2024-01-10T07:18:55.576+0000] {logging_mixin.py:188} INFO - [2024-01-10T07:18:55.576+0000] {dag.py:3820} INFO - Setting next_dagrun for tutorial_dag to None, run_after=None
[2024-01-10T07:18:55.605+0000] {processor.py:183} INFO - Processing /home/airflow/.local/lib/python3.8/site-packages/airflow/example_dags/tutorial_dag.py took 0.089 seconds
[2024-01-10T07:19:26.022+0000] {processor.py:161} INFO - Started process (PID=607) to work on /home/airflow/.local/lib/python3.8/site-packages/airflow/example_dags/tutorial_dag.py
[2024-01-10T07:19:26.023+0000] {processor.py:830} INFO - Processing file /home/airflow/.local/lib/python3.8/site-packages/airflow/example_dags/tutorial_dag.py for tasks to queue
[2024-01-10T07:19:26.026+0000] {logging_mixin.py:188} INFO - [2024-01-10T07:19:26.026+0000] {dagbag.py:538} INFO - Filling up the DagBag from /home/airflow/.local/lib/python3.8/site-packages/airflow/example_dags/tutorial_dag.py
[2024-01-10T07:19:26.032+0000] {processor.py:840} INFO - DAG(s) 'tutorial_dag' retrieved from /home/airflow/.local/lib/python3.8/site-packages/airflow/example_dags/tutorial_dag.py
[2024-01-10T07:19:26.055+0000] {logging_mixin.py:188} INFO - [2024-01-10T07:19:26.055+0000] {dag.py:3033} INFO - Sync 1 DAGs
[2024-01-10T07:19:26.069+0000] {logging_mixin.py:188} INFO - [2024-01-10T07:19:26.069+0000] {dag.py:3820} INFO - Setting next_dagrun for tutorial_dag to None, run_after=None
[2024-01-10T07:19:26.093+0000] {processor.py:183} INFO - Processing /home/airflow/.local/lib/python3.8/site-packages/airflow/example_dags/tutorial_dag.py took 0.075 seconds
[2024-01-10T07:19:56.733+0000] {processor.py:161} INFO - Started process (PID=668) to work on /home/airflow/.local/lib/python3.8/site-packages/airflow/example_dags/tutorial_dag.py
[2024-01-10T07:19:56.735+0000] {processor.py:830} INFO - Processing file /home/airflow/.local/lib/python3.8/site-packages/airflow/example_dags/tutorial_dag.py for tasks to queue
[2024-01-10T07:19:56.739+0000] {logging_mixin.py:188} INFO - [2024-01-10T07:19:56.738+0000] {dagbag.py:538} INFO - Filling up the DagBag from /home/airflow/.local/lib/python3.8/site-packages/airflow/example_dags/tutorial_dag.py
[2024-01-10T07:19:56.750+0000] {processor.py:840} INFO - DAG(s) 'tutorial_dag' retrieved from /home/airflow/.local/lib/python3.8/site-packages/airflow/example_dags/tutorial_dag.py
[2024-01-10T07:19:56.797+0000] {logging_mixin.py:188} INFO - [2024-01-10T07:19:56.797+0000] {dag.py:3033} INFO - Sync 1 DAGs
[2024-01-10T07:19:56.822+0000] {logging_mixin.py:188} INFO - [2024-01-10T07:19:56.822+0000] {dag.py:3820} INFO - Setting next_dagrun for tutorial_dag to None, run_after=None
[2024-01-10T07:19:56.871+0000] {processor.py:183} INFO - Processing /home/airflow/.local/lib/python3.8/site-packages/airflow/example_dags/tutorial_dag.py took 0.144 seconds
[2024-01-10T07:20:27.687+0000] {processor.py:161} INFO - Started process (PID=724) to work on /home/airflow/.local/lib/python3.8/site-packages/airflow/example_dags/tutorial_dag.py
[2024-01-10T07:20:27.689+0000] {processor.py:830} INFO - Processing file /home/airflow/.local/lib/python3.8/site-packages/airflow/example_dags/tutorial_dag.py for tasks to queue
[2024-01-10T07:20:27.693+0000] {logging_mixin.py:188} INFO - [2024-01-10T07:20:27.693+0000] {dagbag.py:538} INFO - Filling up the DagBag from /home/airflow/.local/lib/python3.8/site-packages/airflow/example_dags/tutorial_dag.py
[2024-01-10T07:20:27.704+0000] {processor.py:840} INFO - DAG(s) 'tutorial_dag' retrieved from /home/airflow/.local/lib/python3.8/site-packages/airflow/example_dags/tutorial_dag.py
[2024-01-10T07:20:27.749+0000] {logging_mixin.py:188} INFO - [2024-01-10T07:20:27.748+0000] {dag.py:3033} INFO - Sync 1 DAGs
[2024-01-10T07:20:27.775+0000] {logging_mixin.py:188} INFO - [2024-01-10T07:20:27.774+0000] {dag.py:3820} INFO - Setting next_dagrun for tutorial_dag to None, run_after=None
[2024-01-10T07:20:27.817+0000] {processor.py:183} INFO - Processing /home/airflow/.local/lib/python3.8/site-packages/airflow/example_dags/tutorial_dag.py took 0.140 seconds
[2024-01-10T07:20:58.716+0000] {processor.py:161} INFO - Started process (PID=779) to work on /home/airflow/.local/lib/python3.8/site-packages/airflow/example_dags/tutorial_dag.py
[2024-01-10T07:20:58.717+0000] {processor.py:830} INFO - Processing file /home/airflow/.local/lib/python3.8/site-packages/airflow/example_dags/tutorial_dag.py for tasks to queue
[2024-01-10T07:20:58.719+0000] {logging_mixin.py:188} INFO - [2024-01-10T07:20:58.719+0000] {dagbag.py:538} INFO - Filling up the DagBag from /home/airflow/.local/lib/python3.8/site-packages/airflow/example_dags/tutorial_dag.py
[2024-01-10T07:20:58.724+0000] {processor.py:840} INFO - DAG(s) 'tutorial_dag' retrieved from /home/airflow/.local/lib/python3.8/site-packages/airflow/example_dags/tutorial_dag.py
[2024-01-10T07:20:58.744+0000] {logging_mixin.py:188} INFO - [2024-01-10T07:20:58.743+0000] {dag.py:3033} INFO - Sync 1 DAGs
[2024-01-10T07:20:58.755+0000] {logging_mixin.py:188} INFO - [2024-01-10T07:20:58.755+0000] {dag.py:3820} INFO - Setting next_dagrun for tutorial_dag to None, run_after=None
[2024-01-10T07:20:58.772+0000] {processor.py:183} INFO - Processing /home/airflow/.local/lib/python3.8/site-packages/airflow/example_dags/tutorial_dag.py took 0.059 seconds
[2024-01-10T07:21:29.329+0000] {processor.py:161} INFO - Started process (PID=834) to work on /home/airflow/.local/lib/python3.8/site-packages/airflow/example_dags/tutorial_dag.py
[2024-01-10T07:21:29.331+0000] {processor.py:830} INFO - Processing file /home/airflow/.local/lib/python3.8/site-packages/airflow/example_dags/tutorial_dag.py for tasks to queue
[2024-01-10T07:21:29.337+0000] {logging_mixin.py:188} INFO - [2024-01-10T07:21:29.337+0000] {dagbag.py:538} INFO - Filling up the DagBag from /home/airflow/.local/lib/python3.8/site-packages/airflow/example_dags/tutorial_dag.py
[2024-01-10T07:21:29.349+0000] {processor.py:840} INFO - DAG(s) 'tutorial_dag' retrieved from /home/airflow/.local/lib/python3.8/site-packages/airflow/example_dags/tutorial_dag.py
[2024-01-10T07:21:29.415+0000] {logging_mixin.py:188} INFO - [2024-01-10T07:21:29.414+0000] {dag.py:3033} INFO - Sync 1 DAGs
[2024-01-10T07:21:29.444+0000] {logging_mixin.py:188} INFO - [2024-01-10T07:21:29.444+0000] {dag.py:3820} INFO - Setting next_dagrun for tutorial_dag to None, run_after=None
[2024-01-10T07:21:29.494+0000] {processor.py:183} INFO - Processing /home/airflow/.local/lib/python3.8/site-packages/airflow/example_dags/tutorial_dag.py took 0.171 seconds
[2024-01-10T07:22:00.243+0000] {processor.py:161} INFO - Started process (PID=889) to work on /home/airflow/.local/lib/python3.8/site-packages/airflow/example_dags/tutorial_dag.py
[2024-01-10T07:22:00.244+0000] {processor.py:830} INFO - Processing file /home/airflow/.local/lib/python3.8/site-packages/airflow/example_dags/tutorial_dag.py for tasks to queue
[2024-01-10T07:22:00.245+0000] {logging_mixin.py:188} INFO - [2024-01-10T07:22:00.245+0000] {dagbag.py:538} INFO - Filling up the DagBag from /home/airflow/.local/lib/python3.8/site-packages/airflow/example_dags/tutorial_dag.py
[2024-01-10T07:22:00.250+0000] {processor.py:840} INFO - DAG(s) 'tutorial_dag' retrieved from /home/airflow/.local/lib/python3.8/site-packages/airflow/example_dags/tutorial_dag.py
[2024-01-10T07:22:00.267+0000] {logging_mixin.py:188} INFO - [2024-01-10T07:22:00.267+0000] {dag.py:3033} INFO - Sync 1 DAGs
[2024-01-10T07:22:00.277+0000] {logging_mixin.py:188} INFO - [2024-01-10T07:22:00.277+0000] {dag.py:3820} INFO - Setting next_dagrun for tutorial_dag to None, run_after=None
[2024-01-10T07:22:00.295+0000] {processor.py:183} INFO - Processing /home/airflow/.local/lib/python3.8/site-packages/airflow/example_dags/tutorial_dag.py took 0.055 seconds
[2024-01-10T07:22:30.461+0000] {processor.py:161} INFO - Started process (PID=944) to work on /home/airflow/.local/lib/python3.8/site-packages/airflow/example_dags/tutorial_dag.py
[2024-01-10T07:22:30.462+0000] {processor.py:830} INFO - Processing file /home/airflow/.local/lib/python3.8/site-packages/airflow/example_dags/tutorial_dag.py for tasks to queue
[2024-01-10T07:22:30.464+0000] {logging_mixin.py:188} INFO - [2024-01-10T07:22:30.464+0000] {dagbag.py:538} INFO - Filling up the DagBag from /home/airflow/.local/lib/python3.8/site-packages/airflow/example_dags/tutorial_dag.py
[2024-01-10T07:22:30.469+0000] {processor.py:840} INFO - DAG(s) 'tutorial_dag' retrieved from /home/airflow/.local/lib/python3.8/site-packages/airflow/example_dags/tutorial_dag.py
[2024-01-10T07:22:30.486+0000] {logging_mixin.py:188} INFO - [2024-01-10T07:22:30.486+0000] {dag.py:3033} INFO - Sync 1 DAGs
[2024-01-10T07:22:30.497+0000] {logging_mixin.py:188} INFO - [2024-01-10T07:22:30.497+0000] {dag.py:3820} INFO - Setting next_dagrun for tutorial_dag to None, run_after=None
[2024-01-10T07:22:30.511+0000] {processor.py:183} INFO - Processing /home/airflow/.local/lib/python3.8/site-packages/airflow/example_dags/tutorial_dag.py took 0.053 seconds
[2024-01-10T07:23:01.169+0000] {processor.py:161} INFO - Started process (PID=999) to work on /home/airflow/.local/lib/python3.8/site-packages/airflow/example_dags/tutorial_dag.py
[2024-01-10T07:23:01.170+0000] {processor.py:830} INFO - Processing file /home/airflow/.local/lib/python3.8/site-packages/airflow/example_dags/tutorial_dag.py for tasks to queue
[2024-01-10T07:23:01.173+0000] {logging_mixin.py:188} INFO - [2024-01-10T07:23:01.173+0000] {dagbag.py:538} INFO - Filling up the DagBag from /home/airflow/.local/lib/python3.8/site-packages/airflow/example_dags/tutorial_dag.py
[2024-01-10T07:23:01.178+0000] {processor.py:840} INFO - DAG(s) 'tutorial_dag' retrieved from /home/airflow/.local/lib/python3.8/site-packages/airflow/example_dags/tutorial_dag.py
[2024-01-10T07:23:01.200+0000] {logging_mixin.py:188} INFO - [2024-01-10T07:23:01.200+0000] {dag.py:3033} INFO - Sync 1 DAGs
[2024-01-10T07:23:01.211+0000] {logging_mixin.py:188} INFO - [2024-01-10T07:23:01.211+0000] {dag.py:3820} INFO - Setting next_dagrun for tutorial_dag to None, run_after=None
[2024-01-10T07:23:01.228+0000] {processor.py:183} INFO - Processing /home/airflow/.local/lib/python3.8/site-packages/airflow/example_dags/tutorial_dag.py took 0.062 seconds
[2024-01-10T07:23:31.483+0000] {processor.py:161} INFO - Started process (PID=1054) to work on /home/airflow/.local/lib/python3.8/site-packages/airflow/example_dags/tutorial_dag.py
[2024-01-10T07:23:31.485+0000] {processor.py:830} INFO - Processing file /home/airflow/.local/lib/python3.8/site-packages/airflow/example_dags/tutorial_dag.py for tasks to queue
[2024-01-10T07:23:31.488+0000] {logging_mixin.py:188} INFO - [2024-01-10T07:23:31.487+0000] {dagbag.py:538} INFO - Filling up the DagBag from /home/airflow/.local/lib/python3.8/site-packages/airflow/example_dags/tutorial_dag.py
[2024-01-10T07:23:31.495+0000] {processor.py:840} INFO - DAG(s) 'tutorial_dag' retrieved from /home/airflow/.local/lib/python3.8/site-packages/airflow/example_dags/tutorial_dag.py
[2024-01-10T07:23:31.522+0000] {logging_mixin.py:188} INFO - [2024-01-10T07:23:31.521+0000] {dag.py:3033} INFO - Sync 1 DAGs
[2024-01-10T07:23:31.537+0000] {logging_mixin.py:188} INFO - [2024-01-10T07:23:31.537+0000] {dag.py:3820} INFO - Setting next_dagrun for tutorial_dag to None, run_after=None
[2024-01-10T07:23:31.555+0000] {processor.py:183} INFO - Processing /home/airflow/.local/lib/python3.8/site-packages/airflow/example_dags/tutorial_dag.py took 0.077 seconds
[2024-01-10T07:24:02.620+0000] {processor.py:161} INFO - Started process (PID=1108) to work on /home/airflow/.local/lib/python3.8/site-packages/airflow/example_dags/tutorial_dag.py
[2024-01-10T07:24:02.622+0000] {processor.py:830} INFO - Processing file /home/airflow/.local/lib/python3.8/site-packages/airflow/example_dags/tutorial_dag.py for tasks to queue
[2024-01-10T07:24:02.627+0000] {logging_mixin.py:188} INFO - [2024-01-10T07:24:02.627+0000] {dagbag.py:538} INFO - Filling up the DagBag from /home/airflow/.local/lib/python3.8/site-packages/airflow/example_dags/tutorial_dag.py
[2024-01-10T07:24:02.638+0000] {processor.py:840} INFO - DAG(s) 'tutorial_dag' retrieved from /home/airflow/.local/lib/python3.8/site-packages/airflow/example_dags/tutorial_dag.py
[2024-01-10T07:24:02.672+0000] {logging_mixin.py:188} INFO - [2024-01-10T07:24:02.671+0000] {dag.py:3033} INFO - Sync 1 DAGs
[2024-01-10T07:24:02.693+0000] {logging_mixin.py:188} INFO - [2024-01-10T07:24:02.692+0000] {dag.py:3820} INFO - Setting next_dagrun for tutorial_dag to None, run_after=None
[2024-01-10T07:24:02.728+0000] {processor.py:183} INFO - Processing /home/airflow/.local/lib/python3.8/site-packages/airflow/example_dags/tutorial_dag.py took 0.115 seconds
[2024-01-10T07:24:33.643+0000] {processor.py:161} INFO - Started process (PID=1163) to work on /home/airflow/.local/lib/python3.8/site-packages/airflow/example_dags/tutorial_dag.py
[2024-01-10T07:24:33.645+0000] {processor.py:830} INFO - Processing file /home/airflow/.local/lib/python3.8/site-packages/airflow/example_dags/tutorial_dag.py for tasks to queue
[2024-01-10T07:24:33.650+0000] {logging_mixin.py:188} INFO - [2024-01-10T07:24:33.649+0000] {dagbag.py:538} INFO - Filling up the DagBag from /home/airflow/.local/lib/python3.8/site-packages/airflow/example_dags/tutorial_dag.py
[2024-01-10T07:24:33.663+0000] {processor.py:840} INFO - DAG(s) 'tutorial_dag' retrieved from /home/airflow/.local/lib/python3.8/site-packages/airflow/example_dags/tutorial_dag.py
[2024-01-10T07:24:33.706+0000] {logging_mixin.py:188} INFO - [2024-01-10T07:24:33.705+0000] {dag.py:3033} INFO - Sync 1 DAGs
[2024-01-10T07:24:33.731+0000] {logging_mixin.py:188} INFO - [2024-01-10T07:24:33.730+0000] {dag.py:3820} INFO - Setting next_dagrun for tutorial_dag to None, run_after=None
[2024-01-10T07:24:33.769+0000] {processor.py:183} INFO - Processing /home/airflow/.local/lib/python3.8/site-packages/airflow/example_dags/tutorial_dag.py took 0.133 seconds
[2024-01-10T07:25:03.844+0000] {processor.py:161} INFO - Started process (PID=1218) to work on /home/airflow/.local/lib/python3.8/site-packages/airflow/example_dags/tutorial_dag.py
[2024-01-10T07:25:03.846+0000] {processor.py:830} INFO - Processing file /home/airflow/.local/lib/python3.8/site-packages/airflow/example_dags/tutorial_dag.py for tasks to queue
[2024-01-10T07:25:03.848+0000] {logging_mixin.py:188} INFO - [2024-01-10T07:25:03.848+0000] {dagbag.py:538} INFO - Filling up the DagBag from /home/airflow/.local/lib/python3.8/site-packages/airflow/example_dags/tutorial_dag.py
[2024-01-10T07:25:03.853+0000] {processor.py:840} INFO - DAG(s) 'tutorial_dag' retrieved from /home/airflow/.local/lib/python3.8/site-packages/airflow/example_dags/tutorial_dag.py
[2024-01-10T07:25:03.872+0000] {logging_mixin.py:188} INFO - [2024-01-10T07:25:03.872+0000] {dag.py:3033} INFO - Sync 1 DAGs
[2024-01-10T07:25:03.883+0000] {logging_mixin.py:188} INFO - [2024-01-10T07:25:03.883+0000] {dag.py:3820} INFO - Setting next_dagrun for tutorial_dag to None, run_after=None
[2024-01-10T07:25:03.902+0000] {processor.py:183} INFO - Processing /home/airflow/.local/lib/python3.8/site-packages/airflow/example_dags/tutorial_dag.py took 0.061 seconds
[2024-01-10T07:25:34.319+0000] {processor.py:161} INFO - Started process (PID=1273) to work on /home/airflow/.local/lib/python3.8/site-packages/airflow/example_dags/tutorial_dag.py
[2024-01-10T07:25:34.320+0000] {processor.py:830} INFO - Processing file /home/airflow/.local/lib/python3.8/site-packages/airflow/example_dags/tutorial_dag.py for tasks to queue
[2024-01-10T07:25:34.322+0000] {logging_mixin.py:188} INFO - [2024-01-10T07:25:34.322+0000] {dagbag.py:538} INFO - Filling up the DagBag from /home/airflow/.local/lib/python3.8/site-packages/airflow/example_dags/tutorial_dag.py
[2024-01-10T07:25:34.327+0000] {processor.py:840} INFO - DAG(s) 'tutorial_dag' retrieved from /home/airflow/.local/lib/python3.8/site-packages/airflow/example_dags/tutorial_dag.py
[2024-01-10T07:25:34.348+0000] {logging_mixin.py:188} INFO - [2024-01-10T07:25:34.348+0000] {dag.py:3033} INFO - Sync 1 DAGs
[2024-01-10T07:25:34.359+0000] {logging_mixin.py:188} INFO - [2024-01-10T07:25:34.359+0000] {dag.py:3820} INFO - Setting next_dagrun for tutorial_dag to None, run_after=None
[2024-01-10T07:25:34.377+0000] {processor.py:183} INFO - Processing /home/airflow/.local/lib/python3.8/site-packages/airflow/example_dags/tutorial_dag.py took 0.061 seconds
[2024-01-10T07:26:05.054+0000] {processor.py:161} INFO - Started process (PID=1328) to work on /home/airflow/.local/lib/python3.8/site-packages/airflow/example_dags/tutorial_dag.py
[2024-01-10T07:26:05.055+0000] {processor.py:830} INFO - Processing file /home/airflow/.local/lib/python3.8/site-packages/airflow/example_dags/tutorial_dag.py for tasks to queue
[2024-01-10T07:26:05.058+0000] {logging_mixin.py:188} INFO - [2024-01-10T07:26:05.058+0000] {dagbag.py:538} INFO - Filling up the DagBag from /home/airflow/.local/lib/python3.8/site-packages/airflow/example_dags/tutorial_dag.py
[2024-01-10T07:26:05.063+0000] {processor.py:840} INFO - DAG(s) 'tutorial_dag' retrieved from /home/airflow/.local/lib/python3.8/site-packages/airflow/example_dags/tutorial_dag.py
[2024-01-10T07:26:05.081+0000] {logging_mixin.py:188} INFO - [2024-01-10T07:26:05.081+0000] {dag.py:3033} INFO - Sync 1 DAGs
[2024-01-10T07:26:05.091+0000] {logging_mixin.py:188} INFO - [2024-01-10T07:26:05.091+0000] {dag.py:3820} INFO - Setting next_dagrun for tutorial_dag to None, run_after=None
[2024-01-10T07:26:05.107+0000] {processor.py:183} INFO - Processing /home/airflow/.local/lib/python3.8/site-packages/airflow/example_dags/tutorial_dag.py took 0.057 seconds
[2024-01-10T07:26:35.361+0000] {processor.py:161} INFO - Started process (PID=1383) to work on /home/airflow/.local/lib/python3.8/site-packages/airflow/example_dags/tutorial_dag.py
[2024-01-10T07:26:35.366+0000] {processor.py:830} INFO - Processing file /home/airflow/.local/lib/python3.8/site-packages/airflow/example_dags/tutorial_dag.py for tasks to queue
[2024-01-10T07:26:35.369+0000] {logging_mixin.py:188} INFO - [2024-01-10T07:26:35.368+0000] {dagbag.py:538} INFO - Filling up the DagBag from /home/airflow/.local/lib/python3.8/site-packages/airflow/example_dags/tutorial_dag.py
[2024-01-10T07:26:35.377+0000] {processor.py:840} INFO - DAG(s) 'tutorial_dag' retrieved from /home/airflow/.local/lib/python3.8/site-packages/airflow/example_dags/tutorial_dag.py
[2024-01-10T07:26:35.397+0000] {logging_mixin.py:188} INFO - [2024-01-10T07:26:35.397+0000] {dag.py:3033} INFO - Sync 1 DAGs
[2024-01-10T07:26:35.408+0000] {logging_mixin.py:188} INFO - [2024-01-10T07:26:35.408+0000] {dag.py:3820} INFO - Setting next_dagrun for tutorial_dag to None, run_after=None
[2024-01-10T07:26:35.425+0000] {processor.py:183} INFO - Processing /home/airflow/.local/lib/python3.8/site-packages/airflow/example_dags/tutorial_dag.py took 0.070 seconds
[2024-01-10T07:27:05.603+0000] {processor.py:161} INFO - Started process (PID=1438) to work on /home/airflow/.local/lib/python3.8/site-packages/airflow/example_dags/tutorial_dag.py
[2024-01-10T07:27:05.604+0000] {processor.py:830} INFO - Processing file /home/airflow/.local/lib/python3.8/site-packages/airflow/example_dags/tutorial_dag.py for tasks to queue
[2024-01-10T07:27:05.607+0000] {logging_mixin.py:188} INFO - [2024-01-10T07:27:05.606+0000] {dagbag.py:538} INFO - Filling up the DagBag from /home/airflow/.local/lib/python3.8/site-packages/airflow/example_dags/tutorial_dag.py
[2024-01-10T07:27:05.612+0000] {processor.py:840} INFO - DAG(s) 'tutorial_dag' retrieved from /home/airflow/.local/lib/python3.8/site-packages/airflow/example_dags/tutorial_dag.py
[2024-01-10T07:27:05.636+0000] {logging_mixin.py:188} INFO - [2024-01-10T07:27:05.636+0000] {dag.py:3033} INFO - Sync 1 DAGs
[2024-01-10T07:27:05.648+0000] {logging_mixin.py:188} INFO - [2024-01-10T07:27:05.648+0000] {dag.py:3820} INFO - Setting next_dagrun for tutorial_dag to None, run_after=None
[2024-01-10T07:27:05.669+0000] {processor.py:183} INFO - Processing /home/airflow/.local/lib/python3.8/site-packages/airflow/example_dags/tutorial_dag.py took 0.073 seconds
[2024-01-10T07:27:36.005+0000] {processor.py:161} INFO - Started process (PID=1493) to work on /home/airflow/.local/lib/python3.8/site-packages/airflow/example_dags/tutorial_dag.py
[2024-01-10T07:27:36.007+0000] {processor.py:830} INFO - Processing file /home/airflow/.local/lib/python3.8/site-packages/airflow/example_dags/tutorial_dag.py for tasks to queue
[2024-01-10T07:27:36.011+0000] {logging_mixin.py:188} INFO - [2024-01-10T07:27:36.010+0000] {dagbag.py:538} INFO - Filling up the DagBag from /home/airflow/.local/lib/python3.8/site-packages/airflow/example_dags/tutorial_dag.py
[2024-01-10T07:27:36.018+0000] {processor.py:840} INFO - DAG(s) 'tutorial_dag' retrieved from /home/airflow/.local/lib/python3.8/site-packages/airflow/example_dags/tutorial_dag.py
[2024-01-10T07:27:36.049+0000] {logging_mixin.py:188} INFO - [2024-01-10T07:27:36.049+0000] {dag.py:3033} INFO - Sync 1 DAGs
[2024-01-10T07:27:36.076+0000] {logging_mixin.py:188} INFO - [2024-01-10T07:27:36.076+0000] {dag.py:3820} INFO - Setting next_dagrun for tutorial_dag to None, run_after=None
[2024-01-10T07:27:36.104+0000] {processor.py:183} INFO - Processing /home/airflow/.local/lib/python3.8/site-packages/airflow/example_dags/tutorial_dag.py took 0.103 seconds
[2024-01-10T07:28:06.380+0000] {processor.py:161} INFO - Started process (PID=1548) to work on /home/airflow/.local/lib/python3.8/site-packages/airflow/example_dags/tutorial_dag.py
[2024-01-10T07:28:06.381+0000] {processor.py:830} INFO - Processing file /home/airflow/.local/lib/python3.8/site-packages/airflow/example_dags/tutorial_dag.py for tasks to queue
[2024-01-10T07:28:06.383+0000] {logging_mixin.py:188} INFO - [2024-01-10T07:28:06.383+0000] {dagbag.py:538} INFO - Filling up the DagBag from /home/airflow/.local/lib/python3.8/site-packages/airflow/example_dags/tutorial_dag.py
[2024-01-10T07:28:06.388+0000] {processor.py:840} INFO - DAG(s) 'tutorial_dag' retrieved from /home/airflow/.local/lib/python3.8/site-packages/airflow/example_dags/tutorial_dag.py
[2024-01-10T07:28:06.404+0000] {logging_mixin.py:188} INFO - [2024-01-10T07:28:06.404+0000] {dag.py:3033} INFO - Sync 1 DAGs
[2024-01-10T07:28:06.413+0000] {logging_mixin.py:188} INFO - [2024-01-10T07:28:06.413+0000] {dag.py:3820} INFO - Setting next_dagrun for tutorial_dag to None, run_after=None
[2024-01-10T07:28:06.426+0000] {processor.py:183} INFO - Processing /home/airflow/.local/lib/python3.8/site-packages/airflow/example_dags/tutorial_dag.py took 0.048 seconds
[2024-01-10T07:28:36.959+0000] {processor.py:161} INFO - Started process (PID=1603) to work on /home/airflow/.local/lib/python3.8/site-packages/airflow/example_dags/tutorial_dag.py
[2024-01-10T07:28:36.959+0000] {processor.py:830} INFO - Processing file /home/airflow/.local/lib/python3.8/site-packages/airflow/example_dags/tutorial_dag.py for tasks to queue
[2024-01-10T07:28:36.961+0000] {logging_mixin.py:188} INFO - [2024-01-10T07:28:36.961+0000] {dagbag.py:538} INFO - Filling up the DagBag from /home/airflow/.local/lib/python3.8/site-packages/airflow/example_dags/tutorial_dag.py
[2024-01-10T07:28:36.966+0000] {processor.py:840} INFO - DAG(s) 'tutorial_dag' retrieved from /home/airflow/.local/lib/python3.8/site-packages/airflow/example_dags/tutorial_dag.py
[2024-01-10T07:28:36.981+0000] {logging_mixin.py:188} INFO - [2024-01-10T07:28:36.981+0000] {dag.py:3033} INFO - Sync 1 DAGs
[2024-01-10T07:28:36.991+0000] {logging_mixin.py:188} INFO - [2024-01-10T07:28:36.991+0000] {dag.py:3820} INFO - Setting next_dagrun for tutorial_dag to None, run_after=None
[2024-01-10T07:28:37.004+0000] {processor.py:183} INFO - Processing /home/airflow/.local/lib/python3.8/site-packages/airflow/example_dags/tutorial_dag.py took 0.049 seconds
[2024-01-10T07:29:07.987+0000] {processor.py:161} INFO - Started process (PID=1658) to work on /home/airflow/.local/lib/python3.8/site-packages/airflow/example_dags/tutorial_dag.py
[2024-01-10T07:29:07.988+0000] {processor.py:830} INFO - Processing file /home/airflow/.local/lib/python3.8/site-packages/airflow/example_dags/tutorial_dag.py for tasks to queue
[2024-01-10T07:29:07.990+0000] {logging_mixin.py:188} INFO - [2024-01-10T07:29:07.990+0000] {dagbag.py:538} INFO - Filling up the DagBag from /home/airflow/.local/lib/python3.8/site-packages/airflow/example_dags/tutorial_dag.py
[2024-01-10T07:29:07.995+0000] {processor.py:840} INFO - DAG(s) 'tutorial_dag' retrieved from /home/airflow/.local/lib/python3.8/site-packages/airflow/example_dags/tutorial_dag.py
[2024-01-10T07:29:08.015+0000] {logging_mixin.py:188} INFO - [2024-01-10T07:29:08.014+0000] {dag.py:3033} INFO - Sync 1 DAGs
[2024-01-10T07:29:08.025+0000] {logging_mixin.py:188} INFO - [2024-01-10T07:29:08.024+0000] {dag.py:3820} INFO - Setting next_dagrun for tutorial_dag to None, run_after=None
[2024-01-10T07:29:08.039+0000] {processor.py:183} INFO - Processing /home/airflow/.local/lib/python3.8/site-packages/airflow/example_dags/tutorial_dag.py took 0.055 seconds
[2024-01-10T07:29:38.421+0000] {processor.py:161} INFO - Started process (PID=1713) to work on /home/airflow/.local/lib/python3.8/site-packages/airflow/example_dags/tutorial_dag.py
[2024-01-10T07:29:38.423+0000] {processor.py:830} INFO - Processing file /home/airflow/.local/lib/python3.8/site-packages/airflow/example_dags/tutorial_dag.py for tasks to queue
[2024-01-10T07:29:38.426+0000] {logging_mixin.py:188} INFO - [2024-01-10T07:29:38.425+0000] {dagbag.py:538} INFO - Filling up the DagBag from /home/airflow/.local/lib/python3.8/site-packages/airflow/example_dags/tutorial_dag.py
[2024-01-10T07:29:38.432+0000] {processor.py:840} INFO - DAG(s) 'tutorial_dag' retrieved from /home/airflow/.local/lib/python3.8/site-packages/airflow/example_dags/tutorial_dag.py
[2024-01-10T07:29:38.456+0000] {logging_mixin.py:188} INFO - [2024-01-10T07:29:38.456+0000] {dag.py:3033} INFO - Sync 1 DAGs
[2024-01-10T07:29:38.469+0000] {logging_mixin.py:188} INFO - [2024-01-10T07:29:38.469+0000] {dag.py:3820} INFO - Setting next_dagrun for tutorial_dag to None, run_after=None
[2024-01-10T07:29:38.492+0000] {processor.py:183} INFO - Processing /home/airflow/.local/lib/python3.8/site-packages/airflow/example_dags/tutorial_dag.py took 0.075 seconds
[2024-01-10T07:30:09.478+0000] {processor.py:161} INFO - Started process (PID=1768) to work on /home/airflow/.local/lib/python3.8/site-packages/airflow/example_dags/tutorial_dag.py
[2024-01-10T07:30:09.480+0000] {processor.py:830} INFO - Processing file /home/airflow/.local/lib/python3.8/site-packages/airflow/example_dags/tutorial_dag.py for tasks to queue
[2024-01-10T07:30:09.484+0000] {logging_mixin.py:188} INFO - [2024-01-10T07:30:09.484+0000] {dagbag.py:538} INFO - Filling up the DagBag from /home/airflow/.local/lib/python3.8/site-packages/airflow/example_dags/tutorial_dag.py
[2024-01-10T07:30:09.496+0000] {processor.py:840} INFO - DAG(s) 'tutorial_dag' retrieved from /home/airflow/.local/lib/python3.8/site-packages/airflow/example_dags/tutorial_dag.py
[2024-01-10T07:30:09.528+0000] {logging_mixin.py:188} INFO - [2024-01-10T07:30:09.527+0000] {dag.py:3033} INFO - Sync 1 DAGs
[2024-01-10T07:30:09.544+0000] {logging_mixin.py:188} INFO - [2024-01-10T07:30:09.544+0000] {dag.py:3820} INFO - Setting next_dagrun for tutorial_dag to None, run_after=None
[2024-01-10T07:30:09.570+0000] {processor.py:183} INFO - Processing /home/airflow/.local/lib/python3.8/site-packages/airflow/example_dags/tutorial_dag.py took 0.098 seconds
[2024-01-10T07:30:39.897+0000] {processor.py:161} INFO - Started process (PID=1823) to work on /home/airflow/.local/lib/python3.8/site-packages/airflow/example_dags/tutorial_dag.py
[2024-01-10T07:30:39.898+0000] {processor.py:830} INFO - Processing file /home/airflow/.local/lib/python3.8/site-packages/airflow/example_dags/tutorial_dag.py for tasks to queue
[2024-01-10T07:30:39.900+0000] {logging_mixin.py:188} INFO - [2024-01-10T07:30:39.900+0000] {dagbag.py:538} INFO - Filling up the DagBag from /home/airflow/.local/lib/python3.8/site-packages/airflow/example_dags/tutorial_dag.py
[2024-01-10T07:30:39.907+0000] {processor.py:840} INFO - DAG(s) 'tutorial_dag' retrieved from /home/airflow/.local/lib/python3.8/site-packages/airflow/example_dags/tutorial_dag.py
[2024-01-10T07:30:39.930+0000] {logging_mixin.py:188} INFO - [2024-01-10T07:30:39.929+0000] {dag.py:3033} INFO - Sync 1 DAGs
[2024-01-10T07:30:39.945+0000] {logging_mixin.py:188} INFO - [2024-01-10T07:30:39.945+0000] {dag.py:3820} INFO - Setting next_dagrun for tutorial_dag to None, run_after=None
[2024-01-10T07:30:39.968+0000] {processor.py:183} INFO - Processing /home/airflow/.local/lib/python3.8/site-packages/airflow/example_dags/tutorial_dag.py took 0.075 seconds
[2024-01-10T07:31:10.439+0000] {processor.py:161} INFO - Started process (PID=1878) to work on /home/airflow/.local/lib/python3.8/site-packages/airflow/example_dags/tutorial_dag.py
[2024-01-10T07:31:10.440+0000] {processor.py:830} INFO - Processing file /home/airflow/.local/lib/python3.8/site-packages/airflow/example_dags/tutorial_dag.py for tasks to queue
[2024-01-10T07:31:10.442+0000] {logging_mixin.py:188} INFO - [2024-01-10T07:31:10.442+0000] {dagbag.py:538} INFO - Filling up the DagBag from /home/airflow/.local/lib/python3.8/site-packages/airflow/example_dags/tutorial_dag.py
[2024-01-10T07:31:10.447+0000] {processor.py:840} INFO - DAG(s) 'tutorial_dag' retrieved from /home/airflow/.local/lib/python3.8/site-packages/airflow/example_dags/tutorial_dag.py
[2024-01-10T07:31:10.465+0000] {logging_mixin.py:188} INFO - [2024-01-10T07:31:10.465+0000] {dag.py:3033} INFO - Sync 1 DAGs
[2024-01-10T07:31:10.475+0000] {logging_mixin.py:188} INFO - [2024-01-10T07:31:10.475+0000] {dag.py:3820} INFO - Setting next_dagrun for tutorial_dag to None, run_after=None
[2024-01-10T07:31:10.491+0000] {processor.py:183} INFO - Processing /home/airflow/.local/lib/python3.8/site-packages/airflow/example_dags/tutorial_dag.py took 0.055 seconds
[2024-01-10T07:31:41.492+0000] {processor.py:161} INFO - Started process (PID=1933) to work on /home/airflow/.local/lib/python3.8/site-packages/airflow/example_dags/tutorial_dag.py
[2024-01-10T07:31:41.493+0000] {processor.py:830} INFO - Processing file /home/airflow/.local/lib/python3.8/site-packages/airflow/example_dags/tutorial_dag.py for tasks to queue
[2024-01-10T07:31:41.495+0000] {logging_mixin.py:188} INFO - [2024-01-10T07:31:41.495+0000] {dagbag.py:538} INFO - Filling up the DagBag from /home/airflow/.local/lib/python3.8/site-packages/airflow/example_dags/tutorial_dag.py
[2024-01-10T07:31:41.501+0000] {processor.py:840} INFO - DAG(s) 'tutorial_dag' retrieved from /home/airflow/.local/lib/python3.8/site-packages/airflow/example_dags/tutorial_dag.py
[2024-01-10T07:31:41.518+0000] {logging_mixin.py:188} INFO - [2024-01-10T07:31:41.518+0000] {dag.py:3033} INFO - Sync 1 DAGs
[2024-01-10T07:31:41.528+0000] {logging_mixin.py:188} INFO - [2024-01-10T07:31:41.527+0000] {dag.py:3820} INFO - Setting next_dagrun for tutorial_dag to None, run_after=None
[2024-01-10T07:31:41.542+0000] {processor.py:183} INFO - Processing /home/airflow/.local/lib/python3.8/site-packages/airflow/example_dags/tutorial_dag.py took 0.053 seconds
[2024-01-10T07:32:11.984+0000] {processor.py:161} INFO - Started process (PID=1988) to work on /home/airflow/.local/lib/python3.8/site-packages/airflow/example_dags/tutorial_dag.py
[2024-01-10T07:32:11.986+0000] {processor.py:830} INFO - Processing file /home/airflow/.local/lib/python3.8/site-packages/airflow/example_dags/tutorial_dag.py for tasks to queue
[2024-01-10T07:32:11.989+0000] {logging_mixin.py:188} INFO - [2024-01-10T07:32:11.989+0000] {dagbag.py:538} INFO - Filling up the DagBag from /home/airflow/.local/lib/python3.8/site-packages/airflow/example_dags/tutorial_dag.py
[2024-01-10T07:32:11.996+0000] {processor.py:840} INFO - DAG(s) 'tutorial_dag' retrieved from /home/airflow/.local/lib/python3.8/site-packages/airflow/example_dags/tutorial_dag.py
[2024-01-10T07:32:12.024+0000] {logging_mixin.py:188} INFO - [2024-01-10T07:32:12.024+0000] {dag.py:3033} INFO - Sync 1 DAGs
[2024-01-10T07:32:12.042+0000] {logging_mixin.py:188} INFO - [2024-01-10T07:32:12.042+0000] {dag.py:3820} INFO - Setting next_dagrun for tutorial_dag to None, run_after=None
[2024-01-10T07:32:12.074+0000] {processor.py:183} INFO - Processing /home/airflow/.local/lib/python3.8/site-packages/airflow/example_dags/tutorial_dag.py took 0.095 seconds
[2024-01-10T08:12:07.996+0000] {processor.py:161} INFO - Started process (PID=71) to work on /home/airflow/.local/lib/python3.8/site-packages/airflow/example_dags/tutorial_dag.py
[2024-01-10T08:12:07.997+0000] {processor.py:830} INFO - Processing file /home/airflow/.local/lib/python3.8/site-packages/airflow/example_dags/tutorial_dag.py for tasks to queue
[2024-01-10T08:12:07.999+0000] {logging_mixin.py:188} INFO - [2024-01-10T08:12:07.999+0000] {dagbag.py:538} INFO - Filling up the DagBag from /home/airflow/.local/lib/python3.8/site-packages/airflow/example_dags/tutorial_dag.py
[2024-01-10T08:12:08.004+0000] {processor.py:840} INFO - DAG(s) 'tutorial_dag' retrieved from /home/airflow/.local/lib/python3.8/site-packages/airflow/example_dags/tutorial_dag.py
[2024-01-10T08:12:08.080+0000] {logging_mixin.py:188} INFO - [2024-01-10T08:12:08.080+0000] {override.py:1769} INFO - Created Permission View: can edit on DAG:tutorial_dag
[2024-01-10T08:12:08.087+0000] {logging_mixin.py:188} INFO - [2024-01-10T08:12:08.087+0000] {override.py:1769} INFO - Created Permission View: can read on DAG:tutorial_dag
[2024-01-10T08:12:08.091+0000] {logging_mixin.py:188} INFO - [2024-01-10T08:12:08.091+0000] {override.py:1769} INFO - Created Permission View: can delete on DAG:tutorial_dag
[2024-01-10T08:12:08.092+0000] {logging_mixin.py:188} INFO - [2024-01-10T08:12:08.092+0000] {dag.py:3033} INFO - Sync 1 DAGs
[2024-01-10T08:12:08.100+0000] {logging_mixin.py:188} INFO - [2024-01-10T08:12:08.100+0000] {dag.py:3055} INFO - Creating ORM DAG for tutorial_dag
[2024-01-10T08:12:08.100+0000] {logging_mixin.py:188} INFO - [2024-01-10T08:12:08.100+0000] {dag.py:3820} INFO - Setting next_dagrun for tutorial_dag to None, run_after=None
[2024-01-10T08:12:08.114+0000] {processor.py:183} INFO - Processing /home/airflow/.local/lib/python3.8/site-packages/airflow/example_dags/tutorial_dag.py took 0.121 seconds
[2024-01-10T08:13:15.357+0000] {processor.py:161} INFO - Started process (PID=71) to work on /home/airflow/.local/lib/python3.8/site-packages/airflow/example_dags/tutorial_dag.py
[2024-01-10T08:13:15.359+0000] {processor.py:830} INFO - Processing file /home/airflow/.local/lib/python3.8/site-packages/airflow/example_dags/tutorial_dag.py for tasks to queue
[2024-01-10T08:13:15.364+0000] {logging_mixin.py:188} INFO - [2024-01-10T08:13:15.364+0000] {dagbag.py:538} INFO - Filling up the DagBag from /home/airflow/.local/lib/python3.8/site-packages/airflow/example_dags/tutorial_dag.py
[2024-01-10T08:13:15.377+0000] {processor.py:840} INFO - DAG(s) 'tutorial_dag' retrieved from /home/airflow/.local/lib/python3.8/site-packages/airflow/example_dags/tutorial_dag.py
[2024-01-10T08:13:15.401+0000] {logging_mixin.py:188} INFO - [2024-01-10T08:13:15.400+0000] {dag.py:3033} INFO - Sync 1 DAGs
[2024-01-10T08:13:15.424+0000] {logging_mixin.py:188} INFO - [2024-01-10T08:13:15.424+0000] {dag.py:3820} INFO - Setting next_dagrun for tutorial_dag to None, run_after=None
[2024-01-10T08:13:15.458+0000] {processor.py:183} INFO - Processing /home/airflow/.local/lib/python3.8/site-packages/airflow/example_dags/tutorial_dag.py took 0.107 seconds
[2024-01-10T08:16:50.508+0000] {processor.py:161} INFO - Started process (PID=40) to work on /home/airflow/.local/lib/python3.8/site-packages/airflow/example_dags/tutorial_dag.py
[2024-01-10T08:16:50.510+0000] {processor.py:830} INFO - Processing file /home/airflow/.local/lib/python3.8/site-packages/airflow/example_dags/tutorial_dag.py for tasks to queue
[2024-01-10T08:16:50.514+0000] {logging_mixin.py:188} INFO - [2024-01-10T08:16:50.514+0000] {dagbag.py:538} INFO - Filling up the DagBag from /home/airflow/.local/lib/python3.8/site-packages/airflow/example_dags/tutorial_dag.py
[2024-01-10T08:16:50.527+0000] {processor.py:840} INFO - DAG(s) 'tutorial_dag' retrieved from /home/airflow/.local/lib/python3.8/site-packages/airflow/example_dags/tutorial_dag.py
[2024-01-10T08:16:50.718+0000] {logging_mixin.py:188} INFO - [2024-01-10T08:16:50.717+0000] {override.py:1769} INFO - Created Permission View: can delete on DAG:tutorial_dag
[2024-01-10T08:16:50.737+0000] {logging_mixin.py:188} INFO - [2024-01-10T08:16:50.736+0000] {override.py:1769} INFO - Created Permission View: can edit on DAG:tutorial_dag
[2024-01-10T08:16:50.751+0000] {logging_mixin.py:188} INFO - [2024-01-10T08:16:50.750+0000] {override.py:1769} INFO - Created Permission View: can read on DAG:tutorial_dag
[2024-01-10T08:16:50.753+0000] {logging_mixin.py:188} INFO - [2024-01-10T08:16:50.753+0000] {dag.py:3033} INFO - Sync 1 DAGs
[2024-01-10T08:16:50.779+0000] {logging_mixin.py:188} INFO - [2024-01-10T08:16:50.778+0000] {dag.py:3055} INFO - Creating ORM DAG for tutorial_dag
[2024-01-10T08:16:50.783+0000] {logging_mixin.py:188} INFO - [2024-01-10T08:16:50.783+0000] {dag.py:3820} INFO - Setting next_dagrun for tutorial_dag to None, run_after=None
[2024-01-10T08:16:50.821+0000] {processor.py:183} INFO - Processing /home/airflow/.local/lib/python3.8/site-packages/airflow/example_dags/tutorial_dag.py took 0.318 seconds
[2024-01-10T08:17:21.233+0000] {processor.py:161} INFO - Started process (PID=95) to work on /home/airflow/.local/lib/python3.8/site-packages/airflow/example_dags/tutorial_dag.py
[2024-01-10T08:17:21.234+0000] {processor.py:830} INFO - Processing file /home/airflow/.local/lib/python3.8/site-packages/airflow/example_dags/tutorial_dag.py for tasks to queue
[2024-01-10T08:17:21.236+0000] {logging_mixin.py:188} INFO - [2024-01-10T08:17:21.236+0000] {dagbag.py:538} INFO - Filling up the DagBag from /home/airflow/.local/lib/python3.8/site-packages/airflow/example_dags/tutorial_dag.py
[2024-01-10T08:17:21.240+0000] {processor.py:840} INFO - DAG(s) 'tutorial_dag' retrieved from /home/airflow/.local/lib/python3.8/site-packages/airflow/example_dags/tutorial_dag.py
[2024-01-10T08:17:21.255+0000] {logging_mixin.py:188} INFO - [2024-01-10T08:17:21.255+0000] {dag.py:3033} INFO - Sync 1 DAGs
[2024-01-10T08:17:21.264+0000] {logging_mixin.py:188} INFO - [2024-01-10T08:17:21.264+0000] {dag.py:3820} INFO - Setting next_dagrun for tutorial_dag to None, run_after=None
[2024-01-10T08:17:21.278+0000] {processor.py:183} INFO - Processing /home/airflow/.local/lib/python3.8/site-packages/airflow/example_dags/tutorial_dag.py took 0.048 seconds
[2024-01-10T08:17:51.482+0000] {processor.py:161} INFO - Started process (PID=150) to work on /home/airflow/.local/lib/python3.8/site-packages/airflow/example_dags/tutorial_dag.py
[2024-01-10T08:17:51.483+0000] {processor.py:830} INFO - Processing file /home/airflow/.local/lib/python3.8/site-packages/airflow/example_dags/tutorial_dag.py for tasks to queue
[2024-01-10T08:17:51.484+0000] {logging_mixin.py:188} INFO - [2024-01-10T08:17:51.484+0000] {dagbag.py:538} INFO - Filling up the DagBag from /home/airflow/.local/lib/python3.8/site-packages/airflow/example_dags/tutorial_dag.py
[2024-01-10T08:17:51.489+0000] {processor.py:840} INFO - DAG(s) 'tutorial_dag' retrieved from /home/airflow/.local/lib/python3.8/site-packages/airflow/example_dags/tutorial_dag.py
[2024-01-10T08:17:51.504+0000] {logging_mixin.py:188} INFO - [2024-01-10T08:17:51.504+0000] {dag.py:3033} INFO - Sync 1 DAGs
[2024-01-10T08:17:51.513+0000] {logging_mixin.py:188} INFO - [2024-01-10T08:17:51.513+0000] {dag.py:3820} INFO - Setting next_dagrun for tutorial_dag to None, run_after=None
[2024-01-10T08:17:51.525+0000] {processor.py:183} INFO - Processing /home/airflow/.local/lib/python3.8/site-packages/airflow/example_dags/tutorial_dag.py took 0.046 seconds
[2024-01-10T08:18:21.894+0000] {processor.py:161} INFO - Started process (PID=205) to work on /home/airflow/.local/lib/python3.8/site-packages/airflow/example_dags/tutorial_dag.py
[2024-01-10T08:18:21.894+0000] {processor.py:830} INFO - Processing file /home/airflow/.local/lib/python3.8/site-packages/airflow/example_dags/tutorial_dag.py for tasks to queue
[2024-01-10T08:18:21.896+0000] {logging_mixin.py:188} INFO - [2024-01-10T08:18:21.896+0000] {dagbag.py:538} INFO - Filling up the DagBag from /home/airflow/.local/lib/python3.8/site-packages/airflow/example_dags/tutorial_dag.py
[2024-01-10T08:18:21.900+0000] {processor.py:840} INFO - DAG(s) 'tutorial_dag' retrieved from /home/airflow/.local/lib/python3.8/site-packages/airflow/example_dags/tutorial_dag.py
[2024-01-10T08:18:21.918+0000] {logging_mixin.py:188} INFO - [2024-01-10T08:18:21.918+0000] {dag.py:3033} INFO - Sync 1 DAGs
[2024-01-10T08:18:21.928+0000] {logging_mixin.py:188} INFO - [2024-01-10T08:18:21.928+0000] {dag.py:3820} INFO - Setting next_dagrun for tutorial_dag to None, run_after=None
[2024-01-10T08:18:21.941+0000] {processor.py:183} INFO - Processing /home/airflow/.local/lib/python3.8/site-packages/airflow/example_dags/tutorial_dag.py took 0.050 seconds
[2024-01-10T08:18:52.170+0000] {processor.py:161} INFO - Started process (PID=260) to work on /home/airflow/.local/lib/python3.8/site-packages/airflow/example_dags/tutorial_dag.py
[2024-01-10T08:18:52.171+0000] {processor.py:830} INFO - Processing file /home/airflow/.local/lib/python3.8/site-packages/airflow/example_dags/tutorial_dag.py for tasks to queue
[2024-01-10T08:18:52.172+0000] {logging_mixin.py:188} INFO - [2024-01-10T08:18:52.172+0000] {dagbag.py:538} INFO - Filling up the DagBag from /home/airflow/.local/lib/python3.8/site-packages/airflow/example_dags/tutorial_dag.py
[2024-01-10T08:18:52.177+0000] {processor.py:840} INFO - DAG(s) 'tutorial_dag' retrieved from /home/airflow/.local/lib/python3.8/site-packages/airflow/example_dags/tutorial_dag.py
[2024-01-10T08:18:52.194+0000] {logging_mixin.py:188} INFO - [2024-01-10T08:18:52.194+0000] {dag.py:3033} INFO - Sync 1 DAGs
[2024-01-10T08:18:52.205+0000] {logging_mixin.py:188} INFO - [2024-01-10T08:18:52.205+0000] {dag.py:3820} INFO - Setting next_dagrun for tutorial_dag to None, run_after=None
[2024-01-10T08:18:52.220+0000] {processor.py:183} INFO - Processing /home/airflow/.local/lib/python3.8/site-packages/airflow/example_dags/tutorial_dag.py took 0.053 seconds
[2024-01-10T08:19:22.494+0000] {processor.py:161} INFO - Started process (PID=315) to work on /home/airflow/.local/lib/python3.8/site-packages/airflow/example_dags/tutorial_dag.py
[2024-01-10T08:19:22.495+0000] {processor.py:830} INFO - Processing file /home/airflow/.local/lib/python3.8/site-packages/airflow/example_dags/tutorial_dag.py for tasks to queue
[2024-01-10T08:19:22.497+0000] {logging_mixin.py:188} INFO - [2024-01-10T08:19:22.497+0000] {dagbag.py:538} INFO - Filling up the DagBag from /home/airflow/.local/lib/python3.8/site-packages/airflow/example_dags/tutorial_dag.py
[2024-01-10T08:19:22.502+0000] {processor.py:840} INFO - DAG(s) 'tutorial_dag' retrieved from /home/airflow/.local/lib/python3.8/site-packages/airflow/example_dags/tutorial_dag.py
[2024-01-10T08:19:22.518+0000] {logging_mixin.py:188} INFO - [2024-01-10T08:19:22.518+0000] {dag.py:3033} INFO - Sync 1 DAGs
[2024-01-10T08:19:22.527+0000] {logging_mixin.py:188} INFO - [2024-01-10T08:19:22.527+0000] {dag.py:3820} INFO - Setting next_dagrun for tutorial_dag to None, run_after=None
[2024-01-10T08:19:22.539+0000] {processor.py:183} INFO - Processing /home/airflow/.local/lib/python3.8/site-packages/airflow/example_dags/tutorial_dag.py took 0.048 seconds
[2024-01-10T08:19:52.791+0000] {processor.py:161} INFO - Started process (PID=370) to work on /home/airflow/.local/lib/python3.8/site-packages/airflow/example_dags/tutorial_dag.py
[2024-01-10T08:19:52.792+0000] {processor.py:830} INFO - Processing file /home/airflow/.local/lib/python3.8/site-packages/airflow/example_dags/tutorial_dag.py for tasks to queue
[2024-01-10T08:19:52.794+0000] {logging_mixin.py:188} INFO - [2024-01-10T08:19:52.794+0000] {dagbag.py:538} INFO - Filling up the DagBag from /home/airflow/.local/lib/python3.8/site-packages/airflow/example_dags/tutorial_dag.py
[2024-01-10T08:19:52.799+0000] {processor.py:840} INFO - DAG(s) 'tutorial_dag' retrieved from /home/airflow/.local/lib/python3.8/site-packages/airflow/example_dags/tutorial_dag.py
[2024-01-10T08:19:52.815+0000] {logging_mixin.py:188} INFO - [2024-01-10T08:19:52.815+0000] {dag.py:3033} INFO - Sync 1 DAGs
[2024-01-10T08:19:52.824+0000] {logging_mixin.py:188} INFO - [2024-01-10T08:19:52.824+0000] {dag.py:3820} INFO - Setting next_dagrun for tutorial_dag to None, run_after=None
[2024-01-10T08:19:52.837+0000] {processor.py:183} INFO - Processing /home/airflow/.local/lib/python3.8/site-packages/airflow/example_dags/tutorial_dag.py took 0.048 seconds
[2024-01-10T08:20:23.165+0000] {processor.py:161} INFO - Started process (PID=425) to work on /home/airflow/.local/lib/python3.8/site-packages/airflow/example_dags/tutorial_dag.py
[2024-01-10T08:20:23.166+0000] {processor.py:830} INFO - Processing file /home/airflow/.local/lib/python3.8/site-packages/airflow/example_dags/tutorial_dag.py for tasks to queue
[2024-01-10T08:20:23.168+0000] {logging_mixin.py:188} INFO - [2024-01-10T08:20:23.168+0000] {dagbag.py:538} INFO - Filling up the DagBag from /home/airflow/.local/lib/python3.8/site-packages/airflow/example_dags/tutorial_dag.py
[2024-01-10T08:20:23.172+0000] {processor.py:840} INFO - DAG(s) 'tutorial_dag' retrieved from /home/airflow/.local/lib/python3.8/site-packages/airflow/example_dags/tutorial_dag.py
[2024-01-10T08:20:23.188+0000] {logging_mixin.py:188} INFO - [2024-01-10T08:20:23.188+0000] {dag.py:3033} INFO - Sync 1 DAGs
[2024-01-10T08:20:23.197+0000] {logging_mixin.py:188} INFO - [2024-01-10T08:20:23.197+0000] {dag.py:3820} INFO - Setting next_dagrun for tutorial_dag to None, run_after=None
[2024-01-10T08:20:23.211+0000] {processor.py:183} INFO - Processing /home/airflow/.local/lib/python3.8/site-packages/airflow/example_dags/tutorial_dag.py took 0.049 seconds
[2024-01-10T08:20:53.351+0000] {processor.py:161} INFO - Started process (PID=480) to work on /home/airflow/.local/lib/python3.8/site-packages/airflow/example_dags/tutorial_dag.py
[2024-01-10T08:20:53.352+0000] {processor.py:830} INFO - Processing file /home/airflow/.local/lib/python3.8/site-packages/airflow/example_dags/tutorial_dag.py for tasks to queue
[2024-01-10T08:20:53.354+0000] {logging_mixin.py:188} INFO - [2024-01-10T08:20:53.354+0000] {dagbag.py:538} INFO - Filling up the DagBag from /home/airflow/.local/lib/python3.8/site-packages/airflow/example_dags/tutorial_dag.py
[2024-01-10T08:20:53.358+0000] {processor.py:840} INFO - DAG(s) 'tutorial_dag' retrieved from /home/airflow/.local/lib/python3.8/site-packages/airflow/example_dags/tutorial_dag.py
[2024-01-10T08:20:53.373+0000] {logging_mixin.py:188} INFO - [2024-01-10T08:20:53.373+0000] {dag.py:3033} INFO - Sync 1 DAGs
[2024-01-10T08:20:53.382+0000] {logging_mixin.py:188} INFO - [2024-01-10T08:20:53.382+0000] {dag.py:3820} INFO - Setting next_dagrun for tutorial_dag to None, run_after=None
[2024-01-10T08:20:53.394+0000] {processor.py:183} INFO - Processing /home/airflow/.local/lib/python3.8/site-packages/airflow/example_dags/tutorial_dag.py took 0.046 seconds
[2024-01-10T08:21:23.518+0000] {processor.py:161} INFO - Started process (PID=535) to work on /home/airflow/.local/lib/python3.8/site-packages/airflow/example_dags/tutorial_dag.py
[2024-01-10T08:21:23.519+0000] {processor.py:830} INFO - Processing file /home/airflow/.local/lib/python3.8/site-packages/airflow/example_dags/tutorial_dag.py for tasks to queue
[2024-01-10T08:21:23.521+0000] {logging_mixin.py:188} INFO - [2024-01-10T08:21:23.520+0000] {dagbag.py:538} INFO - Filling up the DagBag from /home/airflow/.local/lib/python3.8/site-packages/airflow/example_dags/tutorial_dag.py
[2024-01-10T08:21:23.525+0000] {processor.py:840} INFO - DAG(s) 'tutorial_dag' retrieved from /home/airflow/.local/lib/python3.8/site-packages/airflow/example_dags/tutorial_dag.py
[2024-01-10T08:21:23.540+0000] {logging_mixin.py:188} INFO - [2024-01-10T08:21:23.540+0000] {dag.py:3033} INFO - Sync 1 DAGs
[2024-01-10T08:21:23.550+0000] {logging_mixin.py:188} INFO - [2024-01-10T08:21:23.549+0000] {dag.py:3820} INFO - Setting next_dagrun for tutorial_dag to None, run_after=None
[2024-01-10T08:21:23.562+0000] {processor.py:183} INFO - Processing /home/airflow/.local/lib/python3.8/site-packages/airflow/example_dags/tutorial_dag.py took 0.047 seconds
[2024-01-10T08:21:53.695+0000] {processor.py:161} INFO - Started process (PID=590) to work on /home/airflow/.local/lib/python3.8/site-packages/airflow/example_dags/tutorial_dag.py
[2024-01-10T08:21:53.695+0000] {processor.py:830} INFO - Processing file /home/airflow/.local/lib/python3.8/site-packages/airflow/example_dags/tutorial_dag.py for tasks to queue
[2024-01-10T08:21:53.697+0000] {logging_mixin.py:188} INFO - [2024-01-10T08:21:53.697+0000] {dagbag.py:538} INFO - Filling up the DagBag from /home/airflow/.local/lib/python3.8/site-packages/airflow/example_dags/tutorial_dag.py
[2024-01-10T08:21:53.702+0000] {processor.py:840} INFO - DAG(s) 'tutorial_dag' retrieved from /home/airflow/.local/lib/python3.8/site-packages/airflow/example_dags/tutorial_dag.py
[2024-01-10T08:21:53.717+0000] {logging_mixin.py:188} INFO - [2024-01-10T08:21:53.717+0000] {dag.py:3033} INFO - Sync 1 DAGs
[2024-01-10T08:21:53.727+0000] {logging_mixin.py:188} INFO - [2024-01-10T08:21:53.727+0000] {dag.py:3820} INFO - Setting next_dagrun for tutorial_dag to None, run_after=None
[2024-01-10T08:21:53.740+0000] {processor.py:183} INFO - Processing /home/airflow/.local/lib/python3.8/site-packages/airflow/example_dags/tutorial_dag.py took 0.048 seconds
[2024-01-10T08:22:23.944+0000] {processor.py:161} INFO - Started process (PID=645) to work on /home/airflow/.local/lib/python3.8/site-packages/airflow/example_dags/tutorial_dag.py
[2024-01-10T08:22:23.945+0000] {processor.py:830} INFO - Processing file /home/airflow/.local/lib/python3.8/site-packages/airflow/example_dags/tutorial_dag.py for tasks to queue
[2024-01-10T08:22:23.947+0000] {logging_mixin.py:188} INFO - [2024-01-10T08:22:23.947+0000] {dagbag.py:538} INFO - Filling up the DagBag from /home/airflow/.local/lib/python3.8/site-packages/airflow/example_dags/tutorial_dag.py
[2024-01-10T08:22:23.951+0000] {processor.py:840} INFO - DAG(s) 'tutorial_dag' retrieved from /home/airflow/.local/lib/python3.8/site-packages/airflow/example_dags/tutorial_dag.py
[2024-01-10T08:22:23.967+0000] {logging_mixin.py:188} INFO - [2024-01-10T08:22:23.967+0000] {dag.py:3033} INFO - Sync 1 DAGs
[2024-01-10T08:22:23.976+0000] {logging_mixin.py:188} INFO - [2024-01-10T08:22:23.976+0000] {dag.py:3820} INFO - Setting next_dagrun for tutorial_dag to None, run_after=None
[2024-01-10T08:22:23.989+0000] {processor.py:183} INFO - Processing /home/airflow/.local/lib/python3.8/site-packages/airflow/example_dags/tutorial_dag.py took 0.047 seconds
[2024-01-10T08:22:54.316+0000] {processor.py:161} INFO - Started process (PID=700) to work on /home/airflow/.local/lib/python3.8/site-packages/airflow/example_dags/tutorial_dag.py
[2024-01-10T08:22:54.317+0000] {processor.py:830} INFO - Processing file /home/airflow/.local/lib/python3.8/site-packages/airflow/example_dags/tutorial_dag.py for tasks to queue
[2024-01-10T08:22:54.319+0000] {logging_mixin.py:188} INFO - [2024-01-10T08:22:54.319+0000] {dagbag.py:538} INFO - Filling up the DagBag from /home/airflow/.local/lib/python3.8/site-packages/airflow/example_dags/tutorial_dag.py
[2024-01-10T08:22:54.323+0000] {processor.py:840} INFO - DAG(s) 'tutorial_dag' retrieved from /home/airflow/.local/lib/python3.8/site-packages/airflow/example_dags/tutorial_dag.py
[2024-01-10T08:22:54.340+0000] {logging_mixin.py:188} INFO - [2024-01-10T08:22:54.339+0000] {dag.py:3033} INFO - Sync 1 DAGs
[2024-01-10T08:22:54.350+0000] {logging_mixin.py:188} INFO - [2024-01-10T08:22:54.350+0000] {dag.py:3820} INFO - Setting next_dagrun for tutorial_dag to None, run_after=None
[2024-01-10T08:22:54.366+0000] {processor.py:183} INFO - Processing /home/airflow/.local/lib/python3.8/site-packages/airflow/example_dags/tutorial_dag.py took 0.053 seconds
[2024-01-10T08:23:24.608+0000] {processor.py:161} INFO - Started process (PID=755) to work on /home/airflow/.local/lib/python3.8/site-packages/airflow/example_dags/tutorial_dag.py
[2024-01-10T08:23:24.609+0000] {processor.py:830} INFO - Processing file /home/airflow/.local/lib/python3.8/site-packages/airflow/example_dags/tutorial_dag.py for tasks to queue
[2024-01-10T08:23:24.611+0000] {logging_mixin.py:188} INFO - [2024-01-10T08:23:24.611+0000] {dagbag.py:538} INFO - Filling up the DagBag from /home/airflow/.local/lib/python3.8/site-packages/airflow/example_dags/tutorial_dag.py
[2024-01-10T08:23:24.617+0000] {processor.py:840} INFO - DAG(s) 'tutorial_dag' retrieved from /home/airflow/.local/lib/python3.8/site-packages/airflow/example_dags/tutorial_dag.py
[2024-01-10T08:23:24.638+0000] {logging_mixin.py:188} INFO - [2024-01-10T08:23:24.638+0000] {dag.py:3033} INFO - Sync 1 DAGs
[2024-01-10T08:23:24.650+0000] {logging_mixin.py:188} INFO - [2024-01-10T08:23:24.649+0000] {dag.py:3820} INFO - Setting next_dagrun for tutorial_dag to None, run_after=None
[2024-01-10T08:23:24.672+0000] {processor.py:183} INFO - Processing /home/airflow/.local/lib/python3.8/site-packages/airflow/example_dags/tutorial_dag.py took 0.069 seconds
[2024-01-10T08:23:55.134+0000] {processor.py:161} INFO - Started process (PID=810) to work on /home/airflow/.local/lib/python3.8/site-packages/airflow/example_dags/tutorial_dag.py
[2024-01-10T08:23:55.134+0000] {processor.py:830} INFO - Processing file /home/airflow/.local/lib/python3.8/site-packages/airflow/example_dags/tutorial_dag.py for tasks to queue
[2024-01-10T08:23:55.136+0000] {logging_mixin.py:188} INFO - [2024-01-10T08:23:55.136+0000] {dagbag.py:538} INFO - Filling up the DagBag from /home/airflow/.local/lib/python3.8/site-packages/airflow/example_dags/tutorial_dag.py
[2024-01-10T08:23:55.140+0000] {processor.py:840} INFO - DAG(s) 'tutorial_dag' retrieved from /home/airflow/.local/lib/python3.8/site-packages/airflow/example_dags/tutorial_dag.py
[2024-01-10T08:23:55.156+0000] {logging_mixin.py:188} INFO - [2024-01-10T08:23:55.156+0000] {dag.py:3033} INFO - Sync 1 DAGs
[2024-01-10T08:23:55.165+0000] {logging_mixin.py:188} INFO - [2024-01-10T08:23:55.165+0000] {dag.py:3820} INFO - Setting next_dagrun for tutorial_dag to None, run_after=None
[2024-01-10T08:23:55.178+0000] {processor.py:183} INFO - Processing /home/airflow/.local/lib/python3.8/site-packages/airflow/example_dags/tutorial_dag.py took 0.047 seconds
[2024-01-10T08:24:25.593+0000] {processor.py:161} INFO - Started process (PID=865) to work on /home/airflow/.local/lib/python3.8/site-packages/airflow/example_dags/tutorial_dag.py
[2024-01-10T08:24:25.594+0000] {processor.py:830} INFO - Processing file /home/airflow/.local/lib/python3.8/site-packages/airflow/example_dags/tutorial_dag.py for tasks to queue
[2024-01-10T08:24:25.596+0000] {logging_mixin.py:188} INFO - [2024-01-10T08:24:25.595+0000] {dagbag.py:538} INFO - Filling up the DagBag from /home/airflow/.local/lib/python3.8/site-packages/airflow/example_dags/tutorial_dag.py
[2024-01-10T08:24:25.601+0000] {processor.py:840} INFO - DAG(s) 'tutorial_dag' retrieved from /home/airflow/.local/lib/python3.8/site-packages/airflow/example_dags/tutorial_dag.py
[2024-01-10T08:24:25.617+0000] {logging_mixin.py:188} INFO - [2024-01-10T08:24:25.616+0000] {dag.py:3033} INFO - Sync 1 DAGs
[2024-01-10T08:24:25.627+0000] {logging_mixin.py:188} INFO - [2024-01-10T08:24:25.627+0000] {dag.py:3820} INFO - Setting next_dagrun for tutorial_dag to None, run_after=None
[2024-01-10T08:24:25.640+0000] {processor.py:183} INFO - Processing /home/airflow/.local/lib/python3.8/site-packages/airflow/example_dags/tutorial_dag.py took 0.050 seconds
[2024-01-10T08:24:55.759+0000] {processor.py:161} INFO - Started process (PID=921) to work on /home/airflow/.local/lib/python3.8/site-packages/airflow/example_dags/tutorial_dag.py
[2024-01-10T08:24:55.760+0000] {processor.py:830} INFO - Processing file /home/airflow/.local/lib/python3.8/site-packages/airflow/example_dags/tutorial_dag.py for tasks to queue
[2024-01-10T08:24:55.762+0000] {logging_mixin.py:188} INFO - [2024-01-10T08:24:55.761+0000] {dagbag.py:538} INFO - Filling up the DagBag from /home/airflow/.local/lib/python3.8/site-packages/airflow/example_dags/tutorial_dag.py
[2024-01-10T08:24:55.766+0000] {processor.py:840} INFO - DAG(s) 'tutorial_dag' retrieved from /home/airflow/.local/lib/python3.8/site-packages/airflow/example_dags/tutorial_dag.py
[2024-01-10T08:24:55.781+0000] {logging_mixin.py:188} INFO - [2024-01-10T08:24:55.781+0000] {dag.py:3033} INFO - Sync 1 DAGs
[2024-01-10T08:24:55.790+0000] {logging_mixin.py:188} INFO - [2024-01-10T08:24:55.790+0000] {dag.py:3820} INFO - Setting next_dagrun for tutorial_dag to None, run_after=None
[2024-01-10T08:24:55.802+0000] {processor.py:183} INFO - Processing /home/airflow/.local/lib/python3.8/site-packages/airflow/example_dags/tutorial_dag.py took 0.046 seconds
[2024-01-10T08:25:26.298+0000] {processor.py:161} INFO - Started process (PID=976) to work on /home/airflow/.local/lib/python3.8/site-packages/airflow/example_dags/tutorial_dag.py
[2024-01-10T08:25:26.299+0000] {processor.py:830} INFO - Processing file /home/airflow/.local/lib/python3.8/site-packages/airflow/example_dags/tutorial_dag.py for tasks to queue
[2024-01-10T08:25:26.301+0000] {logging_mixin.py:188} INFO - [2024-01-10T08:25:26.301+0000] {dagbag.py:538} INFO - Filling up the DagBag from /home/airflow/.local/lib/python3.8/site-packages/airflow/example_dags/tutorial_dag.py
[2024-01-10T08:25:26.306+0000] {processor.py:840} INFO - DAG(s) 'tutorial_dag' retrieved from /home/airflow/.local/lib/python3.8/site-packages/airflow/example_dags/tutorial_dag.py
[2024-01-10T08:25:26.322+0000] {logging_mixin.py:188} INFO - [2024-01-10T08:25:26.322+0000] {dag.py:3033} INFO - Sync 1 DAGs
[2024-01-10T08:25:26.332+0000] {logging_mixin.py:188} INFO - [2024-01-10T08:25:26.332+0000] {dag.py:3820} INFO - Setting next_dagrun for tutorial_dag to None, run_after=None
[2024-01-10T08:25:26.346+0000] {processor.py:183} INFO - Processing /home/airflow/.local/lib/python3.8/site-packages/airflow/example_dags/tutorial_dag.py took 0.051 seconds
[2024-01-10T08:25:56.687+0000] {processor.py:161} INFO - Started process (PID=1031) to work on /home/airflow/.local/lib/python3.8/site-packages/airflow/example_dags/tutorial_dag.py
[2024-01-10T08:25:56.688+0000] {processor.py:830} INFO - Processing file /home/airflow/.local/lib/python3.8/site-packages/airflow/example_dags/tutorial_dag.py for tasks to queue
[2024-01-10T08:25:56.691+0000] {logging_mixin.py:188} INFO - [2024-01-10T08:25:56.691+0000] {dagbag.py:538} INFO - Filling up the DagBag from /home/airflow/.local/lib/python3.8/site-packages/airflow/example_dags/tutorial_dag.py
[2024-01-10T08:25:56.699+0000] {processor.py:840} INFO - DAG(s) 'tutorial_dag' retrieved from /home/airflow/.local/lib/python3.8/site-packages/airflow/example_dags/tutorial_dag.py
[2024-01-10T08:25:56.720+0000] {logging_mixin.py:188} INFO - [2024-01-10T08:25:56.719+0000] {dag.py:3033} INFO - Sync 1 DAGs
[2024-01-10T08:25:56.731+0000] {logging_mixin.py:188} INFO - [2024-01-10T08:25:56.731+0000] {dag.py:3820} INFO - Setting next_dagrun for tutorial_dag to None, run_after=None
[2024-01-10T08:25:56.747+0000] {processor.py:183} INFO - Processing /home/airflow/.local/lib/python3.8/site-packages/airflow/example_dags/tutorial_dag.py took 0.063 seconds
[2024-01-10T08:26:27.182+0000] {processor.py:161} INFO - Started process (PID=1086) to work on /home/airflow/.local/lib/python3.8/site-packages/airflow/example_dags/tutorial_dag.py
[2024-01-10T08:26:27.182+0000] {processor.py:830} INFO - Processing file /home/airflow/.local/lib/python3.8/site-packages/airflow/example_dags/tutorial_dag.py for tasks to queue
[2024-01-10T08:26:27.184+0000] {logging_mixin.py:188} INFO - [2024-01-10T08:26:27.184+0000] {dagbag.py:538} INFO - Filling up the DagBag from /home/airflow/.local/lib/python3.8/site-packages/airflow/example_dags/tutorial_dag.py
[2024-01-10T08:26:27.188+0000] {processor.py:840} INFO - DAG(s) 'tutorial_dag' retrieved from /home/airflow/.local/lib/python3.8/site-packages/airflow/example_dags/tutorial_dag.py
[2024-01-10T08:26:27.204+0000] {logging_mixin.py:188} INFO - [2024-01-10T08:26:27.204+0000] {dag.py:3033} INFO - Sync 1 DAGs
[2024-01-10T08:26:27.213+0000] {logging_mixin.py:188} INFO - [2024-01-10T08:26:27.213+0000] {dag.py:3820} INFO - Setting next_dagrun for tutorial_dag to None, run_after=None
[2024-01-10T08:26:27.226+0000] {processor.py:183} INFO - Processing /home/airflow/.local/lib/python3.8/site-packages/airflow/example_dags/tutorial_dag.py took 0.047 seconds
[2024-01-10T08:26:57.951+0000] {processor.py:161} INFO - Started process (PID=1141) to work on /home/airflow/.local/lib/python3.8/site-packages/airflow/example_dags/tutorial_dag.py
[2024-01-10T08:26:57.953+0000] {processor.py:830} INFO - Processing file /home/airflow/.local/lib/python3.8/site-packages/airflow/example_dags/tutorial_dag.py for tasks to queue
[2024-01-10T08:26:57.959+0000] {logging_mixin.py:188} INFO - [2024-01-10T08:26:57.958+0000] {dagbag.py:538} INFO - Filling up the DagBag from /home/airflow/.local/lib/python3.8/site-packages/airflow/example_dags/tutorial_dag.py
[2024-01-10T08:26:57.972+0000] {processor.py:840} INFO - DAG(s) 'tutorial_dag' retrieved from /home/airflow/.local/lib/python3.8/site-packages/airflow/example_dags/tutorial_dag.py
[2024-01-10T08:26:57.998+0000] {logging_mixin.py:188} INFO - [2024-01-10T08:26:57.998+0000] {dag.py:3033} INFO - Sync 1 DAGs
[2024-01-10T08:26:58.009+0000] {logging_mixin.py:188} INFO - [2024-01-10T08:26:58.009+0000] {dag.py:3820} INFO - Setting next_dagrun for tutorial_dag to None, run_after=None
[2024-01-10T08:26:58.026+0000] {processor.py:183} INFO - Processing /home/airflow/.local/lib/python3.8/site-packages/airflow/example_dags/tutorial_dag.py took 0.079 seconds
[2024-01-10T08:27:28.360+0000] {processor.py:161} INFO - Started process (PID=1196) to work on /home/airflow/.local/lib/python3.8/site-packages/airflow/example_dags/tutorial_dag.py
[2024-01-10T08:27:28.361+0000] {processor.py:830} INFO - Processing file /home/airflow/.local/lib/python3.8/site-packages/airflow/example_dags/tutorial_dag.py for tasks to queue
[2024-01-10T08:27:28.363+0000] {logging_mixin.py:188} INFO - [2024-01-10T08:27:28.363+0000] {dagbag.py:538} INFO - Filling up the DagBag from /home/airflow/.local/lib/python3.8/site-packages/airflow/example_dags/tutorial_dag.py
[2024-01-10T08:27:28.368+0000] {processor.py:840} INFO - DAG(s) 'tutorial_dag' retrieved from /home/airflow/.local/lib/python3.8/site-packages/airflow/example_dags/tutorial_dag.py
[2024-01-10T08:27:28.384+0000] {logging_mixin.py:188} INFO - [2024-01-10T08:27:28.384+0000] {dag.py:3033} INFO - Sync 1 DAGs
[2024-01-10T08:27:28.395+0000] {logging_mixin.py:188} INFO - [2024-01-10T08:27:28.395+0000] {dag.py:3820} INFO - Setting next_dagrun for tutorial_dag to None, run_after=None
[2024-01-10T08:27:28.410+0000] {processor.py:183} INFO - Processing /home/airflow/.local/lib/python3.8/site-packages/airflow/example_dags/tutorial_dag.py took 0.053 seconds
[2024-01-10T08:27:58.862+0000] {processor.py:161} INFO - Started process (PID=1251) to work on /home/airflow/.local/lib/python3.8/site-packages/airflow/example_dags/tutorial_dag.py
[2024-01-10T08:27:58.863+0000] {processor.py:830} INFO - Processing file /home/airflow/.local/lib/python3.8/site-packages/airflow/example_dags/tutorial_dag.py for tasks to queue
[2024-01-10T08:27:58.865+0000] {logging_mixin.py:188} INFO - [2024-01-10T08:27:58.865+0000] {dagbag.py:538} INFO - Filling up the DagBag from /home/airflow/.local/lib/python3.8/site-packages/airflow/example_dags/tutorial_dag.py
[2024-01-10T08:27:58.870+0000] {processor.py:840} INFO - DAG(s) 'tutorial_dag' retrieved from /home/airflow/.local/lib/python3.8/site-packages/airflow/example_dags/tutorial_dag.py
[2024-01-10T08:27:58.891+0000] {logging_mixin.py:188} INFO - [2024-01-10T08:27:58.891+0000] {dag.py:3033} INFO - Sync 1 DAGs
[2024-01-10T08:27:58.902+0000] {logging_mixin.py:188} INFO - [2024-01-10T08:27:58.902+0000] {dag.py:3820} INFO - Setting next_dagrun for tutorial_dag to None, run_after=None
[2024-01-10T08:27:58.917+0000] {processor.py:183} INFO - Processing /home/airflow/.local/lib/python3.8/site-packages/airflow/example_dags/tutorial_dag.py took 0.058 seconds
[2024-01-10T08:28:28.989+0000] {processor.py:161} INFO - Started process (PID=1306) to work on /home/airflow/.local/lib/python3.8/site-packages/airflow/example_dags/tutorial_dag.py
[2024-01-10T08:28:28.990+0000] {processor.py:830} INFO - Processing file /home/airflow/.local/lib/python3.8/site-packages/airflow/example_dags/tutorial_dag.py for tasks to queue
[2024-01-10T08:28:28.992+0000] {logging_mixin.py:188} INFO - [2024-01-10T08:28:28.992+0000] {dagbag.py:538} INFO - Filling up the DagBag from /home/airflow/.local/lib/python3.8/site-packages/airflow/example_dags/tutorial_dag.py
[2024-01-10T08:28:28.997+0000] {processor.py:840} INFO - DAG(s) 'tutorial_dag' retrieved from /home/airflow/.local/lib/python3.8/site-packages/airflow/example_dags/tutorial_dag.py
[2024-01-10T08:28:29.014+0000] {logging_mixin.py:188} INFO - [2024-01-10T08:28:29.013+0000] {dag.py:3033} INFO - Sync 1 DAGs
[2024-01-10T08:28:29.024+0000] {logging_mixin.py:188} INFO - [2024-01-10T08:28:29.023+0000] {dag.py:3820} INFO - Setting next_dagrun for tutorial_dag to None, run_after=None
[2024-01-10T08:28:29.038+0000] {processor.py:183} INFO - Processing /home/airflow/.local/lib/python3.8/site-packages/airflow/example_dags/tutorial_dag.py took 0.052 seconds
[2024-01-10T08:28:59.222+0000] {processor.py:161} INFO - Started process (PID=1362) to work on /home/airflow/.local/lib/python3.8/site-packages/airflow/example_dags/tutorial_dag.py
[2024-01-10T08:28:59.223+0000] {processor.py:830} INFO - Processing file /home/airflow/.local/lib/python3.8/site-packages/airflow/example_dags/tutorial_dag.py for tasks to queue
[2024-01-10T08:28:59.225+0000] {logging_mixin.py:188} INFO - [2024-01-10T08:28:59.224+0000] {dagbag.py:538} INFO - Filling up the DagBag from /home/airflow/.local/lib/python3.8/site-packages/airflow/example_dags/tutorial_dag.py
[2024-01-10T08:28:59.229+0000] {processor.py:840} INFO - DAG(s) 'tutorial_dag' retrieved from /home/airflow/.local/lib/python3.8/site-packages/airflow/example_dags/tutorial_dag.py
[2024-01-10T08:28:59.246+0000] {logging_mixin.py:188} INFO - [2024-01-10T08:28:59.246+0000] {dag.py:3033} INFO - Sync 1 DAGs
[2024-01-10T08:28:59.255+0000] {logging_mixin.py:188} INFO - [2024-01-10T08:28:59.255+0000] {dag.py:3820} INFO - Setting next_dagrun for tutorial_dag to None, run_after=None
[2024-01-10T08:28:59.269+0000] {processor.py:183} INFO - Processing /home/airflow/.local/lib/python3.8/site-packages/airflow/example_dags/tutorial_dag.py took 0.051 seconds
[2024-01-10T08:29:29.517+0000] {processor.py:161} INFO - Started process (PID=1417) to work on /home/airflow/.local/lib/python3.8/site-packages/airflow/example_dags/tutorial_dag.py
[2024-01-10T08:29:29.518+0000] {processor.py:830} INFO - Processing file /home/airflow/.local/lib/python3.8/site-packages/airflow/example_dags/tutorial_dag.py for tasks to queue
[2024-01-10T08:29:29.520+0000] {logging_mixin.py:188} INFO - [2024-01-10T08:29:29.520+0000] {dagbag.py:538} INFO - Filling up the DagBag from /home/airflow/.local/lib/python3.8/site-packages/airflow/example_dags/tutorial_dag.py
[2024-01-10T08:29:29.525+0000] {processor.py:840} INFO - DAG(s) 'tutorial_dag' retrieved from /home/airflow/.local/lib/python3.8/site-packages/airflow/example_dags/tutorial_dag.py
[2024-01-10T08:29:29.539+0000] {logging_mixin.py:188} INFO - [2024-01-10T08:29:29.539+0000] {dag.py:3033} INFO - Sync 1 DAGs
[2024-01-10T08:29:29.548+0000] {logging_mixin.py:188} INFO - [2024-01-10T08:29:29.548+0000] {dag.py:3820} INFO - Setting next_dagrun for tutorial_dag to None, run_after=None
[2024-01-10T08:29:29.560+0000] {processor.py:183} INFO - Processing /home/airflow/.local/lib/python3.8/site-packages/airflow/example_dags/tutorial_dag.py took 0.046 seconds
[2024-01-10T08:29:59.807+0000] {processor.py:161} INFO - Started process (PID=1472) to work on /home/airflow/.local/lib/python3.8/site-packages/airflow/example_dags/tutorial_dag.py
[2024-01-10T08:29:59.808+0000] {processor.py:830} INFO - Processing file /home/airflow/.local/lib/python3.8/site-packages/airflow/example_dags/tutorial_dag.py for tasks to queue
[2024-01-10T08:29:59.809+0000] {logging_mixin.py:188} INFO - [2024-01-10T08:29:59.809+0000] {dagbag.py:538} INFO - Filling up the DagBag from /home/airflow/.local/lib/python3.8/site-packages/airflow/example_dags/tutorial_dag.py
[2024-01-10T08:29:59.814+0000] {processor.py:840} INFO - DAG(s) 'tutorial_dag' retrieved from /home/airflow/.local/lib/python3.8/site-packages/airflow/example_dags/tutorial_dag.py
[2024-01-10T08:29:59.829+0000] {logging_mixin.py:188} INFO - [2024-01-10T08:29:59.829+0000] {dag.py:3033} INFO - Sync 1 DAGs
[2024-01-10T08:29:59.838+0000] {logging_mixin.py:188} INFO - [2024-01-10T08:29:59.838+0000] {dag.py:3820} INFO - Setting next_dagrun for tutorial_dag to None, run_after=None
[2024-01-10T08:29:59.851+0000] {processor.py:183} INFO - Processing /home/airflow/.local/lib/python3.8/site-packages/airflow/example_dags/tutorial_dag.py took 0.047 seconds
[2024-01-10T08:30:30.299+0000] {processor.py:161} INFO - Started process (PID=1527) to work on /home/airflow/.local/lib/python3.8/site-packages/airflow/example_dags/tutorial_dag.py
[2024-01-10T08:30:30.301+0000] {processor.py:830} INFO - Processing file /home/airflow/.local/lib/python3.8/site-packages/airflow/example_dags/tutorial_dag.py for tasks to queue
[2024-01-10T08:30:30.303+0000] {logging_mixin.py:188} INFO - [2024-01-10T08:30:30.303+0000] {dagbag.py:538} INFO - Filling up the DagBag from /home/airflow/.local/lib/python3.8/site-packages/airflow/example_dags/tutorial_dag.py
[2024-01-10T08:30:30.308+0000] {processor.py:840} INFO - DAG(s) 'tutorial_dag' retrieved from /home/airflow/.local/lib/python3.8/site-packages/airflow/example_dags/tutorial_dag.py
[2024-01-10T08:30:30.326+0000] {logging_mixin.py:188} INFO - [2024-01-10T08:30:30.326+0000] {dag.py:3033} INFO - Sync 1 DAGs
[2024-01-10T08:30:30.337+0000] {logging_mixin.py:188} INFO - [2024-01-10T08:30:30.336+0000] {dag.py:3820} INFO - Setting next_dagrun for tutorial_dag to None, run_after=None
[2024-01-10T08:30:30.356+0000] {processor.py:183} INFO - Processing /home/airflow/.local/lib/python3.8/site-packages/airflow/example_dags/tutorial_dag.py took 0.061 seconds
[2024-01-10T08:31:00.963+0000] {processor.py:161} INFO - Started process (PID=1582) to work on /home/airflow/.local/lib/python3.8/site-packages/airflow/example_dags/tutorial_dag.py
[2024-01-10T08:31:00.964+0000] {processor.py:830} INFO - Processing file /home/airflow/.local/lib/python3.8/site-packages/airflow/example_dags/tutorial_dag.py for tasks to queue
[2024-01-10T08:31:00.966+0000] {logging_mixin.py:188} INFO - [2024-01-10T08:31:00.966+0000] {dagbag.py:538} INFO - Filling up the DagBag from /home/airflow/.local/lib/python3.8/site-packages/airflow/example_dags/tutorial_dag.py
[2024-01-10T08:31:00.971+0000] {processor.py:840} INFO - DAG(s) 'tutorial_dag' retrieved from /home/airflow/.local/lib/python3.8/site-packages/airflow/example_dags/tutorial_dag.py
[2024-01-10T08:31:00.988+0000] {logging_mixin.py:188} INFO - [2024-01-10T08:31:00.988+0000] {dag.py:3033} INFO - Sync 1 DAGs
[2024-01-10T08:31:00.998+0000] {logging_mixin.py:188} INFO - [2024-01-10T08:31:00.998+0000] {dag.py:3820} INFO - Setting next_dagrun for tutorial_dag to None, run_after=None
[2024-01-10T08:31:01.013+0000] {processor.py:183} INFO - Processing /home/airflow/.local/lib/python3.8/site-packages/airflow/example_dags/tutorial_dag.py took 0.054 seconds
[2024-01-10T08:31:31.268+0000] {processor.py:161} INFO - Started process (PID=1637) to work on /home/airflow/.local/lib/python3.8/site-packages/airflow/example_dags/tutorial_dag.py
[2024-01-10T08:31:31.269+0000] {processor.py:830} INFO - Processing file /home/airflow/.local/lib/python3.8/site-packages/airflow/example_dags/tutorial_dag.py for tasks to queue
[2024-01-10T08:31:31.270+0000] {logging_mixin.py:188} INFO - [2024-01-10T08:31:31.270+0000] {dagbag.py:538} INFO - Filling up the DagBag from /home/airflow/.local/lib/python3.8/site-packages/airflow/example_dags/tutorial_dag.py
[2024-01-10T08:31:31.275+0000] {processor.py:840} INFO - DAG(s) 'tutorial_dag' retrieved from /home/airflow/.local/lib/python3.8/site-packages/airflow/example_dags/tutorial_dag.py
[2024-01-10T08:31:31.290+0000] {logging_mixin.py:188} INFO - [2024-01-10T08:31:31.290+0000] {dag.py:3033} INFO - Sync 1 DAGs
[2024-01-10T08:31:31.299+0000] {logging_mixin.py:188} INFO - [2024-01-10T08:31:31.299+0000] {dag.py:3820} INFO - Setting next_dagrun for tutorial_dag to None, run_after=None
[2024-01-10T08:31:31.313+0000] {processor.py:183} INFO - Processing /home/airflow/.local/lib/python3.8/site-packages/airflow/example_dags/tutorial_dag.py took 0.048 seconds
[2024-01-10T08:32:01.806+0000] {processor.py:161} INFO - Started process (PID=1693) to work on /home/airflow/.local/lib/python3.8/site-packages/airflow/example_dags/tutorial_dag.py
[2024-01-10T08:32:01.807+0000] {processor.py:830} INFO - Processing file /home/airflow/.local/lib/python3.8/site-packages/airflow/example_dags/tutorial_dag.py for tasks to queue
[2024-01-10T08:32:01.809+0000] {logging_mixin.py:188} INFO - [2024-01-10T08:32:01.809+0000] {dagbag.py:538} INFO - Filling up the DagBag from /home/airflow/.local/lib/python3.8/site-packages/airflow/example_dags/tutorial_dag.py
[2024-01-10T08:32:01.814+0000] {processor.py:840} INFO - DAG(s) 'tutorial_dag' retrieved from /home/airflow/.local/lib/python3.8/site-packages/airflow/example_dags/tutorial_dag.py
[2024-01-10T08:32:01.830+0000] {logging_mixin.py:188} INFO - [2024-01-10T08:32:01.830+0000] {dag.py:3033} INFO - Sync 1 DAGs
[2024-01-10T08:32:01.840+0000] {logging_mixin.py:188} INFO - [2024-01-10T08:32:01.839+0000] {dag.py:3820} INFO - Setting next_dagrun for tutorial_dag to None, run_after=None
[2024-01-10T08:32:01.854+0000] {processor.py:183} INFO - Processing /home/airflow/.local/lib/python3.8/site-packages/airflow/example_dags/tutorial_dag.py took 0.052 seconds
[2024-01-10T08:32:31.942+0000] {processor.py:161} INFO - Started process (PID=1749) to work on /home/airflow/.local/lib/python3.8/site-packages/airflow/example_dags/tutorial_dag.py
[2024-01-10T08:32:31.943+0000] {processor.py:830} INFO - Processing file /home/airflow/.local/lib/python3.8/site-packages/airflow/example_dags/tutorial_dag.py for tasks to queue
[2024-01-10T08:32:31.944+0000] {logging_mixin.py:188} INFO - [2024-01-10T08:32:31.944+0000] {dagbag.py:538} INFO - Filling up the DagBag from /home/airflow/.local/lib/python3.8/site-packages/airflow/example_dags/tutorial_dag.py
[2024-01-10T08:32:31.949+0000] {processor.py:840} INFO - DAG(s) 'tutorial_dag' retrieved from /home/airflow/.local/lib/python3.8/site-packages/airflow/example_dags/tutorial_dag.py
[2024-01-10T08:32:31.963+0000] {logging_mixin.py:188} INFO - [2024-01-10T08:32:31.963+0000] {dag.py:3033} INFO - Sync 1 DAGs
[2024-01-10T08:32:31.972+0000] {logging_mixin.py:188} INFO - [2024-01-10T08:32:31.972+0000] {dag.py:3820} INFO - Setting next_dagrun for tutorial_dag to None, run_after=None
[2024-01-10T08:32:31.986+0000] {processor.py:183} INFO - Processing /home/airflow/.local/lib/python3.8/site-packages/airflow/example_dags/tutorial_dag.py took 0.046 seconds
[2024-01-10T08:33:02.143+0000] {processor.py:161} INFO - Started process (PID=1804) to work on /home/airflow/.local/lib/python3.8/site-packages/airflow/example_dags/tutorial_dag.py
[2024-01-10T08:33:02.144+0000] {processor.py:830} INFO - Processing file /home/airflow/.local/lib/python3.8/site-packages/airflow/example_dags/tutorial_dag.py for tasks to queue
[2024-01-10T08:33:02.146+0000] {logging_mixin.py:188} INFO - [2024-01-10T08:33:02.146+0000] {dagbag.py:538} INFO - Filling up the DagBag from /home/airflow/.local/lib/python3.8/site-packages/airflow/example_dags/tutorial_dag.py
[2024-01-10T08:33:02.151+0000] {processor.py:840} INFO - DAG(s) 'tutorial_dag' retrieved from /home/airflow/.local/lib/python3.8/site-packages/airflow/example_dags/tutorial_dag.py
[2024-01-10T08:33:02.166+0000] {logging_mixin.py:188} INFO - [2024-01-10T08:33:02.166+0000] {dag.py:3033} INFO - Sync 1 DAGs
[2024-01-10T08:33:02.175+0000] {logging_mixin.py:188} INFO - [2024-01-10T08:33:02.175+0000] {dag.py:3820} INFO - Setting next_dagrun for tutorial_dag to None, run_after=None
[2024-01-10T08:33:02.187+0000] {processor.py:183} INFO - Processing /home/airflow/.local/lib/python3.8/site-packages/airflow/example_dags/tutorial_dag.py took 0.047 seconds
[2024-01-10T08:33:32.576+0000] {processor.py:161} INFO - Started process (PID=1860) to work on /home/airflow/.local/lib/python3.8/site-packages/airflow/example_dags/tutorial_dag.py
[2024-01-10T08:33:32.577+0000] {processor.py:830} INFO - Processing file /home/airflow/.local/lib/python3.8/site-packages/airflow/example_dags/tutorial_dag.py for tasks to queue
[2024-01-10T08:33:32.579+0000] {logging_mixin.py:188} INFO - [2024-01-10T08:33:32.578+0000] {dagbag.py:538} INFO - Filling up the DagBag from /home/airflow/.local/lib/python3.8/site-packages/airflow/example_dags/tutorial_dag.py
[2024-01-10T08:33:32.583+0000] {processor.py:840} INFO - DAG(s) 'tutorial_dag' retrieved from /home/airflow/.local/lib/python3.8/site-packages/airflow/example_dags/tutorial_dag.py
[2024-01-10T08:33:32.601+0000] {logging_mixin.py:188} INFO - [2024-01-10T08:33:32.600+0000] {dag.py:3033} INFO - Sync 1 DAGs
[2024-01-10T08:33:32.715+0000] {logging_mixin.py:188} INFO - [2024-01-10T08:33:32.715+0000] {dag.py:3820} INFO - Setting next_dagrun for tutorial_dag to None, run_after=None
[2024-01-10T08:33:32.727+0000] {processor.py:183} INFO - Processing /home/airflow/.local/lib/python3.8/site-packages/airflow/example_dags/tutorial_dag.py took 0.154 seconds
[2024-01-10T08:34:03.253+0000] {processor.py:161} INFO - Started process (PID=1922) to work on /home/airflow/.local/lib/python3.8/site-packages/airflow/example_dags/tutorial_dag.py
[2024-01-10T08:34:03.254+0000] {processor.py:830} INFO - Processing file /home/airflow/.local/lib/python3.8/site-packages/airflow/example_dags/tutorial_dag.py for tasks to queue
[2024-01-10T08:34:03.256+0000] {logging_mixin.py:188} INFO - [2024-01-10T08:34:03.256+0000] {dagbag.py:538} INFO - Filling up the DagBag from /home/airflow/.local/lib/python3.8/site-packages/airflow/example_dags/tutorial_dag.py
[2024-01-10T08:34:03.261+0000] {processor.py:840} INFO - DAG(s) 'tutorial_dag' retrieved from /home/airflow/.local/lib/python3.8/site-packages/airflow/example_dags/tutorial_dag.py
[2024-01-10T08:34:03.277+0000] {logging_mixin.py:188} INFO - [2024-01-10T08:34:03.277+0000] {dag.py:3033} INFO - Sync 1 DAGs
[2024-01-10T08:34:03.286+0000] {logging_mixin.py:188} INFO - [2024-01-10T08:34:03.286+0000] {dag.py:3820} INFO - Setting next_dagrun for tutorial_dag to None, run_after=None
[2024-01-10T08:34:03.402+0000] {processor.py:183} INFO - Processing /home/airflow/.local/lib/python3.8/site-packages/airflow/example_dags/tutorial_dag.py took 0.151 seconds
[2024-01-10T08:34:33.848+0000] {processor.py:161} INFO - Started process (PID=1978) to work on /home/airflow/.local/lib/python3.8/site-packages/airflow/example_dags/tutorial_dag.py
[2024-01-10T08:34:33.848+0000] {processor.py:830} INFO - Processing file /home/airflow/.local/lib/python3.8/site-packages/airflow/example_dags/tutorial_dag.py for tasks to queue
[2024-01-10T08:34:33.858+0000] {logging_mixin.py:188} INFO - [2024-01-10T08:34:33.858+0000] {dagbag.py:538} INFO - Filling up the DagBag from /home/airflow/.local/lib/python3.8/site-packages/airflow/example_dags/tutorial_dag.py
[2024-01-10T08:34:33.867+0000] {processor.py:840} INFO - DAG(s) 'tutorial_dag' retrieved from /home/airflow/.local/lib/python3.8/site-packages/airflow/example_dags/tutorial_dag.py
[2024-01-10T08:34:33.894+0000] {logging_mixin.py:188} INFO - [2024-01-10T08:34:33.894+0000] {dag.py:3033} INFO - Sync 1 DAGs
[2024-01-10T08:34:33.905+0000] {logging_mixin.py:188} INFO - [2024-01-10T08:34:33.905+0000] {dag.py:3820} INFO - Setting next_dagrun for tutorial_dag to None, run_after=None
[2024-01-10T08:34:33.919+0000] {processor.py:183} INFO - Processing /home/airflow/.local/lib/python3.8/site-packages/airflow/example_dags/tutorial_dag.py took 0.075 seconds
[2024-01-10T08:35:04.793+0000] {processor.py:161} INFO - Started process (PID=2034) to work on /home/airflow/.local/lib/python3.8/site-packages/airflow/example_dags/tutorial_dag.py
[2024-01-10T08:35:04.794+0000] {processor.py:830} INFO - Processing file /home/airflow/.local/lib/python3.8/site-packages/airflow/example_dags/tutorial_dag.py for tasks to queue
[2024-01-10T08:35:04.796+0000] {logging_mixin.py:188} INFO - [2024-01-10T08:35:04.796+0000] {dagbag.py:538} INFO - Filling up the DagBag from /home/airflow/.local/lib/python3.8/site-packages/airflow/example_dags/tutorial_dag.py
[2024-01-10T08:35:04.801+0000] {processor.py:840} INFO - DAG(s) 'tutorial_dag' retrieved from /home/airflow/.local/lib/python3.8/site-packages/airflow/example_dags/tutorial_dag.py
[2024-01-10T08:35:04.816+0000] {logging_mixin.py:188} INFO - [2024-01-10T08:35:04.816+0000] {dag.py:3033} INFO - Sync 1 DAGs
[2024-01-10T08:35:04.825+0000] {logging_mixin.py:188} INFO - [2024-01-10T08:35:04.825+0000] {dag.py:3820} INFO - Setting next_dagrun for tutorial_dag to None, run_after=None
[2024-01-10T08:35:04.838+0000] {processor.py:183} INFO - Processing /home/airflow/.local/lib/python3.8/site-packages/airflow/example_dags/tutorial_dag.py took 0.047 seconds
[2024-01-10T08:35:35.514+0000] {processor.py:161} INFO - Started process (PID=2090) to work on /home/airflow/.local/lib/python3.8/site-packages/airflow/example_dags/tutorial_dag.py
[2024-01-10T08:35:35.515+0000] {processor.py:830} INFO - Processing file /home/airflow/.local/lib/python3.8/site-packages/airflow/example_dags/tutorial_dag.py for tasks to queue
[2024-01-10T08:35:35.517+0000] {logging_mixin.py:188} INFO - [2024-01-10T08:35:35.517+0000] {dagbag.py:538} INFO - Filling up the DagBag from /home/airflow/.local/lib/python3.8/site-packages/airflow/example_dags/tutorial_dag.py
[2024-01-10T08:35:35.522+0000] {processor.py:840} INFO - DAG(s) 'tutorial_dag' retrieved from /home/airflow/.local/lib/python3.8/site-packages/airflow/example_dags/tutorial_dag.py
[2024-01-10T08:35:35.540+0000] {logging_mixin.py:188} INFO - [2024-01-10T08:35:35.539+0000] {dag.py:3033} INFO - Sync 1 DAGs
[2024-01-10T08:35:35.549+0000] {logging_mixin.py:188} INFO - [2024-01-10T08:35:35.549+0000] {dag.py:3820} INFO - Setting next_dagrun for tutorial_dag to None, run_after=None
[2024-01-10T08:35:35.563+0000] {processor.py:183} INFO - Processing /home/airflow/.local/lib/python3.8/site-packages/airflow/example_dags/tutorial_dag.py took 0.052 seconds
[2024-01-10T08:36:06.179+0000] {processor.py:161} INFO - Started process (PID=2146) to work on /home/airflow/.local/lib/python3.8/site-packages/airflow/example_dags/tutorial_dag.py
[2024-01-10T08:36:06.180+0000] {processor.py:830} INFO - Processing file /home/airflow/.local/lib/python3.8/site-packages/airflow/example_dags/tutorial_dag.py for tasks to queue
[2024-01-10T08:36:06.182+0000] {logging_mixin.py:188} INFO - [2024-01-10T08:36:06.182+0000] {dagbag.py:538} INFO - Filling up the DagBag from /home/airflow/.local/lib/python3.8/site-packages/airflow/example_dags/tutorial_dag.py
[2024-01-10T08:36:06.188+0000] {processor.py:840} INFO - DAG(s) 'tutorial_dag' retrieved from /home/airflow/.local/lib/python3.8/site-packages/airflow/example_dags/tutorial_dag.py
[2024-01-10T08:36:06.211+0000] {logging_mixin.py:188} INFO - [2024-01-10T08:36:06.211+0000] {dag.py:3033} INFO - Sync 1 DAGs
[2024-01-10T08:36:06.446+0000] {logging_mixin.py:188} INFO - [2024-01-10T08:36:06.446+0000] {dag.py:3820} INFO - Setting next_dagrun for tutorial_dag to None, run_after=None
[2024-01-10T08:36:06.482+0000] {processor.py:183} INFO - Processing /home/airflow/.local/lib/python3.8/site-packages/airflow/example_dags/tutorial_dag.py took 0.307 seconds
