[2024-01-09T07:35:13.083+0000] {processor.py:161} INFO - Started process (PID=54) to work on /home/airflow/.local/lib/python3.8/site-packages/airflow/example_dags/example_external_task_marker_dag.py
[2024-01-09T07:35:13.084+0000] {processor.py:830} INFO - Processing file /home/airflow/.local/lib/python3.8/site-packages/airflow/example_dags/example_external_task_marker_dag.py for tasks to queue
[2024-01-09T07:35:13.089+0000] {logging_mixin.py:188} INFO - [2024-01-09T07:35:13.088+0000] {dagbag.py:538} INFO - Filling up the DagBag from /home/airflow/.local/lib/python3.8/site-packages/airflow/example_dags/example_external_task_marker_dag.py
[2024-01-09T07:35:13.103+0000] {processor.py:840} INFO - DAG(s) 'example_external_task_marker_child', 'example_external_task_marker_parent' retrieved from /home/airflow/.local/lib/python3.8/site-packages/airflow/example_dags/example_external_task_marker_dag.py
[2024-01-09T07:35:13.120+0000] {logging_mixin.py:188} INFO - [2024-01-09T07:35:13.120+0000] {dag.py:3033} INFO - Sync 2 DAGs
[2024-01-09T07:35:13.138+0000] {logging_mixin.py:188} INFO - [2024-01-09T07:35:13.138+0000] {dag.py:3820} INFO - Setting next_dagrun for example_external_task_marker_child to None, run_after=None
[2024-01-09T07:35:13.143+0000] {logging_mixin.py:188} INFO - [2024-01-09T07:35:13.143+0000] {dag.py:3820} INFO - Setting next_dagrun for example_external_task_marker_parent to None, run_after=None
[2024-01-09T07:35:13.168+0000] {processor.py:183} INFO - Processing /home/airflow/.local/lib/python3.8/site-packages/airflow/example_dags/example_external_task_marker_dag.py took 0.091 seconds
[2024-01-09T07:35:43.536+0000] {processor.py:161} INFO - Started process (PID=109) to work on /home/airflow/.local/lib/python3.8/site-packages/airflow/example_dags/example_external_task_marker_dag.py
[2024-01-09T07:35:43.537+0000] {processor.py:830} INFO - Processing file /home/airflow/.local/lib/python3.8/site-packages/airflow/example_dags/example_external_task_marker_dag.py for tasks to queue
[2024-01-09T07:35:43.539+0000] {logging_mixin.py:188} INFO - [2024-01-09T07:35:43.539+0000] {dagbag.py:538} INFO - Filling up the DagBag from /home/airflow/.local/lib/python3.8/site-packages/airflow/example_dags/example_external_task_marker_dag.py
[2024-01-09T07:35:43.544+0000] {processor.py:840} INFO - DAG(s) 'example_external_task_marker_parent', 'example_external_task_marker_child' retrieved from /home/airflow/.local/lib/python3.8/site-packages/airflow/example_dags/example_external_task_marker_dag.py
[2024-01-09T07:35:43.628+0000] {logging_mixin.py:188} INFO - [2024-01-09T07:35:43.628+0000] {dag.py:3033} INFO - Sync 2 DAGs
[2024-01-09T07:35:43.637+0000] {logging_mixin.py:188} INFO - [2024-01-09T07:35:43.637+0000] {dag.py:3820} INFO - Setting next_dagrun for example_external_task_marker_child to None, run_after=None
[2024-01-09T07:35:43.640+0000] {logging_mixin.py:188} INFO - [2024-01-09T07:35:43.640+0000] {dag.py:3820} INFO - Setting next_dagrun for example_external_task_marker_parent to None, run_after=None
[2024-01-09T07:35:43.654+0000] {processor.py:183} INFO - Processing /home/airflow/.local/lib/python3.8/site-packages/airflow/example_dags/example_external_task_marker_dag.py took 0.121 seconds
[2024-01-09T07:36:13.767+0000] {processor.py:161} INFO - Started process (PID=164) to work on /home/airflow/.local/lib/python3.8/site-packages/airflow/example_dags/example_external_task_marker_dag.py
[2024-01-09T07:36:13.768+0000] {processor.py:830} INFO - Processing file /home/airflow/.local/lib/python3.8/site-packages/airflow/example_dags/example_external_task_marker_dag.py for tasks to queue
[2024-01-09T07:36:13.769+0000] {logging_mixin.py:188} INFO - [2024-01-09T07:36:13.769+0000] {dagbag.py:538} INFO - Filling up the DagBag from /home/airflow/.local/lib/python3.8/site-packages/airflow/example_dags/example_external_task_marker_dag.py
[2024-01-09T07:36:13.774+0000] {processor.py:840} INFO - DAG(s) 'example_external_task_marker_parent', 'example_external_task_marker_child' retrieved from /home/airflow/.local/lib/python3.8/site-packages/airflow/example_dags/example_external_task_marker_dag.py
[2024-01-09T07:36:13.792+0000] {logging_mixin.py:188} INFO - [2024-01-09T07:36:13.792+0000] {dag.py:3033} INFO - Sync 2 DAGs
[2024-01-09T07:36:13.802+0000] {logging_mixin.py:188} INFO - [2024-01-09T07:36:13.802+0000] {dag.py:3820} INFO - Setting next_dagrun for example_external_task_marker_child to None, run_after=None
[2024-01-09T07:36:13.805+0000] {logging_mixin.py:188} INFO - [2024-01-09T07:36:13.805+0000] {dag.py:3820} INFO - Setting next_dagrun for example_external_task_marker_parent to None, run_after=None
[2024-01-09T07:36:13.816+0000] {processor.py:183} INFO - Processing /home/airflow/.local/lib/python3.8/site-packages/airflow/example_dags/example_external_task_marker_dag.py took 0.052 seconds
[2024-01-09T07:36:44.039+0000] {processor.py:161} INFO - Started process (PID=219) to work on /home/airflow/.local/lib/python3.8/site-packages/airflow/example_dags/example_external_task_marker_dag.py
[2024-01-09T07:36:44.040+0000] {processor.py:830} INFO - Processing file /home/airflow/.local/lib/python3.8/site-packages/airflow/example_dags/example_external_task_marker_dag.py for tasks to queue
[2024-01-09T07:36:44.042+0000] {logging_mixin.py:188} INFO - [2024-01-09T07:36:44.041+0000] {dagbag.py:538} INFO - Filling up the DagBag from /home/airflow/.local/lib/python3.8/site-packages/airflow/example_dags/example_external_task_marker_dag.py
[2024-01-09T07:36:44.047+0000] {processor.py:840} INFO - DAG(s) 'example_external_task_marker_child', 'example_external_task_marker_parent' retrieved from /home/airflow/.local/lib/python3.8/site-packages/airflow/example_dags/example_external_task_marker_dag.py
[2024-01-09T07:36:44.064+0000] {logging_mixin.py:188} INFO - [2024-01-09T07:36:44.064+0000] {dag.py:3033} INFO - Sync 2 DAGs
[2024-01-09T07:36:44.074+0000] {logging_mixin.py:188} INFO - [2024-01-09T07:36:44.074+0000] {dag.py:3820} INFO - Setting next_dagrun for example_external_task_marker_child to None, run_after=None
[2024-01-09T07:36:44.077+0000] {logging_mixin.py:188} INFO - [2024-01-09T07:36:44.077+0000] {dag.py:3820} INFO - Setting next_dagrun for example_external_task_marker_parent to None, run_after=None
[2024-01-09T07:36:44.089+0000] {processor.py:183} INFO - Processing /home/airflow/.local/lib/python3.8/site-packages/airflow/example_dags/example_external_task_marker_dag.py took 0.053 seconds
[2024-01-09T07:37:14.391+0000] {processor.py:161} INFO - Started process (PID=274) to work on /home/airflow/.local/lib/python3.8/site-packages/airflow/example_dags/example_external_task_marker_dag.py
[2024-01-09T07:37:14.392+0000] {processor.py:830} INFO - Processing file /home/airflow/.local/lib/python3.8/site-packages/airflow/example_dags/example_external_task_marker_dag.py for tasks to queue
[2024-01-09T07:37:14.394+0000] {logging_mixin.py:188} INFO - [2024-01-09T07:37:14.394+0000] {dagbag.py:538} INFO - Filling up the DagBag from /home/airflow/.local/lib/python3.8/site-packages/airflow/example_dags/example_external_task_marker_dag.py
[2024-01-09T07:37:14.400+0000] {processor.py:840} INFO - DAG(s) 'example_external_task_marker_parent', 'example_external_task_marker_child' retrieved from /home/airflow/.local/lib/python3.8/site-packages/airflow/example_dags/example_external_task_marker_dag.py
[2024-01-09T07:37:14.420+0000] {logging_mixin.py:188} INFO - [2024-01-09T07:37:14.420+0000] {dag.py:3033} INFO - Sync 2 DAGs
[2024-01-09T07:37:14.431+0000] {logging_mixin.py:188} INFO - [2024-01-09T07:37:14.431+0000] {dag.py:3820} INFO - Setting next_dagrun for example_external_task_marker_child to None, run_after=None
[2024-01-09T07:37:14.434+0000] {logging_mixin.py:188} INFO - [2024-01-09T07:37:14.434+0000] {dag.py:3820} INFO - Setting next_dagrun for example_external_task_marker_parent to None, run_after=None
[2024-01-09T07:37:14.447+0000] {processor.py:183} INFO - Processing /home/airflow/.local/lib/python3.8/site-packages/airflow/example_dags/example_external_task_marker_dag.py took 0.059 seconds
[2024-01-09T07:37:44.817+0000] {processor.py:161} INFO - Started process (PID=329) to work on /home/airflow/.local/lib/python3.8/site-packages/airflow/example_dags/example_external_task_marker_dag.py
[2024-01-09T07:37:44.818+0000] {processor.py:830} INFO - Processing file /home/airflow/.local/lib/python3.8/site-packages/airflow/example_dags/example_external_task_marker_dag.py for tasks to queue
[2024-01-09T07:37:44.819+0000] {logging_mixin.py:188} INFO - [2024-01-09T07:37:44.819+0000] {dagbag.py:538} INFO - Filling up the DagBag from /home/airflow/.local/lib/python3.8/site-packages/airflow/example_dags/example_external_task_marker_dag.py
[2024-01-09T07:37:44.824+0000] {processor.py:840} INFO - DAG(s) 'example_external_task_marker_child', 'example_external_task_marker_parent' retrieved from /home/airflow/.local/lib/python3.8/site-packages/airflow/example_dags/example_external_task_marker_dag.py
[2024-01-09T07:37:44.841+0000] {logging_mixin.py:188} INFO - [2024-01-09T07:37:44.841+0000] {dag.py:3033} INFO - Sync 2 DAGs
[2024-01-09T07:37:44.850+0000] {logging_mixin.py:188} INFO - [2024-01-09T07:37:44.850+0000] {dag.py:3820} INFO - Setting next_dagrun for example_external_task_marker_child to None, run_after=None
[2024-01-09T07:37:44.853+0000] {logging_mixin.py:188} INFO - [2024-01-09T07:37:44.853+0000] {dag.py:3820} INFO - Setting next_dagrun for example_external_task_marker_parent to None, run_after=None
[2024-01-09T07:37:44.864+0000] {processor.py:183} INFO - Processing /home/airflow/.local/lib/python3.8/site-packages/airflow/example_dags/example_external_task_marker_dag.py took 0.050 seconds
[2024-01-09T07:38:15.483+0000] {processor.py:161} INFO - Started process (PID=384) to work on /home/airflow/.local/lib/python3.8/site-packages/airflow/example_dags/example_external_task_marker_dag.py
[2024-01-09T07:38:15.484+0000] {processor.py:830} INFO - Processing file /home/airflow/.local/lib/python3.8/site-packages/airflow/example_dags/example_external_task_marker_dag.py for tasks to queue
[2024-01-09T07:38:15.487+0000] {logging_mixin.py:188} INFO - [2024-01-09T07:38:15.487+0000] {dagbag.py:538} INFO - Filling up the DagBag from /home/airflow/.local/lib/python3.8/site-packages/airflow/example_dags/example_external_task_marker_dag.py
[2024-01-09T07:38:15.493+0000] {processor.py:840} INFO - DAG(s) 'example_external_task_marker_child', 'example_external_task_marker_parent' retrieved from /home/airflow/.local/lib/python3.8/site-packages/airflow/example_dags/example_external_task_marker_dag.py
[2024-01-09T07:38:15.517+0000] {logging_mixin.py:188} INFO - [2024-01-09T07:38:15.516+0000] {dag.py:3033} INFO - Sync 2 DAGs
[2024-01-09T07:38:15.531+0000] {logging_mixin.py:188} INFO - [2024-01-09T07:38:15.530+0000] {dag.py:3820} INFO - Setting next_dagrun for example_external_task_marker_child to None, run_after=None
[2024-01-09T07:38:15.537+0000] {logging_mixin.py:188} INFO - [2024-01-09T07:38:15.537+0000] {dag.py:3820} INFO - Setting next_dagrun for example_external_task_marker_parent to None, run_after=None
[2024-01-09T07:38:15.552+0000] {processor.py:183} INFO - Processing /home/airflow/.local/lib/python3.8/site-packages/airflow/example_dags/example_external_task_marker_dag.py took 0.073 seconds
[2024-01-09T07:38:45.805+0000] {processor.py:161} INFO - Started process (PID=439) to work on /home/airflow/.local/lib/python3.8/site-packages/airflow/example_dags/example_external_task_marker_dag.py
[2024-01-09T07:38:45.806+0000] {processor.py:830} INFO - Processing file /home/airflow/.local/lib/python3.8/site-packages/airflow/example_dags/example_external_task_marker_dag.py for tasks to queue
[2024-01-09T07:38:45.808+0000] {logging_mixin.py:188} INFO - [2024-01-09T07:38:45.808+0000] {dagbag.py:538} INFO - Filling up the DagBag from /home/airflow/.local/lib/python3.8/site-packages/airflow/example_dags/example_external_task_marker_dag.py
[2024-01-09T07:38:45.813+0000] {processor.py:840} INFO - DAG(s) 'example_external_task_marker_child', 'example_external_task_marker_parent' retrieved from /home/airflow/.local/lib/python3.8/site-packages/airflow/example_dags/example_external_task_marker_dag.py
[2024-01-09T07:38:45.832+0000] {logging_mixin.py:188} INFO - [2024-01-09T07:38:45.831+0000] {dag.py:3033} INFO - Sync 2 DAGs
[2024-01-09T07:38:45.841+0000] {logging_mixin.py:188} INFO - [2024-01-09T07:38:45.841+0000] {dag.py:3820} INFO - Setting next_dagrun for example_external_task_marker_child to None, run_after=None
[2024-01-09T07:38:45.844+0000] {logging_mixin.py:188} INFO - [2024-01-09T07:38:45.844+0000] {dag.py:3820} INFO - Setting next_dagrun for example_external_task_marker_parent to None, run_after=None
[2024-01-09T07:38:45.856+0000] {processor.py:183} INFO - Processing /home/airflow/.local/lib/python3.8/site-packages/airflow/example_dags/example_external_task_marker_dag.py took 0.053 seconds
[2024-01-09T07:39:16.247+0000] {processor.py:161} INFO - Started process (PID=494) to work on /home/airflow/.local/lib/python3.8/site-packages/airflow/example_dags/example_external_task_marker_dag.py
[2024-01-09T07:39:16.248+0000] {processor.py:830} INFO - Processing file /home/airflow/.local/lib/python3.8/site-packages/airflow/example_dags/example_external_task_marker_dag.py for tasks to queue
[2024-01-09T07:39:16.250+0000] {logging_mixin.py:188} INFO - [2024-01-09T07:39:16.250+0000] {dagbag.py:538} INFO - Filling up the DagBag from /home/airflow/.local/lib/python3.8/site-packages/airflow/example_dags/example_external_task_marker_dag.py
[2024-01-09T07:39:16.257+0000] {processor.py:840} INFO - DAG(s) 'example_external_task_marker_parent', 'example_external_task_marker_child' retrieved from /home/airflow/.local/lib/python3.8/site-packages/airflow/example_dags/example_external_task_marker_dag.py
[2024-01-09T07:39:16.281+0000] {logging_mixin.py:188} INFO - [2024-01-09T07:39:16.281+0000] {dag.py:3033} INFO - Sync 2 DAGs
[2024-01-09T07:39:16.295+0000] {logging_mixin.py:188} INFO - [2024-01-09T07:39:16.295+0000] {dag.py:3820} INFO - Setting next_dagrun for example_external_task_marker_child to None, run_after=None
[2024-01-09T07:39:16.299+0000] {logging_mixin.py:188} INFO - [2024-01-09T07:39:16.298+0000] {dag.py:3820} INFO - Setting next_dagrun for example_external_task_marker_parent to None, run_after=None
[2024-01-09T07:39:16.314+0000] {processor.py:183} INFO - Processing /home/airflow/.local/lib/python3.8/site-packages/airflow/example_dags/example_external_task_marker_dag.py took 0.071 seconds
[2024-01-09T07:39:46.589+0000] {processor.py:161} INFO - Started process (PID=549) to work on /home/airflow/.local/lib/python3.8/site-packages/airflow/example_dags/example_external_task_marker_dag.py
[2024-01-09T07:39:46.590+0000] {processor.py:830} INFO - Processing file /home/airflow/.local/lib/python3.8/site-packages/airflow/example_dags/example_external_task_marker_dag.py for tasks to queue
[2024-01-09T07:39:46.591+0000] {logging_mixin.py:188} INFO - [2024-01-09T07:39:46.591+0000] {dagbag.py:538} INFO - Filling up the DagBag from /home/airflow/.local/lib/python3.8/site-packages/airflow/example_dags/example_external_task_marker_dag.py
[2024-01-09T07:39:46.596+0000] {processor.py:840} INFO - DAG(s) 'example_external_task_marker_child', 'example_external_task_marker_parent' retrieved from /home/airflow/.local/lib/python3.8/site-packages/airflow/example_dags/example_external_task_marker_dag.py
[2024-01-09T07:39:46.615+0000] {logging_mixin.py:188} INFO - [2024-01-09T07:39:46.615+0000] {dag.py:3033} INFO - Sync 2 DAGs
[2024-01-09T07:39:46.626+0000] {logging_mixin.py:188} INFO - [2024-01-09T07:39:46.626+0000] {dag.py:3820} INFO - Setting next_dagrun for example_external_task_marker_child to None, run_after=None
[2024-01-09T07:39:46.629+0000] {logging_mixin.py:188} INFO - [2024-01-09T07:39:46.629+0000] {dag.py:3820} INFO - Setting next_dagrun for example_external_task_marker_parent to None, run_after=None
[2024-01-09T07:39:46.642+0000] {processor.py:183} INFO - Processing /home/airflow/.local/lib/python3.8/site-packages/airflow/example_dags/example_external_task_marker_dag.py took 0.057 seconds
[2024-01-09T07:40:17.296+0000] {processor.py:161} INFO - Started process (PID=604) to work on /home/airflow/.local/lib/python3.8/site-packages/airflow/example_dags/example_external_task_marker_dag.py
[2024-01-09T07:40:17.297+0000] {processor.py:830} INFO - Processing file /home/airflow/.local/lib/python3.8/site-packages/airflow/example_dags/example_external_task_marker_dag.py for tasks to queue
[2024-01-09T07:40:17.299+0000] {logging_mixin.py:188} INFO - [2024-01-09T07:40:17.299+0000] {dagbag.py:538} INFO - Filling up the DagBag from /home/airflow/.local/lib/python3.8/site-packages/airflow/example_dags/example_external_task_marker_dag.py
[2024-01-09T07:40:17.305+0000] {processor.py:840} INFO - DAG(s) 'example_external_task_marker_child', 'example_external_task_marker_parent' retrieved from /home/airflow/.local/lib/python3.8/site-packages/airflow/example_dags/example_external_task_marker_dag.py
[2024-01-09T07:40:17.327+0000] {logging_mixin.py:188} INFO - [2024-01-09T07:40:17.326+0000] {dag.py:3033} INFO - Sync 2 DAGs
[2024-01-09T07:40:17.338+0000] {logging_mixin.py:188} INFO - [2024-01-09T07:40:17.338+0000] {dag.py:3820} INFO - Setting next_dagrun for example_external_task_marker_child to None, run_after=None
[2024-01-09T07:40:17.341+0000] {logging_mixin.py:188} INFO - [2024-01-09T07:40:17.341+0000] {dag.py:3820} INFO - Setting next_dagrun for example_external_task_marker_parent to None, run_after=None
[2024-01-09T07:40:17.356+0000] {processor.py:183} INFO - Processing /home/airflow/.local/lib/python3.8/site-packages/airflow/example_dags/example_external_task_marker_dag.py took 0.064 seconds
[2024-01-09T07:40:47.617+0000] {processor.py:161} INFO - Started process (PID=658) to work on /home/airflow/.local/lib/python3.8/site-packages/airflow/example_dags/example_external_task_marker_dag.py
[2024-01-09T07:40:47.618+0000] {processor.py:830} INFO - Processing file /home/airflow/.local/lib/python3.8/site-packages/airflow/example_dags/example_external_task_marker_dag.py for tasks to queue
[2024-01-09T07:40:47.621+0000] {logging_mixin.py:188} INFO - [2024-01-09T07:40:47.620+0000] {dagbag.py:538} INFO - Filling up the DagBag from /home/airflow/.local/lib/python3.8/site-packages/airflow/example_dags/example_external_task_marker_dag.py
[2024-01-09T07:40:47.626+0000] {processor.py:840} INFO - DAG(s) 'example_external_task_marker_child', 'example_external_task_marker_parent' retrieved from /home/airflow/.local/lib/python3.8/site-packages/airflow/example_dags/example_external_task_marker_dag.py
[2024-01-09T07:40:47.648+0000] {logging_mixin.py:188} INFO - [2024-01-09T07:40:47.648+0000] {dag.py:3033} INFO - Sync 2 DAGs
[2024-01-09T07:40:47.660+0000] {logging_mixin.py:188} INFO - [2024-01-09T07:40:47.659+0000] {dag.py:3820} INFO - Setting next_dagrun for example_external_task_marker_child to None, run_after=None
[2024-01-09T07:40:47.664+0000] {logging_mixin.py:188} INFO - [2024-01-09T07:40:47.663+0000] {dag.py:3820} INFO - Setting next_dagrun for example_external_task_marker_parent to None, run_after=None
[2024-01-09T07:40:47.676+0000] {processor.py:183} INFO - Processing /home/airflow/.local/lib/python3.8/site-packages/airflow/example_dags/example_external_task_marker_dag.py took 0.062 seconds
[2024-01-09T07:41:18.239+0000] {processor.py:161} INFO - Started process (PID=714) to work on /home/airflow/.local/lib/python3.8/site-packages/airflow/example_dags/example_external_task_marker_dag.py
[2024-01-09T07:41:18.240+0000] {processor.py:830} INFO - Processing file /home/airflow/.local/lib/python3.8/site-packages/airflow/example_dags/example_external_task_marker_dag.py for tasks to queue
[2024-01-09T07:41:18.243+0000] {logging_mixin.py:188} INFO - [2024-01-09T07:41:18.242+0000] {dagbag.py:538} INFO - Filling up the DagBag from /home/airflow/.local/lib/python3.8/site-packages/airflow/example_dags/example_external_task_marker_dag.py
[2024-01-09T07:41:18.250+0000] {processor.py:840} INFO - DAG(s) 'example_external_task_marker_child', 'example_external_task_marker_parent' retrieved from /home/airflow/.local/lib/python3.8/site-packages/airflow/example_dags/example_external_task_marker_dag.py
[2024-01-09T07:41:18.276+0000] {logging_mixin.py:188} INFO - [2024-01-09T07:41:18.276+0000] {dag.py:3033} INFO - Sync 2 DAGs
[2024-01-09T07:41:18.292+0000] {logging_mixin.py:188} INFO - [2024-01-09T07:41:18.292+0000] {dag.py:3820} INFO - Setting next_dagrun for example_external_task_marker_child to None, run_after=None
[2024-01-09T07:41:18.297+0000] {logging_mixin.py:188} INFO - [2024-01-09T07:41:18.297+0000] {dag.py:3820} INFO - Setting next_dagrun for example_external_task_marker_parent to None, run_after=None
[2024-01-09T07:41:18.319+0000] {processor.py:183} INFO - Processing /home/airflow/.local/lib/python3.8/site-packages/airflow/example_dags/example_external_task_marker_dag.py took 0.084 seconds
[2024-01-09T07:41:48.399+0000] {processor.py:161} INFO - Started process (PID=769) to work on /home/airflow/.local/lib/python3.8/site-packages/airflow/example_dags/example_external_task_marker_dag.py
[2024-01-09T07:41:48.400+0000] {processor.py:830} INFO - Processing file /home/airflow/.local/lib/python3.8/site-packages/airflow/example_dags/example_external_task_marker_dag.py for tasks to queue
[2024-01-09T07:41:48.402+0000] {logging_mixin.py:188} INFO - [2024-01-09T07:41:48.402+0000] {dagbag.py:538} INFO - Filling up the DagBag from /home/airflow/.local/lib/python3.8/site-packages/airflow/example_dags/example_external_task_marker_dag.py
[2024-01-09T07:41:48.408+0000] {processor.py:840} INFO - DAG(s) 'example_external_task_marker_parent', 'example_external_task_marker_child' retrieved from /home/airflow/.local/lib/python3.8/site-packages/airflow/example_dags/example_external_task_marker_dag.py
[2024-01-09T07:41:48.427+0000] {logging_mixin.py:188} INFO - [2024-01-09T07:41:48.426+0000] {dag.py:3033} INFO - Sync 2 DAGs
[2024-01-09T07:41:48.436+0000] {logging_mixin.py:188} INFO - [2024-01-09T07:41:48.436+0000] {dag.py:3820} INFO - Setting next_dagrun for example_external_task_marker_child to None, run_after=None
[2024-01-09T07:41:48.439+0000] {logging_mixin.py:188} INFO - [2024-01-09T07:41:48.439+0000] {dag.py:3820} INFO - Setting next_dagrun for example_external_task_marker_parent to None, run_after=None
[2024-01-09T07:41:48.451+0000] {processor.py:183} INFO - Processing /home/airflow/.local/lib/python3.8/site-packages/airflow/example_dags/example_external_task_marker_dag.py took 0.055 seconds
[2024-01-09T07:42:18.905+0000] {processor.py:161} INFO - Started process (PID=824) to work on /home/airflow/.local/lib/python3.8/site-packages/airflow/example_dags/example_external_task_marker_dag.py
[2024-01-09T07:42:18.906+0000] {processor.py:830} INFO - Processing file /home/airflow/.local/lib/python3.8/site-packages/airflow/example_dags/example_external_task_marker_dag.py for tasks to queue
[2024-01-09T07:42:18.908+0000] {logging_mixin.py:188} INFO - [2024-01-09T07:42:18.908+0000] {dagbag.py:538} INFO - Filling up the DagBag from /home/airflow/.local/lib/python3.8/site-packages/airflow/example_dags/example_external_task_marker_dag.py
[2024-01-09T07:42:18.914+0000] {processor.py:840} INFO - DAG(s) 'example_external_task_marker_parent', 'example_external_task_marker_child' retrieved from /home/airflow/.local/lib/python3.8/site-packages/airflow/example_dags/example_external_task_marker_dag.py
[2024-01-09T07:42:18.939+0000] {logging_mixin.py:188} INFO - [2024-01-09T07:42:18.938+0000] {dag.py:3033} INFO - Sync 2 DAGs
[2024-01-09T07:42:18.952+0000] {logging_mixin.py:188} INFO - [2024-01-09T07:42:18.951+0000] {dag.py:3820} INFO - Setting next_dagrun for example_external_task_marker_child to None, run_after=None
[2024-01-09T07:42:18.956+0000] {logging_mixin.py:188} INFO - [2024-01-09T07:42:18.956+0000] {dag.py:3820} INFO - Setting next_dagrun for example_external_task_marker_parent to None, run_after=None
[2024-01-09T07:42:18.972+0000] {processor.py:183} INFO - Processing /home/airflow/.local/lib/python3.8/site-packages/airflow/example_dags/example_external_task_marker_dag.py took 0.071 seconds
[2024-01-09T07:42:49.999+0000] {processor.py:161} INFO - Started process (PID=879) to work on /home/airflow/.local/lib/python3.8/site-packages/airflow/example_dags/example_external_task_marker_dag.py
[2024-01-09T07:42:50.000+0000] {processor.py:830} INFO - Processing file /home/airflow/.local/lib/python3.8/site-packages/airflow/example_dags/example_external_task_marker_dag.py for tasks to queue
[2024-01-09T07:42:50.003+0000] {logging_mixin.py:188} INFO - [2024-01-09T07:42:50.003+0000] {dagbag.py:538} INFO - Filling up the DagBag from /home/airflow/.local/lib/python3.8/site-packages/airflow/example_dags/example_external_task_marker_dag.py
[2024-01-09T07:42:50.010+0000] {processor.py:840} INFO - DAG(s) 'example_external_task_marker_child', 'example_external_task_marker_parent' retrieved from /home/airflow/.local/lib/python3.8/site-packages/airflow/example_dags/example_external_task_marker_dag.py
[2024-01-09T07:42:50.043+0000] {logging_mixin.py:188} INFO - [2024-01-09T07:42:50.043+0000] {dag.py:3033} INFO - Sync 2 DAGs
[2024-01-09T07:42:50.059+0000] {logging_mixin.py:188} INFO - [2024-01-09T07:42:50.059+0000] {dag.py:3820} INFO - Setting next_dagrun for example_external_task_marker_child to None, run_after=None
[2024-01-09T07:42:50.064+0000] {logging_mixin.py:188} INFO - [2024-01-09T07:42:50.064+0000] {dag.py:3820} INFO - Setting next_dagrun for example_external_task_marker_parent to None, run_after=None
[2024-01-09T07:42:50.087+0000] {processor.py:183} INFO - Processing /home/airflow/.local/lib/python3.8/site-packages/airflow/example_dags/example_external_task_marker_dag.py took 0.093 seconds
[2024-01-09T07:43:20.853+0000] {processor.py:161} INFO - Started process (PID=934) to work on /home/airflow/.local/lib/python3.8/site-packages/airflow/example_dags/example_external_task_marker_dag.py
[2024-01-09T07:43:20.854+0000] {processor.py:830} INFO - Processing file /home/airflow/.local/lib/python3.8/site-packages/airflow/example_dags/example_external_task_marker_dag.py for tasks to queue
[2024-01-09T07:43:20.856+0000] {logging_mixin.py:188} INFO - [2024-01-09T07:43:20.856+0000] {dagbag.py:538} INFO - Filling up the DagBag from /home/airflow/.local/lib/python3.8/site-packages/airflow/example_dags/example_external_task_marker_dag.py
[2024-01-09T07:43:20.862+0000] {processor.py:840} INFO - DAG(s) 'example_external_task_marker_child', 'example_external_task_marker_parent' retrieved from /home/airflow/.local/lib/python3.8/site-packages/airflow/example_dags/example_external_task_marker_dag.py
[2024-01-09T07:43:20.885+0000] {logging_mixin.py:188} INFO - [2024-01-09T07:43:20.885+0000] {dag.py:3033} INFO - Sync 2 DAGs
[2024-01-09T07:43:20.896+0000] {logging_mixin.py:188} INFO - [2024-01-09T07:43:20.896+0000] {dag.py:3820} INFO - Setting next_dagrun for example_external_task_marker_child to None, run_after=None
[2024-01-09T07:43:20.900+0000] {logging_mixin.py:188} INFO - [2024-01-09T07:43:20.899+0000] {dag.py:3820} INFO - Setting next_dagrun for example_external_task_marker_parent to None, run_after=None
[2024-01-09T07:43:20.913+0000] {processor.py:183} INFO - Processing /home/airflow/.local/lib/python3.8/site-packages/airflow/example_dags/example_external_task_marker_dag.py took 0.064 seconds
[2024-01-09T07:43:51.919+0000] {processor.py:161} INFO - Started process (PID=989) to work on /home/airflow/.local/lib/python3.8/site-packages/airflow/example_dags/example_external_task_marker_dag.py
[2024-01-09T07:43:51.921+0000] {processor.py:830} INFO - Processing file /home/airflow/.local/lib/python3.8/site-packages/airflow/example_dags/example_external_task_marker_dag.py for tasks to queue
[2024-01-09T07:43:51.924+0000] {logging_mixin.py:188} INFO - [2024-01-09T07:43:51.924+0000] {dagbag.py:538} INFO - Filling up the DagBag from /home/airflow/.local/lib/python3.8/site-packages/airflow/example_dags/example_external_task_marker_dag.py
[2024-01-09T07:43:51.933+0000] {processor.py:840} INFO - DAG(s) 'example_external_task_marker_parent', 'example_external_task_marker_child' retrieved from /home/airflow/.local/lib/python3.8/site-packages/airflow/example_dags/example_external_task_marker_dag.py
[2024-01-09T07:43:51.959+0000] {logging_mixin.py:188} INFO - [2024-01-09T07:43:51.959+0000] {dag.py:3033} INFO - Sync 2 DAGs
[2024-01-09T07:43:51.974+0000] {logging_mixin.py:188} INFO - [2024-01-09T07:43:51.974+0000] {dag.py:3820} INFO - Setting next_dagrun for example_external_task_marker_child to None, run_after=None
[2024-01-09T07:43:51.980+0000] {logging_mixin.py:188} INFO - [2024-01-09T07:43:51.979+0000] {dag.py:3820} INFO - Setting next_dagrun for example_external_task_marker_parent to None, run_after=None
[2024-01-09T07:43:51.998+0000] {processor.py:183} INFO - Processing /home/airflow/.local/lib/python3.8/site-packages/airflow/example_dags/example_external_task_marker_dag.py took 0.083 seconds
[2024-01-09T07:44:22.822+0000] {processor.py:161} INFO - Started process (PID=1043) to work on /home/airflow/.local/lib/python3.8/site-packages/airflow/example_dags/example_external_task_marker_dag.py
[2024-01-09T07:44:22.823+0000] {processor.py:830} INFO - Processing file /home/airflow/.local/lib/python3.8/site-packages/airflow/example_dags/example_external_task_marker_dag.py for tasks to queue
[2024-01-09T07:44:22.825+0000] {logging_mixin.py:188} INFO - [2024-01-09T07:44:22.825+0000] {dagbag.py:538} INFO - Filling up the DagBag from /home/airflow/.local/lib/python3.8/site-packages/airflow/example_dags/example_external_task_marker_dag.py
[2024-01-09T07:44:22.830+0000] {processor.py:840} INFO - DAG(s) 'example_external_task_marker_child', 'example_external_task_marker_parent' retrieved from /home/airflow/.local/lib/python3.8/site-packages/airflow/example_dags/example_external_task_marker_dag.py
[2024-01-09T07:44:22.849+0000] {logging_mixin.py:188} INFO - [2024-01-09T07:44:22.849+0000] {dag.py:3033} INFO - Sync 2 DAGs
[2024-01-09T07:44:22.860+0000] {logging_mixin.py:188} INFO - [2024-01-09T07:44:22.860+0000] {dag.py:3820} INFO - Setting next_dagrun for example_external_task_marker_child to None, run_after=None
[2024-01-09T07:44:22.863+0000] {logging_mixin.py:188} INFO - [2024-01-09T07:44:22.863+0000] {dag.py:3820} INFO - Setting next_dagrun for example_external_task_marker_parent to None, run_after=None
[2024-01-09T07:44:22.874+0000] {processor.py:183} INFO - Processing /home/airflow/.local/lib/python3.8/site-packages/airflow/example_dags/example_external_task_marker_dag.py took 0.056 seconds
[2024-01-09T07:44:53.003+0000] {processor.py:161} INFO - Started process (PID=1098) to work on /home/airflow/.local/lib/python3.8/site-packages/airflow/example_dags/example_external_task_marker_dag.py
[2024-01-09T07:44:53.003+0000] {processor.py:830} INFO - Processing file /home/airflow/.local/lib/python3.8/site-packages/airflow/example_dags/example_external_task_marker_dag.py for tasks to queue
[2024-01-09T07:44:53.005+0000] {logging_mixin.py:188} INFO - [2024-01-09T07:44:53.005+0000] {dagbag.py:538} INFO - Filling up the DagBag from /home/airflow/.local/lib/python3.8/site-packages/airflow/example_dags/example_external_task_marker_dag.py
[2024-01-09T07:44:53.010+0000] {processor.py:840} INFO - DAG(s) 'example_external_task_marker_child', 'example_external_task_marker_parent' retrieved from /home/airflow/.local/lib/python3.8/site-packages/airflow/example_dags/example_external_task_marker_dag.py
[2024-01-09T07:44:53.028+0000] {logging_mixin.py:188} INFO - [2024-01-09T07:44:53.028+0000] {dag.py:3033} INFO - Sync 2 DAGs
[2024-01-09T07:44:53.038+0000] {logging_mixin.py:188} INFO - [2024-01-09T07:44:53.038+0000] {dag.py:3820} INFO - Setting next_dagrun for example_external_task_marker_child to None, run_after=None
[2024-01-09T07:44:53.041+0000] {logging_mixin.py:188} INFO - [2024-01-09T07:44:53.041+0000] {dag.py:3820} INFO - Setting next_dagrun for example_external_task_marker_parent to None, run_after=None
[2024-01-09T07:44:53.053+0000] {processor.py:183} INFO - Processing /home/airflow/.local/lib/python3.8/site-packages/airflow/example_dags/example_external_task_marker_dag.py took 0.054 seconds
[2024-01-09T07:45:23.306+0000] {processor.py:161} INFO - Started process (PID=1152) to work on /home/airflow/.local/lib/python3.8/site-packages/airflow/example_dags/example_external_task_marker_dag.py
[2024-01-09T07:45:23.308+0000] {processor.py:830} INFO - Processing file /home/airflow/.local/lib/python3.8/site-packages/airflow/example_dags/example_external_task_marker_dag.py for tasks to queue
[2024-01-09T07:45:23.312+0000] {logging_mixin.py:188} INFO - [2024-01-09T07:45:23.311+0000] {dagbag.py:538} INFO - Filling up the DagBag from /home/airflow/.local/lib/python3.8/site-packages/airflow/example_dags/example_external_task_marker_dag.py
[2024-01-09T07:45:23.322+0000] {processor.py:840} INFO - DAG(s) 'example_external_task_marker_parent', 'example_external_task_marker_child' retrieved from /home/airflow/.local/lib/python3.8/site-packages/airflow/example_dags/example_external_task_marker_dag.py
[2024-01-09T07:45:23.366+0000] {logging_mixin.py:188} INFO - [2024-01-09T07:45:23.366+0000] {dag.py:3033} INFO - Sync 2 DAGs
[2024-01-09T07:45:23.390+0000] {logging_mixin.py:188} INFO - [2024-01-09T07:45:23.390+0000] {dag.py:3820} INFO - Setting next_dagrun for example_external_task_marker_child to None, run_after=None
[2024-01-09T07:45:23.398+0000] {logging_mixin.py:188} INFO - [2024-01-09T07:45:23.398+0000] {dag.py:3820} INFO - Setting next_dagrun for example_external_task_marker_parent to None, run_after=None
[2024-01-09T07:45:23.434+0000] {processor.py:183} INFO - Processing /home/airflow/.local/lib/python3.8/site-packages/airflow/example_dags/example_external_task_marker_dag.py took 0.134 seconds
[2024-01-09T07:45:53.685+0000] {processor.py:161} INFO - Started process (PID=1206) to work on /home/airflow/.local/lib/python3.8/site-packages/airflow/example_dags/example_external_task_marker_dag.py
[2024-01-09T07:45:53.686+0000] {processor.py:830} INFO - Processing file /home/airflow/.local/lib/python3.8/site-packages/airflow/example_dags/example_external_task_marker_dag.py for tasks to queue
[2024-01-09T07:45:53.688+0000] {logging_mixin.py:188} INFO - [2024-01-09T07:45:53.687+0000] {dagbag.py:538} INFO - Filling up the DagBag from /home/airflow/.local/lib/python3.8/site-packages/airflow/example_dags/example_external_task_marker_dag.py
[2024-01-09T07:45:53.693+0000] {processor.py:840} INFO - DAG(s) 'example_external_task_marker_parent', 'example_external_task_marker_child' retrieved from /home/airflow/.local/lib/python3.8/site-packages/airflow/example_dags/example_external_task_marker_dag.py
[2024-01-09T07:45:53.711+0000] {logging_mixin.py:188} INFO - [2024-01-09T07:45:53.711+0000] {dag.py:3033} INFO - Sync 2 DAGs
[2024-01-09T07:45:53.721+0000] {logging_mixin.py:188} INFO - [2024-01-09T07:45:53.721+0000] {dag.py:3820} INFO - Setting next_dagrun for example_external_task_marker_child to None, run_after=None
[2024-01-09T07:45:53.724+0000] {logging_mixin.py:188} INFO - [2024-01-09T07:45:53.724+0000] {dag.py:3820} INFO - Setting next_dagrun for example_external_task_marker_parent to None, run_after=None
[2024-01-09T07:45:53.736+0000] {processor.py:183} INFO - Processing /home/airflow/.local/lib/python3.8/site-packages/airflow/example_dags/example_external_task_marker_dag.py took 0.054 seconds
[2024-01-09T07:46:24.008+0000] {processor.py:161} INFO - Started process (PID=1261) to work on /home/airflow/.local/lib/python3.8/site-packages/airflow/example_dags/example_external_task_marker_dag.py
[2024-01-09T07:46:24.009+0000] {processor.py:830} INFO - Processing file /home/airflow/.local/lib/python3.8/site-packages/airflow/example_dags/example_external_task_marker_dag.py for tasks to queue
[2024-01-09T07:46:24.012+0000] {logging_mixin.py:188} INFO - [2024-01-09T07:46:24.012+0000] {dagbag.py:538} INFO - Filling up the DagBag from /home/airflow/.local/lib/python3.8/site-packages/airflow/example_dags/example_external_task_marker_dag.py
[2024-01-09T07:46:24.018+0000] {processor.py:840} INFO - DAG(s) 'example_external_task_marker_child', 'example_external_task_marker_parent' retrieved from /home/airflow/.local/lib/python3.8/site-packages/airflow/example_dags/example_external_task_marker_dag.py
[2024-01-09T07:46:24.041+0000] {logging_mixin.py:188} INFO - [2024-01-09T07:46:24.040+0000] {dag.py:3033} INFO - Sync 2 DAGs
[2024-01-09T07:46:24.053+0000] {logging_mixin.py:188} INFO - [2024-01-09T07:46:24.052+0000] {dag.py:3820} INFO - Setting next_dagrun for example_external_task_marker_child to None, run_after=None
[2024-01-09T07:46:24.056+0000] {logging_mixin.py:188} INFO - [2024-01-09T07:46:24.056+0000] {dag.py:3820} INFO - Setting next_dagrun for example_external_task_marker_parent to None, run_after=None
[2024-01-09T07:46:24.071+0000] {processor.py:183} INFO - Processing /home/airflow/.local/lib/python3.8/site-packages/airflow/example_dags/example_external_task_marker_dag.py took 0.067 seconds
[2024-01-09T07:46:54.398+0000] {processor.py:161} INFO - Started process (PID=1316) to work on /home/airflow/.local/lib/python3.8/site-packages/airflow/example_dags/example_external_task_marker_dag.py
[2024-01-09T07:46:54.399+0000] {processor.py:830} INFO - Processing file /home/airflow/.local/lib/python3.8/site-packages/airflow/example_dags/example_external_task_marker_dag.py for tasks to queue
[2024-01-09T07:46:54.401+0000] {logging_mixin.py:188} INFO - [2024-01-09T07:46:54.401+0000] {dagbag.py:538} INFO - Filling up the DagBag from /home/airflow/.local/lib/python3.8/site-packages/airflow/example_dags/example_external_task_marker_dag.py
[2024-01-09T07:46:54.407+0000] {processor.py:840} INFO - DAG(s) 'example_external_task_marker_parent', 'example_external_task_marker_child' retrieved from /home/airflow/.local/lib/python3.8/site-packages/airflow/example_dags/example_external_task_marker_dag.py
[2024-01-09T07:46:54.431+0000] {logging_mixin.py:188} INFO - [2024-01-09T07:46:54.431+0000] {dag.py:3033} INFO - Sync 2 DAGs
[2024-01-09T07:46:54.442+0000] {logging_mixin.py:188} INFO - [2024-01-09T07:46:54.442+0000] {dag.py:3820} INFO - Setting next_dagrun for example_external_task_marker_child to None, run_after=None
[2024-01-09T07:46:54.445+0000] {logging_mixin.py:188} INFO - [2024-01-09T07:46:54.445+0000] {dag.py:3820} INFO - Setting next_dagrun for example_external_task_marker_parent to None, run_after=None
[2024-01-09T07:46:54.458+0000] {processor.py:183} INFO - Processing /home/airflow/.local/lib/python3.8/site-packages/airflow/example_dags/example_external_task_marker_dag.py took 0.063 seconds
[2024-01-09T07:47:24.711+0000] {processor.py:161} INFO - Started process (PID=1371) to work on /home/airflow/.local/lib/python3.8/site-packages/airflow/example_dags/example_external_task_marker_dag.py
[2024-01-09T07:47:24.712+0000] {processor.py:830} INFO - Processing file /home/airflow/.local/lib/python3.8/site-packages/airflow/example_dags/example_external_task_marker_dag.py for tasks to queue
[2024-01-09T07:47:24.714+0000] {logging_mixin.py:188} INFO - [2024-01-09T07:47:24.714+0000] {dagbag.py:538} INFO - Filling up the DagBag from /home/airflow/.local/lib/python3.8/site-packages/airflow/example_dags/example_external_task_marker_dag.py
[2024-01-09T07:47:24.719+0000] {processor.py:840} INFO - DAG(s) 'example_external_task_marker_child', 'example_external_task_marker_parent' retrieved from /home/airflow/.local/lib/python3.8/site-packages/airflow/example_dags/example_external_task_marker_dag.py
[2024-01-09T07:47:24.738+0000] {logging_mixin.py:188} INFO - [2024-01-09T07:47:24.738+0000] {dag.py:3033} INFO - Sync 2 DAGs
[2024-01-09T07:47:24.748+0000] {logging_mixin.py:188} INFO - [2024-01-09T07:47:24.748+0000] {dag.py:3820} INFO - Setting next_dagrun for example_external_task_marker_child to None, run_after=None
[2024-01-09T07:47:24.751+0000] {logging_mixin.py:188} INFO - [2024-01-09T07:47:24.751+0000] {dag.py:3820} INFO - Setting next_dagrun for example_external_task_marker_parent to None, run_after=None
[2024-01-09T07:47:24.762+0000] {processor.py:183} INFO - Processing /home/airflow/.local/lib/python3.8/site-packages/airflow/example_dags/example_external_task_marker_dag.py took 0.054 seconds
[2024-01-09T07:47:54.978+0000] {processor.py:161} INFO - Started process (PID=1426) to work on /home/airflow/.local/lib/python3.8/site-packages/airflow/example_dags/example_external_task_marker_dag.py
[2024-01-09T07:47:54.978+0000] {processor.py:830} INFO - Processing file /home/airflow/.local/lib/python3.8/site-packages/airflow/example_dags/example_external_task_marker_dag.py for tasks to queue
[2024-01-09T07:47:54.980+0000] {logging_mixin.py:188} INFO - [2024-01-09T07:47:54.980+0000] {dagbag.py:538} INFO - Filling up the DagBag from /home/airflow/.local/lib/python3.8/site-packages/airflow/example_dags/example_external_task_marker_dag.py
[2024-01-09T07:47:54.985+0000] {processor.py:840} INFO - DAG(s) 'example_external_task_marker_parent', 'example_external_task_marker_child' retrieved from /home/airflow/.local/lib/python3.8/site-packages/airflow/example_dags/example_external_task_marker_dag.py
[2024-01-09T07:47:55.003+0000] {logging_mixin.py:188} INFO - [2024-01-09T07:47:55.003+0000] {dag.py:3033} INFO - Sync 2 DAGs
[2024-01-09T07:47:55.013+0000] {logging_mixin.py:188} INFO - [2024-01-09T07:47:55.013+0000] {dag.py:3820} INFO - Setting next_dagrun for example_external_task_marker_child to None, run_after=None
[2024-01-09T07:47:55.016+0000] {logging_mixin.py:188} INFO - [2024-01-09T07:47:55.016+0000] {dag.py:3820} INFO - Setting next_dagrun for example_external_task_marker_parent to None, run_after=None
[2024-01-09T07:47:55.027+0000] {processor.py:183} INFO - Processing /home/airflow/.local/lib/python3.8/site-packages/airflow/example_dags/example_external_task_marker_dag.py took 0.052 seconds
[2024-01-09T07:48:25.253+0000] {processor.py:161} INFO - Started process (PID=1481) to work on /home/airflow/.local/lib/python3.8/site-packages/airflow/example_dags/example_external_task_marker_dag.py
[2024-01-09T07:48:25.254+0000] {processor.py:830} INFO - Processing file /home/airflow/.local/lib/python3.8/site-packages/airflow/example_dags/example_external_task_marker_dag.py for tasks to queue
[2024-01-09T07:48:25.256+0000] {logging_mixin.py:188} INFO - [2024-01-09T07:48:25.256+0000] {dagbag.py:538} INFO - Filling up the DagBag from /home/airflow/.local/lib/python3.8/site-packages/airflow/example_dags/example_external_task_marker_dag.py
[2024-01-09T07:48:25.262+0000] {processor.py:840} INFO - DAG(s) 'example_external_task_marker_parent', 'example_external_task_marker_child' retrieved from /home/airflow/.local/lib/python3.8/site-packages/airflow/example_dags/example_external_task_marker_dag.py
[2024-01-09T07:48:25.281+0000] {logging_mixin.py:188} INFO - [2024-01-09T07:48:25.281+0000] {dag.py:3033} INFO - Sync 2 DAGs
[2024-01-09T07:48:25.291+0000] {logging_mixin.py:188} INFO - [2024-01-09T07:48:25.291+0000] {dag.py:3820} INFO - Setting next_dagrun for example_external_task_marker_child to None, run_after=None
[2024-01-09T07:48:25.295+0000] {logging_mixin.py:188} INFO - [2024-01-09T07:48:25.294+0000] {dag.py:3820} INFO - Setting next_dagrun for example_external_task_marker_parent to None, run_after=None
[2024-01-09T07:48:25.306+0000] {processor.py:183} INFO - Processing /home/airflow/.local/lib/python3.8/site-packages/airflow/example_dags/example_external_task_marker_dag.py took 0.056 seconds
[2024-01-09T07:48:55.922+0000] {processor.py:161} INFO - Started process (PID=1536) to work on /home/airflow/.local/lib/python3.8/site-packages/airflow/example_dags/example_external_task_marker_dag.py
[2024-01-09T07:48:55.923+0000] {processor.py:830} INFO - Processing file /home/airflow/.local/lib/python3.8/site-packages/airflow/example_dags/example_external_task_marker_dag.py for tasks to queue
[2024-01-09T07:48:55.925+0000] {logging_mixin.py:188} INFO - [2024-01-09T07:48:55.925+0000] {dagbag.py:538} INFO - Filling up the DagBag from /home/airflow/.local/lib/python3.8/site-packages/airflow/example_dags/example_external_task_marker_dag.py
[2024-01-09T07:48:55.931+0000] {processor.py:840} INFO - DAG(s) 'example_external_task_marker_child', 'example_external_task_marker_parent' retrieved from /home/airflow/.local/lib/python3.8/site-packages/airflow/example_dags/example_external_task_marker_dag.py
[2024-01-09T07:48:55.952+0000] {logging_mixin.py:188} INFO - [2024-01-09T07:48:55.951+0000] {dag.py:3033} INFO - Sync 2 DAGs
[2024-01-09T07:48:55.963+0000] {logging_mixin.py:188} INFO - [2024-01-09T07:48:55.963+0000] {dag.py:3820} INFO - Setting next_dagrun for example_external_task_marker_child to None, run_after=None
[2024-01-09T07:48:55.966+0000] {logging_mixin.py:188} INFO - [2024-01-09T07:48:55.966+0000] {dag.py:3820} INFO - Setting next_dagrun for example_external_task_marker_parent to None, run_after=None
[2024-01-09T07:48:55.980+0000] {processor.py:183} INFO - Processing /home/airflow/.local/lib/python3.8/site-packages/airflow/example_dags/example_external_task_marker_dag.py took 0.062 seconds
[2024-01-09T07:49:26.307+0000] {processor.py:161} INFO - Started process (PID=1591) to work on /home/airflow/.local/lib/python3.8/site-packages/airflow/example_dags/example_external_task_marker_dag.py
[2024-01-09T07:49:26.308+0000] {processor.py:830} INFO - Processing file /home/airflow/.local/lib/python3.8/site-packages/airflow/example_dags/example_external_task_marker_dag.py for tasks to queue
[2024-01-09T07:49:26.310+0000] {logging_mixin.py:188} INFO - [2024-01-09T07:49:26.310+0000] {dagbag.py:538} INFO - Filling up the DagBag from /home/airflow/.local/lib/python3.8/site-packages/airflow/example_dags/example_external_task_marker_dag.py
[2024-01-09T07:49:26.316+0000] {processor.py:840} INFO - DAG(s) 'example_external_task_marker_parent', 'example_external_task_marker_child' retrieved from /home/airflow/.local/lib/python3.8/site-packages/airflow/example_dags/example_external_task_marker_dag.py
[2024-01-09T07:49:26.337+0000] {logging_mixin.py:188} INFO - [2024-01-09T07:49:26.336+0000] {dag.py:3033} INFO - Sync 2 DAGs
[2024-01-09T07:49:26.348+0000] {logging_mixin.py:188} INFO - [2024-01-09T07:49:26.348+0000] {dag.py:3820} INFO - Setting next_dagrun for example_external_task_marker_child to None, run_after=None
[2024-01-09T07:49:26.352+0000] {logging_mixin.py:188} INFO - [2024-01-09T07:49:26.352+0000] {dag.py:3820} INFO - Setting next_dagrun for example_external_task_marker_parent to None, run_after=None
[2024-01-09T07:49:26.367+0000] {processor.py:183} INFO - Processing /home/airflow/.local/lib/python3.8/site-packages/airflow/example_dags/example_external_task_marker_dag.py took 0.064 seconds
