[2024-01-09T07:35:14.046+0000] {processor.py:161} INFO - Started process (PID=69) to work on /home/airflow/.local/lib/python3.8/site-packages/airflow/example_dags/example_subdag_operator.py
[2024-01-09T07:35:14.048+0000] {processor.py:830} INFO - Processing file /home/airflow/.local/lib/python3.8/site-packages/airflow/example_dags/example_subdag_operator.py for tasks to queue
[2024-01-09T07:35:14.051+0000] {logging_mixin.py:188} INFO - [2024-01-09T07:35:14.051+0000] {dagbag.py:538} INFO - Filling up the DagBag from /home/airflow/.local/lib/python3.8/site-packages/airflow/example_dags/example_subdag_operator.py
[2024-01-09T07:35:14.085+0000] {processor.py:840} INFO - DAG(s) 'example_subdag_operator.section-1', 'example_subdag_operator.section-2', 'example_subdag_operator' retrieved from /home/airflow/.local/lib/python3.8/site-packages/airflow/example_dags/example_subdag_operator.py
[2024-01-09T07:35:14.090+0000] {logging_mixin.py:188} INFO - [2024-01-09T07:35:14.090+0000] {dag.py:3033} INFO - Sync 3 DAGs
[2024-01-09T07:35:14.124+0000] {logging_mixin.py:188} INFO - [2024-01-09T07:35:14.124+0000] {dag.py:3820} INFO - Setting next_dagrun for example_subdag_operator to 2022-01-01T00:00:00+00:00, run_after=2022-01-01T00:00:00+00:00
[2024-01-09T07:35:14.130+0000] {logging_mixin.py:188} INFO - [2024-01-09T07:35:14.130+0000] {dag.py:3820} INFO - Setting next_dagrun for example_subdag_operator.section-1 to None, run_after=None
[2024-01-09T07:35:14.133+0000] {logging_mixin.py:188} INFO - [2024-01-09T07:35:14.133+0000] {dag.py:3820} INFO - Setting next_dagrun for example_subdag_operator.section-2 to None, run_after=None
[2024-01-09T07:35:14.144+0000] {logging_mixin.py:188} INFO - [2024-01-09T07:35:14.144+0000] {dag.py:3033} INFO - Sync 2 DAGs
[2024-01-09T07:35:14.154+0000] {logging_mixin.py:188} INFO - [2024-01-09T07:35:14.153+0000] {dag.py:3820} INFO - Setting next_dagrun for example_subdag_operator.section-1 to None, run_after=None
[2024-01-09T07:35:14.154+0000] {logging_mixin.py:188} INFO - [2024-01-09T07:35:14.154+0000] {dag.py:3820} INFO - Setting next_dagrun for example_subdag_operator.section-2 to None, run_after=None
[2024-01-09T07:35:14.170+0000] {processor.py:183} INFO - Processing /home/airflow/.local/lib/python3.8/site-packages/airflow/example_dags/example_subdag_operator.py took 0.128 seconds
[2024-01-09T07:35:44.789+0000] {processor.py:161} INFO - Started process (PID=124) to work on /home/airflow/.local/lib/python3.8/site-packages/airflow/example_dags/example_subdag_operator.py
[2024-01-09T07:35:44.790+0000] {processor.py:830} INFO - Processing file /home/airflow/.local/lib/python3.8/site-packages/airflow/example_dags/example_subdag_operator.py for tasks to queue
[2024-01-09T07:35:44.793+0000] {logging_mixin.py:188} INFO - [2024-01-09T07:35:44.793+0000] {dagbag.py:538} INFO - Filling up the DagBag from /home/airflow/.local/lib/python3.8/site-packages/airflow/example_dags/example_subdag_operator.py
[2024-01-09T07:35:44.815+0000] {processor.py:840} INFO - DAG(s) 'example_subdag_operator.section-1', 'example_subdag_operator.section-2', 'example_subdag_operator' retrieved from /home/airflow/.local/lib/python3.8/site-packages/airflow/example_dags/example_subdag_operator.py
[2024-01-09T07:35:44.893+0000] {logging_mixin.py:188} INFO - [2024-01-09T07:35:44.892+0000] {dag.py:3033} INFO - Sync 3 DAGs
[2024-01-09T07:35:44.908+0000] {logging_mixin.py:188} INFO - [2024-01-09T07:35:44.908+0000] {dag.py:3820} INFO - Setting next_dagrun for example_subdag_operator to 2022-01-01T00:00:00+00:00, run_after=2022-01-01T00:00:00+00:00
[2024-01-09T07:35:44.911+0000] {logging_mixin.py:188} INFO - [2024-01-09T07:35:44.911+0000] {dag.py:3820} INFO - Setting next_dagrun for example_subdag_operator.section-1 to None, run_after=None
[2024-01-09T07:35:44.912+0000] {logging_mixin.py:188} INFO - [2024-01-09T07:35:44.912+0000] {dag.py:3820} INFO - Setting next_dagrun for example_subdag_operator.section-2 to None, run_after=None
[2024-01-09T07:35:44.919+0000] {logging_mixin.py:188} INFO - [2024-01-09T07:35:44.919+0000] {dag.py:3033} INFO - Sync 2 DAGs
[2024-01-09T07:35:44.923+0000] {logging_mixin.py:188} INFO - [2024-01-09T07:35:44.923+0000] {dag.py:3820} INFO - Setting next_dagrun for example_subdag_operator.section-1 to None, run_after=None
[2024-01-09T07:35:44.924+0000] {logging_mixin.py:188} INFO - [2024-01-09T07:35:44.924+0000] {dag.py:3820} INFO - Setting next_dagrun for example_subdag_operator.section-2 to None, run_after=None
[2024-01-09T07:35:44.932+0000] {processor.py:183} INFO - Processing /home/airflow/.local/lib/python3.8/site-packages/airflow/example_dags/example_subdag_operator.py took 0.147 seconds
[2024-01-09T07:36:15.432+0000] {processor.py:161} INFO - Started process (PID=179) to work on /home/airflow/.local/lib/python3.8/site-packages/airflow/example_dags/example_subdag_operator.py
[2024-01-09T07:36:15.433+0000] {processor.py:830} INFO - Processing file /home/airflow/.local/lib/python3.8/site-packages/airflow/example_dags/example_subdag_operator.py for tasks to queue
[2024-01-09T07:36:15.435+0000] {logging_mixin.py:188} INFO - [2024-01-09T07:36:15.435+0000] {dagbag.py:538} INFO - Filling up the DagBag from /home/airflow/.local/lib/python3.8/site-packages/airflow/example_dags/example_subdag_operator.py
[2024-01-09T07:36:15.453+0000] {processor.py:840} INFO - DAG(s) 'example_subdag_operator.section-1', 'example_subdag_operator.section-2', 'example_subdag_operator' retrieved from /home/airflow/.local/lib/python3.8/site-packages/airflow/example_dags/example_subdag_operator.py
[2024-01-09T07:36:15.465+0000] {logging_mixin.py:188} INFO - [2024-01-09T07:36:15.465+0000] {dag.py:3033} INFO - Sync 3 DAGs
[2024-01-09T07:36:15.479+0000] {logging_mixin.py:188} INFO - [2024-01-09T07:36:15.479+0000] {dag.py:3820} INFO - Setting next_dagrun for example_subdag_operator to 2022-01-01T00:00:00+00:00, run_after=2022-01-01T00:00:00+00:00
[2024-01-09T07:36:15.482+0000] {logging_mixin.py:188} INFO - [2024-01-09T07:36:15.482+0000] {dag.py:3820} INFO - Setting next_dagrun for example_subdag_operator.section-1 to None, run_after=None
[2024-01-09T07:36:15.483+0000] {logging_mixin.py:188} INFO - [2024-01-09T07:36:15.483+0000] {dag.py:3820} INFO - Setting next_dagrun for example_subdag_operator.section-2 to None, run_after=None
[2024-01-09T07:36:15.488+0000] {logging_mixin.py:188} INFO - [2024-01-09T07:36:15.488+0000] {dag.py:3033} INFO - Sync 2 DAGs
[2024-01-09T07:36:15.492+0000] {logging_mixin.py:188} INFO - [2024-01-09T07:36:15.492+0000] {dag.py:3820} INFO - Setting next_dagrun for example_subdag_operator.section-1 to None, run_after=None
[2024-01-09T07:36:15.493+0000] {logging_mixin.py:188} INFO - [2024-01-09T07:36:15.492+0000] {dag.py:3820} INFO - Setting next_dagrun for example_subdag_operator.section-2 to None, run_after=None
[2024-01-09T07:36:15.500+0000] {processor.py:183} INFO - Processing /home/airflow/.local/lib/python3.8/site-packages/airflow/example_dags/example_subdag_operator.py took 0.071 seconds
[2024-01-09T07:36:45.768+0000] {processor.py:161} INFO - Started process (PID=234) to work on /home/airflow/.local/lib/python3.8/site-packages/airflow/example_dags/example_subdag_operator.py
[2024-01-09T07:36:45.769+0000] {processor.py:830} INFO - Processing file /home/airflow/.local/lib/python3.8/site-packages/airflow/example_dags/example_subdag_operator.py for tasks to queue
[2024-01-09T07:36:45.771+0000] {logging_mixin.py:188} INFO - [2024-01-09T07:36:45.771+0000] {dagbag.py:538} INFO - Filling up the DagBag from /home/airflow/.local/lib/python3.8/site-packages/airflow/example_dags/example_subdag_operator.py
[2024-01-09T07:36:45.792+0000] {processor.py:840} INFO - DAG(s) 'example_subdag_operator.section-1', 'example_subdag_operator.section-2', 'example_subdag_operator' retrieved from /home/airflow/.local/lib/python3.8/site-packages/airflow/example_dags/example_subdag_operator.py
[2024-01-09T07:36:45.804+0000] {logging_mixin.py:188} INFO - [2024-01-09T07:36:45.804+0000] {dag.py:3033} INFO - Sync 3 DAGs
[2024-01-09T07:36:45.820+0000] {logging_mixin.py:188} INFO - [2024-01-09T07:36:45.820+0000] {dag.py:3820} INFO - Setting next_dagrun for example_subdag_operator to 2022-01-01T00:00:00+00:00, run_after=2022-01-01T00:00:00+00:00
[2024-01-09T07:36:45.823+0000] {logging_mixin.py:188} INFO - [2024-01-09T07:36:45.823+0000] {dag.py:3820} INFO - Setting next_dagrun for example_subdag_operator.section-1 to None, run_after=None
[2024-01-09T07:36:45.824+0000] {logging_mixin.py:188} INFO - [2024-01-09T07:36:45.824+0000] {dag.py:3820} INFO - Setting next_dagrun for example_subdag_operator.section-2 to None, run_after=None
[2024-01-09T07:36:45.830+0000] {logging_mixin.py:188} INFO - [2024-01-09T07:36:45.830+0000] {dag.py:3033} INFO - Sync 2 DAGs
[2024-01-09T07:36:45.834+0000] {logging_mixin.py:188} INFO - [2024-01-09T07:36:45.834+0000] {dag.py:3820} INFO - Setting next_dagrun for example_subdag_operator.section-1 to None, run_after=None
[2024-01-09T07:36:45.835+0000] {logging_mixin.py:188} INFO - [2024-01-09T07:36:45.835+0000] {dag.py:3820} INFO - Setting next_dagrun for example_subdag_operator.section-2 to None, run_after=None
[2024-01-09T07:36:45.844+0000] {processor.py:183} INFO - Processing /home/airflow/.local/lib/python3.8/site-packages/airflow/example_dags/example_subdag_operator.py took 0.079 seconds
[2024-01-09T07:37:16.143+0000] {processor.py:161} INFO - Started process (PID=289) to work on /home/airflow/.local/lib/python3.8/site-packages/airflow/example_dags/example_subdag_operator.py
[2024-01-09T07:37:16.144+0000] {processor.py:830} INFO - Processing file /home/airflow/.local/lib/python3.8/site-packages/airflow/example_dags/example_subdag_operator.py for tasks to queue
[2024-01-09T07:37:16.146+0000] {logging_mixin.py:188} INFO - [2024-01-09T07:37:16.145+0000] {dagbag.py:538} INFO - Filling up the DagBag from /home/airflow/.local/lib/python3.8/site-packages/airflow/example_dags/example_subdag_operator.py
[2024-01-09T07:37:16.165+0000] {processor.py:840} INFO - DAG(s) 'example_subdag_operator.section-1', 'example_subdag_operator.section-2', 'example_subdag_operator' retrieved from /home/airflow/.local/lib/python3.8/site-packages/airflow/example_dags/example_subdag_operator.py
[2024-01-09T07:37:16.176+0000] {logging_mixin.py:188} INFO - [2024-01-09T07:37:16.176+0000] {dag.py:3033} INFO - Sync 3 DAGs
[2024-01-09T07:37:16.192+0000] {logging_mixin.py:188} INFO - [2024-01-09T07:37:16.192+0000] {dag.py:3820} INFO - Setting next_dagrun for example_subdag_operator to 2022-01-01T00:00:00+00:00, run_after=2022-01-01T00:00:00+00:00
[2024-01-09T07:37:16.195+0000] {logging_mixin.py:188} INFO - [2024-01-09T07:37:16.195+0000] {dag.py:3820} INFO - Setting next_dagrun for example_subdag_operator.section-1 to None, run_after=None
[2024-01-09T07:37:16.196+0000] {logging_mixin.py:188} INFO - [2024-01-09T07:37:16.196+0000] {dag.py:3820} INFO - Setting next_dagrun for example_subdag_operator.section-2 to None, run_after=None
[2024-01-09T07:37:16.201+0000] {logging_mixin.py:188} INFO - [2024-01-09T07:37:16.201+0000] {dag.py:3033} INFO - Sync 2 DAGs
[2024-01-09T07:37:16.205+0000] {logging_mixin.py:188} INFO - [2024-01-09T07:37:16.205+0000] {dag.py:3820} INFO - Setting next_dagrun for example_subdag_operator.section-1 to None, run_after=None
[2024-01-09T07:37:16.206+0000] {logging_mixin.py:188} INFO - [2024-01-09T07:37:16.205+0000] {dag.py:3820} INFO - Setting next_dagrun for example_subdag_operator.section-2 to None, run_after=None
[2024-01-09T07:37:16.214+0000] {processor.py:183} INFO - Processing /home/airflow/.local/lib/python3.8/site-packages/airflow/example_dags/example_subdag_operator.py took 0.074 seconds
[2024-01-09T07:37:46.506+0000] {processor.py:161} INFO - Started process (PID=344) to work on /home/airflow/.local/lib/python3.8/site-packages/airflow/example_dags/example_subdag_operator.py
[2024-01-09T07:37:46.507+0000] {processor.py:830} INFO - Processing file /home/airflow/.local/lib/python3.8/site-packages/airflow/example_dags/example_subdag_operator.py for tasks to queue
[2024-01-09T07:37:46.509+0000] {logging_mixin.py:188} INFO - [2024-01-09T07:37:46.508+0000] {dagbag.py:538} INFO - Filling up the DagBag from /home/airflow/.local/lib/python3.8/site-packages/airflow/example_dags/example_subdag_operator.py
[2024-01-09T07:37:46.527+0000] {processor.py:840} INFO - DAG(s) 'example_subdag_operator.section-1', 'example_subdag_operator.section-2', 'example_subdag_operator' retrieved from /home/airflow/.local/lib/python3.8/site-packages/airflow/example_dags/example_subdag_operator.py
[2024-01-09T07:37:46.539+0000] {logging_mixin.py:188} INFO - [2024-01-09T07:37:46.538+0000] {dag.py:3033} INFO - Sync 3 DAGs
[2024-01-09T07:37:46.558+0000] {logging_mixin.py:188} INFO - [2024-01-09T07:37:46.557+0000] {dag.py:3820} INFO - Setting next_dagrun for example_subdag_operator to 2022-01-01T00:00:00+00:00, run_after=2022-01-01T00:00:00+00:00
[2024-01-09T07:37:46.567+0000] {logging_mixin.py:188} INFO - [2024-01-09T07:37:46.567+0000] {dag.py:3820} INFO - Setting next_dagrun for example_subdag_operator.section-1 to None, run_after=None
[2024-01-09T07:37:46.569+0000] {logging_mixin.py:188} INFO - [2024-01-09T07:37:46.569+0000] {dag.py:3820} INFO - Setting next_dagrun for example_subdag_operator.section-2 to None, run_after=None
[2024-01-09T07:37:46.579+0000] {logging_mixin.py:188} INFO - [2024-01-09T07:37:46.579+0000] {dag.py:3033} INFO - Sync 2 DAGs
[2024-01-09T07:37:46.611+0000] {logging_mixin.py:188} INFO - [2024-01-09T07:37:46.611+0000] {dag.py:3820} INFO - Setting next_dagrun for example_subdag_operator.section-1 to None, run_after=None
[2024-01-09T07:37:46.611+0000] {logging_mixin.py:188} INFO - [2024-01-09T07:37:46.611+0000] {dag.py:3820} INFO - Setting next_dagrun for example_subdag_operator.section-2 to None, run_after=None
[2024-01-09T07:37:46.634+0000] {processor.py:183} INFO - Processing /home/airflow/.local/lib/python3.8/site-packages/airflow/example_dags/example_subdag_operator.py took 0.131 seconds
[2024-01-09T07:38:17.095+0000] {processor.py:161} INFO - Started process (PID=399) to work on /home/airflow/.local/lib/python3.8/site-packages/airflow/example_dags/example_subdag_operator.py
[2024-01-09T07:38:17.097+0000] {processor.py:830} INFO - Processing file /home/airflow/.local/lib/python3.8/site-packages/airflow/example_dags/example_subdag_operator.py for tasks to queue
[2024-01-09T07:38:17.098+0000] {logging_mixin.py:188} INFO - [2024-01-09T07:38:17.098+0000] {dagbag.py:538} INFO - Filling up the DagBag from /home/airflow/.local/lib/python3.8/site-packages/airflow/example_dags/example_subdag_operator.py
[2024-01-09T07:38:17.117+0000] {processor.py:840} INFO - DAG(s) 'example_subdag_operator.section-1', 'example_subdag_operator.section-2', 'example_subdag_operator' retrieved from /home/airflow/.local/lib/python3.8/site-packages/airflow/example_dags/example_subdag_operator.py
[2024-01-09T07:38:17.131+0000] {logging_mixin.py:188} INFO - [2024-01-09T07:38:17.131+0000] {dag.py:3033} INFO - Sync 3 DAGs
[2024-01-09T07:38:17.149+0000] {logging_mixin.py:188} INFO - [2024-01-09T07:38:17.149+0000] {dag.py:3820} INFO - Setting next_dagrun for example_subdag_operator to 2022-01-01T00:00:00+00:00, run_after=2022-01-01T00:00:00+00:00
[2024-01-09T07:38:17.152+0000] {logging_mixin.py:188} INFO - [2024-01-09T07:38:17.152+0000] {dag.py:3820} INFO - Setting next_dagrun for example_subdag_operator.section-1 to None, run_after=None
[2024-01-09T07:38:17.154+0000] {logging_mixin.py:188} INFO - [2024-01-09T07:38:17.154+0000] {dag.py:3820} INFO - Setting next_dagrun for example_subdag_operator.section-2 to None, run_after=None
[2024-01-09T07:38:17.160+0000] {logging_mixin.py:188} INFO - [2024-01-09T07:38:17.160+0000] {dag.py:3033} INFO - Sync 2 DAGs
[2024-01-09T07:38:17.164+0000] {logging_mixin.py:188} INFO - [2024-01-09T07:38:17.164+0000] {dag.py:3820} INFO - Setting next_dagrun for example_subdag_operator.section-1 to None, run_after=None
[2024-01-09T07:38:17.164+0000] {logging_mixin.py:188} INFO - [2024-01-09T07:38:17.164+0000] {dag.py:3820} INFO - Setting next_dagrun for example_subdag_operator.section-2 to None, run_after=None
[2024-01-09T07:38:17.174+0000] {processor.py:183} INFO - Processing /home/airflow/.local/lib/python3.8/site-packages/airflow/example_dags/example_subdag_operator.py took 0.081 seconds
[2024-01-09T07:38:47.495+0000] {processor.py:161} INFO - Started process (PID=454) to work on /home/airflow/.local/lib/python3.8/site-packages/airflow/example_dags/example_subdag_operator.py
[2024-01-09T07:38:47.496+0000] {processor.py:830} INFO - Processing file /home/airflow/.local/lib/python3.8/site-packages/airflow/example_dags/example_subdag_operator.py for tasks to queue
[2024-01-09T07:38:47.497+0000] {logging_mixin.py:188} INFO - [2024-01-09T07:38:47.497+0000] {dagbag.py:538} INFO - Filling up the DagBag from /home/airflow/.local/lib/python3.8/site-packages/airflow/example_dags/example_subdag_operator.py
[2024-01-09T07:38:47.515+0000] {processor.py:840} INFO - DAG(s) 'example_subdag_operator.section-1', 'example_subdag_operator.section-2', 'example_subdag_operator' retrieved from /home/airflow/.local/lib/python3.8/site-packages/airflow/example_dags/example_subdag_operator.py
[2024-01-09T07:38:47.526+0000] {logging_mixin.py:188} INFO - [2024-01-09T07:38:47.526+0000] {dag.py:3033} INFO - Sync 3 DAGs
[2024-01-09T07:38:47.540+0000] {logging_mixin.py:188} INFO - [2024-01-09T07:38:47.540+0000] {dag.py:3820} INFO - Setting next_dagrun for example_subdag_operator to 2022-01-01T00:00:00+00:00, run_after=2022-01-01T00:00:00+00:00
[2024-01-09T07:38:47.543+0000] {logging_mixin.py:188} INFO - [2024-01-09T07:38:47.543+0000] {dag.py:3820} INFO - Setting next_dagrun for example_subdag_operator.section-1 to None, run_after=None
[2024-01-09T07:38:47.544+0000] {logging_mixin.py:188} INFO - [2024-01-09T07:38:47.544+0000] {dag.py:3820} INFO - Setting next_dagrun for example_subdag_operator.section-2 to None, run_after=None
[2024-01-09T07:38:47.549+0000] {logging_mixin.py:188} INFO - [2024-01-09T07:38:47.549+0000] {dag.py:3033} INFO - Sync 2 DAGs
[2024-01-09T07:38:47.552+0000] {logging_mixin.py:188} INFO - [2024-01-09T07:38:47.552+0000] {dag.py:3820} INFO - Setting next_dagrun for example_subdag_operator.section-1 to None, run_after=None
[2024-01-09T07:38:47.552+0000] {logging_mixin.py:188} INFO - [2024-01-09T07:38:47.552+0000] {dag.py:3820} INFO - Setting next_dagrun for example_subdag_operator.section-2 to None, run_after=None
[2024-01-09T07:38:47.560+0000] {processor.py:183} INFO - Processing /home/airflow/.local/lib/python3.8/site-packages/airflow/example_dags/example_subdag_operator.py took 0.068 seconds
[2024-01-09T07:39:17.895+0000] {processor.py:161} INFO - Started process (PID=509) to work on /home/airflow/.local/lib/python3.8/site-packages/airflow/example_dags/example_subdag_operator.py
[2024-01-09T07:39:17.901+0000] {processor.py:830} INFO - Processing file /home/airflow/.local/lib/python3.8/site-packages/airflow/example_dags/example_subdag_operator.py for tasks to queue
[2024-01-09T07:39:17.906+0000] {logging_mixin.py:188} INFO - [2024-01-09T07:39:17.906+0000] {dagbag.py:538} INFO - Filling up the DagBag from /home/airflow/.local/lib/python3.8/site-packages/airflow/example_dags/example_subdag_operator.py
[2024-01-09T07:39:17.940+0000] {processor.py:840} INFO - DAG(s) 'example_subdag_operator.section-1', 'example_subdag_operator.section-2', 'example_subdag_operator' retrieved from /home/airflow/.local/lib/python3.8/site-packages/airflow/example_dags/example_subdag_operator.py
[2024-01-09T07:39:17.953+0000] {logging_mixin.py:188} INFO - [2024-01-09T07:39:17.952+0000] {dag.py:3033} INFO - Sync 3 DAGs
[2024-01-09T07:39:17.971+0000] {logging_mixin.py:188} INFO - [2024-01-09T07:39:17.971+0000] {dag.py:3820} INFO - Setting next_dagrun for example_subdag_operator to 2022-01-01T00:00:00+00:00, run_after=2022-01-01T00:00:00+00:00
[2024-01-09T07:39:17.974+0000] {logging_mixin.py:188} INFO - [2024-01-09T07:39:17.974+0000] {dag.py:3820} INFO - Setting next_dagrun for example_subdag_operator.section-1 to None, run_after=None
[2024-01-09T07:39:17.975+0000] {logging_mixin.py:188} INFO - [2024-01-09T07:39:17.975+0000] {dag.py:3820} INFO - Setting next_dagrun for example_subdag_operator.section-2 to None, run_after=None
[2024-01-09T07:39:17.980+0000] {logging_mixin.py:188} INFO - [2024-01-09T07:39:17.980+0000] {dag.py:3033} INFO - Sync 2 DAGs
[2024-01-09T07:39:17.985+0000] {logging_mixin.py:188} INFO - [2024-01-09T07:39:17.985+0000] {dag.py:3820} INFO - Setting next_dagrun for example_subdag_operator.section-1 to None, run_after=None
[2024-01-09T07:39:17.985+0000] {logging_mixin.py:188} INFO - [2024-01-09T07:39:17.985+0000] {dag.py:3820} INFO - Setting next_dagrun for example_subdag_operator.section-2 to None, run_after=None
[2024-01-09T07:39:17.994+0000] {processor.py:183} INFO - Processing /home/airflow/.local/lib/python3.8/site-packages/airflow/example_dags/example_subdag_operator.py took 0.103 seconds
[2024-01-09T07:39:48.328+0000] {processor.py:161} INFO - Started process (PID=564) to work on /home/airflow/.local/lib/python3.8/site-packages/airflow/example_dags/example_subdag_operator.py
[2024-01-09T07:39:48.329+0000] {processor.py:830} INFO - Processing file /home/airflow/.local/lib/python3.8/site-packages/airflow/example_dags/example_subdag_operator.py for tasks to queue
[2024-01-09T07:39:48.330+0000] {logging_mixin.py:188} INFO - [2024-01-09T07:39:48.330+0000] {dagbag.py:538} INFO - Filling up the DagBag from /home/airflow/.local/lib/python3.8/site-packages/airflow/example_dags/example_subdag_operator.py
[2024-01-09T07:39:48.349+0000] {processor.py:840} INFO - DAG(s) 'example_subdag_operator.section-1', 'example_subdag_operator.section-2', 'example_subdag_operator' retrieved from /home/airflow/.local/lib/python3.8/site-packages/airflow/example_dags/example_subdag_operator.py
[2024-01-09T07:39:48.361+0000] {logging_mixin.py:188} INFO - [2024-01-09T07:39:48.361+0000] {dag.py:3033} INFO - Sync 3 DAGs
[2024-01-09T07:39:48.377+0000] {logging_mixin.py:188} INFO - [2024-01-09T07:39:48.377+0000] {dag.py:3820} INFO - Setting next_dagrun for example_subdag_operator to 2022-01-01T00:00:00+00:00, run_after=2022-01-01T00:00:00+00:00
[2024-01-09T07:39:48.379+0000] {logging_mixin.py:188} INFO - [2024-01-09T07:39:48.379+0000] {dag.py:3820} INFO - Setting next_dagrun for example_subdag_operator.section-1 to None, run_after=None
[2024-01-09T07:39:48.380+0000] {logging_mixin.py:188} INFO - [2024-01-09T07:39:48.380+0000] {dag.py:3820} INFO - Setting next_dagrun for example_subdag_operator.section-2 to None, run_after=None
[2024-01-09T07:39:48.386+0000] {logging_mixin.py:188} INFO - [2024-01-09T07:39:48.385+0000] {dag.py:3033} INFO - Sync 2 DAGs
[2024-01-09T07:39:48.389+0000] {logging_mixin.py:188} INFO - [2024-01-09T07:39:48.389+0000] {dag.py:3820} INFO - Setting next_dagrun for example_subdag_operator.section-1 to None, run_after=None
[2024-01-09T07:39:48.390+0000] {logging_mixin.py:188} INFO - [2024-01-09T07:39:48.390+0000] {dag.py:3820} INFO - Setting next_dagrun for example_subdag_operator.section-2 to None, run_after=None
[2024-01-09T07:39:48.397+0000] {processor.py:183} INFO - Processing /home/airflow/.local/lib/python3.8/site-packages/airflow/example_dags/example_subdag_operator.py took 0.072 seconds
[2024-01-09T07:40:19.081+0000] {processor.py:161} INFO - Started process (PID=619) to work on /home/airflow/.local/lib/python3.8/site-packages/airflow/example_dags/example_subdag_operator.py
[2024-01-09T07:40:19.082+0000] {processor.py:830} INFO - Processing file /home/airflow/.local/lib/python3.8/site-packages/airflow/example_dags/example_subdag_operator.py for tasks to queue
[2024-01-09T07:40:19.084+0000] {logging_mixin.py:188} INFO - [2024-01-09T07:40:19.084+0000] {dagbag.py:538} INFO - Filling up the DagBag from /home/airflow/.local/lib/python3.8/site-packages/airflow/example_dags/example_subdag_operator.py
[2024-01-09T07:40:19.103+0000] {processor.py:840} INFO - DAG(s) 'example_subdag_operator.section-1', 'example_subdag_operator.section-2', 'example_subdag_operator' retrieved from /home/airflow/.local/lib/python3.8/site-packages/airflow/example_dags/example_subdag_operator.py
[2024-01-09T07:40:19.114+0000] {logging_mixin.py:188} INFO - [2024-01-09T07:40:19.114+0000] {dag.py:3033} INFO - Sync 3 DAGs
[2024-01-09T07:40:19.130+0000] {logging_mixin.py:188} INFO - [2024-01-09T07:40:19.130+0000] {dag.py:3820} INFO - Setting next_dagrun for example_subdag_operator to 2022-01-01T00:00:00+00:00, run_after=2022-01-01T00:00:00+00:00
[2024-01-09T07:40:19.132+0000] {logging_mixin.py:188} INFO - [2024-01-09T07:40:19.132+0000] {dag.py:3820} INFO - Setting next_dagrun for example_subdag_operator.section-1 to None, run_after=None
[2024-01-09T07:40:19.133+0000] {logging_mixin.py:188} INFO - [2024-01-09T07:40:19.133+0000] {dag.py:3820} INFO - Setting next_dagrun for example_subdag_operator.section-2 to None, run_after=None
[2024-01-09T07:40:19.138+0000] {logging_mixin.py:188} INFO - [2024-01-09T07:40:19.138+0000] {dag.py:3033} INFO - Sync 2 DAGs
[2024-01-09T07:40:19.142+0000] {logging_mixin.py:188} INFO - [2024-01-09T07:40:19.142+0000] {dag.py:3820} INFO - Setting next_dagrun for example_subdag_operator.section-1 to None, run_after=None
[2024-01-09T07:40:19.142+0000] {logging_mixin.py:188} INFO - [2024-01-09T07:40:19.142+0000] {dag.py:3820} INFO - Setting next_dagrun for example_subdag_operator.section-2 to None, run_after=None
[2024-01-09T07:40:19.151+0000] {processor.py:183} INFO - Processing /home/airflow/.local/lib/python3.8/site-packages/airflow/example_dags/example_subdag_operator.py took 0.073 seconds
[2024-01-09T07:40:49.268+0000] {processor.py:161} INFO - Started process (PID=674) to work on /home/airflow/.local/lib/python3.8/site-packages/airflow/example_dags/example_subdag_operator.py
[2024-01-09T07:40:49.269+0000] {processor.py:830} INFO - Processing file /home/airflow/.local/lib/python3.8/site-packages/airflow/example_dags/example_subdag_operator.py for tasks to queue
[2024-01-09T07:40:49.271+0000] {logging_mixin.py:188} INFO - [2024-01-09T07:40:49.271+0000] {dagbag.py:538} INFO - Filling up the DagBag from /home/airflow/.local/lib/python3.8/site-packages/airflow/example_dags/example_subdag_operator.py
[2024-01-09T07:40:49.290+0000] {processor.py:840} INFO - DAG(s) 'example_subdag_operator.section-1', 'example_subdag_operator.section-2', 'example_subdag_operator' retrieved from /home/airflow/.local/lib/python3.8/site-packages/airflow/example_dags/example_subdag_operator.py
[2024-01-09T07:40:49.303+0000] {logging_mixin.py:188} INFO - [2024-01-09T07:40:49.303+0000] {dag.py:3033} INFO - Sync 3 DAGs
[2024-01-09T07:40:49.321+0000] {logging_mixin.py:188} INFO - [2024-01-09T07:40:49.321+0000] {dag.py:3820} INFO - Setting next_dagrun for example_subdag_operator to 2022-01-01T00:00:00+00:00, run_after=2022-01-01T00:00:00+00:00
[2024-01-09T07:40:49.324+0000] {logging_mixin.py:188} INFO - [2024-01-09T07:40:49.324+0000] {dag.py:3820} INFO - Setting next_dagrun for example_subdag_operator.section-1 to None, run_after=None
[2024-01-09T07:40:49.325+0000] {logging_mixin.py:188} INFO - [2024-01-09T07:40:49.325+0000] {dag.py:3820} INFO - Setting next_dagrun for example_subdag_operator.section-2 to None, run_after=None
[2024-01-09T07:40:49.331+0000] {logging_mixin.py:188} INFO - [2024-01-09T07:40:49.331+0000] {dag.py:3033} INFO - Sync 2 DAGs
[2024-01-09T07:40:49.335+0000] {logging_mixin.py:188} INFO - [2024-01-09T07:40:49.335+0000] {dag.py:3820} INFO - Setting next_dagrun for example_subdag_operator.section-1 to None, run_after=None
[2024-01-09T07:40:49.336+0000] {logging_mixin.py:188} INFO - [2024-01-09T07:40:49.336+0000] {dag.py:3820} INFO - Setting next_dagrun for example_subdag_operator.section-2 to None, run_after=None
[2024-01-09T07:40:49.343+0000] {processor.py:183} INFO - Processing /home/airflow/.local/lib/python3.8/site-packages/airflow/example_dags/example_subdag_operator.py took 0.079 seconds
[2024-01-09T07:41:20.300+0000] {processor.py:161} INFO - Started process (PID=729) to work on /home/airflow/.local/lib/python3.8/site-packages/airflow/example_dags/example_subdag_operator.py
[2024-01-09T07:41:20.303+0000] {processor.py:830} INFO - Processing file /home/airflow/.local/lib/python3.8/site-packages/airflow/example_dags/example_subdag_operator.py for tasks to queue
[2024-01-09T07:41:20.307+0000] {logging_mixin.py:188} INFO - [2024-01-09T07:41:20.307+0000] {dagbag.py:538} INFO - Filling up the DagBag from /home/airflow/.local/lib/python3.8/site-packages/airflow/example_dags/example_subdag_operator.py
[2024-01-09T07:41:20.344+0000] {processor.py:840} INFO - DAG(s) 'example_subdag_operator.section-1', 'example_subdag_operator.section-2', 'example_subdag_operator' retrieved from /home/airflow/.local/lib/python3.8/site-packages/airflow/example_dags/example_subdag_operator.py
[2024-01-09T07:41:20.378+0000] {logging_mixin.py:188} INFO - [2024-01-09T07:41:20.378+0000] {dag.py:3033} INFO - Sync 3 DAGs
[2024-01-09T07:41:20.420+0000] {logging_mixin.py:188} INFO - [2024-01-09T07:41:20.419+0000] {dag.py:3820} INFO - Setting next_dagrun for example_subdag_operator to 2022-01-01T00:00:00+00:00, run_after=2022-01-01T00:00:00+00:00
[2024-01-09T07:41:20.427+0000] {logging_mixin.py:188} INFO - [2024-01-09T07:41:20.426+0000] {dag.py:3820} INFO - Setting next_dagrun for example_subdag_operator.section-1 to None, run_after=None
[2024-01-09T07:41:20.430+0000] {logging_mixin.py:188} INFO - [2024-01-09T07:41:20.430+0000] {dag.py:3820} INFO - Setting next_dagrun for example_subdag_operator.section-2 to None, run_after=None
[2024-01-09T07:41:20.445+0000] {logging_mixin.py:188} INFO - [2024-01-09T07:41:20.445+0000] {dag.py:3033} INFO - Sync 2 DAGs
[2024-01-09T07:41:20.453+0000] {logging_mixin.py:188} INFO - [2024-01-09T07:41:20.453+0000] {dag.py:3820} INFO - Setting next_dagrun for example_subdag_operator.section-1 to None, run_after=None
[2024-01-09T07:41:20.455+0000] {logging_mixin.py:188} INFO - [2024-01-09T07:41:20.454+0000] {dag.py:3820} INFO - Setting next_dagrun for example_subdag_operator.section-2 to None, run_after=None
[2024-01-09T07:41:20.480+0000] {processor.py:183} INFO - Processing /home/airflow/.local/lib/python3.8/site-packages/airflow/example_dags/example_subdag_operator.py took 0.185 seconds
[2024-01-09T07:41:51.119+0000] {processor.py:161} INFO - Started process (PID=784) to work on /home/airflow/.local/lib/python3.8/site-packages/airflow/example_dags/example_subdag_operator.py
[2024-01-09T07:41:51.120+0000] {processor.py:830} INFO - Processing file /home/airflow/.local/lib/python3.8/site-packages/airflow/example_dags/example_subdag_operator.py for tasks to queue
[2024-01-09T07:41:51.122+0000] {logging_mixin.py:188} INFO - [2024-01-09T07:41:51.122+0000] {dagbag.py:538} INFO - Filling up the DagBag from /home/airflow/.local/lib/python3.8/site-packages/airflow/example_dags/example_subdag_operator.py
[2024-01-09T07:41:51.142+0000] {processor.py:840} INFO - DAG(s) 'example_subdag_operator.section-1', 'example_subdag_operator.section-2', 'example_subdag_operator' retrieved from /home/airflow/.local/lib/python3.8/site-packages/airflow/example_dags/example_subdag_operator.py
[2024-01-09T07:41:51.154+0000] {logging_mixin.py:188} INFO - [2024-01-09T07:41:51.153+0000] {dag.py:3033} INFO - Sync 3 DAGs
[2024-01-09T07:41:51.170+0000] {logging_mixin.py:188} INFO - [2024-01-09T07:41:51.170+0000] {dag.py:3820} INFO - Setting next_dagrun for example_subdag_operator to 2022-01-01T00:00:00+00:00, run_after=2022-01-01T00:00:00+00:00
[2024-01-09T07:41:51.173+0000] {logging_mixin.py:188} INFO - [2024-01-09T07:41:51.173+0000] {dag.py:3820} INFO - Setting next_dagrun for example_subdag_operator.section-1 to None, run_after=None
[2024-01-09T07:41:51.174+0000] {logging_mixin.py:188} INFO - [2024-01-09T07:41:51.174+0000] {dag.py:3820} INFO - Setting next_dagrun for example_subdag_operator.section-2 to None, run_after=None
[2024-01-09T07:41:51.180+0000] {logging_mixin.py:188} INFO - [2024-01-09T07:41:51.180+0000] {dag.py:3033} INFO - Sync 2 DAGs
[2024-01-09T07:41:51.185+0000] {logging_mixin.py:188} INFO - [2024-01-09T07:41:51.185+0000] {dag.py:3820} INFO - Setting next_dagrun for example_subdag_operator.section-1 to None, run_after=None
[2024-01-09T07:41:51.185+0000] {logging_mixin.py:188} INFO - [2024-01-09T07:41:51.185+0000] {dag.py:3820} INFO - Setting next_dagrun for example_subdag_operator.section-2 to None, run_after=None
[2024-01-09T07:41:51.193+0000] {processor.py:183} INFO - Processing /home/airflow/.local/lib/python3.8/site-packages/airflow/example_dags/example_subdag_operator.py took 0.078 seconds
[2024-01-09T07:42:21.646+0000] {processor.py:161} INFO - Started process (PID=839) to work on /home/airflow/.local/lib/python3.8/site-packages/airflow/example_dags/example_subdag_operator.py
[2024-01-09T07:42:21.648+0000] {processor.py:830} INFO - Processing file /home/airflow/.local/lib/python3.8/site-packages/airflow/example_dags/example_subdag_operator.py for tasks to queue
[2024-01-09T07:42:21.652+0000] {logging_mixin.py:188} INFO - [2024-01-09T07:42:21.652+0000] {dagbag.py:538} INFO - Filling up the DagBag from /home/airflow/.local/lib/python3.8/site-packages/airflow/example_dags/example_subdag_operator.py
[2024-01-09T07:42:21.695+0000] {processor.py:840} INFO - DAG(s) 'example_subdag_operator.section-1', 'example_subdag_operator.section-2', 'example_subdag_operator' retrieved from /home/airflow/.local/lib/python3.8/site-packages/airflow/example_dags/example_subdag_operator.py
[2024-01-09T07:42:21.725+0000] {logging_mixin.py:188} INFO - [2024-01-09T07:42:21.724+0000] {dag.py:3033} INFO - Sync 3 DAGs
[2024-01-09T07:42:21.763+0000] {logging_mixin.py:188} INFO - [2024-01-09T07:42:21.763+0000] {dag.py:3820} INFO - Setting next_dagrun for example_subdag_operator to 2022-01-01T00:00:00+00:00, run_after=2022-01-01T00:00:00+00:00
[2024-01-09T07:42:21.769+0000] {logging_mixin.py:188} INFO - [2024-01-09T07:42:21.769+0000] {dag.py:3820} INFO - Setting next_dagrun for example_subdag_operator.section-1 to None, run_after=None
[2024-01-09T07:42:21.772+0000] {logging_mixin.py:188} INFO - [2024-01-09T07:42:21.772+0000] {dag.py:3820} INFO - Setting next_dagrun for example_subdag_operator.section-2 to None, run_after=None
[2024-01-09T07:42:21.785+0000] {logging_mixin.py:188} INFO - [2024-01-09T07:42:21.784+0000] {dag.py:3033} INFO - Sync 2 DAGs
[2024-01-09T07:42:21.794+0000] {logging_mixin.py:188} INFO - [2024-01-09T07:42:21.794+0000] {dag.py:3820} INFO - Setting next_dagrun for example_subdag_operator.section-1 to None, run_after=None
[2024-01-09T07:42:21.795+0000] {logging_mixin.py:188} INFO - [2024-01-09T07:42:21.795+0000] {dag.py:3820} INFO - Setting next_dagrun for example_subdag_operator.section-2 to None, run_after=None
[2024-01-09T07:42:21.813+0000] {processor.py:183} INFO - Processing /home/airflow/.local/lib/python3.8/site-packages/airflow/example_dags/example_subdag_operator.py took 0.173 seconds
[2024-01-09T07:42:52.789+0000] {processor.py:161} INFO - Started process (PID=894) to work on /home/airflow/.local/lib/python3.8/site-packages/airflow/example_dags/example_subdag_operator.py
[2024-01-09T07:42:52.790+0000] {processor.py:830} INFO - Processing file /home/airflow/.local/lib/python3.8/site-packages/airflow/example_dags/example_subdag_operator.py for tasks to queue
[2024-01-09T07:42:52.792+0000] {logging_mixin.py:188} INFO - [2024-01-09T07:42:52.792+0000] {dagbag.py:538} INFO - Filling up the DagBag from /home/airflow/.local/lib/python3.8/site-packages/airflow/example_dags/example_subdag_operator.py
[2024-01-09T07:42:52.820+0000] {processor.py:840} INFO - DAG(s) 'example_subdag_operator.section-1', 'example_subdag_operator.section-2', 'example_subdag_operator' retrieved from /home/airflow/.local/lib/python3.8/site-packages/airflow/example_dags/example_subdag_operator.py
[2024-01-09T07:42:52.835+0000] {logging_mixin.py:188} INFO - [2024-01-09T07:42:52.835+0000] {dag.py:3033} INFO - Sync 3 DAGs
[2024-01-09T07:42:52.856+0000] {logging_mixin.py:188} INFO - [2024-01-09T07:42:52.856+0000] {dag.py:3820} INFO - Setting next_dagrun for example_subdag_operator to 2022-01-01T00:00:00+00:00, run_after=2022-01-01T00:00:00+00:00
[2024-01-09T07:42:52.859+0000] {logging_mixin.py:188} INFO - [2024-01-09T07:42:52.859+0000] {dag.py:3820} INFO - Setting next_dagrun for example_subdag_operator.section-1 to None, run_after=None
[2024-01-09T07:42:52.860+0000] {logging_mixin.py:188} INFO - [2024-01-09T07:42:52.860+0000] {dag.py:3820} INFO - Setting next_dagrun for example_subdag_operator.section-2 to None, run_after=None
[2024-01-09T07:42:52.866+0000] {logging_mixin.py:188} INFO - [2024-01-09T07:42:52.866+0000] {dag.py:3033} INFO - Sync 2 DAGs
[2024-01-09T07:42:52.871+0000] {logging_mixin.py:188} INFO - [2024-01-09T07:42:52.871+0000] {dag.py:3820} INFO - Setting next_dagrun for example_subdag_operator.section-1 to None, run_after=None
[2024-01-09T07:42:52.872+0000] {logging_mixin.py:188} INFO - [2024-01-09T07:42:52.871+0000] {dag.py:3820} INFO - Setting next_dagrun for example_subdag_operator.section-2 to None, run_after=None
[2024-01-09T07:42:52.881+0000] {processor.py:183} INFO - Processing /home/airflow/.local/lib/python3.8/site-packages/airflow/example_dags/example_subdag_operator.py took 0.096 seconds
[2024-01-09T07:43:23.542+0000] {processor.py:161} INFO - Started process (PID=949) to work on /home/airflow/.local/lib/python3.8/site-packages/airflow/example_dags/example_subdag_operator.py
[2024-01-09T07:43:23.543+0000] {processor.py:830} INFO - Processing file /home/airflow/.local/lib/python3.8/site-packages/airflow/example_dags/example_subdag_operator.py for tasks to queue
[2024-01-09T07:43:23.546+0000] {logging_mixin.py:188} INFO - [2024-01-09T07:43:23.545+0000] {dagbag.py:538} INFO - Filling up the DagBag from /home/airflow/.local/lib/python3.8/site-packages/airflow/example_dags/example_subdag_operator.py
[2024-01-09T07:43:23.570+0000] {processor.py:840} INFO - DAG(s) 'example_subdag_operator.section-1', 'example_subdag_operator.section-2', 'example_subdag_operator' retrieved from /home/airflow/.local/lib/python3.8/site-packages/airflow/example_dags/example_subdag_operator.py
[2024-01-09T07:43:23.584+0000] {logging_mixin.py:188} INFO - [2024-01-09T07:43:23.584+0000] {dag.py:3033} INFO - Sync 3 DAGs
[2024-01-09T07:43:23.604+0000] {logging_mixin.py:188} INFO - [2024-01-09T07:43:23.603+0000] {dag.py:3820} INFO - Setting next_dagrun for example_subdag_operator to 2022-01-01T00:00:00+00:00, run_after=2022-01-01T00:00:00+00:00
[2024-01-09T07:43:23.607+0000] {logging_mixin.py:188} INFO - [2024-01-09T07:43:23.607+0000] {dag.py:3820} INFO - Setting next_dagrun for example_subdag_operator.section-1 to None, run_after=None
[2024-01-09T07:43:23.608+0000] {logging_mixin.py:188} INFO - [2024-01-09T07:43:23.608+0000] {dag.py:3820} INFO - Setting next_dagrun for example_subdag_operator.section-2 to None, run_after=None
[2024-01-09T07:43:23.615+0000] {logging_mixin.py:188} INFO - [2024-01-09T07:43:23.615+0000] {dag.py:3033} INFO - Sync 2 DAGs
[2024-01-09T07:43:23.620+0000] {logging_mixin.py:188} INFO - [2024-01-09T07:43:23.620+0000] {dag.py:3820} INFO - Setting next_dagrun for example_subdag_operator.section-1 to None, run_after=None
[2024-01-09T07:43:23.621+0000] {logging_mixin.py:188} INFO - [2024-01-09T07:43:23.621+0000] {dag.py:3820} INFO - Setting next_dagrun for example_subdag_operator.section-2 to None, run_after=None
[2024-01-09T07:43:23.631+0000] {processor.py:183} INFO - Processing /home/airflow/.local/lib/python3.8/site-packages/airflow/example_dags/example_subdag_operator.py took 0.093 seconds
[2024-01-09T07:43:53.714+0000] {processor.py:161} INFO - Started process (PID=1004) to work on /home/airflow/.local/lib/python3.8/site-packages/airflow/example_dags/example_subdag_operator.py
[2024-01-09T07:43:53.716+0000] {processor.py:830} INFO - Processing file /home/airflow/.local/lib/python3.8/site-packages/airflow/example_dags/example_subdag_operator.py for tasks to queue
[2024-01-09T07:43:53.721+0000] {logging_mixin.py:188} INFO - [2024-01-09T07:43:53.720+0000] {dagbag.py:538} INFO - Filling up the DagBag from /home/airflow/.local/lib/python3.8/site-packages/airflow/example_dags/example_subdag_operator.py
[2024-01-09T07:43:53.744+0000] {processor.py:840} INFO - DAG(s) 'example_subdag_operator.section-1', 'example_subdag_operator.section-2', 'example_subdag_operator' retrieved from /home/airflow/.local/lib/python3.8/site-packages/airflow/example_dags/example_subdag_operator.py
[2024-01-09T07:43:53.755+0000] {logging_mixin.py:188} INFO - [2024-01-09T07:43:53.755+0000] {dag.py:3033} INFO - Sync 3 DAGs
[2024-01-09T07:43:53.770+0000] {logging_mixin.py:188} INFO - [2024-01-09T07:43:53.770+0000] {dag.py:3820} INFO - Setting next_dagrun for example_subdag_operator to 2022-01-01T00:00:00+00:00, run_after=2022-01-01T00:00:00+00:00
[2024-01-09T07:43:53.773+0000] {logging_mixin.py:188} INFO - [2024-01-09T07:43:53.773+0000] {dag.py:3820} INFO - Setting next_dagrun for example_subdag_operator.section-1 to None, run_after=None
[2024-01-09T07:43:53.774+0000] {logging_mixin.py:188} INFO - [2024-01-09T07:43:53.774+0000] {dag.py:3820} INFO - Setting next_dagrun for example_subdag_operator.section-2 to None, run_after=None
[2024-01-09T07:43:53.779+0000] {logging_mixin.py:188} INFO - [2024-01-09T07:43:53.779+0000] {dag.py:3033} INFO - Sync 2 DAGs
[2024-01-09T07:43:53.783+0000] {logging_mixin.py:188} INFO - [2024-01-09T07:43:53.783+0000] {dag.py:3820} INFO - Setting next_dagrun for example_subdag_operator.section-1 to None, run_after=None
[2024-01-09T07:43:53.783+0000] {logging_mixin.py:188} INFO - [2024-01-09T07:43:53.783+0000] {dag.py:3820} INFO - Setting next_dagrun for example_subdag_operator.section-2 to None, run_after=None
[2024-01-09T07:43:53.791+0000] {processor.py:183} INFO - Processing /home/airflow/.local/lib/python3.8/site-packages/airflow/example_dags/example_subdag_operator.py took 0.083 seconds
[2024-01-09T07:44:24.421+0000] {processor.py:161} INFO - Started process (PID=1058) to work on /home/airflow/.local/lib/python3.8/site-packages/airflow/example_dags/example_subdag_operator.py
[2024-01-09T07:44:24.422+0000] {processor.py:830} INFO - Processing file /home/airflow/.local/lib/python3.8/site-packages/airflow/example_dags/example_subdag_operator.py for tasks to queue
[2024-01-09T07:44:24.426+0000] {logging_mixin.py:188} INFO - [2024-01-09T07:44:24.426+0000] {dagbag.py:538} INFO - Filling up the DagBag from /home/airflow/.local/lib/python3.8/site-packages/airflow/example_dags/example_subdag_operator.py
[2024-01-09T07:44:24.452+0000] {processor.py:840} INFO - DAG(s) 'example_subdag_operator.section-1', 'example_subdag_operator.section-2', 'example_subdag_operator' retrieved from /home/airflow/.local/lib/python3.8/site-packages/airflow/example_dags/example_subdag_operator.py
[2024-01-09T07:44:24.463+0000] {logging_mixin.py:188} INFO - [2024-01-09T07:44:24.463+0000] {dag.py:3033} INFO - Sync 3 DAGs
[2024-01-09T07:44:24.477+0000] {logging_mixin.py:188} INFO - [2024-01-09T07:44:24.477+0000] {dag.py:3820} INFO - Setting next_dagrun for example_subdag_operator to 2022-01-01T00:00:00+00:00, run_after=2022-01-01T00:00:00+00:00
[2024-01-09T07:44:24.480+0000] {logging_mixin.py:188} INFO - [2024-01-09T07:44:24.480+0000] {dag.py:3820} INFO - Setting next_dagrun for example_subdag_operator.section-1 to None, run_after=None
[2024-01-09T07:44:24.481+0000] {logging_mixin.py:188} INFO - [2024-01-09T07:44:24.481+0000] {dag.py:3820} INFO - Setting next_dagrun for example_subdag_operator.section-2 to None, run_after=None
[2024-01-09T07:44:24.487+0000] {logging_mixin.py:188} INFO - [2024-01-09T07:44:24.487+0000] {dag.py:3033} INFO - Sync 2 DAGs
[2024-01-09T07:44:24.491+0000] {logging_mixin.py:188} INFO - [2024-01-09T07:44:24.491+0000] {dag.py:3820} INFO - Setting next_dagrun for example_subdag_operator.section-1 to None, run_after=None
[2024-01-09T07:44:24.492+0000] {logging_mixin.py:188} INFO - [2024-01-09T07:44:24.492+0000] {dag.py:3820} INFO - Setting next_dagrun for example_subdag_operator.section-2 to None, run_after=None
[2024-01-09T07:44:24.500+0000] {processor.py:183} INFO - Processing /home/airflow/.local/lib/python3.8/site-packages/airflow/example_dags/example_subdag_operator.py took 0.086 seconds
[2024-01-09T07:44:54.648+0000] {processor.py:161} INFO - Started process (PID=1113) to work on /home/airflow/.local/lib/python3.8/site-packages/airflow/example_dags/example_subdag_operator.py
[2024-01-09T07:44:54.649+0000] {processor.py:830} INFO - Processing file /home/airflow/.local/lib/python3.8/site-packages/airflow/example_dags/example_subdag_operator.py for tasks to queue
[2024-01-09T07:44:54.653+0000] {logging_mixin.py:188} INFO - [2024-01-09T07:44:54.652+0000] {dagbag.py:538} INFO - Filling up the DagBag from /home/airflow/.local/lib/python3.8/site-packages/airflow/example_dags/example_subdag_operator.py
[2024-01-09T07:44:54.677+0000] {processor.py:840} INFO - DAG(s) 'example_subdag_operator.section-1', 'example_subdag_operator.section-2', 'example_subdag_operator' retrieved from /home/airflow/.local/lib/python3.8/site-packages/airflow/example_dags/example_subdag_operator.py
[2024-01-09T07:44:54.689+0000] {logging_mixin.py:188} INFO - [2024-01-09T07:44:54.689+0000] {dag.py:3033} INFO - Sync 3 DAGs
[2024-01-09T07:44:54.705+0000] {logging_mixin.py:188} INFO - [2024-01-09T07:44:54.705+0000] {dag.py:3820} INFO - Setting next_dagrun for example_subdag_operator to 2022-01-01T00:00:00+00:00, run_after=2022-01-01T00:00:00+00:00
[2024-01-09T07:44:54.708+0000] {logging_mixin.py:188} INFO - [2024-01-09T07:44:54.708+0000] {dag.py:3820} INFO - Setting next_dagrun for example_subdag_operator.section-1 to None, run_after=None
[2024-01-09T07:44:54.709+0000] {logging_mixin.py:188} INFO - [2024-01-09T07:44:54.709+0000] {dag.py:3820} INFO - Setting next_dagrun for example_subdag_operator.section-2 to None, run_after=None
[2024-01-09T07:44:54.714+0000] {logging_mixin.py:188} INFO - [2024-01-09T07:44:54.713+0000] {dag.py:3033} INFO - Sync 2 DAGs
[2024-01-09T07:44:54.717+0000] {logging_mixin.py:188} INFO - [2024-01-09T07:44:54.717+0000] {dag.py:3820} INFO - Setting next_dagrun for example_subdag_operator.section-1 to None, run_after=None
[2024-01-09T07:44:54.718+0000] {logging_mixin.py:188} INFO - [2024-01-09T07:44:54.718+0000] {dag.py:3820} INFO - Setting next_dagrun for example_subdag_operator.section-2 to None, run_after=None
[2024-01-09T07:44:54.726+0000] {processor.py:183} INFO - Processing /home/airflow/.local/lib/python3.8/site-packages/airflow/example_dags/example_subdag_operator.py took 0.084 seconds
[2024-01-09T07:45:25.223+0000] {processor.py:161} INFO - Started process (PID=1167) to work on /home/airflow/.local/lib/python3.8/site-packages/airflow/example_dags/example_subdag_operator.py
[2024-01-09T07:45:25.224+0000] {processor.py:830} INFO - Processing file /home/airflow/.local/lib/python3.8/site-packages/airflow/example_dags/example_subdag_operator.py for tasks to queue
[2024-01-09T07:45:25.226+0000] {logging_mixin.py:188} INFO - [2024-01-09T07:45:25.226+0000] {dagbag.py:538} INFO - Filling up the DagBag from /home/airflow/.local/lib/python3.8/site-packages/airflow/example_dags/example_subdag_operator.py
[2024-01-09T07:45:25.245+0000] {processor.py:840} INFO - DAG(s) 'example_subdag_operator.section-1', 'example_subdag_operator.section-2', 'example_subdag_operator' retrieved from /home/airflow/.local/lib/python3.8/site-packages/airflow/example_dags/example_subdag_operator.py
[2024-01-09T07:45:25.257+0000] {logging_mixin.py:188} INFO - [2024-01-09T07:45:25.256+0000] {dag.py:3033} INFO - Sync 3 DAGs
[2024-01-09T07:45:25.272+0000] {logging_mixin.py:188} INFO - [2024-01-09T07:45:25.272+0000] {dag.py:3820} INFO - Setting next_dagrun for example_subdag_operator to 2022-01-01T00:00:00+00:00, run_after=2022-01-01T00:00:00+00:00
[2024-01-09T07:45:25.275+0000] {logging_mixin.py:188} INFO - [2024-01-09T07:45:25.274+0000] {dag.py:3820} INFO - Setting next_dagrun for example_subdag_operator.section-1 to None, run_after=None
[2024-01-09T07:45:25.276+0000] {logging_mixin.py:188} INFO - [2024-01-09T07:45:25.276+0000] {dag.py:3820} INFO - Setting next_dagrun for example_subdag_operator.section-2 to None, run_after=None
[2024-01-09T07:45:25.281+0000] {logging_mixin.py:188} INFO - [2024-01-09T07:45:25.281+0000] {dag.py:3033} INFO - Sync 2 DAGs
[2024-01-09T07:45:25.285+0000] {logging_mixin.py:188} INFO - [2024-01-09T07:45:25.285+0000] {dag.py:3820} INFO - Setting next_dagrun for example_subdag_operator.section-1 to None, run_after=None
[2024-01-09T07:45:25.286+0000] {logging_mixin.py:188} INFO - [2024-01-09T07:45:25.286+0000] {dag.py:3820} INFO - Setting next_dagrun for example_subdag_operator.section-2 to None, run_after=None
[2024-01-09T07:45:25.294+0000] {processor.py:183} INFO - Processing /home/airflow/.local/lib/python3.8/site-packages/airflow/example_dags/example_subdag_operator.py took 0.074 seconds
[2024-01-09T07:45:55.454+0000] {processor.py:161} INFO - Started process (PID=1222) to work on /home/airflow/.local/lib/python3.8/site-packages/airflow/example_dags/example_subdag_operator.py
[2024-01-09T07:45:55.457+0000] {processor.py:830} INFO - Processing file /home/airflow/.local/lib/python3.8/site-packages/airflow/example_dags/example_subdag_operator.py for tasks to queue
[2024-01-09T07:45:55.460+0000] {logging_mixin.py:188} INFO - [2024-01-09T07:45:55.460+0000] {dagbag.py:538} INFO - Filling up the DagBag from /home/airflow/.local/lib/python3.8/site-packages/airflow/example_dags/example_subdag_operator.py
[2024-01-09T07:45:55.484+0000] {processor.py:840} INFO - DAG(s) 'example_subdag_operator.section-1', 'example_subdag_operator.section-2', 'example_subdag_operator' retrieved from /home/airflow/.local/lib/python3.8/site-packages/airflow/example_dags/example_subdag_operator.py
[2024-01-09T07:45:55.495+0000] {logging_mixin.py:188} INFO - [2024-01-09T07:45:55.495+0000] {dag.py:3033} INFO - Sync 3 DAGs
[2024-01-09T07:45:55.510+0000] {logging_mixin.py:188} INFO - [2024-01-09T07:45:55.510+0000] {dag.py:3820} INFO - Setting next_dagrun for example_subdag_operator to 2022-01-01T00:00:00+00:00, run_after=2022-01-01T00:00:00+00:00
[2024-01-09T07:45:55.513+0000] {logging_mixin.py:188} INFO - [2024-01-09T07:45:55.513+0000] {dag.py:3820} INFO - Setting next_dagrun for example_subdag_operator.section-1 to None, run_after=None
[2024-01-09T07:45:55.514+0000] {logging_mixin.py:188} INFO - [2024-01-09T07:45:55.514+0000] {dag.py:3820} INFO - Setting next_dagrun for example_subdag_operator.section-2 to None, run_after=None
[2024-01-09T07:45:55.519+0000] {logging_mixin.py:188} INFO - [2024-01-09T07:45:55.519+0000] {dag.py:3033} INFO - Sync 2 DAGs
[2024-01-09T07:45:55.522+0000] {logging_mixin.py:188} INFO - [2024-01-09T07:45:55.522+0000] {dag.py:3820} INFO - Setting next_dagrun for example_subdag_operator.section-1 to None, run_after=None
[2024-01-09T07:45:55.523+0000] {logging_mixin.py:188} INFO - [2024-01-09T07:45:55.523+0000] {dag.py:3820} INFO - Setting next_dagrun for example_subdag_operator.section-2 to None, run_after=None
[2024-01-09T07:45:55.531+0000] {processor.py:183} INFO - Processing /home/airflow/.local/lib/python3.8/site-packages/airflow/example_dags/example_subdag_operator.py took 0.082 seconds
[2024-01-09T07:46:25.883+0000] {processor.py:161} INFO - Started process (PID=1277) to work on /home/airflow/.local/lib/python3.8/site-packages/airflow/example_dags/example_subdag_operator.py
[2024-01-09T07:46:25.885+0000] {processor.py:830} INFO - Processing file /home/airflow/.local/lib/python3.8/site-packages/airflow/example_dags/example_subdag_operator.py for tasks to queue
[2024-01-09T07:46:25.888+0000] {logging_mixin.py:188} INFO - [2024-01-09T07:46:25.888+0000] {dagbag.py:538} INFO - Filling up the DagBag from /home/airflow/.local/lib/python3.8/site-packages/airflow/example_dags/example_subdag_operator.py
[2024-01-09T07:46:25.912+0000] {processor.py:840} INFO - DAG(s) 'example_subdag_operator.section-1', 'example_subdag_operator.section-2', 'example_subdag_operator' retrieved from /home/airflow/.local/lib/python3.8/site-packages/airflow/example_dags/example_subdag_operator.py
[2024-01-09T07:46:25.923+0000] {logging_mixin.py:188} INFO - [2024-01-09T07:46:25.923+0000] {dag.py:3033} INFO - Sync 3 DAGs
[2024-01-09T07:46:25.938+0000] {logging_mixin.py:188} INFO - [2024-01-09T07:46:25.938+0000] {dag.py:3820} INFO - Setting next_dagrun for example_subdag_operator to 2022-01-01T00:00:00+00:00, run_after=2022-01-01T00:00:00+00:00
[2024-01-09T07:46:25.941+0000] {logging_mixin.py:188} INFO - [2024-01-09T07:46:25.941+0000] {dag.py:3820} INFO - Setting next_dagrun for example_subdag_operator.section-1 to None, run_after=None
[2024-01-09T07:46:25.942+0000] {logging_mixin.py:188} INFO - [2024-01-09T07:46:25.942+0000] {dag.py:3820} INFO - Setting next_dagrun for example_subdag_operator.section-2 to None, run_after=None
[2024-01-09T07:46:25.947+0000] {logging_mixin.py:188} INFO - [2024-01-09T07:46:25.947+0000] {dag.py:3033} INFO - Sync 2 DAGs
[2024-01-09T07:46:25.951+0000] {logging_mixin.py:188} INFO - [2024-01-09T07:46:25.951+0000] {dag.py:3820} INFO - Setting next_dagrun for example_subdag_operator.section-1 to None, run_after=None
[2024-01-09T07:46:25.951+0000] {logging_mixin.py:188} INFO - [2024-01-09T07:46:25.951+0000] {dag.py:3820} INFO - Setting next_dagrun for example_subdag_operator.section-2 to None, run_after=None
[2024-01-09T07:46:25.959+0000] {processor.py:183} INFO - Processing /home/airflow/.local/lib/python3.8/site-packages/airflow/example_dags/example_subdag_operator.py took 0.082 seconds
[2024-01-09T07:46:56.199+0000] {processor.py:161} INFO - Started process (PID=1332) to work on /home/airflow/.local/lib/python3.8/site-packages/airflow/example_dags/example_subdag_operator.py
[2024-01-09T07:46:56.200+0000] {processor.py:830} INFO - Processing file /home/airflow/.local/lib/python3.8/site-packages/airflow/example_dags/example_subdag_operator.py for tasks to queue
[2024-01-09T07:46:56.205+0000] {logging_mixin.py:188} INFO - [2024-01-09T07:46:56.205+0000] {dagbag.py:538} INFO - Filling up the DagBag from /home/airflow/.local/lib/python3.8/site-packages/airflow/example_dags/example_subdag_operator.py
[2024-01-09T07:46:56.229+0000] {processor.py:840} INFO - DAG(s) 'example_subdag_operator.section-1', 'example_subdag_operator.section-2', 'example_subdag_operator' retrieved from /home/airflow/.local/lib/python3.8/site-packages/airflow/example_dags/example_subdag_operator.py
[2024-01-09T07:46:56.241+0000] {logging_mixin.py:188} INFO - [2024-01-09T07:46:56.241+0000] {dag.py:3033} INFO - Sync 3 DAGs
[2024-01-09T07:46:56.257+0000] {logging_mixin.py:188} INFO - [2024-01-09T07:46:56.257+0000] {dag.py:3820} INFO - Setting next_dagrun for example_subdag_operator to 2022-01-01T00:00:00+00:00, run_after=2022-01-01T00:00:00+00:00
[2024-01-09T07:46:56.260+0000] {logging_mixin.py:188} INFO - [2024-01-09T07:46:56.259+0000] {dag.py:3820} INFO - Setting next_dagrun for example_subdag_operator.section-1 to None, run_after=None
[2024-01-09T07:46:56.261+0000] {logging_mixin.py:188} INFO - [2024-01-09T07:46:56.260+0000] {dag.py:3820} INFO - Setting next_dagrun for example_subdag_operator.section-2 to None, run_after=None
[2024-01-09T07:46:56.266+0000] {logging_mixin.py:188} INFO - [2024-01-09T07:46:56.266+0000] {dag.py:3033} INFO - Sync 2 DAGs
[2024-01-09T07:46:56.270+0000] {logging_mixin.py:188} INFO - [2024-01-09T07:46:56.269+0000] {dag.py:3820} INFO - Setting next_dagrun for example_subdag_operator.section-1 to None, run_after=None
[2024-01-09T07:46:56.270+0000] {logging_mixin.py:188} INFO - [2024-01-09T07:46:56.270+0000] {dag.py:3820} INFO - Setting next_dagrun for example_subdag_operator.section-2 to None, run_after=None
[2024-01-09T07:46:56.278+0000] {processor.py:183} INFO - Processing /home/airflow/.local/lib/python3.8/site-packages/airflow/example_dags/example_subdag_operator.py took 0.085 seconds
[2024-01-09T07:47:26.444+0000] {processor.py:161} INFO - Started process (PID=1387) to work on /home/airflow/.local/lib/python3.8/site-packages/airflow/example_dags/example_subdag_operator.py
[2024-01-09T07:47:26.447+0000] {processor.py:830} INFO - Processing file /home/airflow/.local/lib/python3.8/site-packages/airflow/example_dags/example_subdag_operator.py for tasks to queue
[2024-01-09T07:47:26.450+0000] {logging_mixin.py:188} INFO - [2024-01-09T07:47:26.450+0000] {dagbag.py:538} INFO - Filling up the DagBag from /home/airflow/.local/lib/python3.8/site-packages/airflow/example_dags/example_subdag_operator.py
[2024-01-09T07:47:26.478+0000] {processor.py:840} INFO - DAG(s) 'example_subdag_operator.section-1', 'example_subdag_operator.section-2', 'example_subdag_operator' retrieved from /home/airflow/.local/lib/python3.8/site-packages/airflow/example_dags/example_subdag_operator.py
[2024-01-09T07:47:26.489+0000] {logging_mixin.py:188} INFO - [2024-01-09T07:47:26.489+0000] {dag.py:3033} INFO - Sync 3 DAGs
[2024-01-09T07:47:26.505+0000] {logging_mixin.py:188} INFO - [2024-01-09T07:47:26.505+0000] {dag.py:3820} INFO - Setting next_dagrun for example_subdag_operator to 2022-01-01T00:00:00+00:00, run_after=2022-01-01T00:00:00+00:00
[2024-01-09T07:47:26.508+0000] {logging_mixin.py:188} INFO - [2024-01-09T07:47:26.508+0000] {dag.py:3820} INFO - Setting next_dagrun for example_subdag_operator.section-1 to None, run_after=None
[2024-01-09T07:47:26.509+0000] {logging_mixin.py:188} INFO - [2024-01-09T07:47:26.509+0000] {dag.py:3820} INFO - Setting next_dagrun for example_subdag_operator.section-2 to None, run_after=None
[2024-01-09T07:47:26.514+0000] {logging_mixin.py:188} INFO - [2024-01-09T07:47:26.514+0000] {dag.py:3033} INFO - Sync 2 DAGs
[2024-01-09T07:47:26.518+0000] {logging_mixin.py:188} INFO - [2024-01-09T07:47:26.518+0000] {dag.py:3820} INFO - Setting next_dagrun for example_subdag_operator.section-1 to None, run_after=None
[2024-01-09T07:47:26.519+0000] {logging_mixin.py:188} INFO - [2024-01-09T07:47:26.519+0000] {dag.py:3820} INFO - Setting next_dagrun for example_subdag_operator.section-2 to None, run_after=None
[2024-01-09T07:47:26.527+0000] {processor.py:183} INFO - Processing /home/airflow/.local/lib/python3.8/site-packages/airflow/example_dags/example_subdag_operator.py took 0.091 seconds
[2024-01-09T07:47:56.686+0000] {processor.py:161} INFO - Started process (PID=1442) to work on /home/airflow/.local/lib/python3.8/site-packages/airflow/example_dags/example_subdag_operator.py
[2024-01-09T07:47:56.688+0000] {processor.py:830} INFO - Processing file /home/airflow/.local/lib/python3.8/site-packages/airflow/example_dags/example_subdag_operator.py for tasks to queue
[2024-01-09T07:47:56.691+0000] {logging_mixin.py:188} INFO - [2024-01-09T07:47:56.691+0000] {dagbag.py:538} INFO - Filling up the DagBag from /home/airflow/.local/lib/python3.8/site-packages/airflow/example_dags/example_subdag_operator.py
[2024-01-09T07:47:56.717+0000] {processor.py:840} INFO - DAG(s) 'example_subdag_operator.section-1', 'example_subdag_operator.section-2', 'example_subdag_operator' retrieved from /home/airflow/.local/lib/python3.8/site-packages/airflow/example_dags/example_subdag_operator.py
[2024-01-09T07:47:56.728+0000] {logging_mixin.py:188} INFO - [2024-01-09T07:47:56.728+0000] {dag.py:3033} INFO - Sync 3 DAGs
[2024-01-09T07:47:56.744+0000] {logging_mixin.py:188} INFO - [2024-01-09T07:47:56.743+0000] {dag.py:3820} INFO - Setting next_dagrun for example_subdag_operator to 2022-01-01T00:00:00+00:00, run_after=2022-01-01T00:00:00+00:00
[2024-01-09T07:47:56.746+0000] {logging_mixin.py:188} INFO - [2024-01-09T07:47:56.746+0000] {dag.py:3820} INFO - Setting next_dagrun for example_subdag_operator.section-1 to None, run_after=None
[2024-01-09T07:47:56.747+0000] {logging_mixin.py:188} INFO - [2024-01-09T07:47:56.747+0000] {dag.py:3820} INFO - Setting next_dagrun for example_subdag_operator.section-2 to None, run_after=None
[2024-01-09T07:47:56.752+0000] {logging_mixin.py:188} INFO - [2024-01-09T07:47:56.752+0000] {dag.py:3033} INFO - Sync 2 DAGs
[2024-01-09T07:47:56.756+0000] {logging_mixin.py:188} INFO - [2024-01-09T07:47:56.756+0000] {dag.py:3820} INFO - Setting next_dagrun for example_subdag_operator.section-1 to None, run_after=None
[2024-01-09T07:47:56.757+0000] {logging_mixin.py:188} INFO - [2024-01-09T07:47:56.757+0000] {dag.py:3820} INFO - Setting next_dagrun for example_subdag_operator.section-2 to None, run_after=None
[2024-01-09T07:47:56.765+0000] {processor.py:183} INFO - Processing /home/airflow/.local/lib/python3.8/site-packages/airflow/example_dags/example_subdag_operator.py took 0.085 seconds
[2024-01-09T07:48:26.998+0000] {processor.py:161} INFO - Started process (PID=1497) to work on /home/airflow/.local/lib/python3.8/site-packages/airflow/example_dags/example_subdag_operator.py
[2024-01-09T07:48:26.999+0000] {processor.py:830} INFO - Processing file /home/airflow/.local/lib/python3.8/site-packages/airflow/example_dags/example_subdag_operator.py for tasks to queue
[2024-01-09T07:48:27.001+0000] {logging_mixin.py:188} INFO - [2024-01-09T07:48:27.001+0000] {dagbag.py:538} INFO - Filling up the DagBag from /home/airflow/.local/lib/python3.8/site-packages/airflow/example_dags/example_subdag_operator.py
[2024-01-09T07:48:27.025+0000] {processor.py:840} INFO - DAG(s) 'example_subdag_operator.section-1', 'example_subdag_operator.section-2', 'example_subdag_operator' retrieved from /home/airflow/.local/lib/python3.8/site-packages/airflow/example_dags/example_subdag_operator.py
[2024-01-09T07:48:27.038+0000] {logging_mixin.py:188} INFO - [2024-01-09T07:48:27.038+0000] {dag.py:3033} INFO - Sync 3 DAGs
[2024-01-09T07:48:27.055+0000] {logging_mixin.py:188} INFO - [2024-01-09T07:48:27.055+0000] {dag.py:3820} INFO - Setting next_dagrun for example_subdag_operator to 2022-01-01T00:00:00+00:00, run_after=2022-01-01T00:00:00+00:00
[2024-01-09T07:48:27.059+0000] {logging_mixin.py:188} INFO - [2024-01-09T07:48:27.059+0000] {dag.py:3820} INFO - Setting next_dagrun for example_subdag_operator.section-1 to None, run_after=None
[2024-01-09T07:48:27.060+0000] {logging_mixin.py:188} INFO - [2024-01-09T07:48:27.060+0000] {dag.py:3820} INFO - Setting next_dagrun for example_subdag_operator.section-2 to None, run_after=None
[2024-01-09T07:48:27.066+0000] {logging_mixin.py:188} INFO - [2024-01-09T07:48:27.066+0000] {dag.py:3033} INFO - Sync 2 DAGs
[2024-01-09T07:48:27.196+0000] {logging_mixin.py:188} INFO - [2024-01-09T07:48:27.196+0000] {dag.py:3820} INFO - Setting next_dagrun for example_subdag_operator.section-1 to None, run_after=None
[2024-01-09T07:48:27.197+0000] {logging_mixin.py:188} INFO - [2024-01-09T07:48:27.197+0000] {dag.py:3820} INFO - Setting next_dagrun for example_subdag_operator.section-2 to None, run_after=None
[2024-01-09T07:48:27.205+0000] {processor.py:183} INFO - Processing /home/airflow/.local/lib/python3.8/site-packages/airflow/example_dags/example_subdag_operator.py took 0.211 seconds
[2024-01-09T07:48:57.713+0000] {processor.py:161} INFO - Started process (PID=1552) to work on /home/airflow/.local/lib/python3.8/site-packages/airflow/example_dags/example_subdag_operator.py
[2024-01-09T07:48:57.715+0000] {processor.py:830} INFO - Processing file /home/airflow/.local/lib/python3.8/site-packages/airflow/example_dags/example_subdag_operator.py for tasks to queue
[2024-01-09T07:48:57.718+0000] {logging_mixin.py:188} INFO - [2024-01-09T07:48:57.718+0000] {dagbag.py:538} INFO - Filling up the DagBag from /home/airflow/.local/lib/python3.8/site-packages/airflow/example_dags/example_subdag_operator.py
[2024-01-09T07:48:57.745+0000] {processor.py:840} INFO - DAG(s) 'example_subdag_operator.section-1', 'example_subdag_operator.section-2', 'example_subdag_operator' retrieved from /home/airflow/.local/lib/python3.8/site-packages/airflow/example_dags/example_subdag_operator.py
[2024-01-09T07:48:57.757+0000] {logging_mixin.py:188} INFO - [2024-01-09T07:48:57.757+0000] {dag.py:3033} INFO - Sync 3 DAGs
[2024-01-09T07:48:57.772+0000] {logging_mixin.py:188} INFO - [2024-01-09T07:48:57.772+0000] {dag.py:3820} INFO - Setting next_dagrun for example_subdag_operator to 2022-01-01T00:00:00+00:00, run_after=2022-01-01T00:00:00+00:00
[2024-01-09T07:48:57.775+0000] {logging_mixin.py:188} INFO - [2024-01-09T07:48:57.775+0000] {dag.py:3820} INFO - Setting next_dagrun for example_subdag_operator.section-1 to None, run_after=None
[2024-01-09T07:48:57.777+0000] {logging_mixin.py:188} INFO - [2024-01-09T07:48:57.776+0000] {dag.py:3820} INFO - Setting next_dagrun for example_subdag_operator.section-2 to None, run_after=None
[2024-01-09T07:48:57.782+0000] {logging_mixin.py:188} INFO - [2024-01-09T07:48:57.782+0000] {dag.py:3033} INFO - Sync 2 DAGs
[2024-01-09T07:48:57.786+0000] {logging_mixin.py:188} INFO - [2024-01-09T07:48:57.786+0000] {dag.py:3820} INFO - Setting next_dagrun for example_subdag_operator.section-1 to None, run_after=None
[2024-01-09T07:48:57.786+0000] {logging_mixin.py:188} INFO - [2024-01-09T07:48:57.786+0000] {dag.py:3820} INFO - Setting next_dagrun for example_subdag_operator.section-2 to None, run_after=None
[2024-01-09T07:48:57.795+0000] {processor.py:183} INFO - Processing /home/airflow/.local/lib/python3.8/site-packages/airflow/example_dags/example_subdag_operator.py took 0.090 seconds
[2024-01-09T07:49:28.258+0000] {processor.py:161} INFO - Started process (PID=1607) to work on /home/airflow/.local/lib/python3.8/site-packages/airflow/example_dags/example_subdag_operator.py
[2024-01-09T07:49:28.262+0000] {processor.py:830} INFO - Processing file /home/airflow/.local/lib/python3.8/site-packages/airflow/example_dags/example_subdag_operator.py for tasks to queue
[2024-01-09T07:49:28.267+0000] {logging_mixin.py:188} INFO - [2024-01-09T07:49:28.266+0000] {dagbag.py:538} INFO - Filling up the DagBag from /home/airflow/.local/lib/python3.8/site-packages/airflow/example_dags/example_subdag_operator.py
[2024-01-09T07:49:28.296+0000] {processor.py:840} INFO - DAG(s) 'example_subdag_operator.section-1', 'example_subdag_operator.section-2', 'example_subdag_operator' retrieved from /home/airflow/.local/lib/python3.8/site-packages/airflow/example_dags/example_subdag_operator.py
[2024-01-09T07:49:28.313+0000] {logging_mixin.py:188} INFO - [2024-01-09T07:49:28.313+0000] {dag.py:3033} INFO - Sync 3 DAGs
[2024-01-09T07:49:28.329+0000] {logging_mixin.py:188} INFO - [2024-01-09T07:49:28.329+0000] {dag.py:3820} INFO - Setting next_dagrun for example_subdag_operator to 2022-01-01T00:00:00+00:00, run_after=2022-01-01T00:00:00+00:00
[2024-01-09T07:49:28.332+0000] {logging_mixin.py:188} INFO - [2024-01-09T07:49:28.332+0000] {dag.py:3820} INFO - Setting next_dagrun for example_subdag_operator.section-1 to None, run_after=None
[2024-01-09T07:49:28.333+0000] {logging_mixin.py:188} INFO - [2024-01-09T07:49:28.333+0000] {dag.py:3820} INFO - Setting next_dagrun for example_subdag_operator.section-2 to None, run_after=None
[2024-01-09T07:49:28.338+0000] {logging_mixin.py:188} INFO - [2024-01-09T07:49:28.338+0000] {dag.py:3033} INFO - Sync 2 DAGs
[2024-01-09T07:49:28.342+0000] {logging_mixin.py:188} INFO - [2024-01-09T07:49:28.342+0000] {dag.py:3820} INFO - Setting next_dagrun for example_subdag_operator.section-1 to None, run_after=None
[2024-01-09T07:49:28.343+0000] {logging_mixin.py:188} INFO - [2024-01-09T07:49:28.343+0000] {dag.py:3820} INFO - Setting next_dagrun for example_subdag_operator.section-2 to None, run_after=None
[2024-01-09T07:49:28.351+0000] {processor.py:183} INFO - Processing /home/airflow/.local/lib/python3.8/site-packages/airflow/example_dags/example_subdag_operator.py took 0.099 seconds
