[2024-01-09T07:35:14.523+0000] {processor.py:161} INFO - Started process (PID=76) to work on /home/airflow/.local/lib/python3.8/site-packages/airflow/example_dags/example_latest_only.py
[2024-01-09T07:35:14.525+0000] {processor.py:830} INFO - Processing file /home/airflow/.local/lib/python3.8/site-packages/airflow/example_dags/example_latest_only.py for tasks to queue
[2024-01-09T07:35:14.528+0000] {logging_mixin.py:188} INFO - [2024-01-09T07:35:14.528+0000] {dagbag.py:538} INFO - Filling up the DagBag from /home/airflow/.local/lib/python3.8/site-packages/airflow/example_dags/example_latest_only.py
[2024-01-09T07:35:14.538+0000] {processor.py:840} INFO - DAG(s) 'latest_only' retrieved from /home/airflow/.local/lib/python3.8/site-packages/airflow/example_dags/example_latest_only.py
[2024-01-09T07:35:14.560+0000] {logging_mixin.py:188} INFO - [2024-01-09T07:35:14.560+0000] {dag.py:3033} INFO - Sync 1 DAGs
[2024-01-09T07:35:14.596+0000] {logging_mixin.py:188} INFO - [2024-01-09T07:35:14.595+0000] {dag.py:3820} INFO - Setting next_dagrun for latest_only to 2024-01-09T00:00:00+00:00, run_after=2024-01-09T04:00:00+00:00
[2024-01-09T07:35:14.626+0000] {processor.py:183} INFO - Processing /home/airflow/.local/lib/python3.8/site-packages/airflow/example_dags/example_latest_only.py took 0.107 seconds
[2024-01-09T07:35:45.283+0000] {processor.py:161} INFO - Started process (PID=131) to work on /home/airflow/.local/lib/python3.8/site-packages/airflow/example_dags/example_latest_only.py
[2024-01-09T07:35:45.284+0000] {processor.py:830} INFO - Processing file /home/airflow/.local/lib/python3.8/site-packages/airflow/example_dags/example_latest_only.py for tasks to queue
[2024-01-09T07:35:45.285+0000] {logging_mixin.py:188} INFO - [2024-01-09T07:35:45.285+0000] {dagbag.py:538} INFO - Filling up the DagBag from /home/airflow/.local/lib/python3.8/site-packages/airflow/example_dags/example_latest_only.py
[2024-01-09T07:35:45.290+0000] {processor.py:840} INFO - DAG(s) 'latest_only' retrieved from /home/airflow/.local/lib/python3.8/site-packages/airflow/example_dags/example_latest_only.py
[2024-01-09T07:35:45.372+0000] {logging_mixin.py:188} INFO - [2024-01-09T07:35:45.372+0000] {dag.py:3033} INFO - Sync 1 DAGs
[2024-01-09T07:35:45.390+0000] {logging_mixin.py:188} INFO - [2024-01-09T07:35:45.389+0000] {dag.py:3820} INFO - Setting next_dagrun for latest_only to 2024-01-09T00:00:00+00:00, run_after=2024-01-09T04:00:00+00:00
[2024-01-09T07:35:45.406+0000] {processor.py:183} INFO - Processing /home/airflow/.local/lib/python3.8/site-packages/airflow/example_dags/example_latest_only.py took 0.127 seconds
[2024-01-09T07:36:15.712+0000] {processor.py:161} INFO - Started process (PID=186) to work on /home/airflow/.local/lib/python3.8/site-packages/airflow/example_dags/example_latest_only.py
[2024-01-09T07:36:15.713+0000] {processor.py:830} INFO - Processing file /home/airflow/.local/lib/python3.8/site-packages/airflow/example_dags/example_latest_only.py for tasks to queue
[2024-01-09T07:36:15.715+0000] {logging_mixin.py:188} INFO - [2024-01-09T07:36:15.714+0000] {dagbag.py:538} INFO - Filling up the DagBag from /home/airflow/.local/lib/python3.8/site-packages/airflow/example_dags/example_latest_only.py
[2024-01-09T07:36:15.718+0000] {processor.py:840} INFO - DAG(s) 'latest_only' retrieved from /home/airflow/.local/lib/python3.8/site-packages/airflow/example_dags/example_latest_only.py
[2024-01-09T07:36:15.734+0000] {logging_mixin.py:188} INFO - [2024-01-09T07:36:15.733+0000] {dag.py:3033} INFO - Sync 1 DAGs
[2024-01-09T07:36:15.749+0000] {logging_mixin.py:188} INFO - [2024-01-09T07:36:15.749+0000] {dag.py:3820} INFO - Setting next_dagrun for latest_only to 2024-01-09T00:00:00+00:00, run_after=2024-01-09T04:00:00+00:00
[2024-01-09T07:36:15.762+0000] {processor.py:183} INFO - Processing /home/airflow/.local/lib/python3.8/site-packages/airflow/example_dags/example_latest_only.py took 0.053 seconds
[2024-01-09T07:36:46.066+0000] {processor.py:161} INFO - Started process (PID=241) to work on /home/airflow/.local/lib/python3.8/site-packages/airflow/example_dags/example_latest_only.py
[2024-01-09T07:36:46.066+0000] {processor.py:830} INFO - Processing file /home/airflow/.local/lib/python3.8/site-packages/airflow/example_dags/example_latest_only.py for tasks to queue
[2024-01-09T07:36:46.069+0000] {logging_mixin.py:188} INFO - [2024-01-09T07:36:46.068+0000] {dagbag.py:538} INFO - Filling up the DagBag from /home/airflow/.local/lib/python3.8/site-packages/airflow/example_dags/example_latest_only.py
[2024-01-09T07:36:46.072+0000] {processor.py:840} INFO - DAG(s) 'latest_only' retrieved from /home/airflow/.local/lib/python3.8/site-packages/airflow/example_dags/example_latest_only.py
[2024-01-09T07:36:46.087+0000] {logging_mixin.py:188} INFO - [2024-01-09T07:36:46.087+0000] {dag.py:3033} INFO - Sync 1 DAGs
[2024-01-09T07:36:46.103+0000] {logging_mixin.py:188} INFO - [2024-01-09T07:36:46.103+0000] {dag.py:3820} INFO - Setting next_dagrun for latest_only to 2024-01-09T00:00:00+00:00, run_after=2024-01-09T04:00:00+00:00
[2024-01-09T07:36:46.116+0000] {processor.py:183} INFO - Processing /home/airflow/.local/lib/python3.8/site-packages/airflow/example_dags/example_latest_only.py took 0.053 seconds
[2024-01-09T07:37:16.431+0000] {processor.py:161} INFO - Started process (PID=296) to work on /home/airflow/.local/lib/python3.8/site-packages/airflow/example_dags/example_latest_only.py
[2024-01-09T07:37:16.432+0000] {processor.py:830} INFO - Processing file /home/airflow/.local/lib/python3.8/site-packages/airflow/example_dags/example_latest_only.py for tasks to queue
[2024-01-09T07:37:16.435+0000] {logging_mixin.py:188} INFO - [2024-01-09T07:37:16.435+0000] {dagbag.py:538} INFO - Filling up the DagBag from /home/airflow/.local/lib/python3.8/site-packages/airflow/example_dags/example_latest_only.py
[2024-01-09T07:37:16.439+0000] {processor.py:840} INFO - DAG(s) 'latest_only' retrieved from /home/airflow/.local/lib/python3.8/site-packages/airflow/example_dags/example_latest_only.py
[2024-01-09T07:37:16.455+0000] {logging_mixin.py:188} INFO - [2024-01-09T07:37:16.455+0000] {dag.py:3033} INFO - Sync 1 DAGs
[2024-01-09T07:37:16.470+0000] {logging_mixin.py:188} INFO - [2024-01-09T07:37:16.470+0000] {dag.py:3820} INFO - Setting next_dagrun for latest_only to 2024-01-09T00:00:00+00:00, run_after=2024-01-09T04:00:00+00:00
[2024-01-09T07:37:16.483+0000] {processor.py:183} INFO - Processing /home/airflow/.local/lib/python3.8/site-packages/airflow/example_dags/example_latest_only.py took 0.055 seconds
[2024-01-09T07:37:46.899+0000] {processor.py:161} INFO - Started process (PID=351) to work on /home/airflow/.local/lib/python3.8/site-packages/airflow/example_dags/example_latest_only.py
[2024-01-09T07:37:46.900+0000] {processor.py:830} INFO - Processing file /home/airflow/.local/lib/python3.8/site-packages/airflow/example_dags/example_latest_only.py for tasks to queue
[2024-01-09T07:37:46.903+0000] {logging_mixin.py:188} INFO - [2024-01-09T07:37:46.902+0000] {dagbag.py:538} INFO - Filling up the DagBag from /home/airflow/.local/lib/python3.8/site-packages/airflow/example_dags/example_latest_only.py
[2024-01-09T07:37:46.908+0000] {processor.py:840} INFO - DAG(s) 'latest_only' retrieved from /home/airflow/.local/lib/python3.8/site-packages/airflow/example_dags/example_latest_only.py
[2024-01-09T07:37:46.929+0000] {logging_mixin.py:188} INFO - [2024-01-09T07:37:46.928+0000] {dag.py:3033} INFO - Sync 1 DAGs
[2024-01-09T07:37:46.947+0000] {logging_mixin.py:188} INFO - [2024-01-09T07:37:46.947+0000] {dag.py:3820} INFO - Setting next_dagrun for latest_only to 2024-01-09T00:00:00+00:00, run_after=2024-01-09T04:00:00+00:00
[2024-01-09T07:37:46.965+0000] {processor.py:183} INFO - Processing /home/airflow/.local/lib/python3.8/site-packages/airflow/example_dags/example_latest_only.py took 0.070 seconds
[2024-01-09T07:38:17.377+0000] {processor.py:161} INFO - Started process (PID=406) to work on /home/airflow/.local/lib/python3.8/site-packages/airflow/example_dags/example_latest_only.py
[2024-01-09T07:38:17.378+0000] {processor.py:830} INFO - Processing file /home/airflow/.local/lib/python3.8/site-packages/airflow/example_dags/example_latest_only.py for tasks to queue
[2024-01-09T07:38:17.380+0000] {logging_mixin.py:188} INFO - [2024-01-09T07:38:17.380+0000] {dagbag.py:538} INFO - Filling up the DagBag from /home/airflow/.local/lib/python3.8/site-packages/airflow/example_dags/example_latest_only.py
[2024-01-09T07:38:17.385+0000] {processor.py:840} INFO - DAG(s) 'latest_only' retrieved from /home/airflow/.local/lib/python3.8/site-packages/airflow/example_dags/example_latest_only.py
[2024-01-09T07:38:17.405+0000] {logging_mixin.py:188} INFO - [2024-01-09T07:38:17.404+0000] {dag.py:3033} INFO - Sync 1 DAGs
[2024-01-09T07:38:17.424+0000] {logging_mixin.py:188} INFO - [2024-01-09T07:38:17.424+0000] {dag.py:3820} INFO - Setting next_dagrun for latest_only to 2024-01-09T00:00:00+00:00, run_after=2024-01-09T04:00:00+00:00
[2024-01-09T07:38:17.442+0000] {processor.py:183} INFO - Processing /home/airflow/.local/lib/python3.8/site-packages/airflow/example_dags/example_latest_only.py took 0.069 seconds
[2024-01-09T07:38:47.808+0000] {processor.py:161} INFO - Started process (PID=461) to work on /home/airflow/.local/lib/python3.8/site-packages/airflow/example_dags/example_latest_only.py
[2024-01-09T07:38:47.809+0000] {processor.py:830} INFO - Processing file /home/airflow/.local/lib/python3.8/site-packages/airflow/example_dags/example_latest_only.py for tasks to queue
[2024-01-09T07:38:47.811+0000] {logging_mixin.py:188} INFO - [2024-01-09T07:38:47.811+0000] {dagbag.py:538} INFO - Filling up the DagBag from /home/airflow/.local/lib/python3.8/site-packages/airflow/example_dags/example_latest_only.py
[2024-01-09T07:38:47.816+0000] {processor.py:840} INFO - DAG(s) 'latest_only' retrieved from /home/airflow/.local/lib/python3.8/site-packages/airflow/example_dags/example_latest_only.py
[2024-01-09T07:38:47.832+0000] {logging_mixin.py:188} INFO - [2024-01-09T07:38:47.832+0000] {dag.py:3033} INFO - Sync 1 DAGs
[2024-01-09T07:38:47.848+0000] {logging_mixin.py:188} INFO - [2024-01-09T07:38:47.848+0000] {dag.py:3820} INFO - Setting next_dagrun for latest_only to 2024-01-09T00:00:00+00:00, run_after=2024-01-09T04:00:00+00:00
[2024-01-09T07:38:47.861+0000] {processor.py:183} INFO - Processing /home/airflow/.local/lib/python3.8/site-packages/airflow/example_dags/example_latest_only.py took 0.056 seconds
[2024-01-09T07:39:18.247+0000] {processor.py:161} INFO - Started process (PID=516) to work on /home/airflow/.local/lib/python3.8/site-packages/airflow/example_dags/example_latest_only.py
[2024-01-09T07:39:18.248+0000] {processor.py:830} INFO - Processing file /home/airflow/.local/lib/python3.8/site-packages/airflow/example_dags/example_latest_only.py for tasks to queue
[2024-01-09T07:39:18.250+0000] {logging_mixin.py:188} INFO - [2024-01-09T07:39:18.250+0000] {dagbag.py:538} INFO - Filling up the DagBag from /home/airflow/.local/lib/python3.8/site-packages/airflow/example_dags/example_latest_only.py
[2024-01-09T07:39:18.255+0000] {processor.py:840} INFO - DAG(s) 'latest_only' retrieved from /home/airflow/.local/lib/python3.8/site-packages/airflow/example_dags/example_latest_only.py
[2024-01-09T07:39:18.274+0000] {logging_mixin.py:188} INFO - [2024-01-09T07:39:18.274+0000] {dag.py:3033} INFO - Sync 1 DAGs
[2024-01-09T07:39:18.292+0000] {logging_mixin.py:188} INFO - [2024-01-09T07:39:18.292+0000] {dag.py:3820} INFO - Setting next_dagrun for latest_only to 2024-01-09T00:00:00+00:00, run_after=2024-01-09T04:00:00+00:00
[2024-01-09T07:39:18.306+0000] {processor.py:183} INFO - Processing /home/airflow/.local/lib/python3.8/site-packages/airflow/example_dags/example_latest_only.py took 0.062 seconds
[2024-01-09T07:39:48.627+0000] {processor.py:161} INFO - Started process (PID=571) to work on /home/airflow/.local/lib/python3.8/site-packages/airflow/example_dags/example_latest_only.py
[2024-01-09T07:39:48.628+0000] {processor.py:830} INFO - Processing file /home/airflow/.local/lib/python3.8/site-packages/airflow/example_dags/example_latest_only.py for tasks to queue
[2024-01-09T07:39:48.631+0000] {logging_mixin.py:188} INFO - [2024-01-09T07:39:48.630+0000] {dagbag.py:538} INFO - Filling up the DagBag from /home/airflow/.local/lib/python3.8/site-packages/airflow/example_dags/example_latest_only.py
[2024-01-09T07:39:48.635+0000] {processor.py:840} INFO - DAG(s) 'latest_only' retrieved from /home/airflow/.local/lib/python3.8/site-packages/airflow/example_dags/example_latest_only.py
[2024-01-09T07:39:48.651+0000] {logging_mixin.py:188} INFO - [2024-01-09T07:39:48.651+0000] {dag.py:3033} INFO - Sync 1 DAGs
[2024-01-09T07:39:48.669+0000] {logging_mixin.py:188} INFO - [2024-01-09T07:39:48.668+0000] {dag.py:3820} INFO - Setting next_dagrun for latest_only to 2024-01-09T00:00:00+00:00, run_after=2024-01-09T04:00:00+00:00
[2024-01-09T07:39:48.682+0000] {processor.py:183} INFO - Processing /home/airflow/.local/lib/python3.8/site-packages/airflow/example_dags/example_latest_only.py took 0.058 seconds
[2024-01-09T07:40:19.381+0000] {processor.py:161} INFO - Started process (PID=626) to work on /home/airflow/.local/lib/python3.8/site-packages/airflow/example_dags/example_latest_only.py
[2024-01-09T07:40:19.382+0000] {processor.py:830} INFO - Processing file /home/airflow/.local/lib/python3.8/site-packages/airflow/example_dags/example_latest_only.py for tasks to queue
[2024-01-09T07:40:19.385+0000] {logging_mixin.py:188} INFO - [2024-01-09T07:40:19.385+0000] {dagbag.py:538} INFO - Filling up the DagBag from /home/airflow/.local/lib/python3.8/site-packages/airflow/example_dags/example_latest_only.py
[2024-01-09T07:40:19.389+0000] {processor.py:840} INFO - DAG(s) 'latest_only' retrieved from /home/airflow/.local/lib/python3.8/site-packages/airflow/example_dags/example_latest_only.py
[2024-01-09T07:40:19.406+0000] {logging_mixin.py:188} INFO - [2024-01-09T07:40:19.406+0000] {dag.py:3033} INFO - Sync 1 DAGs
[2024-01-09T07:40:19.423+0000] {logging_mixin.py:188} INFO - [2024-01-09T07:40:19.423+0000] {dag.py:3820} INFO - Setting next_dagrun for latest_only to 2024-01-09T00:00:00+00:00, run_after=2024-01-09T04:00:00+00:00
[2024-01-09T07:40:19.438+0000] {processor.py:183} INFO - Processing /home/airflow/.local/lib/python3.8/site-packages/airflow/example_dags/example_latest_only.py took 0.059 seconds
[2024-01-09T07:40:49.539+0000] {processor.py:161} INFO - Started process (PID=681) to work on /home/airflow/.local/lib/python3.8/site-packages/airflow/example_dags/example_latest_only.py
[2024-01-09T07:40:49.539+0000] {processor.py:830} INFO - Processing file /home/airflow/.local/lib/python3.8/site-packages/airflow/example_dags/example_latest_only.py for tasks to queue
[2024-01-09T07:40:49.541+0000] {logging_mixin.py:188} INFO - [2024-01-09T07:40:49.541+0000] {dagbag.py:538} INFO - Filling up the DagBag from /home/airflow/.local/lib/python3.8/site-packages/airflow/example_dags/example_latest_only.py
[2024-01-09T07:40:49.546+0000] {processor.py:840} INFO - DAG(s) 'latest_only' retrieved from /home/airflow/.local/lib/python3.8/site-packages/airflow/example_dags/example_latest_only.py
[2024-01-09T07:40:49.562+0000] {logging_mixin.py:188} INFO - [2024-01-09T07:40:49.562+0000] {dag.py:3033} INFO - Sync 1 DAGs
[2024-01-09T07:40:49.580+0000] {logging_mixin.py:188} INFO - [2024-01-09T07:40:49.580+0000] {dag.py:3820} INFO - Setting next_dagrun for latest_only to 2024-01-09T00:00:00+00:00, run_after=2024-01-09T04:00:00+00:00
[2024-01-09T07:40:49.594+0000] {processor.py:183} INFO - Processing /home/airflow/.local/lib/python3.8/site-packages/airflow/example_dags/example_latest_only.py took 0.058 seconds
[2024-01-09T07:41:20.969+0000] {processor.py:161} INFO - Started process (PID=736) to work on /home/airflow/.local/lib/python3.8/site-packages/airflow/example_dags/example_latest_only.py
[2024-01-09T07:41:20.971+0000] {processor.py:830} INFO - Processing file /home/airflow/.local/lib/python3.8/site-packages/airflow/example_dags/example_latest_only.py for tasks to queue
[2024-01-09T07:41:20.974+0000] {logging_mixin.py:188} INFO - [2024-01-09T07:41:20.974+0000] {dagbag.py:538} INFO - Filling up the DagBag from /home/airflow/.local/lib/python3.8/site-packages/airflow/example_dags/example_latest_only.py
[2024-01-09T07:41:20.980+0000] {processor.py:840} INFO - DAG(s) 'latest_only' retrieved from /home/airflow/.local/lib/python3.8/site-packages/airflow/example_dags/example_latest_only.py
[2024-01-09T07:41:21.005+0000] {logging_mixin.py:188} INFO - [2024-01-09T07:41:21.005+0000] {dag.py:3033} INFO - Sync 1 DAGs
[2024-01-09T07:41:21.030+0000] {logging_mixin.py:188} INFO - [2024-01-09T07:41:21.030+0000] {dag.py:3820} INFO - Setting next_dagrun for latest_only to 2024-01-09T00:00:00+00:00, run_after=2024-01-09T04:00:00+00:00
[2024-01-09T07:41:21.052+0000] {processor.py:183} INFO - Processing /home/airflow/.local/lib/python3.8/site-packages/airflow/example_dags/example_latest_only.py took 0.087 seconds
[2024-01-09T07:41:51.439+0000] {processor.py:161} INFO - Started process (PID=791) to work on /home/airflow/.local/lib/python3.8/site-packages/airflow/example_dags/example_latest_only.py
[2024-01-09T07:41:51.440+0000] {processor.py:830} INFO - Processing file /home/airflow/.local/lib/python3.8/site-packages/airflow/example_dags/example_latest_only.py for tasks to queue
[2024-01-09T07:41:51.442+0000] {logging_mixin.py:188} INFO - [2024-01-09T07:41:51.442+0000] {dagbag.py:538} INFO - Filling up the DagBag from /home/airflow/.local/lib/python3.8/site-packages/airflow/example_dags/example_latest_only.py
[2024-01-09T07:41:51.447+0000] {processor.py:840} INFO - DAG(s) 'latest_only' retrieved from /home/airflow/.local/lib/python3.8/site-packages/airflow/example_dags/example_latest_only.py
[2024-01-09T07:41:51.464+0000] {logging_mixin.py:188} INFO - [2024-01-09T07:41:51.464+0000] {dag.py:3033} INFO - Sync 1 DAGs
[2024-01-09T07:41:51.481+0000] {logging_mixin.py:188} INFO - [2024-01-09T07:41:51.481+0000] {dag.py:3820} INFO - Setting next_dagrun for latest_only to 2024-01-09T00:00:00+00:00, run_after=2024-01-09T04:00:00+00:00
[2024-01-09T07:41:51.495+0000] {processor.py:183} INFO - Processing /home/airflow/.local/lib/python3.8/site-packages/airflow/example_dags/example_latest_only.py took 0.059 seconds
[2024-01-09T07:42:22.241+0000] {processor.py:161} INFO - Started process (PID=846) to work on /home/airflow/.local/lib/python3.8/site-packages/airflow/example_dags/example_latest_only.py
[2024-01-09T07:42:22.243+0000] {processor.py:830} INFO - Processing file /home/airflow/.local/lib/python3.8/site-packages/airflow/example_dags/example_latest_only.py for tasks to queue
[2024-01-09T07:42:22.246+0000] {logging_mixin.py:188} INFO - [2024-01-09T07:42:22.245+0000] {dagbag.py:538} INFO - Filling up the DagBag from /home/airflow/.local/lib/python3.8/site-packages/airflow/example_dags/example_latest_only.py
[2024-01-09T07:42:22.251+0000] {processor.py:840} INFO - DAG(s) 'latest_only' retrieved from /home/airflow/.local/lib/python3.8/site-packages/airflow/example_dags/example_latest_only.py
[2024-01-09T07:42:22.272+0000] {logging_mixin.py:188} INFO - [2024-01-09T07:42:22.272+0000] {dag.py:3033} INFO - Sync 1 DAGs
[2024-01-09T07:42:22.294+0000] {logging_mixin.py:188} INFO - [2024-01-09T07:42:22.294+0000] {dag.py:3820} INFO - Setting next_dagrun for latest_only to 2024-01-09T00:00:00+00:00, run_after=2024-01-09T04:00:00+00:00
[2024-01-09T07:42:22.313+0000] {processor.py:183} INFO - Processing /home/airflow/.local/lib/python3.8/site-packages/airflow/example_dags/example_latest_only.py took 0.075 seconds
[2024-01-09T07:42:53.120+0000] {processor.py:161} INFO - Started process (PID=901) to work on /home/airflow/.local/lib/python3.8/site-packages/airflow/example_dags/example_latest_only.py
[2024-01-09T07:42:53.121+0000] {processor.py:830} INFO - Processing file /home/airflow/.local/lib/python3.8/site-packages/airflow/example_dags/example_latest_only.py for tasks to queue
[2024-01-09T07:42:53.123+0000] {logging_mixin.py:188} INFO - [2024-01-09T07:42:53.122+0000] {dagbag.py:538} INFO - Filling up the DagBag from /home/airflow/.local/lib/python3.8/site-packages/airflow/example_dags/example_latest_only.py
[2024-01-09T07:42:53.127+0000] {processor.py:840} INFO - DAG(s) 'latest_only' retrieved from /home/airflow/.local/lib/python3.8/site-packages/airflow/example_dags/example_latest_only.py
[2024-01-09T07:42:53.146+0000] {logging_mixin.py:188} INFO - [2024-01-09T07:42:53.145+0000] {dag.py:3033} INFO - Sync 1 DAGs
[2024-01-09T07:42:53.163+0000] {logging_mixin.py:188} INFO - [2024-01-09T07:42:53.163+0000] {dag.py:3820} INFO - Setting next_dagrun for latest_only to 2024-01-09T00:00:00+00:00, run_after=2024-01-09T04:00:00+00:00
[2024-01-09T07:42:53.178+0000] {processor.py:183} INFO - Processing /home/airflow/.local/lib/python3.8/site-packages/airflow/example_dags/example_latest_only.py took 0.061 seconds
[2024-01-09T07:43:23.945+0000] {processor.py:161} INFO - Started process (PID=956) to work on /home/airflow/.local/lib/python3.8/site-packages/airflow/example_dags/example_latest_only.py
[2024-01-09T07:43:23.946+0000] {processor.py:830} INFO - Processing file /home/airflow/.local/lib/python3.8/site-packages/airflow/example_dags/example_latest_only.py for tasks to queue
[2024-01-09T07:43:23.950+0000] {logging_mixin.py:188} INFO - [2024-01-09T07:43:23.950+0000] {dagbag.py:538} INFO - Filling up the DagBag from /home/airflow/.local/lib/python3.8/site-packages/airflow/example_dags/example_latest_only.py
[2024-01-09T07:43:23.957+0000] {processor.py:840} INFO - DAG(s) 'latest_only' retrieved from /home/airflow/.local/lib/python3.8/site-packages/airflow/example_dags/example_latest_only.py
[2024-01-09T07:43:23.984+0000] {logging_mixin.py:188} INFO - [2024-01-09T07:43:23.983+0000] {dag.py:3033} INFO - Sync 1 DAGs
[2024-01-09T07:43:24.012+0000] {logging_mixin.py:188} INFO - [2024-01-09T07:43:24.012+0000] {dag.py:3820} INFO - Setting next_dagrun for latest_only to 2024-01-09T00:00:00+00:00, run_after=2024-01-09T04:00:00+00:00
[2024-01-09T07:43:24.042+0000] {processor.py:183} INFO - Processing /home/airflow/.local/lib/python3.8/site-packages/airflow/example_dags/example_latest_only.py took 0.101 seconds
[2024-01-09T07:43:54.074+0000] {processor.py:161} INFO - Started process (PID=1011) to work on /home/airflow/.local/lib/python3.8/site-packages/airflow/example_dags/example_latest_only.py
[2024-01-09T07:43:54.075+0000] {processor.py:830} INFO - Processing file /home/airflow/.local/lib/python3.8/site-packages/airflow/example_dags/example_latest_only.py for tasks to queue
[2024-01-09T07:43:54.078+0000] {logging_mixin.py:188} INFO - [2024-01-09T07:43:54.077+0000] {dagbag.py:538} INFO - Filling up the DagBag from /home/airflow/.local/lib/python3.8/site-packages/airflow/example_dags/example_latest_only.py
[2024-01-09T07:43:54.082+0000] {processor.py:840} INFO - DAG(s) 'latest_only' retrieved from /home/airflow/.local/lib/python3.8/site-packages/airflow/example_dags/example_latest_only.py
[2024-01-09T07:43:54.097+0000] {logging_mixin.py:188} INFO - [2024-01-09T07:43:54.097+0000] {dag.py:3033} INFO - Sync 1 DAGs
[2024-01-09T07:43:54.113+0000] {logging_mixin.py:188} INFO - [2024-01-09T07:43:54.112+0000] {dag.py:3820} INFO - Setting next_dagrun for latest_only to 2024-01-09T00:00:00+00:00, run_after=2024-01-09T04:00:00+00:00
[2024-01-09T07:43:54.124+0000] {processor.py:183} INFO - Processing /home/airflow/.local/lib/python3.8/site-packages/airflow/example_dags/example_latest_only.py took 0.053 seconds
[2024-01-09T07:44:24.720+0000] {processor.py:161} INFO - Started process (PID=1065) to work on /home/airflow/.local/lib/python3.8/site-packages/airflow/example_dags/example_latest_only.py
[2024-01-09T07:44:24.721+0000] {processor.py:830} INFO - Processing file /home/airflow/.local/lib/python3.8/site-packages/airflow/example_dags/example_latest_only.py for tasks to queue
[2024-01-09T07:44:24.723+0000] {logging_mixin.py:188} INFO - [2024-01-09T07:44:24.723+0000] {dagbag.py:538} INFO - Filling up the DagBag from /home/airflow/.local/lib/python3.8/site-packages/airflow/example_dags/example_latest_only.py
[2024-01-09T07:44:24.728+0000] {processor.py:840} INFO - DAG(s) 'latest_only' retrieved from /home/airflow/.local/lib/python3.8/site-packages/airflow/example_dags/example_latest_only.py
[2024-01-09T07:44:24.745+0000] {logging_mixin.py:188} INFO - [2024-01-09T07:44:24.745+0000] {dag.py:3033} INFO - Sync 1 DAGs
[2024-01-09T07:44:24.763+0000] {logging_mixin.py:188} INFO - [2024-01-09T07:44:24.763+0000] {dag.py:3820} INFO - Setting next_dagrun for latest_only to 2024-01-09T00:00:00+00:00, run_after=2024-01-09T04:00:00+00:00
[2024-01-09T07:44:24.776+0000] {processor.py:183} INFO - Processing /home/airflow/.local/lib/python3.8/site-packages/airflow/example_dags/example_latest_only.py took 0.059 seconds
[2024-01-09T07:44:54.964+0000] {processor.py:161} INFO - Started process (PID=1120) to work on /home/airflow/.local/lib/python3.8/site-packages/airflow/example_dags/example_latest_only.py
[2024-01-09T07:44:54.965+0000] {processor.py:830} INFO - Processing file /home/airflow/.local/lib/python3.8/site-packages/airflow/example_dags/example_latest_only.py for tasks to queue
[2024-01-09T07:44:54.967+0000] {logging_mixin.py:188} INFO - [2024-01-09T07:44:54.967+0000] {dagbag.py:538} INFO - Filling up the DagBag from /home/airflow/.local/lib/python3.8/site-packages/airflow/example_dags/example_latest_only.py
[2024-01-09T07:44:54.972+0000] {processor.py:840} INFO - DAG(s) 'latest_only' retrieved from /home/airflow/.local/lib/python3.8/site-packages/airflow/example_dags/example_latest_only.py
[2024-01-09T07:44:54.988+0000] {logging_mixin.py:188} INFO - [2024-01-09T07:44:54.988+0000] {dag.py:3033} INFO - Sync 1 DAGs
[2024-01-09T07:44:55.003+0000] {logging_mixin.py:188} INFO - [2024-01-09T07:44:55.003+0000] {dag.py:3820} INFO - Setting next_dagrun for latest_only to 2024-01-09T00:00:00+00:00, run_after=2024-01-09T04:00:00+00:00
[2024-01-09T07:44:55.017+0000] {processor.py:183} INFO - Processing /home/airflow/.local/lib/python3.8/site-packages/airflow/example_dags/example_latest_only.py took 0.055 seconds
[2024-01-09T07:45:25.523+0000] {processor.py:161} INFO - Started process (PID=1174) to work on /home/airflow/.local/lib/python3.8/site-packages/airflow/example_dags/example_latest_only.py
[2024-01-09T07:45:25.524+0000] {processor.py:830} INFO - Processing file /home/airflow/.local/lib/python3.8/site-packages/airflow/example_dags/example_latest_only.py for tasks to queue
[2024-01-09T07:45:25.526+0000] {logging_mixin.py:188} INFO - [2024-01-09T07:45:25.526+0000] {dagbag.py:538} INFO - Filling up the DagBag from /home/airflow/.local/lib/python3.8/site-packages/airflow/example_dags/example_latest_only.py
[2024-01-09T07:45:25.531+0000] {processor.py:840} INFO - DAG(s) 'latest_only' retrieved from /home/airflow/.local/lib/python3.8/site-packages/airflow/example_dags/example_latest_only.py
[2024-01-09T07:45:25.548+0000] {logging_mixin.py:188} INFO - [2024-01-09T07:45:25.548+0000] {dag.py:3033} INFO - Sync 1 DAGs
[2024-01-09T07:45:25.564+0000] {logging_mixin.py:188} INFO - [2024-01-09T07:45:25.564+0000] {dag.py:3820} INFO - Setting next_dagrun for latest_only to 2024-01-09T00:00:00+00:00, run_after=2024-01-09T04:00:00+00:00
[2024-01-09T07:45:25.577+0000] {processor.py:183} INFO - Processing /home/airflow/.local/lib/python3.8/site-packages/airflow/example_dags/example_latest_only.py took 0.057 seconds
[2024-01-09T07:45:55.753+0000] {processor.py:161} INFO - Started process (PID=1229) to work on /home/airflow/.local/lib/python3.8/site-packages/airflow/example_dags/example_latest_only.py
[2024-01-09T07:45:55.754+0000] {processor.py:830} INFO - Processing file /home/airflow/.local/lib/python3.8/site-packages/airflow/example_dags/example_latest_only.py for tasks to queue
[2024-01-09T07:45:55.756+0000] {logging_mixin.py:188} INFO - [2024-01-09T07:45:55.756+0000] {dagbag.py:538} INFO - Filling up the DagBag from /home/airflow/.local/lib/python3.8/site-packages/airflow/example_dags/example_latest_only.py
[2024-01-09T07:45:55.760+0000] {processor.py:840} INFO - DAG(s) 'latest_only' retrieved from /home/airflow/.local/lib/python3.8/site-packages/airflow/example_dags/example_latest_only.py
[2024-01-09T07:45:55.776+0000] {logging_mixin.py:188} INFO - [2024-01-09T07:45:55.776+0000] {dag.py:3033} INFO - Sync 1 DAGs
[2024-01-09T07:45:55.792+0000] {logging_mixin.py:188} INFO - [2024-01-09T07:45:55.792+0000] {dag.py:3820} INFO - Setting next_dagrun for latest_only to 2024-01-09T00:00:00+00:00, run_after=2024-01-09T04:00:00+00:00
[2024-01-09T07:45:55.805+0000] {processor.py:183} INFO - Processing /home/airflow/.local/lib/python3.8/site-packages/airflow/example_dags/example_latest_only.py took 0.055 seconds
[2024-01-09T07:46:26.187+0000] {processor.py:161} INFO - Started process (PID=1284) to work on /home/airflow/.local/lib/python3.8/site-packages/airflow/example_dags/example_latest_only.py
[2024-01-09T07:46:26.188+0000] {processor.py:830} INFO - Processing file /home/airflow/.local/lib/python3.8/site-packages/airflow/example_dags/example_latest_only.py for tasks to queue
[2024-01-09T07:46:26.190+0000] {logging_mixin.py:188} INFO - [2024-01-09T07:46:26.190+0000] {dagbag.py:538} INFO - Filling up the DagBag from /home/airflow/.local/lib/python3.8/site-packages/airflow/example_dags/example_latest_only.py
[2024-01-09T07:46:26.196+0000] {processor.py:840} INFO - DAG(s) 'latest_only' retrieved from /home/airflow/.local/lib/python3.8/site-packages/airflow/example_dags/example_latest_only.py
[2024-01-09T07:46:26.218+0000] {logging_mixin.py:188} INFO - [2024-01-09T07:46:26.218+0000] {dag.py:3033} INFO - Sync 1 DAGs
[2024-01-09T07:46:26.237+0000] {logging_mixin.py:188} INFO - [2024-01-09T07:46:26.237+0000] {dag.py:3820} INFO - Setting next_dagrun for latest_only to 2024-01-09T00:00:00+00:00, run_after=2024-01-09T04:00:00+00:00
[2024-01-09T07:46:26.253+0000] {processor.py:183} INFO - Processing /home/airflow/.local/lib/python3.8/site-packages/airflow/example_dags/example_latest_only.py took 0.069 seconds
[2024-01-09T07:46:56.519+0000] {processor.py:161} INFO - Started process (PID=1339) to work on /home/airflow/.local/lib/python3.8/site-packages/airflow/example_dags/example_latest_only.py
[2024-01-09T07:46:56.520+0000] {processor.py:830} INFO - Processing file /home/airflow/.local/lib/python3.8/site-packages/airflow/example_dags/example_latest_only.py for tasks to queue
[2024-01-09T07:46:56.522+0000] {logging_mixin.py:188} INFO - [2024-01-09T07:46:56.522+0000] {dagbag.py:538} INFO - Filling up the DagBag from /home/airflow/.local/lib/python3.8/site-packages/airflow/example_dags/example_latest_only.py
[2024-01-09T07:46:56.526+0000] {processor.py:840} INFO - DAG(s) 'latest_only' retrieved from /home/airflow/.local/lib/python3.8/site-packages/airflow/example_dags/example_latest_only.py
[2024-01-09T07:46:56.542+0000] {logging_mixin.py:188} INFO - [2024-01-09T07:46:56.542+0000] {dag.py:3033} INFO - Sync 1 DAGs
[2024-01-09T07:46:56.559+0000] {logging_mixin.py:188} INFO - [2024-01-09T07:46:56.559+0000] {dag.py:3820} INFO - Setting next_dagrun for latest_only to 2024-01-09T00:00:00+00:00, run_after=2024-01-09T04:00:00+00:00
[2024-01-09T07:46:56.572+0000] {processor.py:183} INFO - Processing /home/airflow/.local/lib/python3.8/site-packages/airflow/example_dags/example_latest_only.py took 0.056 seconds
[2024-01-09T07:47:26.780+0000] {processor.py:161} INFO - Started process (PID=1394) to work on /home/airflow/.local/lib/python3.8/site-packages/airflow/example_dags/example_latest_only.py
[2024-01-09T07:47:26.782+0000] {processor.py:830} INFO - Processing file /home/airflow/.local/lib/python3.8/site-packages/airflow/example_dags/example_latest_only.py for tasks to queue
[2024-01-09T07:47:26.784+0000] {logging_mixin.py:188} INFO - [2024-01-09T07:47:26.784+0000] {dagbag.py:538} INFO - Filling up the DagBag from /home/airflow/.local/lib/python3.8/site-packages/airflow/example_dags/example_latest_only.py
[2024-01-09T07:47:26.788+0000] {processor.py:840} INFO - DAG(s) 'latest_only' retrieved from /home/airflow/.local/lib/python3.8/site-packages/airflow/example_dags/example_latest_only.py
[2024-01-09T07:47:26.806+0000] {logging_mixin.py:188} INFO - [2024-01-09T07:47:26.806+0000] {dag.py:3033} INFO - Sync 1 DAGs
[2024-01-09T07:47:26.823+0000] {logging_mixin.py:188} INFO - [2024-01-09T07:47:26.823+0000] {dag.py:3820} INFO - Setting next_dagrun for latest_only to 2024-01-09T00:00:00+00:00, run_after=2024-01-09T04:00:00+00:00
[2024-01-09T07:47:26.837+0000] {processor.py:183} INFO - Processing /home/airflow/.local/lib/python3.8/site-packages/airflow/example_dags/example_latest_only.py took 0.059 seconds
[2024-01-09T07:47:56.992+0000] {processor.py:161} INFO - Started process (PID=1449) to work on /home/airflow/.local/lib/python3.8/site-packages/airflow/example_dags/example_latest_only.py
[2024-01-09T07:47:56.993+0000] {processor.py:830} INFO - Processing file /home/airflow/.local/lib/python3.8/site-packages/airflow/example_dags/example_latest_only.py for tasks to queue
[2024-01-09T07:47:56.995+0000] {logging_mixin.py:188} INFO - [2024-01-09T07:47:56.995+0000] {dagbag.py:538} INFO - Filling up the DagBag from /home/airflow/.local/lib/python3.8/site-packages/airflow/example_dags/example_latest_only.py
[2024-01-09T07:47:56.999+0000] {processor.py:840} INFO - DAG(s) 'latest_only' retrieved from /home/airflow/.local/lib/python3.8/site-packages/airflow/example_dags/example_latest_only.py
[2024-01-09T07:47:57.015+0000] {logging_mixin.py:188} INFO - [2024-01-09T07:47:57.014+0000] {dag.py:3033} INFO - Sync 1 DAGs
[2024-01-09T07:47:57.031+0000] {logging_mixin.py:188} INFO - [2024-01-09T07:47:57.031+0000] {dag.py:3820} INFO - Setting next_dagrun for latest_only to 2024-01-09T00:00:00+00:00, run_after=2024-01-09T04:00:00+00:00
[2024-01-09T07:47:57.043+0000] {processor.py:183} INFO - Processing /home/airflow/.local/lib/python3.8/site-packages/airflow/example_dags/example_latest_only.py took 0.054 seconds
[2024-01-09T07:48:27.508+0000] {processor.py:161} INFO - Started process (PID=1504) to work on /home/airflow/.local/lib/python3.8/site-packages/airflow/example_dags/example_latest_only.py
[2024-01-09T07:48:27.510+0000] {processor.py:830} INFO - Processing file /home/airflow/.local/lib/python3.8/site-packages/airflow/example_dags/example_latest_only.py for tasks to queue
[2024-01-09T07:48:27.513+0000] {logging_mixin.py:188} INFO - [2024-01-09T07:48:27.512+0000] {dagbag.py:538} INFO - Filling up the DagBag from /home/airflow/.local/lib/python3.8/site-packages/airflow/example_dags/example_latest_only.py
[2024-01-09T07:48:27.518+0000] {processor.py:840} INFO - DAG(s) 'latest_only' retrieved from /home/airflow/.local/lib/python3.8/site-packages/airflow/example_dags/example_latest_only.py
[2024-01-09T07:48:27.538+0000] {logging_mixin.py:188} INFO - [2024-01-09T07:48:27.538+0000] {dag.py:3033} INFO - Sync 1 DAGs
[2024-01-09T07:48:27.562+0000] {logging_mixin.py:188} INFO - [2024-01-09T07:48:27.561+0000] {dag.py:3820} INFO - Setting next_dagrun for latest_only to 2024-01-09T00:00:00+00:00, run_after=2024-01-09T04:00:00+00:00
[2024-01-09T07:48:27.775+0000] {processor.py:183} INFO - Processing /home/airflow/.local/lib/python3.8/site-packages/airflow/example_dags/example_latest_only.py took 0.271 seconds
[2024-01-09T07:48:58.050+0000] {processor.py:161} INFO - Started process (PID=1560) to work on /home/airflow/.local/lib/python3.8/site-packages/airflow/example_dags/example_latest_only.py
[2024-01-09T07:48:58.050+0000] {processor.py:830} INFO - Processing file /home/airflow/.local/lib/python3.8/site-packages/airflow/example_dags/example_latest_only.py for tasks to queue
[2024-01-09T07:48:58.053+0000] {logging_mixin.py:188} INFO - [2024-01-09T07:48:58.053+0000] {dagbag.py:538} INFO - Filling up the DagBag from /home/airflow/.local/lib/python3.8/site-packages/airflow/example_dags/example_latest_only.py
[2024-01-09T07:48:58.058+0000] {processor.py:840} INFO - DAG(s) 'latest_only' retrieved from /home/airflow/.local/lib/python3.8/site-packages/airflow/example_dags/example_latest_only.py
[2024-01-09T07:48:58.074+0000] {logging_mixin.py:188} INFO - [2024-01-09T07:48:58.074+0000] {dag.py:3033} INFO - Sync 1 DAGs
[2024-01-09T07:48:58.090+0000] {logging_mixin.py:188} INFO - [2024-01-09T07:48:58.090+0000] {dag.py:3820} INFO - Setting next_dagrun for latest_only to 2024-01-09T00:00:00+00:00, run_after=2024-01-09T04:00:00+00:00
[2024-01-09T07:48:58.104+0000] {processor.py:183} INFO - Processing /home/airflow/.local/lib/python3.8/site-packages/airflow/example_dags/example_latest_only.py took 0.058 seconds
[2024-01-09T07:49:28.590+0000] {processor.py:161} INFO - Started process (PID=1620) to work on /home/airflow/.local/lib/python3.8/site-packages/airflow/example_dags/example_latest_only.py
[2024-01-09T07:49:28.592+0000] {processor.py:830} INFO - Processing file /home/airflow/.local/lib/python3.8/site-packages/airflow/example_dags/example_latest_only.py for tasks to queue
[2024-01-09T07:49:28.594+0000] {logging_mixin.py:188} INFO - [2024-01-09T07:49:28.594+0000] {dagbag.py:538} INFO - Filling up the DagBag from /home/airflow/.local/lib/python3.8/site-packages/airflow/example_dags/example_latest_only.py
[2024-01-09T07:49:28.598+0000] {processor.py:840} INFO - DAG(s) 'latest_only' retrieved from /home/airflow/.local/lib/python3.8/site-packages/airflow/example_dags/example_latest_only.py
[2024-01-09T07:49:28.615+0000] {logging_mixin.py:188} INFO - [2024-01-09T07:49:28.615+0000] {dag.py:3033} INFO - Sync 1 DAGs
[2024-01-09T07:49:28.630+0000] {logging_mixin.py:188} INFO - [2024-01-09T07:49:28.630+0000] {dag.py:3820} INFO - Setting next_dagrun for latest_only to 2024-01-09T00:00:00+00:00, run_after=2024-01-09T04:00:00+00:00
[2024-01-09T07:49:28.644+0000] {processor.py:183} INFO - Processing /home/airflow/.local/lib/python3.8/site-packages/airflow/example_dags/example_latest_only.py took 0.057 seconds
