[2024-01-09T07:35:13.606+0000] {processor.py:161} INFO - Started process (PID=62) to work on /home/airflow/.local/lib/python3.8/site-packages/airflow/example_dags/example_python_operator.py
[2024-01-09T07:35:13.608+0000] {processor.py:830} INFO - Processing file /home/airflow/.local/lib/python3.8/site-packages/airflow/example_dags/example_python_operator.py for tasks to queue
[2024-01-09T07:35:13.611+0000] {logging_mixin.py:188} INFO - [2024-01-09T07:35:13.611+0000] {dagbag.py:538} INFO - Filling up the DagBag from /home/airflow/.local/lib/python3.8/site-packages/airflow/example_dags/example_python_operator.py
[2024-01-09T07:35:13.629+0000] {processor.py:840} INFO - DAG(s) 'example_python_operator' retrieved from /home/airflow/.local/lib/python3.8/site-packages/airflow/example_dags/example_python_operator.py
[2024-01-09T07:35:13.647+0000] {logging_mixin.py:188} INFO - [2024-01-09T07:35:13.647+0000] {dag.py:3033} INFO - Sync 1 DAGs
[2024-01-09T07:35:13.669+0000] {logging_mixin.py:188} INFO - [2024-01-09T07:35:13.668+0000] {dag.py:3820} INFO - Setting next_dagrun for example_python_operator to None, run_after=None
[2024-01-09T07:35:13.700+0000] {processor.py:183} INFO - Processing /home/airflow/.local/lib/python3.8/site-packages/airflow/example_dags/example_python_operator.py took 0.098 seconds
[2024-01-09T07:35:44.112+0000] {processor.py:161} INFO - Started process (PID=117) to work on /home/airflow/.local/lib/python3.8/site-packages/airflow/example_dags/example_python_operator.py
[2024-01-09T07:35:44.114+0000] {processor.py:830} INFO - Processing file /home/airflow/.local/lib/python3.8/site-packages/airflow/example_dags/example_python_operator.py for tasks to queue
[2024-01-09T07:35:44.116+0000] {logging_mixin.py:188} INFO - [2024-01-09T07:35:44.116+0000] {dagbag.py:538} INFO - Filling up the DagBag from /home/airflow/.local/lib/python3.8/site-packages/airflow/example_dags/example_python_operator.py
[2024-01-09T07:35:44.128+0000] {processor.py:840} INFO - DAG(s) 'example_python_operator' retrieved from /home/airflow/.local/lib/python3.8/site-packages/airflow/example_dags/example_python_operator.py
[2024-01-09T07:35:44.263+0000] {logging_mixin.py:188} INFO - [2024-01-09T07:35:44.263+0000] {dag.py:3033} INFO - Sync 1 DAGs
[2024-01-09T07:35:44.279+0000] {logging_mixin.py:188} INFO - [2024-01-09T07:35:44.278+0000] {dag.py:3820} INFO - Setting next_dagrun for example_python_operator to None, run_after=None
[2024-01-09T07:35:44.307+0000] {processor.py:183} INFO - Processing /home/airflow/.local/lib/python3.8/site-packages/airflow/example_dags/example_python_operator.py took 0.198 seconds
[2024-01-09T07:36:15.084+0000] {processor.py:161} INFO - Started process (PID=172) to work on /home/airflow/.local/lib/python3.8/site-packages/airflow/example_dags/example_python_operator.py
[2024-01-09T07:36:15.085+0000] {processor.py:830} INFO - Processing file /home/airflow/.local/lib/python3.8/site-packages/airflow/example_dags/example_python_operator.py for tasks to queue
[2024-01-09T07:36:15.087+0000] {logging_mixin.py:188} INFO - [2024-01-09T07:36:15.087+0000] {dagbag.py:538} INFO - Filling up the DagBag from /home/airflow/.local/lib/python3.8/site-packages/airflow/example_dags/example_python_operator.py
[2024-01-09T07:36:15.096+0000] {processor.py:840} INFO - DAG(s) 'example_python_operator' retrieved from /home/airflow/.local/lib/python3.8/site-packages/airflow/example_dags/example_python_operator.py
[2024-01-09T07:36:15.113+0000] {logging_mixin.py:188} INFO - [2024-01-09T07:36:15.112+0000] {dag.py:3033} INFO - Sync 1 DAGs
[2024-01-09T07:36:15.121+0000] {logging_mixin.py:188} INFO - [2024-01-09T07:36:15.121+0000] {dag.py:3820} INFO - Setting next_dagrun for example_python_operator to None, run_after=None
[2024-01-09T07:36:15.134+0000] {processor.py:183} INFO - Processing /home/airflow/.local/lib/python3.8/site-packages/airflow/example_dags/example_python_operator.py took 0.053 seconds
[2024-01-09T07:36:45.413+0000] {processor.py:161} INFO - Started process (PID=227) to work on /home/airflow/.local/lib/python3.8/site-packages/airflow/example_dags/example_python_operator.py
[2024-01-09T07:36:45.414+0000] {processor.py:830} INFO - Processing file /home/airflow/.local/lib/python3.8/site-packages/airflow/example_dags/example_python_operator.py for tasks to queue
[2024-01-09T07:36:45.416+0000] {logging_mixin.py:188} INFO - [2024-01-09T07:36:45.416+0000] {dagbag.py:538} INFO - Filling up the DagBag from /home/airflow/.local/lib/python3.8/site-packages/airflow/example_dags/example_python_operator.py
[2024-01-09T07:36:45.424+0000] {processor.py:840} INFO - DAG(s) 'example_python_operator' retrieved from /home/airflow/.local/lib/python3.8/site-packages/airflow/example_dags/example_python_operator.py
[2024-01-09T07:36:45.441+0000] {logging_mixin.py:188} INFO - [2024-01-09T07:36:45.441+0000] {dag.py:3033} INFO - Sync 1 DAGs
[2024-01-09T07:36:45.450+0000] {logging_mixin.py:188} INFO - [2024-01-09T07:36:45.450+0000] {dag.py:3820} INFO - Setting next_dagrun for example_python_operator to None, run_after=None
[2024-01-09T07:36:45.463+0000] {processor.py:183} INFO - Processing /home/airflow/.local/lib/python3.8/site-packages/airflow/example_dags/example_python_operator.py took 0.053 seconds
[2024-01-09T07:37:15.751+0000] {processor.py:161} INFO - Started process (PID=282) to work on /home/airflow/.local/lib/python3.8/site-packages/airflow/example_dags/example_python_operator.py
[2024-01-09T07:37:15.752+0000] {processor.py:830} INFO - Processing file /home/airflow/.local/lib/python3.8/site-packages/airflow/example_dags/example_python_operator.py for tasks to queue
[2024-01-09T07:37:15.754+0000] {logging_mixin.py:188} INFO - [2024-01-09T07:37:15.754+0000] {dagbag.py:538} INFO - Filling up the DagBag from /home/airflow/.local/lib/python3.8/site-packages/airflow/example_dags/example_python_operator.py
[2024-01-09T07:37:15.763+0000] {processor.py:840} INFO - DAG(s) 'example_python_operator' retrieved from /home/airflow/.local/lib/python3.8/site-packages/airflow/example_dags/example_python_operator.py
[2024-01-09T07:37:15.781+0000] {logging_mixin.py:188} INFO - [2024-01-09T07:37:15.781+0000] {dag.py:3033} INFO - Sync 1 DAGs
[2024-01-09T07:37:15.791+0000] {logging_mixin.py:188} INFO - [2024-01-09T07:37:15.791+0000] {dag.py:3820} INFO - Setting next_dagrun for example_python_operator to None, run_after=None
[2024-01-09T07:37:15.808+0000] {processor.py:183} INFO - Processing /home/airflow/.local/lib/python3.8/site-packages/airflow/example_dags/example_python_operator.py took 0.060 seconds
[2024-01-09T07:37:46.163+0000] {processor.py:161} INFO - Started process (PID=337) to work on /home/airflow/.local/lib/python3.8/site-packages/airflow/example_dags/example_python_operator.py
[2024-01-09T07:37:46.164+0000] {processor.py:830} INFO - Processing file /home/airflow/.local/lib/python3.8/site-packages/airflow/example_dags/example_python_operator.py for tasks to queue
[2024-01-09T07:37:46.166+0000] {logging_mixin.py:188} INFO - [2024-01-09T07:37:46.166+0000] {dagbag.py:538} INFO - Filling up the DagBag from /home/airflow/.local/lib/python3.8/site-packages/airflow/example_dags/example_python_operator.py
[2024-01-09T07:37:46.174+0000] {processor.py:840} INFO - DAG(s) 'example_python_operator' retrieved from /home/airflow/.local/lib/python3.8/site-packages/airflow/example_dags/example_python_operator.py
[2024-01-09T07:37:46.191+0000] {logging_mixin.py:188} INFO - [2024-01-09T07:37:46.191+0000] {dag.py:3033} INFO - Sync 1 DAGs
[2024-01-09T07:37:46.199+0000] {logging_mixin.py:188} INFO - [2024-01-09T07:37:46.199+0000] {dag.py:3820} INFO - Setting next_dagrun for example_python_operator to None, run_after=None
[2024-01-09T07:37:46.212+0000] {processor.py:183} INFO - Processing /home/airflow/.local/lib/python3.8/site-packages/airflow/example_dags/example_python_operator.py took 0.052 seconds
[2024-01-09T07:38:16.810+0000] {processor.py:161} INFO - Started process (PID=392) to work on /home/airflow/.local/lib/python3.8/site-packages/airflow/example_dags/example_python_operator.py
[2024-01-09T07:38:16.811+0000] {processor.py:830} INFO - Processing file /home/airflow/.local/lib/python3.8/site-packages/airflow/example_dags/example_python_operator.py for tasks to queue
[2024-01-09T07:38:16.813+0000] {logging_mixin.py:188} INFO - [2024-01-09T07:38:16.812+0000] {dagbag.py:538} INFO - Filling up the DagBag from /home/airflow/.local/lib/python3.8/site-packages/airflow/example_dags/example_python_operator.py
[2024-01-09T07:38:16.822+0000] {processor.py:840} INFO - DAG(s) 'example_python_operator' retrieved from /home/airflow/.local/lib/python3.8/site-packages/airflow/example_dags/example_python_operator.py
[2024-01-09T07:38:16.840+0000] {logging_mixin.py:188} INFO - [2024-01-09T07:38:16.840+0000] {dag.py:3033} INFO - Sync 1 DAGs
[2024-01-09T07:38:16.849+0000] {logging_mixin.py:188} INFO - [2024-01-09T07:38:16.849+0000] {dag.py:3820} INFO - Setting next_dagrun for example_python_operator to None, run_after=None
[2024-01-09T07:38:16.865+0000] {processor.py:183} INFO - Processing /home/airflow/.local/lib/python3.8/site-packages/airflow/example_dags/example_python_operator.py took 0.059 seconds
[2024-01-09T07:38:47.151+0000] {processor.py:161} INFO - Started process (PID=447) to work on /home/airflow/.local/lib/python3.8/site-packages/airflow/example_dags/example_python_operator.py
[2024-01-09T07:38:47.152+0000] {processor.py:830} INFO - Processing file /home/airflow/.local/lib/python3.8/site-packages/airflow/example_dags/example_python_operator.py for tasks to queue
[2024-01-09T07:38:47.153+0000] {logging_mixin.py:188} INFO - [2024-01-09T07:38:47.153+0000] {dagbag.py:538} INFO - Filling up the DagBag from /home/airflow/.local/lib/python3.8/site-packages/airflow/example_dags/example_python_operator.py
[2024-01-09T07:38:47.162+0000] {processor.py:840} INFO - DAG(s) 'example_python_operator' retrieved from /home/airflow/.local/lib/python3.8/site-packages/airflow/example_dags/example_python_operator.py
[2024-01-09T07:38:47.178+0000] {logging_mixin.py:188} INFO - [2024-01-09T07:38:47.178+0000] {dag.py:3033} INFO - Sync 1 DAGs
[2024-01-09T07:38:47.187+0000] {logging_mixin.py:188} INFO - [2024-01-09T07:38:47.187+0000] {dag.py:3820} INFO - Setting next_dagrun for example_python_operator to None, run_after=None
[2024-01-09T07:38:47.200+0000] {processor.py:183} INFO - Processing /home/airflow/.local/lib/python3.8/site-packages/airflow/example_dags/example_python_operator.py took 0.052 seconds
[2024-01-09T07:39:17.621+0000] {processor.py:161} INFO - Started process (PID=502) to work on /home/airflow/.local/lib/python3.8/site-packages/airflow/example_dags/example_python_operator.py
[2024-01-09T07:39:17.622+0000] {processor.py:830} INFO - Processing file /home/airflow/.local/lib/python3.8/site-packages/airflow/example_dags/example_python_operator.py for tasks to queue
[2024-01-09T07:39:17.624+0000] {logging_mixin.py:188} INFO - [2024-01-09T07:39:17.624+0000] {dagbag.py:538} INFO - Filling up the DagBag from /home/airflow/.local/lib/python3.8/site-packages/airflow/example_dags/example_python_operator.py
[2024-01-09T07:39:17.633+0000] {processor.py:840} INFO - DAG(s) 'example_python_operator' retrieved from /home/airflow/.local/lib/python3.8/site-packages/airflow/example_dags/example_python_operator.py
[2024-01-09T07:39:17.651+0000] {logging_mixin.py:188} INFO - [2024-01-09T07:39:17.650+0000] {dag.py:3033} INFO - Sync 1 DAGs
[2024-01-09T07:39:17.660+0000] {logging_mixin.py:188} INFO - [2024-01-09T07:39:17.660+0000] {dag.py:3820} INFO - Setting next_dagrun for example_python_operator to None, run_after=None
[2024-01-09T07:39:17.674+0000] {processor.py:183} INFO - Processing /home/airflow/.local/lib/python3.8/site-packages/airflow/example_dags/example_python_operator.py took 0.057 seconds
[2024-01-09T07:39:47.960+0000] {processor.py:161} INFO - Started process (PID=557) to work on /home/airflow/.local/lib/python3.8/site-packages/airflow/example_dags/example_python_operator.py
[2024-01-09T07:39:47.961+0000] {processor.py:830} INFO - Processing file /home/airflow/.local/lib/python3.8/site-packages/airflow/example_dags/example_python_operator.py for tasks to queue
[2024-01-09T07:39:47.963+0000] {logging_mixin.py:188} INFO - [2024-01-09T07:39:47.962+0000] {dagbag.py:538} INFO - Filling up the DagBag from /home/airflow/.local/lib/python3.8/site-packages/airflow/example_dags/example_python_operator.py
[2024-01-09T07:39:47.971+0000] {processor.py:840} INFO - DAG(s) 'example_python_operator' retrieved from /home/airflow/.local/lib/python3.8/site-packages/airflow/example_dags/example_python_operator.py
[2024-01-09T07:39:47.989+0000] {logging_mixin.py:188} INFO - [2024-01-09T07:39:47.988+0000] {dag.py:3033} INFO - Sync 1 DAGs
[2024-01-09T07:39:47.998+0000] {logging_mixin.py:188} INFO - [2024-01-09T07:39:47.998+0000] {dag.py:3820} INFO - Setting next_dagrun for example_python_operator to None, run_after=None
[2024-01-09T07:39:48.012+0000] {processor.py:183} INFO - Processing /home/airflow/.local/lib/python3.8/site-packages/airflow/example_dags/example_python_operator.py took 0.055 seconds
[2024-01-09T07:40:18.714+0000] {processor.py:161} INFO - Started process (PID=612) to work on /home/airflow/.local/lib/python3.8/site-packages/airflow/example_dags/example_python_operator.py
[2024-01-09T07:40:18.715+0000] {processor.py:830} INFO - Processing file /home/airflow/.local/lib/python3.8/site-packages/airflow/example_dags/example_python_operator.py for tasks to queue
[2024-01-09T07:40:18.717+0000] {logging_mixin.py:188} INFO - [2024-01-09T07:40:18.717+0000] {dagbag.py:538} INFO - Filling up the DagBag from /home/airflow/.local/lib/python3.8/site-packages/airflow/example_dags/example_python_operator.py
[2024-01-09T07:40:18.726+0000] {processor.py:840} INFO - DAG(s) 'example_python_operator' retrieved from /home/airflow/.local/lib/python3.8/site-packages/airflow/example_dags/example_python_operator.py
[2024-01-09T07:40:18.743+0000] {logging_mixin.py:188} INFO - [2024-01-09T07:40:18.742+0000] {dag.py:3033} INFO - Sync 1 DAGs
[2024-01-09T07:40:18.752+0000] {logging_mixin.py:188} INFO - [2024-01-09T07:40:18.752+0000] {dag.py:3820} INFO - Setting next_dagrun for example_python_operator to None, run_after=None
[2024-01-09T07:40:18.766+0000] {processor.py:183} INFO - Processing /home/airflow/.local/lib/python3.8/site-packages/airflow/example_dags/example_python_operator.py took 0.055 seconds
[2024-01-09T07:40:48.991+0000] {processor.py:161} INFO - Started process (PID=667) to work on /home/airflow/.local/lib/python3.8/site-packages/airflow/example_dags/example_python_operator.py
[2024-01-09T07:40:48.992+0000] {processor.py:830} INFO - Processing file /home/airflow/.local/lib/python3.8/site-packages/airflow/example_dags/example_python_operator.py for tasks to queue
[2024-01-09T07:40:48.994+0000] {logging_mixin.py:188} INFO - [2024-01-09T07:40:48.993+0000] {dagbag.py:538} INFO - Filling up the DagBag from /home/airflow/.local/lib/python3.8/site-packages/airflow/example_dags/example_python_operator.py
[2024-01-09T07:40:49.003+0000] {processor.py:840} INFO - DAG(s) 'example_python_operator' retrieved from /home/airflow/.local/lib/python3.8/site-packages/airflow/example_dags/example_python_operator.py
[2024-01-09T07:40:49.021+0000] {logging_mixin.py:188} INFO - [2024-01-09T07:40:49.020+0000] {dag.py:3033} INFO - Sync 1 DAGs
[2024-01-09T07:40:49.030+0000] {logging_mixin.py:188} INFO - [2024-01-09T07:40:49.029+0000] {dag.py:3820} INFO - Setting next_dagrun for example_python_operator to None, run_after=None
[2024-01-09T07:40:49.045+0000] {processor.py:183} INFO - Processing /home/airflow/.local/lib/python3.8/site-packages/airflow/example_dags/example_python_operator.py took 0.057 seconds
[2024-01-09T07:41:19.781+0000] {processor.py:161} INFO - Started process (PID=722) to work on /home/airflow/.local/lib/python3.8/site-packages/airflow/example_dags/example_python_operator.py
[2024-01-09T07:41:19.783+0000] {processor.py:830} INFO - Processing file /home/airflow/.local/lib/python3.8/site-packages/airflow/example_dags/example_python_operator.py for tasks to queue
[2024-01-09T07:41:19.786+0000] {logging_mixin.py:188} INFO - [2024-01-09T07:41:19.786+0000] {dagbag.py:538} INFO - Filling up the DagBag from /home/airflow/.local/lib/python3.8/site-packages/airflow/example_dags/example_python_operator.py
[2024-01-09T07:41:19.802+0000] {processor.py:840} INFO - DAG(s) 'example_python_operator' retrieved from /home/airflow/.local/lib/python3.8/site-packages/airflow/example_dags/example_python_operator.py
[2024-01-09T07:41:19.834+0000] {logging_mixin.py:188} INFO - [2024-01-09T07:41:19.833+0000] {dag.py:3033} INFO - Sync 1 DAGs
[2024-01-09T07:41:19.851+0000] {logging_mixin.py:188} INFO - [2024-01-09T07:41:19.850+0000] {dag.py:3820} INFO - Setting next_dagrun for example_python_operator to None, run_after=None
[2024-01-09T07:41:19.875+0000] {processor.py:183} INFO - Processing /home/airflow/.local/lib/python3.8/site-packages/airflow/example_dags/example_python_operator.py took 0.098 seconds
[2024-01-09T07:41:50.791+0000] {processor.py:161} INFO - Started process (PID=777) to work on /home/airflow/.local/lib/python3.8/site-packages/airflow/example_dags/example_python_operator.py
[2024-01-09T07:41:50.792+0000] {processor.py:830} INFO - Processing file /home/airflow/.local/lib/python3.8/site-packages/airflow/example_dags/example_python_operator.py for tasks to queue
[2024-01-09T07:41:50.794+0000] {logging_mixin.py:188} INFO - [2024-01-09T07:41:50.794+0000] {dagbag.py:538} INFO - Filling up the DagBag from /home/airflow/.local/lib/python3.8/site-packages/airflow/example_dags/example_python_operator.py
[2024-01-09T07:41:50.803+0000] {processor.py:840} INFO - DAG(s) 'example_python_operator' retrieved from /home/airflow/.local/lib/python3.8/site-packages/airflow/example_dags/example_python_operator.py
[2024-01-09T07:41:50.820+0000] {logging_mixin.py:188} INFO - [2024-01-09T07:41:50.820+0000] {dag.py:3033} INFO - Sync 1 DAGs
[2024-01-09T07:41:50.829+0000] {logging_mixin.py:188} INFO - [2024-01-09T07:41:50.829+0000] {dag.py:3820} INFO - Setting next_dagrun for example_python_operator to None, run_after=None
[2024-01-09T07:41:50.843+0000] {processor.py:183} INFO - Processing /home/airflow/.local/lib/python3.8/site-packages/airflow/example_dags/example_python_operator.py took 0.055 seconds
[2024-01-09T07:42:21.262+0000] {processor.py:161} INFO - Started process (PID=832) to work on /home/airflow/.local/lib/python3.8/site-packages/airflow/example_dags/example_python_operator.py
[2024-01-09T07:42:21.263+0000] {processor.py:830} INFO - Processing file /home/airflow/.local/lib/python3.8/site-packages/airflow/example_dags/example_python_operator.py for tasks to queue
[2024-01-09T07:42:21.266+0000] {logging_mixin.py:188} INFO - [2024-01-09T07:42:21.265+0000] {dagbag.py:538} INFO - Filling up the DagBag from /home/airflow/.local/lib/python3.8/site-packages/airflow/example_dags/example_python_operator.py
[2024-01-09T07:42:21.275+0000] {processor.py:840} INFO - DAG(s) 'example_python_operator' retrieved from /home/airflow/.local/lib/python3.8/site-packages/airflow/example_dags/example_python_operator.py
[2024-01-09T07:42:21.294+0000] {logging_mixin.py:188} INFO - [2024-01-09T07:42:21.294+0000] {dag.py:3033} INFO - Sync 1 DAGs
[2024-01-09T07:42:21.305+0000] {logging_mixin.py:188} INFO - [2024-01-09T07:42:21.305+0000] {dag.py:3820} INFO - Setting next_dagrun for example_python_operator to None, run_after=None
[2024-01-09T07:42:21.321+0000] {processor.py:183} INFO - Processing /home/airflow/.local/lib/python3.8/site-packages/airflow/example_dags/example_python_operator.py took 0.062 seconds
[2024-01-09T07:42:51.468+0000] {processor.py:161} INFO - Started process (PID=887) to work on /home/airflow/.local/lib/python3.8/site-packages/airflow/example_dags/example_python_operator.py
[2024-01-09T07:42:51.469+0000] {processor.py:830} INFO - Processing file /home/airflow/.local/lib/python3.8/site-packages/airflow/example_dags/example_python_operator.py for tasks to queue
[2024-01-09T07:42:51.471+0000] {logging_mixin.py:188} INFO - [2024-01-09T07:42:51.471+0000] {dagbag.py:538} INFO - Filling up the DagBag from /home/airflow/.local/lib/python3.8/site-packages/airflow/example_dags/example_python_operator.py
[2024-01-09T07:42:51.480+0000] {processor.py:840} INFO - DAG(s) 'example_python_operator' retrieved from /home/airflow/.local/lib/python3.8/site-packages/airflow/example_dags/example_python_operator.py
[2024-01-09T07:42:51.499+0000] {logging_mixin.py:188} INFO - [2024-01-09T07:42:51.498+0000] {dag.py:3033} INFO - Sync 1 DAGs
[2024-01-09T07:42:51.509+0000] {logging_mixin.py:188} INFO - [2024-01-09T07:42:51.509+0000] {dag.py:3820} INFO - Setting next_dagrun for example_python_operator to None, run_after=None
[2024-01-09T07:42:51.524+0000] {processor.py:183} INFO - Processing /home/airflow/.local/lib/python3.8/site-packages/airflow/example_dags/example_python_operator.py took 0.059 seconds
[2024-01-09T07:43:22.237+0000] {processor.py:161} INFO - Started process (PID=942) to work on /home/airflow/.local/lib/python3.8/site-packages/airflow/example_dags/example_python_operator.py
[2024-01-09T07:43:22.238+0000] {processor.py:830} INFO - Processing file /home/airflow/.local/lib/python3.8/site-packages/airflow/example_dags/example_python_operator.py for tasks to queue
[2024-01-09T07:43:22.240+0000] {logging_mixin.py:188} INFO - [2024-01-09T07:43:22.240+0000] {dagbag.py:538} INFO - Filling up the DagBag from /home/airflow/.local/lib/python3.8/site-packages/airflow/example_dags/example_python_operator.py
[2024-01-09T07:43:22.248+0000] {processor.py:840} INFO - DAG(s) 'example_python_operator' retrieved from /home/airflow/.local/lib/python3.8/site-packages/airflow/example_dags/example_python_operator.py
[2024-01-09T07:43:22.266+0000] {logging_mixin.py:188} INFO - [2024-01-09T07:43:22.266+0000] {dag.py:3033} INFO - Sync 1 DAGs
[2024-01-09T07:43:22.276+0000] {logging_mixin.py:188} INFO - [2024-01-09T07:43:22.275+0000] {dag.py:3820} INFO - Setting next_dagrun for example_python_operator to None, run_after=None
[2024-01-09T07:43:22.290+0000] {processor.py:183} INFO - Processing /home/airflow/.local/lib/python3.8/site-packages/airflow/example_dags/example_python_operator.py took 0.055 seconds
[2024-01-09T07:43:52.327+0000] {processor.py:161} INFO - Started process (PID=997) to work on /home/airflow/.local/lib/python3.8/site-packages/airflow/example_dags/example_python_operator.py
[2024-01-09T07:43:52.328+0000] {processor.py:830} INFO - Processing file /home/airflow/.local/lib/python3.8/site-packages/airflow/example_dags/example_python_operator.py for tasks to queue
[2024-01-09T07:43:52.330+0000] {logging_mixin.py:188} INFO - [2024-01-09T07:43:52.330+0000] {dagbag.py:538} INFO - Filling up the DagBag from /home/airflow/.local/lib/python3.8/site-packages/airflow/example_dags/example_python_operator.py
[2024-01-09T07:43:52.339+0000] {processor.py:840} INFO - DAG(s) 'example_python_operator' retrieved from /home/airflow/.local/lib/python3.8/site-packages/airflow/example_dags/example_python_operator.py
[2024-01-09T07:43:52.356+0000] {logging_mixin.py:188} INFO - [2024-01-09T07:43:52.356+0000] {dag.py:3033} INFO - Sync 1 DAGs
[2024-01-09T07:43:52.365+0000] {logging_mixin.py:188} INFO - [2024-01-09T07:43:52.365+0000] {dag.py:3820} INFO - Setting next_dagrun for example_python_operator to None, run_after=None
[2024-01-09T07:43:52.378+0000] {processor.py:183} INFO - Processing /home/airflow/.local/lib/python3.8/site-packages/airflow/example_dags/example_python_operator.py took 0.054 seconds
[2024-01-09T07:44:23.129+0000] {processor.py:161} INFO - Started process (PID=1051) to work on /home/airflow/.local/lib/python3.8/site-packages/airflow/example_dags/example_python_operator.py
[2024-01-09T07:44:23.130+0000] {processor.py:830} INFO - Processing file /home/airflow/.local/lib/python3.8/site-packages/airflow/example_dags/example_python_operator.py for tasks to queue
[2024-01-09T07:44:23.133+0000] {logging_mixin.py:188} INFO - [2024-01-09T07:44:23.132+0000] {dagbag.py:538} INFO - Filling up the DagBag from /home/airflow/.local/lib/python3.8/site-packages/airflow/example_dags/example_python_operator.py
[2024-01-09T07:44:23.143+0000] {processor.py:840} INFO - DAG(s) 'example_python_operator' retrieved from /home/airflow/.local/lib/python3.8/site-packages/airflow/example_dags/example_python_operator.py
[2024-01-09T07:44:23.163+0000] {logging_mixin.py:188} INFO - [2024-01-09T07:44:23.163+0000] {dag.py:3033} INFO - Sync 1 DAGs
[2024-01-09T07:44:23.175+0000] {logging_mixin.py:188} INFO - [2024-01-09T07:44:23.175+0000] {dag.py:3820} INFO - Setting next_dagrun for example_python_operator to None, run_after=None
[2024-01-09T07:44:23.195+0000] {processor.py:183} INFO - Processing /home/airflow/.local/lib/python3.8/site-packages/airflow/example_dags/example_python_operator.py took 0.069 seconds
[2024-01-09T07:44:53.379+0000] {processor.py:161} INFO - Started process (PID=1106) to work on /home/airflow/.local/lib/python3.8/site-packages/airflow/example_dags/example_python_operator.py
[2024-01-09T07:44:53.380+0000] {processor.py:830} INFO - Processing file /home/airflow/.local/lib/python3.8/site-packages/airflow/example_dags/example_python_operator.py for tasks to queue
[2024-01-09T07:44:53.382+0000] {logging_mixin.py:188} INFO - [2024-01-09T07:44:53.382+0000] {dagbag.py:538} INFO - Filling up the DagBag from /home/airflow/.local/lib/python3.8/site-packages/airflow/example_dags/example_python_operator.py
[2024-01-09T07:44:53.390+0000] {processor.py:840} INFO - DAG(s) 'example_python_operator' retrieved from /home/airflow/.local/lib/python3.8/site-packages/airflow/example_dags/example_python_operator.py
[2024-01-09T07:44:53.408+0000] {logging_mixin.py:188} INFO - [2024-01-09T07:44:53.407+0000] {dag.py:3033} INFO - Sync 1 DAGs
[2024-01-09T07:44:53.417+0000] {logging_mixin.py:188} INFO - [2024-01-09T07:44:53.417+0000] {dag.py:3820} INFO - Setting next_dagrun for example_python_operator to None, run_after=None
[2024-01-09T07:44:53.430+0000] {processor.py:183} INFO - Processing /home/airflow/.local/lib/python3.8/site-packages/airflow/example_dags/example_python_operator.py took 0.054 seconds
[2024-01-09T07:45:23.917+0000] {processor.py:161} INFO - Started process (PID=1160) to work on /home/airflow/.local/lib/python3.8/site-packages/airflow/example_dags/example_python_operator.py
[2024-01-09T07:45:23.918+0000] {processor.py:830} INFO - Processing file /home/airflow/.local/lib/python3.8/site-packages/airflow/example_dags/example_python_operator.py for tasks to queue
[2024-01-09T07:45:23.920+0000] {logging_mixin.py:188} INFO - [2024-01-09T07:45:23.920+0000] {dagbag.py:538} INFO - Filling up the DagBag from /home/airflow/.local/lib/python3.8/site-packages/airflow/example_dags/example_python_operator.py
[2024-01-09T07:45:23.932+0000] {processor.py:840} INFO - DAG(s) 'example_python_operator' retrieved from /home/airflow/.local/lib/python3.8/site-packages/airflow/example_dags/example_python_operator.py
[2024-01-09T07:45:23.951+0000] {logging_mixin.py:188} INFO - [2024-01-09T07:45:23.951+0000] {dag.py:3033} INFO - Sync 1 DAGs
[2024-01-09T07:45:23.962+0000] {logging_mixin.py:188} INFO - [2024-01-09T07:45:23.961+0000] {dag.py:3820} INFO - Setting next_dagrun for example_python_operator to None, run_after=None
[2024-01-09T07:45:23.976+0000] {processor.py:183} INFO - Processing /home/airflow/.local/lib/python3.8/site-packages/airflow/example_dags/example_python_operator.py took 0.063 seconds
[2024-01-09T07:45:54.141+0000] {processor.py:161} INFO - Started process (PID=1215) to work on /home/airflow/.local/lib/python3.8/site-packages/airflow/example_dags/example_python_operator.py
[2024-01-09T07:45:54.142+0000] {processor.py:830} INFO - Processing file /home/airflow/.local/lib/python3.8/site-packages/airflow/example_dags/example_python_operator.py for tasks to queue
[2024-01-09T07:45:54.144+0000] {logging_mixin.py:188} INFO - [2024-01-09T07:45:54.144+0000] {dagbag.py:538} INFO - Filling up the DagBag from /home/airflow/.local/lib/python3.8/site-packages/airflow/example_dags/example_python_operator.py
[2024-01-09T07:45:54.152+0000] {processor.py:840} INFO - DAG(s) 'example_python_operator' retrieved from /home/airflow/.local/lib/python3.8/site-packages/airflow/example_dags/example_python_operator.py
[2024-01-09T07:45:54.169+0000] {logging_mixin.py:188} INFO - [2024-01-09T07:45:54.169+0000] {dag.py:3033} INFO - Sync 1 DAGs
[2024-01-09T07:45:54.178+0000] {logging_mixin.py:188} INFO - [2024-01-09T07:45:54.178+0000] {dag.py:3820} INFO - Setting next_dagrun for example_python_operator to None, run_after=None
[2024-01-09T07:45:54.190+0000] {processor.py:183} INFO - Processing /home/airflow/.local/lib/python3.8/site-packages/airflow/example_dags/example_python_operator.py took 0.052 seconds
[2024-01-09T07:46:24.581+0000] {processor.py:161} INFO - Started process (PID=1270) to work on /home/airflow/.local/lib/python3.8/site-packages/airflow/example_dags/example_python_operator.py
[2024-01-09T07:46:24.582+0000] {processor.py:830} INFO - Processing file /home/airflow/.local/lib/python3.8/site-packages/airflow/example_dags/example_python_operator.py for tasks to queue
[2024-01-09T07:46:24.585+0000] {logging_mixin.py:188} INFO - [2024-01-09T07:46:24.584+0000] {dagbag.py:538} INFO - Filling up the DagBag from /home/airflow/.local/lib/python3.8/site-packages/airflow/example_dags/example_python_operator.py
[2024-01-09T07:46:24.596+0000] {processor.py:840} INFO - DAG(s) 'example_python_operator' retrieved from /home/airflow/.local/lib/python3.8/site-packages/airflow/example_dags/example_python_operator.py
[2024-01-09T07:46:24.617+0000] {logging_mixin.py:188} INFO - [2024-01-09T07:46:24.616+0000] {dag.py:3033} INFO - Sync 1 DAGs
[2024-01-09T07:46:24.629+0000] {logging_mixin.py:188} INFO - [2024-01-09T07:46:24.629+0000] {dag.py:3820} INFO - Setting next_dagrun for example_python_operator to None, run_after=None
[2024-01-09T07:46:24.645+0000] {processor.py:183} INFO - Processing /home/airflow/.local/lib/python3.8/site-packages/airflow/example_dags/example_python_operator.py took 0.067 seconds
[2024-01-09T07:46:54.879+0000] {processor.py:161} INFO - Started process (PID=1325) to work on /home/airflow/.local/lib/python3.8/site-packages/airflow/example_dags/example_python_operator.py
[2024-01-09T07:46:54.880+0000] {processor.py:830} INFO - Processing file /home/airflow/.local/lib/python3.8/site-packages/airflow/example_dags/example_python_operator.py for tasks to queue
[2024-01-09T07:46:54.882+0000] {logging_mixin.py:188} INFO - [2024-01-09T07:46:54.882+0000] {dagbag.py:538} INFO - Filling up the DagBag from /home/airflow/.local/lib/python3.8/site-packages/airflow/example_dags/example_python_operator.py
[2024-01-09T07:46:54.891+0000] {processor.py:840} INFO - DAG(s) 'example_python_operator' retrieved from /home/airflow/.local/lib/python3.8/site-packages/airflow/example_dags/example_python_operator.py
[2024-01-09T07:46:54.909+0000] {logging_mixin.py:188} INFO - [2024-01-09T07:46:54.909+0000] {dag.py:3033} INFO - Sync 1 DAGs
[2024-01-09T07:46:54.918+0000] {logging_mixin.py:188} INFO - [2024-01-09T07:46:54.918+0000] {dag.py:3820} INFO - Setting next_dagrun for example_python_operator to None, run_after=None
[2024-01-09T07:46:54.932+0000] {processor.py:183} INFO - Processing /home/airflow/.local/lib/python3.8/site-packages/airflow/example_dags/example_python_operator.py took 0.055 seconds
[2024-01-09T07:47:25.150+0000] {processor.py:161} INFO - Started process (PID=1380) to work on /home/airflow/.local/lib/python3.8/site-packages/airflow/example_dags/example_python_operator.py
[2024-01-09T07:47:25.151+0000] {processor.py:830} INFO - Processing file /home/airflow/.local/lib/python3.8/site-packages/airflow/example_dags/example_python_operator.py for tasks to queue
[2024-01-09T07:47:25.153+0000] {logging_mixin.py:188} INFO - [2024-01-09T07:47:25.153+0000] {dagbag.py:538} INFO - Filling up the DagBag from /home/airflow/.local/lib/python3.8/site-packages/airflow/example_dags/example_python_operator.py
[2024-01-09T07:47:25.162+0000] {processor.py:840} INFO - DAG(s) 'example_python_operator' retrieved from /home/airflow/.local/lib/python3.8/site-packages/airflow/example_dags/example_python_operator.py
[2024-01-09T07:47:25.180+0000] {logging_mixin.py:188} INFO - [2024-01-09T07:47:25.179+0000] {dag.py:3033} INFO - Sync 1 DAGs
[2024-01-09T07:47:25.189+0000] {logging_mixin.py:188} INFO - [2024-01-09T07:47:25.189+0000] {dag.py:3820} INFO - Setting next_dagrun for example_python_operator to None, run_after=None
[2024-01-09T07:47:25.205+0000] {processor.py:183} INFO - Processing /home/airflow/.local/lib/python3.8/site-packages/airflow/example_dags/example_python_operator.py took 0.057 seconds
[2024-01-09T07:47:55.295+0000] {processor.py:161} INFO - Started process (PID=1435) to work on /home/airflow/.local/lib/python3.8/site-packages/airflow/example_dags/example_python_operator.py
[2024-01-09T07:47:55.296+0000] {processor.py:830} INFO - Processing file /home/airflow/.local/lib/python3.8/site-packages/airflow/example_dags/example_python_operator.py for tasks to queue
[2024-01-09T07:47:55.298+0000] {logging_mixin.py:188} INFO - [2024-01-09T07:47:55.298+0000] {dagbag.py:538} INFO - Filling up the DagBag from /home/airflow/.local/lib/python3.8/site-packages/airflow/example_dags/example_python_operator.py
[2024-01-09T07:47:55.306+0000] {processor.py:840} INFO - DAG(s) 'example_python_operator' retrieved from /home/airflow/.local/lib/python3.8/site-packages/airflow/example_dags/example_python_operator.py
[2024-01-09T07:47:55.323+0000] {logging_mixin.py:188} INFO - [2024-01-09T07:47:55.323+0000] {dag.py:3033} INFO - Sync 1 DAGs
[2024-01-09T07:47:55.332+0000] {logging_mixin.py:188} INFO - [2024-01-09T07:47:55.332+0000] {dag.py:3820} INFO - Setting next_dagrun for example_python_operator to None, run_after=None
[2024-01-09T07:47:55.347+0000] {processor.py:183} INFO - Processing /home/airflow/.local/lib/python3.8/site-packages/airflow/example_dags/example_python_operator.py took 0.054 seconds
[2024-01-09T07:48:25.551+0000] {processor.py:161} INFO - Started process (PID=1489) to work on /home/airflow/.local/lib/python3.8/site-packages/airflow/example_dags/example_python_operator.py
[2024-01-09T07:48:25.552+0000] {processor.py:830} INFO - Processing file /home/airflow/.local/lib/python3.8/site-packages/airflow/example_dags/example_python_operator.py for tasks to queue
[2024-01-09T07:48:25.554+0000] {logging_mixin.py:188} INFO - [2024-01-09T07:48:25.554+0000] {dagbag.py:538} INFO - Filling up the DagBag from /home/airflow/.local/lib/python3.8/site-packages/airflow/example_dags/example_python_operator.py
[2024-01-09T07:48:25.563+0000] {processor.py:840} INFO - DAG(s) 'example_python_operator' retrieved from /home/airflow/.local/lib/python3.8/site-packages/airflow/example_dags/example_python_operator.py
[2024-01-09T07:48:25.580+0000] {logging_mixin.py:188} INFO - [2024-01-09T07:48:25.580+0000] {dag.py:3033} INFO - Sync 1 DAGs
[2024-01-09T07:48:25.590+0000] {logging_mixin.py:188} INFO - [2024-01-09T07:48:25.590+0000] {dag.py:3820} INFO - Setting next_dagrun for example_python_operator to None, run_after=None
[2024-01-09T07:48:25.604+0000] {processor.py:183} INFO - Processing /home/airflow/.local/lib/python3.8/site-packages/airflow/example_dags/example_python_operator.py took 0.056 seconds
[2024-01-09T07:48:56.247+0000] {processor.py:161} INFO - Started process (PID=1544) to work on /home/airflow/.local/lib/python3.8/site-packages/airflow/example_dags/example_python_operator.py
[2024-01-09T07:48:56.248+0000] {processor.py:830} INFO - Processing file /home/airflow/.local/lib/python3.8/site-packages/airflow/example_dags/example_python_operator.py for tasks to queue
[2024-01-09T07:48:56.250+0000] {logging_mixin.py:188} INFO - [2024-01-09T07:48:56.250+0000] {dagbag.py:538} INFO - Filling up the DagBag from /home/airflow/.local/lib/python3.8/site-packages/airflow/example_dags/example_python_operator.py
[2024-01-09T07:48:56.260+0000] {processor.py:840} INFO - DAG(s) 'example_python_operator' retrieved from /home/airflow/.local/lib/python3.8/site-packages/airflow/example_dags/example_python_operator.py
[2024-01-09T07:48:56.277+0000] {logging_mixin.py:188} INFO - [2024-01-09T07:48:56.277+0000] {dag.py:3033} INFO - Sync 1 DAGs
[2024-01-09T07:48:56.288+0000] {logging_mixin.py:188} INFO - [2024-01-09T07:48:56.288+0000] {dag.py:3820} INFO - Setting next_dagrun for example_python_operator to None, run_after=None
[2024-01-09T07:48:56.304+0000] {processor.py:183} INFO - Processing /home/airflow/.local/lib/python3.8/site-packages/airflow/example_dags/example_python_operator.py took 0.060 seconds
[2024-01-09T07:49:26.665+0000] {processor.py:161} INFO - Started process (PID=1599) to work on /home/airflow/.local/lib/python3.8/site-packages/airflow/example_dags/example_python_operator.py
[2024-01-09T07:49:26.666+0000] {processor.py:830} INFO - Processing file /home/airflow/.local/lib/python3.8/site-packages/airflow/example_dags/example_python_operator.py for tasks to queue
[2024-01-09T07:49:26.669+0000] {logging_mixin.py:188} INFO - [2024-01-09T07:49:26.668+0000] {dagbag.py:538} INFO - Filling up the DagBag from /home/airflow/.local/lib/python3.8/site-packages/airflow/example_dags/example_python_operator.py
[2024-01-09T07:49:26.681+0000] {processor.py:840} INFO - DAG(s) 'example_python_operator' retrieved from /home/airflow/.local/lib/python3.8/site-packages/airflow/example_dags/example_python_operator.py
[2024-01-09T07:49:26.705+0000] {logging_mixin.py:188} INFO - [2024-01-09T07:49:26.705+0000] {dag.py:3033} INFO - Sync 1 DAGs
[2024-01-09T07:49:26.719+0000] {logging_mixin.py:188} INFO - [2024-01-09T07:49:26.719+0000] {dag.py:3820} INFO - Setting next_dagrun for example_python_operator to None, run_after=None
[2024-01-09T07:49:26.742+0000] {processor.py:183} INFO - Processing /home/airflow/.local/lib/python3.8/site-packages/airflow/example_dags/example_python_operator.py took 0.081 seconds
