[2024-01-09T07:35:13.459+0000] {processor.py:161} INFO - Started process (PID=60) to work on /home/airflow/.local/lib/python3.8/site-packages/airflow/example_dags/example_sla_dag.py
[2024-01-09T07:35:13.460+0000] {processor.py:830} INFO - Processing file /home/airflow/.local/lib/python3.8/site-packages/airflow/example_dags/example_sla_dag.py for tasks to queue
[2024-01-09T07:35:13.465+0000] {logging_mixin.py:188} INFO - [2024-01-09T07:35:13.464+0000] {dagbag.py:538} INFO - Filling up the DagBag from /home/airflow/.local/lib/python3.8/site-packages/airflow/example_dags/example_sla_dag.py
[2024-01-09T07:35:13.483+0000] {processor.py:840} INFO - DAG(s) 'example_sla_dag' retrieved from /home/airflow/.local/lib/python3.8/site-packages/airflow/example_dags/example_sla_dag.py
[2024-01-09T07:35:13.504+0000] {logging_mixin.py:188} INFO - [2024-01-09T07:35:13.504+0000] {dag.py:3033} INFO - Sync 1 DAGs
[2024-01-09T07:35:13.549+0000] {logging_mixin.py:188} INFO - [2024-01-09T07:35:13.549+0000] {dag.py:3820} INFO - Setting next_dagrun for example_sla_dag to 2024-01-09T07:32:00+00:00, run_after=2024-01-09T07:34:00+00:00
[2024-01-09T07:35:13.577+0000] {processor.py:183} INFO - Processing /home/airflow/.local/lib/python3.8/site-packages/airflow/example_dags/example_sla_dag.py took 0.123 seconds
[2024-01-09T07:35:43.955+0000] {processor.py:161} INFO - Started process (PID=115) to work on /home/airflow/.local/lib/python3.8/site-packages/airflow/example_dags/example_sla_dag.py
[2024-01-09T07:35:43.956+0000] {processor.py:830} INFO - Processing file /home/airflow/.local/lib/python3.8/site-packages/airflow/example_dags/example_sla_dag.py for tasks to queue
[2024-01-09T07:35:43.958+0000] {logging_mixin.py:188} INFO - [2024-01-09T07:35:43.957+0000] {dagbag.py:538} INFO - Filling up the DagBag from /home/airflow/.local/lib/python3.8/site-packages/airflow/example_dags/example_sla_dag.py
[2024-01-09T07:35:43.965+0000] {processor.py:840} INFO - DAG(s) 'example_sla_dag' retrieved from /home/airflow/.local/lib/python3.8/site-packages/airflow/example_dags/example_sla_dag.py
[2024-01-09T07:35:44.048+0000] {logging_mixin.py:188} INFO - [2024-01-09T07:35:44.048+0000] {dag.py:3033} INFO - Sync 1 DAGs
[2024-01-09T07:35:44.070+0000] {logging_mixin.py:188} INFO - [2024-01-09T07:35:44.070+0000] {dag.py:3820} INFO - Setting next_dagrun for example_sla_dag to 2024-01-09T07:32:00+00:00, run_after=2024-01-09T07:34:00+00:00
[2024-01-09T07:35:44.089+0000] {processor.py:183} INFO - Processing /home/airflow/.local/lib/python3.8/site-packages/airflow/example_dags/example_sla_dag.py took 0.137 seconds
[2024-01-09T07:36:15.014+0000] {processor.py:161} INFO - Started process (PID=170) to work on /home/airflow/.local/lib/python3.8/site-packages/airflow/example_dags/example_sla_dag.py
[2024-01-09T07:36:15.015+0000] {processor.py:830} INFO - Processing file /home/airflow/.local/lib/python3.8/site-packages/airflow/example_dags/example_sla_dag.py for tasks to queue
[2024-01-09T07:36:15.017+0000] {logging_mixin.py:188} INFO - [2024-01-09T07:36:15.017+0000] {dagbag.py:538} INFO - Filling up the DagBag from /home/airflow/.local/lib/python3.8/site-packages/airflow/example_dags/example_sla_dag.py
[2024-01-09T07:36:15.024+0000] {processor.py:840} INFO - DAG(s) 'example_sla_dag' retrieved from /home/airflow/.local/lib/python3.8/site-packages/airflow/example_dags/example_sla_dag.py
[2024-01-09T07:36:15.039+0000] {logging_mixin.py:188} INFO - [2024-01-09T07:36:15.039+0000] {dag.py:3033} INFO - Sync 1 DAGs
[2024-01-09T07:36:15.057+0000] {logging_mixin.py:188} INFO - [2024-01-09T07:36:15.057+0000] {dag.py:3820} INFO - Setting next_dagrun for example_sla_dag to 2024-01-09T07:34:00+00:00, run_after=2024-01-09T07:36:00+00:00
[2024-01-09T07:36:15.069+0000] {processor.py:183} INFO - Processing /home/airflow/.local/lib/python3.8/site-packages/airflow/example_dags/example_sla_dag.py took 0.058 seconds
[2024-01-09T07:36:45.343+0000] {processor.py:161} INFO - Started process (PID=225) to work on /home/airflow/.local/lib/python3.8/site-packages/airflow/example_dags/example_sla_dag.py
[2024-01-09T07:36:45.344+0000] {processor.py:830} INFO - Processing file /home/airflow/.local/lib/python3.8/site-packages/airflow/example_dags/example_sla_dag.py for tasks to queue
[2024-01-09T07:36:45.346+0000] {logging_mixin.py:188} INFO - [2024-01-09T07:36:45.346+0000] {dagbag.py:538} INFO - Filling up the DagBag from /home/airflow/.local/lib/python3.8/site-packages/airflow/example_dags/example_sla_dag.py
[2024-01-09T07:36:45.353+0000] {processor.py:840} INFO - DAG(s) 'example_sla_dag' retrieved from /home/airflow/.local/lib/python3.8/site-packages/airflow/example_dags/example_sla_dag.py
[2024-01-09T07:36:45.368+0000] {logging_mixin.py:188} INFO - [2024-01-09T07:36:45.368+0000] {dag.py:3033} INFO - Sync 1 DAGs
[2024-01-09T07:36:45.386+0000] {logging_mixin.py:188} INFO - [2024-01-09T07:36:45.386+0000] {dag.py:3820} INFO - Setting next_dagrun for example_sla_dag to 2024-01-09T07:34:00+00:00, run_after=2024-01-09T07:36:00+00:00
[2024-01-09T07:36:45.398+0000] {processor.py:183} INFO - Processing /home/airflow/.local/lib/python3.8/site-packages/airflow/example_dags/example_sla_dag.py took 0.058 seconds
[2024-01-09T07:37:15.681+0000] {processor.py:161} INFO - Started process (PID=280) to work on /home/airflow/.local/lib/python3.8/site-packages/airflow/example_dags/example_sla_dag.py
[2024-01-09T07:37:15.682+0000] {processor.py:830} INFO - Processing file /home/airflow/.local/lib/python3.8/site-packages/airflow/example_dags/example_sla_dag.py for tasks to queue
[2024-01-09T07:37:15.684+0000] {logging_mixin.py:188} INFO - [2024-01-09T07:37:15.684+0000] {dagbag.py:538} INFO - Filling up the DagBag from /home/airflow/.local/lib/python3.8/site-packages/airflow/example_dags/example_sla_dag.py
[2024-01-09T07:37:15.691+0000] {processor.py:840} INFO - DAG(s) 'example_sla_dag' retrieved from /home/airflow/.local/lib/python3.8/site-packages/airflow/example_dags/example_sla_dag.py
[2024-01-09T07:37:15.705+0000] {logging_mixin.py:188} INFO - [2024-01-09T07:37:15.705+0000] {dag.py:3033} INFO - Sync 1 DAGs
[2024-01-09T07:37:15.723+0000] {logging_mixin.py:188} INFO - [2024-01-09T07:37:15.723+0000] {dag.py:3820} INFO - Setting next_dagrun for example_sla_dag to 2024-01-09T07:34:00+00:00, run_after=2024-01-09T07:36:00+00:00
[2024-01-09T07:37:15.736+0000] {processor.py:183} INFO - Processing /home/airflow/.local/lib/python3.8/site-packages/airflow/example_dags/example_sla_dag.py took 0.057 seconds
[2024-01-09T07:37:46.095+0000] {processor.py:161} INFO - Started process (PID=335) to work on /home/airflow/.local/lib/python3.8/site-packages/airflow/example_dags/example_sla_dag.py
[2024-01-09T07:37:46.096+0000] {processor.py:830} INFO - Processing file /home/airflow/.local/lib/python3.8/site-packages/airflow/example_dags/example_sla_dag.py for tasks to queue
[2024-01-09T07:37:46.098+0000] {logging_mixin.py:188} INFO - [2024-01-09T07:37:46.098+0000] {dagbag.py:538} INFO - Filling up the DagBag from /home/airflow/.local/lib/python3.8/site-packages/airflow/example_dags/example_sla_dag.py
[2024-01-09T07:37:46.105+0000] {processor.py:840} INFO - DAG(s) 'example_sla_dag' retrieved from /home/airflow/.local/lib/python3.8/site-packages/airflow/example_dags/example_sla_dag.py
[2024-01-09T07:37:46.119+0000] {logging_mixin.py:188} INFO - [2024-01-09T07:37:46.119+0000] {dag.py:3033} INFO - Sync 1 DAGs
[2024-01-09T07:37:46.137+0000] {logging_mixin.py:188} INFO - [2024-01-09T07:37:46.137+0000] {dag.py:3820} INFO - Setting next_dagrun for example_sla_dag to 2024-01-09T07:34:00+00:00, run_after=2024-01-09T07:36:00+00:00
[2024-01-09T07:37:46.148+0000] {processor.py:183} INFO - Processing /home/airflow/.local/lib/python3.8/site-packages/airflow/example_dags/example_sla_dag.py took 0.056 seconds
[2024-01-09T07:38:16.730+0000] {processor.py:161} INFO - Started process (PID=390) to work on /home/airflow/.local/lib/python3.8/site-packages/airflow/example_dags/example_sla_dag.py
[2024-01-09T07:38:16.731+0000] {processor.py:830} INFO - Processing file /home/airflow/.local/lib/python3.8/site-packages/airflow/example_dags/example_sla_dag.py for tasks to queue
[2024-01-09T07:38:16.732+0000] {logging_mixin.py:188} INFO - [2024-01-09T07:38:16.732+0000] {dagbag.py:538} INFO - Filling up the DagBag from /home/airflow/.local/lib/python3.8/site-packages/airflow/example_dags/example_sla_dag.py
[2024-01-09T07:38:16.740+0000] {processor.py:840} INFO - DAG(s) 'example_sla_dag' retrieved from /home/airflow/.local/lib/python3.8/site-packages/airflow/example_dags/example_sla_dag.py
[2024-01-09T07:38:16.756+0000] {logging_mixin.py:188} INFO - [2024-01-09T07:38:16.756+0000] {dag.py:3033} INFO - Sync 1 DAGs
[2024-01-09T07:38:16.775+0000] {logging_mixin.py:188} INFO - [2024-01-09T07:38:16.775+0000] {dag.py:3820} INFO - Setting next_dagrun for example_sla_dag to 2024-01-09T07:36:00+00:00, run_after=2024-01-09T07:38:00+00:00
[2024-01-09T07:38:16.791+0000] {processor.py:183} INFO - Processing /home/airflow/.local/lib/python3.8/site-packages/airflow/example_dags/example_sla_dag.py took 0.064 seconds
[2024-01-09T07:38:47.083+0000] {processor.py:161} INFO - Started process (PID=445) to work on /home/airflow/.local/lib/python3.8/site-packages/airflow/example_dags/example_sla_dag.py
[2024-01-09T07:38:47.084+0000] {processor.py:830} INFO - Processing file /home/airflow/.local/lib/python3.8/site-packages/airflow/example_dags/example_sla_dag.py for tasks to queue
[2024-01-09T07:38:47.085+0000] {logging_mixin.py:188} INFO - [2024-01-09T07:38:47.085+0000] {dagbag.py:538} INFO - Filling up the DagBag from /home/airflow/.local/lib/python3.8/site-packages/airflow/example_dags/example_sla_dag.py
[2024-01-09T07:38:47.092+0000] {processor.py:840} INFO - DAG(s) 'example_sla_dag' retrieved from /home/airflow/.local/lib/python3.8/site-packages/airflow/example_dags/example_sla_dag.py
[2024-01-09T07:38:47.107+0000] {logging_mixin.py:188} INFO - [2024-01-09T07:38:47.107+0000] {dag.py:3033} INFO - Sync 1 DAGs
[2024-01-09T07:38:47.124+0000] {logging_mixin.py:188} INFO - [2024-01-09T07:38:47.124+0000] {dag.py:3820} INFO - Setting next_dagrun for example_sla_dag to 2024-01-09T07:36:00+00:00, run_after=2024-01-09T07:38:00+00:00
[2024-01-09T07:38:47.136+0000] {processor.py:183} INFO - Processing /home/airflow/.local/lib/python3.8/site-packages/airflow/example_dags/example_sla_dag.py took 0.056 seconds
[2024-01-09T07:39:17.495+0000] {processor.py:161} INFO - Started process (PID=500) to work on /home/airflow/.local/lib/python3.8/site-packages/airflow/example_dags/example_sla_dag.py
[2024-01-09T07:39:17.496+0000] {processor.py:830} INFO - Processing file /home/airflow/.local/lib/python3.8/site-packages/airflow/example_dags/example_sla_dag.py for tasks to queue
[2024-01-09T07:39:17.498+0000] {logging_mixin.py:188} INFO - [2024-01-09T07:39:17.498+0000] {dagbag.py:538} INFO - Filling up the DagBag from /home/airflow/.local/lib/python3.8/site-packages/airflow/example_dags/example_sla_dag.py
[2024-01-09T07:39:17.506+0000] {processor.py:840} INFO - DAG(s) 'example_sla_dag' retrieved from /home/airflow/.local/lib/python3.8/site-packages/airflow/example_dags/example_sla_dag.py
[2024-01-09T07:39:17.528+0000] {logging_mixin.py:188} INFO - [2024-01-09T07:39:17.528+0000] {dag.py:3033} INFO - Sync 1 DAGs
[2024-01-09T07:39:17.550+0000] {logging_mixin.py:188} INFO - [2024-01-09T07:39:17.550+0000] {dag.py:3820} INFO - Setting next_dagrun for example_sla_dag to 2024-01-09T07:36:00+00:00, run_after=2024-01-09T07:38:00+00:00
[2024-01-09T07:39:17.596+0000] {processor.py:183} INFO - Processing /home/airflow/.local/lib/python3.8/site-packages/airflow/example_dags/example_sla_dag.py took 0.104 seconds
[2024-01-09T07:39:47.886+0000] {processor.py:161} INFO - Started process (PID=555) to work on /home/airflow/.local/lib/python3.8/site-packages/airflow/example_dags/example_sla_dag.py
[2024-01-09T07:39:47.887+0000] {processor.py:830} INFO - Processing file /home/airflow/.local/lib/python3.8/site-packages/airflow/example_dags/example_sla_dag.py for tasks to queue
[2024-01-09T07:39:47.889+0000] {logging_mixin.py:188} INFO - [2024-01-09T07:39:47.889+0000] {dagbag.py:538} INFO - Filling up the DagBag from /home/airflow/.local/lib/python3.8/site-packages/airflow/example_dags/example_sla_dag.py
[2024-01-09T07:39:47.896+0000] {processor.py:840} INFO - DAG(s) 'example_sla_dag' retrieved from /home/airflow/.local/lib/python3.8/site-packages/airflow/example_dags/example_sla_dag.py
[2024-01-09T07:39:47.912+0000] {logging_mixin.py:188} INFO - [2024-01-09T07:39:47.912+0000] {dag.py:3033} INFO - Sync 1 DAGs
[2024-01-09T07:39:47.931+0000] {logging_mixin.py:188} INFO - [2024-01-09T07:39:47.931+0000] {dag.py:3820} INFO - Setting next_dagrun for example_sla_dag to 2024-01-09T07:36:00+00:00, run_after=2024-01-09T07:38:00+00:00
[2024-01-09T07:39:47.943+0000] {processor.py:183} INFO - Processing /home/airflow/.local/lib/python3.8/site-packages/airflow/example_dags/example_sla_dag.py took 0.061 seconds
[2024-01-09T07:40:18.640+0000] {processor.py:161} INFO - Started process (PID=610) to work on /home/airflow/.local/lib/python3.8/site-packages/airflow/example_dags/example_sla_dag.py
[2024-01-09T07:40:18.641+0000] {processor.py:830} INFO - Processing file /home/airflow/.local/lib/python3.8/site-packages/airflow/example_dags/example_sla_dag.py for tasks to queue
[2024-01-09T07:40:18.644+0000] {logging_mixin.py:188} INFO - [2024-01-09T07:40:18.643+0000] {dagbag.py:538} INFO - Filling up the DagBag from /home/airflow/.local/lib/python3.8/site-packages/airflow/example_dags/example_sla_dag.py
[2024-01-09T07:40:18.651+0000] {processor.py:840} INFO - DAG(s) 'example_sla_dag' retrieved from /home/airflow/.local/lib/python3.8/site-packages/airflow/example_dags/example_sla_dag.py
[2024-01-09T07:40:18.667+0000] {logging_mixin.py:188} INFO - [2024-01-09T07:40:18.667+0000] {dag.py:3033} INFO - Sync 1 DAGs
[2024-01-09T07:40:18.685+0000] {logging_mixin.py:188} INFO - [2024-01-09T07:40:18.685+0000] {dag.py:3820} INFO - Setting next_dagrun for example_sla_dag to 2024-01-09T07:38:00+00:00, run_after=2024-01-09T07:40:00+00:00
[2024-01-09T07:40:18.698+0000] {processor.py:183} INFO - Processing /home/airflow/.local/lib/python3.8/site-packages/airflow/example_dags/example_sla_dag.py took 0.060 seconds
[2024-01-09T07:40:48.899+0000] {processor.py:161} INFO - Started process (PID=665) to work on /home/airflow/.local/lib/python3.8/site-packages/airflow/example_dags/example_sla_dag.py
[2024-01-09T07:40:48.901+0000] {processor.py:830} INFO - Processing file /home/airflow/.local/lib/python3.8/site-packages/airflow/example_dags/example_sla_dag.py for tasks to queue
[2024-01-09T07:40:48.903+0000] {logging_mixin.py:188} INFO - [2024-01-09T07:40:48.903+0000] {dagbag.py:538} INFO - Filling up the DagBag from /home/airflow/.local/lib/python3.8/site-packages/airflow/example_dags/example_sla_dag.py
[2024-01-09T07:40:48.911+0000] {processor.py:840} INFO - DAG(s) 'example_sla_dag' retrieved from /home/airflow/.local/lib/python3.8/site-packages/airflow/example_dags/example_sla_dag.py
[2024-01-09T07:40:48.931+0000] {logging_mixin.py:188} INFO - [2024-01-09T07:40:48.931+0000] {dag.py:3033} INFO - Sync 1 DAGs
[2024-01-09T07:40:48.952+0000] {logging_mixin.py:188} INFO - [2024-01-09T07:40:48.952+0000] {dag.py:3820} INFO - Setting next_dagrun for example_sla_dag to 2024-01-09T07:38:00+00:00, run_after=2024-01-09T07:40:00+00:00
[2024-01-09T07:40:48.972+0000] {processor.py:183} INFO - Processing /home/airflow/.local/lib/python3.8/site-packages/airflow/example_dags/example_sla_dag.py took 0.076 seconds
[2024-01-09T07:41:19.661+0000] {processor.py:161} INFO - Started process (PID=720) to work on /home/airflow/.local/lib/python3.8/site-packages/airflow/example_dags/example_sla_dag.py
[2024-01-09T07:41:19.663+0000] {processor.py:830} INFO - Processing file /home/airflow/.local/lib/python3.8/site-packages/airflow/example_dags/example_sla_dag.py for tasks to queue
[2024-01-09T07:41:19.666+0000] {logging_mixin.py:188} INFO - [2024-01-09T07:41:19.665+0000] {dagbag.py:538} INFO - Filling up the DagBag from /home/airflow/.local/lib/python3.8/site-packages/airflow/example_dags/example_sla_dag.py
[2024-01-09T07:41:19.676+0000] {processor.py:840} INFO - DAG(s) 'example_sla_dag' retrieved from /home/airflow/.local/lib/python3.8/site-packages/airflow/example_dags/example_sla_dag.py
[2024-01-09T07:41:19.700+0000] {logging_mixin.py:188} INFO - [2024-01-09T07:41:19.700+0000] {dag.py:3033} INFO - Sync 1 DAGs
[2024-01-09T07:41:19.733+0000] {logging_mixin.py:188} INFO - [2024-01-09T07:41:19.733+0000] {dag.py:3820} INFO - Setting next_dagrun for example_sla_dag to 2024-01-09T07:38:00+00:00, run_after=2024-01-09T07:40:00+00:00
[2024-01-09T07:41:19.755+0000] {processor.py:183} INFO - Processing /home/airflow/.local/lib/python3.8/site-packages/airflow/example_dags/example_sla_dag.py took 0.098 seconds
[2024-01-09T07:41:50.712+0000] {processor.py:161} INFO - Started process (PID=775) to work on /home/airflow/.local/lib/python3.8/site-packages/airflow/example_dags/example_sla_dag.py
[2024-01-09T07:41:50.713+0000] {processor.py:830} INFO - Processing file /home/airflow/.local/lib/python3.8/site-packages/airflow/example_dags/example_sla_dag.py for tasks to queue
[2024-01-09T07:41:50.717+0000] {logging_mixin.py:188} INFO - [2024-01-09T07:41:50.716+0000] {dagbag.py:538} INFO - Filling up the DagBag from /home/airflow/.local/lib/python3.8/site-packages/airflow/example_dags/example_sla_dag.py
[2024-01-09T07:41:50.726+0000] {processor.py:840} INFO - DAG(s) 'example_sla_dag' retrieved from /home/airflow/.local/lib/python3.8/site-packages/airflow/example_dags/example_sla_dag.py
[2024-01-09T07:41:50.744+0000] {logging_mixin.py:188} INFO - [2024-01-09T07:41:50.743+0000] {dag.py:3033} INFO - Sync 1 DAGs
[2024-01-09T07:41:50.763+0000] {logging_mixin.py:188} INFO - [2024-01-09T07:41:50.763+0000] {dag.py:3820} INFO - Setting next_dagrun for example_sla_dag to 2024-01-09T07:38:00+00:00, run_after=2024-01-09T07:40:00+00:00
[2024-01-09T07:41:50.776+0000] {processor.py:183} INFO - Processing /home/airflow/.local/lib/python3.8/site-packages/airflow/example_dags/example_sla_dag.py took 0.068 seconds
[2024-01-09T07:42:21.181+0000] {processor.py:161} INFO - Started process (PID=830) to work on /home/airflow/.local/lib/python3.8/site-packages/airflow/example_dags/example_sla_dag.py
[2024-01-09T07:42:21.182+0000] {processor.py:830} INFO - Processing file /home/airflow/.local/lib/python3.8/site-packages/airflow/example_dags/example_sla_dag.py for tasks to queue
[2024-01-09T07:42:21.184+0000] {logging_mixin.py:188} INFO - [2024-01-09T07:42:21.184+0000] {dagbag.py:538} INFO - Filling up the DagBag from /home/airflow/.local/lib/python3.8/site-packages/airflow/example_dags/example_sla_dag.py
[2024-01-09T07:42:21.191+0000] {processor.py:840} INFO - DAG(s) 'example_sla_dag' retrieved from /home/airflow/.local/lib/python3.8/site-packages/airflow/example_dags/example_sla_dag.py
[2024-01-09T07:42:21.209+0000] {logging_mixin.py:188} INFO - [2024-01-09T07:42:21.208+0000] {dag.py:3033} INFO - Sync 1 DAGs
[2024-01-09T07:42:21.230+0000] {logging_mixin.py:188} INFO - [2024-01-09T07:42:21.229+0000] {dag.py:3820} INFO - Setting next_dagrun for example_sla_dag to 2024-01-09T07:40:00+00:00, run_after=2024-01-09T07:42:00+00:00
[2024-01-09T07:42:21.244+0000] {processor.py:183} INFO - Processing /home/airflow/.local/lib/python3.8/site-packages/airflow/example_dags/example_sla_dag.py took 0.067 seconds
[2024-01-09T07:42:51.380+0000] {processor.py:161} INFO - Started process (PID=885) to work on /home/airflow/.local/lib/python3.8/site-packages/airflow/example_dags/example_sla_dag.py
[2024-01-09T07:42:51.382+0000] {processor.py:830} INFO - Processing file /home/airflow/.local/lib/python3.8/site-packages/airflow/example_dags/example_sla_dag.py for tasks to queue
[2024-01-09T07:42:51.385+0000] {logging_mixin.py:188} INFO - [2024-01-09T07:42:51.385+0000] {dagbag.py:538} INFO - Filling up the DagBag from /home/airflow/.local/lib/python3.8/site-packages/airflow/example_dags/example_sla_dag.py
[2024-01-09T07:42:51.396+0000] {processor.py:840} INFO - DAG(s) 'example_sla_dag' retrieved from /home/airflow/.local/lib/python3.8/site-packages/airflow/example_dags/example_sla_dag.py
[2024-01-09T07:42:51.418+0000] {logging_mixin.py:188} INFO - [2024-01-09T07:42:51.418+0000] {dag.py:3033} INFO - Sync 1 DAGs
[2024-01-09T07:42:51.438+0000] {logging_mixin.py:188} INFO - [2024-01-09T07:42:51.438+0000] {dag.py:3820} INFO - Setting next_dagrun for example_sla_dag to 2024-01-09T07:40:00+00:00, run_after=2024-01-09T07:42:00+00:00
[2024-01-09T07:42:51.452+0000] {processor.py:183} INFO - Processing /home/airflow/.local/lib/python3.8/site-packages/airflow/example_dags/example_sla_dag.py took 0.078 seconds
[2024-01-09T07:43:22.152+0000] {processor.py:161} INFO - Started process (PID=940) to work on /home/airflow/.local/lib/python3.8/site-packages/airflow/example_dags/example_sla_dag.py
[2024-01-09T07:43:22.153+0000] {processor.py:830} INFO - Processing file /home/airflow/.local/lib/python3.8/site-packages/airflow/example_dags/example_sla_dag.py for tasks to queue
[2024-01-09T07:43:22.157+0000] {logging_mixin.py:188} INFO - [2024-01-09T07:43:22.157+0000] {dagbag.py:538} INFO - Filling up the DagBag from /home/airflow/.local/lib/python3.8/site-packages/airflow/example_dags/example_sla_dag.py
[2024-01-09T07:43:22.169+0000] {processor.py:840} INFO - DAG(s) 'example_sla_dag' retrieved from /home/airflow/.local/lib/python3.8/site-packages/airflow/example_dags/example_sla_dag.py
[2024-01-09T07:43:22.190+0000] {logging_mixin.py:188} INFO - [2024-01-09T07:43:22.190+0000] {dag.py:3033} INFO - Sync 1 DAGs
[2024-01-09T07:43:22.209+0000] {logging_mixin.py:188} INFO - [2024-01-09T07:43:22.209+0000] {dag.py:3820} INFO - Setting next_dagrun for example_sla_dag to 2024-01-09T07:40:00+00:00, run_after=2024-01-09T07:42:00+00:00
[2024-01-09T07:43:22.222+0000] {processor.py:183} INFO - Processing /home/airflow/.local/lib/python3.8/site-packages/airflow/example_dags/example_sla_dag.py took 0.077 seconds
[2024-01-09T07:43:52.254+0000] {processor.py:161} INFO - Started process (PID=995) to work on /home/airflow/.local/lib/python3.8/site-packages/airflow/example_dags/example_sla_dag.py
[2024-01-09T07:43:52.256+0000] {processor.py:830} INFO - Processing file /home/airflow/.local/lib/python3.8/site-packages/airflow/example_dags/example_sla_dag.py for tasks to queue
[2024-01-09T07:43:52.258+0000] {logging_mixin.py:188} INFO - [2024-01-09T07:43:52.258+0000] {dagbag.py:538} INFO - Filling up the DagBag from /home/airflow/.local/lib/python3.8/site-packages/airflow/example_dags/example_sla_dag.py
[2024-01-09T07:43:52.265+0000] {processor.py:840} INFO - DAG(s) 'example_sla_dag' retrieved from /home/airflow/.local/lib/python3.8/site-packages/airflow/example_dags/example_sla_dag.py
[2024-01-09T07:43:52.281+0000] {logging_mixin.py:188} INFO - [2024-01-09T07:43:52.281+0000] {dag.py:3033} INFO - Sync 1 DAGs
[2024-01-09T07:43:52.299+0000] {logging_mixin.py:188} INFO - [2024-01-09T07:43:52.299+0000] {dag.py:3820} INFO - Setting next_dagrun for example_sla_dag to 2024-01-09T07:40:00+00:00, run_after=2024-01-09T07:42:00+00:00
[2024-01-09T07:43:52.311+0000] {processor.py:183} INFO - Processing /home/airflow/.local/lib/python3.8/site-packages/airflow/example_dags/example_sla_dag.py took 0.060 seconds
[2024-01-09T07:44:23.048+0000] {processor.py:161} INFO - Started process (PID=1049) to work on /home/airflow/.local/lib/python3.8/site-packages/airflow/example_dags/example_sla_dag.py
[2024-01-09T07:44:23.049+0000] {processor.py:830} INFO - Processing file /home/airflow/.local/lib/python3.8/site-packages/airflow/example_dags/example_sla_dag.py for tasks to queue
[2024-01-09T07:44:23.051+0000] {logging_mixin.py:188} INFO - [2024-01-09T07:44:23.051+0000] {dagbag.py:538} INFO - Filling up the DagBag from /home/airflow/.local/lib/python3.8/site-packages/airflow/example_dags/example_sla_dag.py
[2024-01-09T07:44:23.058+0000] {processor.py:840} INFO - DAG(s) 'example_sla_dag' retrieved from /home/airflow/.local/lib/python3.8/site-packages/airflow/example_dags/example_sla_dag.py
[2024-01-09T07:44:23.074+0000] {logging_mixin.py:188} INFO - [2024-01-09T07:44:23.074+0000] {dag.py:3033} INFO - Sync 1 DAGs
[2024-01-09T07:44:23.092+0000] {logging_mixin.py:188} INFO - [2024-01-09T07:44:23.092+0000] {dag.py:3820} INFO - Setting next_dagrun for example_sla_dag to 2024-01-09T07:42:00+00:00, run_after=2024-01-09T07:44:00+00:00
[2024-01-09T07:44:23.108+0000] {processor.py:183} INFO - Processing /home/airflow/.local/lib/python3.8/site-packages/airflow/example_dags/example_sla_dag.py took 0.063 seconds
[2024-01-09T07:44:53.296+0000] {processor.py:161} INFO - Started process (PID=1104) to work on /home/airflow/.local/lib/python3.8/site-packages/airflow/example_dags/example_sla_dag.py
[2024-01-09T07:44:53.297+0000] {processor.py:830} INFO - Processing file /home/airflow/.local/lib/python3.8/site-packages/airflow/example_dags/example_sla_dag.py for tasks to queue
[2024-01-09T07:44:53.299+0000] {logging_mixin.py:188} INFO - [2024-01-09T07:44:53.299+0000] {dagbag.py:538} INFO - Filling up the DagBag from /home/airflow/.local/lib/python3.8/site-packages/airflow/example_dags/example_sla_dag.py
[2024-01-09T07:44:53.307+0000] {processor.py:840} INFO - DAG(s) 'example_sla_dag' retrieved from /home/airflow/.local/lib/python3.8/site-packages/airflow/example_dags/example_sla_dag.py
[2024-01-09T07:44:53.324+0000] {logging_mixin.py:188} INFO - [2024-01-09T07:44:53.324+0000] {dag.py:3033} INFO - Sync 1 DAGs
[2024-01-09T07:44:53.348+0000] {logging_mixin.py:188} INFO - [2024-01-09T07:44:53.348+0000] {dag.py:3820} INFO - Setting next_dagrun for example_sla_dag to 2024-01-09T07:42:00+00:00, run_after=2024-01-09T07:44:00+00:00
[2024-01-09T07:44:53.362+0000] {processor.py:183} INFO - Processing /home/airflow/.local/lib/python3.8/site-packages/airflow/example_dags/example_sla_dag.py took 0.069 seconds
[2024-01-09T07:45:23.833+0000] {processor.py:161} INFO - Started process (PID=1158) to work on /home/airflow/.local/lib/python3.8/site-packages/airflow/example_dags/example_sla_dag.py
[2024-01-09T07:45:23.834+0000] {processor.py:830} INFO - Processing file /home/airflow/.local/lib/python3.8/site-packages/airflow/example_dags/example_sla_dag.py for tasks to queue
[2024-01-09T07:45:23.836+0000] {logging_mixin.py:188} INFO - [2024-01-09T07:45:23.836+0000] {dagbag.py:538} INFO - Filling up the DagBag from /home/airflow/.local/lib/python3.8/site-packages/airflow/example_dags/example_sla_dag.py
[2024-01-09T07:45:23.844+0000] {processor.py:840} INFO - DAG(s) 'example_sla_dag' retrieved from /home/airflow/.local/lib/python3.8/site-packages/airflow/example_dags/example_sla_dag.py
[2024-01-09T07:45:23.862+0000] {logging_mixin.py:188} INFO - [2024-01-09T07:45:23.861+0000] {dag.py:3033} INFO - Sync 1 DAGs
[2024-01-09T07:45:23.883+0000] {logging_mixin.py:188} INFO - [2024-01-09T07:45:23.883+0000] {dag.py:3820} INFO - Setting next_dagrun for example_sla_dag to 2024-01-09T07:42:00+00:00, run_after=2024-01-09T07:44:00+00:00
[2024-01-09T07:45:23.898+0000] {processor.py:183} INFO - Processing /home/airflow/.local/lib/python3.8/site-packages/airflow/example_dags/example_sla_dag.py took 0.068 seconds
[2024-01-09T07:45:54.069+0000] {processor.py:161} INFO - Started process (PID=1213) to work on /home/airflow/.local/lib/python3.8/site-packages/airflow/example_dags/example_sla_dag.py
[2024-01-09T07:45:54.070+0000] {processor.py:830} INFO - Processing file /home/airflow/.local/lib/python3.8/site-packages/airflow/example_dags/example_sla_dag.py for tasks to queue
[2024-01-09T07:45:54.072+0000] {logging_mixin.py:188} INFO - [2024-01-09T07:45:54.072+0000] {dagbag.py:538} INFO - Filling up the DagBag from /home/airflow/.local/lib/python3.8/site-packages/airflow/example_dags/example_sla_dag.py
[2024-01-09T07:45:54.079+0000] {processor.py:840} INFO - DAG(s) 'example_sla_dag' retrieved from /home/airflow/.local/lib/python3.8/site-packages/airflow/example_dags/example_sla_dag.py
[2024-01-09T07:45:54.094+0000] {logging_mixin.py:188} INFO - [2024-01-09T07:45:54.094+0000] {dag.py:3033} INFO - Sync 1 DAGs
[2024-01-09T07:45:54.112+0000] {logging_mixin.py:188} INFO - [2024-01-09T07:45:54.112+0000] {dag.py:3820} INFO - Setting next_dagrun for example_sla_dag to 2024-01-09T07:42:00+00:00, run_after=2024-01-09T07:44:00+00:00
[2024-01-09T07:45:54.124+0000] {processor.py:183} INFO - Processing /home/airflow/.local/lib/python3.8/site-packages/airflow/example_dags/example_sla_dag.py took 0.058 seconds
[2024-01-09T07:46:24.473+0000] {processor.py:161} INFO - Started process (PID=1268) to work on /home/airflow/.local/lib/python3.8/site-packages/airflow/example_dags/example_sla_dag.py
[2024-01-09T07:46:24.475+0000] {processor.py:830} INFO - Processing file /home/airflow/.local/lib/python3.8/site-packages/airflow/example_dags/example_sla_dag.py for tasks to queue
[2024-01-09T07:46:24.478+0000] {logging_mixin.py:188} INFO - [2024-01-09T07:46:24.477+0000] {dagbag.py:538} INFO - Filling up the DagBag from /home/airflow/.local/lib/python3.8/site-packages/airflow/example_dags/example_sla_dag.py
[2024-01-09T07:46:24.487+0000] {processor.py:840} INFO - DAG(s) 'example_sla_dag' retrieved from /home/airflow/.local/lib/python3.8/site-packages/airflow/example_dags/example_sla_dag.py
[2024-01-09T07:46:24.511+0000] {logging_mixin.py:188} INFO - [2024-01-09T07:46:24.511+0000] {dag.py:3033} INFO - Sync 1 DAGs
[2024-01-09T07:46:24.538+0000] {logging_mixin.py:188} INFO - [2024-01-09T07:46:24.538+0000] {dag.py:3820} INFO - Setting next_dagrun for example_sla_dag to 2024-01-09T07:44:00+00:00, run_after=2024-01-09T07:46:00+00:00
[2024-01-09T07:46:24.558+0000] {processor.py:183} INFO - Processing /home/airflow/.local/lib/python3.8/site-packages/airflow/example_dags/example_sla_dag.py took 0.089 seconds
[2024-01-09T07:46:54.806+0000] {processor.py:161} INFO - Started process (PID=1323) to work on /home/airflow/.local/lib/python3.8/site-packages/airflow/example_dags/example_sla_dag.py
[2024-01-09T07:46:54.807+0000] {processor.py:830} INFO - Processing file /home/airflow/.local/lib/python3.8/site-packages/airflow/example_dags/example_sla_dag.py for tasks to queue
[2024-01-09T07:46:54.809+0000] {logging_mixin.py:188} INFO - [2024-01-09T07:46:54.809+0000] {dagbag.py:538} INFO - Filling up the DagBag from /home/airflow/.local/lib/python3.8/site-packages/airflow/example_dags/example_sla_dag.py
[2024-01-09T07:46:54.816+0000] {processor.py:840} INFO - DAG(s) 'example_sla_dag' retrieved from /home/airflow/.local/lib/python3.8/site-packages/airflow/example_dags/example_sla_dag.py
[2024-01-09T07:46:54.832+0000] {logging_mixin.py:188} INFO - [2024-01-09T07:46:54.831+0000] {dag.py:3033} INFO - Sync 1 DAGs
[2024-01-09T07:46:54.850+0000] {logging_mixin.py:188} INFO - [2024-01-09T07:46:54.850+0000] {dag.py:3820} INFO - Setting next_dagrun for example_sla_dag to 2024-01-09T07:44:00+00:00, run_after=2024-01-09T07:46:00+00:00
[2024-01-09T07:46:54.862+0000] {processor.py:183} INFO - Processing /home/airflow/.local/lib/python3.8/site-packages/airflow/example_dags/example_sla_dag.py took 0.059 seconds
[2024-01-09T07:47:24.992+0000] {processor.py:161} INFO - Started process (PID=1378) to work on /home/airflow/.local/lib/python3.8/site-packages/airflow/example_dags/example_sla_dag.py
[2024-01-09T07:47:24.994+0000] {processor.py:830} INFO - Processing file /home/airflow/.local/lib/python3.8/site-packages/airflow/example_dags/example_sla_dag.py for tasks to queue
[2024-01-09T07:47:24.996+0000] {logging_mixin.py:188} INFO - [2024-01-09T07:47:24.995+0000] {dagbag.py:538} INFO - Filling up the DagBag from /home/airflow/.local/lib/python3.8/site-packages/airflow/example_dags/example_sla_dag.py
[2024-01-09T07:47:25.002+0000] {processor.py:840} INFO - DAG(s) 'example_sla_dag' retrieved from /home/airflow/.local/lib/python3.8/site-packages/airflow/example_dags/example_sla_dag.py
[2024-01-09T07:47:25.019+0000] {logging_mixin.py:188} INFO - [2024-01-09T07:47:25.019+0000] {dag.py:3033} INFO - Sync 1 DAGs
[2024-01-09T07:47:25.040+0000] {logging_mixin.py:188} INFO - [2024-01-09T07:47:25.040+0000] {dag.py:3820} INFO - Setting next_dagrun for example_sla_dag to 2024-01-09T07:44:00+00:00, run_after=2024-01-09T07:46:00+00:00
[2024-01-09T07:47:25.055+0000] {processor.py:183} INFO - Processing /home/airflow/.local/lib/python3.8/site-packages/airflow/example_dags/example_sla_dag.py took 0.066 seconds
[2024-01-09T07:47:55.189+0000] {processor.py:161} INFO - Started process (PID=1432) to work on /home/airflow/.local/lib/python3.8/site-packages/airflow/example_dags/example_sla_dag.py
[2024-01-09T07:47:55.190+0000] {processor.py:830} INFO - Processing file /home/airflow/.local/lib/python3.8/site-packages/airflow/example_dags/example_sla_dag.py for tasks to queue
[2024-01-09T07:47:55.192+0000] {logging_mixin.py:188} INFO - [2024-01-09T07:47:55.192+0000] {dagbag.py:538} INFO - Filling up the DagBag from /home/airflow/.local/lib/python3.8/site-packages/airflow/example_dags/example_sla_dag.py
[2024-01-09T07:47:55.199+0000] {processor.py:840} INFO - DAG(s) 'example_sla_dag' retrieved from /home/airflow/.local/lib/python3.8/site-packages/airflow/example_dags/example_sla_dag.py
[2024-01-09T07:47:55.215+0000] {logging_mixin.py:188} INFO - [2024-01-09T07:47:55.215+0000] {dag.py:3033} INFO - Sync 1 DAGs
[2024-01-09T07:47:55.234+0000] {logging_mixin.py:188} INFO - [2024-01-09T07:47:55.234+0000] {dag.py:3820} INFO - Setting next_dagrun for example_sla_dag to 2024-01-09T07:44:00+00:00, run_after=2024-01-09T07:46:00+00:00
[2024-01-09T07:47:55.247+0000] {processor.py:183} INFO - Processing /home/airflow/.local/lib/python3.8/site-packages/airflow/example_dags/example_sla_dag.py took 0.061 seconds
[2024-01-09T07:48:25.475+0000] {processor.py:161} INFO - Started process (PID=1487) to work on /home/airflow/.local/lib/python3.8/site-packages/airflow/example_dags/example_sla_dag.py
[2024-01-09T07:48:25.477+0000] {processor.py:830} INFO - Processing file /home/airflow/.local/lib/python3.8/site-packages/airflow/example_dags/example_sla_dag.py for tasks to queue
[2024-01-09T07:48:25.479+0000] {logging_mixin.py:188} INFO - [2024-01-09T07:48:25.478+0000] {dagbag.py:538} INFO - Filling up the DagBag from /home/airflow/.local/lib/python3.8/site-packages/airflow/example_dags/example_sla_dag.py
[2024-01-09T07:48:25.485+0000] {processor.py:840} INFO - DAG(s) 'example_sla_dag' retrieved from /home/airflow/.local/lib/python3.8/site-packages/airflow/example_dags/example_sla_dag.py
[2024-01-09T07:48:25.501+0000] {logging_mixin.py:188} INFO - [2024-01-09T07:48:25.501+0000] {dag.py:3033} INFO - Sync 1 DAGs
[2024-01-09T07:48:25.520+0000] {logging_mixin.py:188} INFO - [2024-01-09T07:48:25.520+0000] {dag.py:3820} INFO - Setting next_dagrun for example_sla_dag to 2024-01-09T07:46:00+00:00, run_after=2024-01-09T07:48:00+00:00
[2024-01-09T07:48:25.533+0000] {processor.py:183} INFO - Processing /home/airflow/.local/lib/python3.8/site-packages/airflow/example_dags/example_sla_dag.py took 0.061 seconds
[2024-01-09T07:48:56.165+0000] {processor.py:161} INFO - Started process (PID=1542) to work on /home/airflow/.local/lib/python3.8/site-packages/airflow/example_dags/example_sla_dag.py
[2024-01-09T07:48:56.166+0000] {processor.py:830} INFO - Processing file /home/airflow/.local/lib/python3.8/site-packages/airflow/example_dags/example_sla_dag.py for tasks to queue
[2024-01-09T07:48:56.168+0000] {logging_mixin.py:188} INFO - [2024-01-09T07:48:56.168+0000] {dagbag.py:538} INFO - Filling up the DagBag from /home/airflow/.local/lib/python3.8/site-packages/airflow/example_dags/example_sla_dag.py
[2024-01-09T07:48:56.176+0000] {processor.py:840} INFO - DAG(s) 'example_sla_dag' retrieved from /home/airflow/.local/lib/python3.8/site-packages/airflow/example_dags/example_sla_dag.py
[2024-01-09T07:48:56.193+0000] {logging_mixin.py:188} INFO - [2024-01-09T07:48:56.193+0000] {dag.py:3033} INFO - Sync 1 DAGs
[2024-01-09T07:48:56.215+0000] {logging_mixin.py:188} INFO - [2024-01-09T07:48:56.214+0000] {dag.py:3820} INFO - Setting next_dagrun for example_sla_dag to 2024-01-09T07:46:00+00:00, run_after=2024-01-09T07:48:00+00:00
[2024-01-09T07:48:56.229+0000] {processor.py:183} INFO - Processing /home/airflow/.local/lib/python3.8/site-packages/airflow/example_dags/example_sla_dag.py took 0.067 seconds
[2024-01-09T07:49:26.571+0000] {processor.py:161} INFO - Started process (PID=1597) to work on /home/airflow/.local/lib/python3.8/site-packages/airflow/example_dags/example_sla_dag.py
[2024-01-09T07:49:26.572+0000] {processor.py:830} INFO - Processing file /home/airflow/.local/lib/python3.8/site-packages/airflow/example_dags/example_sla_dag.py for tasks to queue
[2024-01-09T07:49:26.574+0000] {logging_mixin.py:188} INFO - [2024-01-09T07:49:26.574+0000] {dagbag.py:538} INFO - Filling up the DagBag from /home/airflow/.local/lib/python3.8/site-packages/airflow/example_dags/example_sla_dag.py
[2024-01-09T07:49:26.582+0000] {processor.py:840} INFO - DAG(s) 'example_sla_dag' retrieved from /home/airflow/.local/lib/python3.8/site-packages/airflow/example_dags/example_sla_dag.py
[2024-01-09T07:49:26.601+0000] {logging_mixin.py:188} INFO - [2024-01-09T07:49:26.601+0000] {dag.py:3033} INFO - Sync 1 DAGs
[2024-01-09T07:49:26.623+0000] {logging_mixin.py:188} INFO - [2024-01-09T07:49:26.623+0000] {dag.py:3820} INFO - Setting next_dagrun for example_sla_dag to 2024-01-09T07:46:00+00:00, run_after=2024-01-09T07:48:00+00:00
[2024-01-09T07:49:26.641+0000] {processor.py:183} INFO - Processing /home/airflow/.local/lib/python3.8/site-packages/airflow/example_dags/example_sla_dag.py took 0.074 seconds
