[2024-01-09T07:35:11.750+0000] {processor.py:161} INFO - Started process (PID=37) to work on /home/airflow/.local/lib/python3.8/site-packages/airflow/example_dags/example_branch_operator_decorator.py
[2024-01-09T07:35:11.751+0000] {processor.py:830} INFO - Processing file /home/airflow/.local/lib/python3.8/site-packages/airflow/example_dags/example_branch_operator_decorator.py for tasks to queue
[2024-01-09T07:35:11.753+0000] {logging_mixin.py:188} INFO - [2024-01-09T07:35:11.753+0000] {dagbag.py:538} INFO - Filling up the DagBag from /home/airflow/.local/lib/python3.8/site-packages/airflow/example_dags/example_branch_operator_decorator.py
[2024-01-09T07:35:11.773+0000] {processor.py:840} INFO - DAG(s) 'example_branch_python_operator_decorator' retrieved from /home/airflow/.local/lib/python3.8/site-packages/airflow/example_dags/example_branch_operator_decorator.py
[2024-01-09T07:35:11.785+0000] {logging_mixin.py:188} INFO - [2024-01-09T07:35:11.784+0000] {dag.py:3033} INFO - Sync 1 DAGs
[2024-01-09T07:35:11.807+0000] {logging_mixin.py:188} INFO - [2024-01-09T07:35:11.807+0000] {dag.py:3820} INFO - Setting next_dagrun for example_branch_python_operator_decorator to 2024-01-08T00:00:00+00:00, run_after=2024-01-09T00:00:00+00:00
[2024-01-09T07:35:11.825+0000] {processor.py:183} INFO - Processing /home/airflow/.local/lib/python3.8/site-packages/airflow/example_dags/example_branch_operator_decorator.py took 0.078 seconds
[2024-01-09T07:35:42.208+0000] {processor.py:161} INFO - Started process (PID=92) to work on /home/airflow/.local/lib/python3.8/site-packages/airflow/example_dags/example_branch_operator_decorator.py
[2024-01-09T07:35:42.209+0000] {processor.py:830} INFO - Processing file /home/airflow/.local/lib/python3.8/site-packages/airflow/example_dags/example_branch_operator_decorator.py for tasks to queue
[2024-01-09T07:35:42.211+0000] {logging_mixin.py:188} INFO - [2024-01-09T07:35:42.210+0000] {dagbag.py:538} INFO - Filling up the DagBag from /home/airflow/.local/lib/python3.8/site-packages/airflow/example_dags/example_branch_operator_decorator.py
[2024-01-09T07:35:42.224+0000] {processor.py:840} INFO - DAG(s) 'example_branch_python_operator_decorator' retrieved from /home/airflow/.local/lib/python3.8/site-packages/airflow/example_dags/example_branch_operator_decorator.py
[2024-01-09T07:35:42.297+0000] {logging_mixin.py:188} INFO - [2024-01-09T07:35:42.297+0000] {dag.py:3033} INFO - Sync 1 DAGs
[2024-01-09T07:35:42.313+0000] {logging_mixin.py:188} INFO - [2024-01-09T07:35:42.312+0000] {dag.py:3820} INFO - Setting next_dagrun for example_branch_python_operator_decorator to 2024-01-08T00:00:00+00:00, run_after=2024-01-09T00:00:00+00:00
[2024-01-09T07:35:42.326+0000] {processor.py:183} INFO - Processing /home/airflow/.local/lib/python3.8/site-packages/airflow/example_dags/example_branch_operator_decorator.py took 0.121 seconds
[2024-01-09T07:36:12.977+0000] {processor.py:161} INFO - Started process (PID=147) to work on /home/airflow/.local/lib/python3.8/site-packages/airflow/example_dags/example_branch_operator_decorator.py
[2024-01-09T07:36:12.979+0000] {processor.py:830} INFO - Processing file /home/airflow/.local/lib/python3.8/site-packages/airflow/example_dags/example_branch_operator_decorator.py for tasks to queue
[2024-01-09T07:36:12.980+0000] {logging_mixin.py:188} INFO - [2024-01-09T07:36:12.980+0000] {dagbag.py:538} INFO - Filling up the DagBag from /home/airflow/.local/lib/python3.8/site-packages/airflow/example_dags/example_branch_operator_decorator.py
[2024-01-09T07:36:12.994+0000] {processor.py:840} INFO - DAG(s) 'example_branch_python_operator_decorator' retrieved from /home/airflow/.local/lib/python3.8/site-packages/airflow/example_dags/example_branch_operator_decorator.py
[2024-01-09T07:36:13.012+0000] {logging_mixin.py:188} INFO - [2024-01-09T07:36:13.012+0000] {dag.py:3033} INFO - Sync 1 DAGs
[2024-01-09T07:36:13.027+0000] {logging_mixin.py:188} INFO - [2024-01-09T07:36:13.027+0000] {dag.py:3820} INFO - Setting next_dagrun for example_branch_python_operator_decorator to 2024-01-08T00:00:00+00:00, run_after=2024-01-09T00:00:00+00:00
[2024-01-09T07:36:13.041+0000] {processor.py:183} INFO - Processing /home/airflow/.local/lib/python3.8/site-packages/airflow/example_dags/example_branch_operator_decorator.py took 0.068 seconds
[2024-01-09T07:36:43.287+0000] {processor.py:161} INFO - Started process (PID=202) to work on /home/airflow/.local/lib/python3.8/site-packages/airflow/example_dags/example_branch_operator_decorator.py
[2024-01-09T07:36:43.288+0000] {processor.py:830} INFO - Processing file /home/airflow/.local/lib/python3.8/site-packages/airflow/example_dags/example_branch_operator_decorator.py for tasks to queue
[2024-01-09T07:36:43.290+0000] {logging_mixin.py:188} INFO - [2024-01-09T07:36:43.289+0000] {dagbag.py:538} INFO - Filling up the DagBag from /home/airflow/.local/lib/python3.8/site-packages/airflow/example_dags/example_branch_operator_decorator.py
[2024-01-09T07:36:43.303+0000] {processor.py:840} INFO - DAG(s) 'example_branch_python_operator_decorator' retrieved from /home/airflow/.local/lib/python3.8/site-packages/airflow/example_dags/example_branch_operator_decorator.py
[2024-01-09T07:36:43.323+0000] {logging_mixin.py:188} INFO - [2024-01-09T07:36:43.323+0000] {dag.py:3033} INFO - Sync 1 DAGs
[2024-01-09T07:36:43.340+0000] {logging_mixin.py:188} INFO - [2024-01-09T07:36:43.340+0000] {dag.py:3820} INFO - Setting next_dagrun for example_branch_python_operator_decorator to 2024-01-08T00:00:00+00:00, run_after=2024-01-09T00:00:00+00:00
[2024-01-09T07:36:43.354+0000] {processor.py:183} INFO - Processing /home/airflow/.local/lib/python3.8/site-packages/airflow/example_dags/example_branch_operator_decorator.py took 0.070 seconds
[2024-01-09T07:37:13.596+0000] {processor.py:161} INFO - Started process (PID=257) to work on /home/airflow/.local/lib/python3.8/site-packages/airflow/example_dags/example_branch_operator_decorator.py
[2024-01-09T07:37:13.597+0000] {processor.py:830} INFO - Processing file /home/airflow/.local/lib/python3.8/site-packages/airflow/example_dags/example_branch_operator_decorator.py for tasks to queue
[2024-01-09T07:37:13.599+0000] {logging_mixin.py:188} INFO - [2024-01-09T07:37:13.599+0000] {dagbag.py:538} INFO - Filling up the DagBag from /home/airflow/.local/lib/python3.8/site-packages/airflow/example_dags/example_branch_operator_decorator.py
[2024-01-09T07:37:13.612+0000] {processor.py:840} INFO - DAG(s) 'example_branch_python_operator_decorator' retrieved from /home/airflow/.local/lib/python3.8/site-packages/airflow/example_dags/example_branch_operator_decorator.py
[2024-01-09T07:37:13.635+0000] {logging_mixin.py:188} INFO - [2024-01-09T07:37:13.635+0000] {dag.py:3033} INFO - Sync 1 DAGs
[2024-01-09T07:37:13.653+0000] {logging_mixin.py:188} INFO - [2024-01-09T07:37:13.653+0000] {dag.py:3820} INFO - Setting next_dagrun for example_branch_python_operator_decorator to 2024-01-08T00:00:00+00:00, run_after=2024-01-09T00:00:00+00:00
[2024-01-09T07:37:13.668+0000] {processor.py:183} INFO - Processing /home/airflow/.local/lib/python3.8/site-packages/airflow/example_dags/example_branch_operator_decorator.py took 0.075 seconds
[2024-01-09T07:37:44.136+0000] {processor.py:161} INFO - Started process (PID=312) to work on /home/airflow/.local/lib/python3.8/site-packages/airflow/example_dags/example_branch_operator_decorator.py
[2024-01-09T07:37:44.137+0000] {processor.py:830} INFO - Processing file /home/airflow/.local/lib/python3.8/site-packages/airflow/example_dags/example_branch_operator_decorator.py for tasks to queue
[2024-01-09T07:37:44.139+0000] {logging_mixin.py:188} INFO - [2024-01-09T07:37:44.138+0000] {dagbag.py:538} INFO - Filling up the DagBag from /home/airflow/.local/lib/python3.8/site-packages/airflow/example_dags/example_branch_operator_decorator.py
[2024-01-09T07:37:44.152+0000] {processor.py:840} INFO - DAG(s) 'example_branch_python_operator_decorator' retrieved from /home/airflow/.local/lib/python3.8/site-packages/airflow/example_dags/example_branch_operator_decorator.py
[2024-01-09T07:37:44.172+0000] {logging_mixin.py:188} INFO - [2024-01-09T07:37:44.171+0000] {dag.py:3033} INFO - Sync 1 DAGs
[2024-01-09T07:37:44.188+0000] {logging_mixin.py:188} INFO - [2024-01-09T07:37:44.187+0000] {dag.py:3820} INFO - Setting next_dagrun for example_branch_python_operator_decorator to 2024-01-08T00:00:00+00:00, run_after=2024-01-09T00:00:00+00:00
[2024-01-09T07:37:44.200+0000] {processor.py:183} INFO - Processing /home/airflow/.local/lib/python3.8/site-packages/airflow/example_dags/example_branch_operator_decorator.py took 0.067 seconds
[2024-01-09T07:38:14.439+0000] {processor.py:161} INFO - Started process (PID=367) to work on /home/airflow/.local/lib/python3.8/site-packages/airflow/example_dags/example_branch_operator_decorator.py
[2024-01-09T07:38:14.440+0000] {processor.py:830} INFO - Processing file /home/airflow/.local/lib/python3.8/site-packages/airflow/example_dags/example_branch_operator_decorator.py for tasks to queue
[2024-01-09T07:38:14.442+0000] {logging_mixin.py:188} INFO - [2024-01-09T07:38:14.442+0000] {dagbag.py:538} INFO - Filling up the DagBag from /home/airflow/.local/lib/python3.8/site-packages/airflow/example_dags/example_branch_operator_decorator.py
[2024-01-09T07:38:14.458+0000] {processor.py:840} INFO - DAG(s) 'example_branch_python_operator_decorator' retrieved from /home/airflow/.local/lib/python3.8/site-packages/airflow/example_dags/example_branch_operator_decorator.py
[2024-01-09T07:38:14.482+0000] {logging_mixin.py:188} INFO - [2024-01-09T07:38:14.481+0000] {dag.py:3033} INFO - Sync 1 DAGs
[2024-01-09T07:38:14.502+0000] {logging_mixin.py:188} INFO - [2024-01-09T07:38:14.501+0000] {dag.py:3820} INFO - Setting next_dagrun for example_branch_python_operator_decorator to 2024-01-08T00:00:00+00:00, run_after=2024-01-09T00:00:00+00:00
[2024-01-09T07:38:14.520+0000] {processor.py:183} INFO - Processing /home/airflow/.local/lib/python3.8/site-packages/airflow/example_dags/example_branch_operator_decorator.py took 0.084 seconds
[2024-01-09T07:38:45.058+0000] {processor.py:161} INFO - Started process (PID=422) to work on /home/airflow/.local/lib/python3.8/site-packages/airflow/example_dags/example_branch_operator_decorator.py
[2024-01-09T07:38:45.059+0000] {processor.py:830} INFO - Processing file /home/airflow/.local/lib/python3.8/site-packages/airflow/example_dags/example_branch_operator_decorator.py for tasks to queue
[2024-01-09T07:38:45.061+0000] {logging_mixin.py:188} INFO - [2024-01-09T07:38:45.061+0000] {dagbag.py:538} INFO - Filling up the DagBag from /home/airflow/.local/lib/python3.8/site-packages/airflow/example_dags/example_branch_operator_decorator.py
[2024-01-09T07:38:45.074+0000] {processor.py:840} INFO - DAG(s) 'example_branch_python_operator_decorator' retrieved from /home/airflow/.local/lib/python3.8/site-packages/airflow/example_dags/example_branch_operator_decorator.py
[2024-01-09T07:38:45.093+0000] {logging_mixin.py:188} INFO - [2024-01-09T07:38:45.093+0000] {dag.py:3033} INFO - Sync 1 DAGs
[2024-01-09T07:38:45.110+0000] {logging_mixin.py:188} INFO - [2024-01-09T07:38:45.109+0000] {dag.py:3820} INFO - Setting next_dagrun for example_branch_python_operator_decorator to 2024-01-08T00:00:00+00:00, run_after=2024-01-09T00:00:00+00:00
[2024-01-09T07:38:45.123+0000] {processor.py:183} INFO - Processing /home/airflow/.local/lib/python3.8/site-packages/airflow/example_dags/example_branch_operator_decorator.py took 0.067 seconds
[2024-01-09T07:39:15.321+0000] {processor.py:161} INFO - Started process (PID=477) to work on /home/airflow/.local/lib/python3.8/site-packages/airflow/example_dags/example_branch_operator_decorator.py
[2024-01-09T07:39:15.322+0000] {processor.py:830} INFO - Processing file /home/airflow/.local/lib/python3.8/site-packages/airflow/example_dags/example_branch_operator_decorator.py for tasks to queue
[2024-01-09T07:39:15.324+0000] {logging_mixin.py:188} INFO - [2024-01-09T07:39:15.324+0000] {dagbag.py:538} INFO - Filling up the DagBag from /home/airflow/.local/lib/python3.8/site-packages/airflow/example_dags/example_branch_operator_decorator.py
[2024-01-09T07:39:15.337+0000] {processor.py:840} INFO - DAG(s) 'example_branch_python_operator_decorator' retrieved from /home/airflow/.local/lib/python3.8/site-packages/airflow/example_dags/example_branch_operator_decorator.py
[2024-01-09T07:39:15.360+0000] {logging_mixin.py:188} INFO - [2024-01-09T07:39:15.359+0000] {dag.py:3033} INFO - Sync 1 DAGs
[2024-01-09T07:39:15.379+0000] {logging_mixin.py:188} INFO - [2024-01-09T07:39:15.379+0000] {dag.py:3820} INFO - Setting next_dagrun for example_branch_python_operator_decorator to 2024-01-08T00:00:00+00:00, run_after=2024-01-09T00:00:00+00:00
[2024-01-09T07:39:15.395+0000] {processor.py:183} INFO - Processing /home/airflow/.local/lib/python3.8/site-packages/airflow/example_dags/example_branch_operator_decorator.py took 0.078 seconds
[2024-01-09T07:39:45.781+0000] {processor.py:161} INFO - Started process (PID=532) to work on /home/airflow/.local/lib/python3.8/site-packages/airflow/example_dags/example_branch_operator_decorator.py
[2024-01-09T07:39:45.782+0000] {processor.py:830} INFO - Processing file /home/airflow/.local/lib/python3.8/site-packages/airflow/example_dags/example_branch_operator_decorator.py for tasks to queue
[2024-01-09T07:39:45.783+0000] {logging_mixin.py:188} INFO - [2024-01-09T07:39:45.783+0000] {dagbag.py:538} INFO - Filling up the DagBag from /home/airflow/.local/lib/python3.8/site-packages/airflow/example_dags/example_branch_operator_decorator.py
[2024-01-09T07:39:45.797+0000] {processor.py:840} INFO - DAG(s) 'example_branch_python_operator_decorator' retrieved from /home/airflow/.local/lib/python3.8/site-packages/airflow/example_dags/example_branch_operator_decorator.py
[2024-01-09T07:39:45.818+0000] {logging_mixin.py:188} INFO - [2024-01-09T07:39:45.818+0000] {dag.py:3033} INFO - Sync 1 DAGs
[2024-01-09T07:39:45.836+0000] {logging_mixin.py:188} INFO - [2024-01-09T07:39:45.836+0000] {dag.py:3820} INFO - Setting next_dagrun for example_branch_python_operator_decorator to 2024-01-08T00:00:00+00:00, run_after=2024-01-09T00:00:00+00:00
[2024-01-09T07:39:45.849+0000] {processor.py:183} INFO - Processing /home/airflow/.local/lib/python3.8/site-packages/airflow/example_dags/example_branch_operator_decorator.py took 0.071 seconds
[2024-01-09T07:40:16.248+0000] {processor.py:161} INFO - Started process (PID=587) to work on /home/airflow/.local/lib/python3.8/site-packages/airflow/example_dags/example_branch_operator_decorator.py
[2024-01-09T07:40:16.250+0000] {processor.py:830} INFO - Processing file /home/airflow/.local/lib/python3.8/site-packages/airflow/example_dags/example_branch_operator_decorator.py for tasks to queue
[2024-01-09T07:40:16.252+0000] {logging_mixin.py:188} INFO - [2024-01-09T07:40:16.251+0000] {dagbag.py:538} INFO - Filling up the DagBag from /home/airflow/.local/lib/python3.8/site-packages/airflow/example_dags/example_branch_operator_decorator.py
[2024-01-09T07:40:16.265+0000] {processor.py:840} INFO - DAG(s) 'example_branch_python_operator_decorator' retrieved from /home/airflow/.local/lib/python3.8/site-packages/airflow/example_dags/example_branch_operator_decorator.py
[2024-01-09T07:40:16.286+0000] {logging_mixin.py:188} INFO - [2024-01-09T07:40:16.285+0000] {dag.py:3033} INFO - Sync 1 DAGs
[2024-01-09T07:40:16.304+0000] {logging_mixin.py:188} INFO - [2024-01-09T07:40:16.304+0000] {dag.py:3820} INFO - Setting next_dagrun for example_branch_python_operator_decorator to 2024-01-08T00:00:00+00:00, run_after=2024-01-09T00:00:00+00:00
[2024-01-09T07:40:16.319+0000] {processor.py:183} INFO - Processing /home/airflow/.local/lib/python3.8/site-packages/airflow/example_dags/example_branch_operator_decorator.py took 0.074 seconds
[2024-01-09T07:40:46.964+0000] {processor.py:161} INFO - Started process (PID=642) to work on /home/airflow/.local/lib/python3.8/site-packages/airflow/example_dags/example_branch_operator_decorator.py
[2024-01-09T07:40:46.966+0000] {processor.py:830} INFO - Processing file /home/airflow/.local/lib/python3.8/site-packages/airflow/example_dags/example_branch_operator_decorator.py for tasks to queue
[2024-01-09T07:40:46.968+0000] {logging_mixin.py:188} INFO - [2024-01-09T07:40:46.968+0000] {dagbag.py:538} INFO - Filling up the DagBag from /home/airflow/.local/lib/python3.8/site-packages/airflow/example_dags/example_branch_operator_decorator.py
[2024-01-09T07:40:46.983+0000] {processor.py:840} INFO - DAG(s) 'example_branch_python_operator_decorator' retrieved from /home/airflow/.local/lib/python3.8/site-packages/airflow/example_dags/example_branch_operator_decorator.py
[2024-01-09T07:40:47.004+0000] {logging_mixin.py:188} INFO - [2024-01-09T07:40:47.004+0000] {dag.py:3033} INFO - Sync 1 DAGs
[2024-01-09T07:40:47.022+0000] {logging_mixin.py:188} INFO - [2024-01-09T07:40:47.021+0000] {dag.py:3820} INFO - Setting next_dagrun for example_branch_python_operator_decorator to 2024-01-08T00:00:00+00:00, run_after=2024-01-09T00:00:00+00:00
[2024-01-09T07:40:47.035+0000] {processor.py:183} INFO - Processing /home/airflow/.local/lib/python3.8/site-packages/airflow/example_dags/example_branch_operator_decorator.py took 0.075 seconds
[2024-01-09T07:41:17.246+0000] {processor.py:161} INFO - Started process (PID=697) to work on /home/airflow/.local/lib/python3.8/site-packages/airflow/example_dags/example_branch_operator_decorator.py
[2024-01-09T07:41:17.248+0000] {processor.py:830} INFO - Processing file /home/airflow/.local/lib/python3.8/site-packages/airflow/example_dags/example_branch_operator_decorator.py for tasks to queue
[2024-01-09T07:41:17.250+0000] {logging_mixin.py:188} INFO - [2024-01-09T07:41:17.250+0000] {dagbag.py:538} INFO - Filling up the DagBag from /home/airflow/.local/lib/python3.8/site-packages/airflow/example_dags/example_branch_operator_decorator.py
[2024-01-09T07:41:17.267+0000] {processor.py:840} INFO - DAG(s) 'example_branch_python_operator_decorator' retrieved from /home/airflow/.local/lib/python3.8/site-packages/airflow/example_dags/example_branch_operator_decorator.py
[2024-01-09T07:41:17.295+0000] {logging_mixin.py:188} INFO - [2024-01-09T07:41:17.294+0000] {dag.py:3033} INFO - Sync 1 DAGs
[2024-01-09T07:41:17.322+0000] {logging_mixin.py:188} INFO - [2024-01-09T07:41:17.322+0000] {dag.py:3820} INFO - Setting next_dagrun for example_branch_python_operator_decorator to 2024-01-08T00:00:00+00:00, run_after=2024-01-09T00:00:00+00:00
[2024-01-09T07:41:17.342+0000] {processor.py:183} INFO - Processing /home/airflow/.local/lib/python3.8/site-packages/airflow/example_dags/example_branch_operator_decorator.py took 0.099 seconds
[2024-01-09T07:41:47.579+0000] {processor.py:161} INFO - Started process (PID=752) to work on /home/airflow/.local/lib/python3.8/site-packages/airflow/example_dags/example_branch_operator_decorator.py
[2024-01-09T07:41:47.580+0000] {processor.py:830} INFO - Processing file /home/airflow/.local/lib/python3.8/site-packages/airflow/example_dags/example_branch_operator_decorator.py for tasks to queue
[2024-01-09T07:41:47.582+0000] {logging_mixin.py:188} INFO - [2024-01-09T07:41:47.582+0000] {dagbag.py:538} INFO - Filling up the DagBag from /home/airflow/.local/lib/python3.8/site-packages/airflow/example_dags/example_branch_operator_decorator.py
[2024-01-09T07:41:47.596+0000] {processor.py:840} INFO - DAG(s) 'example_branch_python_operator_decorator' retrieved from /home/airflow/.local/lib/python3.8/site-packages/airflow/example_dags/example_branch_operator_decorator.py
[2024-01-09T07:41:47.615+0000] {logging_mixin.py:188} INFO - [2024-01-09T07:41:47.615+0000] {dag.py:3033} INFO - Sync 1 DAGs
[2024-01-09T07:41:47.632+0000] {logging_mixin.py:188} INFO - [2024-01-09T07:41:47.632+0000] {dag.py:3820} INFO - Setting next_dagrun for example_branch_python_operator_decorator to 2024-01-08T00:00:00+00:00, run_after=2024-01-09T00:00:00+00:00
[2024-01-09T07:41:47.646+0000] {processor.py:183} INFO - Processing /home/airflow/.local/lib/python3.8/site-packages/airflow/example_dags/example_branch_operator_decorator.py took 0.070 seconds
[2024-01-09T07:42:17.988+0000] {processor.py:161} INFO - Started process (PID=807) to work on /home/airflow/.local/lib/python3.8/site-packages/airflow/example_dags/example_branch_operator_decorator.py
[2024-01-09T07:42:17.989+0000] {processor.py:830} INFO - Processing file /home/airflow/.local/lib/python3.8/site-packages/airflow/example_dags/example_branch_operator_decorator.py for tasks to queue
[2024-01-09T07:42:17.991+0000] {logging_mixin.py:188} INFO - [2024-01-09T07:42:17.991+0000] {dagbag.py:538} INFO - Filling up the DagBag from /home/airflow/.local/lib/python3.8/site-packages/airflow/example_dags/example_branch_operator_decorator.py
[2024-01-09T07:42:18.005+0000] {processor.py:840} INFO - DAG(s) 'example_branch_python_operator_decorator' retrieved from /home/airflow/.local/lib/python3.8/site-packages/airflow/example_dags/example_branch_operator_decorator.py
[2024-01-09T07:42:18.025+0000] {logging_mixin.py:188} INFO - [2024-01-09T07:42:18.025+0000] {dag.py:3033} INFO - Sync 1 DAGs
[2024-01-09T07:42:18.041+0000] {logging_mixin.py:188} INFO - [2024-01-09T07:42:18.041+0000] {dag.py:3820} INFO - Setting next_dagrun for example_branch_python_operator_decorator to 2024-01-08T00:00:00+00:00, run_after=2024-01-09T00:00:00+00:00
[2024-01-09T07:42:18.056+0000] {processor.py:183} INFO - Processing /home/airflow/.local/lib/python3.8/site-packages/airflow/example_dags/example_branch_operator_decorator.py took 0.071 seconds
[2024-01-09T07:42:48.814+0000] {processor.py:161} INFO - Started process (PID=862) to work on /home/airflow/.local/lib/python3.8/site-packages/airflow/example_dags/example_branch_operator_decorator.py
[2024-01-09T07:42:48.815+0000] {processor.py:830} INFO - Processing file /home/airflow/.local/lib/python3.8/site-packages/airflow/example_dags/example_branch_operator_decorator.py for tasks to queue
[2024-01-09T07:42:48.817+0000] {logging_mixin.py:188} INFO - [2024-01-09T07:42:48.817+0000] {dagbag.py:538} INFO - Filling up the DagBag from /home/airflow/.local/lib/python3.8/site-packages/airflow/example_dags/example_branch_operator_decorator.py
[2024-01-09T07:42:48.832+0000] {processor.py:840} INFO - DAG(s) 'example_branch_python_operator_decorator' retrieved from /home/airflow/.local/lib/python3.8/site-packages/airflow/example_dags/example_branch_operator_decorator.py
[2024-01-09T07:42:48.853+0000] {logging_mixin.py:188} INFO - [2024-01-09T07:42:48.853+0000] {dag.py:3033} INFO - Sync 1 DAGs
[2024-01-09T07:42:48.871+0000] {logging_mixin.py:188} INFO - [2024-01-09T07:42:48.871+0000] {dag.py:3820} INFO - Setting next_dagrun for example_branch_python_operator_decorator to 2024-01-08T00:00:00+00:00, run_after=2024-01-09T00:00:00+00:00
[2024-01-09T07:42:48.888+0000] {processor.py:183} INFO - Processing /home/airflow/.local/lib/python3.8/site-packages/airflow/example_dags/example_branch_operator_decorator.py took 0.078 seconds
[2024-01-09T07:43:19.011+0000] {processor.py:161} INFO - Started process (PID=917) to work on /home/airflow/.local/lib/python3.8/site-packages/airflow/example_dags/example_branch_operator_decorator.py
[2024-01-09T07:43:19.012+0000] {processor.py:830} INFO - Processing file /home/airflow/.local/lib/python3.8/site-packages/airflow/example_dags/example_branch_operator_decorator.py for tasks to queue
[2024-01-09T07:43:19.013+0000] {logging_mixin.py:188} INFO - [2024-01-09T07:43:19.013+0000] {dagbag.py:538} INFO - Filling up the DagBag from /home/airflow/.local/lib/python3.8/site-packages/airflow/example_dags/example_branch_operator_decorator.py
[2024-01-09T07:43:19.027+0000] {processor.py:840} INFO - DAG(s) 'example_branch_python_operator_decorator' retrieved from /home/airflow/.local/lib/python3.8/site-packages/airflow/example_dags/example_branch_operator_decorator.py
[2024-01-09T07:43:19.047+0000] {logging_mixin.py:188} INFO - [2024-01-09T07:43:19.047+0000] {dag.py:3033} INFO - Sync 1 DAGs
[2024-01-09T07:43:19.065+0000] {logging_mixin.py:188} INFO - [2024-01-09T07:43:19.065+0000] {dag.py:3820} INFO - Setting next_dagrun for example_branch_python_operator_decorator to 2024-01-08T00:00:00+00:00, run_after=2024-01-09T00:00:00+00:00
[2024-01-09T07:43:19.079+0000] {processor.py:183} INFO - Processing /home/airflow/.local/lib/python3.8/site-packages/airflow/example_dags/example_branch_operator_decorator.py took 0.072 seconds
[2024-01-09T07:43:49.765+0000] {processor.py:161} INFO - Started process (PID=972) to work on /home/airflow/.local/lib/python3.8/site-packages/airflow/example_dags/example_branch_operator_decorator.py
[2024-01-09T07:43:49.767+0000] {processor.py:830} INFO - Processing file /home/airflow/.local/lib/python3.8/site-packages/airflow/example_dags/example_branch_operator_decorator.py for tasks to queue
[2024-01-09T07:43:49.769+0000] {logging_mixin.py:188} INFO - [2024-01-09T07:43:49.769+0000] {dagbag.py:538} INFO - Filling up the DagBag from /home/airflow/.local/lib/python3.8/site-packages/airflow/example_dags/example_branch_operator_decorator.py
[2024-01-09T07:43:49.782+0000] {processor.py:840} INFO - DAG(s) 'example_branch_python_operator_decorator' retrieved from /home/airflow/.local/lib/python3.8/site-packages/airflow/example_dags/example_branch_operator_decorator.py
[2024-01-09T07:43:49.801+0000] {logging_mixin.py:188} INFO - [2024-01-09T07:43:49.801+0000] {dag.py:3033} INFO - Sync 1 DAGs
[2024-01-09T07:43:49.818+0000] {logging_mixin.py:188} INFO - [2024-01-09T07:43:49.818+0000] {dag.py:3820} INFO - Setting next_dagrun for example_branch_python_operator_decorator to 2024-01-08T00:00:00+00:00, run_after=2024-01-09T00:00:00+00:00
[2024-01-09T07:43:49.831+0000] {processor.py:183} INFO - Processing /home/airflow/.local/lib/python3.8/site-packages/airflow/example_dags/example_branch_operator_decorator.py took 0.069 seconds
[2024-01-09T07:44:19.981+0000] {processor.py:161} INFO - Started process (PID=1026) to work on /home/airflow/.local/lib/python3.8/site-packages/airflow/example_dags/example_branch_operator_decorator.py
[2024-01-09T07:44:19.982+0000] {processor.py:830} INFO - Processing file /home/airflow/.local/lib/python3.8/site-packages/airflow/example_dags/example_branch_operator_decorator.py for tasks to queue
[2024-01-09T07:44:19.984+0000] {logging_mixin.py:188} INFO - [2024-01-09T07:44:19.984+0000] {dagbag.py:538} INFO - Filling up the DagBag from /home/airflow/.local/lib/python3.8/site-packages/airflow/example_dags/example_branch_operator_decorator.py
[2024-01-09T07:44:19.997+0000] {processor.py:840} INFO - DAG(s) 'example_branch_python_operator_decorator' retrieved from /home/airflow/.local/lib/python3.8/site-packages/airflow/example_dags/example_branch_operator_decorator.py
[2024-01-09T07:44:20.017+0000] {logging_mixin.py:188} INFO - [2024-01-09T07:44:20.017+0000] {dag.py:3033} INFO - Sync 1 DAGs
[2024-01-09T07:44:20.034+0000] {logging_mixin.py:188} INFO - [2024-01-09T07:44:20.034+0000] {dag.py:3820} INFO - Setting next_dagrun for example_branch_python_operator_decorator to 2024-01-08T00:00:00+00:00, run_after=2024-01-09T00:00:00+00:00
[2024-01-09T07:44:20.048+0000] {processor.py:183} INFO - Processing /home/airflow/.local/lib/python3.8/site-packages/airflow/example_dags/example_branch_operator_decorator.py took 0.070 seconds
[2024-01-09T07:44:50.285+0000] {processor.py:161} INFO - Started process (PID=1081) to work on /home/airflow/.local/lib/python3.8/site-packages/airflow/example_dags/example_branch_operator_decorator.py
[2024-01-09T07:44:50.286+0000] {processor.py:830} INFO - Processing file /home/airflow/.local/lib/python3.8/site-packages/airflow/example_dags/example_branch_operator_decorator.py for tasks to queue
[2024-01-09T07:44:50.287+0000] {logging_mixin.py:188} INFO - [2024-01-09T07:44:50.287+0000] {dagbag.py:538} INFO - Filling up the DagBag from /home/airflow/.local/lib/python3.8/site-packages/airflow/example_dags/example_branch_operator_decorator.py
[2024-01-09T07:44:50.301+0000] {processor.py:840} INFO - DAG(s) 'example_branch_python_operator_decorator' retrieved from /home/airflow/.local/lib/python3.8/site-packages/airflow/example_dags/example_branch_operator_decorator.py
[2024-01-09T07:44:50.320+0000] {logging_mixin.py:188} INFO - [2024-01-09T07:44:50.320+0000] {dag.py:3033} INFO - Sync 1 DAGs
[2024-01-09T07:44:50.337+0000] {logging_mixin.py:188} INFO - [2024-01-09T07:44:50.337+0000] {dag.py:3820} INFO - Setting next_dagrun for example_branch_python_operator_decorator to 2024-01-08T00:00:00+00:00, run_after=2024-01-09T00:00:00+00:00
[2024-01-09T07:44:50.351+0000] {processor.py:183} INFO - Processing /home/airflow/.local/lib/python3.8/site-packages/airflow/example_dags/example_branch_operator_decorator.py took 0.070 seconds
[2024-01-09T07:45:20.511+0000] {processor.py:161} INFO - Started process (PID=1135) to work on /home/airflow/.local/lib/python3.8/site-packages/airflow/example_dags/example_branch_operator_decorator.py
[2024-01-09T07:45:20.512+0000] {processor.py:830} INFO - Processing file /home/airflow/.local/lib/python3.8/site-packages/airflow/example_dags/example_branch_operator_decorator.py for tasks to queue
[2024-01-09T07:45:20.514+0000] {logging_mixin.py:188} INFO - [2024-01-09T07:45:20.514+0000] {dagbag.py:538} INFO - Filling up the DagBag from /home/airflow/.local/lib/python3.8/site-packages/airflow/example_dags/example_branch_operator_decorator.py
[2024-01-09T07:45:20.528+0000] {processor.py:840} INFO - DAG(s) 'example_branch_python_operator_decorator' retrieved from /home/airflow/.local/lib/python3.8/site-packages/airflow/example_dags/example_branch_operator_decorator.py
[2024-01-09T07:45:20.551+0000] {logging_mixin.py:188} INFO - [2024-01-09T07:45:20.551+0000] {dag.py:3033} INFO - Sync 1 DAGs
[2024-01-09T07:45:20.569+0000] {logging_mixin.py:188} INFO - [2024-01-09T07:45:20.569+0000] {dag.py:3820} INFO - Setting next_dagrun for example_branch_python_operator_decorator to 2024-01-08T00:00:00+00:00, run_after=2024-01-09T00:00:00+00:00
[2024-01-09T07:45:20.586+0000] {processor.py:183} INFO - Processing /home/airflow/.local/lib/python3.8/site-packages/airflow/example_dags/example_branch_operator_decorator.py took 0.077 seconds
[2024-01-09T07:45:51.000+0000] {processor.py:161} INFO - Started process (PID=1190) to work on /home/airflow/.local/lib/python3.8/site-packages/airflow/example_dags/example_branch_operator_decorator.py
[2024-01-09T07:45:51.000+0000] {processor.py:830} INFO - Processing file /home/airflow/.local/lib/python3.8/site-packages/airflow/example_dags/example_branch_operator_decorator.py for tasks to queue
[2024-01-09T07:45:51.002+0000] {logging_mixin.py:188} INFO - [2024-01-09T07:45:51.002+0000] {dagbag.py:538} INFO - Filling up the DagBag from /home/airflow/.local/lib/python3.8/site-packages/airflow/example_dags/example_branch_operator_decorator.py
[2024-01-09T07:45:51.016+0000] {processor.py:840} INFO - DAG(s) 'example_branch_python_operator_decorator' retrieved from /home/airflow/.local/lib/python3.8/site-packages/airflow/example_dags/example_branch_operator_decorator.py
[2024-01-09T07:45:51.036+0000] {logging_mixin.py:188} INFO - [2024-01-09T07:45:51.036+0000] {dag.py:3033} INFO - Sync 1 DAGs
[2024-01-09T07:45:51.053+0000] {logging_mixin.py:188} INFO - [2024-01-09T07:45:51.052+0000] {dag.py:3820} INFO - Setting next_dagrun for example_branch_python_operator_decorator to 2024-01-08T00:00:00+00:00, run_after=2024-01-09T00:00:00+00:00
[2024-01-09T07:45:51.066+0000] {processor.py:183} INFO - Processing /home/airflow/.local/lib/python3.8/site-packages/airflow/example_dags/example_branch_operator_decorator.py took 0.069 seconds
[2024-01-09T07:46:21.326+0000] {processor.py:161} INFO - Started process (PID=1245) to work on /home/airflow/.local/lib/python3.8/site-packages/airflow/example_dags/example_branch_operator_decorator.py
[2024-01-09T07:46:21.327+0000] {processor.py:830} INFO - Processing file /home/airflow/.local/lib/python3.8/site-packages/airflow/example_dags/example_branch_operator_decorator.py for tasks to queue
[2024-01-09T07:46:21.329+0000] {logging_mixin.py:188} INFO - [2024-01-09T07:46:21.328+0000] {dagbag.py:538} INFO - Filling up the DagBag from /home/airflow/.local/lib/python3.8/site-packages/airflow/example_dags/example_branch_operator_decorator.py
[2024-01-09T07:46:21.342+0000] {processor.py:840} INFO - DAG(s) 'example_branch_python_operator_decorator' retrieved from /home/airflow/.local/lib/python3.8/site-packages/airflow/example_dags/example_branch_operator_decorator.py
[2024-01-09T07:46:21.362+0000] {logging_mixin.py:188} INFO - [2024-01-09T07:46:21.361+0000] {dag.py:3033} INFO - Sync 1 DAGs
[2024-01-09T07:46:21.378+0000] {logging_mixin.py:188} INFO - [2024-01-09T07:46:21.377+0000] {dag.py:3820} INFO - Setting next_dagrun for example_branch_python_operator_decorator to 2024-01-08T00:00:00+00:00, run_after=2024-01-09T00:00:00+00:00
[2024-01-09T07:46:21.391+0000] {processor.py:183} INFO - Processing /home/airflow/.local/lib/python3.8/site-packages/airflow/example_dags/example_branch_operator_decorator.py took 0.068 seconds
[2024-01-09T07:46:51.689+0000] {processor.py:161} INFO - Started process (PID=1300) to work on /home/airflow/.local/lib/python3.8/site-packages/airflow/example_dags/example_branch_operator_decorator.py
[2024-01-09T07:46:51.690+0000] {processor.py:830} INFO - Processing file /home/airflow/.local/lib/python3.8/site-packages/airflow/example_dags/example_branch_operator_decorator.py for tasks to queue
[2024-01-09T07:46:51.692+0000] {logging_mixin.py:188} INFO - [2024-01-09T07:46:51.692+0000] {dagbag.py:538} INFO - Filling up the DagBag from /home/airflow/.local/lib/python3.8/site-packages/airflow/example_dags/example_branch_operator_decorator.py
[2024-01-09T07:46:51.706+0000] {processor.py:840} INFO - DAG(s) 'example_branch_python_operator_decorator' retrieved from /home/airflow/.local/lib/python3.8/site-packages/airflow/example_dags/example_branch_operator_decorator.py
[2024-01-09T07:46:51.729+0000] {logging_mixin.py:188} INFO - [2024-01-09T07:46:51.729+0000] {dag.py:3033} INFO - Sync 1 DAGs
[2024-01-09T07:46:51.748+0000] {logging_mixin.py:188} INFO - [2024-01-09T07:46:51.748+0000] {dag.py:3820} INFO - Setting next_dagrun for example_branch_python_operator_decorator to 2024-01-08T00:00:00+00:00, run_after=2024-01-09T00:00:00+00:00
[2024-01-09T07:46:51.766+0000] {processor.py:183} INFO - Processing /home/airflow/.local/lib/python3.8/site-packages/airflow/example_dags/example_branch_operator_decorator.py took 0.080 seconds
[2024-01-09T07:47:22.046+0000] {processor.py:161} INFO - Started process (PID=1355) to work on /home/airflow/.local/lib/python3.8/site-packages/airflow/example_dags/example_branch_operator_decorator.py
[2024-01-09T07:47:22.047+0000] {processor.py:830} INFO - Processing file /home/airflow/.local/lib/python3.8/site-packages/airflow/example_dags/example_branch_operator_decorator.py for tasks to queue
[2024-01-09T07:47:22.049+0000] {logging_mixin.py:188} INFO - [2024-01-09T07:47:22.049+0000] {dagbag.py:538} INFO - Filling up the DagBag from /home/airflow/.local/lib/python3.8/site-packages/airflow/example_dags/example_branch_operator_decorator.py
[2024-01-09T07:47:22.063+0000] {processor.py:840} INFO - DAG(s) 'example_branch_python_operator_decorator' retrieved from /home/airflow/.local/lib/python3.8/site-packages/airflow/example_dags/example_branch_operator_decorator.py
[2024-01-09T07:47:22.083+0000] {logging_mixin.py:188} INFO - [2024-01-09T07:47:22.083+0000] {dag.py:3033} INFO - Sync 1 DAGs
[2024-01-09T07:47:22.099+0000] {logging_mixin.py:188} INFO - [2024-01-09T07:47:22.099+0000] {dag.py:3820} INFO - Setting next_dagrun for example_branch_python_operator_decorator to 2024-01-08T00:00:00+00:00, run_after=2024-01-09T00:00:00+00:00
[2024-01-09T07:47:22.113+0000] {processor.py:183} INFO - Processing /home/airflow/.local/lib/python3.8/site-packages/airflow/example_dags/example_branch_operator_decorator.py took 0.070 seconds
[2024-01-09T07:47:52.250+0000] {processor.py:161} INFO - Started process (PID=1410) to work on /home/airflow/.local/lib/python3.8/site-packages/airflow/example_dags/example_branch_operator_decorator.py
[2024-01-09T07:47:52.250+0000] {processor.py:830} INFO - Processing file /home/airflow/.local/lib/python3.8/site-packages/airflow/example_dags/example_branch_operator_decorator.py for tasks to queue
[2024-01-09T07:47:52.252+0000] {logging_mixin.py:188} INFO - [2024-01-09T07:47:52.252+0000] {dagbag.py:538} INFO - Filling up the DagBag from /home/airflow/.local/lib/python3.8/site-packages/airflow/example_dags/example_branch_operator_decorator.py
[2024-01-09T07:47:52.266+0000] {processor.py:840} INFO - DAG(s) 'example_branch_python_operator_decorator' retrieved from /home/airflow/.local/lib/python3.8/site-packages/airflow/example_dags/example_branch_operator_decorator.py
[2024-01-09T07:47:52.286+0000] {logging_mixin.py:188} INFO - [2024-01-09T07:47:52.286+0000] {dag.py:3033} INFO - Sync 1 DAGs
[2024-01-09T07:47:52.303+0000] {logging_mixin.py:188} INFO - [2024-01-09T07:47:52.303+0000] {dag.py:3820} INFO - Setting next_dagrun for example_branch_python_operator_decorator to 2024-01-08T00:00:00+00:00, run_after=2024-01-09T00:00:00+00:00
[2024-01-09T07:47:52.318+0000] {processor.py:183} INFO - Processing /home/airflow/.local/lib/python3.8/site-packages/airflow/example_dags/example_branch_operator_decorator.py took 0.071 seconds
[2024-01-09T07:48:22.512+0000] {processor.py:161} INFO - Started process (PID=1465) to work on /home/airflow/.local/lib/python3.8/site-packages/airflow/example_dags/example_branch_operator_decorator.py
[2024-01-09T07:48:22.513+0000] {processor.py:830} INFO - Processing file /home/airflow/.local/lib/python3.8/site-packages/airflow/example_dags/example_branch_operator_decorator.py for tasks to queue
[2024-01-09T07:48:22.515+0000] {logging_mixin.py:188} INFO - [2024-01-09T07:48:22.515+0000] {dagbag.py:538} INFO - Filling up the DagBag from /home/airflow/.local/lib/python3.8/site-packages/airflow/example_dags/example_branch_operator_decorator.py
[2024-01-09T07:48:22.531+0000] {processor.py:840} INFO - DAG(s) 'example_branch_python_operator_decorator' retrieved from /home/airflow/.local/lib/python3.8/site-packages/airflow/example_dags/example_branch_operator_decorator.py
[2024-01-09T07:48:22.553+0000] {logging_mixin.py:188} INFO - [2024-01-09T07:48:22.553+0000] {dag.py:3033} INFO - Sync 1 DAGs
[2024-01-09T07:48:22.570+0000] {logging_mixin.py:188} INFO - [2024-01-09T07:48:22.570+0000] {dag.py:3820} INFO - Setting next_dagrun for example_branch_python_operator_decorator to 2024-01-08T00:00:00+00:00, run_after=2024-01-09T00:00:00+00:00
[2024-01-09T07:48:22.585+0000] {processor.py:183} INFO - Processing /home/airflow/.local/lib/python3.8/site-packages/airflow/example_dags/example_branch_operator_decorator.py took 0.076 seconds
[2024-01-09T07:48:53.246+0000] {processor.py:161} INFO - Started process (PID=1520) to work on /home/airflow/.local/lib/python3.8/site-packages/airflow/example_dags/example_branch_operator_decorator.py
[2024-01-09T07:48:53.247+0000] {processor.py:830} INFO - Processing file /home/airflow/.local/lib/python3.8/site-packages/airflow/example_dags/example_branch_operator_decorator.py for tasks to queue
[2024-01-09T07:48:53.249+0000] {logging_mixin.py:188} INFO - [2024-01-09T07:48:53.249+0000] {dagbag.py:538} INFO - Filling up the DagBag from /home/airflow/.local/lib/python3.8/site-packages/airflow/example_dags/example_branch_operator_decorator.py
[2024-01-09T07:48:53.263+0000] {processor.py:840} INFO - DAG(s) 'example_branch_python_operator_decorator' retrieved from /home/airflow/.local/lib/python3.8/site-packages/airflow/example_dags/example_branch_operator_decorator.py
[2024-01-09T07:48:53.282+0000] {logging_mixin.py:188} INFO - [2024-01-09T07:48:53.282+0000] {dag.py:3033} INFO - Sync 1 DAGs
[2024-01-09T07:48:53.299+0000] {logging_mixin.py:188} INFO - [2024-01-09T07:48:53.298+0000] {dag.py:3820} INFO - Setting next_dagrun for example_branch_python_operator_decorator to 2024-01-08T00:00:00+00:00, run_after=2024-01-09T00:00:00+00:00
[2024-01-09T07:48:53.313+0000] {processor.py:183} INFO - Processing /home/airflow/.local/lib/python3.8/site-packages/airflow/example_dags/example_branch_operator_decorator.py took 0.070 seconds
[2024-01-09T07:49:23.611+0000] {processor.py:161} INFO - Started process (PID=1575) to work on /home/airflow/.local/lib/python3.8/site-packages/airflow/example_dags/example_branch_operator_decorator.py
[2024-01-09T07:49:23.612+0000] {processor.py:830} INFO - Processing file /home/airflow/.local/lib/python3.8/site-packages/airflow/example_dags/example_branch_operator_decorator.py for tasks to queue
[2024-01-09T07:49:23.613+0000] {logging_mixin.py:188} INFO - [2024-01-09T07:49:23.613+0000] {dagbag.py:538} INFO - Filling up the DagBag from /home/airflow/.local/lib/python3.8/site-packages/airflow/example_dags/example_branch_operator_decorator.py
[2024-01-09T07:49:23.627+0000] {processor.py:840} INFO - DAG(s) 'example_branch_python_operator_decorator' retrieved from /home/airflow/.local/lib/python3.8/site-packages/airflow/example_dags/example_branch_operator_decorator.py
[2024-01-09T07:49:23.647+0000] {logging_mixin.py:188} INFO - [2024-01-09T07:49:23.647+0000] {dag.py:3033} INFO - Sync 1 DAGs
[2024-01-09T07:49:23.665+0000] {logging_mixin.py:188} INFO - [2024-01-09T07:49:23.665+0000] {dag.py:3820} INFO - Setting next_dagrun for example_branch_python_operator_decorator to 2024-01-08T00:00:00+00:00, run_after=2024-01-09T00:00:00+00:00
[2024-01-09T07:49:23.678+0000] {processor.py:183} INFO - Processing /home/airflow/.local/lib/python3.8/site-packages/airflow/example_dags/example_branch_operator_decorator.py took 0.070 seconds
[2024-01-09T07:49:54.176+0000] {processor.py:161} INFO - Started process (PID=1630) to work on /home/airflow/.local/lib/python3.8/site-packages/airflow/example_dags/example_branch_operator_decorator.py
[2024-01-09T07:49:54.177+0000] {processor.py:830} INFO - Processing file /home/airflow/.local/lib/python3.8/site-packages/airflow/example_dags/example_branch_operator_decorator.py for tasks to queue
[2024-01-09T07:49:54.178+0000] {logging_mixin.py:188} INFO - [2024-01-09T07:49:54.178+0000] {dagbag.py:538} INFO - Filling up the DagBag from /home/airflow/.local/lib/python3.8/site-packages/airflow/example_dags/example_branch_operator_decorator.py
[2024-01-09T07:49:54.192+0000] {processor.py:840} INFO - DAG(s) 'example_branch_python_operator_decorator' retrieved from /home/airflow/.local/lib/python3.8/site-packages/airflow/example_dags/example_branch_operator_decorator.py
[2024-01-09T07:49:54.211+0000] {logging_mixin.py:188} INFO - [2024-01-09T07:49:54.211+0000] {dag.py:3033} INFO - Sync 1 DAGs
[2024-01-09T07:49:54.228+0000] {logging_mixin.py:188} INFO - [2024-01-09T07:49:54.228+0000] {dag.py:3820} INFO - Setting next_dagrun for example_branch_python_operator_decorator to 2024-01-08T00:00:00+00:00, run_after=2024-01-09T00:00:00+00:00
[2024-01-09T07:49:54.352+0000] {processor.py:183} INFO - Processing /home/airflow/.local/lib/python3.8/site-packages/airflow/example_dags/example_branch_operator_decorator.py took 0.179 seconds
