[2024-01-09T07:35:14.477+0000] {processor.py:161} INFO - Started process (PID=75) to work on /home/airflow/.local/lib/python3.8/site-packages/airflow/example_dags/example_branch_day_of_week_operator.py
[2024-01-09T07:35:14.479+0000] {processor.py:830} INFO - Processing file /home/airflow/.local/lib/python3.8/site-packages/airflow/example_dags/example_branch_day_of_week_operator.py for tasks to queue
[2024-01-09T07:35:14.483+0000] {logging_mixin.py:188} INFO - [2024-01-09T07:35:14.483+0000] {dagbag.py:538} INFO - Filling up the DagBag from /home/airflow/.local/lib/python3.8/site-packages/airflow/example_dags/example_branch_day_of_week_operator.py
[2024-01-09T07:35:14.499+0000] {processor.py:840} INFO - DAG(s) 'example_weekday_branch_operator' retrieved from /home/airflow/.local/lib/python3.8/site-packages/airflow/example_dags/example_branch_day_of_week_operator.py
[2024-01-09T07:35:14.515+0000] {logging_mixin.py:188} INFO - [2024-01-09T07:35:14.515+0000] {dag.py:3033} INFO - Sync 1 DAGs
[2024-01-09T07:35:14.550+0000] {logging_mixin.py:188} INFO - [2024-01-09T07:35:14.550+0000] {dag.py:3820} INFO - Setting next_dagrun for example_weekday_branch_operator to 2024-01-08T00:00:00+00:00, run_after=2024-01-09T00:00:00+00:00
[2024-01-09T07:35:14.584+0000] {processor.py:183} INFO - Processing /home/airflow/.local/lib/python3.8/site-packages/airflow/example_dags/example_branch_day_of_week_operator.py took 0.114 seconds
[2024-01-09T07:35:45.232+0000] {processor.py:161} INFO - Started process (PID=130) to work on /home/airflow/.local/lib/python3.8/site-packages/airflow/example_dags/example_branch_day_of_week_operator.py
[2024-01-09T07:35:45.233+0000] {processor.py:830} INFO - Processing file /home/airflow/.local/lib/python3.8/site-packages/airflow/example_dags/example_branch_day_of_week_operator.py for tasks to queue
[2024-01-09T07:35:45.235+0000] {logging_mixin.py:188} INFO - [2024-01-09T07:35:45.235+0000] {dagbag.py:538} INFO - Filling up the DagBag from /home/airflow/.local/lib/python3.8/site-packages/airflow/example_dags/example_branch_day_of_week_operator.py
[2024-01-09T07:35:45.242+0000] {processor.py:840} INFO - DAG(s) 'example_weekday_branch_operator' retrieved from /home/airflow/.local/lib/python3.8/site-packages/airflow/example_dags/example_branch_day_of_week_operator.py
[2024-01-09T07:35:45.320+0000] {logging_mixin.py:188} INFO - [2024-01-09T07:35:45.320+0000] {dag.py:3033} INFO - Sync 1 DAGs
[2024-01-09T07:35:45.337+0000] {logging_mixin.py:188} INFO - [2024-01-09T07:35:45.337+0000] {dag.py:3820} INFO - Setting next_dagrun for example_weekday_branch_operator to 2024-01-08T00:00:00+00:00, run_after=2024-01-09T00:00:00+00:00
[2024-01-09T07:35:45.353+0000] {processor.py:183} INFO - Processing /home/airflow/.local/lib/python3.8/site-packages/airflow/example_dags/example_branch_day_of_week_operator.py took 0.124 seconds
[2024-01-09T07:36:15.709+0000] {processor.py:161} INFO - Started process (PID=185) to work on /home/airflow/.local/lib/python3.8/site-packages/airflow/example_dags/example_branch_day_of_week_operator.py
[2024-01-09T07:36:15.710+0000] {processor.py:830} INFO - Processing file /home/airflow/.local/lib/python3.8/site-packages/airflow/example_dags/example_branch_day_of_week_operator.py for tasks to queue
[2024-01-09T07:36:15.712+0000] {logging_mixin.py:188} INFO - [2024-01-09T07:36:15.712+0000] {dagbag.py:538} INFO - Filling up the DagBag from /home/airflow/.local/lib/python3.8/site-packages/airflow/example_dags/example_branch_day_of_week_operator.py
[2024-01-09T07:36:15.718+0000] {processor.py:840} INFO - DAG(s) 'example_weekday_branch_operator' retrieved from /home/airflow/.local/lib/python3.8/site-packages/airflow/example_dags/example_branch_day_of_week_operator.py
[2024-01-09T07:36:15.734+0000] {logging_mixin.py:188} INFO - [2024-01-09T07:36:15.734+0000] {dag.py:3033} INFO - Sync 1 DAGs
[2024-01-09T07:36:15.749+0000] {logging_mixin.py:188} INFO - [2024-01-09T07:36:15.749+0000] {dag.py:3820} INFO - Setting next_dagrun for example_weekday_branch_operator to 2024-01-08T00:00:00+00:00, run_after=2024-01-09T00:00:00+00:00
[2024-01-09T07:36:15.762+0000] {processor.py:183} INFO - Processing /home/airflow/.local/lib/python3.8/site-packages/airflow/example_dags/example_branch_day_of_week_operator.py took 0.056 seconds
[2024-01-09T07:36:46.062+0000] {processor.py:161} INFO - Started process (PID=240) to work on /home/airflow/.local/lib/python3.8/site-packages/airflow/example_dags/example_branch_day_of_week_operator.py
[2024-01-09T07:36:46.063+0000] {processor.py:830} INFO - Processing file /home/airflow/.local/lib/python3.8/site-packages/airflow/example_dags/example_branch_day_of_week_operator.py for tasks to queue
[2024-01-09T07:36:46.065+0000] {logging_mixin.py:188} INFO - [2024-01-09T07:36:46.065+0000] {dagbag.py:538} INFO - Filling up the DagBag from /home/airflow/.local/lib/python3.8/site-packages/airflow/example_dags/example_branch_day_of_week_operator.py
[2024-01-09T07:36:46.071+0000] {processor.py:840} INFO - DAG(s) 'example_weekday_branch_operator' retrieved from /home/airflow/.local/lib/python3.8/site-packages/airflow/example_dags/example_branch_day_of_week_operator.py
[2024-01-09T07:36:46.088+0000] {logging_mixin.py:188} INFO - [2024-01-09T07:36:46.087+0000] {dag.py:3033} INFO - Sync 1 DAGs
[2024-01-09T07:36:46.104+0000] {logging_mixin.py:188} INFO - [2024-01-09T07:36:46.104+0000] {dag.py:3820} INFO - Setting next_dagrun for example_weekday_branch_operator to 2024-01-08T00:00:00+00:00, run_after=2024-01-09T00:00:00+00:00
[2024-01-09T07:36:46.116+0000] {processor.py:183} INFO - Processing /home/airflow/.local/lib/python3.8/site-packages/airflow/example_dags/example_branch_day_of_week_operator.py took 0.057 seconds
[2024-01-09T07:37:16.372+0000] {processor.py:161} INFO - Started process (PID=295) to work on /home/airflow/.local/lib/python3.8/site-packages/airflow/example_dags/example_branch_day_of_week_operator.py
[2024-01-09T07:37:16.373+0000] {processor.py:830} INFO - Processing file /home/airflow/.local/lib/python3.8/site-packages/airflow/example_dags/example_branch_day_of_week_operator.py for tasks to queue
[2024-01-09T07:37:16.375+0000] {logging_mixin.py:188} INFO - [2024-01-09T07:37:16.375+0000] {dagbag.py:538} INFO - Filling up the DagBag from /home/airflow/.local/lib/python3.8/site-packages/airflow/example_dags/example_branch_day_of_week_operator.py
[2024-01-09T07:37:16.381+0000] {processor.py:840} INFO - DAG(s) 'example_weekday_branch_operator' retrieved from /home/airflow/.local/lib/python3.8/site-packages/airflow/example_dags/example_branch_day_of_week_operator.py
[2024-01-09T07:37:16.397+0000] {logging_mixin.py:188} INFO - [2024-01-09T07:37:16.397+0000] {dag.py:3033} INFO - Sync 1 DAGs
[2024-01-09T07:37:16.413+0000] {logging_mixin.py:188} INFO - [2024-01-09T07:37:16.413+0000] {dag.py:3820} INFO - Setting next_dagrun for example_weekday_branch_operator to 2024-01-08T00:00:00+00:00, run_after=2024-01-09T00:00:00+00:00
[2024-01-09T07:37:16.427+0000] {processor.py:183} INFO - Processing /home/airflow/.local/lib/python3.8/site-packages/airflow/example_dags/example_branch_day_of_week_operator.py took 0.058 seconds
[2024-01-09T07:37:46.825+0000] {processor.py:161} INFO - Started process (PID=350) to work on /home/airflow/.local/lib/python3.8/site-packages/airflow/example_dags/example_branch_day_of_week_operator.py
[2024-01-09T07:37:46.825+0000] {processor.py:830} INFO - Processing file /home/airflow/.local/lib/python3.8/site-packages/airflow/example_dags/example_branch_day_of_week_operator.py for tasks to queue
[2024-01-09T07:37:46.828+0000] {logging_mixin.py:188} INFO - [2024-01-09T07:37:46.828+0000] {dagbag.py:538} INFO - Filling up the DagBag from /home/airflow/.local/lib/python3.8/site-packages/airflow/example_dags/example_branch_day_of_week_operator.py
[2024-01-09T07:37:46.836+0000] {processor.py:840} INFO - DAG(s) 'example_weekday_branch_operator' retrieved from /home/airflow/.local/lib/python3.8/site-packages/airflow/example_dags/example_branch_day_of_week_operator.py
[2024-01-09T07:37:46.856+0000] {logging_mixin.py:188} INFO - [2024-01-09T07:37:46.856+0000] {dag.py:3033} INFO - Sync 1 DAGs
[2024-01-09T07:37:46.877+0000] {logging_mixin.py:188} INFO - [2024-01-09T07:37:46.876+0000] {dag.py:3820} INFO - Setting next_dagrun for example_weekday_branch_operator to 2024-01-08T00:00:00+00:00, run_after=2024-01-09T00:00:00+00:00
[2024-01-09T07:37:46.894+0000] {processor.py:183} INFO - Processing /home/airflow/.local/lib/python3.8/site-packages/airflow/example_dags/example_branch_day_of_week_operator.py took 0.072 seconds
[2024-01-09T07:38:17.367+0000] {processor.py:161} INFO - Started process (PID=405) to work on /home/airflow/.local/lib/python3.8/site-packages/airflow/example_dags/example_branch_day_of_week_operator.py
[2024-01-09T07:38:17.368+0000] {processor.py:830} INFO - Processing file /home/airflow/.local/lib/python3.8/site-packages/airflow/example_dags/example_branch_day_of_week_operator.py for tasks to queue
[2024-01-09T07:38:17.371+0000] {logging_mixin.py:188} INFO - [2024-01-09T07:38:17.370+0000] {dagbag.py:538} INFO - Filling up the DagBag from /home/airflow/.local/lib/python3.8/site-packages/airflow/example_dags/example_branch_day_of_week_operator.py
[2024-01-09T07:38:17.379+0000] {processor.py:840} INFO - DAG(s) 'example_weekday_branch_operator' retrieved from /home/airflow/.local/lib/python3.8/site-packages/airflow/example_dags/example_branch_day_of_week_operator.py
[2024-01-09T07:38:17.397+0000] {logging_mixin.py:188} INFO - [2024-01-09T07:38:17.397+0000] {dag.py:3033} INFO - Sync 1 DAGs
[2024-01-09T07:38:17.417+0000] {logging_mixin.py:188} INFO - [2024-01-09T07:38:17.417+0000] {dag.py:3820} INFO - Setting next_dagrun for example_weekday_branch_operator to 2024-01-08T00:00:00+00:00, run_after=2024-01-09T00:00:00+00:00
[2024-01-09T07:38:17.434+0000] {processor.py:183} INFO - Processing /home/airflow/.local/lib/python3.8/site-packages/airflow/example_dags/example_branch_day_of_week_operator.py took 0.070 seconds
[2024-01-09T07:38:47.766+0000] {processor.py:161} INFO - Started process (PID=460) to work on /home/airflow/.local/lib/python3.8/site-packages/airflow/example_dags/example_branch_day_of_week_operator.py
[2024-01-09T07:38:47.766+0000] {processor.py:830} INFO - Processing file /home/airflow/.local/lib/python3.8/site-packages/airflow/example_dags/example_branch_day_of_week_operator.py for tasks to queue
[2024-01-09T07:38:47.769+0000] {logging_mixin.py:188} INFO - [2024-01-09T07:38:47.769+0000] {dagbag.py:538} INFO - Filling up the DagBag from /home/airflow/.local/lib/python3.8/site-packages/airflow/example_dags/example_branch_day_of_week_operator.py
[2024-01-09T07:38:47.775+0000] {processor.py:840} INFO - DAG(s) 'example_weekday_branch_operator' retrieved from /home/airflow/.local/lib/python3.8/site-packages/airflow/example_dags/example_branch_day_of_week_operator.py
[2024-01-09T07:38:47.794+0000] {logging_mixin.py:188} INFO - [2024-01-09T07:38:47.794+0000] {dag.py:3033} INFO - Sync 1 DAGs
[2024-01-09T07:38:47.813+0000] {logging_mixin.py:188} INFO - [2024-01-09T07:38:47.813+0000] {dag.py:3820} INFO - Setting next_dagrun for example_weekday_branch_operator to 2024-01-08T00:00:00+00:00, run_after=2024-01-09T00:00:00+00:00
[2024-01-09T07:38:47.827+0000] {processor.py:183} INFO - Processing /home/airflow/.local/lib/python3.8/site-packages/airflow/example_dags/example_branch_day_of_week_operator.py took 0.064 seconds
[2024-01-09T07:39:18.175+0000] {processor.py:161} INFO - Started process (PID=515) to work on /home/airflow/.local/lib/python3.8/site-packages/airflow/example_dags/example_branch_day_of_week_operator.py
[2024-01-09T07:39:18.175+0000] {processor.py:830} INFO - Processing file /home/airflow/.local/lib/python3.8/site-packages/airflow/example_dags/example_branch_day_of_week_operator.py for tasks to queue
[2024-01-09T07:39:18.177+0000] {logging_mixin.py:188} INFO - [2024-01-09T07:39:18.177+0000] {dagbag.py:538} INFO - Filling up the DagBag from /home/airflow/.local/lib/python3.8/site-packages/airflow/example_dags/example_branch_day_of_week_operator.py
[2024-01-09T07:39:18.183+0000] {processor.py:840} INFO - DAG(s) 'example_weekday_branch_operator' retrieved from /home/airflow/.local/lib/python3.8/site-packages/airflow/example_dags/example_branch_day_of_week_operator.py
[2024-01-09T07:39:18.200+0000] {logging_mixin.py:188} INFO - [2024-01-09T07:39:18.200+0000] {dag.py:3033} INFO - Sync 1 DAGs
[2024-01-09T07:39:18.216+0000] {logging_mixin.py:188} INFO - [2024-01-09T07:39:18.216+0000] {dag.py:3820} INFO - Setting next_dagrun for example_weekday_branch_operator to 2024-01-08T00:00:00+00:00, run_after=2024-01-09T00:00:00+00:00
[2024-01-09T07:39:18.230+0000] {processor.py:183} INFO - Processing /home/airflow/.local/lib/python3.8/site-packages/airflow/example_dags/example_branch_day_of_week_operator.py took 0.058 seconds
[2024-01-09T07:39:48.584+0000] {processor.py:161} INFO - Started process (PID=570) to work on /home/airflow/.local/lib/python3.8/site-packages/airflow/example_dags/example_branch_day_of_week_operator.py
[2024-01-09T07:39:48.585+0000] {processor.py:830} INFO - Processing file /home/airflow/.local/lib/python3.8/site-packages/airflow/example_dags/example_branch_day_of_week_operator.py for tasks to queue
[2024-01-09T07:39:48.587+0000] {logging_mixin.py:188} INFO - [2024-01-09T07:39:48.587+0000] {dagbag.py:538} INFO - Filling up the DagBag from /home/airflow/.local/lib/python3.8/site-packages/airflow/example_dags/example_branch_day_of_week_operator.py
[2024-01-09T07:39:48.593+0000] {processor.py:840} INFO - DAG(s) 'example_weekday_branch_operator' retrieved from /home/airflow/.local/lib/python3.8/site-packages/airflow/example_dags/example_branch_day_of_week_operator.py
[2024-01-09T07:39:48.610+0000] {logging_mixin.py:188} INFO - [2024-01-09T07:39:48.610+0000] {dag.py:3033} INFO - Sync 1 DAGs
[2024-01-09T07:39:48.629+0000] {logging_mixin.py:188} INFO - [2024-01-09T07:39:48.629+0000] {dag.py:3820} INFO - Setting next_dagrun for example_weekday_branch_operator to 2024-01-08T00:00:00+00:00, run_after=2024-01-09T00:00:00+00:00
[2024-01-09T07:39:48.643+0000] {processor.py:183} INFO - Processing /home/airflow/.local/lib/python3.8/site-packages/airflow/example_dags/example_branch_day_of_week_operator.py took 0.062 seconds
[2024-01-09T07:40:19.337+0000] {processor.py:161} INFO - Started process (PID=625) to work on /home/airflow/.local/lib/python3.8/site-packages/airflow/example_dags/example_branch_day_of_week_operator.py
[2024-01-09T07:40:19.338+0000] {processor.py:830} INFO - Processing file /home/airflow/.local/lib/python3.8/site-packages/airflow/example_dags/example_branch_day_of_week_operator.py for tasks to queue
[2024-01-09T07:40:19.340+0000] {logging_mixin.py:188} INFO - [2024-01-09T07:40:19.340+0000] {dagbag.py:538} INFO - Filling up the DagBag from /home/airflow/.local/lib/python3.8/site-packages/airflow/example_dags/example_branch_day_of_week_operator.py
[2024-01-09T07:40:19.346+0000] {processor.py:840} INFO - DAG(s) 'example_weekday_branch_operator' retrieved from /home/airflow/.local/lib/python3.8/site-packages/airflow/example_dags/example_branch_day_of_week_operator.py
[2024-01-09T07:40:19.363+0000] {logging_mixin.py:188} INFO - [2024-01-09T07:40:19.363+0000] {dag.py:3033} INFO - Sync 1 DAGs
[2024-01-09T07:40:19.382+0000] {logging_mixin.py:188} INFO - [2024-01-09T07:40:19.382+0000] {dag.py:3820} INFO - Setting next_dagrun for example_weekday_branch_operator to 2024-01-08T00:00:00+00:00, run_after=2024-01-09T00:00:00+00:00
[2024-01-09T07:40:19.397+0000] {processor.py:183} INFO - Processing /home/airflow/.local/lib/python3.8/site-packages/airflow/example_dags/example_branch_day_of_week_operator.py took 0.063 seconds
[2024-01-09T07:40:49.528+0000] {processor.py:161} INFO - Started process (PID=680) to work on /home/airflow/.local/lib/python3.8/site-packages/airflow/example_dags/example_branch_day_of_week_operator.py
[2024-01-09T07:40:49.529+0000] {processor.py:830} INFO - Processing file /home/airflow/.local/lib/python3.8/site-packages/airflow/example_dags/example_branch_day_of_week_operator.py for tasks to queue
[2024-01-09T07:40:49.531+0000] {logging_mixin.py:188} INFO - [2024-01-09T07:40:49.531+0000] {dagbag.py:538} INFO - Filling up the DagBag from /home/airflow/.local/lib/python3.8/site-packages/airflow/example_dags/example_branch_day_of_week_operator.py
[2024-01-09T07:40:49.538+0000] {processor.py:840} INFO - DAG(s) 'example_weekday_branch_operator' retrieved from /home/airflow/.local/lib/python3.8/site-packages/airflow/example_dags/example_branch_day_of_week_operator.py
[2024-01-09T07:40:49.555+0000] {logging_mixin.py:188} INFO - [2024-01-09T07:40:49.555+0000] {dag.py:3033} INFO - Sync 1 DAGs
[2024-01-09T07:40:49.573+0000] {logging_mixin.py:188} INFO - [2024-01-09T07:40:49.573+0000] {dag.py:3820} INFO - Setting next_dagrun for example_weekday_branch_operator to 2024-01-08T00:00:00+00:00, run_after=2024-01-09T00:00:00+00:00
[2024-01-09T07:40:49.587+0000] {processor.py:183} INFO - Processing /home/airflow/.local/lib/python3.8/site-packages/airflow/example_dags/example_branch_day_of_week_operator.py took 0.062 seconds
[2024-01-09T07:41:20.853+0000] {processor.py:161} INFO - Started process (PID=735) to work on /home/airflow/.local/lib/python3.8/site-packages/airflow/example_dags/example_branch_day_of_week_operator.py
[2024-01-09T07:41:20.855+0000] {processor.py:830} INFO - Processing file /home/airflow/.local/lib/python3.8/site-packages/airflow/example_dags/example_branch_day_of_week_operator.py for tasks to queue
[2024-01-09T07:41:20.859+0000] {logging_mixin.py:188} INFO - [2024-01-09T07:41:20.859+0000] {dagbag.py:538} INFO - Filling up the DagBag from /home/airflow/.local/lib/python3.8/site-packages/airflow/example_dags/example_branch_day_of_week_operator.py
[2024-01-09T07:41:20.870+0000] {processor.py:840} INFO - DAG(s) 'example_weekday_branch_operator' retrieved from /home/airflow/.local/lib/python3.8/site-packages/airflow/example_dags/example_branch_day_of_week_operator.py
[2024-01-09T07:41:20.898+0000] {logging_mixin.py:188} INFO - [2024-01-09T07:41:20.898+0000] {dag.py:3033} INFO - Sync 1 DAGs
[2024-01-09T07:41:20.924+0000] {logging_mixin.py:188} INFO - [2024-01-09T07:41:20.923+0000] {dag.py:3820} INFO - Setting next_dagrun for example_weekday_branch_operator to 2024-01-08T00:00:00+00:00, run_after=2024-01-09T00:00:00+00:00
[2024-01-09T07:41:20.945+0000] {processor.py:183} INFO - Processing /home/airflow/.local/lib/python3.8/site-packages/airflow/example_dags/example_branch_day_of_week_operator.py took 0.097 seconds
[2024-01-09T07:41:51.368+0000] {processor.py:161} INFO - Started process (PID=790) to work on /home/airflow/.local/lib/python3.8/site-packages/airflow/example_dags/example_branch_day_of_week_operator.py
[2024-01-09T07:41:51.369+0000] {processor.py:830} INFO - Processing file /home/airflow/.local/lib/python3.8/site-packages/airflow/example_dags/example_branch_day_of_week_operator.py for tasks to queue
[2024-01-09T07:41:51.372+0000] {logging_mixin.py:188} INFO - [2024-01-09T07:41:51.371+0000] {dagbag.py:538} INFO - Filling up the DagBag from /home/airflow/.local/lib/python3.8/site-packages/airflow/example_dags/example_branch_day_of_week_operator.py
[2024-01-09T07:41:51.377+0000] {processor.py:840} INFO - DAG(s) 'example_weekday_branch_operator' retrieved from /home/airflow/.local/lib/python3.8/site-packages/airflow/example_dags/example_branch_day_of_week_operator.py
[2024-01-09T07:41:51.393+0000] {logging_mixin.py:188} INFO - [2024-01-09T07:41:51.393+0000] {dag.py:3033} INFO - Sync 1 DAGs
[2024-01-09T07:41:51.410+0000] {logging_mixin.py:188} INFO - [2024-01-09T07:41:51.409+0000] {dag.py:3820} INFO - Setting next_dagrun for example_weekday_branch_operator to 2024-01-08T00:00:00+00:00, run_after=2024-01-09T00:00:00+00:00
[2024-01-09T07:41:51.423+0000] {processor.py:183} INFO - Processing /home/airflow/.local/lib/python3.8/site-packages/airflow/example_dags/example_branch_day_of_week_operator.py took 0.057 seconds
[2024-01-09T07:42:22.140+0000] {processor.py:161} INFO - Started process (PID=845) to work on /home/airflow/.local/lib/python3.8/site-packages/airflow/example_dags/example_branch_day_of_week_operator.py
[2024-01-09T07:42:22.141+0000] {processor.py:830} INFO - Processing file /home/airflow/.local/lib/python3.8/site-packages/airflow/example_dags/example_branch_day_of_week_operator.py for tasks to queue
[2024-01-09T07:42:22.144+0000] {logging_mixin.py:188} INFO - [2024-01-09T07:42:22.144+0000] {dagbag.py:538} INFO - Filling up the DagBag from /home/airflow/.local/lib/python3.8/site-packages/airflow/example_dags/example_branch_day_of_week_operator.py
[2024-01-09T07:42:22.153+0000] {processor.py:840} INFO - DAG(s) 'example_weekday_branch_operator' retrieved from /home/airflow/.local/lib/python3.8/site-packages/airflow/example_dags/example_branch_day_of_week_operator.py
[2024-01-09T07:42:22.179+0000] {logging_mixin.py:188} INFO - [2024-01-09T07:42:22.179+0000] {dag.py:3033} INFO - Sync 1 DAGs
[2024-01-09T07:42:22.203+0000] {logging_mixin.py:188} INFO - [2024-01-09T07:42:22.202+0000] {dag.py:3820} INFO - Setting next_dagrun for example_weekday_branch_operator to 2024-01-08T00:00:00+00:00, run_after=2024-01-09T00:00:00+00:00
[2024-01-09T07:42:22.221+0000] {processor.py:183} INFO - Processing /home/airflow/.local/lib/python3.8/site-packages/airflow/example_dags/example_branch_day_of_week_operator.py took 0.085 seconds
[2024-01-09T07:42:53.044+0000] {processor.py:161} INFO - Started process (PID=900) to work on /home/airflow/.local/lib/python3.8/site-packages/airflow/example_dags/example_branch_day_of_week_operator.py
[2024-01-09T07:42:53.045+0000] {processor.py:830} INFO - Processing file /home/airflow/.local/lib/python3.8/site-packages/airflow/example_dags/example_branch_day_of_week_operator.py for tasks to queue
[2024-01-09T07:42:53.048+0000] {logging_mixin.py:188} INFO - [2024-01-09T07:42:53.047+0000] {dagbag.py:538} INFO - Filling up the DagBag from /home/airflow/.local/lib/python3.8/site-packages/airflow/example_dags/example_branch_day_of_week_operator.py
[2024-01-09T07:42:53.054+0000] {processor.py:840} INFO - DAG(s) 'example_weekday_branch_operator' retrieved from /home/airflow/.local/lib/python3.8/site-packages/airflow/example_dags/example_branch_day_of_week_operator.py
[2024-01-09T07:42:53.071+0000] {logging_mixin.py:188} INFO - [2024-01-09T07:42:53.071+0000] {dag.py:3033} INFO - Sync 1 DAGs
[2024-01-09T07:42:53.088+0000] {logging_mixin.py:188} INFO - [2024-01-09T07:42:53.088+0000] {dag.py:3820} INFO - Setting next_dagrun for example_weekday_branch_operator to 2024-01-08T00:00:00+00:00, run_after=2024-01-09T00:00:00+00:00
[2024-01-09T07:42:53.102+0000] {processor.py:183} INFO - Processing /home/airflow/.local/lib/python3.8/site-packages/airflow/example_dags/example_branch_day_of_week_operator.py took 0.061 seconds
[2024-01-09T07:43:23.836+0000] {processor.py:161} INFO - Started process (PID=955) to work on /home/airflow/.local/lib/python3.8/site-packages/airflow/example_dags/example_branch_day_of_week_operator.py
[2024-01-09T07:43:23.837+0000] {processor.py:830} INFO - Processing file /home/airflow/.local/lib/python3.8/site-packages/airflow/example_dags/example_branch_day_of_week_operator.py for tasks to queue
[2024-01-09T07:43:23.841+0000] {logging_mixin.py:188} INFO - [2024-01-09T07:43:23.840+0000] {dagbag.py:538} INFO - Filling up the DagBag from /home/airflow/.local/lib/python3.8/site-packages/airflow/example_dags/example_branch_day_of_week_operator.py
[2024-01-09T07:43:23.850+0000] {processor.py:840} INFO - DAG(s) 'example_weekday_branch_operator' retrieved from /home/airflow/.local/lib/python3.8/site-packages/airflow/example_dags/example_branch_day_of_week_operator.py
[2024-01-09T07:43:23.874+0000] {logging_mixin.py:188} INFO - [2024-01-09T07:43:23.874+0000] {dag.py:3033} INFO - Sync 1 DAGs
[2024-01-09T07:43:23.898+0000] {logging_mixin.py:188} INFO - [2024-01-09T07:43:23.898+0000] {dag.py:3820} INFO - Setting next_dagrun for example_weekday_branch_operator to 2024-01-08T00:00:00+00:00, run_after=2024-01-09T00:00:00+00:00
[2024-01-09T07:43:23.918+0000] {processor.py:183} INFO - Processing /home/airflow/.local/lib/python3.8/site-packages/airflow/example_dags/example_branch_day_of_week_operator.py took 0.085 seconds
[2024-01-09T07:43:54.005+0000] {processor.py:161} INFO - Started process (PID=1010) to work on /home/airflow/.local/lib/python3.8/site-packages/airflow/example_dags/example_branch_day_of_week_operator.py
[2024-01-09T07:43:54.006+0000] {processor.py:830} INFO - Processing file /home/airflow/.local/lib/python3.8/site-packages/airflow/example_dags/example_branch_day_of_week_operator.py for tasks to queue
[2024-01-09T07:43:54.008+0000] {logging_mixin.py:188} INFO - [2024-01-09T07:43:54.008+0000] {dagbag.py:538} INFO - Filling up the DagBag from /home/airflow/.local/lib/python3.8/site-packages/airflow/example_dags/example_branch_day_of_week_operator.py
[2024-01-09T07:43:54.014+0000] {processor.py:840} INFO - DAG(s) 'example_weekday_branch_operator' retrieved from /home/airflow/.local/lib/python3.8/site-packages/airflow/example_dags/example_branch_day_of_week_operator.py
[2024-01-09T07:43:54.030+0000] {logging_mixin.py:188} INFO - [2024-01-09T07:43:54.030+0000] {dag.py:3033} INFO - Sync 1 DAGs
[2024-01-09T07:43:54.046+0000] {logging_mixin.py:188} INFO - [2024-01-09T07:43:54.046+0000] {dag.py:3820} INFO - Setting next_dagrun for example_weekday_branch_operator to 2024-01-08T00:00:00+00:00, run_after=2024-01-09T00:00:00+00:00
[2024-01-09T07:43:54.059+0000] {processor.py:183} INFO - Processing /home/airflow/.local/lib/python3.8/site-packages/airflow/example_dags/example_branch_day_of_week_operator.py took 0.056 seconds
[2024-01-09T07:44:24.657+0000] {processor.py:161} INFO - Started process (PID=1064) to work on /home/airflow/.local/lib/python3.8/site-packages/airflow/example_dags/example_branch_day_of_week_operator.py
[2024-01-09T07:44:24.658+0000] {processor.py:830} INFO - Processing file /home/airflow/.local/lib/python3.8/site-packages/airflow/example_dags/example_branch_day_of_week_operator.py for tasks to queue
[2024-01-09T07:44:24.660+0000] {logging_mixin.py:188} INFO - [2024-01-09T07:44:24.660+0000] {dagbag.py:538} INFO - Filling up the DagBag from /home/airflow/.local/lib/python3.8/site-packages/airflow/example_dags/example_branch_day_of_week_operator.py
[2024-01-09T07:44:24.667+0000] {processor.py:840} INFO - DAG(s) 'example_weekday_branch_operator' retrieved from /home/airflow/.local/lib/python3.8/site-packages/airflow/example_dags/example_branch_day_of_week_operator.py
[2024-01-09T07:44:24.684+0000] {logging_mixin.py:188} INFO - [2024-01-09T07:44:24.684+0000] {dag.py:3033} INFO - Sync 1 DAGs
[2024-01-09T07:44:24.700+0000] {logging_mixin.py:188} INFO - [2024-01-09T07:44:24.700+0000] {dag.py:3820} INFO - Setting next_dagrun for example_weekday_branch_operator to 2024-01-08T00:00:00+00:00, run_after=2024-01-09T00:00:00+00:00
[2024-01-09T07:44:24.713+0000] {processor.py:183} INFO - Processing /home/airflow/.local/lib/python3.8/site-packages/airflow/example_dags/example_branch_day_of_week_operator.py took 0.058 seconds
[2024-01-09T07:44:54.896+0000] {processor.py:161} INFO - Started process (PID=1119) to work on /home/airflow/.local/lib/python3.8/site-packages/airflow/example_dags/example_branch_day_of_week_operator.py
[2024-01-09T07:44:54.897+0000] {processor.py:830} INFO - Processing file /home/airflow/.local/lib/python3.8/site-packages/airflow/example_dags/example_branch_day_of_week_operator.py for tasks to queue
[2024-01-09T07:44:54.900+0000] {logging_mixin.py:188} INFO - [2024-01-09T07:44:54.900+0000] {dagbag.py:538} INFO - Filling up the DagBag from /home/airflow/.local/lib/python3.8/site-packages/airflow/example_dags/example_branch_day_of_week_operator.py
[2024-01-09T07:44:54.908+0000] {processor.py:840} INFO - DAG(s) 'example_weekday_branch_operator' retrieved from /home/airflow/.local/lib/python3.8/site-packages/airflow/example_dags/example_branch_day_of_week_operator.py
[2024-01-09T07:44:54.927+0000] {logging_mixin.py:188} INFO - [2024-01-09T07:44:54.927+0000] {dag.py:3033} INFO - Sync 1 DAGs
[2024-01-09T07:44:54.945+0000] {logging_mixin.py:188} INFO - [2024-01-09T07:44:54.945+0000] {dag.py:3820} INFO - Setting next_dagrun for example_weekday_branch_operator to 2024-01-08T00:00:00+00:00, run_after=2024-01-09T00:00:00+00:00
[2024-01-09T07:44:54.959+0000] {processor.py:183} INFO - Processing /home/airflow/.local/lib/python3.8/site-packages/airflow/example_dags/example_branch_day_of_week_operator.py took 0.067 seconds
[2024-01-09T07:45:25.463+0000] {processor.py:161} INFO - Started process (PID=1173) to work on /home/airflow/.local/lib/python3.8/site-packages/airflow/example_dags/example_branch_day_of_week_operator.py
[2024-01-09T07:45:25.464+0000] {processor.py:830} INFO - Processing file /home/airflow/.local/lib/python3.8/site-packages/airflow/example_dags/example_branch_day_of_week_operator.py for tasks to queue
[2024-01-09T07:45:25.466+0000] {logging_mixin.py:188} INFO - [2024-01-09T07:45:25.466+0000] {dagbag.py:538} INFO - Filling up the DagBag from /home/airflow/.local/lib/python3.8/site-packages/airflow/example_dags/example_branch_day_of_week_operator.py
[2024-01-09T07:45:25.472+0000] {processor.py:840} INFO - DAG(s) 'example_weekday_branch_operator' retrieved from /home/airflow/.local/lib/python3.8/site-packages/airflow/example_dags/example_branch_day_of_week_operator.py
[2024-01-09T07:45:25.489+0000] {logging_mixin.py:188} INFO - [2024-01-09T07:45:25.488+0000] {dag.py:3033} INFO - Sync 1 DAGs
[2024-01-09T07:45:25.505+0000] {logging_mixin.py:188} INFO - [2024-01-09T07:45:25.505+0000] {dag.py:3820} INFO - Setting next_dagrun for example_weekday_branch_operator to 2024-01-08T00:00:00+00:00, run_after=2024-01-09T00:00:00+00:00
[2024-01-09T07:45:25.518+0000] {processor.py:183} INFO - Processing /home/airflow/.local/lib/python3.8/site-packages/airflow/example_dags/example_branch_day_of_week_operator.py took 0.058 seconds
[2024-01-09T07:45:55.694+0000] {processor.py:161} INFO - Started process (PID=1228) to work on /home/airflow/.local/lib/python3.8/site-packages/airflow/example_dags/example_branch_day_of_week_operator.py
[2024-01-09T07:45:55.694+0000] {processor.py:830} INFO - Processing file /home/airflow/.local/lib/python3.8/site-packages/airflow/example_dags/example_branch_day_of_week_operator.py for tasks to queue
[2024-01-09T07:45:55.697+0000] {logging_mixin.py:188} INFO - [2024-01-09T07:45:55.697+0000] {dagbag.py:538} INFO - Filling up the DagBag from /home/airflow/.local/lib/python3.8/site-packages/airflow/example_dags/example_branch_day_of_week_operator.py
[2024-01-09T07:45:55.702+0000] {processor.py:840} INFO - DAG(s) 'example_weekday_branch_operator' retrieved from /home/airflow/.local/lib/python3.8/site-packages/airflow/example_dags/example_branch_day_of_week_operator.py
[2024-01-09T07:45:55.718+0000] {logging_mixin.py:188} INFO - [2024-01-09T07:45:55.718+0000] {dag.py:3033} INFO - Sync 1 DAGs
[2024-01-09T07:45:55.734+0000] {logging_mixin.py:188} INFO - [2024-01-09T07:45:55.734+0000] {dag.py:3820} INFO - Setting next_dagrun for example_weekday_branch_operator to 2024-01-08T00:00:00+00:00, run_after=2024-01-09T00:00:00+00:00
[2024-01-09T07:45:55.747+0000] {processor.py:183} INFO - Processing /home/airflow/.local/lib/python3.8/site-packages/airflow/example_dags/example_branch_day_of_week_operator.py took 0.056 seconds
[2024-01-09T07:46:26.117+0000] {processor.py:161} INFO - Started process (PID=1283) to work on /home/airflow/.local/lib/python3.8/site-packages/airflow/example_dags/example_branch_day_of_week_operator.py
[2024-01-09T07:46:26.117+0000] {processor.py:830} INFO - Processing file /home/airflow/.local/lib/python3.8/site-packages/airflow/example_dags/example_branch_day_of_week_operator.py for tasks to queue
[2024-01-09T07:46:26.119+0000] {logging_mixin.py:188} INFO - [2024-01-09T07:46:26.119+0000] {dagbag.py:538} INFO - Filling up the DagBag from /home/airflow/.local/lib/python3.8/site-packages/airflow/example_dags/example_branch_day_of_week_operator.py
[2024-01-09T07:46:26.126+0000] {processor.py:840} INFO - DAG(s) 'example_weekday_branch_operator' retrieved from /home/airflow/.local/lib/python3.8/site-packages/airflow/example_dags/example_branch_day_of_week_operator.py
[2024-01-09T07:46:26.143+0000] {logging_mixin.py:188} INFO - [2024-01-09T07:46:26.143+0000] {dag.py:3033} INFO - Sync 1 DAGs
[2024-01-09T07:46:26.163+0000] {logging_mixin.py:188} INFO - [2024-01-09T07:46:26.163+0000] {dag.py:3820} INFO - Setting next_dagrun for example_weekday_branch_operator to 2024-01-08T00:00:00+00:00, run_after=2024-01-09T00:00:00+00:00
[2024-01-09T07:46:26.181+0000] {processor.py:183} INFO - Processing /home/airflow/.local/lib/python3.8/site-packages/airflow/example_dags/example_branch_day_of_week_operator.py took 0.068 seconds
[2024-01-09T07:46:56.446+0000] {processor.py:161} INFO - Started process (PID=1338) to work on /home/airflow/.local/lib/python3.8/site-packages/airflow/example_dags/example_branch_day_of_week_operator.py
[2024-01-09T07:46:56.447+0000] {processor.py:830} INFO - Processing file /home/airflow/.local/lib/python3.8/site-packages/airflow/example_dags/example_branch_day_of_week_operator.py for tasks to queue
[2024-01-09T07:46:56.449+0000] {logging_mixin.py:188} INFO - [2024-01-09T07:46:56.449+0000] {dagbag.py:538} INFO - Filling up the DagBag from /home/airflow/.local/lib/python3.8/site-packages/airflow/example_dags/example_branch_day_of_week_operator.py
[2024-01-09T07:46:56.456+0000] {processor.py:840} INFO - DAG(s) 'example_weekday_branch_operator' retrieved from /home/airflow/.local/lib/python3.8/site-packages/airflow/example_dags/example_branch_day_of_week_operator.py
[2024-01-09T07:46:56.474+0000] {logging_mixin.py:188} INFO - [2024-01-09T07:46:56.474+0000] {dag.py:3033} INFO - Sync 1 DAGs
[2024-01-09T07:46:56.491+0000] {logging_mixin.py:188} INFO - [2024-01-09T07:46:56.491+0000] {dag.py:3820} INFO - Setting next_dagrun for example_weekday_branch_operator to 2024-01-08T00:00:00+00:00, run_after=2024-01-09T00:00:00+00:00
[2024-01-09T07:46:56.503+0000] {processor.py:183} INFO - Processing /home/airflow/.local/lib/python3.8/site-packages/airflow/example_dags/example_branch_day_of_week_operator.py took 0.060 seconds
[2024-01-09T07:47:26.715+0000] {processor.py:161} INFO - Started process (PID=1393) to work on /home/airflow/.local/lib/python3.8/site-packages/airflow/example_dags/example_branch_day_of_week_operator.py
[2024-01-09T07:47:26.716+0000] {processor.py:830} INFO - Processing file /home/airflow/.local/lib/python3.8/site-packages/airflow/example_dags/example_branch_day_of_week_operator.py for tasks to queue
[2024-01-09T07:47:26.719+0000] {logging_mixin.py:188} INFO - [2024-01-09T07:47:26.718+0000] {dagbag.py:538} INFO - Filling up the DagBag from /home/airflow/.local/lib/python3.8/site-packages/airflow/example_dags/example_branch_day_of_week_operator.py
[2024-01-09T07:47:26.725+0000] {processor.py:840} INFO - DAG(s) 'example_weekday_branch_operator' retrieved from /home/airflow/.local/lib/python3.8/site-packages/airflow/example_dags/example_branch_day_of_week_operator.py
[2024-01-09T07:47:26.741+0000] {logging_mixin.py:188} INFO - [2024-01-09T07:47:26.741+0000] {dag.py:3033} INFO - Sync 1 DAGs
[2024-01-09T07:47:26.761+0000] {logging_mixin.py:188} INFO - [2024-01-09T07:47:26.761+0000] {dag.py:3820} INFO - Setting next_dagrun for example_weekday_branch_operator to 2024-01-08T00:00:00+00:00, run_after=2024-01-09T00:00:00+00:00
[2024-01-09T07:47:26.775+0000] {processor.py:183} INFO - Processing /home/airflow/.local/lib/python3.8/site-packages/airflow/example_dags/example_branch_day_of_week_operator.py took 0.063 seconds
[2024-01-09T07:47:56.932+0000] {processor.py:161} INFO - Started process (PID=1448) to work on /home/airflow/.local/lib/python3.8/site-packages/airflow/example_dags/example_branch_day_of_week_operator.py
[2024-01-09T07:47:56.933+0000] {processor.py:830} INFO - Processing file /home/airflow/.local/lib/python3.8/site-packages/airflow/example_dags/example_branch_day_of_week_operator.py for tasks to queue
[2024-01-09T07:47:56.935+0000] {logging_mixin.py:188} INFO - [2024-01-09T07:47:56.935+0000] {dagbag.py:538} INFO - Filling up the DagBag from /home/airflow/.local/lib/python3.8/site-packages/airflow/example_dags/example_branch_day_of_week_operator.py
[2024-01-09T07:47:56.940+0000] {processor.py:840} INFO - DAG(s) 'example_weekday_branch_operator' retrieved from /home/airflow/.local/lib/python3.8/site-packages/airflow/example_dags/example_branch_day_of_week_operator.py
[2024-01-09T07:47:56.955+0000] {logging_mixin.py:188} INFO - [2024-01-09T07:47:56.955+0000] {dag.py:3033} INFO - Sync 1 DAGs
[2024-01-09T07:47:56.972+0000] {logging_mixin.py:188} INFO - [2024-01-09T07:47:56.971+0000] {dag.py:3820} INFO - Setting next_dagrun for example_weekday_branch_operator to 2024-01-08T00:00:00+00:00, run_after=2024-01-09T00:00:00+00:00
[2024-01-09T07:47:56.984+0000] {processor.py:183} INFO - Processing /home/airflow/.local/lib/python3.8/site-packages/airflow/example_dags/example_branch_day_of_week_operator.py took 0.055 seconds
[2024-01-09T07:48:27.464+0000] {processor.py:161} INFO - Started process (PID=1503) to work on /home/airflow/.local/lib/python3.8/site-packages/airflow/example_dags/example_branch_day_of_week_operator.py
[2024-01-09T07:48:27.465+0000] {processor.py:830} INFO - Processing file /home/airflow/.local/lib/python3.8/site-packages/airflow/example_dags/example_branch_day_of_week_operator.py for tasks to queue
[2024-01-09T07:48:27.468+0000] {logging_mixin.py:188} INFO - [2024-01-09T07:48:27.467+0000] {dagbag.py:538} INFO - Filling up the DagBag from /home/airflow/.local/lib/python3.8/site-packages/airflow/example_dags/example_branch_day_of_week_operator.py
[2024-01-09T07:48:27.476+0000] {processor.py:840} INFO - DAG(s) 'example_weekday_branch_operator' retrieved from /home/airflow/.local/lib/python3.8/site-packages/airflow/example_dags/example_branch_day_of_week_operator.py
[2024-01-09T07:48:27.496+0000] {logging_mixin.py:188} INFO - [2024-01-09T07:48:27.496+0000] {dag.py:3033} INFO - Sync 1 DAGs
[2024-01-09T07:48:27.520+0000] {logging_mixin.py:188} INFO - [2024-01-09T07:48:27.519+0000] {dag.py:3820} INFO - Setting next_dagrun for example_weekday_branch_operator to 2024-01-08T00:00:00+00:00, run_after=2024-01-09T00:00:00+00:00
[2024-01-09T07:48:27.538+0000] {processor.py:183} INFO - Processing /home/airflow/.local/lib/python3.8/site-packages/airflow/example_dags/example_branch_day_of_week_operator.py took 0.077 seconds
[2024-01-09T07:48:57.973+0000] {processor.py:161} INFO - Started process (PID=1558) to work on /home/airflow/.local/lib/python3.8/site-packages/airflow/example_dags/example_branch_day_of_week_operator.py
[2024-01-09T07:48:57.974+0000] {processor.py:830} INFO - Processing file /home/airflow/.local/lib/python3.8/site-packages/airflow/example_dags/example_branch_day_of_week_operator.py for tasks to queue
[2024-01-09T07:48:57.976+0000] {logging_mixin.py:188} INFO - [2024-01-09T07:48:57.976+0000] {dagbag.py:538} INFO - Filling up the DagBag from /home/airflow/.local/lib/python3.8/site-packages/airflow/example_dags/example_branch_day_of_week_operator.py
[2024-01-09T07:48:57.982+0000] {processor.py:840} INFO - DAG(s) 'example_weekday_branch_operator' retrieved from /home/airflow/.local/lib/python3.8/site-packages/airflow/example_dags/example_branch_day_of_week_operator.py
[2024-01-09T07:48:58.000+0000] {logging_mixin.py:188} INFO - [2024-01-09T07:48:57.999+0000] {dag.py:3033} INFO - Sync 1 DAGs
[2024-01-09T07:48:58.017+0000] {logging_mixin.py:188} INFO - [2024-01-09T07:48:58.017+0000] {dag.py:3820} INFO - Setting next_dagrun for example_weekday_branch_operator to 2024-01-08T00:00:00+00:00, run_after=2024-01-09T00:00:00+00:00
[2024-01-09T07:48:58.030+0000] {processor.py:183} INFO - Processing /home/airflow/.local/lib/python3.8/site-packages/airflow/example_dags/example_branch_day_of_week_operator.py took 0.061 seconds
[2024-01-09T07:49:28.518+0000] {processor.py:161} INFO - Started process (PID=1619) to work on /home/airflow/.local/lib/python3.8/site-packages/airflow/example_dags/example_branch_day_of_week_operator.py
[2024-01-09T07:49:28.519+0000] {processor.py:830} INFO - Processing file /home/airflow/.local/lib/python3.8/site-packages/airflow/example_dags/example_branch_day_of_week_operator.py for tasks to queue
[2024-01-09T07:49:28.521+0000] {logging_mixin.py:188} INFO - [2024-01-09T07:49:28.521+0000] {dagbag.py:538} INFO - Filling up the DagBag from /home/airflow/.local/lib/python3.8/site-packages/airflow/example_dags/example_branch_day_of_week_operator.py
[2024-01-09T07:49:28.527+0000] {processor.py:840} INFO - DAG(s) 'example_weekday_branch_operator' retrieved from /home/airflow/.local/lib/python3.8/site-packages/airflow/example_dags/example_branch_day_of_week_operator.py
[2024-01-09T07:49:28.544+0000] {logging_mixin.py:188} INFO - [2024-01-09T07:49:28.544+0000] {dag.py:3033} INFO - Sync 1 DAGs
[2024-01-09T07:49:28.560+0000] {logging_mixin.py:188} INFO - [2024-01-09T07:49:28.560+0000] {dag.py:3820} INFO - Setting next_dagrun for example_weekday_branch_operator to 2024-01-08T00:00:00+00:00, run_after=2024-01-09T00:00:00+00:00
[2024-01-09T07:49:28.573+0000] {processor.py:183} INFO - Processing /home/airflow/.local/lib/python3.8/site-packages/airflow/example_dags/example_branch_day_of_week_operator.py took 0.058 seconds
