[2024-01-09T07:35:11.483+0000] {processor.py:161} INFO - Started process (PID=35) to work on /home/airflow/.local/lib/python3.8/site-packages/airflow/example_dags/example_sensors.py
[2024-01-09T07:35:11.484+0000] {processor.py:830} INFO - Processing file /home/airflow/.local/lib/python3.8/site-packages/airflow/example_dags/example_sensors.py for tasks to queue
[2024-01-09T07:35:11.488+0000] {logging_mixin.py:188} INFO - [2024-01-09T07:35:11.488+0000] {dagbag.py:538} INFO - Filling up the DagBag from /home/airflow/.local/lib/python3.8/site-packages/airflow/example_dags/example_sensors.py
[2024-01-09T07:35:11.504+0000] {processor.py:840} INFO - DAG(s) 'example_sensors' retrieved from /home/airflow/.local/lib/python3.8/site-packages/airflow/example_dags/example_sensors.py
[2024-01-09T07:35:11.538+0000] {logging_mixin.py:188} INFO - [2024-01-09T07:35:11.538+0000] {dag.py:3033} INFO - Sync 1 DAGs
[2024-01-09T07:35:11.552+0000] {logging_mixin.py:188} INFO - [2024-01-09T07:35:11.552+0000] {dag.py:3820} INFO - Setting next_dagrun for example_sensors to None, run_after=None
[2024-01-09T07:35:11.583+0000] {processor.py:183} INFO - Processing /home/airflow/.local/lib/python3.8/site-packages/airflow/example_dags/example_sensors.py took 0.106 seconds
[2024-01-09T07:35:42.017+0000] {processor.py:161} INFO - Started process (PID=90) to work on /home/airflow/.local/lib/python3.8/site-packages/airflow/example_dags/example_sensors.py
[2024-01-09T07:35:42.018+0000] {processor.py:830} INFO - Processing file /home/airflow/.local/lib/python3.8/site-packages/airflow/example_dags/example_sensors.py for tasks to queue
[2024-01-09T07:35:42.021+0000] {logging_mixin.py:188} INFO - [2024-01-09T07:35:42.021+0000] {dagbag.py:538} INFO - Filling up the DagBag from /home/airflow/.local/lib/python3.8/site-packages/airflow/example_dags/example_sensors.py
[2024-01-09T07:35:42.031+0000] {processor.py:840} INFO - DAG(s) 'example_sensors' retrieved from /home/airflow/.local/lib/python3.8/site-packages/airflow/example_dags/example_sensors.py
[2024-01-09T07:35:42.162+0000] {logging_mixin.py:188} INFO - [2024-01-09T07:35:42.162+0000] {dag.py:3033} INFO - Sync 1 DAGs
[2024-01-09T07:35:42.171+0000] {logging_mixin.py:188} INFO - [2024-01-09T07:35:42.170+0000] {dag.py:3820} INFO - Setting next_dagrun for example_sensors to None, run_after=None
[2024-01-09T07:35:42.185+0000] {processor.py:183} INFO - Processing /home/airflow/.local/lib/python3.8/site-packages/airflow/example_dags/example_sensors.py took 0.173 seconds
[2024-01-09T07:36:12.833+0000] {processor.py:161} INFO - Started process (PID=145) to work on /home/airflow/.local/lib/python3.8/site-packages/airflow/example_dags/example_sensors.py
[2024-01-09T07:36:12.834+0000] {processor.py:830} INFO - Processing file /home/airflow/.local/lib/python3.8/site-packages/airflow/example_dags/example_sensors.py for tasks to queue
[2024-01-09T07:36:12.837+0000] {logging_mixin.py:188} INFO - [2024-01-09T07:36:12.837+0000] {dagbag.py:538} INFO - Filling up the DagBag from /home/airflow/.local/lib/python3.8/site-packages/airflow/example_dags/example_sensors.py
[2024-01-09T07:36:12.847+0000] {processor.py:840} INFO - DAG(s) 'example_sensors' retrieved from /home/airflow/.local/lib/python3.8/site-packages/airflow/example_dags/example_sensors.py
[2024-01-09T07:36:12.867+0000] {logging_mixin.py:188} INFO - [2024-01-09T07:36:12.867+0000] {dag.py:3033} INFO - Sync 1 DAGs
[2024-01-09T07:36:12.876+0000] {logging_mixin.py:188} INFO - [2024-01-09T07:36:12.876+0000] {dag.py:3820} INFO - Setting next_dagrun for example_sensors to None, run_after=None
[2024-01-09T07:36:12.889+0000] {processor.py:183} INFO - Processing /home/airflow/.local/lib/python3.8/site-packages/airflow/example_dags/example_sensors.py took 0.061 seconds
[2024-01-09T07:36:43.143+0000] {processor.py:161} INFO - Started process (PID=200) to work on /home/airflow/.local/lib/python3.8/site-packages/airflow/example_dags/example_sensors.py
[2024-01-09T07:36:43.144+0000] {processor.py:830} INFO - Processing file /home/airflow/.local/lib/python3.8/site-packages/airflow/example_dags/example_sensors.py for tasks to queue
[2024-01-09T07:36:43.146+0000] {logging_mixin.py:188} INFO - [2024-01-09T07:36:43.146+0000] {dagbag.py:538} INFO - Filling up the DagBag from /home/airflow/.local/lib/python3.8/site-packages/airflow/example_dags/example_sensors.py
[2024-01-09T07:36:43.154+0000] {processor.py:840} INFO - DAG(s) 'example_sensors' retrieved from /home/airflow/.local/lib/python3.8/site-packages/airflow/example_dags/example_sensors.py
[2024-01-09T07:36:43.174+0000] {logging_mixin.py:188} INFO - [2024-01-09T07:36:43.174+0000] {dag.py:3033} INFO - Sync 1 DAGs
[2024-01-09T07:36:43.184+0000] {logging_mixin.py:188} INFO - [2024-01-09T07:36:43.183+0000] {dag.py:3820} INFO - Setting next_dagrun for example_sensors to None, run_after=None
[2024-01-09T07:36:43.197+0000] {processor.py:183} INFO - Processing /home/airflow/.local/lib/python3.8/site-packages/airflow/example_dags/example_sensors.py took 0.057 seconds
[2024-01-09T07:37:13.522+0000] {processor.py:161} INFO - Started process (PID=255) to work on /home/airflow/.local/lib/python3.8/site-packages/airflow/example_dags/example_sensors.py
[2024-01-09T07:37:13.524+0000] {processor.py:830} INFO - Processing file /home/airflow/.local/lib/python3.8/site-packages/airflow/example_dags/example_sensors.py for tasks to queue
[2024-01-09T07:37:13.526+0000] {logging_mixin.py:188} INFO - [2024-01-09T07:37:13.526+0000] {dagbag.py:538} INFO - Filling up the DagBag from /home/airflow/.local/lib/python3.8/site-packages/airflow/example_dags/example_sensors.py
[2024-01-09T07:37:13.535+0000] {processor.py:840} INFO - DAG(s) 'example_sensors' retrieved from /home/airflow/.local/lib/python3.8/site-packages/airflow/example_dags/example_sensors.py
[2024-01-09T07:37:13.554+0000] {logging_mixin.py:188} INFO - [2024-01-09T07:37:13.554+0000] {dag.py:3033} INFO - Sync 1 DAGs
[2024-01-09T07:37:13.563+0000] {logging_mixin.py:188} INFO - [2024-01-09T07:37:13.563+0000] {dag.py:3820} INFO - Setting next_dagrun for example_sensors to None, run_after=None
[2024-01-09T07:37:13.575+0000] {processor.py:183} INFO - Processing /home/airflow/.local/lib/python3.8/site-packages/airflow/example_dags/example_sensors.py took 0.057 seconds
[2024-01-09T07:37:43.992+0000] {processor.py:161} INFO - Started process (PID=310) to work on /home/airflow/.local/lib/python3.8/site-packages/airflow/example_dags/example_sensors.py
[2024-01-09T07:37:43.993+0000] {processor.py:830} INFO - Processing file /home/airflow/.local/lib/python3.8/site-packages/airflow/example_dags/example_sensors.py for tasks to queue
[2024-01-09T07:37:43.996+0000] {logging_mixin.py:188} INFO - [2024-01-09T07:37:43.995+0000] {dagbag.py:538} INFO - Filling up the DagBag from /home/airflow/.local/lib/python3.8/site-packages/airflow/example_dags/example_sensors.py
[2024-01-09T07:37:44.005+0000] {processor.py:840} INFO - DAG(s) 'example_sensors' retrieved from /home/airflow/.local/lib/python3.8/site-packages/airflow/example_dags/example_sensors.py
[2024-01-09T07:37:44.026+0000] {logging_mixin.py:188} INFO - [2024-01-09T07:37:44.026+0000] {dag.py:3033} INFO - Sync 1 DAGs
[2024-01-09T07:37:44.035+0000] {logging_mixin.py:188} INFO - [2024-01-09T07:37:44.035+0000] {dag.py:3820} INFO - Setting next_dagrun for example_sensors to None, run_after=None
[2024-01-09T07:37:44.047+0000] {processor.py:183} INFO - Processing /home/airflow/.local/lib/python3.8/site-packages/airflow/example_dags/example_sensors.py took 0.061 seconds
[2024-01-09T07:38:14.347+0000] {processor.py:161} INFO - Started process (PID=365) to work on /home/airflow/.local/lib/python3.8/site-packages/airflow/example_dags/example_sensors.py
[2024-01-09T07:38:14.348+0000] {processor.py:830} INFO - Processing file /home/airflow/.local/lib/python3.8/site-packages/airflow/example_dags/example_sensors.py for tasks to queue
[2024-01-09T07:38:14.351+0000] {logging_mixin.py:188} INFO - [2024-01-09T07:38:14.351+0000] {dagbag.py:538} INFO - Filling up the DagBag from /home/airflow/.local/lib/python3.8/site-packages/airflow/example_dags/example_sensors.py
[2024-01-09T07:38:14.364+0000] {processor.py:840} INFO - DAG(s) 'example_sensors' retrieved from /home/airflow/.local/lib/python3.8/site-packages/airflow/example_dags/example_sensors.py
[2024-01-09T07:38:14.389+0000] {logging_mixin.py:188} INFO - [2024-01-09T07:38:14.388+0000] {dag.py:3033} INFO - Sync 1 DAGs
[2024-01-09T07:38:14.399+0000] {logging_mixin.py:188} INFO - [2024-01-09T07:38:14.399+0000] {dag.py:3820} INFO - Setting next_dagrun for example_sensors to None, run_after=None
[2024-01-09T07:38:14.413+0000] {processor.py:183} INFO - Processing /home/airflow/.local/lib/python3.8/site-packages/airflow/example_dags/example_sensors.py took 0.072 seconds
[2024-01-09T07:38:44.910+0000] {processor.py:161} INFO - Started process (PID=420) to work on /home/airflow/.local/lib/python3.8/site-packages/airflow/example_dags/example_sensors.py
[2024-01-09T07:38:44.912+0000] {processor.py:830} INFO - Processing file /home/airflow/.local/lib/python3.8/site-packages/airflow/example_dags/example_sensors.py for tasks to queue
[2024-01-09T07:38:44.914+0000] {logging_mixin.py:188} INFO - [2024-01-09T07:38:44.914+0000] {dagbag.py:538} INFO - Filling up the DagBag from /home/airflow/.local/lib/python3.8/site-packages/airflow/example_dags/example_sensors.py
[2024-01-09T07:38:44.924+0000] {processor.py:840} INFO - DAG(s) 'example_sensors' retrieved from /home/airflow/.local/lib/python3.8/site-packages/airflow/example_dags/example_sensors.py
[2024-01-09T07:38:44.943+0000] {logging_mixin.py:188} INFO - [2024-01-09T07:38:44.943+0000] {dag.py:3033} INFO - Sync 1 DAGs
[2024-01-09T07:38:44.953+0000] {logging_mixin.py:188} INFO - [2024-01-09T07:38:44.953+0000] {dag.py:3820} INFO - Setting next_dagrun for example_sensors to None, run_after=None
[2024-01-09T07:38:44.968+0000] {processor.py:183} INFO - Processing /home/airflow/.local/lib/python3.8/site-packages/airflow/example_dags/example_sensors.py took 0.061 seconds
[2024-01-09T07:39:15.239+0000] {processor.py:161} INFO - Started process (PID=475) to work on /home/airflow/.local/lib/python3.8/site-packages/airflow/example_dags/example_sensors.py
[2024-01-09T07:39:15.241+0000] {processor.py:830} INFO - Processing file /home/airflow/.local/lib/python3.8/site-packages/airflow/example_dags/example_sensors.py for tasks to queue
[2024-01-09T07:39:15.243+0000] {logging_mixin.py:188} INFO - [2024-01-09T07:39:15.243+0000] {dagbag.py:538} INFO - Filling up the DagBag from /home/airflow/.local/lib/python3.8/site-packages/airflow/example_dags/example_sensors.py
[2024-01-09T07:39:15.254+0000] {processor.py:840} INFO - DAG(s) 'example_sensors' retrieved from /home/airflow/.local/lib/python3.8/site-packages/airflow/example_dags/example_sensors.py
[2024-01-09T07:39:15.276+0000] {logging_mixin.py:188} INFO - [2024-01-09T07:39:15.276+0000] {dag.py:3033} INFO - Sync 1 DAGs
[2024-01-09T07:39:15.285+0000] {logging_mixin.py:188} INFO - [2024-01-09T07:39:15.285+0000] {dag.py:3820} INFO - Setting next_dagrun for example_sensors to None, run_after=None
[2024-01-09T07:39:15.299+0000] {processor.py:183} INFO - Processing /home/airflow/.local/lib/python3.8/site-packages/airflow/example_dags/example_sensors.py took 0.065 seconds
[2024-01-09T07:39:45.698+0000] {processor.py:161} INFO - Started process (PID=530) to work on /home/airflow/.local/lib/python3.8/site-packages/airflow/example_dags/example_sensors.py
[2024-01-09T07:39:45.699+0000] {processor.py:830} INFO - Processing file /home/airflow/.local/lib/python3.8/site-packages/airflow/example_dags/example_sensors.py for tasks to queue
[2024-01-09T07:39:45.703+0000] {logging_mixin.py:188} INFO - [2024-01-09T07:39:45.702+0000] {dagbag.py:538} INFO - Filling up the DagBag from /home/airflow/.local/lib/python3.8/site-packages/airflow/example_dags/example_sensors.py
[2024-01-09T07:39:45.712+0000] {processor.py:840} INFO - DAG(s) 'example_sensors' retrieved from /home/airflow/.local/lib/python3.8/site-packages/airflow/example_dags/example_sensors.py
[2024-01-09T07:39:45.734+0000] {logging_mixin.py:188} INFO - [2024-01-09T07:39:45.734+0000] {dag.py:3033} INFO - Sync 1 DAGs
[2024-01-09T07:39:45.744+0000] {logging_mixin.py:188} INFO - [2024-01-09T07:39:45.744+0000] {dag.py:3820} INFO - Setting next_dagrun for example_sensors to None, run_after=None
[2024-01-09T07:39:45.759+0000] {processor.py:183} INFO - Processing /home/airflow/.local/lib/python3.8/site-packages/airflow/example_dags/example_sensors.py took 0.065 seconds
[2024-01-09T07:40:16.100+0000] {processor.py:161} INFO - Started process (PID=585) to work on /home/airflow/.local/lib/python3.8/site-packages/airflow/example_dags/example_sensors.py
[2024-01-09T07:40:16.101+0000] {processor.py:830} INFO - Processing file /home/airflow/.local/lib/python3.8/site-packages/airflow/example_dags/example_sensors.py for tasks to queue
[2024-01-09T07:40:16.103+0000] {logging_mixin.py:188} INFO - [2024-01-09T07:40:16.102+0000] {dagbag.py:538} INFO - Filling up the DagBag from /home/airflow/.local/lib/python3.8/site-packages/airflow/example_dags/example_sensors.py
[2024-01-09T07:40:16.110+0000] {processor.py:840} INFO - DAG(s) 'example_sensors' retrieved from /home/airflow/.local/lib/python3.8/site-packages/airflow/example_dags/example_sensors.py
[2024-01-09T07:40:16.131+0000] {logging_mixin.py:188} INFO - [2024-01-09T07:40:16.131+0000] {dag.py:3033} INFO - Sync 1 DAGs
[2024-01-09T07:40:16.140+0000] {logging_mixin.py:188} INFO - [2024-01-09T07:40:16.140+0000] {dag.py:3820} INFO - Setting next_dagrun for example_sensors to None, run_after=None
[2024-01-09T07:40:16.155+0000] {processor.py:183} INFO - Processing /home/airflow/.local/lib/python3.8/site-packages/airflow/example_dags/example_sensors.py took 0.058 seconds
[2024-01-09T07:40:46.787+0000] {processor.py:161} INFO - Started process (PID=640) to work on /home/airflow/.local/lib/python3.8/site-packages/airflow/example_dags/example_sensors.py
[2024-01-09T07:40:46.788+0000] {processor.py:830} INFO - Processing file /home/airflow/.local/lib/python3.8/site-packages/airflow/example_dags/example_sensors.py for tasks to queue
[2024-01-09T07:40:46.791+0000] {logging_mixin.py:188} INFO - [2024-01-09T07:40:46.791+0000] {dagbag.py:538} INFO - Filling up the DagBag from /home/airflow/.local/lib/python3.8/site-packages/airflow/example_dags/example_sensors.py
[2024-01-09T07:40:46.800+0000] {processor.py:840} INFO - DAG(s) 'example_sensors' retrieved from /home/airflow/.local/lib/python3.8/site-packages/airflow/example_dags/example_sensors.py
[2024-01-09T07:40:46.822+0000] {logging_mixin.py:188} INFO - [2024-01-09T07:40:46.822+0000] {dag.py:3033} INFO - Sync 1 DAGs
[2024-01-09T07:40:46.833+0000] {logging_mixin.py:188} INFO - [2024-01-09T07:40:46.833+0000] {dag.py:3820} INFO - Setting next_dagrun for example_sensors to None, run_after=None
[2024-01-09T07:40:46.849+0000] {processor.py:183} INFO - Processing /home/airflow/.local/lib/python3.8/site-packages/airflow/example_dags/example_sensors.py took 0.069 seconds
[2024-01-09T07:41:17.036+0000] {processor.py:161} INFO - Started process (PID=695) to work on /home/airflow/.local/lib/python3.8/site-packages/airflow/example_dags/example_sensors.py
[2024-01-09T07:41:17.038+0000] {processor.py:830} INFO - Processing file /home/airflow/.local/lib/python3.8/site-packages/airflow/example_dags/example_sensors.py for tasks to queue
[2024-01-09T07:41:17.042+0000] {logging_mixin.py:188} INFO - [2024-01-09T07:41:17.041+0000] {dagbag.py:538} INFO - Filling up the DagBag from /home/airflow/.local/lib/python3.8/site-packages/airflow/example_dags/example_sensors.py
[2024-01-09T07:41:17.056+0000] {processor.py:840} INFO - DAG(s) 'example_sensors' retrieved from /home/airflow/.local/lib/python3.8/site-packages/airflow/example_dags/example_sensors.py
[2024-01-09T07:41:17.090+0000] {logging_mixin.py:188} INFO - [2024-01-09T07:41:17.090+0000] {dag.py:3033} INFO - Sync 1 DAGs
[2024-01-09T07:41:17.106+0000] {logging_mixin.py:188} INFO - [2024-01-09T07:41:17.106+0000] {dag.py:3820} INFO - Setting next_dagrun for example_sensors to None, run_after=None
[2024-01-09T07:41:17.127+0000] {processor.py:183} INFO - Processing /home/airflow/.local/lib/python3.8/site-packages/airflow/example_dags/example_sensors.py took 0.097 seconds
[2024-01-09T07:41:47.424+0000] {processor.py:161} INFO - Started process (PID=750) to work on /home/airflow/.local/lib/python3.8/site-packages/airflow/example_dags/example_sensors.py
[2024-01-09T07:41:47.426+0000] {processor.py:830} INFO - Processing file /home/airflow/.local/lib/python3.8/site-packages/airflow/example_dags/example_sensors.py for tasks to queue
[2024-01-09T07:41:47.429+0000] {logging_mixin.py:188} INFO - [2024-01-09T07:41:47.429+0000] {dagbag.py:538} INFO - Filling up the DagBag from /home/airflow/.local/lib/python3.8/site-packages/airflow/example_dags/example_sensors.py
[2024-01-09T07:41:47.439+0000] {processor.py:840} INFO - DAG(s) 'example_sensors' retrieved from /home/airflow/.local/lib/python3.8/site-packages/airflow/example_dags/example_sensors.py
[2024-01-09T07:41:47.462+0000] {logging_mixin.py:188} INFO - [2024-01-09T07:41:47.462+0000] {dag.py:3033} INFO - Sync 1 DAGs
[2024-01-09T07:41:47.472+0000] {logging_mixin.py:188} INFO - [2024-01-09T07:41:47.472+0000] {dag.py:3820} INFO - Setting next_dagrun for example_sensors to None, run_after=None
[2024-01-09T07:41:47.486+0000] {processor.py:183} INFO - Processing /home/airflow/.local/lib/python3.8/site-packages/airflow/example_dags/example_sensors.py took 0.066 seconds
[2024-01-09T07:42:17.839+0000] {processor.py:161} INFO - Started process (PID=805) to work on /home/airflow/.local/lib/python3.8/site-packages/airflow/example_dags/example_sensors.py
[2024-01-09T07:42:17.840+0000] {processor.py:830} INFO - Processing file /home/airflow/.local/lib/python3.8/site-packages/airflow/example_dags/example_sensors.py for tasks to queue
[2024-01-09T07:42:17.842+0000] {logging_mixin.py:188} INFO - [2024-01-09T07:42:17.842+0000] {dagbag.py:538} INFO - Filling up the DagBag from /home/airflow/.local/lib/python3.8/site-packages/airflow/example_dags/example_sensors.py
[2024-01-09T07:42:17.851+0000] {processor.py:840} INFO - DAG(s) 'example_sensors' retrieved from /home/airflow/.local/lib/python3.8/site-packages/airflow/example_dags/example_sensors.py
[2024-01-09T07:42:17.871+0000] {logging_mixin.py:188} INFO - [2024-01-09T07:42:17.871+0000] {dag.py:3033} INFO - Sync 1 DAGs
[2024-01-09T07:42:17.881+0000] {logging_mixin.py:188} INFO - [2024-01-09T07:42:17.881+0000] {dag.py:3820} INFO - Setting next_dagrun for example_sensors to None, run_after=None
[2024-01-09T07:42:17.895+0000] {processor.py:183} INFO - Processing /home/airflow/.local/lib/python3.8/site-packages/airflow/example_dags/example_sensors.py took 0.061 seconds
[2024-01-09T07:42:48.653+0000] {processor.py:161} INFO - Started process (PID=860) to work on /home/airflow/.local/lib/python3.8/site-packages/airflow/example_dags/example_sensors.py
[2024-01-09T07:42:48.654+0000] {processor.py:830} INFO - Processing file /home/airflow/.local/lib/python3.8/site-packages/airflow/example_dags/example_sensors.py for tasks to queue
[2024-01-09T07:42:48.657+0000] {logging_mixin.py:188} INFO - [2024-01-09T07:42:48.656+0000] {dagbag.py:538} INFO - Filling up the DagBag from /home/airflow/.local/lib/python3.8/site-packages/airflow/example_dags/example_sensors.py
[2024-01-09T07:42:48.667+0000] {processor.py:840} INFO - DAG(s) 'example_sensors' retrieved from /home/airflow/.local/lib/python3.8/site-packages/airflow/example_dags/example_sensors.py
[2024-01-09T07:42:48.691+0000] {logging_mixin.py:188} INFO - [2024-01-09T07:42:48.690+0000] {dag.py:3033} INFO - Sync 1 DAGs
[2024-01-09T07:42:48.702+0000] {logging_mixin.py:188} INFO - [2024-01-09T07:42:48.702+0000] {dag.py:3820} INFO - Setting next_dagrun for example_sensors to None, run_after=None
[2024-01-09T07:42:48.717+0000] {processor.py:183} INFO - Processing /home/airflow/.local/lib/python3.8/site-packages/airflow/example_dags/example_sensors.py took 0.068 seconds
[2024-01-09T07:43:18.854+0000] {processor.py:161} INFO - Started process (PID=915) to work on /home/airflow/.local/lib/python3.8/site-packages/airflow/example_dags/example_sensors.py
[2024-01-09T07:43:18.855+0000] {processor.py:830} INFO - Processing file /home/airflow/.local/lib/python3.8/site-packages/airflow/example_dags/example_sensors.py for tasks to queue
[2024-01-09T07:43:18.858+0000] {logging_mixin.py:188} INFO - [2024-01-09T07:43:18.857+0000] {dagbag.py:538} INFO - Filling up the DagBag from /home/airflow/.local/lib/python3.8/site-packages/airflow/example_dags/example_sensors.py
[2024-01-09T07:43:18.868+0000] {processor.py:840} INFO - DAG(s) 'example_sensors' retrieved from /home/airflow/.local/lib/python3.8/site-packages/airflow/example_dags/example_sensors.py
[2024-01-09T07:43:18.891+0000] {logging_mixin.py:188} INFO - [2024-01-09T07:43:18.891+0000] {dag.py:3033} INFO - Sync 1 DAGs
[2024-01-09T07:43:18.902+0000] {logging_mixin.py:188} INFO - [2024-01-09T07:43:18.902+0000] {dag.py:3820} INFO - Setting next_dagrun for example_sensors to None, run_after=None
[2024-01-09T07:43:18.917+0000] {processor.py:183} INFO - Processing /home/airflow/.local/lib/python3.8/site-packages/airflow/example_dags/example_sensors.py took 0.067 seconds
[2024-01-09T07:43:49.616+0000] {processor.py:161} INFO - Started process (PID=970) to work on /home/airflow/.local/lib/python3.8/site-packages/airflow/example_dags/example_sensors.py
[2024-01-09T07:43:49.618+0000] {processor.py:830} INFO - Processing file /home/airflow/.local/lib/python3.8/site-packages/airflow/example_dags/example_sensors.py for tasks to queue
[2024-01-09T07:43:49.620+0000] {logging_mixin.py:188} INFO - [2024-01-09T07:43:49.620+0000] {dagbag.py:538} INFO - Filling up the DagBag from /home/airflow/.local/lib/python3.8/site-packages/airflow/example_dags/example_sensors.py
[2024-01-09T07:43:49.630+0000] {processor.py:840} INFO - DAG(s) 'example_sensors' retrieved from /home/airflow/.local/lib/python3.8/site-packages/airflow/example_dags/example_sensors.py
[2024-01-09T07:43:49.652+0000] {logging_mixin.py:188} INFO - [2024-01-09T07:43:49.652+0000] {dag.py:3033} INFO - Sync 1 DAGs
[2024-01-09T07:43:49.661+0000] {logging_mixin.py:188} INFO - [2024-01-09T07:43:49.661+0000] {dag.py:3820} INFO - Setting next_dagrun for example_sensors to None, run_after=None
[2024-01-09T07:43:49.676+0000] {processor.py:183} INFO - Processing /home/airflow/.local/lib/python3.8/site-packages/airflow/example_dags/example_sensors.py took 0.064 seconds
[2024-01-09T07:44:19.831+0000] {processor.py:161} INFO - Started process (PID=1024) to work on /home/airflow/.local/lib/python3.8/site-packages/airflow/example_dags/example_sensors.py
[2024-01-09T07:44:19.832+0000] {processor.py:830} INFO - Processing file /home/airflow/.local/lib/python3.8/site-packages/airflow/example_dags/example_sensors.py for tasks to queue
[2024-01-09T07:44:19.835+0000] {logging_mixin.py:188} INFO - [2024-01-09T07:44:19.835+0000] {dagbag.py:538} INFO - Filling up the DagBag from /home/airflow/.local/lib/python3.8/site-packages/airflow/example_dags/example_sensors.py
[2024-01-09T07:44:19.844+0000] {processor.py:840} INFO - DAG(s) 'example_sensors' retrieved from /home/airflow/.local/lib/python3.8/site-packages/airflow/example_dags/example_sensors.py
[2024-01-09T07:44:19.864+0000] {logging_mixin.py:188} INFO - [2024-01-09T07:44:19.864+0000] {dag.py:3033} INFO - Sync 1 DAGs
[2024-01-09T07:44:19.873+0000] {logging_mixin.py:188} INFO - [2024-01-09T07:44:19.873+0000] {dag.py:3820} INFO - Setting next_dagrun for example_sensors to None, run_after=None
[2024-01-09T07:44:19.888+0000] {processor.py:183} INFO - Processing /home/airflow/.local/lib/python3.8/site-packages/airflow/example_dags/example_sensors.py took 0.062 seconds
[2024-01-09T07:44:50.140+0000] {processor.py:161} INFO - Started process (PID=1079) to work on /home/airflow/.local/lib/python3.8/site-packages/airflow/example_dags/example_sensors.py
[2024-01-09T07:44:50.142+0000] {processor.py:830} INFO - Processing file /home/airflow/.local/lib/python3.8/site-packages/airflow/example_dags/example_sensors.py for tasks to queue
[2024-01-09T07:44:50.144+0000] {logging_mixin.py:188} INFO - [2024-01-09T07:44:50.144+0000] {dagbag.py:538} INFO - Filling up the DagBag from /home/airflow/.local/lib/python3.8/site-packages/airflow/example_dags/example_sensors.py
[2024-01-09T07:44:50.153+0000] {processor.py:840} INFO - DAG(s) 'example_sensors' retrieved from /home/airflow/.local/lib/python3.8/site-packages/airflow/example_dags/example_sensors.py
[2024-01-09T07:44:50.175+0000] {logging_mixin.py:188} INFO - [2024-01-09T07:44:50.174+0000] {dag.py:3033} INFO - Sync 1 DAGs
[2024-01-09T07:44:50.184+0000] {logging_mixin.py:188} INFO - [2024-01-09T07:44:50.183+0000] {dag.py:3820} INFO - Setting next_dagrun for example_sensors to None, run_after=None
[2024-01-09T07:44:50.196+0000] {processor.py:183} INFO - Processing /home/airflow/.local/lib/python3.8/site-packages/airflow/example_dags/example_sensors.py took 0.061 seconds
[2024-01-09T07:45:20.438+0000] {processor.py:161} INFO - Started process (PID=1133) to work on /home/airflow/.local/lib/python3.8/site-packages/airflow/example_dags/example_sensors.py
[2024-01-09T07:45:20.439+0000] {processor.py:830} INFO - Processing file /home/airflow/.local/lib/python3.8/site-packages/airflow/example_dags/example_sensors.py for tasks to queue
[2024-01-09T07:45:20.440+0000] {logging_mixin.py:188} INFO - [2024-01-09T07:45:20.440+0000] {dagbag.py:538} INFO - Filling up the DagBag from /home/airflow/.local/lib/python3.8/site-packages/airflow/example_dags/example_sensors.py
[2024-01-09T07:45:20.448+0000] {processor.py:840} INFO - DAG(s) 'example_sensors' retrieved from /home/airflow/.local/lib/python3.8/site-packages/airflow/example_dags/example_sensors.py
[2024-01-09T07:45:20.467+0000] {logging_mixin.py:188} INFO - [2024-01-09T07:45:20.467+0000] {dag.py:3033} INFO - Sync 1 DAGs
[2024-01-09T07:45:20.476+0000] {logging_mixin.py:188} INFO - [2024-01-09T07:45:20.476+0000] {dag.py:3820} INFO - Setting next_dagrun for example_sensors to None, run_after=None
[2024-01-09T07:45:20.489+0000] {processor.py:183} INFO - Processing /home/airflow/.local/lib/python3.8/site-packages/airflow/example_dags/example_sensors.py took 0.055 seconds
[2024-01-09T07:45:50.920+0000] {processor.py:161} INFO - Started process (PID=1188) to work on /home/airflow/.local/lib/python3.8/site-packages/airflow/example_dags/example_sensors.py
[2024-01-09T07:45:50.921+0000] {processor.py:830} INFO - Processing file /home/airflow/.local/lib/python3.8/site-packages/airflow/example_dags/example_sensors.py for tasks to queue
[2024-01-09T07:45:50.924+0000] {logging_mixin.py:188} INFO - [2024-01-09T07:45:50.924+0000] {dagbag.py:538} INFO - Filling up the DagBag from /home/airflow/.local/lib/python3.8/site-packages/airflow/example_dags/example_sensors.py
[2024-01-09T07:45:50.935+0000] {processor.py:840} INFO - DAG(s) 'example_sensors' retrieved from /home/airflow/.local/lib/python3.8/site-packages/airflow/example_dags/example_sensors.py
[2024-01-09T07:45:50.955+0000] {logging_mixin.py:188} INFO - [2024-01-09T07:45:50.955+0000] {dag.py:3033} INFO - Sync 1 DAGs
[2024-01-09T07:45:50.965+0000] {logging_mixin.py:188} INFO - [2024-01-09T07:45:50.965+0000] {dag.py:3820} INFO - Setting next_dagrun for example_sensors to None, run_after=None
[2024-01-09T07:45:50.977+0000] {processor.py:183} INFO - Processing /home/airflow/.local/lib/python3.8/site-packages/airflow/example_dags/example_sensors.py took 0.063 seconds
[2024-01-09T07:46:21.183+0000] {processor.py:161} INFO - Started process (PID=1243) to work on /home/airflow/.local/lib/python3.8/site-packages/airflow/example_dags/example_sensors.py
[2024-01-09T07:46:21.184+0000] {processor.py:830} INFO - Processing file /home/airflow/.local/lib/python3.8/site-packages/airflow/example_dags/example_sensors.py for tasks to queue
[2024-01-09T07:46:21.187+0000] {logging_mixin.py:188} INFO - [2024-01-09T07:46:21.187+0000] {dagbag.py:538} INFO - Filling up the DagBag from /home/airflow/.local/lib/python3.8/site-packages/airflow/example_dags/example_sensors.py
[2024-01-09T07:46:21.196+0000] {processor.py:840} INFO - DAG(s) 'example_sensors' retrieved from /home/airflow/.local/lib/python3.8/site-packages/airflow/example_dags/example_sensors.py
[2024-01-09T07:46:21.216+0000] {logging_mixin.py:188} INFO - [2024-01-09T07:46:21.216+0000] {dag.py:3033} INFO - Sync 1 DAGs
[2024-01-09T07:46:21.225+0000] {logging_mixin.py:188} INFO - [2024-01-09T07:46:21.225+0000] {dag.py:3820} INFO - Setting next_dagrun for example_sensors to None, run_after=None
[2024-01-09T07:46:21.238+0000] {processor.py:183} INFO - Processing /home/airflow/.local/lib/python3.8/site-packages/airflow/example_dags/example_sensors.py took 0.060 seconds
[2024-01-09T07:46:51.615+0000] {processor.py:161} INFO - Started process (PID=1298) to work on /home/airflow/.local/lib/python3.8/site-packages/airflow/example_dags/example_sensors.py
[2024-01-09T07:46:51.616+0000] {processor.py:830} INFO - Processing file /home/airflow/.local/lib/python3.8/site-packages/airflow/example_dags/example_sensors.py for tasks to queue
[2024-01-09T07:46:51.618+0000] {logging_mixin.py:188} INFO - [2024-01-09T07:46:51.618+0000] {dagbag.py:538} INFO - Filling up the DagBag from /home/airflow/.local/lib/python3.8/site-packages/airflow/example_dags/example_sensors.py
[2024-01-09T07:46:51.626+0000] {processor.py:840} INFO - DAG(s) 'example_sensors' retrieved from /home/airflow/.local/lib/python3.8/site-packages/airflow/example_dags/example_sensors.py
[2024-01-09T07:46:51.645+0000] {logging_mixin.py:188} INFO - [2024-01-09T07:46:51.645+0000] {dag.py:3033} INFO - Sync 1 DAGs
[2024-01-09T07:46:51.654+0000] {logging_mixin.py:188} INFO - [2024-01-09T07:46:51.654+0000] {dag.py:3820} INFO - Setting next_dagrun for example_sensors to None, run_after=None
[2024-01-09T07:46:51.667+0000] {processor.py:183} INFO - Processing /home/airflow/.local/lib/python3.8/site-packages/airflow/example_dags/example_sensors.py took 0.056 seconds
[2024-01-09T07:47:21.900+0000] {processor.py:161} INFO - Started process (PID=1353) to work on /home/airflow/.local/lib/python3.8/site-packages/airflow/example_dags/example_sensors.py
[2024-01-09T07:47:21.902+0000] {processor.py:830} INFO - Processing file /home/airflow/.local/lib/python3.8/site-packages/airflow/example_dags/example_sensors.py for tasks to queue
[2024-01-09T07:47:21.904+0000] {logging_mixin.py:188} INFO - [2024-01-09T07:47:21.904+0000] {dagbag.py:538} INFO - Filling up the DagBag from /home/airflow/.local/lib/python3.8/site-packages/airflow/example_dags/example_sensors.py
[2024-01-09T07:47:21.914+0000] {processor.py:840} INFO - DAG(s) 'example_sensors' retrieved from /home/airflow/.local/lib/python3.8/site-packages/airflow/example_dags/example_sensors.py
[2024-01-09T07:47:21.934+0000] {logging_mixin.py:188} INFO - [2024-01-09T07:47:21.934+0000] {dag.py:3033} INFO - Sync 1 DAGs
[2024-01-09T07:47:21.944+0000] {logging_mixin.py:188} INFO - [2024-01-09T07:47:21.943+0000] {dag.py:3820} INFO - Setting next_dagrun for example_sensors to None, run_after=None
[2024-01-09T07:47:21.956+0000] {processor.py:183} INFO - Processing /home/airflow/.local/lib/python3.8/site-packages/airflow/example_dags/example_sensors.py took 0.062 seconds
[2024-01-09T07:47:52.173+0000] {processor.py:161} INFO - Started process (PID=1408) to work on /home/airflow/.local/lib/python3.8/site-packages/airflow/example_dags/example_sensors.py
[2024-01-09T07:47:52.174+0000] {processor.py:830} INFO - Processing file /home/airflow/.local/lib/python3.8/site-packages/airflow/example_dags/example_sensors.py for tasks to queue
[2024-01-09T07:47:52.177+0000] {logging_mixin.py:188} INFO - [2024-01-09T07:47:52.176+0000] {dagbag.py:538} INFO - Filling up the DagBag from /home/airflow/.local/lib/python3.8/site-packages/airflow/example_dags/example_sensors.py
[2024-01-09T07:47:52.186+0000] {processor.py:840} INFO - DAG(s) 'example_sensors' retrieved from /home/airflow/.local/lib/python3.8/site-packages/airflow/example_dags/example_sensors.py
[2024-01-09T07:47:52.207+0000] {logging_mixin.py:188} INFO - [2024-01-09T07:47:52.207+0000] {dag.py:3033} INFO - Sync 1 DAGs
[2024-01-09T07:47:52.216+0000] {logging_mixin.py:188} INFO - [2024-01-09T07:47:52.216+0000] {dag.py:3820} INFO - Setting next_dagrun for example_sensors to None, run_after=None
[2024-01-09T07:47:52.228+0000] {processor.py:183} INFO - Processing /home/airflow/.local/lib/python3.8/site-packages/airflow/example_dags/example_sensors.py took 0.061 seconds
[2024-01-09T07:48:22.419+0000] {processor.py:161} INFO - Started process (PID=1463) to work on /home/airflow/.local/lib/python3.8/site-packages/airflow/example_dags/example_sensors.py
[2024-01-09T07:48:22.420+0000] {processor.py:830} INFO - Processing file /home/airflow/.local/lib/python3.8/site-packages/airflow/example_dags/example_sensors.py for tasks to queue
[2024-01-09T07:48:22.424+0000] {logging_mixin.py:188} INFO - [2024-01-09T07:48:22.424+0000] {dagbag.py:538} INFO - Filling up the DagBag from /home/airflow/.local/lib/python3.8/site-packages/airflow/example_dags/example_sensors.py
[2024-01-09T07:48:22.436+0000] {processor.py:840} INFO - DAG(s) 'example_sensors' retrieved from /home/airflow/.local/lib/python3.8/site-packages/airflow/example_dags/example_sensors.py
[2024-01-09T07:48:22.461+0000] {logging_mixin.py:188} INFO - [2024-01-09T07:48:22.461+0000] {dag.py:3033} INFO - Sync 1 DAGs
[2024-01-09T07:48:22.471+0000] {logging_mixin.py:188} INFO - [2024-01-09T07:48:22.471+0000] {dag.py:3820} INFO - Setting next_dagrun for example_sensors to None, run_after=None
[2024-01-09T07:48:22.488+0000] {processor.py:183} INFO - Processing /home/airflow/.local/lib/python3.8/site-packages/airflow/example_dags/example_sensors.py took 0.075 seconds
[2024-01-09T07:48:53.099+0000] {processor.py:161} INFO - Started process (PID=1518) to work on /home/airflow/.local/lib/python3.8/site-packages/airflow/example_dags/example_sensors.py
[2024-01-09T07:48:53.101+0000] {processor.py:830} INFO - Processing file /home/airflow/.local/lib/python3.8/site-packages/airflow/example_dags/example_sensors.py for tasks to queue
[2024-01-09T07:48:53.104+0000] {logging_mixin.py:188} INFO - [2024-01-09T07:48:53.103+0000] {dagbag.py:538} INFO - Filling up the DagBag from /home/airflow/.local/lib/python3.8/site-packages/airflow/example_dags/example_sensors.py
[2024-01-09T07:48:53.114+0000] {processor.py:840} INFO - DAG(s) 'example_sensors' retrieved from /home/airflow/.local/lib/python3.8/site-packages/airflow/example_dags/example_sensors.py
[2024-01-09T07:48:53.135+0000] {logging_mixin.py:188} INFO - [2024-01-09T07:48:53.135+0000] {dag.py:3033} INFO - Sync 1 DAGs
[2024-01-09T07:48:53.145+0000] {logging_mixin.py:188} INFO - [2024-01-09T07:48:53.144+0000] {dag.py:3820} INFO - Setting next_dagrun for example_sensors to None, run_after=None
[2024-01-09T07:48:53.157+0000] {processor.py:183} INFO - Processing /home/airflow/.local/lib/python3.8/site-packages/airflow/example_dags/example_sensors.py took 0.062 seconds
[2024-01-09T07:49:23.441+0000] {processor.py:161} INFO - Started process (PID=1573) to work on /home/airflow/.local/lib/python3.8/site-packages/airflow/example_dags/example_sensors.py
[2024-01-09T07:49:23.442+0000] {processor.py:830} INFO - Processing file /home/airflow/.local/lib/python3.8/site-packages/airflow/example_dags/example_sensors.py for tasks to queue
[2024-01-09T07:49:23.445+0000] {logging_mixin.py:188} INFO - [2024-01-09T07:49:23.445+0000] {dagbag.py:538} INFO - Filling up the DagBag from /home/airflow/.local/lib/python3.8/site-packages/airflow/example_dags/example_sensors.py
[2024-01-09T07:49:23.455+0000] {processor.py:840} INFO - DAG(s) 'example_sensors' retrieved from /home/airflow/.local/lib/python3.8/site-packages/airflow/example_dags/example_sensors.py
[2024-01-09T07:49:23.476+0000] {logging_mixin.py:188} INFO - [2024-01-09T07:49:23.476+0000] {dag.py:3033} INFO - Sync 1 DAGs
[2024-01-09T07:49:23.486+0000] {logging_mixin.py:188} INFO - [2024-01-09T07:49:23.486+0000] {dag.py:3820} INFO - Setting next_dagrun for example_sensors to None, run_after=None
[2024-01-09T07:49:23.501+0000] {processor.py:183} INFO - Processing /home/airflow/.local/lib/python3.8/site-packages/airflow/example_dags/example_sensors.py took 0.064 seconds
[2024-01-09T07:49:54.033+0000] {processor.py:161} INFO - Started process (PID=1628) to work on /home/airflow/.local/lib/python3.8/site-packages/airflow/example_dags/example_sensors.py
[2024-01-09T07:49:54.034+0000] {processor.py:830} INFO - Processing file /home/airflow/.local/lib/python3.8/site-packages/airflow/example_dags/example_sensors.py for tasks to queue
[2024-01-09T07:49:54.037+0000] {logging_mixin.py:188} INFO - [2024-01-09T07:49:54.037+0000] {dagbag.py:538} INFO - Filling up the DagBag from /home/airflow/.local/lib/python3.8/site-packages/airflow/example_dags/example_sensors.py
[2024-01-09T07:49:54.047+0000] {processor.py:840} INFO - DAG(s) 'example_sensors' retrieved from /home/airflow/.local/lib/python3.8/site-packages/airflow/example_dags/example_sensors.py
[2024-01-09T07:49:54.066+0000] {logging_mixin.py:188} INFO - [2024-01-09T07:49:54.066+0000] {dag.py:3033} INFO - Sync 1 DAGs
[2024-01-09T07:49:54.075+0000] {logging_mixin.py:188} INFO - [2024-01-09T07:49:54.075+0000] {dag.py:3820} INFO - Setting next_dagrun for example_sensors to None, run_after=None
[2024-01-09T07:49:54.088+0000] {processor.py:183} INFO - Processing /home/airflow/.local/lib/python3.8/site-packages/airflow/example_dags/example_sensors.py took 0.060 seconds
