[2024-01-09T07:35:14.198+0000] {processor.py:161} INFO - Started process (PID=71) to work on /home/airflow/.local/lib/python3.8/site-packages/airflow/example_dags/example_bash_operator.py
[2024-01-09T07:35:14.199+0000] {processor.py:830} INFO - Processing file /home/airflow/.local/lib/python3.8/site-packages/airflow/example_dags/example_bash_operator.py for tasks to queue
[2024-01-09T07:35:14.203+0000] {logging_mixin.py:188} INFO - [2024-01-09T07:35:14.203+0000] {dagbag.py:538} INFO - Filling up the DagBag from /home/airflow/.local/lib/python3.8/site-packages/airflow/example_dags/example_bash_operator.py
[2024-01-09T07:35:14.217+0000] {processor.py:840} INFO - DAG(s) 'example_bash_operator' retrieved from /home/airflow/.local/lib/python3.8/site-packages/airflow/example_dags/example_bash_operator.py
[2024-01-09T07:35:14.233+0000] {logging_mixin.py:188} INFO - [2024-01-09T07:35:14.232+0000] {dag.py:3033} INFO - Sync 1 DAGs
[2024-01-09T07:35:14.262+0000] {logging_mixin.py:188} INFO - [2024-01-09T07:35:14.262+0000] {dag.py:3820} INFO - Setting next_dagrun for example_bash_operator to 2024-01-08T00:00:00+00:00, run_after=2024-01-09T00:00:00+00:00
[2024-01-09T07:35:14.294+0000] {processor.py:183} INFO - Processing /home/airflow/.local/lib/python3.8/site-packages/airflow/example_dags/example_bash_operator.py took 0.100 seconds
[2024-01-09T07:35:44.951+0000] {processor.py:161} INFO - Started process (PID=126) to work on /home/airflow/.local/lib/python3.8/site-packages/airflow/example_dags/example_bash_operator.py
[2024-01-09T07:35:44.952+0000] {processor.py:830} INFO - Processing file /home/airflow/.local/lib/python3.8/site-packages/airflow/example_dags/example_bash_operator.py for tasks to queue
[2024-01-09T07:35:44.954+0000] {logging_mixin.py:188} INFO - [2024-01-09T07:35:44.954+0000] {dagbag.py:538} INFO - Filling up the DagBag from /home/airflow/.local/lib/python3.8/site-packages/airflow/example_dags/example_bash_operator.py
[2024-01-09T07:35:44.964+0000] {processor.py:840} INFO - DAG(s) 'example_bash_operator' retrieved from /home/airflow/.local/lib/python3.8/site-packages/airflow/example_dags/example_bash_operator.py
[2024-01-09T07:35:45.041+0000] {logging_mixin.py:188} INFO - [2024-01-09T07:35:45.041+0000] {dag.py:3033} INFO - Sync 1 DAGs
[2024-01-09T07:35:45.057+0000] {logging_mixin.py:188} INFO - [2024-01-09T07:35:45.056+0000] {dag.py:3820} INFO - Setting next_dagrun for example_bash_operator to 2024-01-08T00:00:00+00:00, run_after=2024-01-09T00:00:00+00:00
[2024-01-09T07:35:45.072+0000] {processor.py:183} INFO - Processing /home/airflow/.local/lib/python3.8/site-packages/airflow/example_dags/example_bash_operator.py took 0.124 seconds
[2024-01-09T07:36:15.500+0000] {processor.py:161} INFO - Started process (PID=181) to work on /home/airflow/.local/lib/python3.8/site-packages/airflow/example_dags/example_bash_operator.py
[2024-01-09T07:36:15.502+0000] {processor.py:830} INFO - Processing file /home/airflow/.local/lib/python3.8/site-packages/airflow/example_dags/example_bash_operator.py for tasks to queue
[2024-01-09T07:36:15.504+0000] {logging_mixin.py:188} INFO - [2024-01-09T07:36:15.504+0000] {dagbag.py:538} INFO - Filling up the DagBag from /home/airflow/.local/lib/python3.8/site-packages/airflow/example_dags/example_bash_operator.py
[2024-01-09T07:36:15.513+0000] {processor.py:840} INFO - DAG(s) 'example_bash_operator' retrieved from /home/airflow/.local/lib/python3.8/site-packages/airflow/example_dags/example_bash_operator.py
[2024-01-09T07:36:15.534+0000] {logging_mixin.py:188} INFO - [2024-01-09T07:36:15.534+0000] {dag.py:3033} INFO - Sync 1 DAGs
[2024-01-09T07:36:15.550+0000] {logging_mixin.py:188} INFO - [2024-01-09T07:36:15.550+0000] {dag.py:3820} INFO - Setting next_dagrun for example_bash_operator to 2024-01-08T00:00:00+00:00, run_after=2024-01-09T00:00:00+00:00
[2024-01-09T07:36:15.562+0000] {processor.py:183} INFO - Processing /home/airflow/.local/lib/python3.8/site-packages/airflow/example_dags/example_bash_operator.py took 0.065 seconds
[2024-01-09T07:36:45.846+0000] {processor.py:161} INFO - Started process (PID=236) to work on /home/airflow/.local/lib/python3.8/site-packages/airflow/example_dags/example_bash_operator.py
[2024-01-09T07:36:45.847+0000] {processor.py:830} INFO - Processing file /home/airflow/.local/lib/python3.8/site-packages/airflow/example_dags/example_bash_operator.py for tasks to queue
[2024-01-09T07:36:45.849+0000] {logging_mixin.py:188} INFO - [2024-01-09T07:36:45.849+0000] {dagbag.py:538} INFO - Filling up the DagBag from /home/airflow/.local/lib/python3.8/site-packages/airflow/example_dags/example_bash_operator.py
[2024-01-09T07:36:45.859+0000] {processor.py:840} INFO - DAG(s) 'example_bash_operator' retrieved from /home/airflow/.local/lib/python3.8/site-packages/airflow/example_dags/example_bash_operator.py
[2024-01-09T07:36:45.880+0000] {logging_mixin.py:188} INFO - [2024-01-09T07:36:45.880+0000] {dag.py:3033} INFO - Sync 1 DAGs
[2024-01-09T07:36:45.897+0000] {logging_mixin.py:188} INFO - [2024-01-09T07:36:45.897+0000] {dag.py:3820} INFO - Setting next_dagrun for example_bash_operator to 2024-01-08T00:00:00+00:00, run_after=2024-01-09T00:00:00+00:00
[2024-01-09T07:36:45.910+0000] {processor.py:183} INFO - Processing /home/airflow/.local/lib/python3.8/site-packages/airflow/example_dags/example_bash_operator.py took 0.067 seconds
[2024-01-09T07:37:16.217+0000] {processor.py:161} INFO - Started process (PID=291) to work on /home/airflow/.local/lib/python3.8/site-packages/airflow/example_dags/example_bash_operator.py
[2024-01-09T07:37:16.218+0000] {processor.py:830} INFO - Processing file /home/airflow/.local/lib/python3.8/site-packages/airflow/example_dags/example_bash_operator.py for tasks to queue
[2024-01-09T07:37:16.220+0000] {logging_mixin.py:188} INFO - [2024-01-09T07:37:16.220+0000] {dagbag.py:538} INFO - Filling up the DagBag from /home/airflow/.local/lib/python3.8/site-packages/airflow/example_dags/example_bash_operator.py
[2024-01-09T07:37:16.230+0000] {processor.py:840} INFO - DAG(s) 'example_bash_operator' retrieved from /home/airflow/.local/lib/python3.8/site-packages/airflow/example_dags/example_bash_operator.py
[2024-01-09T07:37:16.251+0000] {logging_mixin.py:188} INFO - [2024-01-09T07:37:16.251+0000] {dag.py:3033} INFO - Sync 1 DAGs
[2024-01-09T07:37:16.268+0000] {logging_mixin.py:188} INFO - [2024-01-09T07:37:16.268+0000] {dag.py:3820} INFO - Setting next_dagrun for example_bash_operator to 2024-01-08T00:00:00+00:00, run_after=2024-01-09T00:00:00+00:00
[2024-01-09T07:37:16.281+0000] {processor.py:183} INFO - Processing /home/airflow/.local/lib/python3.8/site-packages/airflow/example_dags/example_bash_operator.py took 0.067 seconds
[2024-01-09T07:37:46.639+0000] {processor.py:161} INFO - Started process (PID=346) to work on /home/airflow/.local/lib/python3.8/site-packages/airflow/example_dags/example_bash_operator.py
[2024-01-09T07:37:46.640+0000] {processor.py:830} INFO - Processing file /home/airflow/.local/lib/python3.8/site-packages/airflow/example_dags/example_bash_operator.py for tasks to queue
[2024-01-09T07:37:46.642+0000] {logging_mixin.py:188} INFO - [2024-01-09T07:37:46.642+0000] {dagbag.py:538} INFO - Filling up the DagBag from /home/airflow/.local/lib/python3.8/site-packages/airflow/example_dags/example_bash_operator.py
[2024-01-09T07:37:46.652+0000] {processor.py:840} INFO - DAG(s) 'example_bash_operator' retrieved from /home/airflow/.local/lib/python3.8/site-packages/airflow/example_dags/example_bash_operator.py
[2024-01-09T07:37:46.676+0000] {logging_mixin.py:188} INFO - [2024-01-09T07:37:46.676+0000] {dag.py:3033} INFO - Sync 1 DAGs
[2024-01-09T07:37:46.696+0000] {logging_mixin.py:188} INFO - [2024-01-09T07:37:46.696+0000] {dag.py:3820} INFO - Setting next_dagrun for example_bash_operator to 2024-01-08T00:00:00+00:00, run_after=2024-01-09T00:00:00+00:00
[2024-01-09T07:37:46.713+0000] {processor.py:183} INFO - Processing /home/airflow/.local/lib/python3.8/site-packages/airflow/example_dags/example_bash_operator.py took 0.078 seconds
[2024-01-09T07:38:17.193+0000] {processor.py:161} INFO - Started process (PID=401) to work on /home/airflow/.local/lib/python3.8/site-packages/airflow/example_dags/example_bash_operator.py
[2024-01-09T07:38:17.194+0000] {processor.py:830} INFO - Processing file /home/airflow/.local/lib/python3.8/site-packages/airflow/example_dags/example_bash_operator.py for tasks to queue
[2024-01-09T07:38:17.196+0000] {logging_mixin.py:188} INFO - [2024-01-09T07:38:17.195+0000] {dagbag.py:538} INFO - Filling up the DagBag from /home/airflow/.local/lib/python3.8/site-packages/airflow/example_dags/example_bash_operator.py
[2024-01-09T07:38:17.206+0000] {processor.py:840} INFO - DAG(s) 'example_bash_operator' retrieved from /home/airflow/.local/lib/python3.8/site-packages/airflow/example_dags/example_bash_operator.py
[2024-01-09T07:38:17.228+0000] {logging_mixin.py:188} INFO - [2024-01-09T07:38:17.228+0000] {dag.py:3033} INFO - Sync 1 DAGs
[2024-01-09T07:38:17.246+0000] {logging_mixin.py:188} INFO - [2024-01-09T07:38:17.246+0000] {dag.py:3820} INFO - Setting next_dagrun for example_bash_operator to 2024-01-08T00:00:00+00:00, run_after=2024-01-09T00:00:00+00:00
[2024-01-09T07:38:17.262+0000] {processor.py:183} INFO - Processing /home/airflow/.local/lib/python3.8/site-packages/airflow/example_dags/example_bash_operator.py took 0.073 seconds
[2024-01-09T07:38:47.580+0000] {processor.py:161} INFO - Started process (PID=456) to work on /home/airflow/.local/lib/python3.8/site-packages/airflow/example_dags/example_bash_operator.py
[2024-01-09T07:38:47.581+0000] {processor.py:830} INFO - Processing file /home/airflow/.local/lib/python3.8/site-packages/airflow/example_dags/example_bash_operator.py for tasks to queue
[2024-01-09T07:38:47.584+0000] {logging_mixin.py:188} INFO - [2024-01-09T07:38:47.583+0000] {dagbag.py:538} INFO - Filling up the DagBag from /home/airflow/.local/lib/python3.8/site-packages/airflow/example_dags/example_bash_operator.py
[2024-01-09T07:38:47.592+0000] {processor.py:840} INFO - DAG(s) 'example_bash_operator' retrieved from /home/airflow/.local/lib/python3.8/site-packages/airflow/example_dags/example_bash_operator.py
[2024-01-09T07:38:47.613+0000] {logging_mixin.py:188} INFO - [2024-01-09T07:38:47.612+0000] {dag.py:3033} INFO - Sync 1 DAGs
[2024-01-09T07:38:47.629+0000] {logging_mixin.py:188} INFO - [2024-01-09T07:38:47.629+0000] {dag.py:3820} INFO - Setting next_dagrun for example_bash_operator to 2024-01-08T00:00:00+00:00, run_after=2024-01-09T00:00:00+00:00
[2024-01-09T07:38:47.657+0000] {processor.py:183} INFO - Processing /home/airflow/.local/lib/python3.8/site-packages/airflow/example_dags/example_bash_operator.py took 0.079 seconds
[2024-01-09T07:39:18.011+0000] {processor.py:161} INFO - Started process (PID=511) to work on /home/airflow/.local/lib/python3.8/site-packages/airflow/example_dags/example_bash_operator.py
[2024-01-09T07:39:18.012+0000] {processor.py:830} INFO - Processing file /home/airflow/.local/lib/python3.8/site-packages/airflow/example_dags/example_bash_operator.py for tasks to queue
[2024-01-09T07:39:18.014+0000] {logging_mixin.py:188} INFO - [2024-01-09T07:39:18.014+0000] {dagbag.py:538} INFO - Filling up the DagBag from /home/airflow/.local/lib/python3.8/site-packages/airflow/example_dags/example_bash_operator.py
[2024-01-09T07:39:18.025+0000] {processor.py:840} INFO - DAG(s) 'example_bash_operator' retrieved from /home/airflow/.local/lib/python3.8/site-packages/airflow/example_dags/example_bash_operator.py
[2024-01-09T07:39:18.047+0000] {logging_mixin.py:188} INFO - [2024-01-09T07:39:18.047+0000] {dag.py:3033} INFO - Sync 1 DAGs
[2024-01-09T07:39:18.065+0000] {logging_mixin.py:188} INFO - [2024-01-09T07:39:18.065+0000] {dag.py:3820} INFO - Setting next_dagrun for example_bash_operator to 2024-01-08T00:00:00+00:00, run_after=2024-01-09T00:00:00+00:00
[2024-01-09T07:39:18.079+0000] {processor.py:183} INFO - Processing /home/airflow/.local/lib/python3.8/site-packages/airflow/example_dags/example_bash_operator.py took 0.071 seconds
[2024-01-09T07:39:48.419+0000] {processor.py:161} INFO - Started process (PID=566) to work on /home/airflow/.local/lib/python3.8/site-packages/airflow/example_dags/example_bash_operator.py
[2024-01-09T07:39:48.420+0000] {processor.py:830} INFO - Processing file /home/airflow/.local/lib/python3.8/site-packages/airflow/example_dags/example_bash_operator.py for tasks to queue
[2024-01-09T07:39:48.422+0000] {logging_mixin.py:188} INFO - [2024-01-09T07:39:48.422+0000] {dagbag.py:538} INFO - Filling up the DagBag from /home/airflow/.local/lib/python3.8/site-packages/airflow/example_dags/example_bash_operator.py
[2024-01-09T07:39:48.431+0000] {processor.py:840} INFO - DAG(s) 'example_bash_operator' retrieved from /home/airflow/.local/lib/python3.8/site-packages/airflow/example_dags/example_bash_operator.py
[2024-01-09T07:39:48.453+0000] {logging_mixin.py:188} INFO - [2024-01-09T07:39:48.453+0000] {dag.py:3033} INFO - Sync 1 DAGs
[2024-01-09T07:39:48.470+0000] {logging_mixin.py:188} INFO - [2024-01-09T07:39:48.470+0000] {dag.py:3820} INFO - Setting next_dagrun for example_bash_operator to 2024-01-08T00:00:00+00:00, run_after=2024-01-09T00:00:00+00:00
[2024-01-09T07:39:48.484+0000] {processor.py:183} INFO - Processing /home/airflow/.local/lib/python3.8/site-packages/airflow/example_dags/example_bash_operator.py took 0.069 seconds
[2024-01-09T07:40:19.173+0000] {processor.py:161} INFO - Started process (PID=621) to work on /home/airflow/.local/lib/python3.8/site-packages/airflow/example_dags/example_bash_operator.py
[2024-01-09T07:40:19.174+0000] {processor.py:830} INFO - Processing file /home/airflow/.local/lib/python3.8/site-packages/airflow/example_dags/example_bash_operator.py for tasks to queue
[2024-01-09T07:40:19.176+0000] {logging_mixin.py:188} INFO - [2024-01-09T07:40:19.176+0000] {dagbag.py:538} INFO - Filling up the DagBag from /home/airflow/.local/lib/python3.8/site-packages/airflow/example_dags/example_bash_operator.py
[2024-01-09T07:40:19.186+0000] {processor.py:840} INFO - DAG(s) 'example_bash_operator' retrieved from /home/airflow/.local/lib/python3.8/site-packages/airflow/example_dags/example_bash_operator.py
[2024-01-09T07:40:19.207+0000] {logging_mixin.py:188} INFO - [2024-01-09T07:40:19.207+0000] {dag.py:3033} INFO - Sync 1 DAGs
[2024-01-09T07:40:19.224+0000] {logging_mixin.py:188} INFO - [2024-01-09T07:40:19.224+0000] {dag.py:3820} INFO - Setting next_dagrun for example_bash_operator to 2024-01-08T00:00:00+00:00, run_after=2024-01-09T00:00:00+00:00
[2024-01-09T07:40:19.239+0000] {processor.py:183} INFO - Processing /home/airflow/.local/lib/python3.8/site-packages/airflow/example_dags/example_bash_operator.py took 0.068 seconds
[2024-01-09T07:40:49.361+0000] {processor.py:161} INFO - Started process (PID=676) to work on /home/airflow/.local/lib/python3.8/site-packages/airflow/example_dags/example_bash_operator.py
[2024-01-09T07:40:49.362+0000] {processor.py:830} INFO - Processing file /home/airflow/.local/lib/python3.8/site-packages/airflow/example_dags/example_bash_operator.py for tasks to queue
[2024-01-09T07:40:49.364+0000] {logging_mixin.py:188} INFO - [2024-01-09T07:40:49.364+0000] {dagbag.py:538} INFO - Filling up the DagBag from /home/airflow/.local/lib/python3.8/site-packages/airflow/example_dags/example_bash_operator.py
[2024-01-09T07:40:49.375+0000] {processor.py:840} INFO - DAG(s) 'example_bash_operator' retrieved from /home/airflow/.local/lib/python3.8/site-packages/airflow/example_dags/example_bash_operator.py
[2024-01-09T07:40:49.398+0000] {logging_mixin.py:188} INFO - [2024-01-09T07:40:49.398+0000] {dag.py:3033} INFO - Sync 1 DAGs
[2024-01-09T07:40:49.416+0000] {logging_mixin.py:188} INFO - [2024-01-09T07:40:49.416+0000] {dag.py:3820} INFO - Setting next_dagrun for example_bash_operator to 2024-01-08T00:00:00+00:00, run_after=2024-01-09T00:00:00+00:00
[2024-01-09T07:40:49.429+0000] {processor.py:183} INFO - Processing /home/airflow/.local/lib/python3.8/site-packages/airflow/example_dags/example_bash_operator.py took 0.071 seconds
[2024-01-09T07:41:20.523+0000] {processor.py:161} INFO - Started process (PID=731) to work on /home/airflow/.local/lib/python3.8/site-packages/airflow/example_dags/example_bash_operator.py
[2024-01-09T07:41:20.525+0000] {processor.py:830} INFO - Processing file /home/airflow/.local/lib/python3.8/site-packages/airflow/example_dags/example_bash_operator.py for tasks to queue
[2024-01-09T07:41:20.529+0000] {logging_mixin.py:188} INFO - [2024-01-09T07:41:20.528+0000] {dagbag.py:538} INFO - Filling up the DagBag from /home/airflow/.local/lib/python3.8/site-packages/airflow/example_dags/example_bash_operator.py
[2024-01-09T07:41:20.552+0000] {processor.py:840} INFO - DAG(s) 'example_bash_operator' retrieved from /home/airflow/.local/lib/python3.8/site-packages/airflow/example_dags/example_bash_operator.py
[2024-01-09T07:41:20.606+0000] {logging_mixin.py:188} INFO - [2024-01-09T07:41:20.606+0000] {dag.py:3033} INFO - Sync 1 DAGs
[2024-01-09T07:41:20.643+0000] {logging_mixin.py:188} INFO - [2024-01-09T07:41:20.643+0000] {dag.py:3820} INFO - Setting next_dagrun for example_bash_operator to 2024-01-08T00:00:00+00:00, run_after=2024-01-09T00:00:00+00:00
[2024-01-09T07:41:20.679+0000] {processor.py:183} INFO - Processing /home/airflow/.local/lib/python3.8/site-packages/airflow/example_dags/example_bash_operator.py took 0.162 seconds
[2024-01-09T07:41:51.210+0000] {processor.py:161} INFO - Started process (PID=786) to work on /home/airflow/.local/lib/python3.8/site-packages/airflow/example_dags/example_bash_operator.py
[2024-01-09T07:41:51.211+0000] {processor.py:830} INFO - Processing file /home/airflow/.local/lib/python3.8/site-packages/airflow/example_dags/example_bash_operator.py for tasks to queue
[2024-01-09T07:41:51.213+0000] {logging_mixin.py:188} INFO - [2024-01-09T07:41:51.213+0000] {dagbag.py:538} INFO - Filling up the DagBag from /home/airflow/.local/lib/python3.8/site-packages/airflow/example_dags/example_bash_operator.py
[2024-01-09T07:41:51.223+0000] {processor.py:840} INFO - DAG(s) 'example_bash_operator' retrieved from /home/airflow/.local/lib/python3.8/site-packages/airflow/example_dags/example_bash_operator.py
[2024-01-09T07:41:51.244+0000] {logging_mixin.py:188} INFO - [2024-01-09T07:41:51.244+0000] {dag.py:3033} INFO - Sync 1 DAGs
[2024-01-09T07:41:51.261+0000] {logging_mixin.py:188} INFO - [2024-01-09T07:41:51.261+0000] {dag.py:3820} INFO - Setting next_dagrun for example_bash_operator to 2024-01-08T00:00:00+00:00, run_after=2024-01-09T00:00:00+00:00
[2024-01-09T07:41:51.275+0000] {processor.py:183} INFO - Processing /home/airflow/.local/lib/python3.8/site-packages/airflow/example_dags/example_bash_operator.py took 0.068 seconds
[2024-01-09T07:42:21.846+0000] {processor.py:161} INFO - Started process (PID=841) to work on /home/airflow/.local/lib/python3.8/site-packages/airflow/example_dags/example_bash_operator.py
[2024-01-09T07:42:21.848+0000] {processor.py:830} INFO - Processing file /home/airflow/.local/lib/python3.8/site-packages/airflow/example_dags/example_bash_operator.py for tasks to queue
[2024-01-09T07:42:21.852+0000] {logging_mixin.py:188} INFO - [2024-01-09T07:42:21.852+0000] {dagbag.py:538} INFO - Filling up the DagBag from /home/airflow/.local/lib/python3.8/site-packages/airflow/example_dags/example_bash_operator.py
[2024-01-09T07:42:21.874+0000] {processor.py:840} INFO - DAG(s) 'example_bash_operator' retrieved from /home/airflow/.local/lib/python3.8/site-packages/airflow/example_dags/example_bash_operator.py
[2024-01-09T07:42:21.919+0000] {logging_mixin.py:188} INFO - [2024-01-09T07:42:21.919+0000] {dag.py:3033} INFO - Sync 1 DAGs
[2024-01-09T07:42:21.952+0000] {logging_mixin.py:188} INFO - [2024-01-09T07:42:21.952+0000] {dag.py:3820} INFO - Setting next_dagrun for example_bash_operator to 2024-01-08T00:00:00+00:00, run_after=2024-01-09T00:00:00+00:00
[2024-01-09T07:42:21.976+0000] {processor.py:183} INFO - Processing /home/airflow/.local/lib/python3.8/site-packages/airflow/example_dags/example_bash_operator.py took 0.136 seconds
[2024-01-09T07:42:52.882+0000] {processor.py:161} INFO - Started process (PID=896) to work on /home/airflow/.local/lib/python3.8/site-packages/airflow/example_dags/example_bash_operator.py
[2024-01-09T07:42:52.883+0000] {processor.py:830} INFO - Processing file /home/airflow/.local/lib/python3.8/site-packages/airflow/example_dags/example_bash_operator.py for tasks to queue
[2024-01-09T07:42:52.886+0000] {logging_mixin.py:188} INFO - [2024-01-09T07:42:52.886+0000] {dagbag.py:538} INFO - Filling up the DagBag from /home/airflow/.local/lib/python3.8/site-packages/airflow/example_dags/example_bash_operator.py
[2024-01-09T07:42:52.895+0000] {processor.py:840} INFO - DAG(s) 'example_bash_operator' retrieved from /home/airflow/.local/lib/python3.8/site-packages/airflow/example_dags/example_bash_operator.py
[2024-01-09T07:42:52.918+0000] {logging_mixin.py:188} INFO - [2024-01-09T07:42:52.918+0000] {dag.py:3033} INFO - Sync 1 DAGs
[2024-01-09T07:42:52.936+0000] {logging_mixin.py:188} INFO - [2024-01-09T07:42:52.936+0000] {dag.py:3820} INFO - Setting next_dagrun for example_bash_operator to 2024-01-08T00:00:00+00:00, run_after=2024-01-09T00:00:00+00:00
[2024-01-09T07:42:52.952+0000] {processor.py:183} INFO - Processing /home/airflow/.local/lib/python3.8/site-packages/airflow/example_dags/example_bash_operator.py took 0.074 seconds
[2024-01-09T07:43:23.632+0000] {processor.py:161} INFO - Started process (PID=951) to work on /home/airflow/.local/lib/python3.8/site-packages/airflow/example_dags/example_bash_operator.py
[2024-01-09T07:43:23.633+0000] {processor.py:830} INFO - Processing file /home/airflow/.local/lib/python3.8/site-packages/airflow/example_dags/example_bash_operator.py for tasks to queue
[2024-01-09T07:43:23.637+0000] {logging_mixin.py:188} INFO - [2024-01-09T07:43:23.636+0000] {dagbag.py:538} INFO - Filling up the DagBag from /home/airflow/.local/lib/python3.8/site-packages/airflow/example_dags/example_bash_operator.py
[2024-01-09T07:43:23.647+0000] {processor.py:840} INFO - DAG(s) 'example_bash_operator' retrieved from /home/airflow/.local/lib/python3.8/site-packages/airflow/example_dags/example_bash_operator.py
[2024-01-09T07:43:23.678+0000] {logging_mixin.py:188} INFO - [2024-01-09T07:43:23.677+0000] {dag.py:3033} INFO - Sync 1 DAGs
[2024-01-09T07:43:23.702+0000] {logging_mixin.py:188} INFO - [2024-01-09T07:43:23.702+0000] {dag.py:3820} INFO - Setting next_dagrun for example_bash_operator to 2024-01-08T00:00:00+00:00, run_after=2024-01-09T00:00:00+00:00
[2024-01-09T07:43:23.722+0000] {processor.py:183} INFO - Processing /home/airflow/.local/lib/python3.8/site-packages/airflow/example_dags/example_bash_operator.py took 0.094 seconds
[2024-01-09T07:43:53.795+0000] {processor.py:161} INFO - Started process (PID=1006) to work on /home/airflow/.local/lib/python3.8/site-packages/airflow/example_dags/example_bash_operator.py
[2024-01-09T07:43:53.796+0000] {processor.py:830} INFO - Processing file /home/airflow/.local/lib/python3.8/site-packages/airflow/example_dags/example_bash_operator.py for tasks to queue
[2024-01-09T07:43:53.798+0000] {logging_mixin.py:188} INFO - [2024-01-09T07:43:53.798+0000] {dagbag.py:538} INFO - Filling up the DagBag from /home/airflow/.local/lib/python3.8/site-packages/airflow/example_dags/example_bash_operator.py
[2024-01-09T07:43:53.807+0000] {processor.py:840} INFO - DAG(s) 'example_bash_operator' retrieved from /home/airflow/.local/lib/python3.8/site-packages/airflow/example_dags/example_bash_operator.py
[2024-01-09T07:43:53.827+0000] {logging_mixin.py:188} INFO - [2024-01-09T07:43:53.827+0000] {dag.py:3033} INFO - Sync 1 DAGs
[2024-01-09T07:43:53.844+0000] {logging_mixin.py:188} INFO - [2024-01-09T07:43:53.844+0000] {dag.py:3820} INFO - Setting next_dagrun for example_bash_operator to 2024-01-08T00:00:00+00:00, run_after=2024-01-09T00:00:00+00:00
[2024-01-09T07:43:53.856+0000] {processor.py:183} INFO - Processing /home/airflow/.local/lib/python3.8/site-packages/airflow/example_dags/example_bash_operator.py took 0.065 seconds
[2024-01-09T07:44:24.502+0000] {processor.py:161} INFO - Started process (PID=1060) to work on /home/airflow/.local/lib/python3.8/site-packages/airflow/example_dags/example_bash_operator.py
[2024-01-09T07:44:24.502+0000] {processor.py:830} INFO - Processing file /home/airflow/.local/lib/python3.8/site-packages/airflow/example_dags/example_bash_operator.py for tasks to queue
[2024-01-09T07:44:24.504+0000] {logging_mixin.py:188} INFO - [2024-01-09T07:44:24.504+0000] {dagbag.py:538} INFO - Filling up the DagBag from /home/airflow/.local/lib/python3.8/site-packages/airflow/example_dags/example_bash_operator.py
[2024-01-09T07:44:24.514+0000] {processor.py:840} INFO - DAG(s) 'example_bash_operator' retrieved from /home/airflow/.local/lib/python3.8/site-packages/airflow/example_dags/example_bash_operator.py
[2024-01-09T07:44:24.536+0000] {logging_mixin.py:188} INFO - [2024-01-09T07:44:24.536+0000] {dag.py:3033} INFO - Sync 1 DAGs
[2024-01-09T07:44:24.553+0000] {logging_mixin.py:188} INFO - [2024-01-09T07:44:24.553+0000] {dag.py:3820} INFO - Setting next_dagrun for example_bash_operator to 2024-01-08T00:00:00+00:00, run_after=2024-01-09T00:00:00+00:00
[2024-01-09T07:44:24.566+0000] {processor.py:183} INFO - Processing /home/airflow/.local/lib/python3.8/site-packages/airflow/example_dags/example_bash_operator.py took 0.067 seconds
[2024-01-09T07:44:54.729+0000] {processor.py:161} INFO - Started process (PID=1115) to work on /home/airflow/.local/lib/python3.8/site-packages/airflow/example_dags/example_bash_operator.py
[2024-01-09T07:44:54.731+0000] {processor.py:830} INFO - Processing file /home/airflow/.local/lib/python3.8/site-packages/airflow/example_dags/example_bash_operator.py for tasks to queue
[2024-01-09T07:44:54.732+0000] {logging_mixin.py:188} INFO - [2024-01-09T07:44:54.732+0000] {dagbag.py:538} INFO - Filling up the DagBag from /home/airflow/.local/lib/python3.8/site-packages/airflow/example_dags/example_bash_operator.py
[2024-01-09T07:44:54.742+0000] {processor.py:840} INFO - DAG(s) 'example_bash_operator' retrieved from /home/airflow/.local/lib/python3.8/site-packages/airflow/example_dags/example_bash_operator.py
[2024-01-09T07:44:54.763+0000] {logging_mixin.py:188} INFO - [2024-01-09T07:44:54.763+0000] {dag.py:3033} INFO - Sync 1 DAGs
[2024-01-09T07:44:54.779+0000] {logging_mixin.py:188} INFO - [2024-01-09T07:44:54.779+0000] {dag.py:3820} INFO - Setting next_dagrun for example_bash_operator to 2024-01-08T00:00:00+00:00, run_after=2024-01-09T00:00:00+00:00
[2024-01-09T07:44:54.792+0000] {processor.py:183} INFO - Processing /home/airflow/.local/lib/python3.8/site-packages/airflow/example_dags/example_bash_operator.py took 0.066 seconds
[2024-01-09T07:45:25.295+0000] {processor.py:161} INFO - Started process (PID=1169) to work on /home/airflow/.local/lib/python3.8/site-packages/airflow/example_dags/example_bash_operator.py
[2024-01-09T07:45:25.297+0000] {processor.py:830} INFO - Processing file /home/airflow/.local/lib/python3.8/site-packages/airflow/example_dags/example_bash_operator.py for tasks to queue
[2024-01-09T07:45:25.299+0000] {logging_mixin.py:188} INFO - [2024-01-09T07:45:25.298+0000] {dagbag.py:538} INFO - Filling up the DagBag from /home/airflow/.local/lib/python3.8/site-packages/airflow/example_dags/example_bash_operator.py
[2024-01-09T07:45:25.308+0000] {processor.py:840} INFO - DAG(s) 'example_bash_operator' retrieved from /home/airflow/.local/lib/python3.8/site-packages/airflow/example_dags/example_bash_operator.py
[2024-01-09T07:45:25.331+0000] {logging_mixin.py:188} INFO - [2024-01-09T07:45:25.330+0000] {dag.py:3033} INFO - Sync 1 DAGs
[2024-01-09T07:45:25.350+0000] {logging_mixin.py:188} INFO - [2024-01-09T07:45:25.350+0000] {dag.py:3820} INFO - Setting next_dagrun for example_bash_operator to 2024-01-08T00:00:00+00:00, run_after=2024-01-09T00:00:00+00:00
[2024-01-09T07:45:25.366+0000] {processor.py:183} INFO - Processing /home/airflow/.local/lib/python3.8/site-packages/airflow/example_dags/example_bash_operator.py took 0.074 seconds
[2024-01-09T07:45:55.533+0000] {processor.py:161} INFO - Started process (PID=1224) to work on /home/airflow/.local/lib/python3.8/site-packages/airflow/example_dags/example_bash_operator.py
[2024-01-09T07:45:55.534+0000] {processor.py:830} INFO - Processing file /home/airflow/.local/lib/python3.8/site-packages/airflow/example_dags/example_bash_operator.py for tasks to queue
[2024-01-09T07:45:55.537+0000] {logging_mixin.py:188} INFO - [2024-01-09T07:45:55.536+0000] {dagbag.py:538} INFO - Filling up the DagBag from /home/airflow/.local/lib/python3.8/site-packages/airflow/example_dags/example_bash_operator.py
[2024-01-09T07:45:55.546+0000] {processor.py:840} INFO - DAG(s) 'example_bash_operator' retrieved from /home/airflow/.local/lib/python3.8/site-packages/airflow/example_dags/example_bash_operator.py
[2024-01-09T07:45:55.568+0000] {logging_mixin.py:188} INFO - [2024-01-09T07:45:55.568+0000] {dag.py:3033} INFO - Sync 1 DAGs
[2024-01-09T07:45:55.585+0000] {logging_mixin.py:188} INFO - [2024-01-09T07:45:55.585+0000] {dag.py:3820} INFO - Setting next_dagrun for example_bash_operator to 2024-01-08T00:00:00+00:00, run_after=2024-01-09T00:00:00+00:00
[2024-01-09T07:45:55.598+0000] {processor.py:183} INFO - Processing /home/airflow/.local/lib/python3.8/site-packages/airflow/example_dags/example_bash_operator.py took 0.068 seconds
[2024-01-09T07:46:25.960+0000] {processor.py:161} INFO - Started process (PID=1279) to work on /home/airflow/.local/lib/python3.8/site-packages/airflow/example_dags/example_bash_operator.py
[2024-01-09T07:46:25.961+0000] {processor.py:830} INFO - Processing file /home/airflow/.local/lib/python3.8/site-packages/airflow/example_dags/example_bash_operator.py for tasks to queue
[2024-01-09T07:46:25.963+0000] {logging_mixin.py:188} INFO - [2024-01-09T07:46:25.963+0000] {dagbag.py:538} INFO - Filling up the DagBag from /home/airflow/.local/lib/python3.8/site-packages/airflow/example_dags/example_bash_operator.py
[2024-01-09T07:46:25.972+0000] {processor.py:840} INFO - DAG(s) 'example_bash_operator' retrieved from /home/airflow/.local/lib/python3.8/site-packages/airflow/example_dags/example_bash_operator.py
[2024-01-09T07:46:25.994+0000] {logging_mixin.py:188} INFO - [2024-01-09T07:46:25.994+0000] {dag.py:3033} INFO - Sync 1 DAGs
[2024-01-09T07:46:26.011+0000] {logging_mixin.py:188} INFO - [2024-01-09T07:46:26.010+0000] {dag.py:3820} INFO - Setting next_dagrun for example_bash_operator to 2024-01-08T00:00:00+00:00, run_after=2024-01-09T00:00:00+00:00
[2024-01-09T07:46:26.023+0000] {processor.py:183} INFO - Processing /home/airflow/.local/lib/python3.8/site-packages/airflow/example_dags/example_bash_operator.py took 0.066 seconds
[2024-01-09T07:46:56.278+0000] {processor.py:161} INFO - Started process (PID=1334) to work on /home/airflow/.local/lib/python3.8/site-packages/airflow/example_dags/example_bash_operator.py
[2024-01-09T07:46:56.279+0000] {processor.py:830} INFO - Processing file /home/airflow/.local/lib/python3.8/site-packages/airflow/example_dags/example_bash_operator.py for tasks to queue
[2024-01-09T07:46:56.281+0000] {logging_mixin.py:188} INFO - [2024-01-09T07:46:56.281+0000] {dagbag.py:538} INFO - Filling up the DagBag from /home/airflow/.local/lib/python3.8/site-packages/airflow/example_dags/example_bash_operator.py
[2024-01-09T07:46:56.290+0000] {processor.py:840} INFO - DAG(s) 'example_bash_operator' retrieved from /home/airflow/.local/lib/python3.8/site-packages/airflow/example_dags/example_bash_operator.py
[2024-01-09T07:46:56.311+0000] {logging_mixin.py:188} INFO - [2024-01-09T07:46:56.311+0000] {dag.py:3033} INFO - Sync 1 DAGs
[2024-01-09T07:46:56.329+0000] {logging_mixin.py:188} INFO - [2024-01-09T07:46:56.329+0000] {dag.py:3820} INFO - Setting next_dagrun for example_bash_operator to 2024-01-08T00:00:00+00:00, run_after=2024-01-09T00:00:00+00:00
[2024-01-09T07:46:56.342+0000] {processor.py:183} INFO - Processing /home/airflow/.local/lib/python3.8/site-packages/airflow/example_dags/example_bash_operator.py took 0.066 seconds
[2024-01-09T07:47:26.528+0000] {processor.py:161} INFO - Started process (PID=1389) to work on /home/airflow/.local/lib/python3.8/site-packages/airflow/example_dags/example_bash_operator.py
[2024-01-09T07:47:26.529+0000] {processor.py:830} INFO - Processing file /home/airflow/.local/lib/python3.8/site-packages/airflow/example_dags/example_bash_operator.py for tasks to queue
[2024-01-09T07:47:26.531+0000] {logging_mixin.py:188} INFO - [2024-01-09T07:47:26.531+0000] {dagbag.py:538} INFO - Filling up the DagBag from /home/airflow/.local/lib/python3.8/site-packages/airflow/example_dags/example_bash_operator.py
[2024-01-09T07:47:26.541+0000] {processor.py:840} INFO - DAG(s) 'example_bash_operator' retrieved from /home/airflow/.local/lib/python3.8/site-packages/airflow/example_dags/example_bash_operator.py
[2024-01-09T07:47:26.565+0000] {logging_mixin.py:188} INFO - [2024-01-09T07:47:26.565+0000] {dag.py:3033} INFO - Sync 1 DAGs
[2024-01-09T07:47:26.585+0000] {logging_mixin.py:188} INFO - [2024-01-09T07:47:26.585+0000] {dag.py:3820} INFO - Setting next_dagrun for example_bash_operator to 2024-01-08T00:00:00+00:00, run_after=2024-01-09T00:00:00+00:00
[2024-01-09T07:47:26.605+0000] {processor.py:183} INFO - Processing /home/airflow/.local/lib/python3.8/site-packages/airflow/example_dags/example_bash_operator.py took 0.080 seconds
[2024-01-09T07:47:56.765+0000] {processor.py:161} INFO - Started process (PID=1444) to work on /home/airflow/.local/lib/python3.8/site-packages/airflow/example_dags/example_bash_operator.py
[2024-01-09T07:47:56.766+0000] {processor.py:830} INFO - Processing file /home/airflow/.local/lib/python3.8/site-packages/airflow/example_dags/example_bash_operator.py for tasks to queue
[2024-01-09T07:47:56.769+0000] {logging_mixin.py:188} INFO - [2024-01-09T07:47:56.769+0000] {dagbag.py:538} INFO - Filling up the DagBag from /home/airflow/.local/lib/python3.8/site-packages/airflow/example_dags/example_bash_operator.py
[2024-01-09T07:47:56.778+0000] {processor.py:840} INFO - DAG(s) 'example_bash_operator' retrieved from /home/airflow/.local/lib/python3.8/site-packages/airflow/example_dags/example_bash_operator.py
[2024-01-09T07:47:56.799+0000] {logging_mixin.py:188} INFO - [2024-01-09T07:47:56.799+0000] {dag.py:3033} INFO - Sync 1 DAGs
[2024-01-09T07:47:56.816+0000] {logging_mixin.py:188} INFO - [2024-01-09T07:47:56.816+0000] {dag.py:3820} INFO - Setting next_dagrun for example_bash_operator to 2024-01-08T00:00:00+00:00, run_after=2024-01-09T00:00:00+00:00
[2024-01-09T07:47:56.833+0000] {processor.py:183} INFO - Processing /home/airflow/.local/lib/python3.8/site-packages/airflow/example_dags/example_bash_operator.py took 0.070 seconds
[2024-01-09T07:48:27.083+0000] {processor.py:161} INFO - Started process (PID=1499) to work on /home/airflow/.local/lib/python3.8/site-packages/airflow/example_dags/example_bash_operator.py
[2024-01-09T07:48:27.084+0000] {processor.py:830} INFO - Processing file /home/airflow/.local/lib/python3.8/site-packages/airflow/example_dags/example_bash_operator.py for tasks to queue
[2024-01-09T07:48:27.086+0000] {logging_mixin.py:188} INFO - [2024-01-09T07:48:27.086+0000] {dagbag.py:538} INFO - Filling up the DagBag from /home/airflow/.local/lib/python3.8/site-packages/airflow/example_dags/example_bash_operator.py
[2024-01-09T07:48:27.096+0000] {processor.py:840} INFO - DAG(s) 'example_bash_operator' retrieved from /home/airflow/.local/lib/python3.8/site-packages/airflow/example_dags/example_bash_operator.py
[2024-01-09T07:48:27.120+0000] {logging_mixin.py:188} INFO - [2024-01-09T07:48:27.120+0000] {dag.py:3033} INFO - Sync 1 DAGs
[2024-01-09T07:48:27.138+0000] {logging_mixin.py:188} INFO - [2024-01-09T07:48:27.138+0000] {dag.py:3820} INFO - Setting next_dagrun for example_bash_operator to 2024-01-08T00:00:00+00:00, run_after=2024-01-09T00:00:00+00:00
[2024-01-09T07:48:27.288+0000] {processor.py:183} INFO - Processing /home/airflow/.local/lib/python3.8/site-packages/airflow/example_dags/example_bash_operator.py took 0.209 seconds
[2024-01-09T07:48:57.796+0000] {processor.py:161} INFO - Started process (PID=1554) to work on /home/airflow/.local/lib/python3.8/site-packages/airflow/example_dags/example_bash_operator.py
[2024-01-09T07:48:57.797+0000] {processor.py:830} INFO - Processing file /home/airflow/.local/lib/python3.8/site-packages/airflow/example_dags/example_bash_operator.py for tasks to queue
[2024-01-09T07:48:57.799+0000] {logging_mixin.py:188} INFO - [2024-01-09T07:48:57.799+0000] {dagbag.py:538} INFO - Filling up the DagBag from /home/airflow/.local/lib/python3.8/site-packages/airflow/example_dags/example_bash_operator.py
[2024-01-09T07:48:57.808+0000] {processor.py:840} INFO - DAG(s) 'example_bash_operator' retrieved from /home/airflow/.local/lib/python3.8/site-packages/airflow/example_dags/example_bash_operator.py
[2024-01-09T07:48:57.832+0000] {logging_mixin.py:188} INFO - [2024-01-09T07:48:57.832+0000] {dag.py:3033} INFO - Sync 1 DAGs
[2024-01-09T07:48:57.849+0000] {logging_mixin.py:188} INFO - [2024-01-09T07:48:57.849+0000] {dag.py:3820} INFO - Setting next_dagrun for example_bash_operator to 2024-01-08T00:00:00+00:00, run_after=2024-01-09T00:00:00+00:00
[2024-01-09T07:48:57.864+0000] {processor.py:183} INFO - Processing /home/airflow/.local/lib/python3.8/site-packages/airflow/example_dags/example_bash_operator.py took 0.071 seconds
[2024-01-09T07:49:28.353+0000] {processor.py:161} INFO - Started process (PID=1615) to work on /home/airflow/.local/lib/python3.8/site-packages/airflow/example_dags/example_bash_operator.py
[2024-01-09T07:49:28.354+0000] {processor.py:830} INFO - Processing file /home/airflow/.local/lib/python3.8/site-packages/airflow/example_dags/example_bash_operator.py for tasks to queue
[2024-01-09T07:49:28.356+0000] {logging_mixin.py:188} INFO - [2024-01-09T07:49:28.356+0000] {dagbag.py:538} INFO - Filling up the DagBag from /home/airflow/.local/lib/python3.8/site-packages/airflow/example_dags/example_bash_operator.py
[2024-01-09T07:49:28.367+0000] {processor.py:840} INFO - DAG(s) 'example_bash_operator' retrieved from /home/airflow/.local/lib/python3.8/site-packages/airflow/example_dags/example_bash_operator.py
[2024-01-09T07:49:28.390+0000] {logging_mixin.py:188} INFO - [2024-01-09T07:49:28.390+0000] {dag.py:3033} INFO - Sync 1 DAGs
[2024-01-09T07:49:28.410+0000] {logging_mixin.py:188} INFO - [2024-01-09T07:49:28.410+0000] {dag.py:3820} INFO - Setting next_dagrun for example_bash_operator to 2024-01-08T00:00:00+00:00, run_after=2024-01-09T00:00:00+00:00
[2024-01-09T07:49:28.425+0000] {processor.py:183} INFO - Processing /home/airflow/.local/lib/python3.8/site-packages/airflow/example_dags/example_bash_operator.py took 0.075 seconds
