[2024-01-09T07:35:14.144+0000] {processor.py:161} INFO - Started process (PID=70) to work on /home/airflow/.local/lib/python3.8/site-packages/airflow/example_dags/example_xcomargs.py
[2024-01-09T07:35:14.146+0000] {processor.py:830} INFO - Processing file /home/airflow/.local/lib/python3.8/site-packages/airflow/example_dags/example_xcomargs.py for tasks to queue
[2024-01-09T07:35:14.151+0000] {logging_mixin.py:188} INFO - [2024-01-09T07:35:14.151+0000] {dagbag.py:538} INFO - Filling up the DagBag from /home/airflow/.local/lib/python3.8/site-packages/airflow/example_dags/example_xcomargs.py
[2024-01-09T07:35:14.164+0000] {processor.py:840} INFO - DAG(s) 'example_xcom_args_with_operators', 'example_xcom_args' retrieved from /home/airflow/.local/lib/python3.8/site-packages/airflow/example_dags/example_xcomargs.py
[2024-01-09T07:35:14.183+0000] {logging_mixin.py:188} INFO - [2024-01-09T07:35:14.183+0000] {dag.py:3033} INFO - Sync 2 DAGs
[2024-01-09T07:35:14.200+0000] {logging_mixin.py:188} INFO - [2024-01-09T07:35:14.199+0000] {dag.py:3820} INFO - Setting next_dagrun for example_xcom_args to None, run_after=None
[2024-01-09T07:35:14.205+0000] {logging_mixin.py:188} INFO - [2024-01-09T07:35:14.204+0000] {dag.py:3820} INFO - Setting next_dagrun for example_xcom_args_with_operators to None, run_after=None
[2024-01-09T07:35:14.226+0000] {processor.py:183} INFO - Processing /home/airflow/.local/lib/python3.8/site-packages/airflow/example_dags/example_xcomargs.py took 0.087 seconds
[2024-01-09T07:35:44.880+0000] {processor.py:161} INFO - Started process (PID=125) to work on /home/airflow/.local/lib/python3.8/site-packages/airflow/example_dags/example_xcomargs.py
[2024-01-09T07:35:44.881+0000] {processor.py:830} INFO - Processing file /home/airflow/.local/lib/python3.8/site-packages/airflow/example_dags/example_xcomargs.py for tasks to queue
[2024-01-09T07:35:44.883+0000] {logging_mixin.py:188} INFO - [2024-01-09T07:35:44.883+0000] {dagbag.py:538} INFO - Filling up the DagBag from /home/airflow/.local/lib/python3.8/site-packages/airflow/example_dags/example_xcomargs.py
[2024-01-09T07:35:44.890+0000] {processor.py:840} INFO - DAG(s) 'example_xcom_args_with_operators', 'example_xcom_args' retrieved from /home/airflow/.local/lib/python3.8/site-packages/airflow/example_dags/example_xcomargs.py
[2024-01-09T07:35:44.979+0000] {logging_mixin.py:188} INFO - [2024-01-09T07:35:44.979+0000] {dag.py:3033} INFO - Sync 2 DAGs
[2024-01-09T07:35:44.987+0000] {logging_mixin.py:188} INFO - [2024-01-09T07:35:44.986+0000] {dag.py:3820} INFO - Setting next_dagrun for example_xcom_args to None, run_after=None
[2024-01-09T07:35:44.989+0000] {logging_mixin.py:188} INFO - [2024-01-09T07:35:44.989+0000] {dag.py:3820} INFO - Setting next_dagrun for example_xcom_args_with_operators to None, run_after=None
[2024-01-09T07:35:45.002+0000] {processor.py:183} INFO - Processing /home/airflow/.local/lib/python3.8/site-packages/airflow/example_dags/example_xcomargs.py took 0.125 seconds
[2024-01-09T07:36:15.435+0000] {processor.py:161} INFO - Started process (PID=180) to work on /home/airflow/.local/lib/python3.8/site-packages/airflow/example_dags/example_xcomargs.py
[2024-01-09T07:36:15.436+0000] {processor.py:830} INFO - Processing file /home/airflow/.local/lib/python3.8/site-packages/airflow/example_dags/example_xcomargs.py for tasks to queue
[2024-01-09T07:36:15.438+0000] {logging_mixin.py:188} INFO - [2024-01-09T07:36:15.438+0000] {dagbag.py:538} INFO - Filling up the DagBag from /home/airflow/.local/lib/python3.8/site-packages/airflow/example_dags/example_xcomargs.py
[2024-01-09T07:36:15.444+0000] {processor.py:840} INFO - DAG(s) 'example_xcom_args_with_operators', 'example_xcom_args' retrieved from /home/airflow/.local/lib/python3.8/site-packages/airflow/example_dags/example_xcomargs.py
[2024-01-09T07:36:15.461+0000] {logging_mixin.py:188} INFO - [2024-01-09T07:36:15.461+0000] {dag.py:3033} INFO - Sync 2 DAGs
[2024-01-09T07:36:15.471+0000] {logging_mixin.py:188} INFO - [2024-01-09T07:36:15.471+0000] {dag.py:3820} INFO - Setting next_dagrun for example_xcom_args to None, run_after=None
[2024-01-09T07:36:15.474+0000] {logging_mixin.py:188} INFO - [2024-01-09T07:36:15.473+0000] {dag.py:3820} INFO - Setting next_dagrun for example_xcom_args_with_operators to None, run_after=None
[2024-01-09T07:36:15.485+0000] {processor.py:183} INFO - Processing /home/airflow/.local/lib/python3.8/site-packages/airflow/example_dags/example_xcomargs.py took 0.052 seconds
[2024-01-09T07:36:45.773+0000] {processor.py:161} INFO - Started process (PID=235) to work on /home/airflow/.local/lib/python3.8/site-packages/airflow/example_dags/example_xcomargs.py
[2024-01-09T07:36:45.774+0000] {processor.py:830} INFO - Processing file /home/airflow/.local/lib/python3.8/site-packages/airflow/example_dags/example_xcomargs.py for tasks to queue
[2024-01-09T07:36:45.776+0000] {logging_mixin.py:188} INFO - [2024-01-09T07:36:45.776+0000] {dagbag.py:538} INFO - Filling up the DagBag from /home/airflow/.local/lib/python3.8/site-packages/airflow/example_dags/example_xcomargs.py
[2024-01-09T07:36:45.783+0000] {processor.py:840} INFO - DAG(s) 'example_xcom_args', 'example_xcom_args_with_operators' retrieved from /home/airflow/.local/lib/python3.8/site-packages/airflow/example_dags/example_xcomargs.py
[2024-01-09T07:36:45.803+0000] {logging_mixin.py:188} INFO - [2024-01-09T07:36:45.803+0000] {dag.py:3033} INFO - Sync 2 DAGs
[2024-01-09T07:36:45.813+0000] {logging_mixin.py:188} INFO - [2024-01-09T07:36:45.813+0000] {dag.py:3820} INFO - Setting next_dagrun for example_xcom_args to None, run_after=None
[2024-01-09T07:36:45.816+0000] {logging_mixin.py:188} INFO - [2024-01-09T07:36:45.816+0000] {dag.py:3820} INFO - Setting next_dagrun for example_xcom_args_with_operators to None, run_after=None
[2024-01-09T07:36:45.829+0000] {processor.py:183} INFO - Processing /home/airflow/.local/lib/python3.8/site-packages/airflow/example_dags/example_xcomargs.py took 0.059 seconds
[2024-01-09T07:37:16.147+0000] {processor.py:161} INFO - Started process (PID=290) to work on /home/airflow/.local/lib/python3.8/site-packages/airflow/example_dags/example_xcomargs.py
[2024-01-09T07:37:16.148+0000] {processor.py:830} INFO - Processing file /home/airflow/.local/lib/python3.8/site-packages/airflow/example_dags/example_xcomargs.py for tasks to queue
[2024-01-09T07:37:16.150+0000] {logging_mixin.py:188} INFO - [2024-01-09T07:37:16.150+0000] {dagbag.py:538} INFO - Filling up the DagBag from /home/airflow/.local/lib/python3.8/site-packages/airflow/example_dags/example_xcomargs.py
[2024-01-09T07:37:16.156+0000] {processor.py:840} INFO - DAG(s) 'example_xcom_args', 'example_xcom_args_with_operators' retrieved from /home/airflow/.local/lib/python3.8/site-packages/airflow/example_dags/example_xcomargs.py
[2024-01-09T07:37:16.175+0000] {logging_mixin.py:188} INFO - [2024-01-09T07:37:16.175+0000] {dag.py:3033} INFO - Sync 2 DAGs
[2024-01-09T07:37:16.184+0000] {logging_mixin.py:188} INFO - [2024-01-09T07:37:16.184+0000] {dag.py:3820} INFO - Setting next_dagrun for example_xcom_args to None, run_after=None
[2024-01-09T07:37:16.187+0000] {logging_mixin.py:188} INFO - [2024-01-09T07:37:16.187+0000] {dag.py:3820} INFO - Setting next_dagrun for example_xcom_args_with_operators to None, run_after=None
[2024-01-09T07:37:16.200+0000] {processor.py:183} INFO - Processing /home/airflow/.local/lib/python3.8/site-packages/airflow/example_dags/example_xcomargs.py took 0.056 seconds
[2024-01-09T07:37:46.509+0000] {processor.py:161} INFO - Started process (PID=345) to work on /home/airflow/.local/lib/python3.8/site-packages/airflow/example_dags/example_xcomargs.py
[2024-01-09T07:37:46.510+0000] {processor.py:830} INFO - Processing file /home/airflow/.local/lib/python3.8/site-packages/airflow/example_dags/example_xcomargs.py for tasks to queue
[2024-01-09T07:37:46.512+0000] {logging_mixin.py:188} INFO - [2024-01-09T07:37:46.512+0000] {dagbag.py:538} INFO - Filling up the DagBag from /home/airflow/.local/lib/python3.8/site-packages/airflow/example_dags/example_xcomargs.py
[2024-01-09T07:37:46.518+0000] {processor.py:840} INFO - DAG(s) 'example_xcom_args_with_operators', 'example_xcom_args' retrieved from /home/airflow/.local/lib/python3.8/site-packages/airflow/example_dags/example_xcomargs.py
[2024-01-09T07:37:46.536+0000] {logging_mixin.py:188} INFO - [2024-01-09T07:37:46.535+0000] {dag.py:3033} INFO - Sync 2 DAGs
[2024-01-09T07:37:46.545+0000] {logging_mixin.py:188} INFO - [2024-01-09T07:37:46.545+0000] {dag.py:3820} INFO - Setting next_dagrun for example_xcom_args to None, run_after=None
[2024-01-09T07:37:46.548+0000] {logging_mixin.py:188} INFO - [2024-01-09T07:37:46.548+0000] {dag.py:3820} INFO - Setting next_dagrun for example_xcom_args_with_operators to None, run_after=None
[2024-01-09T07:37:46.611+0000] {processor.py:183} INFO - Processing /home/airflow/.local/lib/python3.8/site-packages/airflow/example_dags/example_xcomargs.py took 0.104 seconds
[2024-01-09T07:38:17.145+0000] {processor.py:161} INFO - Started process (PID=400) to work on /home/airflow/.local/lib/python3.8/site-packages/airflow/example_dags/example_xcomargs.py
[2024-01-09T07:38:17.146+0000] {processor.py:830} INFO - Processing file /home/airflow/.local/lib/python3.8/site-packages/airflow/example_dags/example_xcomargs.py for tasks to queue
[2024-01-09T07:38:17.148+0000] {logging_mixin.py:188} INFO - [2024-01-09T07:38:17.148+0000] {dagbag.py:538} INFO - Filling up the DagBag from /home/airflow/.local/lib/python3.8/site-packages/airflow/example_dags/example_xcomargs.py
[2024-01-09T07:38:17.155+0000] {processor.py:840} INFO - DAG(s) 'example_xcom_args_with_operators', 'example_xcom_args' retrieved from /home/airflow/.local/lib/python3.8/site-packages/airflow/example_dags/example_xcomargs.py
[2024-01-09T07:38:17.175+0000] {logging_mixin.py:188} INFO - [2024-01-09T07:38:17.175+0000] {dag.py:3033} INFO - Sync 2 DAGs
[2024-01-09T07:38:17.185+0000] {logging_mixin.py:188} INFO - [2024-01-09T07:38:17.184+0000] {dag.py:3820} INFO - Setting next_dagrun for example_xcom_args to None, run_after=None
[2024-01-09T07:38:17.189+0000] {logging_mixin.py:188} INFO - [2024-01-09T07:38:17.189+0000] {dag.py:3820} INFO - Setting next_dagrun for example_xcom_args_with_operators to None, run_after=None
[2024-01-09T07:38:17.203+0000] {processor.py:183} INFO - Processing /home/airflow/.local/lib/python3.8/site-packages/airflow/example_dags/example_xcomargs.py took 0.061 seconds
[2024-01-09T07:38:47.576+0000] {processor.py:161} INFO - Started process (PID=455) to work on /home/airflow/.local/lib/python3.8/site-packages/airflow/example_dags/example_xcomargs.py
[2024-01-09T07:38:47.577+0000] {processor.py:830} INFO - Processing file /home/airflow/.local/lib/python3.8/site-packages/airflow/example_dags/example_xcomargs.py for tasks to queue
[2024-01-09T07:38:47.580+0000] {logging_mixin.py:188} INFO - [2024-01-09T07:38:47.579+0000] {dagbag.py:538} INFO - Filling up the DagBag from /home/airflow/.local/lib/python3.8/site-packages/airflow/example_dags/example_xcomargs.py
[2024-01-09T07:38:47.586+0000] {processor.py:840} INFO - DAG(s) 'example_xcom_args', 'example_xcom_args_with_operators' retrieved from /home/airflow/.local/lib/python3.8/site-packages/airflow/example_dags/example_xcomargs.py
[2024-01-09T07:38:47.604+0000] {logging_mixin.py:188} INFO - [2024-01-09T07:38:47.603+0000] {dag.py:3033} INFO - Sync 2 DAGs
[2024-01-09T07:38:47.613+0000] {logging_mixin.py:188} INFO - [2024-01-09T07:38:47.612+0000] {dag.py:3820} INFO - Setting next_dagrun for example_xcom_args to None, run_after=None
[2024-01-09T07:38:47.616+0000] {logging_mixin.py:188} INFO - [2024-01-09T07:38:47.615+0000] {dag.py:3820} INFO - Setting next_dagrun for example_xcom_args_with_operators to None, run_after=None
[2024-01-09T07:38:47.627+0000] {processor.py:183} INFO - Processing /home/airflow/.local/lib/python3.8/site-packages/airflow/example_dags/example_xcomargs.py took 0.054 seconds
[2024-01-09T07:39:17.963+0000] {processor.py:161} INFO - Started process (PID=510) to work on /home/airflow/.local/lib/python3.8/site-packages/airflow/example_dags/example_xcomargs.py
[2024-01-09T07:39:17.964+0000] {processor.py:830} INFO - Processing file /home/airflow/.local/lib/python3.8/site-packages/airflow/example_dags/example_xcomargs.py for tasks to queue
[2024-01-09T07:39:17.966+0000] {logging_mixin.py:188} INFO - [2024-01-09T07:39:17.966+0000] {dagbag.py:538} INFO - Filling up the DagBag from /home/airflow/.local/lib/python3.8/site-packages/airflow/example_dags/example_xcomargs.py
[2024-01-09T07:39:17.973+0000] {processor.py:840} INFO - DAG(s) 'example_xcom_args_with_operators', 'example_xcom_args' retrieved from /home/airflow/.local/lib/python3.8/site-packages/airflow/example_dags/example_xcomargs.py
[2024-01-09T07:39:17.992+0000] {logging_mixin.py:188} INFO - [2024-01-09T07:39:17.992+0000] {dag.py:3033} INFO - Sync 2 DAGs
[2024-01-09T07:39:18.002+0000] {logging_mixin.py:188} INFO - [2024-01-09T07:39:18.002+0000] {dag.py:3820} INFO - Setting next_dagrun for example_xcom_args to None, run_after=None
[2024-01-09T07:39:18.005+0000] {logging_mixin.py:188} INFO - [2024-01-09T07:39:18.005+0000] {dag.py:3820} INFO - Setting next_dagrun for example_xcom_args_with_operators to None, run_after=None
[2024-01-09T07:39:18.018+0000] {processor.py:183} INFO - Processing /home/airflow/.local/lib/python3.8/site-packages/airflow/example_dags/example_xcomargs.py took 0.057 seconds
[2024-01-09T07:39:48.414+0000] {processor.py:161} INFO - Started process (PID=565) to work on /home/airflow/.local/lib/python3.8/site-packages/airflow/example_dags/example_xcomargs.py
[2024-01-09T07:39:48.415+0000] {processor.py:830} INFO - Processing file /home/airflow/.local/lib/python3.8/site-packages/airflow/example_dags/example_xcomargs.py for tasks to queue
[2024-01-09T07:39:48.418+0000] {logging_mixin.py:188} INFO - [2024-01-09T07:39:48.418+0000] {dagbag.py:538} INFO - Filling up the DagBag from /home/airflow/.local/lib/python3.8/site-packages/airflow/example_dags/example_xcomargs.py
[2024-01-09T07:39:48.425+0000] {processor.py:840} INFO - DAG(s) 'example_xcom_args', 'example_xcom_args_with_operators' retrieved from /home/airflow/.local/lib/python3.8/site-packages/airflow/example_dags/example_xcomargs.py
[2024-01-09T07:39:48.444+0000] {logging_mixin.py:188} INFO - [2024-01-09T07:39:48.443+0000] {dag.py:3033} INFO - Sync 2 DAGs
[2024-01-09T07:39:48.453+0000] {logging_mixin.py:188} INFO - [2024-01-09T07:39:48.453+0000] {dag.py:3820} INFO - Setting next_dagrun for example_xcom_args to None, run_after=None
[2024-01-09T07:39:48.457+0000] {logging_mixin.py:188} INFO - [2024-01-09T07:39:48.457+0000] {dag.py:3820} INFO - Setting next_dagrun for example_xcom_args_with_operators to None, run_after=None
[2024-01-09T07:39:48.469+0000] {processor.py:183} INFO - Processing /home/airflow/.local/lib/python3.8/site-packages/airflow/example_dags/example_xcomargs.py took 0.057 seconds
[2024-01-09T07:40:19.169+0000] {processor.py:161} INFO - Started process (PID=620) to work on /home/airflow/.local/lib/python3.8/site-packages/airflow/example_dags/example_xcomargs.py
[2024-01-09T07:40:19.170+0000] {processor.py:830} INFO - Processing file /home/airflow/.local/lib/python3.8/site-packages/airflow/example_dags/example_xcomargs.py for tasks to queue
[2024-01-09T07:40:19.173+0000] {logging_mixin.py:188} INFO - [2024-01-09T07:40:19.172+0000] {dagbag.py:538} INFO - Filling up the DagBag from /home/airflow/.local/lib/python3.8/site-packages/airflow/example_dags/example_xcomargs.py
[2024-01-09T07:40:19.179+0000] {processor.py:840} INFO - DAG(s) 'example_xcom_args', 'example_xcom_args_with_operators' retrieved from /home/airflow/.local/lib/python3.8/site-packages/airflow/example_dags/example_xcomargs.py
[2024-01-09T07:40:19.199+0000] {logging_mixin.py:188} INFO - [2024-01-09T07:40:19.198+0000] {dag.py:3033} INFO - Sync 2 DAGs
[2024-01-09T07:40:19.209+0000] {logging_mixin.py:188} INFO - [2024-01-09T07:40:19.209+0000] {dag.py:3820} INFO - Setting next_dagrun for example_xcom_args to None, run_after=None
[2024-01-09T07:40:19.212+0000] {logging_mixin.py:188} INFO - [2024-01-09T07:40:19.212+0000] {dag.py:3820} INFO - Setting next_dagrun for example_xcom_args_with_operators to None, run_after=None
[2024-01-09T07:40:19.224+0000] {processor.py:183} INFO - Processing /home/airflow/.local/lib/python3.8/site-packages/airflow/example_dags/example_xcomargs.py took 0.058 seconds
[2024-01-09T07:40:49.321+0000] {processor.py:161} INFO - Started process (PID=675) to work on /home/airflow/.local/lib/python3.8/site-packages/airflow/example_dags/example_xcomargs.py
[2024-01-09T07:40:49.322+0000] {processor.py:830} INFO - Processing file /home/airflow/.local/lib/python3.8/site-packages/airflow/example_dags/example_xcomargs.py for tasks to queue
[2024-01-09T07:40:49.323+0000] {logging_mixin.py:188} INFO - [2024-01-09T07:40:49.323+0000] {dagbag.py:538} INFO - Filling up the DagBag from /home/airflow/.local/lib/python3.8/site-packages/airflow/example_dags/example_xcomargs.py
[2024-01-09T07:40:49.330+0000] {processor.py:840} INFO - DAG(s) 'example_xcom_args_with_operators', 'example_xcom_args' retrieved from /home/airflow/.local/lib/python3.8/site-packages/airflow/example_dags/example_xcomargs.py
[2024-01-09T07:40:49.349+0000] {logging_mixin.py:188} INFO - [2024-01-09T07:40:49.349+0000] {dag.py:3033} INFO - Sync 2 DAGs
[2024-01-09T07:40:49.359+0000] {logging_mixin.py:188} INFO - [2024-01-09T07:40:49.359+0000] {dag.py:3820} INFO - Setting next_dagrun for example_xcom_args to None, run_after=None
[2024-01-09T07:40:49.362+0000] {logging_mixin.py:188} INFO - [2024-01-09T07:40:49.362+0000] {dag.py:3820} INFO - Setting next_dagrun for example_xcom_args_with_operators to None, run_after=None
[2024-01-09T07:40:49.376+0000] {processor.py:183} INFO - Processing /home/airflow/.local/lib/python3.8/site-packages/airflow/example_dags/example_xcomargs.py took 0.059 seconds
[2024-01-09T07:41:20.393+0000] {processor.py:161} INFO - Started process (PID=730) to work on /home/airflow/.local/lib/python3.8/site-packages/airflow/example_dags/example_xcomargs.py
[2024-01-09T07:41:20.395+0000] {processor.py:830} INFO - Processing file /home/airflow/.local/lib/python3.8/site-packages/airflow/example_dags/example_xcomargs.py for tasks to queue
[2024-01-09T07:41:20.399+0000] {logging_mixin.py:188} INFO - [2024-01-09T07:41:20.399+0000] {dagbag.py:538} INFO - Filling up the DagBag from /home/airflow/.local/lib/python3.8/site-packages/airflow/example_dags/example_xcomargs.py
[2024-01-09T07:41:20.411+0000] {processor.py:840} INFO - DAG(s) 'example_xcom_args', 'example_xcom_args_with_operators' retrieved from /home/airflow/.local/lib/python3.8/site-packages/airflow/example_dags/example_xcomargs.py
[2024-01-09T07:41:20.456+0000] {logging_mixin.py:188} INFO - [2024-01-09T07:41:20.455+0000] {dag.py:3033} INFO - Sync 2 DAGs
[2024-01-09T07:41:20.486+0000] {logging_mixin.py:188} INFO - [2024-01-09T07:41:20.485+0000] {dag.py:3820} INFO - Setting next_dagrun for example_xcom_args to None, run_after=None
[2024-01-09T07:41:20.495+0000] {logging_mixin.py:188} INFO - [2024-01-09T07:41:20.495+0000] {dag.py:3820} INFO - Setting next_dagrun for example_xcom_args_with_operators to None, run_after=None
[2024-01-09T07:41:20.527+0000] {processor.py:183} INFO - Processing /home/airflow/.local/lib/python3.8/site-packages/airflow/example_dags/example_xcomargs.py took 0.142 seconds
[2024-01-09T07:41:51.160+0000] {processor.py:161} INFO - Started process (PID=785) to work on /home/airflow/.local/lib/python3.8/site-packages/airflow/example_dags/example_xcomargs.py
[2024-01-09T07:41:51.161+0000] {processor.py:830} INFO - Processing file /home/airflow/.local/lib/python3.8/site-packages/airflow/example_dags/example_xcomargs.py for tasks to queue
[2024-01-09T07:41:51.163+0000] {logging_mixin.py:188} INFO - [2024-01-09T07:41:51.163+0000] {dagbag.py:538} INFO - Filling up the DagBag from /home/airflow/.local/lib/python3.8/site-packages/airflow/example_dags/example_xcomargs.py
[2024-01-09T07:41:51.170+0000] {processor.py:840} INFO - DAG(s) 'example_xcom_args', 'example_xcom_args_with_operators' retrieved from /home/airflow/.local/lib/python3.8/site-packages/airflow/example_dags/example_xcomargs.py
[2024-01-09T07:41:51.188+0000] {logging_mixin.py:188} INFO - [2024-01-09T07:41:51.188+0000] {dag.py:3033} INFO - Sync 2 DAGs
[2024-01-09T07:41:51.198+0000] {logging_mixin.py:188} INFO - [2024-01-09T07:41:51.198+0000] {dag.py:3820} INFO - Setting next_dagrun for example_xcom_args to None, run_after=None
[2024-01-09T07:41:51.201+0000] {logging_mixin.py:188} INFO - [2024-01-09T07:41:51.201+0000] {dag.py:3820} INFO - Setting next_dagrun for example_xcom_args_with_operators to None, run_after=None
[2024-01-09T07:41:51.214+0000] {processor.py:183} INFO - Processing /home/airflow/.local/lib/python3.8/site-packages/airflow/example_dags/example_xcomargs.py took 0.057 seconds
[2024-01-09T07:42:21.735+0000] {processor.py:161} INFO - Started process (PID=840) to work on /home/airflow/.local/lib/python3.8/site-packages/airflow/example_dags/example_xcomargs.py
[2024-01-09T07:42:21.737+0000] {processor.py:830} INFO - Processing file /home/airflow/.local/lib/python3.8/site-packages/airflow/example_dags/example_xcomargs.py for tasks to queue
[2024-01-09T07:42:21.741+0000] {logging_mixin.py:188} INFO - [2024-01-09T07:42:21.740+0000] {dagbag.py:538} INFO - Filling up the DagBag from /home/airflow/.local/lib/python3.8/site-packages/airflow/example_dags/example_xcomargs.py
[2024-01-09T07:42:21.755+0000] {processor.py:840} INFO - DAG(s) 'example_xcom_args_with_operators', 'example_xcom_args' retrieved from /home/airflow/.local/lib/python3.8/site-packages/airflow/example_dags/example_xcomargs.py
[2024-01-09T07:42:21.795+0000] {logging_mixin.py:188} INFO - [2024-01-09T07:42:21.795+0000] {dag.py:3033} INFO - Sync 2 DAGs
[2024-01-09T07:42:21.814+0000] {logging_mixin.py:188} INFO - [2024-01-09T07:42:21.814+0000] {dag.py:3820} INFO - Setting next_dagrun for example_xcom_args to None, run_after=None
[2024-01-09T07:42:21.821+0000] {logging_mixin.py:188} INFO - [2024-01-09T07:42:21.821+0000] {dag.py:3820} INFO - Setting next_dagrun for example_xcom_args_with_operators to None, run_after=None
[2024-01-09T07:42:21.849+0000] {processor.py:183} INFO - Processing /home/airflow/.local/lib/python3.8/site-packages/airflow/example_dags/example_xcomargs.py took 0.121 seconds
[2024-01-09T07:42:52.792+0000] {processor.py:161} INFO - Started process (PID=895) to work on /home/airflow/.local/lib/python3.8/site-packages/airflow/example_dags/example_xcomargs.py
[2024-01-09T07:42:52.793+0000] {processor.py:830} INFO - Processing file /home/airflow/.local/lib/python3.8/site-packages/airflow/example_dags/example_xcomargs.py for tasks to queue
[2024-01-09T07:42:52.797+0000] {logging_mixin.py:188} INFO - [2024-01-09T07:42:52.797+0000] {dagbag.py:538} INFO - Filling up the DagBag from /home/airflow/.local/lib/python3.8/site-packages/airflow/example_dags/example_xcomargs.py
[2024-01-09T07:42:52.807+0000] {processor.py:840} INFO - DAG(s) 'example_xcom_args', 'example_xcom_args_with_operators' retrieved from /home/airflow/.local/lib/python3.8/site-packages/airflow/example_dags/example_xcomargs.py
[2024-01-09T07:42:52.833+0000] {logging_mixin.py:188} INFO - [2024-01-09T07:42:52.833+0000] {dag.py:3033} INFO - Sync 2 DAGs
[2024-01-09T07:42:52.848+0000] {logging_mixin.py:188} INFO - [2024-01-09T07:42:52.846+0000] {dag.py:3820} INFO - Setting next_dagrun for example_xcom_args to None, run_after=None
[2024-01-09T07:42:52.852+0000] {logging_mixin.py:188} INFO - [2024-01-09T07:42:52.851+0000] {dag.py:3820} INFO - Setting next_dagrun for example_xcom_args_with_operators to None, run_after=None
[2024-01-09T07:42:52.865+0000] {processor.py:183} INFO - Processing /home/airflow/.local/lib/python3.8/site-packages/airflow/example_dags/example_xcomargs.py took 0.076 seconds
[2024-01-09T07:43:23.547+0000] {processor.py:161} INFO - Started process (PID=950) to work on /home/airflow/.local/lib/python3.8/site-packages/airflow/example_dags/example_xcomargs.py
[2024-01-09T07:43:23.548+0000] {processor.py:830} INFO - Processing file /home/airflow/.local/lib/python3.8/site-packages/airflow/example_dags/example_xcomargs.py for tasks to queue
[2024-01-09T07:43:23.551+0000] {logging_mixin.py:188} INFO - [2024-01-09T07:43:23.550+0000] {dagbag.py:538} INFO - Filling up the DagBag from /home/airflow/.local/lib/python3.8/site-packages/airflow/example_dags/example_xcomargs.py
[2024-01-09T07:43:23.558+0000] {processor.py:840} INFO - DAG(s) 'example_xcom_args_with_operators', 'example_xcom_args' retrieved from /home/airflow/.local/lib/python3.8/site-packages/airflow/example_dags/example_xcomargs.py
[2024-01-09T07:43:23.582+0000] {logging_mixin.py:188} INFO - [2024-01-09T07:43:23.582+0000] {dag.py:3033} INFO - Sync 2 DAGs
[2024-01-09T07:43:23.593+0000] {logging_mixin.py:188} INFO - [2024-01-09T07:43:23.593+0000] {dag.py:3820} INFO - Setting next_dagrun for example_xcom_args to None, run_after=None
[2024-01-09T07:43:23.598+0000] {logging_mixin.py:188} INFO - [2024-01-09T07:43:23.597+0000] {dag.py:3820} INFO - Setting next_dagrun for example_xcom_args_with_operators to None, run_after=None
[2024-01-09T07:43:23.613+0000] {processor.py:183} INFO - Processing /home/airflow/.local/lib/python3.8/site-packages/airflow/example_dags/example_xcomargs.py took 0.069 seconds
[2024-01-09T07:43:53.722+0000] {processor.py:161} INFO - Started process (PID=1005) to work on /home/airflow/.local/lib/python3.8/site-packages/airflow/example_dags/example_xcomargs.py
[2024-01-09T07:43:53.724+0000] {processor.py:830} INFO - Processing file /home/airflow/.local/lib/python3.8/site-packages/airflow/example_dags/example_xcomargs.py for tasks to queue
[2024-01-09T07:43:53.727+0000] {logging_mixin.py:188} INFO - [2024-01-09T07:43:53.727+0000] {dagbag.py:538} INFO - Filling up the DagBag from /home/airflow/.local/lib/python3.8/site-packages/airflow/example_dags/example_xcomargs.py
[2024-01-09T07:43:53.735+0000] {processor.py:840} INFO - DAG(s) 'example_xcom_args', 'example_xcom_args_with_operators' retrieved from /home/airflow/.local/lib/python3.8/site-packages/airflow/example_dags/example_xcomargs.py
[2024-01-09T07:43:53.754+0000] {logging_mixin.py:188} INFO - [2024-01-09T07:43:53.754+0000] {dag.py:3033} INFO - Sync 2 DAGs
[2024-01-09T07:43:53.763+0000] {logging_mixin.py:188} INFO - [2024-01-09T07:43:53.763+0000] {dag.py:3820} INFO - Setting next_dagrun for example_xcom_args to None, run_after=None
[2024-01-09T07:43:53.766+0000] {logging_mixin.py:188} INFO - [2024-01-09T07:43:53.766+0000] {dag.py:3820} INFO - Setting next_dagrun for example_xcom_args_with_operators to None, run_after=None
[2024-01-09T07:43:53.777+0000] {processor.py:183} INFO - Processing /home/airflow/.local/lib/python3.8/site-packages/airflow/example_dags/example_xcomargs.py took 0.060 seconds
[2024-01-09T07:44:24.429+0000] {processor.py:161} INFO - Started process (PID=1059) to work on /home/airflow/.local/lib/python3.8/site-packages/airflow/example_dags/example_xcomargs.py
[2024-01-09T07:44:24.430+0000] {processor.py:830} INFO - Processing file /home/airflow/.local/lib/python3.8/site-packages/airflow/example_dags/example_xcomargs.py for tasks to queue
[2024-01-09T07:44:24.433+0000] {logging_mixin.py:188} INFO - [2024-01-09T07:44:24.433+0000] {dagbag.py:538} INFO - Filling up the DagBag from /home/airflow/.local/lib/python3.8/site-packages/airflow/example_dags/example_xcomargs.py
[2024-01-09T07:44:24.442+0000] {processor.py:840} INFO - DAG(s) 'example_xcom_args_with_operators', 'example_xcom_args' retrieved from /home/airflow/.local/lib/python3.8/site-packages/airflow/example_dags/example_xcomargs.py
[2024-01-09T07:44:24.461+0000] {logging_mixin.py:188} INFO - [2024-01-09T07:44:24.461+0000] {dag.py:3033} INFO - Sync 2 DAGs
[2024-01-09T07:44:24.471+0000] {logging_mixin.py:188} INFO - [2024-01-09T07:44:24.471+0000] {dag.py:3820} INFO - Setting next_dagrun for example_xcom_args to None, run_after=None
[2024-01-09T07:44:24.474+0000] {logging_mixin.py:188} INFO - [2024-01-09T07:44:24.473+0000] {dag.py:3820} INFO - Setting next_dagrun for example_xcom_args_with_operators to None, run_after=None
[2024-01-09T07:44:24.487+0000] {processor.py:183} INFO - Processing /home/airflow/.local/lib/python3.8/site-packages/airflow/example_dags/example_xcomargs.py took 0.063 seconds
[2024-01-09T07:44:54.655+0000] {processor.py:161} INFO - Started process (PID=1114) to work on /home/airflow/.local/lib/python3.8/site-packages/airflow/example_dags/example_xcomargs.py
[2024-01-09T07:44:54.656+0000] {processor.py:830} INFO - Processing file /home/airflow/.local/lib/python3.8/site-packages/airflow/example_dags/example_xcomargs.py for tasks to queue
[2024-01-09T07:44:54.659+0000] {logging_mixin.py:188} INFO - [2024-01-09T07:44:54.659+0000] {dagbag.py:538} INFO - Filling up the DagBag from /home/airflow/.local/lib/python3.8/site-packages/airflow/example_dags/example_xcomargs.py
[2024-01-09T07:44:54.668+0000] {processor.py:840} INFO - DAG(s) 'example_xcom_args_with_operators', 'example_xcom_args' retrieved from /home/airflow/.local/lib/python3.8/site-packages/airflow/example_dags/example_xcomargs.py
[2024-01-09T07:44:54.689+0000] {logging_mixin.py:188} INFO - [2024-01-09T07:44:54.689+0000] {dag.py:3033} INFO - Sync 2 DAGs
[2024-01-09T07:44:54.699+0000] {logging_mixin.py:188} INFO - [2024-01-09T07:44:54.699+0000] {dag.py:3820} INFO - Setting next_dagrun for example_xcom_args to None, run_after=None
[2024-01-09T07:44:54.702+0000] {logging_mixin.py:188} INFO - [2024-01-09T07:44:54.702+0000] {dag.py:3820} INFO - Setting next_dagrun for example_xcom_args_with_operators to None, run_after=None
[2024-01-09T07:44:54.714+0000] {processor.py:183} INFO - Processing /home/airflow/.local/lib/python3.8/site-packages/airflow/example_dags/example_xcomargs.py took 0.063 seconds
[2024-01-09T07:45:25.227+0000] {processor.py:161} INFO - Started process (PID=1168) to work on /home/airflow/.local/lib/python3.8/site-packages/airflow/example_dags/example_xcomargs.py
[2024-01-09T07:45:25.228+0000] {processor.py:830} INFO - Processing file /home/airflow/.local/lib/python3.8/site-packages/airflow/example_dags/example_xcomargs.py for tasks to queue
[2024-01-09T07:45:25.229+0000] {logging_mixin.py:188} INFO - [2024-01-09T07:45:25.229+0000] {dagbag.py:538} INFO - Filling up the DagBag from /home/airflow/.local/lib/python3.8/site-packages/airflow/example_dags/example_xcomargs.py
[2024-01-09T07:45:25.236+0000] {processor.py:840} INFO - DAG(s) 'example_xcom_args_with_operators', 'example_xcom_args' retrieved from /home/airflow/.local/lib/python3.8/site-packages/airflow/example_dags/example_xcomargs.py
[2024-01-09T07:45:25.254+0000] {logging_mixin.py:188} INFO - [2024-01-09T07:45:25.254+0000] {dag.py:3033} INFO - Sync 2 DAGs
[2024-01-09T07:45:25.264+0000] {logging_mixin.py:188} INFO - [2024-01-09T07:45:25.264+0000] {dag.py:3820} INFO - Setting next_dagrun for example_xcom_args to None, run_after=None
[2024-01-09T07:45:25.267+0000] {logging_mixin.py:188} INFO - [2024-01-09T07:45:25.266+0000] {dag.py:3820} INFO - Setting next_dagrun for example_xcom_args_with_operators to None, run_after=None
[2024-01-09T07:45:25.279+0000] {processor.py:183} INFO - Processing /home/airflow/.local/lib/python3.8/site-packages/airflow/example_dags/example_xcomargs.py took 0.055 seconds
[2024-01-09T07:45:55.462+0000] {processor.py:161} INFO - Started process (PID=1223) to work on /home/airflow/.local/lib/python3.8/site-packages/airflow/example_dags/example_xcomargs.py
[2024-01-09T07:45:55.463+0000] {processor.py:830} INFO - Processing file /home/airflow/.local/lib/python3.8/site-packages/airflow/example_dags/example_xcomargs.py for tasks to queue
[2024-01-09T07:45:55.467+0000] {logging_mixin.py:188} INFO - [2024-01-09T07:45:55.467+0000] {dagbag.py:538} INFO - Filling up the DagBag from /home/airflow/.local/lib/python3.8/site-packages/airflow/example_dags/example_xcomargs.py
[2024-01-09T07:45:55.475+0000] {processor.py:840} INFO - DAG(s) 'example_xcom_args', 'example_xcom_args_with_operators' retrieved from /home/airflow/.local/lib/python3.8/site-packages/airflow/example_dags/example_xcomargs.py
[2024-01-09T07:45:55.494+0000] {logging_mixin.py:188} INFO - [2024-01-09T07:45:55.494+0000] {dag.py:3033} INFO - Sync 2 DAGs
[2024-01-09T07:45:55.504+0000] {logging_mixin.py:188} INFO - [2024-01-09T07:45:55.504+0000] {dag.py:3820} INFO - Setting next_dagrun for example_xcom_args to None, run_after=None
[2024-01-09T07:45:55.507+0000] {logging_mixin.py:188} INFO - [2024-01-09T07:45:55.507+0000] {dag.py:3820} INFO - Setting next_dagrun for example_xcom_args_with_operators to None, run_after=None
[2024-01-09T07:45:55.518+0000] {processor.py:183} INFO - Processing /home/airflow/.local/lib/python3.8/site-packages/airflow/example_dags/example_xcomargs.py took 0.061 seconds
[2024-01-09T07:46:25.890+0000] {processor.py:161} INFO - Started process (PID=1278) to work on /home/airflow/.local/lib/python3.8/site-packages/airflow/example_dags/example_xcomargs.py
[2024-01-09T07:46:25.892+0000] {processor.py:830} INFO - Processing file /home/airflow/.local/lib/python3.8/site-packages/airflow/example_dags/example_xcomargs.py for tasks to queue
[2024-01-09T07:46:25.895+0000] {logging_mixin.py:188} INFO - [2024-01-09T07:46:25.894+0000] {dagbag.py:538} INFO - Filling up the DagBag from /home/airflow/.local/lib/python3.8/site-packages/airflow/example_dags/example_xcomargs.py
[2024-01-09T07:46:25.903+0000] {processor.py:840} INFO - DAG(s) 'example_xcom_args_with_operators', 'example_xcom_args' retrieved from /home/airflow/.local/lib/python3.8/site-packages/airflow/example_dags/example_xcomargs.py
[2024-01-09T07:46:25.921+0000] {logging_mixin.py:188} INFO - [2024-01-09T07:46:25.921+0000] {dag.py:3033} INFO - Sync 2 DAGs
[2024-01-09T07:46:25.931+0000] {logging_mixin.py:188} INFO - [2024-01-09T07:46:25.931+0000] {dag.py:3820} INFO - Setting next_dagrun for example_xcom_args to None, run_after=None
[2024-01-09T07:46:25.934+0000] {logging_mixin.py:188} INFO - [2024-01-09T07:46:25.934+0000] {dag.py:3820} INFO - Setting next_dagrun for example_xcom_args_with_operators to None, run_after=None
[2024-01-09T07:46:25.945+0000] {processor.py:183} INFO - Processing /home/airflow/.local/lib/python3.8/site-packages/airflow/example_dags/example_xcomargs.py took 0.059 seconds
[2024-01-09T07:46:56.206+0000] {processor.py:161} INFO - Started process (PID=1333) to work on /home/airflow/.local/lib/python3.8/site-packages/airflow/example_dags/example_xcomargs.py
[2024-01-09T07:46:56.207+0000] {processor.py:830} INFO - Processing file /home/airflow/.local/lib/python3.8/site-packages/airflow/example_dags/example_xcomargs.py for tasks to queue
[2024-01-09T07:46:56.210+0000] {logging_mixin.py:188} INFO - [2024-01-09T07:46:56.210+0000] {dagbag.py:538} INFO - Filling up the DagBag from /home/airflow/.local/lib/python3.8/site-packages/airflow/example_dags/example_xcomargs.py
[2024-01-09T07:46:56.218+0000] {processor.py:840} INFO - DAG(s) 'example_xcom_args', 'example_xcom_args_with_operators' retrieved from /home/airflow/.local/lib/python3.8/site-packages/airflow/example_dags/example_xcomargs.py
[2024-01-09T07:46:56.238+0000] {logging_mixin.py:188} INFO - [2024-01-09T07:46:56.238+0000] {dag.py:3033} INFO - Sync 2 DAGs
[2024-01-09T07:46:56.247+0000] {logging_mixin.py:188} INFO - [2024-01-09T07:46:56.247+0000] {dag.py:3820} INFO - Setting next_dagrun for example_xcom_args to None, run_after=None
[2024-01-09T07:46:56.251+0000] {logging_mixin.py:188} INFO - [2024-01-09T07:46:56.251+0000] {dag.py:3820} INFO - Setting next_dagrun for example_xcom_args_with_operators to None, run_after=None
[2024-01-09T07:46:56.263+0000] {processor.py:183} INFO - Processing /home/airflow/.local/lib/python3.8/site-packages/airflow/example_dags/example_xcomargs.py took 0.062 seconds
[2024-01-09T07:47:26.453+0000] {processor.py:161} INFO - Started process (PID=1388) to work on /home/airflow/.local/lib/python3.8/site-packages/airflow/example_dags/example_xcomargs.py
[2024-01-09T07:47:26.455+0000] {processor.py:830} INFO - Processing file /home/airflow/.local/lib/python3.8/site-packages/airflow/example_dags/example_xcomargs.py for tasks to queue
[2024-01-09T07:47:26.457+0000] {logging_mixin.py:188} INFO - [2024-01-09T07:47:26.457+0000] {dagbag.py:538} INFO - Filling up the DagBag from /home/airflow/.local/lib/python3.8/site-packages/airflow/example_dags/example_xcomargs.py
[2024-01-09T07:47:26.467+0000] {processor.py:840} INFO - DAG(s) 'example_xcom_args', 'example_xcom_args_with_operators' retrieved from /home/airflow/.local/lib/python3.8/site-packages/airflow/example_dags/example_xcomargs.py
[2024-01-09T07:47:26.488+0000] {logging_mixin.py:188} INFO - [2024-01-09T07:47:26.488+0000] {dag.py:3033} INFO - Sync 2 DAGs
[2024-01-09T07:47:26.498+0000] {logging_mixin.py:188} INFO - [2024-01-09T07:47:26.498+0000] {dag.py:3820} INFO - Setting next_dagrun for example_xcom_args to None, run_after=None
[2024-01-09T07:47:26.501+0000] {logging_mixin.py:188} INFO - [2024-01-09T07:47:26.501+0000] {dag.py:3820} INFO - Setting next_dagrun for example_xcom_args_with_operators to None, run_after=None
[2024-01-09T07:47:26.513+0000] {processor.py:183} INFO - Processing /home/airflow/.local/lib/python3.8/site-packages/airflow/example_dags/example_xcomargs.py took 0.066 seconds
[2024-01-09T07:47:56.694+0000] {processor.py:161} INFO - Started process (PID=1443) to work on /home/airflow/.local/lib/python3.8/site-packages/airflow/example_dags/example_xcomargs.py
[2024-01-09T07:47:56.695+0000] {processor.py:830} INFO - Processing file /home/airflow/.local/lib/python3.8/site-packages/airflow/example_dags/example_xcomargs.py for tasks to queue
[2024-01-09T07:47:56.698+0000] {logging_mixin.py:188} INFO - [2024-01-09T07:47:56.698+0000] {dagbag.py:538} INFO - Filling up the DagBag from /home/airflow/.local/lib/python3.8/site-packages/airflow/example_dags/example_xcomargs.py
[2024-01-09T07:47:56.708+0000] {processor.py:840} INFO - DAG(s) 'example_xcom_args_with_operators', 'example_xcom_args' retrieved from /home/airflow/.local/lib/python3.8/site-packages/airflow/example_dags/example_xcomargs.py
[2024-01-09T07:47:56.726+0000] {logging_mixin.py:188} INFO - [2024-01-09T07:47:56.726+0000] {dag.py:3033} INFO - Sync 2 DAGs
[2024-01-09T07:47:56.736+0000] {logging_mixin.py:188} INFO - [2024-01-09T07:47:56.736+0000] {dag.py:3820} INFO - Setting next_dagrun for example_xcom_args to None, run_after=None
[2024-01-09T07:47:56.739+0000] {logging_mixin.py:188} INFO - [2024-01-09T07:47:56.739+0000] {dag.py:3820} INFO - Setting next_dagrun for example_xcom_args_with_operators to None, run_after=None
[2024-01-09T07:47:56.751+0000] {processor.py:183} INFO - Processing /home/airflow/.local/lib/python3.8/site-packages/airflow/example_dags/example_xcomargs.py took 0.062 seconds
[2024-01-09T07:48:27.002+0000] {processor.py:161} INFO - Started process (PID=1498) to work on /home/airflow/.local/lib/python3.8/site-packages/airflow/example_dags/example_xcomargs.py
[2024-01-09T07:48:27.003+0000] {processor.py:830} INFO - Processing file /home/airflow/.local/lib/python3.8/site-packages/airflow/example_dags/example_xcomargs.py for tasks to queue
[2024-01-09T07:48:27.005+0000] {logging_mixin.py:188} INFO - [2024-01-09T07:48:27.005+0000] {dagbag.py:538} INFO - Filling up the DagBag from /home/airflow/.local/lib/python3.8/site-packages/airflow/example_dags/example_xcomargs.py
[2024-01-09T07:48:27.013+0000] {processor.py:840} INFO - DAG(s) 'example_xcom_args_with_operators', 'example_xcom_args' retrieved from /home/airflow/.local/lib/python3.8/site-packages/airflow/example_dags/example_xcomargs.py
[2024-01-09T07:48:27.036+0000] {logging_mixin.py:188} INFO - [2024-01-09T07:48:27.036+0000] {dag.py:3033} INFO - Sync 2 DAGs
[2024-01-09T07:48:27.047+0000] {logging_mixin.py:188} INFO - [2024-01-09T07:48:27.046+0000] {dag.py:3820} INFO - Setting next_dagrun for example_xcom_args to None, run_after=None
[2024-01-09T07:48:27.050+0000] {logging_mixin.py:188} INFO - [2024-01-09T07:48:27.050+0000] {dag.py:3820} INFO - Setting next_dagrun for example_xcom_args_with_operators to None, run_after=None
[2024-01-09T07:48:27.063+0000] {processor.py:183} INFO - Processing /home/airflow/.local/lib/python3.8/site-packages/airflow/example_dags/example_xcomargs.py took 0.064 seconds
[2024-01-09T07:48:57.721+0000] {processor.py:161} INFO - Started process (PID=1553) to work on /home/airflow/.local/lib/python3.8/site-packages/airflow/example_dags/example_xcomargs.py
[2024-01-09T07:48:57.723+0000] {processor.py:830} INFO - Processing file /home/airflow/.local/lib/python3.8/site-packages/airflow/example_dags/example_xcomargs.py for tasks to queue
[2024-01-09T07:48:57.726+0000] {logging_mixin.py:188} INFO - [2024-01-09T07:48:57.725+0000] {dagbag.py:538} INFO - Filling up the DagBag from /home/airflow/.local/lib/python3.8/site-packages/airflow/example_dags/example_xcomargs.py
[2024-01-09T07:48:57.735+0000] {processor.py:840} INFO - DAG(s) 'example_xcom_args', 'example_xcom_args_with_operators' retrieved from /home/airflow/.local/lib/python3.8/site-packages/airflow/example_dags/example_xcomargs.py
[2024-01-09T07:48:57.755+0000] {logging_mixin.py:188} INFO - [2024-01-09T07:48:57.755+0000] {dag.py:3033} INFO - Sync 2 DAGs
[2024-01-09T07:48:57.765+0000] {logging_mixin.py:188} INFO - [2024-01-09T07:48:57.765+0000] {dag.py:3820} INFO - Setting next_dagrun for example_xcom_args to None, run_after=None
[2024-01-09T07:48:57.768+0000] {logging_mixin.py:188} INFO - [2024-01-09T07:48:57.768+0000] {dag.py:3820} INFO - Setting next_dagrun for example_xcom_args_with_operators to None, run_after=None
[2024-01-09T07:48:57.781+0000] {processor.py:183} INFO - Processing /home/airflow/.local/lib/python3.8/site-packages/airflow/example_dags/example_xcomargs.py took 0.064 seconds
[2024-01-09T07:49:28.271+0000] {processor.py:161} INFO - Started process (PID=1608) to work on /home/airflow/.local/lib/python3.8/site-packages/airflow/example_dags/example_xcomargs.py
[2024-01-09T07:49:28.274+0000] {processor.py:830} INFO - Processing file /home/airflow/.local/lib/python3.8/site-packages/airflow/example_dags/example_xcomargs.py for tasks to queue
[2024-01-09T07:49:28.277+0000] {logging_mixin.py:188} INFO - [2024-01-09T07:49:28.276+0000] {dagbag.py:538} INFO - Filling up the DagBag from /home/airflow/.local/lib/python3.8/site-packages/airflow/example_dags/example_xcomargs.py
[2024-01-09T07:49:28.286+0000] {processor.py:840} INFO - DAG(s) 'example_xcom_args', 'example_xcom_args_with_operators' retrieved from /home/airflow/.local/lib/python3.8/site-packages/airflow/example_dags/example_xcomargs.py
[2024-01-09T07:49:28.313+0000] {logging_mixin.py:188} INFO - [2024-01-09T07:49:28.313+0000] {dag.py:3033} INFO - Sync 2 DAGs
[2024-01-09T07:49:28.323+0000] {logging_mixin.py:188} INFO - [2024-01-09T07:49:28.323+0000] {dag.py:3820} INFO - Setting next_dagrun for example_xcom_args to None, run_after=None
[2024-01-09T07:49:28.326+0000] {logging_mixin.py:188} INFO - [2024-01-09T07:49:28.326+0000] {dag.py:3820} INFO - Setting next_dagrun for example_xcom_args_with_operators to None, run_after=None
[2024-01-09T07:49:28.337+0000] {processor.py:183} INFO - Processing /home/airflow/.local/lib/python3.8/site-packages/airflow/example_dags/example_xcomargs.py took 0.071 seconds
