[2024-01-09T07:35:13.209+0000] {processor.py:161} INFO - Started process (PID=56) to work on /home/airflow/.local/lib/python3.8/site-packages/airflow/example_dags/example_trigger_target_dag.py
[2024-01-09T07:35:13.211+0000] {processor.py:830} INFO - Processing file /home/airflow/.local/lib/python3.8/site-packages/airflow/example_dags/example_trigger_target_dag.py for tasks to queue
[2024-01-09T07:35:13.216+0000] {logging_mixin.py:188} INFO - [2024-01-09T07:35:13.215+0000] {dagbag.py:538} INFO - Filling up the DagBag from /home/airflow/.local/lib/python3.8/site-packages/airflow/example_dags/example_trigger_target_dag.py
[2024-01-09T07:35:13.232+0000] {processor.py:840} INFO - DAG(s) 'example_trigger_target_dag' retrieved from /home/airflow/.local/lib/python3.8/site-packages/airflow/example_dags/example_trigger_target_dag.py
[2024-01-09T07:35:13.256+0000] {logging_mixin.py:188} INFO - [2024-01-09T07:35:13.256+0000] {dag.py:3033} INFO - Sync 1 DAGs
[2024-01-09T07:35:13.275+0000] {logging_mixin.py:188} INFO - [2024-01-09T07:35:13.275+0000] {dag.py:3820} INFO - Setting next_dagrun for example_trigger_target_dag to None, run_after=None
[2024-01-09T07:35:13.300+0000] {processor.py:183} INFO - Processing /home/airflow/.local/lib/python3.8/site-packages/airflow/example_dags/example_trigger_target_dag.py took 0.098 seconds
[2024-01-09T07:35:43.672+0000] {processor.py:161} INFO - Started process (PID=111) to work on /home/airflow/.local/lib/python3.8/site-packages/airflow/example_dags/example_trigger_target_dag.py
[2024-01-09T07:35:43.673+0000] {processor.py:830} INFO - Processing file /home/airflow/.local/lib/python3.8/site-packages/airflow/example_dags/example_trigger_target_dag.py for tasks to queue
[2024-01-09T07:35:43.675+0000] {logging_mixin.py:188} INFO - [2024-01-09T07:35:43.675+0000] {dagbag.py:538} INFO - Filling up the DagBag from /home/airflow/.local/lib/python3.8/site-packages/airflow/example_dags/example_trigger_target_dag.py
[2024-01-09T07:35:43.680+0000] {processor.py:840} INFO - DAG(s) 'example_trigger_target_dag' retrieved from /home/airflow/.local/lib/python3.8/site-packages/airflow/example_dags/example_trigger_target_dag.py
[2024-01-09T07:35:43.758+0000] {logging_mixin.py:188} INFO - [2024-01-09T07:35:43.757+0000] {dag.py:3033} INFO - Sync 1 DAGs
[2024-01-09T07:35:43.766+0000] {logging_mixin.py:188} INFO - [2024-01-09T07:35:43.766+0000] {dag.py:3820} INFO - Setting next_dagrun for example_trigger_target_dag to None, run_after=None
[2024-01-09T07:35:43.781+0000] {processor.py:183} INFO - Processing /home/airflow/.local/lib/python3.8/site-packages/airflow/example_dags/example_trigger_target_dag.py took 0.112 seconds
[2024-01-09T07:36:13.833+0000] {processor.py:161} INFO - Started process (PID=166) to work on /home/airflow/.local/lib/python3.8/site-packages/airflow/example_dags/example_trigger_target_dag.py
[2024-01-09T07:36:13.834+0000] {processor.py:830} INFO - Processing file /home/airflow/.local/lib/python3.8/site-packages/airflow/example_dags/example_trigger_target_dag.py for tasks to queue
[2024-01-09T07:36:13.835+0000] {logging_mixin.py:188} INFO - [2024-01-09T07:36:13.835+0000] {dagbag.py:538} INFO - Filling up the DagBag from /home/airflow/.local/lib/python3.8/site-packages/airflow/example_dags/example_trigger_target_dag.py
[2024-01-09T07:36:13.840+0000] {processor.py:840} INFO - DAG(s) 'example_trigger_target_dag' retrieved from /home/airflow/.local/lib/python3.8/site-packages/airflow/example_dags/example_trigger_target_dag.py
[2024-01-09T07:36:13.855+0000] {logging_mixin.py:188} INFO - [2024-01-09T07:36:13.855+0000] {dag.py:3033} INFO - Sync 1 DAGs
[2024-01-09T07:36:13.864+0000] {logging_mixin.py:188} INFO - [2024-01-09T07:36:13.864+0000] {dag.py:3820} INFO - Setting next_dagrun for example_trigger_target_dag to None, run_after=None
[2024-01-09T07:36:13.876+0000] {processor.py:183} INFO - Processing /home/airflow/.local/lib/python3.8/site-packages/airflow/example_dags/example_trigger_target_dag.py took 0.046 seconds
[2024-01-09T07:36:44.176+0000] {processor.py:161} INFO - Started process (PID=221) to work on /home/airflow/.local/lib/python3.8/site-packages/airflow/example_dags/example_trigger_target_dag.py
[2024-01-09T07:36:44.178+0000] {processor.py:830} INFO - Processing file /home/airflow/.local/lib/python3.8/site-packages/airflow/example_dags/example_trigger_target_dag.py for tasks to queue
[2024-01-09T07:36:44.180+0000] {logging_mixin.py:188} INFO - [2024-01-09T07:36:44.180+0000] {dagbag.py:538} INFO - Filling up the DagBag from /home/airflow/.local/lib/python3.8/site-packages/airflow/example_dags/example_trigger_target_dag.py
[2024-01-09T07:36:44.185+0000] {processor.py:840} INFO - DAG(s) 'example_trigger_target_dag' retrieved from /home/airflow/.local/lib/python3.8/site-packages/airflow/example_dags/example_trigger_target_dag.py
[2024-01-09T07:36:44.199+0000] {logging_mixin.py:188} INFO - [2024-01-09T07:36:44.199+0000] {dag.py:3033} INFO - Sync 1 DAGs
[2024-01-09T07:36:44.208+0000] {logging_mixin.py:188} INFO - [2024-01-09T07:36:44.208+0000] {dag.py:3820} INFO - Setting next_dagrun for example_trigger_target_dag to None, run_after=None
[2024-01-09T07:36:44.220+0000] {processor.py:183} INFO - Processing /home/airflow/.local/lib/python3.8/site-packages/airflow/example_dags/example_trigger_target_dag.py took 0.047 seconds
[2024-01-09T07:37:14.465+0000] {processor.py:161} INFO - Started process (PID=276) to work on /home/airflow/.local/lib/python3.8/site-packages/airflow/example_dags/example_trigger_target_dag.py
[2024-01-09T07:37:14.466+0000] {processor.py:830} INFO - Processing file /home/airflow/.local/lib/python3.8/site-packages/airflow/example_dags/example_trigger_target_dag.py for tasks to queue
[2024-01-09T07:37:14.468+0000] {logging_mixin.py:188} INFO - [2024-01-09T07:37:14.467+0000] {dagbag.py:538} INFO - Filling up the DagBag from /home/airflow/.local/lib/python3.8/site-packages/airflow/example_dags/example_trigger_target_dag.py
[2024-01-09T07:37:14.473+0000] {processor.py:840} INFO - DAG(s) 'example_trigger_target_dag' retrieved from /home/airflow/.local/lib/python3.8/site-packages/airflow/example_dags/example_trigger_target_dag.py
[2024-01-09T07:37:14.489+0000] {logging_mixin.py:188} INFO - [2024-01-09T07:37:14.489+0000] {dag.py:3033} INFO - Sync 1 DAGs
[2024-01-09T07:37:14.499+0000] {logging_mixin.py:188} INFO - [2024-01-09T07:37:14.499+0000] {dag.py:3820} INFO - Setting next_dagrun for example_trigger_target_dag to None, run_after=None
[2024-01-09T07:37:14.513+0000] {processor.py:183} INFO - Processing /home/airflow/.local/lib/python3.8/site-packages/airflow/example_dags/example_trigger_target_dag.py took 0.052 seconds
[2024-01-09T07:37:44.884+0000] {processor.py:161} INFO - Started process (PID=331) to work on /home/airflow/.local/lib/python3.8/site-packages/airflow/example_dags/example_trigger_target_dag.py
[2024-01-09T07:37:44.885+0000] {processor.py:830} INFO - Processing file /home/airflow/.local/lib/python3.8/site-packages/airflow/example_dags/example_trigger_target_dag.py for tasks to queue
[2024-01-09T07:37:44.887+0000] {logging_mixin.py:188} INFO - [2024-01-09T07:37:44.887+0000] {dagbag.py:538} INFO - Filling up the DagBag from /home/airflow/.local/lib/python3.8/site-packages/airflow/example_dags/example_trigger_target_dag.py
[2024-01-09T07:37:44.892+0000] {processor.py:840} INFO - DAG(s) 'example_trigger_target_dag' retrieved from /home/airflow/.local/lib/python3.8/site-packages/airflow/example_dags/example_trigger_target_dag.py
[2024-01-09T07:37:44.906+0000] {logging_mixin.py:188} INFO - [2024-01-09T07:37:44.906+0000] {dag.py:3033} INFO - Sync 1 DAGs
[2024-01-09T07:37:44.915+0000] {logging_mixin.py:188} INFO - [2024-01-09T07:37:44.915+0000] {dag.py:3820} INFO - Setting next_dagrun for example_trigger_target_dag to None, run_after=None
[2024-01-09T07:37:44.928+0000] {processor.py:183} INFO - Processing /home/airflow/.local/lib/python3.8/site-packages/airflow/example_dags/example_trigger_target_dag.py took 0.046 seconds
[2024-01-09T07:38:15.574+0000] {processor.py:161} INFO - Started process (PID=386) to work on /home/airflow/.local/lib/python3.8/site-packages/airflow/example_dags/example_trigger_target_dag.py
[2024-01-09T07:38:15.576+0000] {processor.py:830} INFO - Processing file /home/airflow/.local/lib/python3.8/site-packages/airflow/example_dags/example_trigger_target_dag.py for tasks to queue
[2024-01-09T07:38:15.578+0000] {logging_mixin.py:188} INFO - [2024-01-09T07:38:15.578+0000] {dagbag.py:538} INFO - Filling up the DagBag from /home/airflow/.local/lib/python3.8/site-packages/airflow/example_dags/example_trigger_target_dag.py
[2024-01-09T07:38:15.584+0000] {processor.py:840} INFO - DAG(s) 'example_trigger_target_dag' retrieved from /home/airflow/.local/lib/python3.8/site-packages/airflow/example_dags/example_trigger_target_dag.py
[2024-01-09T07:38:15.605+0000] {logging_mixin.py:188} INFO - [2024-01-09T07:38:15.605+0000] {dag.py:3033} INFO - Sync 1 DAGs
[2024-01-09T07:38:15.616+0000] {logging_mixin.py:188} INFO - [2024-01-09T07:38:15.616+0000] {dag.py:3820} INFO - Setting next_dagrun for example_trigger_target_dag to None, run_after=None
[2024-01-09T07:38:15.634+0000] {processor.py:183} INFO - Processing /home/airflow/.local/lib/python3.8/site-packages/airflow/example_dags/example_trigger_target_dag.py took 0.063 seconds
[2024-01-09T07:38:45.872+0000] {processor.py:161} INFO - Started process (PID=441) to work on /home/airflow/.local/lib/python3.8/site-packages/airflow/example_dags/example_trigger_target_dag.py
[2024-01-09T07:38:45.873+0000] {processor.py:830} INFO - Processing file /home/airflow/.local/lib/python3.8/site-packages/airflow/example_dags/example_trigger_target_dag.py for tasks to queue
[2024-01-09T07:38:45.874+0000] {logging_mixin.py:188} INFO - [2024-01-09T07:38:45.874+0000] {dagbag.py:538} INFO - Filling up the DagBag from /home/airflow/.local/lib/python3.8/site-packages/airflow/example_dags/example_trigger_target_dag.py
[2024-01-09T07:38:45.879+0000] {processor.py:840} INFO - DAG(s) 'example_trigger_target_dag' retrieved from /home/airflow/.local/lib/python3.8/site-packages/airflow/example_dags/example_trigger_target_dag.py
[2024-01-09T07:38:45.895+0000] {logging_mixin.py:188} INFO - [2024-01-09T07:38:45.895+0000] {dag.py:3033} INFO - Sync 1 DAGs
[2024-01-09T07:38:45.904+0000] {logging_mixin.py:188} INFO - [2024-01-09T07:38:45.904+0000] {dag.py:3820} INFO - Setting next_dagrun for example_trigger_target_dag to None, run_after=None
[2024-01-09T07:38:45.916+0000] {processor.py:183} INFO - Processing /home/airflow/.local/lib/python3.8/site-packages/airflow/example_dags/example_trigger_target_dag.py took 0.047 seconds
[2024-01-09T07:39:16.336+0000] {processor.py:161} INFO - Started process (PID=496) to work on /home/airflow/.local/lib/python3.8/site-packages/airflow/example_dags/example_trigger_target_dag.py
[2024-01-09T07:39:16.337+0000] {processor.py:830} INFO - Processing file /home/airflow/.local/lib/python3.8/site-packages/airflow/example_dags/example_trigger_target_dag.py for tasks to queue
[2024-01-09T07:39:16.339+0000] {logging_mixin.py:188} INFO - [2024-01-09T07:39:16.339+0000] {dagbag.py:538} INFO - Filling up the DagBag from /home/airflow/.local/lib/python3.8/site-packages/airflow/example_dags/example_trigger_target_dag.py
[2024-01-09T07:39:16.346+0000] {processor.py:840} INFO - DAG(s) 'example_trigger_target_dag' retrieved from /home/airflow/.local/lib/python3.8/site-packages/airflow/example_dags/example_trigger_target_dag.py
[2024-01-09T07:39:16.366+0000] {logging_mixin.py:188} INFO - [2024-01-09T07:39:16.366+0000] {dag.py:3033} INFO - Sync 1 DAGs
[2024-01-09T07:39:16.379+0000] {logging_mixin.py:188} INFO - [2024-01-09T07:39:16.379+0000] {dag.py:3820} INFO - Setting next_dagrun for example_trigger_target_dag to None, run_after=None
[2024-01-09T07:39:16.397+0000] {processor.py:183} INFO - Processing /home/airflow/.local/lib/python3.8/site-packages/airflow/example_dags/example_trigger_target_dag.py took 0.065 seconds
[2024-01-09T07:39:46.660+0000] {processor.py:161} INFO - Started process (PID=551) to work on /home/airflow/.local/lib/python3.8/site-packages/airflow/example_dags/example_trigger_target_dag.py
[2024-01-09T07:39:46.661+0000] {processor.py:830} INFO - Processing file /home/airflow/.local/lib/python3.8/site-packages/airflow/example_dags/example_trigger_target_dag.py for tasks to queue
[2024-01-09T07:39:46.663+0000] {logging_mixin.py:188} INFO - [2024-01-09T07:39:46.662+0000] {dagbag.py:538} INFO - Filling up the DagBag from /home/airflow/.local/lib/python3.8/site-packages/airflow/example_dags/example_trigger_target_dag.py
[2024-01-09T07:39:46.667+0000] {processor.py:840} INFO - DAG(s) 'example_trigger_target_dag' retrieved from /home/airflow/.local/lib/python3.8/site-packages/airflow/example_dags/example_trigger_target_dag.py
[2024-01-09T07:39:46.683+0000] {logging_mixin.py:188} INFO - [2024-01-09T07:39:46.683+0000] {dag.py:3033} INFO - Sync 1 DAGs
[2024-01-09T07:39:46.694+0000] {logging_mixin.py:188} INFO - [2024-01-09T07:39:46.694+0000] {dag.py:3820} INFO - Setting next_dagrun for example_trigger_target_dag to None, run_after=None
[2024-01-09T07:39:46.708+0000] {processor.py:183} INFO - Processing /home/airflow/.local/lib/python3.8/site-packages/airflow/example_dags/example_trigger_target_dag.py took 0.051 seconds
[2024-01-09T07:40:17.460+0000] {processor.py:161} INFO - Started process (PID=606) to work on /home/airflow/.local/lib/python3.8/site-packages/airflow/example_dags/example_trigger_target_dag.py
[2024-01-09T07:40:17.461+0000] {processor.py:830} INFO - Processing file /home/airflow/.local/lib/python3.8/site-packages/airflow/example_dags/example_trigger_target_dag.py for tasks to queue
[2024-01-09T07:40:17.463+0000] {logging_mixin.py:188} INFO - [2024-01-09T07:40:17.463+0000] {dagbag.py:538} INFO - Filling up the DagBag from /home/airflow/.local/lib/python3.8/site-packages/airflow/example_dags/example_trigger_target_dag.py
[2024-01-09T07:40:17.469+0000] {processor.py:840} INFO - DAG(s) 'example_trigger_target_dag' retrieved from /home/airflow/.local/lib/python3.8/site-packages/airflow/example_dags/example_trigger_target_dag.py
[2024-01-09T07:40:17.487+0000] {logging_mixin.py:188} INFO - [2024-01-09T07:40:17.486+0000] {dag.py:3033} INFO - Sync 1 DAGs
[2024-01-09T07:40:17.497+0000] {logging_mixin.py:188} INFO - [2024-01-09T07:40:17.497+0000] {dag.py:3820} INFO - Setting next_dagrun for example_trigger_target_dag to None, run_after=None
[2024-01-09T07:40:17.512+0000] {processor.py:183} INFO - Processing /home/airflow/.local/lib/python3.8/site-packages/airflow/example_dags/example_trigger_target_dag.py took 0.055 seconds
[2024-01-09T07:40:47.774+0000] {processor.py:161} INFO - Started process (PID=661) to work on /home/airflow/.local/lib/python3.8/site-packages/airflow/example_dags/example_trigger_target_dag.py
[2024-01-09T07:40:47.775+0000] {processor.py:830} INFO - Processing file /home/airflow/.local/lib/python3.8/site-packages/airflow/example_dags/example_trigger_target_dag.py for tasks to queue
[2024-01-09T07:40:47.777+0000] {logging_mixin.py:188} INFO - [2024-01-09T07:40:47.777+0000] {dagbag.py:538} INFO - Filling up the DagBag from /home/airflow/.local/lib/python3.8/site-packages/airflow/example_dags/example_trigger_target_dag.py
[2024-01-09T07:40:47.782+0000] {processor.py:840} INFO - DAG(s) 'example_trigger_target_dag' retrieved from /home/airflow/.local/lib/python3.8/site-packages/airflow/example_dags/example_trigger_target_dag.py
[2024-01-09T07:40:47.798+0000] {logging_mixin.py:188} INFO - [2024-01-09T07:40:47.798+0000] {dag.py:3033} INFO - Sync 1 DAGs
[2024-01-09T07:40:47.808+0000] {logging_mixin.py:188} INFO - [2024-01-09T07:40:47.808+0000] {dag.py:3820} INFO - Setting next_dagrun for example_trigger_target_dag to None, run_after=None
[2024-01-09T07:40:47.823+0000] {processor.py:183} INFO - Processing /home/airflow/.local/lib/python3.8/site-packages/airflow/example_dags/example_trigger_target_dag.py took 0.052 seconds
[2024-01-09T07:41:18.356+0000] {processor.py:161} INFO - Started process (PID=716) to work on /home/airflow/.local/lib/python3.8/site-packages/airflow/example_dags/example_trigger_target_dag.py
[2024-01-09T07:41:18.358+0000] {processor.py:830} INFO - Processing file /home/airflow/.local/lib/python3.8/site-packages/airflow/example_dags/example_trigger_target_dag.py for tasks to queue
[2024-01-09T07:41:18.361+0000] {logging_mixin.py:188} INFO - [2024-01-09T07:41:18.361+0000] {dagbag.py:538} INFO - Filling up the DagBag from /home/airflow/.local/lib/python3.8/site-packages/airflow/example_dags/example_trigger_target_dag.py
[2024-01-09T07:41:18.372+0000] {processor.py:840} INFO - DAG(s) 'example_trigger_target_dag' retrieved from /home/airflow/.local/lib/python3.8/site-packages/airflow/example_dags/example_trigger_target_dag.py
[2024-01-09T07:41:18.405+0000] {logging_mixin.py:188} INFO - [2024-01-09T07:41:18.405+0000] {dag.py:3033} INFO - Sync 1 DAGs
[2024-01-09T07:41:18.425+0000] {logging_mixin.py:188} INFO - [2024-01-09T07:41:18.424+0000] {dag.py:3820} INFO - Setting next_dagrun for example_trigger_target_dag to None, run_after=None
[2024-01-09T07:41:18.458+0000] {processor.py:183} INFO - Processing /home/airflow/.local/lib/python3.8/site-packages/airflow/example_dags/example_trigger_target_dag.py took 0.107 seconds
[2024-01-09T07:41:48.542+0000] {processor.py:161} INFO - Started process (PID=771) to work on /home/airflow/.local/lib/python3.8/site-packages/airflow/example_dags/example_trigger_target_dag.py
[2024-01-09T07:41:48.543+0000] {processor.py:830} INFO - Processing file /home/airflow/.local/lib/python3.8/site-packages/airflow/example_dags/example_trigger_target_dag.py for tasks to queue
[2024-01-09T07:41:48.545+0000] {logging_mixin.py:188} INFO - [2024-01-09T07:41:48.545+0000] {dagbag.py:538} INFO - Filling up the DagBag from /home/airflow/.local/lib/python3.8/site-packages/airflow/example_dags/example_trigger_target_dag.py
[2024-01-09T07:41:48.550+0000] {processor.py:840} INFO - DAG(s) 'example_trigger_target_dag' retrieved from /home/airflow/.local/lib/python3.8/site-packages/airflow/example_dags/example_trigger_target_dag.py
[2024-01-09T07:41:48.566+0000] {logging_mixin.py:188} INFO - [2024-01-09T07:41:48.565+0000] {dag.py:3033} INFO - Sync 1 DAGs
[2024-01-09T07:41:48.575+0000] {logging_mixin.py:188} INFO - [2024-01-09T07:41:48.574+0000] {dag.py:3820} INFO - Setting next_dagrun for example_trigger_target_dag to None, run_after=None
[2024-01-09T07:41:48.587+0000] {processor.py:183} INFO - Processing /home/airflow/.local/lib/python3.8/site-packages/airflow/example_dags/example_trigger_target_dag.py took 0.049 seconds
[2024-01-09T07:42:18.993+0000] {processor.py:161} INFO - Started process (PID=826) to work on /home/airflow/.local/lib/python3.8/site-packages/airflow/example_dags/example_trigger_target_dag.py
[2024-01-09T07:42:18.994+0000] {processor.py:830} INFO - Processing file /home/airflow/.local/lib/python3.8/site-packages/airflow/example_dags/example_trigger_target_dag.py for tasks to queue
[2024-01-09T07:42:18.997+0000] {logging_mixin.py:188} INFO - [2024-01-09T07:42:18.997+0000] {dagbag.py:538} INFO - Filling up the DagBag from /home/airflow/.local/lib/python3.8/site-packages/airflow/example_dags/example_trigger_target_dag.py
[2024-01-09T07:42:19.004+0000] {processor.py:840} INFO - DAG(s) 'example_trigger_target_dag' retrieved from /home/airflow/.local/lib/python3.8/site-packages/airflow/example_dags/example_trigger_target_dag.py
[2024-01-09T07:42:19.024+0000] {logging_mixin.py:188} INFO - [2024-01-09T07:42:19.024+0000] {dag.py:3033} INFO - Sync 1 DAGs
[2024-01-09T07:42:19.036+0000] {logging_mixin.py:188} INFO - [2024-01-09T07:42:19.036+0000] {dag.py:3820} INFO - Setting next_dagrun for example_trigger_target_dag to None, run_after=None
[2024-01-09T07:42:19.053+0000] {processor.py:183} INFO - Processing /home/airflow/.local/lib/python3.8/site-packages/airflow/example_dags/example_trigger_target_dag.py took 0.064 seconds
[2024-01-09T07:42:50.115+0000] {processor.py:161} INFO - Started process (PID=881) to work on /home/airflow/.local/lib/python3.8/site-packages/airflow/example_dags/example_trigger_target_dag.py
[2024-01-09T07:42:50.116+0000] {processor.py:830} INFO - Processing file /home/airflow/.local/lib/python3.8/site-packages/airflow/example_dags/example_trigger_target_dag.py for tasks to queue
[2024-01-09T07:42:50.120+0000] {logging_mixin.py:188} INFO - [2024-01-09T07:42:50.119+0000] {dagbag.py:538} INFO - Filling up the DagBag from /home/airflow/.local/lib/python3.8/site-packages/airflow/example_dags/example_trigger_target_dag.py
[2024-01-09T07:42:50.129+0000] {processor.py:840} INFO - DAG(s) 'example_trigger_target_dag' retrieved from /home/airflow/.local/lib/python3.8/site-packages/airflow/example_dags/example_trigger_target_dag.py
[2024-01-09T07:42:50.156+0000] {logging_mixin.py:188} INFO - [2024-01-09T07:42:50.155+0000] {dag.py:3033} INFO - Sync 1 DAGs
[2024-01-09T07:42:50.173+0000] {logging_mixin.py:188} INFO - [2024-01-09T07:42:50.173+0000] {dag.py:3820} INFO - Setting next_dagrun for example_trigger_target_dag to None, run_after=None
[2024-01-09T07:42:50.197+0000] {processor.py:183} INFO - Processing /home/airflow/.local/lib/python3.8/site-packages/airflow/example_dags/example_trigger_target_dag.py took 0.087 seconds
[2024-01-09T07:43:20.933+0000] {processor.py:161} INFO - Started process (PID=936) to work on /home/airflow/.local/lib/python3.8/site-packages/airflow/example_dags/example_trigger_target_dag.py
[2024-01-09T07:43:20.934+0000] {processor.py:830} INFO - Processing file /home/airflow/.local/lib/python3.8/site-packages/airflow/example_dags/example_trigger_target_dag.py for tasks to queue
[2024-01-09T07:43:20.936+0000] {logging_mixin.py:188} INFO - [2024-01-09T07:43:20.936+0000] {dagbag.py:538} INFO - Filling up the DagBag from /home/airflow/.local/lib/python3.8/site-packages/airflow/example_dags/example_trigger_target_dag.py
[2024-01-09T07:43:20.942+0000] {processor.py:840} INFO - DAG(s) 'example_trigger_target_dag' retrieved from /home/airflow/.local/lib/python3.8/site-packages/airflow/example_dags/example_trigger_target_dag.py
[2024-01-09T07:43:20.963+0000] {logging_mixin.py:188} INFO - [2024-01-09T07:43:20.963+0000] {dag.py:3033} INFO - Sync 1 DAGs
[2024-01-09T07:43:20.975+0000] {logging_mixin.py:188} INFO - [2024-01-09T07:43:20.975+0000] {dag.py:3820} INFO - Setting next_dagrun for example_trigger_target_dag to None, run_after=None
[2024-01-09T07:43:20.993+0000] {processor.py:183} INFO - Processing /home/airflow/.local/lib/python3.8/site-packages/airflow/example_dags/example_trigger_target_dag.py took 0.064 seconds
[2024-01-09T07:43:52.020+0000] {processor.py:161} INFO - Started process (PID=991) to work on /home/airflow/.local/lib/python3.8/site-packages/airflow/example_dags/example_trigger_target_dag.py
[2024-01-09T07:43:52.022+0000] {processor.py:830} INFO - Processing file /home/airflow/.local/lib/python3.8/site-packages/airflow/example_dags/example_trigger_target_dag.py for tasks to queue
[2024-01-09T07:43:52.024+0000] {logging_mixin.py:188} INFO - [2024-01-09T07:43:52.024+0000] {dagbag.py:538} INFO - Filling up the DagBag from /home/airflow/.local/lib/python3.8/site-packages/airflow/example_dags/example_trigger_target_dag.py
[2024-01-09T07:43:52.030+0000] {processor.py:840} INFO - DAG(s) 'example_trigger_target_dag' retrieved from /home/airflow/.local/lib/python3.8/site-packages/airflow/example_dags/example_trigger_target_dag.py
[2024-01-09T07:43:52.050+0000] {logging_mixin.py:188} INFO - [2024-01-09T07:43:52.050+0000] {dag.py:3033} INFO - Sync 1 DAGs
[2024-01-09T07:43:52.062+0000] {logging_mixin.py:188} INFO - [2024-01-09T07:43:52.061+0000] {dag.py:3820} INFO - Setting next_dagrun for example_trigger_target_dag to None, run_after=None
[2024-01-09T07:43:52.081+0000] {processor.py:183} INFO - Processing /home/airflow/.local/lib/python3.8/site-packages/airflow/example_dags/example_trigger_target_dag.py took 0.064 seconds
[2024-01-09T07:44:22.893+0000] {processor.py:161} INFO - Started process (PID=1045) to work on /home/airflow/.local/lib/python3.8/site-packages/airflow/example_dags/example_trigger_target_dag.py
[2024-01-09T07:44:22.894+0000] {processor.py:830} INFO - Processing file /home/airflow/.local/lib/python3.8/site-packages/airflow/example_dags/example_trigger_target_dag.py for tasks to queue
[2024-01-09T07:44:22.897+0000] {logging_mixin.py:188} INFO - [2024-01-09T07:44:22.896+0000] {dagbag.py:538} INFO - Filling up the DagBag from /home/airflow/.local/lib/python3.8/site-packages/airflow/example_dags/example_trigger_target_dag.py
[2024-01-09T07:44:22.902+0000] {processor.py:840} INFO - DAG(s) 'example_trigger_target_dag' retrieved from /home/airflow/.local/lib/python3.8/site-packages/airflow/example_dags/example_trigger_target_dag.py
[2024-01-09T07:44:22.919+0000] {logging_mixin.py:188} INFO - [2024-01-09T07:44:22.918+0000] {dag.py:3033} INFO - Sync 1 DAGs
[2024-01-09T07:44:22.929+0000] {logging_mixin.py:188} INFO - [2024-01-09T07:44:22.929+0000] {dag.py:3820} INFO - Setting next_dagrun for example_trigger_target_dag to None, run_after=None
[2024-01-09T07:44:22.942+0000] {processor.py:183} INFO - Processing /home/airflow/.local/lib/python3.8/site-packages/airflow/example_dags/example_trigger_target_dag.py took 0.053 seconds
[2024-01-09T07:44:53.153+0000] {processor.py:161} INFO - Started process (PID=1100) to work on /home/airflow/.local/lib/python3.8/site-packages/airflow/example_dags/example_trigger_target_dag.py
[2024-01-09T07:44:53.154+0000] {processor.py:830} INFO - Processing file /home/airflow/.local/lib/python3.8/site-packages/airflow/example_dags/example_trigger_target_dag.py for tasks to queue
[2024-01-09T07:44:53.156+0000] {logging_mixin.py:188} INFO - [2024-01-09T07:44:53.156+0000] {dagbag.py:538} INFO - Filling up the DagBag from /home/airflow/.local/lib/python3.8/site-packages/airflow/example_dags/example_trigger_target_dag.py
[2024-01-09T07:44:53.161+0000] {processor.py:840} INFO - DAG(s) 'example_trigger_target_dag' retrieved from /home/airflow/.local/lib/python3.8/site-packages/airflow/example_dags/example_trigger_target_dag.py
[2024-01-09T07:44:53.176+0000] {logging_mixin.py:188} INFO - [2024-01-09T07:44:53.176+0000] {dag.py:3033} INFO - Sync 1 DAGs
[2024-01-09T07:44:53.186+0000] {logging_mixin.py:188} INFO - [2024-01-09T07:44:53.186+0000] {dag.py:3820} INFO - Setting next_dagrun for example_trigger_target_dag to None, run_after=None
[2024-01-09T07:44:53.199+0000] {processor.py:183} INFO - Processing /home/airflow/.local/lib/python3.8/site-packages/airflow/example_dags/example_trigger_target_dag.py took 0.048 seconds
[2024-01-09T07:45:23.613+0000] {processor.py:161} INFO - Started process (PID=1154) to work on /home/airflow/.local/lib/python3.8/site-packages/airflow/example_dags/example_trigger_target_dag.py
[2024-01-09T07:45:23.614+0000] {processor.py:830} INFO - Processing file /home/airflow/.local/lib/python3.8/site-packages/airflow/example_dags/example_trigger_target_dag.py for tasks to queue
[2024-01-09T07:45:23.617+0000] {logging_mixin.py:188} INFO - [2024-01-09T07:45:23.617+0000] {dagbag.py:538} INFO - Filling up the DagBag from /home/airflow/.local/lib/python3.8/site-packages/airflow/example_dags/example_trigger_target_dag.py
[2024-01-09T07:45:23.624+0000] {processor.py:840} INFO - DAG(s) 'example_trigger_target_dag' retrieved from /home/airflow/.local/lib/python3.8/site-packages/airflow/example_dags/example_trigger_target_dag.py
[2024-01-09T07:45:23.647+0000] {logging_mixin.py:188} INFO - [2024-01-09T07:45:23.647+0000] {dag.py:3033} INFO - Sync 1 DAGs
[2024-01-09T07:45:23.659+0000] {logging_mixin.py:188} INFO - [2024-01-09T07:45:23.659+0000] {dag.py:3820} INFO - Setting next_dagrun for example_trigger_target_dag to None, run_after=None
[2024-01-09T07:45:23.674+0000] {processor.py:183} INFO - Processing /home/airflow/.local/lib/python3.8/site-packages/airflow/example_dags/example_trigger_target_dag.py took 0.066 seconds
[2024-01-09T07:45:53.752+0000] {processor.py:161} INFO - Started process (PID=1208) to work on /home/airflow/.local/lib/python3.8/site-packages/airflow/example_dags/example_trigger_target_dag.py
[2024-01-09T07:45:53.754+0000] {processor.py:830} INFO - Processing file /home/airflow/.local/lib/python3.8/site-packages/airflow/example_dags/example_trigger_target_dag.py for tasks to queue
[2024-01-09T07:45:53.755+0000] {logging_mixin.py:188} INFO - [2024-01-09T07:45:53.755+0000] {dagbag.py:538} INFO - Filling up the DagBag from /home/airflow/.local/lib/python3.8/site-packages/airflow/example_dags/example_trigger_target_dag.py
[2024-01-09T07:45:53.761+0000] {processor.py:840} INFO - DAG(s) 'example_trigger_target_dag' retrieved from /home/airflow/.local/lib/python3.8/site-packages/airflow/example_dags/example_trigger_target_dag.py
[2024-01-09T07:45:53.776+0000] {logging_mixin.py:188} INFO - [2024-01-09T07:45:53.775+0000] {dag.py:3033} INFO - Sync 1 DAGs
[2024-01-09T07:45:53.785+0000] {logging_mixin.py:188} INFO - [2024-01-09T07:45:53.785+0000] {dag.py:3820} INFO - Setting next_dagrun for example_trigger_target_dag to None, run_after=None
[2024-01-09T07:45:53.802+0000] {processor.py:183} INFO - Processing /home/airflow/.local/lib/python3.8/site-packages/airflow/example_dags/example_trigger_target_dag.py took 0.053 seconds
[2024-01-09T07:46:24.132+0000] {processor.py:161} INFO - Started process (PID=1264) to work on /home/airflow/.local/lib/python3.8/site-packages/airflow/example_dags/example_trigger_target_dag.py
[2024-01-09T07:46:24.133+0000] {processor.py:830} INFO - Processing file /home/airflow/.local/lib/python3.8/site-packages/airflow/example_dags/example_trigger_target_dag.py for tasks to queue
[2024-01-09T07:46:24.135+0000] {logging_mixin.py:188} INFO - [2024-01-09T07:46:24.135+0000] {dagbag.py:538} INFO - Filling up the DagBag from /home/airflow/.local/lib/python3.8/site-packages/airflow/example_dags/example_trigger_target_dag.py
[2024-01-09T07:46:24.141+0000] {processor.py:840} INFO - DAG(s) 'example_trigger_target_dag' retrieved from /home/airflow/.local/lib/python3.8/site-packages/airflow/example_dags/example_trigger_target_dag.py
[2024-01-09T07:46:24.161+0000] {logging_mixin.py:188} INFO - [2024-01-09T07:46:24.161+0000] {dag.py:3033} INFO - Sync 1 DAGs
[2024-01-09T07:46:24.172+0000] {logging_mixin.py:188} INFO - [2024-01-09T07:46:24.172+0000] {dag.py:3820} INFO - Setting next_dagrun for example_trigger_target_dag to None, run_after=None
[2024-01-09T07:46:24.189+0000] {processor.py:183} INFO - Processing /home/airflow/.local/lib/python3.8/site-packages/airflow/example_dags/example_trigger_target_dag.py took 0.060 seconds
[2024-01-09T07:46:54.478+0000] {processor.py:161} INFO - Started process (PID=1318) to work on /home/airflow/.local/lib/python3.8/site-packages/airflow/example_dags/example_trigger_target_dag.py
[2024-01-09T07:46:54.480+0000] {processor.py:830} INFO - Processing file /home/airflow/.local/lib/python3.8/site-packages/airflow/example_dags/example_trigger_target_dag.py for tasks to queue
[2024-01-09T07:46:54.482+0000] {logging_mixin.py:188} INFO - [2024-01-09T07:46:54.481+0000] {dagbag.py:538} INFO - Filling up the DagBag from /home/airflow/.local/lib/python3.8/site-packages/airflow/example_dags/example_trigger_target_dag.py
[2024-01-09T07:46:54.488+0000] {processor.py:840} INFO - DAG(s) 'example_trigger_target_dag' retrieved from /home/airflow/.local/lib/python3.8/site-packages/airflow/example_dags/example_trigger_target_dag.py
[2024-01-09T07:46:54.505+0000] {logging_mixin.py:188} INFO - [2024-01-09T07:46:54.505+0000] {dag.py:3033} INFO - Sync 1 DAGs
[2024-01-09T07:46:54.515+0000] {logging_mixin.py:188} INFO - [2024-01-09T07:46:54.515+0000] {dag.py:3820} INFO - Setting next_dagrun for example_trigger_target_dag to None, run_after=None
[2024-01-09T07:46:54.530+0000] {processor.py:183} INFO - Processing /home/airflow/.local/lib/python3.8/site-packages/airflow/example_dags/example_trigger_target_dag.py took 0.056 seconds
[2024-01-09T07:47:24.780+0000] {processor.py:161} INFO - Started process (PID=1373) to work on /home/airflow/.local/lib/python3.8/site-packages/airflow/example_dags/example_trigger_target_dag.py
[2024-01-09T07:47:24.781+0000] {processor.py:830} INFO - Processing file /home/airflow/.local/lib/python3.8/site-packages/airflow/example_dags/example_trigger_target_dag.py for tasks to queue
[2024-01-09T07:47:24.783+0000] {logging_mixin.py:188} INFO - [2024-01-09T07:47:24.782+0000] {dagbag.py:538} INFO - Filling up the DagBag from /home/airflow/.local/lib/python3.8/site-packages/airflow/example_dags/example_trigger_target_dag.py
[2024-01-09T07:47:24.787+0000] {processor.py:840} INFO - DAG(s) 'example_trigger_target_dag' retrieved from /home/airflow/.local/lib/python3.8/site-packages/airflow/example_dags/example_trigger_target_dag.py
[2024-01-09T07:47:24.803+0000] {logging_mixin.py:188} INFO - [2024-01-09T07:47:24.803+0000] {dag.py:3033} INFO - Sync 1 DAGs
[2024-01-09T07:47:24.813+0000] {logging_mixin.py:188} INFO - [2024-01-09T07:47:24.813+0000] {dag.py:3820} INFO - Setting next_dagrun for example_trigger_target_dag to None, run_after=None
[2024-01-09T07:47:24.826+0000] {processor.py:183} INFO - Processing /home/airflow/.local/lib/python3.8/site-packages/airflow/example_dags/example_trigger_target_dag.py took 0.050 seconds
[2024-01-09T07:47:55.044+0000] {processor.py:161} INFO - Started process (PID=1428) to work on /home/airflow/.local/lib/python3.8/site-packages/airflow/example_dags/example_trigger_target_dag.py
[2024-01-09T07:47:55.045+0000] {processor.py:830} INFO - Processing file /home/airflow/.local/lib/python3.8/site-packages/airflow/example_dags/example_trigger_target_dag.py for tasks to queue
[2024-01-09T07:47:55.047+0000] {logging_mixin.py:188} INFO - [2024-01-09T07:47:55.047+0000] {dagbag.py:538} INFO - Filling up the DagBag from /home/airflow/.local/lib/python3.8/site-packages/airflow/example_dags/example_trigger_target_dag.py
[2024-01-09T07:47:55.052+0000] {processor.py:840} INFO - DAG(s) 'example_trigger_target_dag' retrieved from /home/airflow/.local/lib/python3.8/site-packages/airflow/example_dags/example_trigger_target_dag.py
[2024-01-09T07:47:55.067+0000] {logging_mixin.py:188} INFO - [2024-01-09T07:47:55.067+0000] {dag.py:3033} INFO - Sync 1 DAGs
[2024-01-09T07:47:55.076+0000] {logging_mixin.py:188} INFO - [2024-01-09T07:47:55.076+0000] {dag.py:3820} INFO - Setting next_dagrun for example_trigger_target_dag to None, run_after=None
[2024-01-09T07:47:55.090+0000] {processor.py:183} INFO - Processing /home/airflow/.local/lib/python3.8/site-packages/airflow/example_dags/example_trigger_target_dag.py took 0.049 seconds
[2024-01-09T07:48:25.324+0000] {processor.py:161} INFO - Started process (PID=1483) to work on /home/airflow/.local/lib/python3.8/site-packages/airflow/example_dags/example_trigger_target_dag.py
[2024-01-09T07:48:25.325+0000] {processor.py:830} INFO - Processing file /home/airflow/.local/lib/python3.8/site-packages/airflow/example_dags/example_trigger_target_dag.py for tasks to queue
[2024-01-09T07:48:25.327+0000] {logging_mixin.py:188} INFO - [2024-01-09T07:48:25.327+0000] {dagbag.py:538} INFO - Filling up the DagBag from /home/airflow/.local/lib/python3.8/site-packages/airflow/example_dags/example_trigger_target_dag.py
[2024-01-09T07:48:25.332+0000] {processor.py:840} INFO - DAG(s) 'example_trigger_target_dag' retrieved from /home/airflow/.local/lib/python3.8/site-packages/airflow/example_dags/example_trigger_target_dag.py
[2024-01-09T07:48:25.347+0000] {logging_mixin.py:188} INFO - [2024-01-09T07:48:25.347+0000] {dag.py:3033} INFO - Sync 1 DAGs
[2024-01-09T07:48:25.357+0000] {logging_mixin.py:188} INFO - [2024-01-09T07:48:25.357+0000] {dag.py:3820} INFO - Setting next_dagrun for example_trigger_target_dag to None, run_after=None
[2024-01-09T07:48:25.371+0000] {processor.py:183} INFO - Processing /home/airflow/.local/lib/python3.8/site-packages/airflow/example_dags/example_trigger_target_dag.py took 0.050 seconds
[2024-01-09T07:48:56.000+0000] {processor.py:161} INFO - Started process (PID=1538) to work on /home/airflow/.local/lib/python3.8/site-packages/airflow/example_dags/example_trigger_target_dag.py
[2024-01-09T07:48:56.001+0000] {processor.py:830} INFO - Processing file /home/airflow/.local/lib/python3.8/site-packages/airflow/example_dags/example_trigger_target_dag.py for tasks to queue
[2024-01-09T07:48:56.003+0000] {logging_mixin.py:188} INFO - [2024-01-09T07:48:56.002+0000] {dagbag.py:538} INFO - Filling up the DagBag from /home/airflow/.local/lib/python3.8/site-packages/airflow/example_dags/example_trigger_target_dag.py
[2024-01-09T07:48:56.008+0000] {processor.py:840} INFO - DAG(s) 'example_trigger_target_dag' retrieved from /home/airflow/.local/lib/python3.8/site-packages/airflow/example_dags/example_trigger_target_dag.py
[2024-01-09T07:48:56.026+0000] {logging_mixin.py:188} INFO - [2024-01-09T07:48:56.026+0000] {dag.py:3033} INFO - Sync 1 DAGs
[2024-01-09T07:48:56.036+0000] {logging_mixin.py:188} INFO - [2024-01-09T07:48:56.036+0000] {dag.py:3820} INFO - Setting next_dagrun for example_trigger_target_dag to None, run_after=None
[2024-01-09T07:48:56.052+0000] {processor.py:183} INFO - Processing /home/airflow/.local/lib/python3.8/site-packages/airflow/example_dags/example_trigger_target_dag.py took 0.055 seconds
[2024-01-09T07:49:26.388+0000] {processor.py:161} INFO - Started process (PID=1593) to work on /home/airflow/.local/lib/python3.8/site-packages/airflow/example_dags/example_trigger_target_dag.py
[2024-01-09T07:49:26.389+0000] {processor.py:830} INFO - Processing file /home/airflow/.local/lib/python3.8/site-packages/airflow/example_dags/example_trigger_target_dag.py for tasks to queue
[2024-01-09T07:49:26.392+0000] {logging_mixin.py:188} INFO - [2024-01-09T07:49:26.392+0000] {dagbag.py:538} INFO - Filling up the DagBag from /home/airflow/.local/lib/python3.8/site-packages/airflow/example_dags/example_trigger_target_dag.py
[2024-01-09T07:49:26.399+0000] {processor.py:840} INFO - DAG(s) 'example_trigger_target_dag' retrieved from /home/airflow/.local/lib/python3.8/site-packages/airflow/example_dags/example_trigger_target_dag.py
[2024-01-09T07:49:26.418+0000] {logging_mixin.py:188} INFO - [2024-01-09T07:49:26.418+0000] {dag.py:3033} INFO - Sync 1 DAGs
[2024-01-09T07:49:26.430+0000] {logging_mixin.py:188} INFO - [2024-01-09T07:49:26.430+0000] {dag.py:3820} INFO - Setting next_dagrun for example_trigger_target_dag to None, run_after=None
[2024-01-09T07:49:26.447+0000] {processor.py:183} INFO - Processing /home/airflow/.local/lib/python3.8/site-packages/airflow/example_dags/example_trigger_target_dag.py took 0.062 seconds
