[2024-01-09T07:35:11.635+0000] {processor.py:161} INFO - Started process (PID=36) to work on /home/airflow/.local/lib/python3.8/site-packages/airflow/example_dags/example_complex.py
[2024-01-09T07:35:11.642+0000] {processor.py:830} INFO - Processing file /home/airflow/.local/lib/python3.8/site-packages/airflow/example_dags/example_complex.py for tasks to queue
[2024-01-09T07:35:11.652+0000] {logging_mixin.py:188} INFO - [2024-01-09T07:35:11.652+0000] {dagbag.py:538} INFO - Filling up the DagBag from /home/airflow/.local/lib/python3.8/site-packages/airflow/example_dags/example_complex.py
[2024-01-09T07:35:11.666+0000] {processor.py:840} INFO - DAG(s) 'example_complex' retrieved from /home/airflow/.local/lib/python3.8/site-packages/airflow/example_dags/example_complex.py
[2024-01-09T07:35:11.678+0000] {logging_mixin.py:188} INFO - [2024-01-09T07:35:11.678+0000] {dag.py:3033} INFO - Sync 1 DAGs
[2024-01-09T07:35:11.691+0000] {logging_mixin.py:188} INFO - [2024-01-09T07:35:11.691+0000] {dag.py:3820} INFO - Setting next_dagrun for example_complex to None, run_after=None
[2024-01-09T07:35:11.707+0000] {processor.py:183} INFO - Processing /home/airflow/.local/lib/python3.8/site-packages/airflow/example_dags/example_complex.py took 0.076 seconds
[2024-01-09T07:35:42.200+0000] {processor.py:161} INFO - Started process (PID=91) to work on /home/airflow/.local/lib/python3.8/site-packages/airflow/example_dags/example_complex.py
[2024-01-09T07:35:42.201+0000] {processor.py:830} INFO - Processing file /home/airflow/.local/lib/python3.8/site-packages/airflow/example_dags/example_complex.py for tasks to queue
[2024-01-09T07:35:42.203+0000] {logging_mixin.py:188} INFO - [2024-01-09T07:35:42.203+0000] {dagbag.py:538} INFO - Filling up the DagBag from /home/airflow/.local/lib/python3.8/site-packages/airflow/example_dags/example_complex.py
[2024-01-09T07:35:42.211+0000] {processor.py:840} INFO - DAG(s) 'example_complex' retrieved from /home/airflow/.local/lib/python3.8/site-packages/airflow/example_dags/example_complex.py
[2024-01-09T07:35:42.287+0000] {logging_mixin.py:188} INFO - [2024-01-09T07:35:42.287+0000] {dag.py:3033} INFO - Sync 1 DAGs
[2024-01-09T07:35:42.296+0000] {logging_mixin.py:188} INFO - [2024-01-09T07:35:42.296+0000] {dag.py:3820} INFO - Setting next_dagrun for example_complex to None, run_after=None
[2024-01-09T07:35:42.310+0000] {processor.py:183} INFO - Processing /home/airflow/.local/lib/python3.8/site-packages/airflow/example_dags/example_complex.py took 0.112 seconds
[2024-01-09T07:36:12.907+0000] {processor.py:161} INFO - Started process (PID=146) to work on /home/airflow/.local/lib/python3.8/site-packages/airflow/example_dags/example_complex.py
[2024-01-09T07:36:12.907+0000] {processor.py:830} INFO - Processing file /home/airflow/.local/lib/python3.8/site-packages/airflow/example_dags/example_complex.py for tasks to queue
[2024-01-09T07:36:12.909+0000] {logging_mixin.py:188} INFO - [2024-01-09T07:36:12.909+0000] {dagbag.py:538} INFO - Filling up the DagBag from /home/airflow/.local/lib/python3.8/site-packages/airflow/example_dags/example_complex.py
[2024-01-09T07:36:12.918+0000] {processor.py:840} INFO - DAG(s) 'example_complex' retrieved from /home/airflow/.local/lib/python3.8/site-packages/airflow/example_dags/example_complex.py
[2024-01-09T07:36:12.940+0000] {logging_mixin.py:188} INFO - [2024-01-09T07:36:12.940+0000] {dag.py:3033} INFO - Sync 1 DAGs
[2024-01-09T07:36:12.949+0000] {logging_mixin.py:188} INFO - [2024-01-09T07:36:12.949+0000] {dag.py:3820} INFO - Setting next_dagrun for example_complex to None, run_after=None
[2024-01-09T07:36:12.962+0000] {processor.py:183} INFO - Processing /home/airflow/.local/lib/python3.8/site-packages/airflow/example_dags/example_complex.py took 0.058 seconds
[2024-01-09T07:36:43.212+0000] {processor.py:161} INFO - Started process (PID=201) to work on /home/airflow/.local/lib/python3.8/site-packages/airflow/example_dags/example_complex.py
[2024-01-09T07:36:43.213+0000] {processor.py:830} INFO - Processing file /home/airflow/.local/lib/python3.8/site-packages/airflow/example_dags/example_complex.py for tasks to queue
[2024-01-09T07:36:43.215+0000] {logging_mixin.py:188} INFO - [2024-01-09T07:36:43.215+0000] {dagbag.py:538} INFO - Filling up the DagBag from /home/airflow/.local/lib/python3.8/site-packages/airflow/example_dags/example_complex.py
[2024-01-09T07:36:43.224+0000] {processor.py:840} INFO - DAG(s) 'example_complex' retrieved from /home/airflow/.local/lib/python3.8/site-packages/airflow/example_dags/example_complex.py
[2024-01-09T07:36:43.247+0000] {logging_mixin.py:188} INFO - [2024-01-09T07:36:43.247+0000] {dag.py:3033} INFO - Sync 1 DAGs
[2024-01-09T07:36:43.256+0000] {logging_mixin.py:188} INFO - [2024-01-09T07:36:43.256+0000] {dag.py:3820} INFO - Setting next_dagrun for example_complex to None, run_after=None
[2024-01-09T07:36:43.270+0000] {processor.py:183} INFO - Processing /home/airflow/.local/lib/python3.8/site-packages/airflow/example_dags/example_complex.py took 0.061 seconds
[2024-01-09T07:37:13.592+0000] {processor.py:161} INFO - Started process (PID=256) to work on /home/airflow/.local/lib/python3.8/site-packages/airflow/example_dags/example_complex.py
[2024-01-09T07:37:13.593+0000] {processor.py:830} INFO - Processing file /home/airflow/.local/lib/python3.8/site-packages/airflow/example_dags/example_complex.py for tasks to queue
[2024-01-09T07:37:13.594+0000] {logging_mixin.py:188} INFO - [2024-01-09T07:37:13.594+0000] {dagbag.py:538} INFO - Filling up the DagBag from /home/airflow/.local/lib/python3.8/site-packages/airflow/example_dags/example_complex.py
[2024-01-09T07:37:13.603+0000] {processor.py:840} INFO - DAG(s) 'example_complex' retrieved from /home/airflow/.local/lib/python3.8/site-packages/airflow/example_dags/example_complex.py
[2024-01-09T07:37:13.628+0000] {logging_mixin.py:188} INFO - [2024-01-09T07:37:13.628+0000] {dag.py:3033} INFO - Sync 1 DAGs
[2024-01-09T07:37:13.638+0000] {logging_mixin.py:188} INFO - [2024-01-09T07:37:13.638+0000] {dag.py:3820} INFO - Setting next_dagrun for example_complex to None, run_after=None
[2024-01-09T07:37:13.653+0000] {processor.py:183} INFO - Processing /home/airflow/.local/lib/python3.8/site-packages/airflow/example_dags/example_complex.py took 0.065 seconds
[2024-01-09T07:37:44.065+0000] {processor.py:161} INFO - Started process (PID=311) to work on /home/airflow/.local/lib/python3.8/site-packages/airflow/example_dags/example_complex.py
[2024-01-09T07:37:44.066+0000] {processor.py:830} INFO - Processing file /home/airflow/.local/lib/python3.8/site-packages/airflow/example_dags/example_complex.py for tasks to queue
[2024-01-09T07:37:44.068+0000] {logging_mixin.py:188} INFO - [2024-01-09T07:37:44.068+0000] {dagbag.py:538} INFO - Filling up the DagBag from /home/airflow/.local/lib/python3.8/site-packages/airflow/example_dags/example_complex.py
[2024-01-09T07:37:44.076+0000] {processor.py:840} INFO - DAG(s) 'example_complex' retrieved from /home/airflow/.local/lib/python3.8/site-packages/airflow/example_dags/example_complex.py
[2024-01-09T07:37:44.099+0000] {logging_mixin.py:188} INFO - [2024-01-09T07:37:44.099+0000] {dag.py:3033} INFO - Sync 1 DAGs
[2024-01-09T07:37:44.108+0000] {logging_mixin.py:188} INFO - [2024-01-09T07:37:44.108+0000] {dag.py:3820} INFO - Setting next_dagrun for example_complex to None, run_after=None
[2024-01-09T07:37:44.120+0000] {processor.py:183} INFO - Processing /home/airflow/.local/lib/python3.8/site-packages/airflow/example_dags/example_complex.py took 0.058 seconds
[2024-01-09T07:38:14.433+0000] {processor.py:161} INFO - Started process (PID=366) to work on /home/airflow/.local/lib/python3.8/site-packages/airflow/example_dags/example_complex.py
[2024-01-09T07:38:14.435+0000] {processor.py:830} INFO - Processing file /home/airflow/.local/lib/python3.8/site-packages/airflow/example_dags/example_complex.py for tasks to queue
[2024-01-09T07:38:14.438+0000] {logging_mixin.py:188} INFO - [2024-01-09T07:38:14.437+0000] {dagbag.py:538} INFO - Filling up the DagBag from /home/airflow/.local/lib/python3.8/site-packages/airflow/example_dags/example_complex.py
[2024-01-09T07:38:14.447+0000] {processor.py:840} INFO - DAG(s) 'example_complex' retrieved from /home/airflow/.local/lib/python3.8/site-packages/airflow/example_dags/example_complex.py
[2024-01-09T07:38:14.476+0000] {logging_mixin.py:188} INFO - [2024-01-09T07:38:14.476+0000] {dag.py:3033} INFO - Sync 1 DAGs
[2024-01-09T07:38:14.487+0000] {logging_mixin.py:188} INFO - [2024-01-09T07:38:14.486+0000] {dag.py:3820} INFO - Setting next_dagrun for example_complex to None, run_after=None
[2024-01-09T07:38:14.506+0000] {processor.py:183} INFO - Processing /home/airflow/.local/lib/python3.8/site-packages/airflow/example_dags/example_complex.py took 0.075 seconds
[2024-01-09T07:38:44.985+0000] {processor.py:161} INFO - Started process (PID=421) to work on /home/airflow/.local/lib/python3.8/site-packages/airflow/example_dags/example_complex.py
[2024-01-09T07:38:44.986+0000] {processor.py:830} INFO - Processing file /home/airflow/.local/lib/python3.8/site-packages/airflow/example_dags/example_complex.py for tasks to queue
[2024-01-09T07:38:44.988+0000] {logging_mixin.py:188} INFO - [2024-01-09T07:38:44.988+0000] {dagbag.py:538} INFO - Filling up the DagBag from /home/airflow/.local/lib/python3.8/site-packages/airflow/example_dags/example_complex.py
[2024-01-09T07:38:44.996+0000] {processor.py:840} INFO - DAG(s) 'example_complex' retrieved from /home/airflow/.local/lib/python3.8/site-packages/airflow/example_dags/example_complex.py
[2024-01-09T07:38:45.020+0000] {logging_mixin.py:188} INFO - [2024-01-09T07:38:45.019+0000] {dag.py:3033} INFO - Sync 1 DAGs
[2024-01-09T07:38:45.029+0000] {logging_mixin.py:188} INFO - [2024-01-09T07:38:45.029+0000] {dag.py:3820} INFO - Setting next_dagrun for example_complex to None, run_after=None
[2024-01-09T07:38:45.043+0000] {processor.py:183} INFO - Processing /home/airflow/.local/lib/python3.8/site-packages/airflow/example_dags/example_complex.py took 0.060 seconds
[2024-01-09T07:39:15.317+0000] {processor.py:161} INFO - Started process (PID=476) to work on /home/airflow/.local/lib/python3.8/site-packages/airflow/example_dags/example_complex.py
[2024-01-09T07:39:15.317+0000] {processor.py:830} INFO - Processing file /home/airflow/.local/lib/python3.8/site-packages/airflow/example_dags/example_complex.py for tasks to queue
[2024-01-09T07:39:15.319+0000] {logging_mixin.py:188} INFO - [2024-01-09T07:39:15.319+0000] {dagbag.py:538} INFO - Filling up the DagBag from /home/airflow/.local/lib/python3.8/site-packages/airflow/example_dags/example_complex.py
[2024-01-09T07:39:15.328+0000] {processor.py:840} INFO - DAG(s) 'example_complex' retrieved from /home/airflow/.local/lib/python3.8/site-packages/airflow/example_dags/example_complex.py
[2024-01-09T07:39:15.352+0000] {logging_mixin.py:188} INFO - [2024-01-09T07:39:15.352+0000] {dag.py:3033} INFO - Sync 1 DAGs
[2024-01-09T07:39:15.363+0000] {logging_mixin.py:188} INFO - [2024-01-09T07:39:15.363+0000] {dag.py:3820} INFO - Setting next_dagrun for example_complex to None, run_after=None
[2024-01-09T07:39:15.379+0000] {processor.py:183} INFO - Processing /home/airflow/.local/lib/python3.8/site-packages/airflow/example_dags/example_complex.py took 0.066 seconds
[2024-01-09T07:39:45.776+0000] {processor.py:161} INFO - Started process (PID=531) to work on /home/airflow/.local/lib/python3.8/site-packages/airflow/example_dags/example_complex.py
[2024-01-09T07:39:45.777+0000] {processor.py:830} INFO - Processing file /home/airflow/.local/lib/python3.8/site-packages/airflow/example_dags/example_complex.py for tasks to queue
[2024-01-09T07:39:45.779+0000] {logging_mixin.py:188} INFO - [2024-01-09T07:39:45.779+0000] {dagbag.py:538} INFO - Filling up the DagBag from /home/airflow/.local/lib/python3.8/site-packages/airflow/example_dags/example_complex.py
[2024-01-09T07:39:45.787+0000] {processor.py:840} INFO - DAG(s) 'example_complex' retrieved from /home/airflow/.local/lib/python3.8/site-packages/airflow/example_dags/example_complex.py
[2024-01-09T07:39:45.811+0000] {logging_mixin.py:188} INFO - [2024-01-09T07:39:45.811+0000] {dag.py:3033} INFO - Sync 1 DAGs
[2024-01-09T07:39:45.820+0000] {logging_mixin.py:188} INFO - [2024-01-09T07:39:45.820+0000] {dag.py:3820} INFO - Setting next_dagrun for example_complex to None, run_after=None
[2024-01-09T07:39:45.835+0000] {processor.py:183} INFO - Processing /home/airflow/.local/lib/python3.8/site-packages/airflow/example_dags/example_complex.py took 0.062 seconds
[2024-01-09T07:40:16.172+0000] {processor.py:161} INFO - Started process (PID=586) to work on /home/airflow/.local/lib/python3.8/site-packages/airflow/example_dags/example_complex.py
[2024-01-09T07:40:16.173+0000] {processor.py:830} INFO - Processing file /home/airflow/.local/lib/python3.8/site-packages/airflow/example_dags/example_complex.py for tasks to queue
[2024-01-09T07:40:16.175+0000] {logging_mixin.py:188} INFO - [2024-01-09T07:40:16.174+0000] {dagbag.py:538} INFO - Filling up the DagBag from /home/airflow/.local/lib/python3.8/site-packages/airflow/example_dags/example_complex.py
[2024-01-09T07:40:16.183+0000] {processor.py:840} INFO - DAG(s) 'example_complex' retrieved from /home/airflow/.local/lib/python3.8/site-packages/airflow/example_dags/example_complex.py
[2024-01-09T07:40:16.208+0000] {logging_mixin.py:188} INFO - [2024-01-09T07:40:16.207+0000] {dag.py:3033} INFO - Sync 1 DAGs
[2024-01-09T07:40:16.217+0000] {logging_mixin.py:188} INFO - [2024-01-09T07:40:16.217+0000] {dag.py:3820} INFO - Setting next_dagrun for example_complex to None, run_after=None
[2024-01-09T07:40:16.231+0000] {processor.py:183} INFO - Processing /home/airflow/.local/lib/python3.8/site-packages/airflow/example_dags/example_complex.py took 0.061 seconds
[2024-01-09T07:40:46.874+0000] {processor.py:161} INFO - Started process (PID=641) to work on /home/airflow/.local/lib/python3.8/site-packages/airflow/example_dags/example_complex.py
[2024-01-09T07:40:46.875+0000] {processor.py:830} INFO - Processing file /home/airflow/.local/lib/python3.8/site-packages/airflow/example_dags/example_complex.py for tasks to queue
[2024-01-09T07:40:46.877+0000] {logging_mixin.py:188} INFO - [2024-01-09T07:40:46.877+0000] {dagbag.py:538} INFO - Filling up the DagBag from /home/airflow/.local/lib/python3.8/site-packages/airflow/example_dags/example_complex.py
[2024-01-09T07:40:46.887+0000] {processor.py:840} INFO - DAG(s) 'example_complex' retrieved from /home/airflow/.local/lib/python3.8/site-packages/airflow/example_dags/example_complex.py
[2024-01-09T07:40:46.914+0000] {logging_mixin.py:188} INFO - [2024-01-09T07:40:46.914+0000] {dag.py:3033} INFO - Sync 1 DAGs
[2024-01-09T07:40:46.925+0000] {logging_mixin.py:188} INFO - [2024-01-09T07:40:46.925+0000] {dag.py:3820} INFO - Setting next_dagrun for example_complex to None, run_after=None
[2024-01-09T07:40:46.942+0000] {processor.py:183} INFO - Processing /home/airflow/.local/lib/python3.8/site-packages/airflow/example_dags/example_complex.py took 0.071 seconds
[2024-01-09T07:41:17.150+0000] {processor.py:161} INFO - Started process (PID=696) to work on /home/airflow/.local/lib/python3.8/site-packages/airflow/example_dags/example_complex.py
[2024-01-09T07:41:17.151+0000] {processor.py:830} INFO - Processing file /home/airflow/.local/lib/python3.8/site-packages/airflow/example_dags/example_complex.py for tasks to queue
[2024-01-09T07:41:17.153+0000] {logging_mixin.py:188} INFO - [2024-01-09T07:41:17.153+0000] {dagbag.py:538} INFO - Filling up the DagBag from /home/airflow/.local/lib/python3.8/site-packages/airflow/example_dags/example_complex.py
[2024-01-09T07:41:17.166+0000] {processor.py:840} INFO - DAG(s) 'example_complex' retrieved from /home/airflow/.local/lib/python3.8/site-packages/airflow/example_dags/example_complex.py
[2024-01-09T07:41:17.196+0000] {logging_mixin.py:188} INFO - [2024-01-09T07:41:17.196+0000] {dag.py:3033} INFO - Sync 1 DAGs
[2024-01-09T07:41:17.208+0000] {logging_mixin.py:188} INFO - [2024-01-09T07:41:17.208+0000] {dag.py:3820} INFO - Setting next_dagrun for example_complex to None, run_after=None
[2024-01-09T07:41:17.226+0000] {processor.py:183} INFO - Processing /home/airflow/.local/lib/python3.8/site-packages/airflow/example_dags/example_complex.py took 0.080 seconds
[2024-01-09T07:41:47.502+0000] {processor.py:161} INFO - Started process (PID=751) to work on /home/airflow/.local/lib/python3.8/site-packages/airflow/example_dags/example_complex.py
[2024-01-09T07:41:47.504+0000] {processor.py:830} INFO - Processing file /home/airflow/.local/lib/python3.8/site-packages/airflow/example_dags/example_complex.py for tasks to queue
[2024-01-09T07:41:47.505+0000] {logging_mixin.py:188} INFO - [2024-01-09T07:41:47.505+0000] {dagbag.py:538} INFO - Filling up the DagBag from /home/airflow/.local/lib/python3.8/site-packages/airflow/example_dags/example_complex.py
[2024-01-09T07:41:47.514+0000] {processor.py:840} INFO - DAG(s) 'example_complex' retrieved from /home/airflow/.local/lib/python3.8/site-packages/airflow/example_dags/example_complex.py
[2024-01-09T07:41:47.540+0000] {logging_mixin.py:188} INFO - [2024-01-09T07:41:47.539+0000] {dag.py:3033} INFO - Sync 1 DAGs
[2024-01-09T07:41:47.549+0000] {logging_mixin.py:188} INFO - [2024-01-09T07:41:47.549+0000] {dag.py:3820} INFO - Setting next_dagrun for example_complex to None, run_after=None
[2024-01-09T07:41:47.563+0000] {processor.py:183} INFO - Processing /home/airflow/.local/lib/python3.8/site-packages/airflow/example_dags/example_complex.py took 0.063 seconds
[2024-01-09T07:42:17.912+0000] {processor.py:161} INFO - Started process (PID=806) to work on /home/airflow/.local/lib/python3.8/site-packages/airflow/example_dags/example_complex.py
[2024-01-09T07:42:17.913+0000] {processor.py:830} INFO - Processing file /home/airflow/.local/lib/python3.8/site-packages/airflow/example_dags/example_complex.py for tasks to queue
[2024-01-09T07:42:17.915+0000] {logging_mixin.py:188} INFO - [2024-01-09T07:42:17.915+0000] {dagbag.py:538} INFO - Filling up the DagBag from /home/airflow/.local/lib/python3.8/site-packages/airflow/example_dags/example_complex.py
[2024-01-09T07:42:17.924+0000] {processor.py:840} INFO - DAG(s) 'example_complex' retrieved from /home/airflow/.local/lib/python3.8/site-packages/airflow/example_dags/example_complex.py
[2024-01-09T07:42:17.949+0000] {logging_mixin.py:188} INFO - [2024-01-09T07:42:17.949+0000] {dag.py:3033} INFO - Sync 1 DAGs
[2024-01-09T07:42:17.958+0000] {logging_mixin.py:188} INFO - [2024-01-09T07:42:17.958+0000] {dag.py:3820} INFO - Setting next_dagrun for example_complex to None, run_after=None
[2024-01-09T07:42:17.971+0000] {processor.py:183} INFO - Processing /home/airflow/.local/lib/python3.8/site-packages/airflow/example_dags/example_complex.py took 0.062 seconds
[2024-01-09T07:42:48.736+0000] {processor.py:161} INFO - Started process (PID=861) to work on /home/airflow/.local/lib/python3.8/site-packages/airflow/example_dags/example_complex.py
[2024-01-09T07:42:48.737+0000] {processor.py:830} INFO - Processing file /home/airflow/.local/lib/python3.8/site-packages/airflow/example_dags/example_complex.py for tasks to queue
[2024-01-09T07:42:48.739+0000] {logging_mixin.py:188} INFO - [2024-01-09T07:42:48.739+0000] {dagbag.py:538} INFO - Filling up the DagBag from /home/airflow/.local/lib/python3.8/site-packages/airflow/example_dags/example_complex.py
[2024-01-09T07:42:48.747+0000] {processor.py:840} INFO - DAG(s) 'example_complex' retrieved from /home/airflow/.local/lib/python3.8/site-packages/airflow/example_dags/example_complex.py
[2024-01-09T07:42:48.772+0000] {logging_mixin.py:188} INFO - [2024-01-09T07:42:48.772+0000] {dag.py:3033} INFO - Sync 1 DAGs
[2024-01-09T07:42:48.782+0000] {logging_mixin.py:188} INFO - [2024-01-09T07:42:48.782+0000] {dag.py:3820} INFO - Setting next_dagrun for example_complex to None, run_after=None
[2024-01-09T07:42:48.796+0000] {processor.py:183} INFO - Processing /home/airflow/.local/lib/python3.8/site-packages/airflow/example_dags/example_complex.py took 0.063 seconds
[2024-01-09T07:43:18.935+0000] {processor.py:161} INFO - Started process (PID=916) to work on /home/airflow/.local/lib/python3.8/site-packages/airflow/example_dags/example_complex.py
[2024-01-09T07:43:18.936+0000] {processor.py:830} INFO - Processing file /home/airflow/.local/lib/python3.8/site-packages/airflow/example_dags/example_complex.py for tasks to queue
[2024-01-09T07:43:18.938+0000] {logging_mixin.py:188} INFO - [2024-01-09T07:43:18.938+0000] {dagbag.py:538} INFO - Filling up the DagBag from /home/airflow/.local/lib/python3.8/site-packages/airflow/example_dags/example_complex.py
[2024-01-09T07:43:18.946+0000] {processor.py:840} INFO - DAG(s) 'example_complex' retrieved from /home/airflow/.local/lib/python3.8/site-packages/airflow/example_dags/example_complex.py
[2024-01-09T07:43:18.970+0000] {logging_mixin.py:188} INFO - [2024-01-09T07:43:18.970+0000] {dag.py:3033} INFO - Sync 1 DAGs
[2024-01-09T07:43:18.980+0000] {logging_mixin.py:188} INFO - [2024-01-09T07:43:18.980+0000] {dag.py:3820} INFO - Setting next_dagrun for example_complex to None, run_after=None
[2024-01-09T07:43:18.993+0000] {processor.py:183} INFO - Processing /home/airflow/.local/lib/python3.8/site-packages/airflow/example_dags/example_complex.py took 0.061 seconds
[2024-01-09T07:43:49.693+0000] {processor.py:161} INFO - Started process (PID=971) to work on /home/airflow/.local/lib/python3.8/site-packages/airflow/example_dags/example_complex.py
[2024-01-09T07:43:49.694+0000] {processor.py:830} INFO - Processing file /home/airflow/.local/lib/python3.8/site-packages/airflow/example_dags/example_complex.py for tasks to queue
[2024-01-09T07:43:49.695+0000] {logging_mixin.py:188} INFO - [2024-01-09T07:43:49.695+0000] {dagbag.py:538} INFO - Filling up the DagBag from /home/airflow/.local/lib/python3.8/site-packages/airflow/example_dags/example_complex.py
[2024-01-09T07:43:49.704+0000] {processor.py:840} INFO - DAG(s) 'example_complex' retrieved from /home/airflow/.local/lib/python3.8/site-packages/airflow/example_dags/example_complex.py
[2024-01-09T07:43:49.727+0000] {logging_mixin.py:188} INFO - [2024-01-09T07:43:49.727+0000] {dag.py:3033} INFO - Sync 1 DAGs
[2024-01-09T07:43:49.737+0000] {logging_mixin.py:188} INFO - [2024-01-09T07:43:49.736+0000] {dag.py:3820} INFO - Setting next_dagrun for example_complex to None, run_after=None
[2024-01-09T07:43:49.749+0000] {processor.py:183} INFO - Processing /home/airflow/.local/lib/python3.8/site-packages/airflow/example_dags/example_complex.py took 0.059 seconds
[2024-01-09T07:44:19.903+0000] {processor.py:161} INFO - Started process (PID=1025) to work on /home/airflow/.local/lib/python3.8/site-packages/airflow/example_dags/example_complex.py
[2024-01-09T07:44:19.904+0000] {processor.py:830} INFO - Processing file /home/airflow/.local/lib/python3.8/site-packages/airflow/example_dags/example_complex.py for tasks to queue
[2024-01-09T07:44:19.906+0000] {logging_mixin.py:188} INFO - [2024-01-09T07:44:19.906+0000] {dagbag.py:538} INFO - Filling up the DagBag from /home/airflow/.local/lib/python3.8/site-packages/airflow/example_dags/example_complex.py
[2024-01-09T07:44:19.919+0000] {processor.py:840} INFO - DAG(s) 'example_complex' retrieved from /home/airflow/.local/lib/python3.8/site-packages/airflow/example_dags/example_complex.py
[2024-01-09T07:44:19.943+0000] {logging_mixin.py:188} INFO - [2024-01-09T07:44:19.943+0000] {dag.py:3033} INFO - Sync 1 DAGs
[2024-01-09T07:44:19.952+0000] {logging_mixin.py:188} INFO - [2024-01-09T07:44:19.952+0000] {dag.py:3820} INFO - Setting next_dagrun for example_complex to None, run_after=None
[2024-01-09T07:44:19.964+0000] {processor.py:183} INFO - Processing /home/airflow/.local/lib/python3.8/site-packages/airflow/example_dags/example_complex.py took 0.064 seconds
[2024-01-09T07:44:50.212+0000] {processor.py:161} INFO - Started process (PID=1080) to work on /home/airflow/.local/lib/python3.8/site-packages/airflow/example_dags/example_complex.py
[2024-01-09T07:44:50.213+0000] {processor.py:830} INFO - Processing file /home/airflow/.local/lib/python3.8/site-packages/airflow/example_dags/example_complex.py for tasks to queue
[2024-01-09T07:44:50.215+0000] {logging_mixin.py:188} INFO - [2024-01-09T07:44:50.215+0000] {dagbag.py:538} INFO - Filling up the DagBag from /home/airflow/.local/lib/python3.8/site-packages/airflow/example_dags/example_complex.py
[2024-01-09T07:44:50.223+0000] {processor.py:840} INFO - DAG(s) 'example_complex' retrieved from /home/airflow/.local/lib/python3.8/site-packages/airflow/example_dags/example_complex.py
[2024-01-09T07:44:50.247+0000] {logging_mixin.py:188} INFO - [2024-01-09T07:44:50.247+0000] {dag.py:3033} INFO - Sync 1 DAGs
[2024-01-09T07:44:50.256+0000] {logging_mixin.py:188} INFO - [2024-01-09T07:44:50.255+0000] {dag.py:3820} INFO - Setting next_dagrun for example_complex to None, run_after=None
[2024-01-09T07:44:50.268+0000] {processor.py:183} INFO - Processing /home/airflow/.local/lib/python3.8/site-packages/airflow/example_dags/example_complex.py took 0.059 seconds
[2024-01-09T07:45:20.507+0000] {processor.py:161} INFO - Started process (PID=1134) to work on /home/airflow/.local/lib/python3.8/site-packages/airflow/example_dags/example_complex.py
[2024-01-09T07:45:20.507+0000] {processor.py:830} INFO - Processing file /home/airflow/.local/lib/python3.8/site-packages/airflow/example_dags/example_complex.py for tasks to queue
[2024-01-09T07:45:20.509+0000] {logging_mixin.py:188} INFO - [2024-01-09T07:45:20.509+0000] {dagbag.py:538} INFO - Filling up the DagBag from /home/airflow/.local/lib/python3.8/site-packages/airflow/example_dags/example_complex.py
[2024-01-09T07:45:20.518+0000] {processor.py:840} INFO - DAG(s) 'example_complex' retrieved from /home/airflow/.local/lib/python3.8/site-packages/airflow/example_dags/example_complex.py
[2024-01-09T07:45:20.544+0000] {logging_mixin.py:188} INFO - [2024-01-09T07:45:20.544+0000] {dag.py:3033} INFO - Sync 1 DAGs
[2024-01-09T07:45:20.554+0000] {logging_mixin.py:188} INFO - [2024-01-09T07:45:20.554+0000] {dag.py:3820} INFO - Setting next_dagrun for example_complex to None, run_after=None
[2024-01-09T07:45:20.569+0000] {processor.py:183} INFO - Processing /home/airflow/.local/lib/python3.8/site-packages/airflow/example_dags/example_complex.py took 0.065 seconds
[2024-01-09T07:45:50.995+0000] {processor.py:161} INFO - Started process (PID=1189) to work on /home/airflow/.local/lib/python3.8/site-packages/airflow/example_dags/example_complex.py
[2024-01-09T07:45:50.996+0000] {processor.py:830} INFO - Processing file /home/airflow/.local/lib/python3.8/site-packages/airflow/example_dags/example_complex.py for tasks to queue
[2024-01-09T07:45:50.998+0000] {logging_mixin.py:188} INFO - [2024-01-09T07:45:50.998+0000] {dagbag.py:538} INFO - Filling up the DagBag from /home/airflow/.local/lib/python3.8/site-packages/airflow/example_dags/example_complex.py
[2024-01-09T07:45:51.006+0000] {processor.py:840} INFO - DAG(s) 'example_complex' retrieved from /home/airflow/.local/lib/python3.8/site-packages/airflow/example_dags/example_complex.py
[2024-01-09T07:45:51.030+0000] {logging_mixin.py:188} INFO - [2024-01-09T07:45:51.030+0000] {dag.py:3033} INFO - Sync 1 DAGs
[2024-01-09T07:45:51.039+0000] {logging_mixin.py:188} INFO - [2024-01-09T07:45:51.039+0000] {dag.py:3820} INFO - Setting next_dagrun for example_complex to None, run_after=None
[2024-01-09T07:45:51.053+0000] {processor.py:183} INFO - Processing /home/airflow/.local/lib/python3.8/site-packages/airflow/example_dags/example_complex.py took 0.060 seconds
[2024-01-09T07:46:21.255+0000] {processor.py:161} INFO - Started process (PID=1244) to work on /home/airflow/.local/lib/python3.8/site-packages/airflow/example_dags/example_complex.py
[2024-01-09T07:46:21.256+0000] {processor.py:830} INFO - Processing file /home/airflow/.local/lib/python3.8/site-packages/airflow/example_dags/example_complex.py for tasks to queue
[2024-01-09T07:46:21.258+0000] {logging_mixin.py:188} INFO - [2024-01-09T07:46:21.257+0000] {dagbag.py:538} INFO - Filling up the DagBag from /home/airflow/.local/lib/python3.8/site-packages/airflow/example_dags/example_complex.py
[2024-01-09T07:46:21.266+0000] {processor.py:840} INFO - DAG(s) 'example_complex' retrieved from /home/airflow/.local/lib/python3.8/site-packages/airflow/example_dags/example_complex.py
[2024-01-09T07:46:21.289+0000] {logging_mixin.py:188} INFO - [2024-01-09T07:46:21.288+0000] {dag.py:3033} INFO - Sync 1 DAGs
[2024-01-09T07:46:21.298+0000] {logging_mixin.py:188} INFO - [2024-01-09T07:46:21.297+0000] {dag.py:3820} INFO - Setting next_dagrun for example_complex to None, run_after=None
[2024-01-09T07:46:21.310+0000] {processor.py:183} INFO - Processing /home/airflow/.local/lib/python3.8/site-packages/airflow/example_dags/example_complex.py took 0.058 seconds
[2024-01-09T07:46:51.684+0000] {processor.py:161} INFO - Started process (PID=1299) to work on /home/airflow/.local/lib/python3.8/site-packages/airflow/example_dags/example_complex.py
[2024-01-09T07:46:51.685+0000] {processor.py:830} INFO - Processing file /home/airflow/.local/lib/python3.8/site-packages/airflow/example_dags/example_complex.py for tasks to queue
[2024-01-09T07:46:51.687+0000] {logging_mixin.py:188} INFO - [2024-01-09T07:46:51.687+0000] {dagbag.py:538} INFO - Filling up the DagBag from /home/airflow/.local/lib/python3.8/site-packages/airflow/example_dags/example_complex.py
[2024-01-09T07:46:51.696+0000] {processor.py:840} INFO - DAG(s) 'example_complex' retrieved from /home/airflow/.local/lib/python3.8/site-packages/airflow/example_dags/example_complex.py
[2024-01-09T07:46:51.721+0000] {logging_mixin.py:188} INFO - [2024-01-09T07:46:51.720+0000] {dag.py:3033} INFO - Sync 1 DAGs
[2024-01-09T07:46:51.732+0000] {logging_mixin.py:188} INFO - [2024-01-09T07:46:51.731+0000] {dag.py:3820} INFO - Setting next_dagrun for example_complex to None, run_after=None
[2024-01-09T07:46:51.748+0000] {processor.py:183} INFO - Processing /home/airflow/.local/lib/python3.8/site-packages/airflow/example_dags/example_complex.py took 0.067 seconds
[2024-01-09T07:47:21.973+0000] {processor.py:161} INFO - Started process (PID=1354) to work on /home/airflow/.local/lib/python3.8/site-packages/airflow/example_dags/example_complex.py
[2024-01-09T07:47:21.974+0000] {processor.py:830} INFO - Processing file /home/airflow/.local/lib/python3.8/site-packages/airflow/example_dags/example_complex.py for tasks to queue
[2024-01-09T07:47:21.976+0000] {logging_mixin.py:188} INFO - [2024-01-09T07:47:21.976+0000] {dagbag.py:538} INFO - Filling up the DagBag from /home/airflow/.local/lib/python3.8/site-packages/airflow/example_dags/example_complex.py
[2024-01-09T07:47:21.985+0000] {processor.py:840} INFO - DAG(s) 'example_complex' retrieved from /home/airflow/.local/lib/python3.8/site-packages/airflow/example_dags/example_complex.py
[2024-01-09T07:47:22.008+0000] {logging_mixin.py:188} INFO - [2024-01-09T07:47:22.008+0000] {dag.py:3033} INFO - Sync 1 DAGs
[2024-01-09T07:47:22.017+0000] {logging_mixin.py:188} INFO - [2024-01-09T07:47:22.017+0000] {dag.py:3820} INFO - Setting next_dagrun for example_complex to None, run_after=None
[2024-01-09T07:47:22.030+0000] {processor.py:183} INFO - Processing /home/airflow/.local/lib/python3.8/site-packages/airflow/example_dags/example_complex.py took 0.059 seconds
[2024-01-09T07:47:52.245+0000] {processor.py:161} INFO - Started process (PID=1409) to work on /home/airflow/.local/lib/python3.8/site-packages/airflow/example_dags/example_complex.py
[2024-01-09T07:47:52.246+0000] {processor.py:830} INFO - Processing file /home/airflow/.local/lib/python3.8/site-packages/airflow/example_dags/example_complex.py for tasks to queue
[2024-01-09T07:47:52.248+0000] {logging_mixin.py:188} INFO - [2024-01-09T07:47:52.247+0000] {dagbag.py:538} INFO - Filling up the DagBag from /home/airflow/.local/lib/python3.8/site-packages/airflow/example_dags/example_complex.py
[2024-01-09T07:47:52.256+0000] {processor.py:840} INFO - DAG(s) 'example_complex' retrieved from /home/airflow/.local/lib/python3.8/site-packages/airflow/example_dags/example_complex.py
[2024-01-09T07:47:52.280+0000] {logging_mixin.py:188} INFO - [2024-01-09T07:47:52.280+0000] {dag.py:3033} INFO - Sync 1 DAGs
[2024-01-09T07:47:52.289+0000] {logging_mixin.py:188} INFO - [2024-01-09T07:47:52.289+0000] {dag.py:3820} INFO - Setting next_dagrun for example_complex to None, run_after=None
[2024-01-09T07:47:52.303+0000] {processor.py:183} INFO - Processing /home/airflow/.local/lib/python3.8/site-packages/airflow/example_dags/example_complex.py took 0.061 seconds
[2024-01-09T07:48:22.507+0000] {processor.py:161} INFO - Started process (PID=1464) to work on /home/airflow/.local/lib/python3.8/site-packages/airflow/example_dags/example_complex.py
[2024-01-09T07:48:22.508+0000] {processor.py:830} INFO - Processing file /home/airflow/.local/lib/python3.8/site-packages/airflow/example_dags/example_complex.py for tasks to queue
[2024-01-09T07:48:22.510+0000] {logging_mixin.py:188} INFO - [2024-01-09T07:48:22.510+0000] {dagbag.py:538} INFO - Filling up the DagBag from /home/airflow/.local/lib/python3.8/site-packages/airflow/example_dags/example_complex.py
[2024-01-09T07:48:22.519+0000] {processor.py:840} INFO - DAG(s) 'example_complex' retrieved from /home/airflow/.local/lib/python3.8/site-packages/airflow/example_dags/example_complex.py
[2024-01-09T07:48:22.545+0000] {logging_mixin.py:188} INFO - [2024-01-09T07:48:22.545+0000] {dag.py:3033} INFO - Sync 1 DAGs
[2024-01-09T07:48:22.555+0000] {logging_mixin.py:188} INFO - [2024-01-09T07:48:22.555+0000] {dag.py:3820} INFO - Setting next_dagrun for example_complex to None, run_after=None
[2024-01-09T07:48:22.569+0000] {processor.py:183} INFO - Processing /home/airflow/.local/lib/python3.8/site-packages/airflow/example_dags/example_complex.py took 0.065 seconds
[2024-01-09T07:48:53.174+0000] {processor.py:161} INFO - Started process (PID=1519) to work on /home/airflow/.local/lib/python3.8/site-packages/airflow/example_dags/example_complex.py
[2024-01-09T07:48:53.175+0000] {processor.py:830} INFO - Processing file /home/airflow/.local/lib/python3.8/site-packages/airflow/example_dags/example_complex.py for tasks to queue
[2024-01-09T07:48:53.177+0000] {logging_mixin.py:188} INFO - [2024-01-09T07:48:53.177+0000] {dagbag.py:538} INFO - Filling up the DagBag from /home/airflow/.local/lib/python3.8/site-packages/airflow/example_dags/example_complex.py
[2024-01-09T07:48:53.185+0000] {processor.py:840} INFO - DAG(s) 'example_complex' retrieved from /home/airflow/.local/lib/python3.8/site-packages/airflow/example_dags/example_complex.py
[2024-01-09T07:48:53.209+0000] {logging_mixin.py:188} INFO - [2024-01-09T07:48:53.208+0000] {dag.py:3033} INFO - Sync 1 DAGs
[2024-01-09T07:48:53.218+0000] {logging_mixin.py:188} INFO - [2024-01-09T07:48:53.218+0000] {dag.py:3820} INFO - Setting next_dagrun for example_complex to None, run_after=None
[2024-01-09T07:48:53.230+0000] {processor.py:183} INFO - Processing /home/airflow/.local/lib/python3.8/site-packages/airflow/example_dags/example_complex.py took 0.059 seconds
[2024-01-09T07:49:23.519+0000] {processor.py:161} INFO - Started process (PID=1574) to work on /home/airflow/.local/lib/python3.8/site-packages/airflow/example_dags/example_complex.py
[2024-01-09T07:49:23.520+0000] {processor.py:830} INFO - Processing file /home/airflow/.local/lib/python3.8/site-packages/airflow/example_dags/example_complex.py for tasks to queue
[2024-01-09T07:49:23.522+0000] {logging_mixin.py:188} INFO - [2024-01-09T07:49:23.522+0000] {dagbag.py:538} INFO - Filling up the DagBag from /home/airflow/.local/lib/python3.8/site-packages/airflow/example_dags/example_complex.py
[2024-01-09T07:49:23.531+0000] {processor.py:840} INFO - DAG(s) 'example_complex' retrieved from /home/airflow/.local/lib/python3.8/site-packages/airflow/example_dags/example_complex.py
[2024-01-09T07:49:23.556+0000] {logging_mixin.py:188} INFO - [2024-01-09T07:49:23.556+0000] {dag.py:3033} INFO - Sync 1 DAGs
[2024-01-09T07:49:23.567+0000] {logging_mixin.py:188} INFO - [2024-01-09T07:49:23.567+0000] {dag.py:3820} INFO - Setting next_dagrun for example_complex to None, run_after=None
[2024-01-09T07:49:23.584+0000] {processor.py:183} INFO - Processing /home/airflow/.local/lib/python3.8/site-packages/airflow/example_dags/example_complex.py took 0.068 seconds
[2024-01-09T07:49:54.106+0000] {processor.py:161} INFO - Started process (PID=1629) to work on /home/airflow/.local/lib/python3.8/site-packages/airflow/example_dags/example_complex.py
[2024-01-09T07:49:54.106+0000] {processor.py:830} INFO - Processing file /home/airflow/.local/lib/python3.8/site-packages/airflow/example_dags/example_complex.py for tasks to queue
[2024-01-09T07:49:54.108+0000] {logging_mixin.py:188} INFO - [2024-01-09T07:49:54.108+0000] {dagbag.py:538} INFO - Filling up the DagBag from /home/airflow/.local/lib/python3.8/site-packages/airflow/example_dags/example_complex.py
[2024-01-09T07:49:54.116+0000] {processor.py:840} INFO - DAG(s) 'example_complex' retrieved from /home/airflow/.local/lib/python3.8/site-packages/airflow/example_dags/example_complex.py
[2024-01-09T07:49:54.139+0000] {logging_mixin.py:188} INFO - [2024-01-09T07:49:54.139+0000] {dag.py:3033} INFO - Sync 1 DAGs
[2024-01-09T07:49:54.148+0000] {logging_mixin.py:188} INFO - [2024-01-09T07:49:54.148+0000] {dag.py:3820} INFO - Setting next_dagrun for example_complex to None, run_after=None
[2024-01-09T07:49:54.160+0000] {processor.py:183} INFO - Processing /home/airflow/.local/lib/python3.8/site-packages/airflow/example_dags/example_complex.py took 0.057 seconds
