[2024-01-09T07:35:12.173+0000] {processor.py:161} INFO - Started process (PID=43) to work on /home/airflow/.local/lib/python3.8/site-packages/airflow/example_dags/example_branch_labels.py
[2024-01-09T07:35:12.175+0000] {processor.py:830} INFO - Processing file /home/airflow/.local/lib/python3.8/site-packages/airflow/example_dags/example_branch_labels.py for tasks to queue
[2024-01-09T07:35:12.178+0000] {logging_mixin.py:188} INFO - [2024-01-09T07:35:12.178+0000] {dagbag.py:538} INFO - Filling up the DagBag from /home/airflow/.local/lib/python3.8/site-packages/airflow/example_dags/example_branch_labels.py
[2024-01-09T07:35:12.196+0000] {processor.py:840} INFO - DAG(s) 'example_branch_labels' retrieved from /home/airflow/.local/lib/python3.8/site-packages/airflow/example_dags/example_branch_labels.py
[2024-01-09T07:35:12.220+0000] {logging_mixin.py:188} INFO - [2024-01-09T07:35:12.220+0000] {dag.py:3033} INFO - Sync 1 DAGs
[2024-01-09T07:35:12.255+0000] {logging_mixin.py:188} INFO - [2024-01-09T07:35:12.255+0000] {dag.py:3820} INFO - Setting next_dagrun for example_branch_labels to 2024-01-08T00:00:00+00:00, run_after=2024-01-09T00:00:00+00:00
[2024-01-09T07:35:12.282+0000] {processor.py:183} INFO - Processing /home/airflow/.local/lib/python3.8/site-packages/airflow/example_dags/example_branch_labels.py took 0.115 seconds
[2024-01-09T07:35:42.704+0000] {processor.py:161} INFO - Started process (PID=98) to work on /home/airflow/.local/lib/python3.8/site-packages/airflow/example_dags/example_branch_labels.py
[2024-01-09T07:35:42.704+0000] {processor.py:830} INFO - Processing file /home/airflow/.local/lib/python3.8/site-packages/airflow/example_dags/example_branch_labels.py for tasks to queue
[2024-01-09T07:35:42.706+0000] {logging_mixin.py:188} INFO - [2024-01-09T07:35:42.706+0000] {dagbag.py:538} INFO - Filling up the DagBag from /home/airflow/.local/lib/python3.8/site-packages/airflow/example_dags/example_branch_labels.py
[2024-01-09T07:35:42.714+0000] {processor.py:840} INFO - DAG(s) 'example_branch_labels' retrieved from /home/airflow/.local/lib/python3.8/site-packages/airflow/example_dags/example_branch_labels.py
[2024-01-09T07:35:42.823+0000] {logging_mixin.py:188} INFO - [2024-01-09T07:35:42.823+0000] {dag.py:3033} INFO - Sync 1 DAGs
[2024-01-09T07:35:42.847+0000] {logging_mixin.py:188} INFO - [2024-01-09T07:35:42.846+0000] {dag.py:3820} INFO - Setting next_dagrun for example_branch_labels to 2024-01-08T00:00:00+00:00, run_after=2024-01-09T00:00:00+00:00
[2024-01-09T07:35:42.866+0000] {processor.py:183} INFO - Processing /home/airflow/.local/lib/python3.8/site-packages/airflow/example_dags/example_branch_labels.py took 0.166 seconds
[2024-01-09T07:36:13.194+0000] {processor.py:161} INFO - Started process (PID=153) to work on /home/airflow/.local/lib/python3.8/site-packages/airflow/example_dags/example_branch_labels.py
[2024-01-09T07:36:13.194+0000] {processor.py:830} INFO - Processing file /home/airflow/.local/lib/python3.8/site-packages/airflow/example_dags/example_branch_labels.py for tasks to queue
[2024-01-09T07:36:13.196+0000] {logging_mixin.py:188} INFO - [2024-01-09T07:36:13.196+0000] {dagbag.py:538} INFO - Filling up the DagBag from /home/airflow/.local/lib/python3.8/site-packages/airflow/example_dags/example_branch_labels.py
[2024-01-09T07:36:13.203+0000] {processor.py:840} INFO - DAG(s) 'example_branch_labels' retrieved from /home/airflow/.local/lib/python3.8/site-packages/airflow/example_dags/example_branch_labels.py
[2024-01-09T07:36:13.219+0000] {logging_mixin.py:188} INFO - [2024-01-09T07:36:13.219+0000] {dag.py:3033} INFO - Sync 1 DAGs
[2024-01-09T07:36:13.235+0000] {logging_mixin.py:188} INFO - [2024-01-09T07:36:13.235+0000] {dag.py:3820} INFO - Setting next_dagrun for example_branch_labels to 2024-01-08T00:00:00+00:00, run_after=2024-01-09T00:00:00+00:00
[2024-01-09T07:36:13.248+0000] {processor.py:183} INFO - Processing /home/airflow/.local/lib/python3.8/site-packages/airflow/example_dags/example_branch_labels.py took 0.057 seconds
[2024-01-09T07:36:43.557+0000] {processor.py:161} INFO - Started process (PID=208) to work on /home/airflow/.local/lib/python3.8/site-packages/airflow/example_dags/example_branch_labels.py
[2024-01-09T07:36:43.558+0000] {processor.py:830} INFO - Processing file /home/airflow/.local/lib/python3.8/site-packages/airflow/example_dags/example_branch_labels.py for tasks to queue
[2024-01-09T07:36:43.559+0000] {logging_mixin.py:188} INFO - [2024-01-09T07:36:43.559+0000] {dagbag.py:538} INFO - Filling up the DagBag from /home/airflow/.local/lib/python3.8/site-packages/airflow/example_dags/example_branch_labels.py
[2024-01-09T07:36:43.566+0000] {processor.py:840} INFO - DAG(s) 'example_branch_labels' retrieved from /home/airflow/.local/lib/python3.8/site-packages/airflow/example_dags/example_branch_labels.py
[2024-01-09T07:36:43.585+0000] {logging_mixin.py:188} INFO - [2024-01-09T07:36:43.585+0000] {dag.py:3033} INFO - Sync 1 DAGs
[2024-01-09T07:36:43.603+0000] {logging_mixin.py:188} INFO - [2024-01-09T07:36:43.603+0000] {dag.py:3820} INFO - Setting next_dagrun for example_branch_labels to 2024-01-08T00:00:00+00:00, run_after=2024-01-09T00:00:00+00:00
[2024-01-09T07:36:43.617+0000] {processor.py:183} INFO - Processing /home/airflow/.local/lib/python3.8/site-packages/airflow/example_dags/example_branch_labels.py took 0.063 seconds
[2024-01-09T07:37:13.864+0000] {processor.py:161} INFO - Started process (PID=263) to work on /home/airflow/.local/lib/python3.8/site-packages/airflow/example_dags/example_branch_labels.py
[2024-01-09T07:37:13.865+0000] {processor.py:830} INFO - Processing file /home/airflow/.local/lib/python3.8/site-packages/airflow/example_dags/example_branch_labels.py for tasks to queue
[2024-01-09T07:37:13.867+0000] {logging_mixin.py:188} INFO - [2024-01-09T07:37:13.867+0000] {dagbag.py:538} INFO - Filling up the DagBag from /home/airflow/.local/lib/python3.8/site-packages/airflow/example_dags/example_branch_labels.py
[2024-01-09T07:37:13.874+0000] {processor.py:840} INFO - DAG(s) 'example_branch_labels' retrieved from /home/airflow/.local/lib/python3.8/site-packages/airflow/example_dags/example_branch_labels.py
[2024-01-09T07:37:13.891+0000] {logging_mixin.py:188} INFO - [2024-01-09T07:37:13.891+0000] {dag.py:3033} INFO - Sync 1 DAGs
[2024-01-09T07:37:13.911+0000] {logging_mixin.py:188} INFO - [2024-01-09T07:37:13.910+0000] {dag.py:3820} INFO - Setting next_dagrun for example_branch_labels to 2024-01-08T00:00:00+00:00, run_after=2024-01-09T00:00:00+00:00
[2024-01-09T07:37:13.926+0000] {processor.py:183} INFO - Processing /home/airflow/.local/lib/python3.8/site-packages/airflow/example_dags/example_branch_labels.py took 0.064 seconds
[2024-01-09T07:37:44.355+0000] {processor.py:161} INFO - Started process (PID=318) to work on /home/airflow/.local/lib/python3.8/site-packages/airflow/example_dags/example_branch_labels.py
[2024-01-09T07:37:44.356+0000] {processor.py:830} INFO - Processing file /home/airflow/.local/lib/python3.8/site-packages/airflow/example_dags/example_branch_labels.py for tasks to queue
[2024-01-09T07:37:44.358+0000] {logging_mixin.py:188} INFO - [2024-01-09T07:37:44.357+0000] {dagbag.py:538} INFO - Filling up the DagBag from /home/airflow/.local/lib/python3.8/site-packages/airflow/example_dags/example_branch_labels.py
[2024-01-09T07:37:44.364+0000] {processor.py:840} INFO - DAG(s) 'example_branch_labels' retrieved from /home/airflow/.local/lib/python3.8/site-packages/airflow/example_dags/example_branch_labels.py
[2024-01-09T07:37:44.381+0000] {logging_mixin.py:188} INFO - [2024-01-09T07:37:44.381+0000] {dag.py:3033} INFO - Sync 1 DAGs
[2024-01-09T07:37:44.399+0000] {logging_mixin.py:188} INFO - [2024-01-09T07:37:44.398+0000] {dag.py:3820} INFO - Setting next_dagrun for example_branch_labels to 2024-01-08T00:00:00+00:00, run_after=2024-01-09T00:00:00+00:00
[2024-01-09T07:37:44.411+0000] {processor.py:183} INFO - Processing /home/airflow/.local/lib/python3.8/site-packages/airflow/example_dags/example_branch_labels.py took 0.059 seconds
[2024-01-09T07:38:14.781+0000] {processor.py:161} INFO - Started process (PID=373) to work on /home/airflow/.local/lib/python3.8/site-packages/airflow/example_dags/example_branch_labels.py
[2024-01-09T07:38:14.784+0000] {processor.py:830} INFO - Processing file /home/airflow/.local/lib/python3.8/site-packages/airflow/example_dags/example_branch_labels.py for tasks to queue
[2024-01-09T07:38:14.788+0000] {logging_mixin.py:188} INFO - [2024-01-09T07:38:14.787+0000] {dagbag.py:538} INFO - Filling up the DagBag from /home/airflow/.local/lib/python3.8/site-packages/airflow/example_dags/example_branch_labels.py
[2024-01-09T07:38:14.799+0000] {processor.py:840} INFO - DAG(s) 'example_branch_labels' retrieved from /home/airflow/.local/lib/python3.8/site-packages/airflow/example_dags/example_branch_labels.py
[2024-01-09T07:38:14.830+0000] {logging_mixin.py:188} INFO - [2024-01-09T07:38:14.830+0000] {dag.py:3033} INFO - Sync 1 DAGs
[2024-01-09T07:38:14.857+0000] {logging_mixin.py:188} INFO - [2024-01-09T07:38:14.857+0000] {dag.py:3820} INFO - Setting next_dagrun for example_branch_labels to 2024-01-08T00:00:00+00:00, run_after=2024-01-09T00:00:00+00:00
[2024-01-09T07:38:14.878+0000] {processor.py:183} INFO - Processing /home/airflow/.local/lib/python3.8/site-packages/airflow/example_dags/example_branch_labels.py took 0.102 seconds
[2024-01-09T07:38:45.275+0000] {processor.py:161} INFO - Started process (PID=428) to work on /home/airflow/.local/lib/python3.8/site-packages/airflow/example_dags/example_branch_labels.py
[2024-01-09T07:38:45.276+0000] {processor.py:830} INFO - Processing file /home/airflow/.local/lib/python3.8/site-packages/airflow/example_dags/example_branch_labels.py for tasks to queue
[2024-01-09T07:38:45.277+0000] {logging_mixin.py:188} INFO - [2024-01-09T07:38:45.277+0000] {dagbag.py:538} INFO - Filling up the DagBag from /home/airflow/.local/lib/python3.8/site-packages/airflow/example_dags/example_branch_labels.py
[2024-01-09T07:38:45.284+0000] {processor.py:840} INFO - DAG(s) 'example_branch_labels' retrieved from /home/airflow/.local/lib/python3.8/site-packages/airflow/example_dags/example_branch_labels.py
[2024-01-09T07:38:45.300+0000] {logging_mixin.py:188} INFO - [2024-01-09T07:38:45.300+0000] {dag.py:3033} INFO - Sync 1 DAGs
[2024-01-09T07:38:45.317+0000] {logging_mixin.py:188} INFO - [2024-01-09T07:38:45.317+0000] {dag.py:3820} INFO - Setting next_dagrun for example_branch_labels to 2024-01-08T00:00:00+00:00, run_after=2024-01-09T00:00:00+00:00
[2024-01-09T07:38:45.329+0000] {processor.py:183} INFO - Processing /home/airflow/.local/lib/python3.8/site-packages/airflow/example_dags/example_branch_labels.py took 0.058 seconds
[2024-01-09T07:39:15.605+0000] {processor.py:161} INFO - Started process (PID=483) to work on /home/airflow/.local/lib/python3.8/site-packages/airflow/example_dags/example_branch_labels.py
[2024-01-09T07:39:15.606+0000] {processor.py:830} INFO - Processing file /home/airflow/.local/lib/python3.8/site-packages/airflow/example_dags/example_branch_labels.py for tasks to queue
[2024-01-09T07:39:15.608+0000] {logging_mixin.py:188} INFO - [2024-01-09T07:39:15.608+0000] {dagbag.py:538} INFO - Filling up the DagBag from /home/airflow/.local/lib/python3.8/site-packages/airflow/example_dags/example_branch_labels.py
[2024-01-09T07:39:15.615+0000] {processor.py:840} INFO - DAG(s) 'example_branch_labels' retrieved from /home/airflow/.local/lib/python3.8/site-packages/airflow/example_dags/example_branch_labels.py
[2024-01-09T07:39:15.634+0000] {logging_mixin.py:188} INFO - [2024-01-09T07:39:15.634+0000] {dag.py:3033} INFO - Sync 1 DAGs
[2024-01-09T07:39:15.654+0000] {logging_mixin.py:188} INFO - [2024-01-09T07:39:15.654+0000] {dag.py:3820} INFO - Setting next_dagrun for example_branch_labels to 2024-01-08T00:00:00+00:00, run_after=2024-01-09T00:00:00+00:00
[2024-01-09T07:39:15.670+0000] {processor.py:183} INFO - Processing /home/airflow/.local/lib/python3.8/site-packages/airflow/example_dags/example_branch_labels.py took 0.069 seconds
[2024-01-09T07:39:46.037+0000] {processor.py:161} INFO - Started process (PID=538) to work on /home/airflow/.local/lib/python3.8/site-packages/airflow/example_dags/example_branch_labels.py
[2024-01-09T07:39:46.038+0000] {processor.py:830} INFO - Processing file /home/airflow/.local/lib/python3.8/site-packages/airflow/example_dags/example_branch_labels.py for tasks to queue
[2024-01-09T07:39:46.040+0000] {logging_mixin.py:188} INFO - [2024-01-09T07:39:46.040+0000] {dagbag.py:538} INFO - Filling up the DagBag from /home/airflow/.local/lib/python3.8/site-packages/airflow/example_dags/example_branch_labels.py
[2024-01-09T07:39:46.047+0000] {processor.py:840} INFO - DAG(s) 'example_branch_labels' retrieved from /home/airflow/.local/lib/python3.8/site-packages/airflow/example_dags/example_branch_labels.py
[2024-01-09T07:39:46.064+0000] {logging_mixin.py:188} INFO - [2024-01-09T07:39:46.064+0000] {dag.py:3033} INFO - Sync 1 DAGs
[2024-01-09T07:39:46.082+0000] {logging_mixin.py:188} INFO - [2024-01-09T07:39:46.082+0000] {dag.py:3820} INFO - Setting next_dagrun for example_branch_labels to 2024-01-08T00:00:00+00:00, run_after=2024-01-09T00:00:00+00:00
[2024-01-09T07:39:46.095+0000] {processor.py:183} INFO - Processing /home/airflow/.local/lib/python3.8/site-packages/airflow/example_dags/example_branch_labels.py took 0.061 seconds
[2024-01-09T07:40:16.500+0000] {processor.py:161} INFO - Started process (PID=593) to work on /home/airflow/.local/lib/python3.8/site-packages/airflow/example_dags/example_branch_labels.py
[2024-01-09T07:40:16.501+0000] {processor.py:830} INFO - Processing file /home/airflow/.local/lib/python3.8/site-packages/airflow/example_dags/example_branch_labels.py for tasks to queue
[2024-01-09T07:40:16.503+0000] {logging_mixin.py:188} INFO - [2024-01-09T07:40:16.503+0000] {dagbag.py:538} INFO - Filling up the DagBag from /home/airflow/.local/lib/python3.8/site-packages/airflow/example_dags/example_branch_labels.py
[2024-01-09T07:40:16.510+0000] {processor.py:840} INFO - DAG(s) 'example_branch_labels' retrieved from /home/airflow/.local/lib/python3.8/site-packages/airflow/example_dags/example_branch_labels.py
[2024-01-09T07:40:16.530+0000] {logging_mixin.py:188} INFO - [2024-01-09T07:40:16.530+0000] {dag.py:3033} INFO - Sync 1 DAGs
[2024-01-09T07:40:16.550+0000] {logging_mixin.py:188} INFO - [2024-01-09T07:40:16.550+0000] {dag.py:3820} INFO - Setting next_dagrun for example_branch_labels to 2024-01-08T00:00:00+00:00, run_after=2024-01-09T00:00:00+00:00
[2024-01-09T07:40:16.568+0000] {processor.py:183} INFO - Processing /home/airflow/.local/lib/python3.8/site-packages/airflow/example_dags/example_branch_labels.py took 0.072 seconds
[2024-01-09T07:40:47.209+0000] {processor.py:161} INFO - Started process (PID=648) to work on /home/airflow/.local/lib/python3.8/site-packages/airflow/example_dags/example_branch_labels.py
[2024-01-09T07:40:47.210+0000] {processor.py:830} INFO - Processing file /home/airflow/.local/lib/python3.8/site-packages/airflow/example_dags/example_branch_labels.py for tasks to queue
[2024-01-09T07:40:47.213+0000] {logging_mixin.py:188} INFO - [2024-01-09T07:40:47.212+0000] {dagbag.py:538} INFO - Filling up the DagBag from /home/airflow/.local/lib/python3.8/site-packages/airflow/example_dags/example_branch_labels.py
[2024-01-09T07:40:47.220+0000] {processor.py:840} INFO - DAG(s) 'example_branch_labels' retrieved from /home/airflow/.local/lib/python3.8/site-packages/airflow/example_dags/example_branch_labels.py
[2024-01-09T07:40:47.239+0000] {logging_mixin.py:188} INFO - [2024-01-09T07:40:47.239+0000] {dag.py:3033} INFO - Sync 1 DAGs
[2024-01-09T07:40:47.258+0000] {logging_mixin.py:188} INFO - [2024-01-09T07:40:47.257+0000] {dag.py:3820} INFO - Setting next_dagrun for example_branch_labels to 2024-01-08T00:00:00+00:00, run_after=2024-01-09T00:00:00+00:00
[2024-01-09T07:40:47.272+0000] {processor.py:183} INFO - Processing /home/airflow/.local/lib/python3.8/site-packages/airflow/example_dags/example_branch_labels.py took 0.065 seconds
[2024-01-09T07:41:17.545+0000] {processor.py:161} INFO - Started process (PID=703) to work on /home/airflow/.local/lib/python3.8/site-packages/airflow/example_dags/example_branch_labels.py
[2024-01-09T07:41:17.547+0000] {processor.py:830} INFO - Processing file /home/airflow/.local/lib/python3.8/site-packages/airflow/example_dags/example_branch_labels.py for tasks to queue
[2024-01-09T07:41:17.550+0000] {logging_mixin.py:188} INFO - [2024-01-09T07:41:17.549+0000] {dagbag.py:538} INFO - Filling up the DagBag from /home/airflow/.local/lib/python3.8/site-packages/airflow/example_dags/example_branch_labels.py
[2024-01-09T07:41:17.559+0000] {processor.py:840} INFO - DAG(s) 'example_branch_labels' retrieved from /home/airflow/.local/lib/python3.8/site-packages/airflow/example_dags/example_branch_labels.py
[2024-01-09T07:41:17.586+0000] {logging_mixin.py:188} INFO - [2024-01-09T07:41:17.586+0000] {dag.py:3033} INFO - Sync 1 DAGs
[2024-01-09T07:41:17.612+0000] {logging_mixin.py:188} INFO - [2024-01-09T07:41:17.612+0000] {dag.py:3820} INFO - Setting next_dagrun for example_branch_labels to 2024-01-08T00:00:00+00:00, run_after=2024-01-09T00:00:00+00:00
[2024-01-09T07:41:17.635+0000] {processor.py:183} INFO - Processing /home/airflow/.local/lib/python3.8/site-packages/airflow/example_dags/example_branch_labels.py took 0.093 seconds
[2024-01-09T07:41:47.813+0000] {processor.py:161} INFO - Started process (PID=758) to work on /home/airflow/.local/lib/python3.8/site-packages/airflow/example_dags/example_branch_labels.py
[2024-01-09T07:41:47.814+0000] {processor.py:830} INFO - Processing file /home/airflow/.local/lib/python3.8/site-packages/airflow/example_dags/example_branch_labels.py for tasks to queue
[2024-01-09T07:41:47.817+0000] {logging_mixin.py:188} INFO - [2024-01-09T07:41:47.816+0000] {dagbag.py:538} INFO - Filling up the DagBag from /home/airflow/.local/lib/python3.8/site-packages/airflow/example_dags/example_branch_labels.py
[2024-01-09T07:41:47.824+0000] {processor.py:840} INFO - DAG(s) 'example_branch_labels' retrieved from /home/airflow/.local/lib/python3.8/site-packages/airflow/example_dags/example_branch_labels.py
[2024-01-09T07:41:47.843+0000] {logging_mixin.py:188} INFO - [2024-01-09T07:41:47.843+0000] {dag.py:3033} INFO - Sync 1 DAGs
[2024-01-09T07:41:47.862+0000] {logging_mixin.py:188} INFO - [2024-01-09T07:41:47.862+0000] {dag.py:3820} INFO - Setting next_dagrun for example_branch_labels to 2024-01-08T00:00:00+00:00, run_after=2024-01-09T00:00:00+00:00
[2024-01-09T07:41:47.876+0000] {processor.py:183} INFO - Processing /home/airflow/.local/lib/python3.8/site-packages/airflow/example_dags/example_branch_labels.py took 0.066 seconds
[2024-01-09T07:42:18.224+0000] {processor.py:161} INFO - Started process (PID=813) to work on /home/airflow/.local/lib/python3.8/site-packages/airflow/example_dags/example_branch_labels.py
[2024-01-09T07:42:18.225+0000] {processor.py:830} INFO - Processing file /home/airflow/.local/lib/python3.8/site-packages/airflow/example_dags/example_branch_labels.py for tasks to queue
[2024-01-09T07:42:18.227+0000] {logging_mixin.py:188} INFO - [2024-01-09T07:42:18.227+0000] {dagbag.py:538} INFO - Filling up the DagBag from /home/airflow/.local/lib/python3.8/site-packages/airflow/example_dags/example_branch_labels.py
[2024-01-09T07:42:18.235+0000] {processor.py:840} INFO - DAG(s) 'example_branch_labels' retrieved from /home/airflow/.local/lib/python3.8/site-packages/airflow/example_dags/example_branch_labels.py
[2024-01-09T07:42:18.254+0000] {logging_mixin.py:188} INFO - [2024-01-09T07:42:18.253+0000] {dag.py:3033} INFO - Sync 1 DAGs
[2024-01-09T07:42:18.273+0000] {logging_mixin.py:188} INFO - [2024-01-09T07:42:18.273+0000] {dag.py:3820} INFO - Setting next_dagrun for example_branch_labels to 2024-01-08T00:00:00+00:00, run_after=2024-01-09T00:00:00+00:00
[2024-01-09T07:42:18.288+0000] {processor.py:183} INFO - Processing /home/airflow/.local/lib/python3.8/site-packages/airflow/example_dags/example_branch_labels.py took 0.067 seconds
[2024-01-09T07:42:49.080+0000] {processor.py:161} INFO - Started process (PID=868) to work on /home/airflow/.local/lib/python3.8/site-packages/airflow/example_dags/example_branch_labels.py
[2024-01-09T07:42:49.081+0000] {processor.py:830} INFO - Processing file /home/airflow/.local/lib/python3.8/site-packages/airflow/example_dags/example_branch_labels.py for tasks to queue
[2024-01-09T07:42:49.084+0000] {logging_mixin.py:188} INFO - [2024-01-09T07:42:49.083+0000] {dagbag.py:538} INFO - Filling up the DagBag from /home/airflow/.local/lib/python3.8/site-packages/airflow/example_dags/example_branch_labels.py
[2024-01-09T07:42:49.092+0000] {processor.py:840} INFO - DAG(s) 'example_branch_labels' retrieved from /home/airflow/.local/lib/python3.8/site-packages/airflow/example_dags/example_branch_labels.py
[2024-01-09T07:42:49.115+0000] {logging_mixin.py:188} INFO - [2024-01-09T07:42:49.115+0000] {dag.py:3033} INFO - Sync 1 DAGs
[2024-01-09T07:42:49.140+0000] {logging_mixin.py:188} INFO - [2024-01-09T07:42:49.139+0000] {dag.py:3820} INFO - Setting next_dagrun for example_branch_labels to 2024-01-08T00:00:00+00:00, run_after=2024-01-09T00:00:00+00:00
[2024-01-09T07:42:49.162+0000] {processor.py:183} INFO - Processing /home/airflow/.local/lib/python3.8/site-packages/airflow/example_dags/example_branch_labels.py took 0.086 seconds
[2024-01-09T07:43:19.243+0000] {processor.py:161} INFO - Started process (PID=923) to work on /home/airflow/.local/lib/python3.8/site-packages/airflow/example_dags/example_branch_labels.py
[2024-01-09T07:43:19.244+0000] {processor.py:830} INFO - Processing file /home/airflow/.local/lib/python3.8/site-packages/airflow/example_dags/example_branch_labels.py for tasks to queue
[2024-01-09T07:43:19.247+0000] {logging_mixin.py:188} INFO - [2024-01-09T07:43:19.246+0000] {dagbag.py:538} INFO - Filling up the DagBag from /home/airflow/.local/lib/python3.8/site-packages/airflow/example_dags/example_branch_labels.py
[2024-01-09T07:43:19.254+0000] {processor.py:840} INFO - DAG(s) 'example_branch_labels' retrieved from /home/airflow/.local/lib/python3.8/site-packages/airflow/example_dags/example_branch_labels.py
[2024-01-09T07:43:19.271+0000] {logging_mixin.py:188} INFO - [2024-01-09T07:43:19.271+0000] {dag.py:3033} INFO - Sync 1 DAGs
[2024-01-09T07:43:19.289+0000] {logging_mixin.py:188} INFO - [2024-01-09T07:43:19.289+0000] {dag.py:3820} INFO - Setting next_dagrun for example_branch_labels to 2024-01-08T00:00:00+00:00, run_after=2024-01-09T00:00:00+00:00
[2024-01-09T07:43:19.303+0000] {processor.py:183} INFO - Processing /home/airflow/.local/lib/python3.8/site-packages/airflow/example_dags/example_branch_labels.py took 0.063 seconds
[2024-01-09T07:43:49.989+0000] {processor.py:161} INFO - Started process (PID=978) to work on /home/airflow/.local/lib/python3.8/site-packages/airflow/example_dags/example_branch_labels.py
[2024-01-09T07:43:49.990+0000] {processor.py:830} INFO - Processing file /home/airflow/.local/lib/python3.8/site-packages/airflow/example_dags/example_branch_labels.py for tasks to queue
[2024-01-09T07:43:49.992+0000] {logging_mixin.py:188} INFO - [2024-01-09T07:43:49.992+0000] {dagbag.py:538} INFO - Filling up the DagBag from /home/airflow/.local/lib/python3.8/site-packages/airflow/example_dags/example_branch_labels.py
[2024-01-09T07:43:50.000+0000] {processor.py:840} INFO - DAG(s) 'example_branch_labels' retrieved from /home/airflow/.local/lib/python3.8/site-packages/airflow/example_dags/example_branch_labels.py
[2024-01-09T07:43:50.017+0000] {logging_mixin.py:188} INFO - [2024-01-09T07:43:50.017+0000] {dag.py:3033} INFO - Sync 1 DAGs
[2024-01-09T07:43:50.036+0000] {logging_mixin.py:188} INFO - [2024-01-09T07:43:50.036+0000] {dag.py:3820} INFO - Setting next_dagrun for example_branch_labels to 2024-01-08T00:00:00+00:00, run_after=2024-01-09T00:00:00+00:00
[2024-01-09T07:43:50.049+0000] {processor.py:183} INFO - Processing /home/airflow/.local/lib/python3.8/site-packages/airflow/example_dags/example_branch_labels.py took 0.063 seconds
[2024-01-09T07:44:20.205+0000] {processor.py:161} INFO - Started process (PID=1032) to work on /home/airflow/.local/lib/python3.8/site-packages/airflow/example_dags/example_branch_labels.py
[2024-01-09T07:44:20.206+0000] {processor.py:830} INFO - Processing file /home/airflow/.local/lib/python3.8/site-packages/airflow/example_dags/example_branch_labels.py for tasks to queue
[2024-01-09T07:44:20.208+0000] {logging_mixin.py:188} INFO - [2024-01-09T07:44:20.208+0000] {dagbag.py:538} INFO - Filling up the DagBag from /home/airflow/.local/lib/python3.8/site-packages/airflow/example_dags/example_branch_labels.py
[2024-01-09T07:44:20.215+0000] {processor.py:840} INFO - DAG(s) 'example_branch_labels' retrieved from /home/airflow/.local/lib/python3.8/site-packages/airflow/example_dags/example_branch_labels.py
[2024-01-09T07:44:20.231+0000] {logging_mixin.py:188} INFO - [2024-01-09T07:44:20.231+0000] {dag.py:3033} INFO - Sync 1 DAGs
[2024-01-09T07:44:20.248+0000] {logging_mixin.py:188} INFO - [2024-01-09T07:44:20.248+0000] {dag.py:3820} INFO - Setting next_dagrun for example_branch_labels to 2024-01-08T00:00:00+00:00, run_after=2024-01-09T00:00:00+00:00
[2024-01-09T07:44:20.261+0000] {processor.py:183} INFO - Processing /home/airflow/.local/lib/python3.8/site-packages/airflow/example_dags/example_branch_labels.py took 0.059 seconds
[2024-01-09T07:44:50.505+0000] {processor.py:161} INFO - Started process (PID=1087) to work on /home/airflow/.local/lib/python3.8/site-packages/airflow/example_dags/example_branch_labels.py
[2024-01-09T07:44:50.506+0000] {processor.py:830} INFO - Processing file /home/airflow/.local/lib/python3.8/site-packages/airflow/example_dags/example_branch_labels.py for tasks to queue
[2024-01-09T07:44:50.508+0000] {logging_mixin.py:188} INFO - [2024-01-09T07:44:50.507+0000] {dagbag.py:538} INFO - Filling up the DagBag from /home/airflow/.local/lib/python3.8/site-packages/airflow/example_dags/example_branch_labels.py
[2024-01-09T07:44:50.514+0000] {processor.py:840} INFO - DAG(s) 'example_branch_labels' retrieved from /home/airflow/.local/lib/python3.8/site-packages/airflow/example_dags/example_branch_labels.py
[2024-01-09T07:44:50.530+0000] {logging_mixin.py:188} INFO - [2024-01-09T07:44:50.530+0000] {dag.py:3033} INFO - Sync 1 DAGs
[2024-01-09T07:44:50.547+0000] {logging_mixin.py:188} INFO - [2024-01-09T07:44:50.547+0000] {dag.py:3820} INFO - Setting next_dagrun for example_branch_labels to 2024-01-08T00:00:00+00:00, run_after=2024-01-09T00:00:00+00:00
[2024-01-09T07:44:50.560+0000] {processor.py:183} INFO - Processing /home/airflow/.local/lib/python3.8/site-packages/airflow/example_dags/example_branch_labels.py took 0.058 seconds
[2024-01-09T07:45:20.786+0000] {processor.py:161} INFO - Started process (PID=1141) to work on /home/airflow/.local/lib/python3.8/site-packages/airflow/example_dags/example_branch_labels.py
[2024-01-09T07:45:20.787+0000] {processor.py:830} INFO - Processing file /home/airflow/.local/lib/python3.8/site-packages/airflow/example_dags/example_branch_labels.py for tasks to queue
[2024-01-09T07:45:20.789+0000] {logging_mixin.py:188} INFO - [2024-01-09T07:45:20.789+0000] {dagbag.py:538} INFO - Filling up the DagBag from /home/airflow/.local/lib/python3.8/site-packages/airflow/example_dags/example_branch_labels.py
[2024-01-09T07:45:20.796+0000] {processor.py:840} INFO - DAG(s) 'example_branch_labels' retrieved from /home/airflow/.local/lib/python3.8/site-packages/airflow/example_dags/example_branch_labels.py
[2024-01-09T07:45:20.815+0000] {logging_mixin.py:188} INFO - [2024-01-09T07:45:20.815+0000] {dag.py:3033} INFO - Sync 1 DAGs
[2024-01-09T07:45:20.834+0000] {logging_mixin.py:188} INFO - [2024-01-09T07:45:20.834+0000] {dag.py:3820} INFO - Setting next_dagrun for example_branch_labels to 2024-01-08T00:00:00+00:00, run_after=2024-01-09T00:00:00+00:00
[2024-01-09T07:45:20.849+0000] {processor.py:183} INFO - Processing /home/airflow/.local/lib/python3.8/site-packages/airflow/example_dags/example_branch_labels.py took 0.066 seconds
[2024-01-09T07:45:51.243+0000] {processor.py:161} INFO - Started process (PID=1196) to work on /home/airflow/.local/lib/python3.8/site-packages/airflow/example_dags/example_branch_labels.py
[2024-01-09T07:45:51.244+0000] {processor.py:830} INFO - Processing file /home/airflow/.local/lib/python3.8/site-packages/airflow/example_dags/example_branch_labels.py for tasks to queue
[2024-01-09T07:45:51.246+0000] {logging_mixin.py:188} INFO - [2024-01-09T07:45:51.246+0000] {dagbag.py:538} INFO - Filling up the DagBag from /home/airflow/.local/lib/python3.8/site-packages/airflow/example_dags/example_branch_labels.py
[2024-01-09T07:45:51.253+0000] {processor.py:840} INFO - DAG(s) 'example_branch_labels' retrieved from /home/airflow/.local/lib/python3.8/site-packages/airflow/example_dags/example_branch_labels.py
[2024-01-09T07:45:51.269+0000] {logging_mixin.py:188} INFO - [2024-01-09T07:45:51.269+0000] {dag.py:3033} INFO - Sync 1 DAGs
[2024-01-09T07:45:51.286+0000] {logging_mixin.py:188} INFO - [2024-01-09T07:45:51.286+0000] {dag.py:3820} INFO - Setting next_dagrun for example_branch_labels to 2024-01-08T00:00:00+00:00, run_after=2024-01-09T00:00:00+00:00
[2024-01-09T07:45:51.299+0000] {processor.py:183} INFO - Processing /home/airflow/.local/lib/python3.8/site-packages/airflow/example_dags/example_branch_labels.py took 0.059 seconds
[2024-01-09T07:46:21.550+0000] {processor.py:161} INFO - Started process (PID=1251) to work on /home/airflow/.local/lib/python3.8/site-packages/airflow/example_dags/example_branch_labels.py
[2024-01-09T07:46:21.552+0000] {processor.py:830} INFO - Processing file /home/airflow/.local/lib/python3.8/site-packages/airflow/example_dags/example_branch_labels.py for tasks to queue
[2024-01-09T07:46:21.553+0000] {logging_mixin.py:188} INFO - [2024-01-09T07:46:21.553+0000] {dagbag.py:538} INFO - Filling up the DagBag from /home/airflow/.local/lib/python3.8/site-packages/airflow/example_dags/example_branch_labels.py
[2024-01-09T07:46:21.560+0000] {processor.py:840} INFO - DAG(s) 'example_branch_labels' retrieved from /home/airflow/.local/lib/python3.8/site-packages/airflow/example_dags/example_branch_labels.py
[2024-01-09T07:46:21.576+0000] {logging_mixin.py:188} INFO - [2024-01-09T07:46:21.576+0000] {dag.py:3033} INFO - Sync 1 DAGs
[2024-01-09T07:46:21.592+0000] {logging_mixin.py:188} INFO - [2024-01-09T07:46:21.592+0000] {dag.py:3820} INFO - Setting next_dagrun for example_branch_labels to 2024-01-08T00:00:00+00:00, run_after=2024-01-09T00:00:00+00:00
[2024-01-09T07:46:21.604+0000] {processor.py:183} INFO - Processing /home/airflow/.local/lib/python3.8/site-packages/airflow/example_dags/example_branch_labels.py took 0.056 seconds
[2024-01-09T07:46:51.966+0000] {processor.py:161} INFO - Started process (PID=1306) to work on /home/airflow/.local/lib/python3.8/site-packages/airflow/example_dags/example_branch_labels.py
[2024-01-09T07:46:51.967+0000] {processor.py:830} INFO - Processing file /home/airflow/.local/lib/python3.8/site-packages/airflow/example_dags/example_branch_labels.py for tasks to queue
[2024-01-09T07:46:51.969+0000] {logging_mixin.py:188} INFO - [2024-01-09T07:46:51.969+0000] {dagbag.py:538} INFO - Filling up the DagBag from /home/airflow/.local/lib/python3.8/site-packages/airflow/example_dags/example_branch_labels.py
[2024-01-09T07:46:51.976+0000] {processor.py:840} INFO - DAG(s) 'example_branch_labels' retrieved from /home/airflow/.local/lib/python3.8/site-packages/airflow/example_dags/example_branch_labels.py
[2024-01-09T07:46:51.995+0000] {logging_mixin.py:188} INFO - [2024-01-09T07:46:51.994+0000] {dag.py:3033} INFO - Sync 1 DAGs
[2024-01-09T07:46:52.014+0000] {logging_mixin.py:188} INFO - [2024-01-09T07:46:52.014+0000] {dag.py:3820} INFO - Setting next_dagrun for example_branch_labels to 2024-01-08T00:00:00+00:00, run_after=2024-01-09T00:00:00+00:00
[2024-01-09T07:46:52.028+0000] {processor.py:183} INFO - Processing /home/airflow/.local/lib/python3.8/site-packages/airflow/example_dags/example_branch_labels.py took 0.065 seconds
[2024-01-09T07:47:22.278+0000] {processor.py:161} INFO - Started process (PID=1361) to work on /home/airflow/.local/lib/python3.8/site-packages/airflow/example_dags/example_branch_labels.py
[2024-01-09T07:47:22.279+0000] {processor.py:830} INFO - Processing file /home/airflow/.local/lib/python3.8/site-packages/airflow/example_dags/example_branch_labels.py for tasks to queue
[2024-01-09T07:47:22.281+0000] {logging_mixin.py:188} INFO - [2024-01-09T07:47:22.280+0000] {dagbag.py:538} INFO - Filling up the DagBag from /home/airflow/.local/lib/python3.8/site-packages/airflow/example_dags/example_branch_labels.py
[2024-01-09T07:47:22.287+0000] {processor.py:840} INFO - DAG(s) 'example_branch_labels' retrieved from /home/airflow/.local/lib/python3.8/site-packages/airflow/example_dags/example_branch_labels.py
[2024-01-09T07:47:22.304+0000] {logging_mixin.py:188} INFO - [2024-01-09T07:47:22.303+0000] {dag.py:3033} INFO - Sync 1 DAGs
[2024-01-09T07:47:22.320+0000] {logging_mixin.py:188} INFO - [2024-01-09T07:47:22.320+0000] {dag.py:3820} INFO - Setting next_dagrun for example_branch_labels to 2024-01-08T00:00:00+00:00, run_after=2024-01-09T00:00:00+00:00
[2024-01-09T07:47:22.332+0000] {processor.py:183} INFO - Processing /home/airflow/.local/lib/python3.8/site-packages/airflow/example_dags/example_branch_labels.py took 0.057 seconds
[2024-01-09T07:47:52.547+0000] {processor.py:161} INFO - Started process (PID=1416) to work on /home/airflow/.local/lib/python3.8/site-packages/airflow/example_dags/example_branch_labels.py
[2024-01-09T07:47:52.547+0000] {processor.py:830} INFO - Processing file /home/airflow/.local/lib/python3.8/site-packages/airflow/example_dags/example_branch_labels.py for tasks to queue
[2024-01-09T07:47:52.550+0000] {logging_mixin.py:188} INFO - [2024-01-09T07:47:52.549+0000] {dagbag.py:538} INFO - Filling up the DagBag from /home/airflow/.local/lib/python3.8/site-packages/airflow/example_dags/example_branch_labels.py
[2024-01-09T07:47:52.557+0000] {processor.py:840} INFO - DAG(s) 'example_branch_labels' retrieved from /home/airflow/.local/lib/python3.8/site-packages/airflow/example_dags/example_branch_labels.py
[2024-01-09T07:47:52.575+0000] {logging_mixin.py:188} INFO - [2024-01-09T07:47:52.575+0000] {dag.py:3033} INFO - Sync 1 DAGs
[2024-01-09T07:47:52.593+0000] {logging_mixin.py:188} INFO - [2024-01-09T07:47:52.593+0000] {dag.py:3820} INFO - Setting next_dagrun for example_branch_labels to 2024-01-08T00:00:00+00:00, run_after=2024-01-09T00:00:00+00:00
[2024-01-09T07:47:52.608+0000] {processor.py:183} INFO - Processing /home/airflow/.local/lib/python3.8/site-packages/airflow/example_dags/example_branch_labels.py took 0.064 seconds
[2024-01-09T07:48:22.793+0000] {processor.py:161} INFO - Started process (PID=1471) to work on /home/airflow/.local/lib/python3.8/site-packages/airflow/example_dags/example_branch_labels.py
[2024-01-09T07:48:22.795+0000] {processor.py:830} INFO - Processing file /home/airflow/.local/lib/python3.8/site-packages/airflow/example_dags/example_branch_labels.py for tasks to queue
[2024-01-09T07:48:22.797+0000] {logging_mixin.py:188} INFO - [2024-01-09T07:48:22.797+0000] {dagbag.py:538} INFO - Filling up the DagBag from /home/airflow/.local/lib/python3.8/site-packages/airflow/example_dags/example_branch_labels.py
[2024-01-09T07:48:22.805+0000] {processor.py:840} INFO - DAG(s) 'example_branch_labels' retrieved from /home/airflow/.local/lib/python3.8/site-packages/airflow/example_dags/example_branch_labels.py
[2024-01-09T07:48:22.826+0000] {logging_mixin.py:188} INFO - [2024-01-09T07:48:22.825+0000] {dag.py:3033} INFO - Sync 1 DAGs
[2024-01-09T07:48:22.845+0000] {logging_mixin.py:188} INFO - [2024-01-09T07:48:22.845+0000] {dag.py:3820} INFO - Setting next_dagrun for example_branch_labels to 2024-01-08T00:00:00+00:00, run_after=2024-01-09T00:00:00+00:00
[2024-01-09T07:48:22.861+0000] {processor.py:183} INFO - Processing /home/airflow/.local/lib/python3.8/site-packages/airflow/example_dags/example_branch_labels.py took 0.071 seconds
[2024-01-09T07:48:53.475+0000] {processor.py:161} INFO - Started process (PID=1526) to work on /home/airflow/.local/lib/python3.8/site-packages/airflow/example_dags/example_branch_labels.py
[2024-01-09T07:48:53.477+0000] {processor.py:830} INFO - Processing file /home/airflow/.local/lib/python3.8/site-packages/airflow/example_dags/example_branch_labels.py for tasks to queue
[2024-01-09T07:48:53.479+0000] {logging_mixin.py:188} INFO - [2024-01-09T07:48:53.479+0000] {dagbag.py:538} INFO - Filling up the DagBag from /home/airflow/.local/lib/python3.8/site-packages/airflow/example_dags/example_branch_labels.py
[2024-01-09T07:48:53.486+0000] {processor.py:840} INFO - DAG(s) 'example_branch_labels' retrieved from /home/airflow/.local/lib/python3.8/site-packages/airflow/example_dags/example_branch_labels.py
[2024-01-09T07:48:53.504+0000] {logging_mixin.py:188} INFO - [2024-01-09T07:48:53.504+0000] {dag.py:3033} INFO - Sync 1 DAGs
[2024-01-09T07:48:53.522+0000] {logging_mixin.py:188} INFO - [2024-01-09T07:48:53.521+0000] {dag.py:3820} INFO - Setting next_dagrun for example_branch_labels to 2024-01-08T00:00:00+00:00, run_after=2024-01-09T00:00:00+00:00
[2024-01-09T07:48:53.535+0000] {processor.py:183} INFO - Processing /home/airflow/.local/lib/python3.8/site-packages/airflow/example_dags/example_branch_labels.py took 0.063 seconds
[2024-01-09T07:49:23.844+0000] {processor.py:161} INFO - Started process (PID=1581) to work on /home/airflow/.local/lib/python3.8/site-packages/airflow/example_dags/example_branch_labels.py
[2024-01-09T07:49:23.845+0000] {processor.py:830} INFO - Processing file /home/airflow/.local/lib/python3.8/site-packages/airflow/example_dags/example_branch_labels.py for tasks to queue
[2024-01-09T07:49:23.847+0000] {logging_mixin.py:188} INFO - [2024-01-09T07:49:23.847+0000] {dagbag.py:538} INFO - Filling up the DagBag from /home/airflow/.local/lib/python3.8/site-packages/airflow/example_dags/example_branch_labels.py
[2024-01-09T07:49:23.854+0000] {processor.py:840} INFO - DAG(s) 'example_branch_labels' retrieved from /home/airflow/.local/lib/python3.8/site-packages/airflow/example_dags/example_branch_labels.py
[2024-01-09T07:49:23.873+0000] {logging_mixin.py:188} INFO - [2024-01-09T07:49:23.873+0000] {dag.py:3033} INFO - Sync 1 DAGs
[2024-01-09T07:49:23.894+0000] {logging_mixin.py:188} INFO - [2024-01-09T07:49:23.894+0000] {dag.py:3820} INFO - Setting next_dagrun for example_branch_labels to 2024-01-08T00:00:00+00:00, run_after=2024-01-09T00:00:00+00:00
[2024-01-09T07:49:23.910+0000] {processor.py:183} INFO - Processing /home/airflow/.local/lib/python3.8/site-packages/airflow/example_dags/example_branch_labels.py took 0.070 seconds
