[2024-01-09T07:35:12.017+0000] {processor.py:161} INFO - Started process (PID=41) to work on /home/airflow/.local/lib/python3.8/site-packages/airflow/example_dags/example_nested_branch_dag.py
[2024-01-09T07:35:12.020+0000] {processor.py:830} INFO - Processing file /home/airflow/.local/lib/python3.8/site-packages/airflow/example_dags/example_nested_branch_dag.py for tasks to queue
[2024-01-09T07:35:12.025+0000] {logging_mixin.py:188} INFO - [2024-01-09T07:35:12.024+0000] {dagbag.py:538} INFO - Filling up the DagBag from /home/airflow/.local/lib/python3.8/site-packages/airflow/example_dags/example_nested_branch_dag.py
[2024-01-09T07:35:12.045+0000] {processor.py:840} INFO - DAG(s) 'example_nested_branch_dag' retrieved from /home/airflow/.local/lib/python3.8/site-packages/airflow/example_dags/example_nested_branch_dag.py
[2024-01-09T07:35:12.066+0000] {logging_mixin.py:188} INFO - [2024-01-09T07:35:12.066+0000] {dag.py:3033} INFO - Sync 1 DAGs
[2024-01-09T07:35:12.101+0000] {logging_mixin.py:188} INFO - [2024-01-09T07:35:12.101+0000] {dag.py:3820} INFO - Setting next_dagrun for example_nested_branch_dag to 2024-01-08T00:00:00+00:00, run_after=2024-01-09T00:00:00+00:00
[2024-01-09T07:35:12.133+0000] {processor.py:183} INFO - Processing /home/airflow/.local/lib/python3.8/site-packages/airflow/example_dags/example_nested_branch_dag.py took 0.121 seconds
[2024-01-09T07:35:42.539+0000] {processor.py:161} INFO - Started process (PID=96) to work on /home/airflow/.local/lib/python3.8/site-packages/airflow/example_dags/example_nested_branch_dag.py
[2024-01-09T07:35:42.540+0000] {processor.py:830} INFO - Processing file /home/airflow/.local/lib/python3.8/site-packages/airflow/example_dags/example_nested_branch_dag.py for tasks to queue
[2024-01-09T07:35:42.543+0000] {logging_mixin.py:188} INFO - [2024-01-09T07:35:42.542+0000] {dagbag.py:538} INFO - Filling up the DagBag from /home/airflow/.local/lib/python3.8/site-packages/airflow/example_dags/example_nested_branch_dag.py
[2024-01-09T07:35:42.551+0000] {processor.py:840} INFO - DAG(s) 'example_nested_branch_dag' retrieved from /home/airflow/.local/lib/python3.8/site-packages/airflow/example_dags/example_nested_branch_dag.py
[2024-01-09T07:35:42.650+0000] {logging_mixin.py:188} INFO - [2024-01-09T07:35:42.650+0000] {dag.py:3033} INFO - Sync 1 DAGs
[2024-01-09T07:35:42.669+0000] {logging_mixin.py:188} INFO - [2024-01-09T07:35:42.669+0000] {dag.py:3820} INFO - Setting next_dagrun for example_nested_branch_dag to 2024-01-08T00:00:00+00:00, run_after=2024-01-09T00:00:00+00:00
[2024-01-09T07:35:42.684+0000] {processor.py:183} INFO - Processing /home/airflow/.local/lib/python3.8/site-packages/airflow/example_dags/example_nested_branch_dag.py took 0.149 seconds
[2024-01-09T07:36:13.119+0000] {processor.py:161} INFO - Started process (PID=151) to work on /home/airflow/.local/lib/python3.8/site-packages/airflow/example_dags/example_nested_branch_dag.py
[2024-01-09T07:36:13.120+0000] {processor.py:830} INFO - Processing file /home/airflow/.local/lib/python3.8/site-packages/airflow/example_dags/example_nested_branch_dag.py for tasks to queue
[2024-01-09T07:36:13.122+0000] {logging_mixin.py:188} INFO - [2024-01-09T07:36:13.122+0000] {dagbag.py:538} INFO - Filling up the DagBag from /home/airflow/.local/lib/python3.8/site-packages/airflow/example_dags/example_nested_branch_dag.py
[2024-01-09T07:36:13.130+0000] {processor.py:840} INFO - DAG(s) 'example_nested_branch_dag' retrieved from /home/airflow/.local/lib/python3.8/site-packages/airflow/example_dags/example_nested_branch_dag.py
[2024-01-09T07:36:13.146+0000] {logging_mixin.py:188} INFO - [2024-01-09T07:36:13.146+0000] {dag.py:3033} INFO - Sync 1 DAGs
[2024-01-09T07:36:13.163+0000] {logging_mixin.py:188} INFO - [2024-01-09T07:36:13.163+0000] {dag.py:3820} INFO - Setting next_dagrun for example_nested_branch_dag to 2024-01-08T00:00:00+00:00, run_after=2024-01-09T00:00:00+00:00
[2024-01-09T07:36:13.176+0000] {processor.py:183} INFO - Processing /home/airflow/.local/lib/python3.8/site-packages/airflow/example_dags/example_nested_branch_dag.py took 0.060 seconds
[2024-01-09T07:36:43.474+0000] {processor.py:161} INFO - Started process (PID=206) to work on /home/airflow/.local/lib/python3.8/site-packages/airflow/example_dags/example_nested_branch_dag.py
[2024-01-09T07:36:43.475+0000] {processor.py:830} INFO - Processing file /home/airflow/.local/lib/python3.8/site-packages/airflow/example_dags/example_nested_branch_dag.py for tasks to queue
[2024-01-09T07:36:43.477+0000] {logging_mixin.py:188} INFO - [2024-01-09T07:36:43.477+0000] {dagbag.py:538} INFO - Filling up the DagBag from /home/airflow/.local/lib/python3.8/site-packages/airflow/example_dags/example_nested_branch_dag.py
[2024-01-09T07:36:43.485+0000] {processor.py:840} INFO - DAG(s) 'example_nested_branch_dag' retrieved from /home/airflow/.local/lib/python3.8/site-packages/airflow/example_dags/example_nested_branch_dag.py
[2024-01-09T07:36:43.506+0000] {logging_mixin.py:188} INFO - [2024-01-09T07:36:43.506+0000] {dag.py:3033} INFO - Sync 1 DAGs
[2024-01-09T07:36:43.525+0000] {logging_mixin.py:188} INFO - [2024-01-09T07:36:43.525+0000] {dag.py:3820} INFO - Setting next_dagrun for example_nested_branch_dag to 2024-01-08T00:00:00+00:00, run_after=2024-01-09T00:00:00+00:00
[2024-01-09T07:36:43.539+0000] {processor.py:183} INFO - Processing /home/airflow/.local/lib/python3.8/site-packages/airflow/example_dags/example_nested_branch_dag.py took 0.068 seconds
[2024-01-09T07:37:13.781+0000] {processor.py:161} INFO - Started process (PID=261) to work on /home/airflow/.local/lib/python3.8/site-packages/airflow/example_dags/example_nested_branch_dag.py
[2024-01-09T07:37:13.782+0000] {processor.py:830} INFO - Processing file /home/airflow/.local/lib/python3.8/site-packages/airflow/example_dags/example_nested_branch_dag.py for tasks to queue
[2024-01-09T07:37:13.784+0000] {logging_mixin.py:188} INFO - [2024-01-09T07:37:13.784+0000] {dagbag.py:538} INFO - Filling up the DagBag from /home/airflow/.local/lib/python3.8/site-packages/airflow/example_dags/example_nested_branch_dag.py
[2024-01-09T07:37:13.793+0000] {processor.py:840} INFO - DAG(s) 'example_nested_branch_dag' retrieved from /home/airflow/.local/lib/python3.8/site-packages/airflow/example_dags/example_nested_branch_dag.py
[2024-01-09T07:37:13.812+0000] {logging_mixin.py:188} INFO - [2024-01-09T07:37:13.812+0000] {dag.py:3033} INFO - Sync 1 DAGs
[2024-01-09T07:37:13.832+0000] {logging_mixin.py:188} INFO - [2024-01-09T07:37:13.832+0000] {dag.py:3820} INFO - Setting next_dagrun for example_nested_branch_dag to 2024-01-08T00:00:00+00:00, run_after=2024-01-09T00:00:00+00:00
[2024-01-09T07:37:13.846+0000] {processor.py:183} INFO - Processing /home/airflow/.local/lib/python3.8/site-packages/airflow/example_dags/example_nested_branch_dag.py took 0.068 seconds
[2024-01-09T07:37:44.279+0000] {processor.py:161} INFO - Started process (PID=316) to work on /home/airflow/.local/lib/python3.8/site-packages/airflow/example_dags/example_nested_branch_dag.py
[2024-01-09T07:37:44.280+0000] {processor.py:830} INFO - Processing file /home/airflow/.local/lib/python3.8/site-packages/airflow/example_dags/example_nested_branch_dag.py for tasks to queue
[2024-01-09T07:37:44.282+0000] {logging_mixin.py:188} INFO - [2024-01-09T07:37:44.282+0000] {dagbag.py:538} INFO - Filling up the DagBag from /home/airflow/.local/lib/python3.8/site-packages/airflow/example_dags/example_nested_branch_dag.py
[2024-01-09T07:37:44.290+0000] {processor.py:840} INFO - DAG(s) 'example_nested_branch_dag' retrieved from /home/airflow/.local/lib/python3.8/site-packages/airflow/example_dags/example_nested_branch_dag.py
[2024-01-09T07:37:44.308+0000] {logging_mixin.py:188} INFO - [2024-01-09T07:37:44.308+0000] {dag.py:3033} INFO - Sync 1 DAGs
[2024-01-09T07:37:44.326+0000] {logging_mixin.py:188} INFO - [2024-01-09T07:37:44.326+0000] {dag.py:3820} INFO - Setting next_dagrun for example_nested_branch_dag to 2024-01-08T00:00:00+00:00, run_after=2024-01-09T00:00:00+00:00
[2024-01-09T07:37:44.339+0000] {processor.py:183} INFO - Processing /home/airflow/.local/lib/python3.8/site-packages/airflow/example_dags/example_nested_branch_dag.py took 0.063 seconds
[2024-01-09T07:38:14.656+0000] {processor.py:161} INFO - Started process (PID=371) to work on /home/airflow/.local/lib/python3.8/site-packages/airflow/example_dags/example_nested_branch_dag.py
[2024-01-09T07:38:14.658+0000] {processor.py:830} INFO - Processing file /home/airflow/.local/lib/python3.8/site-packages/airflow/example_dags/example_nested_branch_dag.py for tasks to queue
[2024-01-09T07:38:14.660+0000] {logging_mixin.py:188} INFO - [2024-01-09T07:38:14.660+0000] {dagbag.py:538} INFO - Filling up the DagBag from /home/airflow/.local/lib/python3.8/site-packages/airflow/example_dags/example_nested_branch_dag.py
[2024-01-09T07:38:14.671+0000] {processor.py:840} INFO - DAG(s) 'example_nested_branch_dag' retrieved from /home/airflow/.local/lib/python3.8/site-packages/airflow/example_dags/example_nested_branch_dag.py
[2024-01-09T07:38:14.695+0000] {logging_mixin.py:188} INFO - [2024-01-09T07:38:14.695+0000] {dag.py:3033} INFO - Sync 1 DAGs
[2024-01-09T07:38:14.732+0000] {logging_mixin.py:188} INFO - [2024-01-09T07:38:14.732+0000] {dag.py:3820} INFO - Setting next_dagrun for example_nested_branch_dag to 2024-01-08T00:00:00+00:00, run_after=2024-01-09T00:00:00+00:00
[2024-01-09T07:38:14.753+0000] {processor.py:183} INFO - Processing /home/airflow/.local/lib/python3.8/site-packages/airflow/example_dags/example_nested_branch_dag.py took 0.101 seconds
[2024-01-09T07:38:45.201+0000] {processor.py:161} INFO - Started process (PID=426) to work on /home/airflow/.local/lib/python3.8/site-packages/airflow/example_dags/example_nested_branch_dag.py
[2024-01-09T07:38:45.202+0000] {processor.py:830} INFO - Processing file /home/airflow/.local/lib/python3.8/site-packages/airflow/example_dags/example_nested_branch_dag.py for tasks to queue
[2024-01-09T07:38:45.203+0000] {logging_mixin.py:188} INFO - [2024-01-09T07:38:45.203+0000] {dagbag.py:538} INFO - Filling up the DagBag from /home/airflow/.local/lib/python3.8/site-packages/airflow/example_dags/example_nested_branch_dag.py
[2024-01-09T07:38:45.211+0000] {processor.py:840} INFO - DAG(s) 'example_nested_branch_dag' retrieved from /home/airflow/.local/lib/python3.8/site-packages/airflow/example_dags/example_nested_branch_dag.py
[2024-01-09T07:38:45.228+0000] {logging_mixin.py:188} INFO - [2024-01-09T07:38:45.228+0000] {dag.py:3033} INFO - Sync 1 DAGs
[2024-01-09T07:38:45.245+0000] {logging_mixin.py:188} INFO - [2024-01-09T07:38:45.245+0000] {dag.py:3820} INFO - Setting next_dagrun for example_nested_branch_dag to 2024-01-08T00:00:00+00:00, run_after=2024-01-09T00:00:00+00:00
[2024-01-09T07:38:45.258+0000] {processor.py:183} INFO - Processing /home/airflow/.local/lib/python3.8/site-packages/airflow/example_dags/example_nested_branch_dag.py took 0.060 seconds
[2024-01-09T07:39:15.517+0000] {processor.py:161} INFO - Started process (PID=481) to work on /home/airflow/.local/lib/python3.8/site-packages/airflow/example_dags/example_nested_branch_dag.py
[2024-01-09T07:39:15.518+0000] {processor.py:830} INFO - Processing file /home/airflow/.local/lib/python3.8/site-packages/airflow/example_dags/example_nested_branch_dag.py for tasks to queue
[2024-01-09T07:39:15.520+0000] {logging_mixin.py:188} INFO - [2024-01-09T07:39:15.520+0000] {dagbag.py:538} INFO - Filling up the DagBag from /home/airflow/.local/lib/python3.8/site-packages/airflow/example_dags/example_nested_branch_dag.py
[2024-01-09T07:39:15.529+0000] {processor.py:840} INFO - DAG(s) 'example_nested_branch_dag' retrieved from /home/airflow/.local/lib/python3.8/site-packages/airflow/example_dags/example_nested_branch_dag.py
[2024-01-09T07:39:15.548+0000] {logging_mixin.py:188} INFO - [2024-01-09T07:39:15.548+0000] {dag.py:3033} INFO - Sync 1 DAGs
[2024-01-09T07:39:15.569+0000] {logging_mixin.py:188} INFO - [2024-01-09T07:39:15.569+0000] {dag.py:3820} INFO - Setting next_dagrun for example_nested_branch_dag to 2024-01-08T00:00:00+00:00, run_after=2024-01-09T00:00:00+00:00
[2024-01-09T07:39:15.586+0000] {processor.py:183} INFO - Processing /home/airflow/.local/lib/python3.8/site-packages/airflow/example_dags/example_nested_branch_dag.py took 0.072 seconds
[2024-01-09T07:39:45.959+0000] {processor.py:161} INFO - Started process (PID=536) to work on /home/airflow/.local/lib/python3.8/site-packages/airflow/example_dags/example_nested_branch_dag.py
[2024-01-09T07:39:45.960+0000] {processor.py:830} INFO - Processing file /home/airflow/.local/lib/python3.8/site-packages/airflow/example_dags/example_nested_branch_dag.py for tasks to queue
[2024-01-09T07:39:45.962+0000] {logging_mixin.py:188} INFO - [2024-01-09T07:39:45.961+0000] {dagbag.py:538} INFO - Filling up the DagBag from /home/airflow/.local/lib/python3.8/site-packages/airflow/example_dags/example_nested_branch_dag.py
[2024-01-09T07:39:45.969+0000] {processor.py:840} INFO - DAG(s) 'example_nested_branch_dag' retrieved from /home/airflow/.local/lib/python3.8/site-packages/airflow/example_dags/example_nested_branch_dag.py
[2024-01-09T07:39:45.987+0000] {logging_mixin.py:188} INFO - [2024-01-09T07:39:45.987+0000] {dag.py:3033} INFO - Sync 1 DAGs
[2024-01-09T07:39:46.004+0000] {logging_mixin.py:188} INFO - [2024-01-09T07:39:46.004+0000] {dag.py:3820} INFO - Setting next_dagrun for example_nested_branch_dag to 2024-01-08T00:00:00+00:00, run_after=2024-01-09T00:00:00+00:00
[2024-01-09T07:39:46.019+0000] {processor.py:183} INFO - Processing /home/airflow/.local/lib/python3.8/site-packages/airflow/example_dags/example_nested_branch_dag.py took 0.063 seconds
[2024-01-09T07:40:16.415+0000] {processor.py:161} INFO - Started process (PID=591) to work on /home/airflow/.local/lib/python3.8/site-packages/airflow/example_dags/example_nested_branch_dag.py
[2024-01-09T07:40:16.416+0000] {processor.py:830} INFO - Processing file /home/airflow/.local/lib/python3.8/site-packages/airflow/example_dags/example_nested_branch_dag.py for tasks to queue
[2024-01-09T07:40:16.418+0000] {logging_mixin.py:188} INFO - [2024-01-09T07:40:16.418+0000] {dagbag.py:538} INFO - Filling up the DagBag from /home/airflow/.local/lib/python3.8/site-packages/airflow/example_dags/example_nested_branch_dag.py
[2024-01-09T07:40:16.426+0000] {processor.py:840} INFO - DAG(s) 'example_nested_branch_dag' retrieved from /home/airflow/.local/lib/python3.8/site-packages/airflow/example_dags/example_nested_branch_dag.py
[2024-01-09T07:40:16.444+0000] {logging_mixin.py:188} INFO - [2024-01-09T07:40:16.444+0000] {dag.py:3033} INFO - Sync 1 DAGs
[2024-01-09T07:40:16.464+0000] {logging_mixin.py:188} INFO - [2024-01-09T07:40:16.464+0000] {dag.py:3820} INFO - Setting next_dagrun for example_nested_branch_dag to 2024-01-08T00:00:00+00:00, run_after=2024-01-09T00:00:00+00:00
[2024-01-09T07:40:16.480+0000] {processor.py:183} INFO - Processing /home/airflow/.local/lib/python3.8/site-packages/airflow/example_dags/example_nested_branch_dag.py took 0.068 seconds
[2024-01-09T07:40:47.126+0000] {processor.py:161} INFO - Started process (PID=646) to work on /home/airflow/.local/lib/python3.8/site-packages/airflow/example_dags/example_nested_branch_dag.py
[2024-01-09T07:40:47.128+0000] {processor.py:830} INFO - Processing file /home/airflow/.local/lib/python3.8/site-packages/airflow/example_dags/example_nested_branch_dag.py for tasks to queue
[2024-01-09T07:40:47.130+0000] {logging_mixin.py:188} INFO - [2024-01-09T07:40:47.129+0000] {dagbag.py:538} INFO - Filling up the DagBag from /home/airflow/.local/lib/python3.8/site-packages/airflow/example_dags/example_nested_branch_dag.py
[2024-01-09T07:40:47.138+0000] {processor.py:840} INFO - DAG(s) 'example_nested_branch_dag' retrieved from /home/airflow/.local/lib/python3.8/site-packages/airflow/example_dags/example_nested_branch_dag.py
[2024-01-09T07:40:47.157+0000] {logging_mixin.py:188} INFO - [2024-01-09T07:40:47.157+0000] {dag.py:3033} INFO - Sync 1 DAGs
[2024-01-09T07:40:47.176+0000] {logging_mixin.py:188} INFO - [2024-01-09T07:40:47.176+0000] {dag.py:3820} INFO - Setting next_dagrun for example_nested_branch_dag to 2024-01-08T00:00:00+00:00, run_after=2024-01-09T00:00:00+00:00
[2024-01-09T07:40:47.191+0000] {processor.py:183} INFO - Processing /home/airflow/.local/lib/python3.8/site-packages/airflow/example_dags/example_nested_branch_dag.py took 0.067 seconds
[2024-01-09T07:41:17.443+0000] {processor.py:161} INFO - Started process (PID=701) to work on /home/airflow/.local/lib/python3.8/site-packages/airflow/example_dags/example_nested_branch_dag.py
[2024-01-09T07:41:17.444+0000] {processor.py:830} INFO - Processing file /home/airflow/.local/lib/python3.8/site-packages/airflow/example_dags/example_nested_branch_dag.py for tasks to queue
[2024-01-09T07:41:17.447+0000] {logging_mixin.py:188} INFO - [2024-01-09T07:41:17.447+0000] {dagbag.py:538} INFO - Filling up the DagBag from /home/airflow/.local/lib/python3.8/site-packages/airflow/example_dags/example_nested_branch_dag.py
[2024-01-09T07:41:17.457+0000] {processor.py:840} INFO - DAG(s) 'example_nested_branch_dag' retrieved from /home/airflow/.local/lib/python3.8/site-packages/airflow/example_dags/example_nested_branch_dag.py
[2024-01-09T07:41:17.479+0000] {logging_mixin.py:188} INFO - [2024-01-09T07:41:17.479+0000] {dag.py:3033} INFO - Sync 1 DAGs
[2024-01-09T07:41:17.501+0000] {logging_mixin.py:188} INFO - [2024-01-09T07:41:17.501+0000] {dag.py:3820} INFO - Setting next_dagrun for example_nested_branch_dag to 2024-01-08T00:00:00+00:00, run_after=2024-01-09T00:00:00+00:00
[2024-01-09T07:41:17.520+0000] {processor.py:183} INFO - Processing /home/airflow/.local/lib/python3.8/site-packages/airflow/example_dags/example_nested_branch_dag.py took 0.081 seconds
[2024-01-09T07:41:47.729+0000] {processor.py:161} INFO - Started process (PID=756) to work on /home/airflow/.local/lib/python3.8/site-packages/airflow/example_dags/example_nested_branch_dag.py
[2024-01-09T07:41:47.730+0000] {processor.py:830} INFO - Processing file /home/airflow/.local/lib/python3.8/site-packages/airflow/example_dags/example_nested_branch_dag.py for tasks to queue
[2024-01-09T07:41:47.733+0000] {logging_mixin.py:188} INFO - [2024-01-09T07:41:47.733+0000] {dagbag.py:538} INFO - Filling up the DagBag from /home/airflow/.local/lib/python3.8/site-packages/airflow/example_dags/example_nested_branch_dag.py
[2024-01-09T07:41:47.741+0000] {processor.py:840} INFO - DAG(s) 'example_nested_branch_dag' retrieved from /home/airflow/.local/lib/python3.8/site-packages/airflow/example_dags/example_nested_branch_dag.py
[2024-01-09T07:41:47.759+0000] {logging_mixin.py:188} INFO - [2024-01-09T07:41:47.759+0000] {dag.py:3033} INFO - Sync 1 DAGs
[2024-01-09T07:41:47.778+0000] {logging_mixin.py:188} INFO - [2024-01-09T07:41:47.778+0000] {dag.py:3820} INFO - Setting next_dagrun for example_nested_branch_dag to 2024-01-08T00:00:00+00:00, run_after=2024-01-09T00:00:00+00:00
[2024-01-09T07:41:47.793+0000] {processor.py:183} INFO - Processing /home/airflow/.local/lib/python3.8/site-packages/airflow/example_dags/example_nested_branch_dag.py took 0.067 seconds
[2024-01-09T07:42:18.141+0000] {processor.py:161} INFO - Started process (PID=811) to work on /home/airflow/.local/lib/python3.8/site-packages/airflow/example_dags/example_nested_branch_dag.py
[2024-01-09T07:42:18.142+0000] {processor.py:830} INFO - Processing file /home/airflow/.local/lib/python3.8/site-packages/airflow/example_dags/example_nested_branch_dag.py for tasks to queue
[2024-01-09T07:42:18.144+0000] {logging_mixin.py:188} INFO - [2024-01-09T07:42:18.143+0000] {dagbag.py:538} INFO - Filling up the DagBag from /home/airflow/.local/lib/python3.8/site-packages/airflow/example_dags/example_nested_branch_dag.py
[2024-01-09T07:42:18.152+0000] {processor.py:840} INFO - DAG(s) 'example_nested_branch_dag' retrieved from /home/airflow/.local/lib/python3.8/site-packages/airflow/example_dags/example_nested_branch_dag.py
[2024-01-09T07:42:18.170+0000] {logging_mixin.py:188} INFO - [2024-01-09T07:42:18.170+0000] {dag.py:3033} INFO - Sync 1 DAGs
[2024-01-09T07:42:18.190+0000] {logging_mixin.py:188} INFO - [2024-01-09T07:42:18.190+0000] {dag.py:3820} INFO - Setting next_dagrun for example_nested_branch_dag to 2024-01-08T00:00:00+00:00, run_after=2024-01-09T00:00:00+00:00
[2024-01-09T07:42:18.205+0000] {processor.py:183} INFO - Processing /home/airflow/.local/lib/python3.8/site-packages/airflow/example_dags/example_nested_branch_dag.py took 0.067 seconds
[2024-01-09T07:42:48.989+0000] {processor.py:161} INFO - Started process (PID=866) to work on /home/airflow/.local/lib/python3.8/site-packages/airflow/example_dags/example_nested_branch_dag.py
[2024-01-09T07:42:48.990+0000] {processor.py:830} INFO - Processing file /home/airflow/.local/lib/python3.8/site-packages/airflow/example_dags/example_nested_branch_dag.py for tasks to queue
[2024-01-09T07:42:48.992+0000] {logging_mixin.py:188} INFO - [2024-01-09T07:42:48.992+0000] {dagbag.py:538} INFO - Filling up the DagBag from /home/airflow/.local/lib/python3.8/site-packages/airflow/example_dags/example_nested_branch_dag.py
[2024-01-09T07:42:49.002+0000] {processor.py:840} INFO - DAG(s) 'example_nested_branch_dag' retrieved from /home/airflow/.local/lib/python3.8/site-packages/airflow/example_dags/example_nested_branch_dag.py
[2024-01-09T07:42:49.022+0000] {logging_mixin.py:188} INFO - [2024-01-09T07:42:49.022+0000] {dag.py:3033} INFO - Sync 1 DAGs
[2024-01-09T07:42:49.043+0000] {logging_mixin.py:188} INFO - [2024-01-09T07:42:49.043+0000] {dag.py:3820} INFO - Setting next_dagrun for example_nested_branch_dag to 2024-01-08T00:00:00+00:00, run_after=2024-01-09T00:00:00+00:00
[2024-01-09T07:42:49.060+0000] {processor.py:183} INFO - Processing /home/airflow/.local/lib/python3.8/site-packages/airflow/example_dags/example_nested_branch_dag.py took 0.074 seconds
[2024-01-09T07:43:19.164+0000] {processor.py:161} INFO - Started process (PID=921) to work on /home/airflow/.local/lib/python3.8/site-packages/airflow/example_dags/example_nested_branch_dag.py
[2024-01-09T07:43:19.165+0000] {processor.py:830} INFO - Processing file /home/airflow/.local/lib/python3.8/site-packages/airflow/example_dags/example_nested_branch_dag.py for tasks to queue
[2024-01-09T07:43:19.167+0000] {logging_mixin.py:188} INFO - [2024-01-09T07:43:19.166+0000] {dagbag.py:538} INFO - Filling up the DagBag from /home/airflow/.local/lib/python3.8/site-packages/airflow/example_dags/example_nested_branch_dag.py
[2024-01-09T07:43:19.175+0000] {processor.py:840} INFO - DAG(s) 'example_nested_branch_dag' retrieved from /home/airflow/.local/lib/python3.8/site-packages/airflow/example_dags/example_nested_branch_dag.py
[2024-01-09T07:43:19.193+0000] {logging_mixin.py:188} INFO - [2024-01-09T07:43:19.193+0000] {dag.py:3033} INFO - Sync 1 DAGs
[2024-01-09T07:43:19.212+0000] {logging_mixin.py:188} INFO - [2024-01-09T07:43:19.212+0000] {dag.py:3820} INFO - Setting next_dagrun for example_nested_branch_dag to 2024-01-08T00:00:00+00:00, run_after=2024-01-09T00:00:00+00:00
[2024-01-09T07:43:19.225+0000] {processor.py:183} INFO - Processing /home/airflow/.local/lib/python3.8/site-packages/airflow/example_dags/example_nested_branch_dag.py took 0.065 seconds
[2024-01-09T07:43:49.912+0000] {processor.py:161} INFO - Started process (PID=976) to work on /home/airflow/.local/lib/python3.8/site-packages/airflow/example_dags/example_nested_branch_dag.py
[2024-01-09T07:43:49.913+0000] {processor.py:830} INFO - Processing file /home/airflow/.local/lib/python3.8/site-packages/airflow/example_dags/example_nested_branch_dag.py for tasks to queue
[2024-01-09T07:43:49.915+0000] {logging_mixin.py:188} INFO - [2024-01-09T07:43:49.915+0000] {dagbag.py:538} INFO - Filling up the DagBag from /home/airflow/.local/lib/python3.8/site-packages/airflow/example_dags/example_nested_branch_dag.py
[2024-01-09T07:43:49.923+0000] {processor.py:840} INFO - DAG(s) 'example_nested_branch_dag' retrieved from /home/airflow/.local/lib/python3.8/site-packages/airflow/example_dags/example_nested_branch_dag.py
[2024-01-09T07:43:49.940+0000] {logging_mixin.py:188} INFO - [2024-01-09T07:43:49.940+0000] {dag.py:3033} INFO - Sync 1 DAGs
[2024-01-09T07:43:49.958+0000] {logging_mixin.py:188} INFO - [2024-01-09T07:43:49.957+0000] {dag.py:3820} INFO - Setting next_dagrun for example_nested_branch_dag to 2024-01-08T00:00:00+00:00, run_after=2024-01-09T00:00:00+00:00
[2024-01-09T07:43:49.972+0000] {processor.py:183} INFO - Processing /home/airflow/.local/lib/python3.8/site-packages/airflow/example_dags/example_nested_branch_dag.py took 0.064 seconds
[2024-01-09T07:44:20.131+0000] {processor.py:161} INFO - Started process (PID=1030) to work on /home/airflow/.local/lib/python3.8/site-packages/airflow/example_dags/example_nested_branch_dag.py
[2024-01-09T07:44:20.132+0000] {processor.py:830} INFO - Processing file /home/airflow/.local/lib/python3.8/site-packages/airflow/example_dags/example_nested_branch_dag.py for tasks to queue
[2024-01-09T07:44:20.134+0000] {logging_mixin.py:188} INFO - [2024-01-09T07:44:20.133+0000] {dagbag.py:538} INFO - Filling up the DagBag from /home/airflow/.local/lib/python3.8/site-packages/airflow/example_dags/example_nested_branch_dag.py
[2024-01-09T07:44:20.142+0000] {processor.py:840} INFO - DAG(s) 'example_nested_branch_dag' retrieved from /home/airflow/.local/lib/python3.8/site-packages/airflow/example_dags/example_nested_branch_dag.py
[2024-01-09T07:44:20.159+0000] {logging_mixin.py:188} INFO - [2024-01-09T07:44:20.158+0000] {dag.py:3033} INFO - Sync 1 DAGs
[2024-01-09T07:44:20.176+0000] {logging_mixin.py:188} INFO - [2024-01-09T07:44:20.176+0000] {dag.py:3820} INFO - Setting next_dagrun for example_nested_branch_dag to 2024-01-08T00:00:00+00:00, run_after=2024-01-09T00:00:00+00:00
[2024-01-09T07:44:20.189+0000] {processor.py:183} INFO - Processing /home/airflow/.local/lib/python3.8/site-packages/airflow/example_dags/example_nested_branch_dag.py took 0.061 seconds
[2024-01-09T07:44:50.431+0000] {processor.py:161} INFO - Started process (PID=1085) to work on /home/airflow/.local/lib/python3.8/site-packages/airflow/example_dags/example_nested_branch_dag.py
[2024-01-09T07:44:50.432+0000] {processor.py:830} INFO - Processing file /home/airflow/.local/lib/python3.8/site-packages/airflow/example_dags/example_nested_branch_dag.py for tasks to queue
[2024-01-09T07:44:50.433+0000] {logging_mixin.py:188} INFO - [2024-01-09T07:44:50.433+0000] {dagbag.py:538} INFO - Filling up the DagBag from /home/airflow/.local/lib/python3.8/site-packages/airflow/example_dags/example_nested_branch_dag.py
[2024-01-09T07:44:50.441+0000] {processor.py:840} INFO - DAG(s) 'example_nested_branch_dag' retrieved from /home/airflow/.local/lib/python3.8/site-packages/airflow/example_dags/example_nested_branch_dag.py
[2024-01-09T07:44:50.458+0000] {logging_mixin.py:188} INFO - [2024-01-09T07:44:50.458+0000] {dag.py:3033} INFO - Sync 1 DAGs
[2024-01-09T07:44:50.475+0000] {logging_mixin.py:188} INFO - [2024-01-09T07:44:50.475+0000] {dag.py:3820} INFO - Setting next_dagrun for example_nested_branch_dag to 2024-01-08T00:00:00+00:00, run_after=2024-01-09T00:00:00+00:00
[2024-01-09T07:44:50.489+0000] {processor.py:183} INFO - Processing /home/airflow/.local/lib/python3.8/site-packages/airflow/example_dags/example_nested_branch_dag.py took 0.061 seconds
[2024-01-09T07:45:20.702+0000] {processor.py:161} INFO - Started process (PID=1139) to work on /home/airflow/.local/lib/python3.8/site-packages/airflow/example_dags/example_nested_branch_dag.py
[2024-01-09T07:45:20.703+0000] {processor.py:830} INFO - Processing file /home/airflow/.local/lib/python3.8/site-packages/airflow/example_dags/example_nested_branch_dag.py for tasks to queue
[2024-01-09T07:45:20.705+0000] {logging_mixin.py:188} INFO - [2024-01-09T07:45:20.705+0000] {dagbag.py:538} INFO - Filling up the DagBag from /home/airflow/.local/lib/python3.8/site-packages/airflow/example_dags/example_nested_branch_dag.py
[2024-01-09T07:45:20.715+0000] {processor.py:840} INFO - DAG(s) 'example_nested_branch_dag' retrieved from /home/airflow/.local/lib/python3.8/site-packages/airflow/example_dags/example_nested_branch_dag.py
[2024-01-09T07:45:20.733+0000] {logging_mixin.py:188} INFO - [2024-01-09T07:45:20.733+0000] {dag.py:3033} INFO - Sync 1 DAGs
[2024-01-09T07:45:20.752+0000] {logging_mixin.py:188} INFO - [2024-01-09T07:45:20.752+0000] {dag.py:3820} INFO - Setting next_dagrun for example_nested_branch_dag to 2024-01-08T00:00:00+00:00, run_after=2024-01-09T00:00:00+00:00
[2024-01-09T07:45:20.768+0000] {processor.py:183} INFO - Processing /home/airflow/.local/lib/python3.8/site-packages/airflow/example_dags/example_nested_branch_dag.py took 0.069 seconds
[2024-01-09T07:45:51.169+0000] {processor.py:161} INFO - Started process (PID=1194) to work on /home/airflow/.local/lib/python3.8/site-packages/airflow/example_dags/example_nested_branch_dag.py
[2024-01-09T07:45:51.170+0000] {processor.py:830} INFO - Processing file /home/airflow/.local/lib/python3.8/site-packages/airflow/example_dags/example_nested_branch_dag.py for tasks to queue
[2024-01-09T07:45:51.172+0000] {logging_mixin.py:188} INFO - [2024-01-09T07:45:51.172+0000] {dagbag.py:538} INFO - Filling up the DagBag from /home/airflow/.local/lib/python3.8/site-packages/airflow/example_dags/example_nested_branch_dag.py
[2024-01-09T07:45:51.180+0000] {processor.py:840} INFO - DAG(s) 'example_nested_branch_dag' retrieved from /home/airflow/.local/lib/python3.8/site-packages/airflow/example_dags/example_nested_branch_dag.py
[2024-01-09T07:45:51.197+0000] {logging_mixin.py:188} INFO - [2024-01-09T07:45:51.196+0000] {dag.py:3033} INFO - Sync 1 DAGs
[2024-01-09T07:45:51.214+0000] {logging_mixin.py:188} INFO - [2024-01-09T07:45:51.213+0000] {dag.py:3820} INFO - Setting next_dagrun for example_nested_branch_dag to 2024-01-08T00:00:00+00:00, run_after=2024-01-09T00:00:00+00:00
[2024-01-09T07:45:51.227+0000] {processor.py:183} INFO - Processing /home/airflow/.local/lib/python3.8/site-packages/airflow/example_dags/example_nested_branch_dag.py took 0.061 seconds
[2024-01-09T07:46:21.478+0000] {processor.py:161} INFO - Started process (PID=1249) to work on /home/airflow/.local/lib/python3.8/site-packages/airflow/example_dags/example_nested_branch_dag.py
[2024-01-09T07:46:21.480+0000] {processor.py:830} INFO - Processing file /home/airflow/.local/lib/python3.8/site-packages/airflow/example_dags/example_nested_branch_dag.py for tasks to queue
[2024-01-09T07:46:21.481+0000] {logging_mixin.py:188} INFO - [2024-01-09T07:46:21.481+0000] {dagbag.py:538} INFO - Filling up the DagBag from /home/airflow/.local/lib/python3.8/site-packages/airflow/example_dags/example_nested_branch_dag.py
[2024-01-09T07:46:21.489+0000] {processor.py:840} INFO - DAG(s) 'example_nested_branch_dag' retrieved from /home/airflow/.local/lib/python3.8/site-packages/airflow/example_dags/example_nested_branch_dag.py
[2024-01-09T07:46:21.506+0000] {logging_mixin.py:188} INFO - [2024-01-09T07:46:21.506+0000] {dag.py:3033} INFO - Sync 1 DAGs
[2024-01-09T07:46:21.522+0000] {logging_mixin.py:188} INFO - [2024-01-09T07:46:21.522+0000] {dag.py:3820} INFO - Setting next_dagrun for example_nested_branch_dag to 2024-01-08T00:00:00+00:00, run_after=2024-01-09T00:00:00+00:00
[2024-01-09T07:46:21.535+0000] {processor.py:183} INFO - Processing /home/airflow/.local/lib/python3.8/site-packages/airflow/example_dags/example_nested_branch_dag.py took 0.059 seconds
[2024-01-09T07:46:51.882+0000] {processor.py:161} INFO - Started process (PID=1304) to work on /home/airflow/.local/lib/python3.8/site-packages/airflow/example_dags/example_nested_branch_dag.py
[2024-01-09T07:46:51.883+0000] {processor.py:830} INFO - Processing file /home/airflow/.local/lib/python3.8/site-packages/airflow/example_dags/example_nested_branch_dag.py for tasks to queue
[2024-01-09T07:46:51.885+0000] {logging_mixin.py:188} INFO - [2024-01-09T07:46:51.884+0000] {dagbag.py:538} INFO - Filling up the DagBag from /home/airflow/.local/lib/python3.8/site-packages/airflow/example_dags/example_nested_branch_dag.py
[2024-01-09T07:46:51.894+0000] {processor.py:840} INFO - DAG(s) 'example_nested_branch_dag' retrieved from /home/airflow/.local/lib/python3.8/site-packages/airflow/example_dags/example_nested_branch_dag.py
[2024-01-09T07:46:51.912+0000] {logging_mixin.py:188} INFO - [2024-01-09T07:46:51.912+0000] {dag.py:3033} INFO - Sync 1 DAGs
[2024-01-09T07:46:51.931+0000] {logging_mixin.py:188} INFO - [2024-01-09T07:46:51.931+0000] {dag.py:3820} INFO - Setting next_dagrun for example_nested_branch_dag to 2024-01-08T00:00:00+00:00, run_after=2024-01-09T00:00:00+00:00
[2024-01-09T07:46:51.946+0000] {processor.py:183} INFO - Processing /home/airflow/.local/lib/python3.8/site-packages/airflow/example_dags/example_nested_branch_dag.py took 0.068 seconds
[2024-01-09T07:47:22.204+0000] {processor.py:161} INFO - Started process (PID=1359) to work on /home/airflow/.local/lib/python3.8/site-packages/airflow/example_dags/example_nested_branch_dag.py
[2024-01-09T07:47:22.205+0000] {processor.py:830} INFO - Processing file /home/airflow/.local/lib/python3.8/site-packages/airflow/example_dags/example_nested_branch_dag.py for tasks to queue
[2024-01-09T07:47:22.207+0000] {logging_mixin.py:188} INFO - [2024-01-09T07:47:22.206+0000] {dagbag.py:538} INFO - Filling up the DagBag from /home/airflow/.local/lib/python3.8/site-packages/airflow/example_dags/example_nested_branch_dag.py
[2024-01-09T07:47:22.215+0000] {processor.py:840} INFO - DAG(s) 'example_nested_branch_dag' retrieved from /home/airflow/.local/lib/python3.8/site-packages/airflow/example_dags/example_nested_branch_dag.py
[2024-01-09T07:47:22.232+0000] {logging_mixin.py:188} INFO - [2024-01-09T07:47:22.232+0000] {dag.py:3033} INFO - Sync 1 DAGs
[2024-01-09T07:47:22.249+0000] {logging_mixin.py:188} INFO - [2024-01-09T07:47:22.249+0000] {dag.py:3820} INFO - Setting next_dagrun for example_nested_branch_dag to 2024-01-08T00:00:00+00:00, run_after=2024-01-09T00:00:00+00:00
[2024-01-09T07:47:22.262+0000] {processor.py:183} INFO - Processing /home/airflow/.local/lib/python3.8/site-packages/airflow/example_dags/example_nested_branch_dag.py took 0.061 seconds
[2024-01-09T07:47:52.460+0000] {processor.py:161} INFO - Started process (PID=1414) to work on /home/airflow/.local/lib/python3.8/site-packages/airflow/example_dags/example_nested_branch_dag.py
[2024-01-09T07:47:52.461+0000] {processor.py:830} INFO - Processing file /home/airflow/.local/lib/python3.8/site-packages/airflow/example_dags/example_nested_branch_dag.py for tasks to queue
[2024-01-09T07:47:52.463+0000] {logging_mixin.py:188} INFO - [2024-01-09T07:47:52.463+0000] {dagbag.py:538} INFO - Filling up the DagBag from /home/airflow/.local/lib/python3.8/site-packages/airflow/example_dags/example_nested_branch_dag.py
[2024-01-09T07:47:52.472+0000] {processor.py:840} INFO - DAG(s) 'example_nested_branch_dag' retrieved from /home/airflow/.local/lib/python3.8/site-packages/airflow/example_dags/example_nested_branch_dag.py
[2024-01-09T07:47:52.493+0000] {logging_mixin.py:188} INFO - [2024-01-09T07:47:52.493+0000] {dag.py:3033} INFO - Sync 1 DAGs
[2024-01-09T07:47:52.513+0000] {logging_mixin.py:188} INFO - [2024-01-09T07:47:52.513+0000] {dag.py:3820} INFO - Setting next_dagrun for example_nested_branch_dag to 2024-01-08T00:00:00+00:00, run_after=2024-01-09T00:00:00+00:00
[2024-01-09T07:47:52.527+0000] {processor.py:183} INFO - Processing /home/airflow/.local/lib/python3.8/site-packages/airflow/example_dags/example_nested_branch_dag.py took 0.072 seconds
[2024-01-09T07:48:22.704+0000] {processor.py:161} INFO - Started process (PID=1469) to work on /home/airflow/.local/lib/python3.8/site-packages/airflow/example_dags/example_nested_branch_dag.py
[2024-01-09T07:48:22.705+0000] {processor.py:830} INFO - Processing file /home/airflow/.local/lib/python3.8/site-packages/airflow/example_dags/example_nested_branch_dag.py for tasks to queue
[2024-01-09T07:48:22.707+0000] {logging_mixin.py:188} INFO - [2024-01-09T07:48:22.707+0000] {dagbag.py:538} INFO - Filling up the DagBag from /home/airflow/.local/lib/python3.8/site-packages/airflow/example_dags/example_nested_branch_dag.py
[2024-01-09T07:48:22.717+0000] {processor.py:840} INFO - DAG(s) 'example_nested_branch_dag' retrieved from /home/airflow/.local/lib/python3.8/site-packages/airflow/example_dags/example_nested_branch_dag.py
[2024-01-09T07:48:22.736+0000] {logging_mixin.py:188} INFO - [2024-01-09T07:48:22.736+0000] {dag.py:3033} INFO - Sync 1 DAGs
[2024-01-09T07:48:22.757+0000] {logging_mixin.py:188} INFO - [2024-01-09T07:48:22.756+0000] {dag.py:3820} INFO - Setting next_dagrun for example_nested_branch_dag to 2024-01-08T00:00:00+00:00, run_after=2024-01-09T00:00:00+00:00
[2024-01-09T07:48:22.773+0000] {processor.py:183} INFO - Processing /home/airflow/.local/lib/python3.8/site-packages/airflow/example_dags/example_nested_branch_dag.py took 0.072 seconds
[2024-01-09T07:48:53.395+0000] {processor.py:161} INFO - Started process (PID=1524) to work on /home/airflow/.local/lib/python3.8/site-packages/airflow/example_dags/example_nested_branch_dag.py
[2024-01-09T07:48:53.396+0000] {processor.py:830} INFO - Processing file /home/airflow/.local/lib/python3.8/site-packages/airflow/example_dags/example_nested_branch_dag.py for tasks to queue
[2024-01-09T07:48:53.398+0000] {logging_mixin.py:188} INFO - [2024-01-09T07:48:53.398+0000] {dagbag.py:538} INFO - Filling up the DagBag from /home/airflow/.local/lib/python3.8/site-packages/airflow/example_dags/example_nested_branch_dag.py
[2024-01-09T07:48:53.407+0000] {processor.py:840} INFO - DAG(s) 'example_nested_branch_dag' retrieved from /home/airflow/.local/lib/python3.8/site-packages/airflow/example_dags/example_nested_branch_dag.py
[2024-01-09T07:48:53.425+0000] {logging_mixin.py:188} INFO - [2024-01-09T07:48:53.425+0000] {dag.py:3033} INFO - Sync 1 DAGs
[2024-01-09T07:48:53.443+0000] {logging_mixin.py:188} INFO - [2024-01-09T07:48:53.443+0000] {dag.py:3820} INFO - Setting next_dagrun for example_nested_branch_dag to 2024-01-08T00:00:00+00:00, run_after=2024-01-09T00:00:00+00:00
[2024-01-09T07:48:53.458+0000] {processor.py:183} INFO - Processing /home/airflow/.local/lib/python3.8/site-packages/airflow/example_dags/example_nested_branch_dag.py took 0.066 seconds
[2024-01-09T07:49:23.760+0000] {processor.py:161} INFO - Started process (PID=1579) to work on /home/airflow/.local/lib/python3.8/site-packages/airflow/example_dags/example_nested_branch_dag.py
[2024-01-09T07:49:23.761+0000] {processor.py:830} INFO - Processing file /home/airflow/.local/lib/python3.8/site-packages/airflow/example_dags/example_nested_branch_dag.py for tasks to queue
[2024-01-09T07:49:23.763+0000] {logging_mixin.py:188} INFO - [2024-01-09T07:49:23.763+0000] {dagbag.py:538} INFO - Filling up the DagBag from /home/airflow/.local/lib/python3.8/site-packages/airflow/example_dags/example_nested_branch_dag.py
[2024-01-09T07:49:23.772+0000] {processor.py:840} INFO - DAG(s) 'example_nested_branch_dag' retrieved from /home/airflow/.local/lib/python3.8/site-packages/airflow/example_dags/example_nested_branch_dag.py
[2024-01-09T07:49:23.791+0000] {logging_mixin.py:188} INFO - [2024-01-09T07:49:23.790+0000] {dag.py:3033} INFO - Sync 1 DAGs
[2024-01-09T07:49:23.809+0000] {logging_mixin.py:188} INFO - [2024-01-09T07:49:23.809+0000] {dag.py:3820} INFO - Setting next_dagrun for example_nested_branch_dag to 2024-01-08T00:00:00+00:00, run_after=2024-01-09T00:00:00+00:00
[2024-01-09T07:49:23.825+0000] {processor.py:183} INFO - Processing /home/airflow/.local/lib/python3.8/site-packages/airflow/example_dags/example_nested_branch_dag.py took 0.068 seconds
[2024-01-09T07:49:54.434+0000] {processor.py:161} INFO - Started process (PID=1634) to work on /home/airflow/.local/lib/python3.8/site-packages/airflow/example_dags/example_nested_branch_dag.py
[2024-01-09T07:49:54.435+0000] {processor.py:830} INFO - Processing file /home/airflow/.local/lib/python3.8/site-packages/airflow/example_dags/example_nested_branch_dag.py for tasks to queue
[2024-01-09T07:49:54.436+0000] {logging_mixin.py:188} INFO - [2024-01-09T07:49:54.436+0000] {dagbag.py:538} INFO - Filling up the DagBag from /home/airflow/.local/lib/python3.8/site-packages/airflow/example_dags/example_nested_branch_dag.py
[2024-01-09T07:49:54.445+0000] {processor.py:840} INFO - DAG(s) 'example_nested_branch_dag' retrieved from /home/airflow/.local/lib/python3.8/site-packages/airflow/example_dags/example_nested_branch_dag.py
[2024-01-09T07:49:54.462+0000] {logging_mixin.py:188} INFO - [2024-01-09T07:49:54.462+0000] {dag.py:3033} INFO - Sync 1 DAGs
[2024-01-09T07:49:54.483+0000] {logging_mixin.py:188} INFO - [2024-01-09T07:49:54.483+0000] {dag.py:3820} INFO - Setting next_dagrun for example_nested_branch_dag to 2024-01-08T00:00:00+00:00, run_after=2024-01-09T00:00:00+00:00
[2024-01-09T07:49:54.501+0000] {processor.py:183} INFO - Processing /home/airflow/.local/lib/python3.8/site-packages/airflow/example_dags/example_nested_branch_dag.py took 0.070 seconds
