[2024-01-09T07:35:12.319+0000] {processor.py:161} INFO - Started process (PID=45) to work on /home/airflow/.local/lib/python3.8/site-packages/airflow/example_dags/example_short_circuit_decorator.py
[2024-01-09T07:35:12.321+0000] {processor.py:830} INFO - Processing file /home/airflow/.local/lib/python3.8/site-packages/airflow/example_dags/example_short_circuit_decorator.py for tasks to queue
[2024-01-09T07:35:12.326+0000] {logging_mixin.py:188} INFO - [2024-01-09T07:35:12.325+0000] {dagbag.py:538} INFO - Filling up the DagBag from /home/airflow/.local/lib/python3.8/site-packages/airflow/example_dags/example_short_circuit_decorator.py
[2024-01-09T07:35:12.342+0000] {processor.py:840} INFO - DAG(s) 'example_short_circuit_decorator' retrieved from /home/airflow/.local/lib/python3.8/site-packages/airflow/example_dags/example_short_circuit_decorator.py
[2024-01-09T07:35:12.362+0000] {logging_mixin.py:188} INFO - [2024-01-09T07:35:12.362+0000] {dag.py:3033} INFO - Sync 1 DAGs
[2024-01-09T07:35:12.395+0000] {logging_mixin.py:188} INFO - [2024-01-09T07:35:12.395+0000] {dag.py:3820} INFO - Setting next_dagrun for example_short_circuit_decorator to 2024-01-08T00:00:00+00:00, run_after=2024-01-09T00:00:00+00:00
[2024-01-09T07:35:12.422+0000] {processor.py:183} INFO - Processing /home/airflow/.local/lib/python3.8/site-packages/airflow/example_dags/example_short_circuit_decorator.py took 0.110 seconds
[2024-01-09T07:35:42.889+0000] {processor.py:161} INFO - Started process (PID=100) to work on /home/airflow/.local/lib/python3.8/site-packages/airflow/example_dags/example_short_circuit_decorator.py
[2024-01-09T07:35:42.890+0000] {processor.py:830} INFO - Processing file /home/airflow/.local/lib/python3.8/site-packages/airflow/example_dags/example_short_circuit_decorator.py for tasks to queue
[2024-01-09T07:35:42.892+0000] {logging_mixin.py:188} INFO - [2024-01-09T07:35:42.892+0000] {dagbag.py:538} INFO - Filling up the DagBag from /home/airflow/.local/lib/python3.8/site-packages/airflow/example_dags/example_short_circuit_decorator.py
[2024-01-09T07:35:42.901+0000] {processor.py:840} INFO - DAG(s) 'example_short_circuit_decorator' retrieved from /home/airflow/.local/lib/python3.8/site-packages/airflow/example_dags/example_short_circuit_decorator.py
[2024-01-09T07:35:42.988+0000] {logging_mixin.py:188} INFO - [2024-01-09T07:35:42.988+0000] {dag.py:3033} INFO - Sync 1 DAGs
[2024-01-09T07:35:43.004+0000] {logging_mixin.py:188} INFO - [2024-01-09T07:35:43.004+0000] {dag.py:3820} INFO - Setting next_dagrun for example_short_circuit_decorator to 2024-01-08T00:00:00+00:00, run_after=2024-01-09T00:00:00+00:00
[2024-01-09T07:35:43.018+0000] {processor.py:183} INFO - Processing /home/airflow/.local/lib/python3.8/site-packages/airflow/example_dags/example_short_circuit_decorator.py took 0.134 seconds
[2024-01-09T07:36:13.264+0000] {processor.py:161} INFO - Started process (PID=155) to work on /home/airflow/.local/lib/python3.8/site-packages/airflow/example_dags/example_short_circuit_decorator.py
[2024-01-09T07:36:13.265+0000] {processor.py:830} INFO - Processing file /home/airflow/.local/lib/python3.8/site-packages/airflow/example_dags/example_short_circuit_decorator.py for tasks to queue
[2024-01-09T07:36:13.267+0000] {logging_mixin.py:188} INFO - [2024-01-09T07:36:13.267+0000] {dagbag.py:538} INFO - Filling up the DagBag from /home/airflow/.local/lib/python3.8/site-packages/airflow/example_dags/example_short_circuit_decorator.py
[2024-01-09T07:36:13.274+0000] {processor.py:840} INFO - DAG(s) 'example_short_circuit_decorator' retrieved from /home/airflow/.local/lib/python3.8/site-packages/airflow/example_dags/example_short_circuit_decorator.py
[2024-01-09T07:36:13.291+0000] {logging_mixin.py:188} INFO - [2024-01-09T07:36:13.291+0000] {dag.py:3033} INFO - Sync 1 DAGs
[2024-01-09T07:36:13.307+0000] {logging_mixin.py:188} INFO - [2024-01-09T07:36:13.307+0000] {dag.py:3820} INFO - Setting next_dagrun for example_short_circuit_decorator to 2024-01-08T00:00:00+00:00, run_after=2024-01-09T00:00:00+00:00
[2024-01-09T07:36:13.320+0000] {processor.py:183} INFO - Processing /home/airflow/.local/lib/python3.8/site-packages/airflow/example_dags/example_short_circuit_decorator.py took 0.059 seconds
[2024-01-09T07:36:43.635+0000] {processor.py:161} INFO - Started process (PID=210) to work on /home/airflow/.local/lib/python3.8/site-packages/airflow/example_dags/example_short_circuit_decorator.py
[2024-01-09T07:36:43.636+0000] {processor.py:830} INFO - Processing file /home/airflow/.local/lib/python3.8/site-packages/airflow/example_dags/example_short_circuit_decorator.py for tasks to queue
[2024-01-09T07:36:43.638+0000] {logging_mixin.py:188} INFO - [2024-01-09T07:36:43.638+0000] {dagbag.py:538} INFO - Filling up the DagBag from /home/airflow/.local/lib/python3.8/site-packages/airflow/example_dags/example_short_circuit_decorator.py
[2024-01-09T07:36:43.646+0000] {processor.py:840} INFO - DAG(s) 'example_short_circuit_decorator' retrieved from /home/airflow/.local/lib/python3.8/site-packages/airflow/example_dags/example_short_circuit_decorator.py
[2024-01-09T07:36:43.665+0000] {logging_mixin.py:188} INFO - [2024-01-09T07:36:43.665+0000] {dag.py:3033} INFO - Sync 1 DAGs
[2024-01-09T07:36:43.682+0000] {logging_mixin.py:188} INFO - [2024-01-09T07:36:43.682+0000] {dag.py:3820} INFO - Setting next_dagrun for example_short_circuit_decorator to 2024-01-08T00:00:00+00:00, run_after=2024-01-09T00:00:00+00:00
[2024-01-09T07:36:43.695+0000] {processor.py:183} INFO - Processing /home/airflow/.local/lib/python3.8/site-packages/airflow/example_dags/example_short_circuit_decorator.py took 0.063 seconds
[2024-01-09T07:37:13.944+0000] {processor.py:161} INFO - Started process (PID=265) to work on /home/airflow/.local/lib/python3.8/site-packages/airflow/example_dags/example_short_circuit_decorator.py
[2024-01-09T07:37:13.945+0000] {processor.py:830} INFO - Processing file /home/airflow/.local/lib/python3.8/site-packages/airflow/example_dags/example_short_circuit_decorator.py for tasks to queue
[2024-01-09T07:37:13.948+0000] {logging_mixin.py:188} INFO - [2024-01-09T07:37:13.947+0000] {dagbag.py:538} INFO - Filling up the DagBag from /home/airflow/.local/lib/python3.8/site-packages/airflow/example_dags/example_short_circuit_decorator.py
[2024-01-09T07:37:13.956+0000] {processor.py:840} INFO - DAG(s) 'example_short_circuit_decorator' retrieved from /home/airflow/.local/lib/python3.8/site-packages/airflow/example_dags/example_short_circuit_decorator.py
[2024-01-09T07:37:13.976+0000] {logging_mixin.py:188} INFO - [2024-01-09T07:37:13.976+0000] {dag.py:3033} INFO - Sync 1 DAGs
[2024-01-09T07:37:13.995+0000] {logging_mixin.py:188} INFO - [2024-01-09T07:37:13.994+0000] {dag.py:3820} INFO - Setting next_dagrun for example_short_circuit_decorator to 2024-01-08T00:00:00+00:00, run_after=2024-01-09T00:00:00+00:00
[2024-01-09T07:37:14.009+0000] {processor.py:183} INFO - Processing /home/airflow/.local/lib/python3.8/site-packages/airflow/example_dags/example_short_circuit_decorator.py took 0.068 seconds
[2024-01-09T07:37:44.427+0000] {processor.py:161} INFO - Started process (PID=320) to work on /home/airflow/.local/lib/python3.8/site-packages/airflow/example_dags/example_short_circuit_decorator.py
[2024-01-09T07:37:44.428+0000] {processor.py:830} INFO - Processing file /home/airflow/.local/lib/python3.8/site-packages/airflow/example_dags/example_short_circuit_decorator.py for tasks to queue
[2024-01-09T07:37:44.430+0000] {logging_mixin.py:188} INFO - [2024-01-09T07:37:44.430+0000] {dagbag.py:538} INFO - Filling up the DagBag from /home/airflow/.local/lib/python3.8/site-packages/airflow/example_dags/example_short_circuit_decorator.py
[2024-01-09T07:37:44.437+0000] {processor.py:840} INFO - DAG(s) 'example_short_circuit_decorator' retrieved from /home/airflow/.local/lib/python3.8/site-packages/airflow/example_dags/example_short_circuit_decorator.py
[2024-01-09T07:37:44.455+0000] {logging_mixin.py:188} INFO - [2024-01-09T07:37:44.455+0000] {dag.py:3033} INFO - Sync 1 DAGs
[2024-01-09T07:37:44.471+0000] {logging_mixin.py:188} INFO - [2024-01-09T07:37:44.471+0000] {dag.py:3820} INFO - Setting next_dagrun for example_short_circuit_decorator to 2024-01-08T00:00:00+00:00, run_after=2024-01-09T00:00:00+00:00
[2024-01-09T07:37:44.483+0000] {processor.py:183} INFO - Processing /home/airflow/.local/lib/python3.8/site-packages/airflow/example_dags/example_short_circuit_decorator.py took 0.059 seconds
[2024-01-09T07:38:14.906+0000] {processor.py:161} INFO - Started process (PID=375) to work on /home/airflow/.local/lib/python3.8/site-packages/airflow/example_dags/example_short_circuit_decorator.py
[2024-01-09T07:38:14.908+0000] {processor.py:830} INFO - Processing file /home/airflow/.local/lib/python3.8/site-packages/airflow/example_dags/example_short_circuit_decorator.py for tasks to queue
[2024-01-09T07:38:14.911+0000] {logging_mixin.py:188} INFO - [2024-01-09T07:38:14.911+0000] {dagbag.py:538} INFO - Filling up the DagBag from /home/airflow/.local/lib/python3.8/site-packages/airflow/example_dags/example_short_circuit_decorator.py
[2024-01-09T07:38:14.922+0000] {processor.py:840} INFO - DAG(s) 'example_short_circuit_decorator' retrieved from /home/airflow/.local/lib/python3.8/site-packages/airflow/example_dags/example_short_circuit_decorator.py
[2024-01-09T07:38:14.950+0000] {logging_mixin.py:188} INFO - [2024-01-09T07:38:14.950+0000] {dag.py:3033} INFO - Sync 1 DAGs
[2024-01-09T07:38:14.975+0000] {logging_mixin.py:188} INFO - [2024-01-09T07:38:14.974+0000] {dag.py:3820} INFO - Setting next_dagrun for example_short_circuit_decorator to 2024-01-08T00:00:00+00:00, run_after=2024-01-09T00:00:00+00:00
[2024-01-09T07:38:15.001+0000] {processor.py:183} INFO - Processing /home/airflow/.local/lib/python3.8/site-packages/airflow/example_dags/example_short_circuit_decorator.py took 0.099 seconds
[2024-01-09T07:38:45.346+0000] {processor.py:161} INFO - Started process (PID=430) to work on /home/airflow/.local/lib/python3.8/site-packages/airflow/example_dags/example_short_circuit_decorator.py
[2024-01-09T07:38:45.347+0000] {processor.py:830} INFO - Processing file /home/airflow/.local/lib/python3.8/site-packages/airflow/example_dags/example_short_circuit_decorator.py for tasks to queue
[2024-01-09T07:38:45.349+0000] {logging_mixin.py:188} INFO - [2024-01-09T07:38:45.349+0000] {dagbag.py:538} INFO - Filling up the DagBag from /home/airflow/.local/lib/python3.8/site-packages/airflow/example_dags/example_short_circuit_decorator.py
[2024-01-09T07:38:45.357+0000] {processor.py:840} INFO - DAG(s) 'example_short_circuit_decorator' retrieved from /home/airflow/.local/lib/python3.8/site-packages/airflow/example_dags/example_short_circuit_decorator.py
[2024-01-09T07:38:45.374+0000] {logging_mixin.py:188} INFO - [2024-01-09T07:38:45.374+0000] {dag.py:3033} INFO - Sync 1 DAGs
[2024-01-09T07:38:45.390+0000] {logging_mixin.py:188} INFO - [2024-01-09T07:38:45.390+0000] {dag.py:3820} INFO - Setting next_dagrun for example_short_circuit_decorator to 2024-01-08T00:00:00+00:00, run_after=2024-01-09T00:00:00+00:00
[2024-01-09T07:38:45.404+0000] {processor.py:183} INFO - Processing /home/airflow/.local/lib/python3.8/site-packages/airflow/example_dags/example_short_circuit_decorator.py took 0.061 seconds
[2024-01-09T07:39:15.690+0000] {processor.py:161} INFO - Started process (PID=485) to work on /home/airflow/.local/lib/python3.8/site-packages/airflow/example_dags/example_short_circuit_decorator.py
[2024-01-09T07:39:15.691+0000] {processor.py:830} INFO - Processing file /home/airflow/.local/lib/python3.8/site-packages/airflow/example_dags/example_short_circuit_decorator.py for tasks to queue
[2024-01-09T07:39:15.693+0000] {logging_mixin.py:188} INFO - [2024-01-09T07:39:15.693+0000] {dagbag.py:538} INFO - Filling up the DagBag from /home/airflow/.local/lib/python3.8/site-packages/airflow/example_dags/example_short_circuit_decorator.py
[2024-01-09T07:39:15.701+0000] {processor.py:840} INFO - DAG(s) 'example_short_circuit_decorator' retrieved from /home/airflow/.local/lib/python3.8/site-packages/airflow/example_dags/example_short_circuit_decorator.py
[2024-01-09T07:39:15.722+0000] {logging_mixin.py:188} INFO - [2024-01-09T07:39:15.721+0000] {dag.py:3033} INFO - Sync 1 DAGs
[2024-01-09T07:39:15.742+0000] {logging_mixin.py:188} INFO - [2024-01-09T07:39:15.741+0000] {dag.py:3820} INFO - Setting next_dagrun for example_short_circuit_decorator to 2024-01-08T00:00:00+00:00, run_after=2024-01-09T00:00:00+00:00
[2024-01-09T07:39:15.757+0000] {processor.py:183} INFO - Processing /home/airflow/.local/lib/python3.8/site-packages/airflow/example_dags/example_short_circuit_decorator.py took 0.071 seconds
[2024-01-09T07:39:46.114+0000] {processor.py:161} INFO - Started process (PID=540) to work on /home/airflow/.local/lib/python3.8/site-packages/airflow/example_dags/example_short_circuit_decorator.py
[2024-01-09T07:39:46.114+0000] {processor.py:830} INFO - Processing file /home/airflow/.local/lib/python3.8/site-packages/airflow/example_dags/example_short_circuit_decorator.py for tasks to queue
[2024-01-09T07:39:46.116+0000] {logging_mixin.py:188} INFO - [2024-01-09T07:39:46.116+0000] {dagbag.py:538} INFO - Filling up the DagBag from /home/airflow/.local/lib/python3.8/site-packages/airflow/example_dags/example_short_circuit_decorator.py
[2024-01-09T07:39:46.124+0000] {processor.py:840} INFO - DAG(s) 'example_short_circuit_decorator' retrieved from /home/airflow/.local/lib/python3.8/site-packages/airflow/example_dags/example_short_circuit_decorator.py
[2024-01-09T07:39:46.143+0000] {logging_mixin.py:188} INFO - [2024-01-09T07:39:46.142+0000] {dag.py:3033} INFO - Sync 1 DAGs
[2024-01-09T07:39:46.160+0000] {logging_mixin.py:188} INFO - [2024-01-09T07:39:46.160+0000] {dag.py:3820} INFO - Setting next_dagrun for example_short_circuit_decorator to 2024-01-08T00:00:00+00:00, run_after=2024-01-09T00:00:00+00:00
[2024-01-09T07:39:46.173+0000] {processor.py:183} INFO - Processing /home/airflow/.local/lib/python3.8/site-packages/airflow/example_dags/example_short_circuit_decorator.py took 0.063 seconds
[2024-01-09T07:40:16.588+0000] {processor.py:161} INFO - Started process (PID=595) to work on /home/airflow/.local/lib/python3.8/site-packages/airflow/example_dags/example_short_circuit_decorator.py
[2024-01-09T07:40:16.589+0000] {processor.py:830} INFO - Processing file /home/airflow/.local/lib/python3.8/site-packages/airflow/example_dags/example_short_circuit_decorator.py for tasks to queue
[2024-01-09T07:40:16.591+0000] {logging_mixin.py:188} INFO - [2024-01-09T07:40:16.591+0000] {dagbag.py:538} INFO - Filling up the DagBag from /home/airflow/.local/lib/python3.8/site-packages/airflow/example_dags/example_short_circuit_decorator.py
[2024-01-09T07:40:16.600+0000] {processor.py:840} INFO - DAG(s) 'example_short_circuit_decorator' retrieved from /home/airflow/.local/lib/python3.8/site-packages/airflow/example_dags/example_short_circuit_decorator.py
[2024-01-09T07:40:16.621+0000] {logging_mixin.py:188} INFO - [2024-01-09T07:40:16.621+0000] {dag.py:3033} INFO - Sync 1 DAGs
[2024-01-09T07:40:16.640+0000] {logging_mixin.py:188} INFO - [2024-01-09T07:40:16.640+0000] {dag.py:3820} INFO - Setting next_dagrun for example_short_circuit_decorator to 2024-01-08T00:00:00+00:00, run_after=2024-01-09T00:00:00+00:00
[2024-01-09T07:40:16.657+0000] {processor.py:183} INFO - Processing /home/airflow/.local/lib/python3.8/site-packages/airflow/example_dags/example_short_circuit_decorator.py took 0.072 seconds
[2024-01-09T07:40:47.290+0000] {processor.py:161} INFO - Started process (PID=650) to work on /home/airflow/.local/lib/python3.8/site-packages/airflow/example_dags/example_short_circuit_decorator.py
[2024-01-09T07:40:47.291+0000] {processor.py:830} INFO - Processing file /home/airflow/.local/lib/python3.8/site-packages/airflow/example_dags/example_short_circuit_decorator.py for tasks to queue
[2024-01-09T07:40:47.293+0000] {logging_mixin.py:188} INFO - [2024-01-09T07:40:47.293+0000] {dagbag.py:538} INFO - Filling up the DagBag from /home/airflow/.local/lib/python3.8/site-packages/airflow/example_dags/example_short_circuit_decorator.py
[2024-01-09T07:40:47.302+0000] {processor.py:840} INFO - DAG(s) 'example_short_circuit_decorator' retrieved from /home/airflow/.local/lib/python3.8/site-packages/airflow/example_dags/example_short_circuit_decorator.py
[2024-01-09T07:40:47.323+0000] {logging_mixin.py:188} INFO - [2024-01-09T07:40:47.323+0000] {dag.py:3033} INFO - Sync 1 DAGs
[2024-01-09T07:40:47.341+0000] {logging_mixin.py:188} INFO - [2024-01-09T07:40:47.340+0000] {dag.py:3820} INFO - Setting next_dagrun for example_short_circuit_decorator to 2024-01-08T00:00:00+00:00, run_after=2024-01-09T00:00:00+00:00
[2024-01-09T07:40:47.356+0000] {processor.py:183} INFO - Processing /home/airflow/.local/lib/python3.8/site-packages/airflow/example_dags/example_short_circuit_decorator.py took 0.070 seconds
[2024-01-09T07:41:17.659+0000] {processor.py:161} INFO - Started process (PID=705) to work on /home/airflow/.local/lib/python3.8/site-packages/airflow/example_dags/example_short_circuit_decorator.py
[2024-01-09T07:41:17.661+0000] {processor.py:830} INFO - Processing file /home/airflow/.local/lib/python3.8/site-packages/airflow/example_dags/example_short_circuit_decorator.py for tasks to queue
[2024-01-09T07:41:17.664+0000] {logging_mixin.py:188} INFO - [2024-01-09T07:41:17.664+0000] {dagbag.py:538} INFO - Filling up the DagBag from /home/airflow/.local/lib/python3.8/site-packages/airflow/example_dags/example_short_circuit_decorator.py
[2024-01-09T07:41:17.676+0000] {processor.py:840} INFO - DAG(s) 'example_short_circuit_decorator' retrieved from /home/airflow/.local/lib/python3.8/site-packages/airflow/example_dags/example_short_circuit_decorator.py
[2024-01-09T07:41:17.704+0000] {logging_mixin.py:188} INFO - [2024-01-09T07:41:17.704+0000] {dag.py:3033} INFO - Sync 1 DAGs
[2024-01-09T07:41:17.728+0000] {logging_mixin.py:188} INFO - [2024-01-09T07:41:17.727+0000] {dag.py:3820} INFO - Setting next_dagrun for example_short_circuit_decorator to 2024-01-08T00:00:00+00:00, run_after=2024-01-09T00:00:00+00:00
[2024-01-09T07:41:17.751+0000] {processor.py:183} INFO - Processing /home/airflow/.local/lib/python3.8/site-packages/airflow/example_dags/example_short_circuit_decorator.py took 0.096 seconds
[2024-01-09T07:41:47.895+0000] {processor.py:161} INFO - Started process (PID=760) to work on /home/airflow/.local/lib/python3.8/site-packages/airflow/example_dags/example_short_circuit_decorator.py
[2024-01-09T07:41:47.897+0000] {processor.py:830} INFO - Processing file /home/airflow/.local/lib/python3.8/site-packages/airflow/example_dags/example_short_circuit_decorator.py for tasks to queue
[2024-01-09T07:41:47.899+0000] {logging_mixin.py:188} INFO - [2024-01-09T07:41:47.898+0000] {dagbag.py:538} INFO - Filling up the DagBag from /home/airflow/.local/lib/python3.8/site-packages/airflow/example_dags/example_short_circuit_decorator.py
[2024-01-09T07:41:47.907+0000] {processor.py:840} INFO - DAG(s) 'example_short_circuit_decorator' retrieved from /home/airflow/.local/lib/python3.8/site-packages/airflow/example_dags/example_short_circuit_decorator.py
[2024-01-09T07:41:47.927+0000] {logging_mixin.py:188} INFO - [2024-01-09T07:41:47.927+0000] {dag.py:3033} INFO - Sync 1 DAGs
[2024-01-09T07:41:47.945+0000] {logging_mixin.py:188} INFO - [2024-01-09T07:41:47.945+0000] {dag.py:3820} INFO - Setting next_dagrun for example_short_circuit_decorator to 2024-01-08T00:00:00+00:00, run_after=2024-01-09T00:00:00+00:00
[2024-01-09T07:41:47.960+0000] {processor.py:183} INFO - Processing /home/airflow/.local/lib/python3.8/site-packages/airflow/example_dags/example_short_circuit_decorator.py took 0.068 seconds
[2024-01-09T07:42:18.307+0000] {processor.py:161} INFO - Started process (PID=815) to work on /home/airflow/.local/lib/python3.8/site-packages/airflow/example_dags/example_short_circuit_decorator.py
[2024-01-09T07:42:18.308+0000] {processor.py:830} INFO - Processing file /home/airflow/.local/lib/python3.8/site-packages/airflow/example_dags/example_short_circuit_decorator.py for tasks to queue
[2024-01-09T07:42:18.310+0000] {logging_mixin.py:188} INFO - [2024-01-09T07:42:18.310+0000] {dagbag.py:538} INFO - Filling up the DagBag from /home/airflow/.local/lib/python3.8/site-packages/airflow/example_dags/example_short_circuit_decorator.py
[2024-01-09T07:42:18.319+0000] {processor.py:840} INFO - DAG(s) 'example_short_circuit_decorator' retrieved from /home/airflow/.local/lib/python3.8/site-packages/airflow/example_dags/example_short_circuit_decorator.py
[2024-01-09T07:42:18.340+0000] {logging_mixin.py:188} INFO - [2024-01-09T07:42:18.340+0000] {dag.py:3033} INFO - Sync 1 DAGs
[2024-01-09T07:42:18.358+0000] {logging_mixin.py:188} INFO - [2024-01-09T07:42:18.358+0000] {dag.py:3820} INFO - Setting next_dagrun for example_short_circuit_decorator to 2024-01-08T00:00:00+00:00, run_after=2024-01-09T00:00:00+00:00
[2024-01-09T07:42:18.373+0000] {processor.py:183} INFO - Processing /home/airflow/.local/lib/python3.8/site-packages/airflow/example_dags/example_short_circuit_decorator.py took 0.069 seconds
[2024-01-09T07:42:49.189+0000] {processor.py:161} INFO - Started process (PID=870) to work on /home/airflow/.local/lib/python3.8/site-packages/airflow/example_dags/example_short_circuit_decorator.py
[2024-01-09T07:42:49.190+0000] {processor.py:830} INFO - Processing file /home/airflow/.local/lib/python3.8/site-packages/airflow/example_dags/example_short_circuit_decorator.py for tasks to queue
[2024-01-09T07:42:49.193+0000] {logging_mixin.py:188} INFO - [2024-01-09T07:42:49.193+0000] {dagbag.py:538} INFO - Filling up the DagBag from /home/airflow/.local/lib/python3.8/site-packages/airflow/example_dags/example_short_circuit_decorator.py
[2024-01-09T07:42:49.204+0000] {processor.py:840} INFO - DAG(s) 'example_short_circuit_decorator' retrieved from /home/airflow/.local/lib/python3.8/site-packages/airflow/example_dags/example_short_circuit_decorator.py
[2024-01-09T07:42:49.239+0000] {logging_mixin.py:188} INFO - [2024-01-09T07:42:49.238+0000] {dag.py:3033} INFO - Sync 1 DAGs
[2024-01-09T07:42:49.269+0000] {logging_mixin.py:188} INFO - [2024-01-09T07:42:49.268+0000] {dag.py:3820} INFO - Setting next_dagrun for example_short_circuit_decorator to 2024-01-08T00:00:00+00:00, run_after=2024-01-09T00:00:00+00:00
[2024-01-09T07:42:49.297+0000] {processor.py:183} INFO - Processing /home/airflow/.local/lib/python3.8/site-packages/airflow/example_dags/example_short_circuit_decorator.py took 0.112 seconds
[2024-01-09T07:43:19.321+0000] {processor.py:161} INFO - Started process (PID=925) to work on /home/airflow/.local/lib/python3.8/site-packages/airflow/example_dags/example_short_circuit_decorator.py
[2024-01-09T07:43:19.322+0000] {processor.py:830} INFO - Processing file /home/airflow/.local/lib/python3.8/site-packages/airflow/example_dags/example_short_circuit_decorator.py for tasks to queue
[2024-01-09T07:43:19.324+0000] {logging_mixin.py:188} INFO - [2024-01-09T07:43:19.323+0000] {dagbag.py:538} INFO - Filling up the DagBag from /home/airflow/.local/lib/python3.8/site-packages/airflow/example_dags/example_short_circuit_decorator.py
[2024-01-09T07:43:19.332+0000] {processor.py:840} INFO - DAG(s) 'example_short_circuit_decorator' retrieved from /home/airflow/.local/lib/python3.8/site-packages/airflow/example_dags/example_short_circuit_decorator.py
[2024-01-09T07:43:19.350+0000] {logging_mixin.py:188} INFO - [2024-01-09T07:43:19.350+0000] {dag.py:3033} INFO - Sync 1 DAGs
[2024-01-09T07:43:19.367+0000] {logging_mixin.py:188} INFO - [2024-01-09T07:43:19.367+0000] {dag.py:3820} INFO - Setting next_dagrun for example_short_circuit_decorator to 2024-01-08T00:00:00+00:00, run_after=2024-01-09T00:00:00+00:00
[2024-01-09T07:43:19.379+0000] {processor.py:183} INFO - Processing /home/airflow/.local/lib/python3.8/site-packages/airflow/example_dags/example_short_circuit_decorator.py took 0.061 seconds
[2024-01-09T07:43:50.067+0000] {processor.py:161} INFO - Started process (PID=980) to work on /home/airflow/.local/lib/python3.8/site-packages/airflow/example_dags/example_short_circuit_decorator.py
[2024-01-09T07:43:50.068+0000] {processor.py:830} INFO - Processing file /home/airflow/.local/lib/python3.8/site-packages/airflow/example_dags/example_short_circuit_decorator.py for tasks to queue
[2024-01-09T07:43:50.070+0000] {logging_mixin.py:188} INFO - [2024-01-09T07:43:50.069+0000] {dagbag.py:538} INFO - Filling up the DagBag from /home/airflow/.local/lib/python3.8/site-packages/airflow/example_dags/example_short_circuit_decorator.py
[2024-01-09T07:43:50.077+0000] {processor.py:840} INFO - DAG(s) 'example_short_circuit_decorator' retrieved from /home/airflow/.local/lib/python3.8/site-packages/airflow/example_dags/example_short_circuit_decorator.py
[2024-01-09T07:43:50.095+0000] {logging_mixin.py:188} INFO - [2024-01-09T07:43:50.095+0000] {dag.py:3033} INFO - Sync 1 DAGs
[2024-01-09T07:43:50.111+0000] {logging_mixin.py:188} INFO - [2024-01-09T07:43:50.111+0000] {dag.py:3820} INFO - Setting next_dagrun for example_short_circuit_decorator to 2024-01-08T00:00:00+00:00, run_after=2024-01-09T00:00:00+00:00
[2024-01-09T07:43:50.124+0000] {processor.py:183} INFO - Processing /home/airflow/.local/lib/python3.8/site-packages/airflow/example_dags/example_short_circuit_decorator.py took 0.060 seconds
[2024-01-09T07:44:20.278+0000] {processor.py:161} INFO - Started process (PID=1034) to work on /home/airflow/.local/lib/python3.8/site-packages/airflow/example_dags/example_short_circuit_decorator.py
[2024-01-09T07:44:20.279+0000] {processor.py:830} INFO - Processing file /home/airflow/.local/lib/python3.8/site-packages/airflow/example_dags/example_short_circuit_decorator.py for tasks to queue
[2024-01-09T07:44:20.281+0000] {logging_mixin.py:188} INFO - [2024-01-09T07:44:20.281+0000] {dagbag.py:538} INFO - Filling up the DagBag from /home/airflow/.local/lib/python3.8/site-packages/airflow/example_dags/example_short_circuit_decorator.py
[2024-01-09T07:44:20.288+0000] {processor.py:840} INFO - DAG(s) 'example_short_circuit_decorator' retrieved from /home/airflow/.local/lib/python3.8/site-packages/airflow/example_dags/example_short_circuit_decorator.py
[2024-01-09T07:44:20.306+0000] {logging_mixin.py:188} INFO - [2024-01-09T07:44:20.306+0000] {dag.py:3033} INFO - Sync 1 DAGs
[2024-01-09T07:44:20.322+0000] {logging_mixin.py:188} INFO - [2024-01-09T07:44:20.322+0000] {dag.py:3820} INFO - Setting next_dagrun for example_short_circuit_decorator to 2024-01-08T00:00:00+00:00, run_after=2024-01-09T00:00:00+00:00
[2024-01-09T07:44:20.334+0000] {processor.py:183} INFO - Processing /home/airflow/.local/lib/python3.8/site-packages/airflow/example_dags/example_short_circuit_decorator.py took 0.059 seconds
[2024-01-09T07:44:50.576+0000] {processor.py:161} INFO - Started process (PID=1089) to work on /home/airflow/.local/lib/python3.8/site-packages/airflow/example_dags/example_short_circuit_decorator.py
[2024-01-09T07:44:50.577+0000] {processor.py:830} INFO - Processing file /home/airflow/.local/lib/python3.8/site-packages/airflow/example_dags/example_short_circuit_decorator.py for tasks to queue
[2024-01-09T07:44:50.579+0000] {logging_mixin.py:188} INFO - [2024-01-09T07:44:50.579+0000] {dagbag.py:538} INFO - Filling up the DagBag from /home/airflow/.local/lib/python3.8/site-packages/airflow/example_dags/example_short_circuit_decorator.py
[2024-01-09T07:44:50.586+0000] {processor.py:840} INFO - DAG(s) 'example_short_circuit_decorator' retrieved from /home/airflow/.local/lib/python3.8/site-packages/airflow/example_dags/example_short_circuit_decorator.py
[2024-01-09T07:44:50.604+0000] {logging_mixin.py:188} INFO - [2024-01-09T07:44:50.604+0000] {dag.py:3033} INFO - Sync 1 DAGs
[2024-01-09T07:44:50.620+0000] {logging_mixin.py:188} INFO - [2024-01-09T07:44:50.620+0000] {dag.py:3820} INFO - Setting next_dagrun for example_short_circuit_decorator to 2024-01-08T00:00:00+00:00, run_after=2024-01-09T00:00:00+00:00
[2024-01-09T07:44:50.632+0000] {processor.py:183} INFO - Processing /home/airflow/.local/lib/python3.8/site-packages/airflow/example_dags/example_short_circuit_decorator.py took 0.059 seconds
[2024-01-09T07:45:20.868+0000] {processor.py:161} INFO - Started process (PID=1143) to work on /home/airflow/.local/lib/python3.8/site-packages/airflow/example_dags/example_short_circuit_decorator.py
[2024-01-09T07:45:20.869+0000] {processor.py:830} INFO - Processing file /home/airflow/.local/lib/python3.8/site-packages/airflow/example_dags/example_short_circuit_decorator.py for tasks to queue
[2024-01-09T07:45:20.871+0000] {logging_mixin.py:188} INFO - [2024-01-09T07:45:20.871+0000] {dagbag.py:538} INFO - Filling up the DagBag from /home/airflow/.local/lib/python3.8/site-packages/airflow/example_dags/example_short_circuit_decorator.py
[2024-01-09T07:45:20.880+0000] {processor.py:840} INFO - DAG(s) 'example_short_circuit_decorator' retrieved from /home/airflow/.local/lib/python3.8/site-packages/airflow/example_dags/example_short_circuit_decorator.py
[2024-01-09T07:45:20.903+0000] {logging_mixin.py:188} INFO - [2024-01-09T07:45:20.903+0000] {dag.py:3033} INFO - Sync 1 DAGs
[2024-01-09T07:45:20.925+0000] {logging_mixin.py:188} INFO - [2024-01-09T07:45:20.924+0000] {dag.py:3820} INFO - Setting next_dagrun for example_short_circuit_decorator to 2024-01-08T00:00:00+00:00, run_after=2024-01-09T00:00:00+00:00
[2024-01-09T07:45:20.942+0000] {processor.py:183} INFO - Processing /home/airflow/.local/lib/python3.8/site-packages/airflow/example_dags/example_short_circuit_decorator.py took 0.077 seconds
[2024-01-09T07:45:51.317+0000] {processor.py:161} INFO - Started process (PID=1198) to work on /home/airflow/.local/lib/python3.8/site-packages/airflow/example_dags/example_short_circuit_decorator.py
[2024-01-09T07:45:51.318+0000] {processor.py:830} INFO - Processing file /home/airflow/.local/lib/python3.8/site-packages/airflow/example_dags/example_short_circuit_decorator.py for tasks to queue
[2024-01-09T07:45:51.320+0000] {logging_mixin.py:188} INFO - [2024-01-09T07:45:51.320+0000] {dagbag.py:538} INFO - Filling up the DagBag from /home/airflow/.local/lib/python3.8/site-packages/airflow/example_dags/example_short_circuit_decorator.py
[2024-01-09T07:45:51.328+0000] {processor.py:840} INFO - DAG(s) 'example_short_circuit_decorator' retrieved from /home/airflow/.local/lib/python3.8/site-packages/airflow/example_dags/example_short_circuit_decorator.py
[2024-01-09T07:45:51.346+0000] {logging_mixin.py:188} INFO - [2024-01-09T07:45:51.346+0000] {dag.py:3033} INFO - Sync 1 DAGs
[2024-01-09T07:45:51.362+0000] {logging_mixin.py:188} INFO - [2024-01-09T07:45:51.362+0000] {dag.py:3820} INFO - Setting next_dagrun for example_short_circuit_decorator to 2024-01-08T00:00:00+00:00, run_after=2024-01-09T00:00:00+00:00
[2024-01-09T07:45:51.375+0000] {processor.py:183} INFO - Processing /home/airflow/.local/lib/python3.8/site-packages/airflow/example_dags/example_short_circuit_decorator.py took 0.061 seconds
[2024-01-09T07:46:21.620+0000] {processor.py:161} INFO - Started process (PID=1253) to work on /home/airflow/.local/lib/python3.8/site-packages/airflow/example_dags/example_short_circuit_decorator.py
[2024-01-09T07:46:21.621+0000] {processor.py:830} INFO - Processing file /home/airflow/.local/lib/python3.8/site-packages/airflow/example_dags/example_short_circuit_decorator.py for tasks to queue
[2024-01-09T07:46:21.623+0000] {logging_mixin.py:188} INFO - [2024-01-09T07:46:21.622+0000] {dagbag.py:538} INFO - Filling up the DagBag from /home/airflow/.local/lib/python3.8/site-packages/airflow/example_dags/example_short_circuit_decorator.py
[2024-01-09T07:46:21.630+0000] {processor.py:840} INFO - DAG(s) 'example_short_circuit_decorator' retrieved from /home/airflow/.local/lib/python3.8/site-packages/airflow/example_dags/example_short_circuit_decorator.py
[2024-01-09T07:46:21.647+0000] {logging_mixin.py:188} INFO - [2024-01-09T07:46:21.647+0000] {dag.py:3033} INFO - Sync 1 DAGs
[2024-01-09T07:46:21.662+0000] {logging_mixin.py:188} INFO - [2024-01-09T07:46:21.662+0000] {dag.py:3820} INFO - Setting next_dagrun for example_short_circuit_decorator to 2024-01-08T00:00:00+00:00, run_after=2024-01-09T00:00:00+00:00
[2024-01-09T07:46:21.674+0000] {processor.py:183} INFO - Processing /home/airflow/.local/lib/python3.8/site-packages/airflow/example_dags/example_short_circuit_decorator.py took 0.057 seconds
[2024-01-09T07:46:52.045+0000] {processor.py:161} INFO - Started process (PID=1308) to work on /home/airflow/.local/lib/python3.8/site-packages/airflow/example_dags/example_short_circuit_decorator.py
[2024-01-09T07:46:52.046+0000] {processor.py:830} INFO - Processing file /home/airflow/.local/lib/python3.8/site-packages/airflow/example_dags/example_short_circuit_decorator.py for tasks to queue
[2024-01-09T07:46:52.048+0000] {logging_mixin.py:188} INFO - [2024-01-09T07:46:52.048+0000] {dagbag.py:538} INFO - Filling up the DagBag from /home/airflow/.local/lib/python3.8/site-packages/airflow/example_dags/example_short_circuit_decorator.py
[2024-01-09T07:46:52.056+0000] {processor.py:840} INFO - DAG(s) 'example_short_circuit_decorator' retrieved from /home/airflow/.local/lib/python3.8/site-packages/airflow/example_dags/example_short_circuit_decorator.py
[2024-01-09T07:46:52.077+0000] {logging_mixin.py:188} INFO - [2024-01-09T07:46:52.077+0000] {dag.py:3033} INFO - Sync 1 DAGs
[2024-01-09T07:46:52.097+0000] {logging_mixin.py:188} INFO - [2024-01-09T07:46:52.097+0000] {dag.py:3820} INFO - Setting next_dagrun for example_short_circuit_decorator to 2024-01-08T00:00:00+00:00, run_after=2024-01-09T00:00:00+00:00
[2024-01-09T07:46:52.113+0000] {processor.py:183} INFO - Processing /home/airflow/.local/lib/python3.8/site-packages/airflow/example_dags/example_short_circuit_decorator.py took 0.070 seconds
[2024-01-09T07:47:22.415+0000] {processor.py:161} INFO - Started process (PID=1363) to work on /home/airflow/.local/lib/python3.8/site-packages/airflow/example_dags/example_short_circuit_decorator.py
[2024-01-09T07:47:22.416+0000] {processor.py:830} INFO - Processing file /home/airflow/.local/lib/python3.8/site-packages/airflow/example_dags/example_short_circuit_decorator.py for tasks to queue
[2024-01-09T07:47:22.418+0000] {logging_mixin.py:188} INFO - [2024-01-09T07:47:22.417+0000] {dagbag.py:538} INFO - Filling up the DagBag from /home/airflow/.local/lib/python3.8/site-packages/airflow/example_dags/example_short_circuit_decorator.py
[2024-01-09T07:47:22.425+0000] {processor.py:840} INFO - DAG(s) 'example_short_circuit_decorator' retrieved from /home/airflow/.local/lib/python3.8/site-packages/airflow/example_dags/example_short_circuit_decorator.py
[2024-01-09T07:47:22.442+0000] {logging_mixin.py:188} INFO - [2024-01-09T07:47:22.442+0000] {dag.py:3033} INFO - Sync 1 DAGs
[2024-01-09T07:47:22.457+0000] {logging_mixin.py:188} INFO - [2024-01-09T07:47:22.457+0000] {dag.py:3820} INFO - Setting next_dagrun for example_short_circuit_decorator to 2024-01-08T00:00:00+00:00, run_after=2024-01-09T00:00:00+00:00
[2024-01-09T07:47:22.470+0000] {processor.py:183} INFO - Processing /home/airflow/.local/lib/python3.8/site-packages/airflow/example_dags/example_short_circuit_decorator.py took 0.058 seconds
[2024-01-09T07:47:52.627+0000] {processor.py:161} INFO - Started process (PID=1418) to work on /home/airflow/.local/lib/python3.8/site-packages/airflow/example_dags/example_short_circuit_decorator.py
[2024-01-09T07:47:52.628+0000] {processor.py:830} INFO - Processing file /home/airflow/.local/lib/python3.8/site-packages/airflow/example_dags/example_short_circuit_decorator.py for tasks to queue
[2024-01-09T07:47:52.630+0000] {logging_mixin.py:188} INFO - [2024-01-09T07:47:52.630+0000] {dagbag.py:538} INFO - Filling up the DagBag from /home/airflow/.local/lib/python3.8/site-packages/airflow/example_dags/example_short_circuit_decorator.py
[2024-01-09T07:47:52.638+0000] {processor.py:840} INFO - DAG(s) 'example_short_circuit_decorator' retrieved from /home/airflow/.local/lib/python3.8/site-packages/airflow/example_dags/example_short_circuit_decorator.py
[2024-01-09T07:47:52.659+0000] {logging_mixin.py:188} INFO - [2024-01-09T07:47:52.659+0000] {dag.py:3033} INFO - Sync 1 DAGs
[2024-01-09T07:47:52.677+0000] {logging_mixin.py:188} INFO - [2024-01-09T07:47:52.677+0000] {dag.py:3820} INFO - Setting next_dagrun for example_short_circuit_decorator to 2024-01-08T00:00:00+00:00, run_after=2024-01-09T00:00:00+00:00
[2024-01-09T07:47:52.691+0000] {processor.py:183} INFO - Processing /home/airflow/.local/lib/python3.8/site-packages/airflow/example_dags/example_short_circuit_decorator.py took 0.068 seconds
[2024-01-09T07:48:22.880+0000] {processor.py:161} INFO - Started process (PID=1473) to work on /home/airflow/.local/lib/python3.8/site-packages/airflow/example_dags/example_short_circuit_decorator.py
[2024-01-09T07:48:22.881+0000] {processor.py:830} INFO - Processing file /home/airflow/.local/lib/python3.8/site-packages/airflow/example_dags/example_short_circuit_decorator.py for tasks to queue
[2024-01-09T07:48:22.883+0000] {logging_mixin.py:188} INFO - [2024-01-09T07:48:22.883+0000] {dagbag.py:538} INFO - Filling up the DagBag from /home/airflow/.local/lib/python3.8/site-packages/airflow/example_dags/example_short_circuit_decorator.py
[2024-01-09T07:48:22.891+0000] {processor.py:840} INFO - DAG(s) 'example_short_circuit_decorator' retrieved from /home/airflow/.local/lib/python3.8/site-packages/airflow/example_dags/example_short_circuit_decorator.py
[2024-01-09T07:48:22.911+0000] {logging_mixin.py:188} INFO - [2024-01-09T07:48:22.911+0000] {dag.py:3033} INFO - Sync 1 DAGs
[2024-01-09T07:48:22.930+0000] {logging_mixin.py:188} INFO - [2024-01-09T07:48:22.930+0000] {dag.py:3820} INFO - Setting next_dagrun for example_short_circuit_decorator to 2024-01-08T00:00:00+00:00, run_after=2024-01-09T00:00:00+00:00
[2024-01-09T07:48:22.945+0000] {processor.py:183} INFO - Processing /home/airflow/.local/lib/python3.8/site-packages/airflow/example_dags/example_short_circuit_decorator.py took 0.069 seconds
[2024-01-09T07:48:53.553+0000] {processor.py:161} INFO - Started process (PID=1528) to work on /home/airflow/.local/lib/python3.8/site-packages/airflow/example_dags/example_short_circuit_decorator.py
[2024-01-09T07:48:53.554+0000] {processor.py:830} INFO - Processing file /home/airflow/.local/lib/python3.8/site-packages/airflow/example_dags/example_short_circuit_decorator.py for tasks to queue
[2024-01-09T07:48:53.556+0000] {logging_mixin.py:188} INFO - [2024-01-09T07:48:53.556+0000] {dagbag.py:538} INFO - Filling up the DagBag from /home/airflow/.local/lib/python3.8/site-packages/airflow/example_dags/example_short_circuit_decorator.py
[2024-01-09T07:48:53.564+0000] {processor.py:840} INFO - DAG(s) 'example_short_circuit_decorator' retrieved from /home/airflow/.local/lib/python3.8/site-packages/airflow/example_dags/example_short_circuit_decorator.py
[2024-01-09T07:48:53.583+0000] {logging_mixin.py:188} INFO - [2024-01-09T07:48:53.582+0000] {dag.py:3033} INFO - Sync 1 DAGs
[2024-01-09T07:48:53.600+0000] {logging_mixin.py:188} INFO - [2024-01-09T07:48:53.600+0000] {dag.py:3820} INFO - Setting next_dagrun for example_short_circuit_decorator to 2024-01-08T00:00:00+00:00, run_after=2024-01-09T00:00:00+00:00
[2024-01-09T07:48:53.614+0000] {processor.py:183} INFO - Processing /home/airflow/.local/lib/python3.8/site-packages/airflow/example_dags/example_short_circuit_decorator.py took 0.064 seconds
[2024-01-09T07:49:23.929+0000] {processor.py:161} INFO - Started process (PID=1583) to work on /home/airflow/.local/lib/python3.8/site-packages/airflow/example_dags/example_short_circuit_decorator.py
[2024-01-09T07:49:23.930+0000] {processor.py:830} INFO - Processing file /home/airflow/.local/lib/python3.8/site-packages/airflow/example_dags/example_short_circuit_decorator.py for tasks to queue
[2024-01-09T07:49:23.932+0000] {logging_mixin.py:188} INFO - [2024-01-09T07:49:23.932+0000] {dagbag.py:538} INFO - Filling up the DagBag from /home/airflow/.local/lib/python3.8/site-packages/airflow/example_dags/example_short_circuit_decorator.py
[2024-01-09T07:49:23.940+0000] {processor.py:840} INFO - DAG(s) 'example_short_circuit_decorator' retrieved from /home/airflow/.local/lib/python3.8/site-packages/airflow/example_dags/example_short_circuit_decorator.py
[2024-01-09T07:49:23.960+0000] {logging_mixin.py:188} INFO - [2024-01-09T07:49:23.960+0000] {dag.py:3033} INFO - Sync 1 DAGs
[2024-01-09T07:49:23.979+0000] {logging_mixin.py:188} INFO - [2024-01-09T07:49:23.979+0000] {dag.py:3820} INFO - Setting next_dagrun for example_short_circuit_decorator to 2024-01-08T00:00:00+00:00, run_after=2024-01-09T00:00:00+00:00
[2024-01-09T07:49:23.994+0000] {processor.py:183} INFO - Processing /home/airflow/.local/lib/python3.8/site-packages/airflow/example_dags/example_short_circuit_decorator.py took 0.068 seconds
