[2024-01-09T07:35:13.797+0000] {processor.py:161} INFO - Started process (PID=65) to work on /home/airflow/.local/lib/python3.8/site-packages/airflow/example_dags/example_sensor_decorator.py
[2024-01-09T07:35:13.799+0000] {processor.py:830} INFO - Processing file /home/airflow/.local/lib/python3.8/site-packages/airflow/example_dags/example_sensor_decorator.py for tasks to queue
[2024-01-09T07:35:13.803+0000] {logging_mixin.py:188} INFO - [2024-01-09T07:35:13.802+0000] {dagbag.py:538} INFO - Filling up the DagBag from /home/airflow/.local/lib/python3.8/site-packages/airflow/example_dags/example_sensor_decorator.py
[2024-01-09T07:35:13.817+0000] {processor.py:840} INFO - DAG(s) 'example_sensor_decorator' retrieved from /home/airflow/.local/lib/python3.8/site-packages/airflow/example_dags/example_sensor_decorator.py
[2024-01-09T07:35:13.838+0000] {logging_mixin.py:188} INFO - [2024-01-09T07:35:13.838+0000] {dag.py:3033} INFO - Sync 1 DAGs
[2024-01-09T07:35:13.856+0000] {logging_mixin.py:188} INFO - [2024-01-09T07:35:13.856+0000] {dag.py:3820} INFO - Setting next_dagrun for example_sensor_decorator to None, run_after=None
[2024-01-09T07:35:13.883+0000] {processor.py:183} INFO - Processing /home/airflow/.local/lib/python3.8/site-packages/airflow/example_dags/example_sensor_decorator.py took 0.090 seconds
[2024-01-09T07:35:44.489+0000] {processor.py:161} INFO - Started process (PID=120) to work on /home/airflow/.local/lib/python3.8/site-packages/airflow/example_dags/example_sensor_decorator.py
[2024-01-09T07:35:44.490+0000] {processor.py:830} INFO - Processing file /home/airflow/.local/lib/python3.8/site-packages/airflow/example_dags/example_sensor_decorator.py for tasks to queue
[2024-01-09T07:35:44.493+0000] {logging_mixin.py:188} INFO - [2024-01-09T07:35:44.492+0000] {dagbag.py:538} INFO - Filling up the DagBag from /home/airflow/.local/lib/python3.8/site-packages/airflow/example_dags/example_sensor_decorator.py
[2024-01-09T07:35:44.499+0000] {processor.py:840} INFO - DAG(s) 'example_sensor_decorator' retrieved from /home/airflow/.local/lib/python3.8/site-packages/airflow/example_dags/example_sensor_decorator.py
[2024-01-09T07:35:44.593+0000] {logging_mixin.py:188} INFO - [2024-01-09T07:35:44.593+0000] {dag.py:3033} INFO - Sync 1 DAGs
[2024-01-09T07:35:44.602+0000] {logging_mixin.py:188} INFO - [2024-01-09T07:35:44.602+0000] {dag.py:3820} INFO - Setting next_dagrun for example_sensor_decorator to None, run_after=None
[2024-01-09T07:35:44.619+0000] {processor.py:183} INFO - Processing /home/airflow/.local/lib/python3.8/site-packages/airflow/example_dags/example_sensor_decorator.py took 0.134 seconds
[2024-01-09T07:36:15.226+0000] {processor.py:161} INFO - Started process (PID=175) to work on /home/airflow/.local/lib/python3.8/site-packages/airflow/example_dags/example_sensor_decorator.py
[2024-01-09T07:36:15.227+0000] {processor.py:830} INFO - Processing file /home/airflow/.local/lib/python3.8/site-packages/airflow/example_dags/example_sensor_decorator.py for tasks to queue
[2024-01-09T07:36:15.229+0000] {logging_mixin.py:188} INFO - [2024-01-09T07:36:15.229+0000] {dagbag.py:538} INFO - Filling up the DagBag from /home/airflow/.local/lib/python3.8/site-packages/airflow/example_dags/example_sensor_decorator.py
[2024-01-09T07:36:15.234+0000] {processor.py:840} INFO - DAG(s) 'example_sensor_decorator' retrieved from /home/airflow/.local/lib/python3.8/site-packages/airflow/example_dags/example_sensor_decorator.py
[2024-01-09T07:36:15.249+0000] {logging_mixin.py:188} INFO - [2024-01-09T07:36:15.249+0000] {dag.py:3033} INFO - Sync 1 DAGs
[2024-01-09T07:36:15.258+0000] {logging_mixin.py:188} INFO - [2024-01-09T07:36:15.258+0000] {dag.py:3820} INFO - Setting next_dagrun for example_sensor_decorator to None, run_after=None
[2024-01-09T07:36:15.270+0000] {processor.py:183} INFO - Processing /home/airflow/.local/lib/python3.8/site-packages/airflow/example_dags/example_sensor_decorator.py took 0.047 seconds
[2024-01-09T07:36:45.555+0000] {processor.py:161} INFO - Started process (PID=230) to work on /home/airflow/.local/lib/python3.8/site-packages/airflow/example_dags/example_sensor_decorator.py
[2024-01-09T07:36:45.556+0000] {processor.py:830} INFO - Processing file /home/airflow/.local/lib/python3.8/site-packages/airflow/example_dags/example_sensor_decorator.py for tasks to queue
[2024-01-09T07:36:45.558+0000] {logging_mixin.py:188} INFO - [2024-01-09T07:36:45.558+0000] {dagbag.py:538} INFO - Filling up the DagBag from /home/airflow/.local/lib/python3.8/site-packages/airflow/example_dags/example_sensor_decorator.py
[2024-01-09T07:36:45.563+0000] {processor.py:840} INFO - DAG(s) 'example_sensor_decorator' retrieved from /home/airflow/.local/lib/python3.8/site-packages/airflow/example_dags/example_sensor_decorator.py
[2024-01-09T07:36:45.578+0000] {logging_mixin.py:188} INFO - [2024-01-09T07:36:45.578+0000] {dag.py:3033} INFO - Sync 1 DAGs
[2024-01-09T07:36:45.587+0000] {logging_mixin.py:188} INFO - [2024-01-09T07:36:45.587+0000] {dag.py:3820} INFO - Setting next_dagrun for example_sensor_decorator to None, run_after=None
[2024-01-09T07:36:45.600+0000] {processor.py:183} INFO - Processing /home/airflow/.local/lib/python3.8/site-packages/airflow/example_dags/example_sensor_decorator.py took 0.048 seconds
[2024-01-09T07:37:15.914+0000] {processor.py:161} INFO - Started process (PID=285) to work on /home/airflow/.local/lib/python3.8/site-packages/airflow/example_dags/example_sensor_decorator.py
[2024-01-09T07:37:15.915+0000] {processor.py:830} INFO - Processing file /home/airflow/.local/lib/python3.8/site-packages/airflow/example_dags/example_sensor_decorator.py for tasks to queue
[2024-01-09T07:37:15.917+0000] {logging_mixin.py:188} INFO - [2024-01-09T07:37:15.916+0000] {dagbag.py:538} INFO - Filling up the DagBag from /home/airflow/.local/lib/python3.8/site-packages/airflow/example_dags/example_sensor_decorator.py
[2024-01-09T07:37:15.922+0000] {processor.py:840} INFO - DAG(s) 'example_sensor_decorator' retrieved from /home/airflow/.local/lib/python3.8/site-packages/airflow/example_dags/example_sensor_decorator.py
[2024-01-09T07:37:15.940+0000] {logging_mixin.py:188} INFO - [2024-01-09T07:37:15.940+0000] {dag.py:3033} INFO - Sync 1 DAGs
[2024-01-09T07:37:15.949+0000] {logging_mixin.py:188} INFO - [2024-01-09T07:37:15.949+0000] {dag.py:3820} INFO - Setting next_dagrun for example_sensor_decorator to None, run_after=None
[2024-01-09T07:37:15.968+0000] {processor.py:183} INFO - Processing /home/airflow/.local/lib/python3.8/site-packages/airflow/example_dags/example_sensor_decorator.py took 0.058 seconds
[2024-01-09T07:37:46.300+0000] {processor.py:161} INFO - Started process (PID=340) to work on /home/airflow/.local/lib/python3.8/site-packages/airflow/example_dags/example_sensor_decorator.py
[2024-01-09T07:37:46.301+0000] {processor.py:830} INFO - Processing file /home/airflow/.local/lib/python3.8/site-packages/airflow/example_dags/example_sensor_decorator.py for tasks to queue
[2024-01-09T07:37:46.303+0000] {logging_mixin.py:188} INFO - [2024-01-09T07:37:46.303+0000] {dagbag.py:538} INFO - Filling up the DagBag from /home/airflow/.local/lib/python3.8/site-packages/airflow/example_dags/example_sensor_decorator.py
[2024-01-09T07:37:46.308+0000] {processor.py:840} INFO - DAG(s) 'example_sensor_decorator' retrieved from /home/airflow/.local/lib/python3.8/site-packages/airflow/example_dags/example_sensor_decorator.py
[2024-01-09T07:37:46.323+0000] {logging_mixin.py:188} INFO - [2024-01-09T07:37:46.323+0000] {dag.py:3033} INFO - Sync 1 DAGs
[2024-01-09T07:37:46.331+0000] {logging_mixin.py:188} INFO - [2024-01-09T07:37:46.331+0000] {dag.py:3820} INFO - Setting next_dagrun for example_sensor_decorator to None, run_after=None
[2024-01-09T07:37:46.343+0000] {processor.py:183} INFO - Processing /home/airflow/.local/lib/python3.8/site-packages/airflow/example_dags/example_sensor_decorator.py took 0.046 seconds
[2024-01-09T07:38:16.950+0000] {processor.py:161} INFO - Started process (PID=395) to work on /home/airflow/.local/lib/python3.8/site-packages/airflow/example_dags/example_sensor_decorator.py
[2024-01-09T07:38:16.951+0000] {processor.py:830} INFO - Processing file /home/airflow/.local/lib/python3.8/site-packages/airflow/example_dags/example_sensor_decorator.py for tasks to queue
[2024-01-09T07:38:16.954+0000] {logging_mixin.py:188} INFO - [2024-01-09T07:38:16.954+0000] {dagbag.py:538} INFO - Filling up the DagBag from /home/airflow/.local/lib/python3.8/site-packages/airflow/example_dags/example_sensor_decorator.py
[2024-01-09T07:38:16.960+0000] {processor.py:840} INFO - DAG(s) 'example_sensor_decorator' retrieved from /home/airflow/.local/lib/python3.8/site-packages/airflow/example_dags/example_sensor_decorator.py
[2024-01-09T07:38:16.977+0000] {logging_mixin.py:188} INFO - [2024-01-09T07:38:16.976+0000] {dag.py:3033} INFO - Sync 1 DAGs
[2024-01-09T07:38:16.986+0000] {logging_mixin.py:188} INFO - [2024-01-09T07:38:16.986+0000] {dag.py:3820} INFO - Setting next_dagrun for example_sensor_decorator to None, run_after=None
[2024-01-09T07:38:17.001+0000] {processor.py:183} INFO - Processing /home/airflow/.local/lib/python3.8/site-packages/airflow/example_dags/example_sensor_decorator.py took 0.053 seconds
[2024-01-09T07:38:47.288+0000] {processor.py:161} INFO - Started process (PID=450) to work on /home/airflow/.local/lib/python3.8/site-packages/airflow/example_dags/example_sensor_decorator.py
[2024-01-09T07:38:47.289+0000] {processor.py:830} INFO - Processing file /home/airflow/.local/lib/python3.8/site-packages/airflow/example_dags/example_sensor_decorator.py for tasks to queue
[2024-01-09T07:38:47.291+0000] {logging_mixin.py:188} INFO - [2024-01-09T07:38:47.291+0000] {dagbag.py:538} INFO - Filling up the DagBag from /home/airflow/.local/lib/python3.8/site-packages/airflow/example_dags/example_sensor_decorator.py
[2024-01-09T07:38:47.296+0000] {processor.py:840} INFO - DAG(s) 'example_sensor_decorator' retrieved from /home/airflow/.local/lib/python3.8/site-packages/airflow/example_dags/example_sensor_decorator.py
[2024-01-09T07:38:47.311+0000] {logging_mixin.py:188} INFO - [2024-01-09T07:38:47.311+0000] {dag.py:3033} INFO - Sync 1 DAGs
[2024-01-09T07:38:47.320+0000] {logging_mixin.py:188} INFO - [2024-01-09T07:38:47.320+0000] {dag.py:3820} INFO - Setting next_dagrun for example_sensor_decorator to None, run_after=None
[2024-01-09T07:38:47.332+0000] {processor.py:183} INFO - Processing /home/airflow/.local/lib/python3.8/site-packages/airflow/example_dags/example_sensor_decorator.py took 0.046 seconds
[2024-01-09T07:39:17.756+0000] {processor.py:161} INFO - Started process (PID=505) to work on /home/airflow/.local/lib/python3.8/site-packages/airflow/example_dags/example_sensor_decorator.py
[2024-01-09T07:39:17.757+0000] {processor.py:830} INFO - Processing file /home/airflow/.local/lib/python3.8/site-packages/airflow/example_dags/example_sensor_decorator.py for tasks to queue
[2024-01-09T07:39:17.759+0000] {logging_mixin.py:188} INFO - [2024-01-09T07:39:17.759+0000] {dagbag.py:538} INFO - Filling up the DagBag from /home/airflow/.local/lib/python3.8/site-packages/airflow/example_dags/example_sensor_decorator.py
[2024-01-09T07:39:17.764+0000] {processor.py:840} INFO - DAG(s) 'example_sensor_decorator' retrieved from /home/airflow/.local/lib/python3.8/site-packages/airflow/example_dags/example_sensor_decorator.py
[2024-01-09T07:39:17.781+0000] {logging_mixin.py:188} INFO - [2024-01-09T07:39:17.781+0000] {dag.py:3033} INFO - Sync 1 DAGs
[2024-01-09T07:39:17.791+0000] {logging_mixin.py:188} INFO - [2024-01-09T07:39:17.791+0000] {dag.py:3820} INFO - Setting next_dagrun for example_sensor_decorator to None, run_after=None
[2024-01-09T07:39:17.804+0000] {processor.py:183} INFO - Processing /home/airflow/.local/lib/python3.8/site-packages/airflow/example_dags/example_sensor_decorator.py took 0.052 seconds
[2024-01-09T07:39:48.107+0000] {processor.py:161} INFO - Started process (PID=560) to work on /home/airflow/.local/lib/python3.8/site-packages/airflow/example_dags/example_sensor_decorator.py
[2024-01-09T07:39:48.108+0000] {processor.py:830} INFO - Processing file /home/airflow/.local/lib/python3.8/site-packages/airflow/example_dags/example_sensor_decorator.py for tasks to queue
[2024-01-09T07:39:48.110+0000] {logging_mixin.py:188} INFO - [2024-01-09T07:39:48.110+0000] {dagbag.py:538} INFO - Filling up the DagBag from /home/airflow/.local/lib/python3.8/site-packages/airflow/example_dags/example_sensor_decorator.py
[2024-01-09T07:39:48.115+0000] {processor.py:840} INFO - DAG(s) 'example_sensor_decorator' retrieved from /home/airflow/.local/lib/python3.8/site-packages/airflow/example_dags/example_sensor_decorator.py
[2024-01-09T07:39:48.131+0000] {logging_mixin.py:188} INFO - [2024-01-09T07:39:48.131+0000] {dag.py:3033} INFO - Sync 1 DAGs
[2024-01-09T07:39:48.140+0000] {logging_mixin.py:188} INFO - [2024-01-09T07:39:48.140+0000] {dag.py:3820} INFO - Setting next_dagrun for example_sensor_decorator to None, run_after=None
[2024-01-09T07:39:48.154+0000] {processor.py:183} INFO - Processing /home/airflow/.local/lib/python3.8/site-packages/airflow/example_dags/example_sensor_decorator.py took 0.050 seconds
[2024-01-09T07:40:18.861+0000] {processor.py:161} INFO - Started process (PID=615) to work on /home/airflow/.local/lib/python3.8/site-packages/airflow/example_dags/example_sensor_decorator.py
[2024-01-09T07:40:18.862+0000] {processor.py:830} INFO - Processing file /home/airflow/.local/lib/python3.8/site-packages/airflow/example_dags/example_sensor_decorator.py for tasks to queue
[2024-01-09T07:40:18.864+0000] {logging_mixin.py:188} INFO - [2024-01-09T07:40:18.864+0000] {dagbag.py:538} INFO - Filling up the DagBag from /home/airflow/.local/lib/python3.8/site-packages/airflow/example_dags/example_sensor_decorator.py
[2024-01-09T07:40:18.869+0000] {processor.py:840} INFO - DAG(s) 'example_sensor_decorator' retrieved from /home/airflow/.local/lib/python3.8/site-packages/airflow/example_dags/example_sensor_decorator.py
[2024-01-09T07:40:18.885+0000] {logging_mixin.py:188} INFO - [2024-01-09T07:40:18.885+0000] {dag.py:3033} INFO - Sync 1 DAGs
[2024-01-09T07:40:18.894+0000] {logging_mixin.py:188} INFO - [2024-01-09T07:40:18.894+0000] {dag.py:3820} INFO - Setting next_dagrun for example_sensor_decorator to None, run_after=None
[2024-01-09T07:40:18.908+0000] {processor.py:183} INFO - Processing /home/airflow/.local/lib/python3.8/site-packages/airflow/example_dags/example_sensor_decorator.py took 0.049 seconds
[2024-01-09T07:40:49.127+0000] {processor.py:161} INFO - Started process (PID=670) to work on /home/airflow/.local/lib/python3.8/site-packages/airflow/example_dags/example_sensor_decorator.py
[2024-01-09T07:40:49.128+0000] {processor.py:830} INFO - Processing file /home/airflow/.local/lib/python3.8/site-packages/airflow/example_dags/example_sensor_decorator.py for tasks to queue
[2024-01-09T07:40:49.130+0000] {logging_mixin.py:188} INFO - [2024-01-09T07:40:49.130+0000] {dagbag.py:538} INFO - Filling up the DagBag from /home/airflow/.local/lib/python3.8/site-packages/airflow/example_dags/example_sensor_decorator.py
[2024-01-09T07:40:49.136+0000] {processor.py:840} INFO - DAG(s) 'example_sensor_decorator' retrieved from /home/airflow/.local/lib/python3.8/site-packages/airflow/example_dags/example_sensor_decorator.py
[2024-01-09T07:40:49.153+0000] {logging_mixin.py:188} INFO - [2024-01-09T07:40:49.152+0000] {dag.py:3033} INFO - Sync 1 DAGs
[2024-01-09T07:40:49.162+0000] {logging_mixin.py:188} INFO - [2024-01-09T07:40:49.162+0000] {dag.py:3820} INFO - Setting next_dagrun for example_sensor_decorator to None, run_after=None
[2024-01-09T07:40:49.176+0000] {processor.py:183} INFO - Processing /home/airflow/.local/lib/python3.8/site-packages/airflow/example_dags/example_sensor_decorator.py took 0.052 seconds
[2024-01-09T07:41:20.024+0000] {processor.py:161} INFO - Started process (PID=725) to work on /home/airflow/.local/lib/python3.8/site-packages/airflow/example_dags/example_sensor_decorator.py
[2024-01-09T07:41:20.027+0000] {processor.py:830} INFO - Processing file /home/airflow/.local/lib/python3.8/site-packages/airflow/example_dags/example_sensor_decorator.py for tasks to queue
[2024-01-09T07:41:20.031+0000] {logging_mixin.py:188} INFO - [2024-01-09T07:41:20.030+0000] {dagbag.py:538} INFO - Filling up the DagBag from /home/airflow/.local/lib/python3.8/site-packages/airflow/example_dags/example_sensor_decorator.py
[2024-01-09T07:41:20.041+0000] {processor.py:840} INFO - DAG(s) 'example_sensor_decorator' retrieved from /home/airflow/.local/lib/python3.8/site-packages/airflow/example_dags/example_sensor_decorator.py
[2024-01-09T07:41:20.068+0000] {logging_mixin.py:188} INFO - [2024-01-09T07:41:20.068+0000] {dag.py:3033} INFO - Sync 1 DAGs
[2024-01-09T07:41:20.087+0000] {logging_mixin.py:188} INFO - [2024-01-09T07:41:20.087+0000] {dag.py:3820} INFO - Setting next_dagrun for example_sensor_decorator to None, run_after=None
[2024-01-09T07:41:20.115+0000] {processor.py:183} INFO - Processing /home/airflow/.local/lib/python3.8/site-packages/airflow/example_dags/example_sensor_decorator.py took 0.096 seconds
[2024-01-09T07:41:50.953+0000] {processor.py:161} INFO - Started process (PID=780) to work on /home/airflow/.local/lib/python3.8/site-packages/airflow/example_dags/example_sensor_decorator.py
[2024-01-09T07:41:50.954+0000] {processor.py:830} INFO - Processing file /home/airflow/.local/lib/python3.8/site-packages/airflow/example_dags/example_sensor_decorator.py for tasks to queue
[2024-01-09T07:41:50.956+0000] {logging_mixin.py:188} INFO - [2024-01-09T07:41:50.956+0000] {dagbag.py:538} INFO - Filling up the DagBag from /home/airflow/.local/lib/python3.8/site-packages/airflow/example_dags/example_sensor_decorator.py
[2024-01-09T07:41:50.962+0000] {processor.py:840} INFO - DAG(s) 'example_sensor_decorator' retrieved from /home/airflow/.local/lib/python3.8/site-packages/airflow/example_dags/example_sensor_decorator.py
[2024-01-09T07:41:50.984+0000] {logging_mixin.py:188} INFO - [2024-01-09T07:41:50.984+0000] {dag.py:3033} INFO - Sync 1 DAGs
[2024-01-09T07:41:50.996+0000] {logging_mixin.py:188} INFO - [2024-01-09T07:41:50.995+0000] {dag.py:3820} INFO - Setting next_dagrun for example_sensor_decorator to None, run_after=None
[2024-01-09T07:41:51.011+0000] {processor.py:183} INFO - Processing /home/airflow/.local/lib/python3.8/site-packages/airflow/example_dags/example_sensor_decorator.py took 0.062 seconds
[2024-01-09T07:42:21.428+0000] {processor.py:161} INFO - Started process (PID=835) to work on /home/airflow/.local/lib/python3.8/site-packages/airflow/example_dags/example_sensor_decorator.py
[2024-01-09T07:42:21.429+0000] {processor.py:830} INFO - Processing file /home/airflow/.local/lib/python3.8/site-packages/airflow/example_dags/example_sensor_decorator.py for tasks to queue
[2024-01-09T07:42:21.432+0000] {logging_mixin.py:188} INFO - [2024-01-09T07:42:21.432+0000] {dagbag.py:538} INFO - Filling up the DagBag from /home/airflow/.local/lib/python3.8/site-packages/airflow/example_dags/example_sensor_decorator.py
[2024-01-09T07:42:21.438+0000] {processor.py:840} INFO - DAG(s) 'example_sensor_decorator' retrieved from /home/airflow/.local/lib/python3.8/site-packages/airflow/example_dags/example_sensor_decorator.py
[2024-01-09T07:42:21.456+0000] {logging_mixin.py:188} INFO - [2024-01-09T07:42:21.456+0000] {dag.py:3033} INFO - Sync 1 DAGs
[2024-01-09T07:42:21.469+0000] {logging_mixin.py:188} INFO - [2024-01-09T07:42:21.469+0000] {dag.py:3820} INFO - Setting next_dagrun for example_sensor_decorator to None, run_after=None
[2024-01-09T07:42:21.488+0000] {processor.py:183} INFO - Processing /home/airflow/.local/lib/python3.8/site-packages/airflow/example_dags/example_sensor_decorator.py took 0.063 seconds
[2024-01-09T07:42:51.626+0000] {processor.py:161} INFO - Started process (PID=890) to work on /home/airflow/.local/lib/python3.8/site-packages/airflow/example_dags/example_sensor_decorator.py
[2024-01-09T07:42:51.628+0000] {processor.py:830} INFO - Processing file /home/airflow/.local/lib/python3.8/site-packages/airflow/example_dags/example_sensor_decorator.py for tasks to queue
[2024-01-09T07:42:51.630+0000] {logging_mixin.py:188} INFO - [2024-01-09T07:42:51.630+0000] {dagbag.py:538} INFO - Filling up the DagBag from /home/airflow/.local/lib/python3.8/site-packages/airflow/example_dags/example_sensor_decorator.py
[2024-01-09T07:42:51.637+0000] {processor.py:840} INFO - DAG(s) 'example_sensor_decorator' retrieved from /home/airflow/.local/lib/python3.8/site-packages/airflow/example_dags/example_sensor_decorator.py
[2024-01-09T07:42:51.655+0000] {logging_mixin.py:188} INFO - [2024-01-09T07:42:51.655+0000] {dag.py:3033} INFO - Sync 1 DAGs
[2024-01-09T07:42:51.665+0000] {logging_mixin.py:188} INFO - [2024-01-09T07:42:51.665+0000] {dag.py:3820} INFO - Setting next_dagrun for example_sensor_decorator to None, run_after=None
[2024-01-09T07:42:51.682+0000] {processor.py:183} INFO - Processing /home/airflow/.local/lib/python3.8/site-packages/airflow/example_dags/example_sensor_decorator.py took 0.059 seconds
[2024-01-09T07:43:22.385+0000] {processor.py:161} INFO - Started process (PID=945) to work on /home/airflow/.local/lib/python3.8/site-packages/airflow/example_dags/example_sensor_decorator.py
[2024-01-09T07:43:22.386+0000] {processor.py:830} INFO - Processing file /home/airflow/.local/lib/python3.8/site-packages/airflow/example_dags/example_sensor_decorator.py for tasks to queue
[2024-01-09T07:43:22.388+0000] {logging_mixin.py:188} INFO - [2024-01-09T07:43:22.388+0000] {dagbag.py:538} INFO - Filling up the DagBag from /home/airflow/.local/lib/python3.8/site-packages/airflow/example_dags/example_sensor_decorator.py
[2024-01-09T07:43:22.393+0000] {processor.py:840} INFO - DAG(s) 'example_sensor_decorator' retrieved from /home/airflow/.local/lib/python3.8/site-packages/airflow/example_dags/example_sensor_decorator.py
[2024-01-09T07:43:22.410+0000] {logging_mixin.py:188} INFO - [2024-01-09T07:43:22.410+0000] {dag.py:3033} INFO - Sync 1 DAGs
[2024-01-09T07:43:22.420+0000] {logging_mixin.py:188} INFO - [2024-01-09T07:43:22.420+0000] {dag.py:3820} INFO - Setting next_dagrun for example_sensor_decorator to None, run_after=None
[2024-01-09T07:43:22.434+0000] {processor.py:183} INFO - Processing /home/airflow/.local/lib/python3.8/site-packages/airflow/example_dags/example_sensor_decorator.py took 0.052 seconds
[2024-01-09T07:43:52.469+0000] {processor.py:161} INFO - Started process (PID=1000) to work on /home/airflow/.local/lib/python3.8/site-packages/airflow/example_dags/example_sensor_decorator.py
[2024-01-09T07:43:52.470+0000] {processor.py:830} INFO - Processing file /home/airflow/.local/lib/python3.8/site-packages/airflow/example_dags/example_sensor_decorator.py for tasks to queue
[2024-01-09T07:43:52.472+0000] {logging_mixin.py:188} INFO - [2024-01-09T07:43:52.472+0000] {dagbag.py:538} INFO - Filling up the DagBag from /home/airflow/.local/lib/python3.8/site-packages/airflow/example_dags/example_sensor_decorator.py
[2024-01-09T07:43:52.477+0000] {processor.py:840} INFO - DAG(s) 'example_sensor_decorator' retrieved from /home/airflow/.local/lib/python3.8/site-packages/airflow/example_dags/example_sensor_decorator.py
[2024-01-09T07:43:52.493+0000] {logging_mixin.py:188} INFO - [2024-01-09T07:43:52.493+0000] {dag.py:3033} INFO - Sync 1 DAGs
[2024-01-09T07:43:52.502+0000] {logging_mixin.py:188} INFO - [2024-01-09T07:43:52.502+0000] {dag.py:3820} INFO - Setting next_dagrun for example_sensor_decorator to None, run_after=None
[2024-01-09T07:43:52.515+0000] {processor.py:183} INFO - Processing /home/airflow/.local/lib/python3.8/site-packages/airflow/example_dags/example_sensor_decorator.py took 0.049 seconds
[2024-01-09T07:44:23.250+0000] {processor.py:161} INFO - Started process (PID=1054) to work on /home/airflow/.local/lib/python3.8/site-packages/airflow/example_dags/example_sensor_decorator.py
[2024-01-09T07:44:23.251+0000] {processor.py:830} INFO - Processing file /home/airflow/.local/lib/python3.8/site-packages/airflow/example_dags/example_sensor_decorator.py for tasks to queue
[2024-01-09T07:44:23.253+0000] {logging_mixin.py:188} INFO - [2024-01-09T07:44:23.253+0000] {dagbag.py:538} INFO - Filling up the DagBag from /home/airflow/.local/lib/python3.8/site-packages/airflow/example_dags/example_sensor_decorator.py
[2024-01-09T07:44:23.259+0000] {processor.py:840} INFO - DAG(s) 'example_sensor_decorator' retrieved from /home/airflow/.local/lib/python3.8/site-packages/airflow/example_dags/example_sensor_decorator.py
[2024-01-09T07:44:23.276+0000] {logging_mixin.py:188} INFO - [2024-01-09T07:44:23.276+0000] {dag.py:3033} INFO - Sync 1 DAGs
[2024-01-09T07:44:23.286+0000] {logging_mixin.py:188} INFO - [2024-01-09T07:44:23.286+0000] {dag.py:3820} INFO - Setting next_dagrun for example_sensor_decorator to None, run_after=None
[2024-01-09T07:44:23.301+0000] {processor.py:183} INFO - Processing /home/airflow/.local/lib/python3.8/site-packages/airflow/example_dags/example_sensor_decorator.py took 0.055 seconds
[2024-01-09T07:44:53.484+0000] {processor.py:161} INFO - Started process (PID=1109) to work on /home/airflow/.local/lib/python3.8/site-packages/airflow/example_dags/example_sensor_decorator.py
[2024-01-09T07:44:53.485+0000] {processor.py:830} INFO - Processing file /home/airflow/.local/lib/python3.8/site-packages/airflow/example_dags/example_sensor_decorator.py for tasks to queue
[2024-01-09T07:44:53.487+0000] {logging_mixin.py:188} INFO - [2024-01-09T07:44:53.487+0000] {dagbag.py:538} INFO - Filling up the DagBag from /home/airflow/.local/lib/python3.8/site-packages/airflow/example_dags/example_sensor_decorator.py
[2024-01-09T07:44:53.492+0000] {processor.py:840} INFO - DAG(s) 'example_sensor_decorator' retrieved from /home/airflow/.local/lib/python3.8/site-packages/airflow/example_dags/example_sensor_decorator.py
[2024-01-09T07:44:53.508+0000] {logging_mixin.py:188} INFO - [2024-01-09T07:44:53.507+0000] {dag.py:3033} INFO - Sync 1 DAGs
[2024-01-09T07:44:53.517+0000] {logging_mixin.py:188} INFO - [2024-01-09T07:44:53.517+0000] {dag.py:3820} INFO - Setting next_dagrun for example_sensor_decorator to None, run_after=None
[2024-01-09T07:44:53.531+0000] {processor.py:183} INFO - Processing /home/airflow/.local/lib/python3.8/site-packages/airflow/example_dags/example_sensor_decorator.py took 0.050 seconds
[2024-01-09T07:45:24.031+0000] {processor.py:161} INFO - Started process (PID=1163) to work on /home/airflow/.local/lib/python3.8/site-packages/airflow/example_dags/example_sensor_decorator.py
[2024-01-09T07:45:24.032+0000] {processor.py:830} INFO - Processing file /home/airflow/.local/lib/python3.8/site-packages/airflow/example_dags/example_sensor_decorator.py for tasks to queue
[2024-01-09T07:45:24.034+0000] {logging_mixin.py:188} INFO - [2024-01-09T07:45:24.034+0000] {dagbag.py:538} INFO - Filling up the DagBag from /home/airflow/.local/lib/python3.8/site-packages/airflow/example_dags/example_sensor_decorator.py
[2024-01-09T07:45:24.041+0000] {processor.py:840} INFO - DAG(s) 'example_sensor_decorator' retrieved from /home/airflow/.local/lib/python3.8/site-packages/airflow/example_dags/example_sensor_decorator.py
[2024-01-09T07:45:24.061+0000] {logging_mixin.py:188} INFO - [2024-01-09T07:45:24.061+0000] {dag.py:3033} INFO - Sync 1 DAGs
[2024-01-09T07:45:24.073+0000] {logging_mixin.py:188} INFO - [2024-01-09T07:45:24.073+0000] {dag.py:3820} INFO - Setting next_dagrun for example_sensor_decorator to None, run_after=None
[2024-01-09T07:45:24.093+0000] {processor.py:183} INFO - Processing /home/airflow/.local/lib/python3.8/site-packages/airflow/example_dags/example_sensor_decorator.py took 0.066 seconds
[2024-01-09T07:45:54.282+0000] {processor.py:161} INFO - Started process (PID=1218) to work on /home/airflow/.local/lib/python3.8/site-packages/airflow/example_dags/example_sensor_decorator.py
[2024-01-09T07:45:54.283+0000] {processor.py:830} INFO - Processing file /home/airflow/.local/lib/python3.8/site-packages/airflow/example_dags/example_sensor_decorator.py for tasks to queue
[2024-01-09T07:45:54.284+0000] {logging_mixin.py:188} INFO - [2024-01-09T07:45:54.284+0000] {dagbag.py:538} INFO - Filling up the DagBag from /home/airflow/.local/lib/python3.8/site-packages/airflow/example_dags/example_sensor_decorator.py
[2024-01-09T07:45:54.289+0000] {processor.py:840} INFO - DAG(s) 'example_sensor_decorator' retrieved from /home/airflow/.local/lib/python3.8/site-packages/airflow/example_dags/example_sensor_decorator.py
[2024-01-09T07:45:54.304+0000] {logging_mixin.py:188} INFO - [2024-01-09T07:45:54.304+0000] {dag.py:3033} INFO - Sync 1 DAGs
[2024-01-09T07:45:54.314+0000] {logging_mixin.py:188} INFO - [2024-01-09T07:45:54.314+0000] {dag.py:3820} INFO - Setting next_dagrun for example_sensor_decorator to None, run_after=None
[2024-01-09T07:45:54.327+0000] {processor.py:183} INFO - Processing /home/airflow/.local/lib/python3.8/site-packages/airflow/example_dags/example_sensor_decorator.py took 0.048 seconds
[2024-01-09T07:46:24.721+0000] {processor.py:161} INFO - Started process (PID=1273) to work on /home/airflow/.local/lib/python3.8/site-packages/airflow/example_dags/example_sensor_decorator.py
[2024-01-09T07:46:24.722+0000] {processor.py:830} INFO - Processing file /home/airflow/.local/lib/python3.8/site-packages/airflow/example_dags/example_sensor_decorator.py for tasks to queue
[2024-01-09T07:46:24.724+0000] {logging_mixin.py:188} INFO - [2024-01-09T07:46:24.724+0000] {dagbag.py:538} INFO - Filling up the DagBag from /home/airflow/.local/lib/python3.8/site-packages/airflow/example_dags/example_sensor_decorator.py
[2024-01-09T07:46:24.730+0000] {processor.py:840} INFO - DAG(s) 'example_sensor_decorator' retrieved from /home/airflow/.local/lib/python3.8/site-packages/airflow/example_dags/example_sensor_decorator.py
[2024-01-09T07:46:24.747+0000] {logging_mixin.py:188} INFO - [2024-01-09T07:46:24.746+0000] {dag.py:3033} INFO - Sync 1 DAGs
[2024-01-09T07:46:24.757+0000] {logging_mixin.py:188} INFO - [2024-01-09T07:46:24.757+0000] {dag.py:3820} INFO - Setting next_dagrun for example_sensor_decorator to None, run_after=None
[2024-01-09T07:46:24.771+0000] {processor.py:183} INFO - Processing /home/airflow/.local/lib/python3.8/site-packages/airflow/example_dags/example_sensor_decorator.py took 0.053 seconds
[2024-01-09T07:46:54.974+0000] {processor.py:161} INFO - Started process (PID=1328) to work on /home/airflow/.local/lib/python3.8/site-packages/airflow/example_dags/example_sensor_decorator.py
[2024-01-09T07:46:54.975+0000] {processor.py:830} INFO - Processing file /home/airflow/.local/lib/python3.8/site-packages/airflow/example_dags/example_sensor_decorator.py for tasks to queue
[2024-01-09T07:46:54.977+0000] {logging_mixin.py:188} INFO - [2024-01-09T07:46:54.976+0000] {dagbag.py:538} INFO - Filling up the DagBag from /home/airflow/.local/lib/python3.8/site-packages/airflow/example_dags/example_sensor_decorator.py
[2024-01-09T07:46:54.982+0000] {processor.py:840} INFO - DAG(s) 'example_sensor_decorator' retrieved from /home/airflow/.local/lib/python3.8/site-packages/airflow/example_dags/example_sensor_decorator.py
[2024-01-09T07:46:54.998+0000] {logging_mixin.py:188} INFO - [2024-01-09T07:46:54.997+0000] {dag.py:3033} INFO - Sync 1 DAGs
[2024-01-09T07:46:55.007+0000] {logging_mixin.py:188} INFO - [2024-01-09T07:46:55.006+0000] {dag.py:3820} INFO - Setting next_dagrun for example_sensor_decorator to None, run_after=None
[2024-01-09T07:46:55.020+0000] {processor.py:183} INFO - Processing /home/airflow/.local/lib/python3.8/site-packages/airflow/example_dags/example_sensor_decorator.py took 0.050 seconds
[2024-01-09T07:47:25.280+0000] {processor.py:161} INFO - Started process (PID=1383) to work on /home/airflow/.local/lib/python3.8/site-packages/airflow/example_dags/example_sensor_decorator.py
[2024-01-09T07:47:25.281+0000] {processor.py:830} INFO - Processing file /home/airflow/.local/lib/python3.8/site-packages/airflow/example_dags/example_sensor_decorator.py for tasks to queue
[2024-01-09T07:47:25.283+0000] {logging_mixin.py:188} INFO - [2024-01-09T07:47:25.282+0000] {dagbag.py:538} INFO - Filling up the DagBag from /home/airflow/.local/lib/python3.8/site-packages/airflow/example_dags/example_sensor_decorator.py
[2024-01-09T07:47:25.288+0000] {processor.py:840} INFO - DAG(s) 'example_sensor_decorator' retrieved from /home/airflow/.local/lib/python3.8/site-packages/airflow/example_dags/example_sensor_decorator.py
[2024-01-09T07:47:25.303+0000] {logging_mixin.py:188} INFO - [2024-01-09T07:47:25.303+0000] {dag.py:3033} INFO - Sync 1 DAGs
[2024-01-09T07:47:25.313+0000] {logging_mixin.py:188} INFO - [2024-01-09T07:47:25.313+0000] {dag.py:3820} INFO - Setting next_dagrun for example_sensor_decorator to None, run_after=None
[2024-01-09T07:47:25.327+0000] {processor.py:183} INFO - Processing /home/airflow/.local/lib/python3.8/site-packages/airflow/example_dags/example_sensor_decorator.py took 0.050 seconds
[2024-01-09T07:47:55.524+0000] {processor.py:161} INFO - Started process (PID=1438) to work on /home/airflow/.local/lib/python3.8/site-packages/airflow/example_dags/example_sensor_decorator.py
[2024-01-09T07:47:55.525+0000] {processor.py:830} INFO - Processing file /home/airflow/.local/lib/python3.8/site-packages/airflow/example_dags/example_sensor_decorator.py for tasks to queue
[2024-01-09T07:47:55.527+0000] {logging_mixin.py:188} INFO - [2024-01-09T07:47:55.527+0000] {dagbag.py:538} INFO - Filling up the DagBag from /home/airflow/.local/lib/python3.8/site-packages/airflow/example_dags/example_sensor_decorator.py
[2024-01-09T07:47:55.533+0000] {processor.py:840} INFO - DAG(s) 'example_sensor_decorator' retrieved from /home/airflow/.local/lib/python3.8/site-packages/airflow/example_dags/example_sensor_decorator.py
[2024-01-09T07:47:55.550+0000] {logging_mixin.py:188} INFO - [2024-01-09T07:47:55.550+0000] {dag.py:3033} INFO - Sync 1 DAGs
[2024-01-09T07:47:55.559+0000] {logging_mixin.py:188} INFO - [2024-01-09T07:47:55.559+0000] {dag.py:3820} INFO - Setting next_dagrun for example_sensor_decorator to None, run_after=None
[2024-01-09T07:47:55.573+0000] {processor.py:183} INFO - Processing /home/airflow/.local/lib/python3.8/site-packages/airflow/example_dags/example_sensor_decorator.py took 0.052 seconds
[2024-01-09T07:48:25.703+0000] {processor.py:161} INFO - Started process (PID=1493) to work on /home/airflow/.local/lib/python3.8/site-packages/airflow/example_dags/example_sensor_decorator.py
[2024-01-09T07:48:25.704+0000] {processor.py:830} INFO - Processing file /home/airflow/.local/lib/python3.8/site-packages/airflow/example_dags/example_sensor_decorator.py for tasks to queue
[2024-01-09T07:48:25.706+0000] {logging_mixin.py:188} INFO - [2024-01-09T07:48:25.706+0000] {dagbag.py:538} INFO - Filling up the DagBag from /home/airflow/.local/lib/python3.8/site-packages/airflow/example_dags/example_sensor_decorator.py
[2024-01-09T07:48:25.712+0000] {processor.py:840} INFO - DAG(s) 'example_sensor_decorator' retrieved from /home/airflow/.local/lib/python3.8/site-packages/airflow/example_dags/example_sensor_decorator.py
[2024-01-09T07:48:25.728+0000] {logging_mixin.py:188} INFO - [2024-01-09T07:48:25.728+0000] {dag.py:3033} INFO - Sync 1 DAGs
[2024-01-09T07:48:25.738+0000] {logging_mixin.py:188} INFO - [2024-01-09T07:48:25.738+0000] {dag.py:3820} INFO - Setting next_dagrun for example_sensor_decorator to None, run_after=None
[2024-01-09T07:48:25.752+0000] {processor.py:183} INFO - Processing /home/airflow/.local/lib/python3.8/site-packages/airflow/example_dags/example_sensor_decorator.py took 0.052 seconds
[2024-01-09T07:48:56.411+0000] {processor.py:161} INFO - Started process (PID=1548) to work on /home/airflow/.local/lib/python3.8/site-packages/airflow/example_dags/example_sensor_decorator.py
[2024-01-09T07:48:56.412+0000] {processor.py:830} INFO - Processing file /home/airflow/.local/lib/python3.8/site-packages/airflow/example_dags/example_sensor_decorator.py for tasks to queue
[2024-01-09T07:48:56.414+0000] {logging_mixin.py:188} INFO - [2024-01-09T07:48:56.414+0000] {dagbag.py:538} INFO - Filling up the DagBag from /home/airflow/.local/lib/python3.8/site-packages/airflow/example_dags/example_sensor_decorator.py
[2024-01-09T07:48:56.420+0000] {processor.py:840} INFO - DAG(s) 'example_sensor_decorator' retrieved from /home/airflow/.local/lib/python3.8/site-packages/airflow/example_dags/example_sensor_decorator.py
[2024-01-09T07:48:56.436+0000] {logging_mixin.py:188} INFO - [2024-01-09T07:48:56.436+0000] {dag.py:3033} INFO - Sync 1 DAGs
[2024-01-09T07:48:56.447+0000] {logging_mixin.py:188} INFO - [2024-01-09T07:48:56.447+0000] {dag.py:3820} INFO - Setting next_dagrun for example_sensor_decorator to None, run_after=None
[2024-01-09T07:48:56.464+0000] {processor.py:183} INFO - Processing /home/airflow/.local/lib/python3.8/site-packages/airflow/example_dags/example_sensor_decorator.py took 0.056 seconds
[2024-01-09T07:49:26.914+0000] {processor.py:161} INFO - Started process (PID=1603) to work on /home/airflow/.local/lib/python3.8/site-packages/airflow/example_dags/example_sensor_decorator.py
[2024-01-09T07:49:26.915+0000] {processor.py:830} INFO - Processing file /home/airflow/.local/lib/python3.8/site-packages/airflow/example_dags/example_sensor_decorator.py for tasks to queue
[2024-01-09T07:49:26.918+0000] {logging_mixin.py:188} INFO - [2024-01-09T07:49:26.918+0000] {dagbag.py:538} INFO - Filling up the DagBag from /home/airflow/.local/lib/python3.8/site-packages/airflow/example_dags/example_sensor_decorator.py
[2024-01-09T07:49:26.926+0000] {processor.py:840} INFO - DAG(s) 'example_sensor_decorator' retrieved from /home/airflow/.local/lib/python3.8/site-packages/airflow/example_dags/example_sensor_decorator.py
[2024-01-09T07:49:26.950+0000] {logging_mixin.py:188} INFO - [2024-01-09T07:49:26.950+0000] {dag.py:3033} INFO - Sync 1 DAGs
[2024-01-09T07:49:26.965+0000] {logging_mixin.py:188} INFO - [2024-01-09T07:49:26.964+0000] {dag.py:3820} INFO - Setting next_dagrun for example_sensor_decorator to None, run_after=None
[2024-01-09T07:49:26.986+0000] {processor.py:183} INFO - Processing /home/airflow/.local/lib/python3.8/site-packages/airflow/example_dags/example_sensor_decorator.py took 0.078 seconds
