[2024-01-09T07:35:11.754+0000] {processor.py:161} INFO - Started process (PID=38) to work on /home/airflow/.local/lib/python3.8/site-packages/airflow/example_dags/example_datasets.py
[2024-01-09T07:35:11.755+0000] {processor.py:830} INFO - Processing file /home/airflow/.local/lib/python3.8/site-packages/airflow/example_dags/example_datasets.py for tasks to queue
[2024-01-09T07:35:11.758+0000] {logging_mixin.py:188} INFO - [2024-01-09T07:35:11.758+0000] {dagbag.py:538} INFO - Filling up the DagBag from /home/airflow/.local/lib/python3.8/site-packages/airflow/example_dags/example_datasets.py
[2024-01-09T07:35:11.769+0000] {processor.py:840} INFO - DAG(s) 'dataset_produces_1', 'dataset_produces_2', 'dataset_consumes_1_and_2', 'dataset_consumes_unknown_never_scheduled', 'dataset_consumes_1_never_scheduled', 'dataset_consumes_1' retrieved from /home/airflow/.local/lib/python3.8/site-packages/airflow/example_dags/example_datasets.py
[2024-01-09T07:35:11.786+0000] {logging_mixin.py:188} INFO - [2024-01-09T07:35:11.786+0000] {dag.py:3033} INFO - Sync 6 DAGs
[2024-01-09T07:35:11.808+0000] {logging_mixin.py:188} INFO - [2024-01-09T07:35:11.808+0000] {dag.py:3820} INFO - Setting next_dagrun for dataset_consumes_1 to None, run_after=None
[2024-01-09T07:35:11.811+0000] {logging_mixin.py:188} INFO - [2024-01-09T07:35:11.811+0000] {dag.py:3820} INFO - Setting next_dagrun for dataset_consumes_1_and_2 to None, run_after=None
[2024-01-09T07:35:11.813+0000] {logging_mixin.py:188} INFO - [2024-01-09T07:35:11.813+0000] {dag.py:3820} INFO - Setting next_dagrun for dataset_consumes_1_never_scheduled to None, run_after=None
[2024-01-09T07:35:11.814+0000] {logging_mixin.py:188} INFO - [2024-01-09T07:35:11.814+0000] {dag.py:3820} INFO - Setting next_dagrun for dataset_consumes_unknown_never_scheduled to None, run_after=None
[2024-01-09T07:35:11.817+0000] {logging_mixin.py:188} INFO - [2024-01-09T07:35:11.817+0000] {dag.py:3820} INFO - Setting next_dagrun for dataset_produces_1 to 2024-01-08T00:00:00+00:00, run_after=2024-01-09T00:00:00+00:00
[2024-01-09T07:35:11.818+0000] {logging_mixin.py:188} INFO - [2024-01-09T07:35:11.818+0000] {dag.py:3820} INFO - Setting next_dagrun for dataset_produces_2 to None, run_after=None
[2024-01-09T07:35:11.847+0000] {processor.py:183} INFO - Processing /home/airflow/.local/lib/python3.8/site-packages/airflow/example_dags/example_datasets.py took 0.096 seconds
[2024-01-09T07:35:42.327+0000] {processor.py:161} INFO - Started process (PID=93) to work on /home/airflow/.local/lib/python3.8/site-packages/airflow/example_dags/example_datasets.py
[2024-01-09T07:35:42.328+0000] {processor.py:830} INFO - Processing file /home/airflow/.local/lib/python3.8/site-packages/airflow/example_dags/example_datasets.py for tasks to queue
[2024-01-09T07:35:42.330+0000] {logging_mixin.py:188} INFO - [2024-01-09T07:35:42.330+0000] {dagbag.py:538} INFO - Filling up the DagBag from /home/airflow/.local/lib/python3.8/site-packages/airflow/example_dags/example_datasets.py
[2024-01-09T07:35:42.337+0000] {processor.py:840} INFO - DAG(s) 'dataset_produces_2', 'dataset_consumes_1', 'dataset_consumes_1_and_2', 'dataset_produces_1', 'dataset_consumes_unknown_never_scheduled', 'dataset_consumes_1_never_scheduled' retrieved from /home/airflow/.local/lib/python3.8/site-packages/airflow/example_dags/example_datasets.py
[2024-01-09T07:35:42.460+0000] {logging_mixin.py:188} INFO - [2024-01-09T07:35:42.460+0000] {dag.py:3033} INFO - Sync 6 DAGs
[2024-01-09T07:35:42.480+0000] {logging_mixin.py:188} INFO - [2024-01-09T07:35:42.480+0000] {dag.py:3820} INFO - Setting next_dagrun for dataset_consumes_1 to None, run_after=None
[2024-01-09T07:35:42.483+0000] {logging_mixin.py:188} INFO - [2024-01-09T07:35:42.483+0000] {dag.py:3820} INFO - Setting next_dagrun for dataset_consumes_1_and_2 to None, run_after=None
[2024-01-09T07:35:42.485+0000] {logging_mixin.py:188} INFO - [2024-01-09T07:35:42.485+0000] {dag.py:3820} INFO - Setting next_dagrun for dataset_consumes_1_never_scheduled to None, run_after=None
[2024-01-09T07:35:42.486+0000] {logging_mixin.py:188} INFO - [2024-01-09T07:35:42.486+0000] {dag.py:3820} INFO - Setting next_dagrun for dataset_consumes_unknown_never_scheduled to None, run_after=None
[2024-01-09T07:35:42.489+0000] {logging_mixin.py:188} INFO - [2024-01-09T07:35:42.488+0000] {dag.py:3820} INFO - Setting next_dagrun for dataset_produces_1 to 2024-01-08T00:00:00+00:00, run_after=2024-01-09T00:00:00+00:00
[2024-01-09T07:35:42.490+0000] {logging_mixin.py:188} INFO - [2024-01-09T07:35:42.490+0000] {dag.py:3820} INFO - Setting next_dagrun for dataset_produces_2 to None, run_after=None
[2024-01-09T07:35:42.518+0000] {processor.py:183} INFO - Processing /home/airflow/.local/lib/python3.8/site-packages/airflow/example_dags/example_datasets.py took 0.194 seconds
[2024-01-09T07:36:12.982+0000] {processor.py:161} INFO - Started process (PID=148) to work on /home/airflow/.local/lib/python3.8/site-packages/airflow/example_dags/example_datasets.py
[2024-01-09T07:36:12.982+0000] {processor.py:830} INFO - Processing file /home/airflow/.local/lib/python3.8/site-packages/airflow/example_dags/example_datasets.py for tasks to queue
[2024-01-09T07:36:12.984+0000] {logging_mixin.py:188} INFO - [2024-01-09T07:36:12.984+0000] {dagbag.py:538} INFO - Filling up the DagBag from /home/airflow/.local/lib/python3.8/site-packages/airflow/example_dags/example_datasets.py
[2024-01-09T07:36:12.991+0000] {processor.py:840} INFO - DAG(s) 'dataset_produces_2', 'dataset_consumes_unknown_never_scheduled', 'dataset_produces_1', 'dataset_consumes_1_never_scheduled', 'dataset_consumes_1', 'dataset_consumes_1_and_2' retrieved from /home/airflow/.local/lib/python3.8/site-packages/airflow/example_dags/example_datasets.py
[2024-01-09T07:36:13.015+0000] {logging_mixin.py:188} INFO - [2024-01-09T07:36:13.015+0000] {dag.py:3033} INFO - Sync 6 DAGs
[2024-01-09T07:36:13.030+0000] {logging_mixin.py:188} INFO - [2024-01-09T07:36:13.030+0000] {dag.py:3820} INFO - Setting next_dagrun for dataset_consumes_1 to None, run_after=None
[2024-01-09T07:36:13.033+0000] {logging_mixin.py:188} INFO - [2024-01-09T07:36:13.033+0000] {dag.py:3820} INFO - Setting next_dagrun for dataset_consumes_1_and_2 to None, run_after=None
[2024-01-09T07:36:13.034+0000] {logging_mixin.py:188} INFO - [2024-01-09T07:36:13.034+0000] {dag.py:3820} INFO - Setting next_dagrun for dataset_consumes_1_never_scheduled to None, run_after=None
[2024-01-09T07:36:13.035+0000] {logging_mixin.py:188} INFO - [2024-01-09T07:36:13.035+0000] {dag.py:3820} INFO - Setting next_dagrun for dataset_consumes_unknown_never_scheduled to None, run_after=None
[2024-01-09T07:36:13.037+0000] {logging_mixin.py:188} INFO - [2024-01-09T07:36:13.037+0000] {dag.py:3820} INFO - Setting next_dagrun for dataset_produces_1 to 2024-01-08T00:00:00+00:00, run_after=2024-01-09T00:00:00+00:00
[2024-01-09T07:36:13.038+0000] {logging_mixin.py:188} INFO - [2024-01-09T07:36:13.038+0000] {dag.py:3820} INFO - Setting next_dagrun for dataset_produces_2 to None, run_after=None
[2024-01-09T07:36:13.060+0000] {processor.py:183} INFO - Processing /home/airflow/.local/lib/python3.8/site-packages/airflow/example_dags/example_datasets.py took 0.082 seconds
[2024-01-09T07:36:43.291+0000] {processor.py:161} INFO - Started process (PID=203) to work on /home/airflow/.local/lib/python3.8/site-packages/airflow/example_dags/example_datasets.py
[2024-01-09T07:36:43.292+0000] {processor.py:830} INFO - Processing file /home/airflow/.local/lib/python3.8/site-packages/airflow/example_dags/example_datasets.py for tasks to queue
[2024-01-09T07:36:43.294+0000] {logging_mixin.py:188} INFO - [2024-01-09T07:36:43.294+0000] {dagbag.py:538} INFO - Filling up the DagBag from /home/airflow/.local/lib/python3.8/site-packages/airflow/example_dags/example_datasets.py
[2024-01-09T07:36:43.301+0000] {processor.py:840} INFO - DAG(s) 'dataset_produces_2', 'dataset_consumes_unknown_never_scheduled', 'dataset_consumes_1', 'dataset_consumes_1_never_scheduled', 'dataset_consumes_1_and_2', 'dataset_produces_1' retrieved from /home/airflow/.local/lib/python3.8/site-packages/airflow/example_dags/example_datasets.py
[2024-01-09T07:36:43.328+0000] {logging_mixin.py:188} INFO - [2024-01-09T07:36:43.328+0000] {dag.py:3033} INFO - Sync 6 DAGs
[2024-01-09T07:36:43.345+0000] {logging_mixin.py:188} INFO - [2024-01-09T07:36:43.345+0000] {dag.py:3820} INFO - Setting next_dagrun for dataset_consumes_1 to None, run_after=None
[2024-01-09T07:36:43.347+0000] {logging_mixin.py:188} INFO - [2024-01-09T07:36:43.347+0000] {dag.py:3820} INFO - Setting next_dagrun for dataset_consumes_1_and_2 to None, run_after=None
[2024-01-09T07:36:43.348+0000] {logging_mixin.py:188} INFO - [2024-01-09T07:36:43.348+0000] {dag.py:3820} INFO - Setting next_dagrun for dataset_consumes_1_never_scheduled to None, run_after=None
[2024-01-09T07:36:43.349+0000] {logging_mixin.py:188} INFO - [2024-01-09T07:36:43.349+0000] {dag.py:3820} INFO - Setting next_dagrun for dataset_consumes_unknown_never_scheduled to None, run_after=None
[2024-01-09T07:36:43.351+0000] {logging_mixin.py:188} INFO - [2024-01-09T07:36:43.351+0000] {dag.py:3820} INFO - Setting next_dagrun for dataset_produces_1 to 2024-01-08T00:00:00+00:00, run_after=2024-01-09T00:00:00+00:00
[2024-01-09T07:36:43.352+0000] {logging_mixin.py:188} INFO - [2024-01-09T07:36:43.352+0000] {dag.py:3820} INFO - Setting next_dagrun for dataset_produces_2 to None, run_after=None
[2024-01-09T07:36:43.377+0000] {processor.py:183} INFO - Processing /home/airflow/.local/lib/python3.8/site-packages/airflow/example_dags/example_datasets.py took 0.088 seconds
[2024-01-09T07:37:13.672+0000] {processor.py:161} INFO - Started process (PID=258) to work on /home/airflow/.local/lib/python3.8/site-packages/airflow/example_dags/example_datasets.py
[2024-01-09T07:37:13.673+0000] {processor.py:830} INFO - Processing file /home/airflow/.local/lib/python3.8/site-packages/airflow/example_dags/example_datasets.py for tasks to queue
[2024-01-09T07:37:13.676+0000] {logging_mixin.py:188} INFO - [2024-01-09T07:37:13.675+0000] {dagbag.py:538} INFO - Filling up the DagBag from /home/airflow/.local/lib/python3.8/site-packages/airflow/example_dags/example_datasets.py
[2024-01-09T07:37:13.684+0000] {processor.py:840} INFO - DAG(s) 'dataset_produces_2', 'dataset_produces_1', 'dataset_consumes_unknown_never_scheduled', 'dataset_consumes_1', 'dataset_consumes_1_never_scheduled', 'dataset_consumes_1_and_2' retrieved from /home/airflow/.local/lib/python3.8/site-packages/airflow/example_dags/example_datasets.py
[2024-01-09T07:37:13.711+0000] {logging_mixin.py:188} INFO - [2024-01-09T07:37:13.711+0000] {dag.py:3033} INFO - Sync 6 DAGs
[2024-01-09T07:37:13.728+0000] {logging_mixin.py:188} INFO - [2024-01-09T07:37:13.728+0000] {dag.py:3820} INFO - Setting next_dagrun for dataset_consumes_1 to None, run_after=None
[2024-01-09T07:37:13.731+0000] {logging_mixin.py:188} INFO - [2024-01-09T07:37:13.731+0000] {dag.py:3820} INFO - Setting next_dagrun for dataset_consumes_1_and_2 to None, run_after=None
[2024-01-09T07:37:13.732+0000] {logging_mixin.py:188} INFO - [2024-01-09T07:37:13.732+0000] {dag.py:3820} INFO - Setting next_dagrun for dataset_consumes_1_never_scheduled to None, run_after=None
[2024-01-09T07:37:13.733+0000] {logging_mixin.py:188} INFO - [2024-01-09T07:37:13.733+0000] {dag.py:3820} INFO - Setting next_dagrun for dataset_consumes_unknown_never_scheduled to None, run_after=None
[2024-01-09T07:37:13.736+0000] {logging_mixin.py:188} INFO - [2024-01-09T07:37:13.736+0000] {dag.py:3820} INFO - Setting next_dagrun for dataset_produces_1 to 2024-01-08T00:00:00+00:00, run_after=2024-01-09T00:00:00+00:00
[2024-01-09T07:37:13.737+0000] {logging_mixin.py:188} INFO - [2024-01-09T07:37:13.737+0000] {dag.py:3820} INFO - Setting next_dagrun for dataset_produces_2 to None, run_after=None
[2024-01-09T07:37:13.762+0000] {processor.py:183} INFO - Processing /home/airflow/.local/lib/python3.8/site-packages/airflow/example_dags/example_datasets.py took 0.093 seconds
[2024-01-09T07:37:44.140+0000] {processor.py:161} INFO - Started process (PID=313) to work on /home/airflow/.local/lib/python3.8/site-packages/airflow/example_dags/example_datasets.py
[2024-01-09T07:37:44.141+0000] {processor.py:830} INFO - Processing file /home/airflow/.local/lib/python3.8/site-packages/airflow/example_dags/example_datasets.py for tasks to queue
[2024-01-09T07:37:44.143+0000] {logging_mixin.py:188} INFO - [2024-01-09T07:37:44.143+0000] {dagbag.py:538} INFO - Filling up the DagBag from /home/airflow/.local/lib/python3.8/site-packages/airflow/example_dags/example_datasets.py
[2024-01-09T07:37:44.150+0000] {processor.py:840} INFO - DAG(s) 'dataset_consumes_unknown_never_scheduled', 'dataset_produces_1', 'dataset_consumes_1_and_2', 'dataset_produces_2', 'dataset_consumes_1_never_scheduled', 'dataset_consumes_1' retrieved from /home/airflow/.local/lib/python3.8/site-packages/airflow/example_dags/example_datasets.py
[2024-01-09T07:37:44.176+0000] {logging_mixin.py:188} INFO - [2024-01-09T07:37:44.175+0000] {dag.py:3033} INFO - Sync 6 DAGs
[2024-01-09T07:37:44.191+0000] {logging_mixin.py:188} INFO - [2024-01-09T07:37:44.191+0000] {dag.py:3820} INFO - Setting next_dagrun for dataset_consumes_1 to None, run_after=None
[2024-01-09T07:37:44.194+0000] {logging_mixin.py:188} INFO - [2024-01-09T07:37:44.194+0000] {dag.py:3820} INFO - Setting next_dagrun for dataset_consumes_1_and_2 to None, run_after=None
[2024-01-09T07:37:44.195+0000] {logging_mixin.py:188} INFO - [2024-01-09T07:37:44.195+0000] {dag.py:3820} INFO - Setting next_dagrun for dataset_consumes_1_never_scheduled to None, run_after=None
[2024-01-09T07:37:44.196+0000] {logging_mixin.py:188} INFO - [2024-01-09T07:37:44.196+0000] {dag.py:3820} INFO - Setting next_dagrun for dataset_consumes_unknown_never_scheduled to None, run_after=None
[2024-01-09T07:37:44.198+0000] {logging_mixin.py:188} INFO - [2024-01-09T07:37:44.198+0000] {dag.py:3820} INFO - Setting next_dagrun for dataset_produces_1 to 2024-01-08T00:00:00+00:00, run_after=2024-01-09T00:00:00+00:00
[2024-01-09T07:37:44.199+0000] {logging_mixin.py:188} INFO - [2024-01-09T07:37:44.199+0000] {dag.py:3820} INFO - Setting next_dagrun for dataset_produces_2 to None, run_after=None
[2024-01-09T07:37:44.220+0000] {processor.py:183} INFO - Processing /home/airflow/.local/lib/python3.8/site-packages/airflow/example_dags/example_datasets.py took 0.083 seconds
[2024-01-09T07:38:14.525+0000] {processor.py:161} INFO - Started process (PID=368) to work on /home/airflow/.local/lib/python3.8/site-packages/airflow/example_dags/example_datasets.py
[2024-01-09T07:38:14.526+0000] {processor.py:830} INFO - Processing file /home/airflow/.local/lib/python3.8/site-packages/airflow/example_dags/example_datasets.py for tasks to queue
[2024-01-09T07:38:14.528+0000] {logging_mixin.py:188} INFO - [2024-01-09T07:38:14.528+0000] {dagbag.py:538} INFO - Filling up the DagBag from /home/airflow/.local/lib/python3.8/site-packages/airflow/example_dags/example_datasets.py
[2024-01-09T07:38:14.537+0000] {processor.py:840} INFO - DAG(s) 'dataset_consumes_1_never_scheduled', 'dataset_produces_2', 'dataset_produces_1', 'dataset_consumes_1_and_2', 'dataset_consumes_1', 'dataset_consumes_unknown_never_scheduled' retrieved from /home/airflow/.local/lib/python3.8/site-packages/airflow/example_dags/example_datasets.py
[2024-01-09T07:38:14.574+0000] {logging_mixin.py:188} INFO - [2024-01-09T07:38:14.574+0000] {dag.py:3033} INFO - Sync 6 DAGs
[2024-01-09T07:38:14.593+0000] {logging_mixin.py:188} INFO - [2024-01-09T07:38:14.593+0000] {dag.py:3820} INFO - Setting next_dagrun for dataset_consumes_1 to None, run_after=None
[2024-01-09T07:38:14.596+0000] {logging_mixin.py:188} INFO - [2024-01-09T07:38:14.596+0000] {dag.py:3820} INFO - Setting next_dagrun for dataset_consumes_1_and_2 to None, run_after=None
[2024-01-09T07:38:14.597+0000] {logging_mixin.py:188} INFO - [2024-01-09T07:38:14.597+0000] {dag.py:3820} INFO - Setting next_dagrun for dataset_consumes_1_never_scheduled to None, run_after=None
[2024-01-09T07:38:14.598+0000] {logging_mixin.py:188} INFO - [2024-01-09T07:38:14.598+0000] {dag.py:3820} INFO - Setting next_dagrun for dataset_consumes_unknown_never_scheduled to None, run_after=None
[2024-01-09T07:38:14.602+0000] {logging_mixin.py:188} INFO - [2024-01-09T07:38:14.602+0000] {dag.py:3820} INFO - Setting next_dagrun for dataset_produces_1 to 2024-01-08T00:00:00+00:00, run_after=2024-01-09T00:00:00+00:00
[2024-01-09T07:38:14.604+0000] {logging_mixin.py:188} INFO - [2024-01-09T07:38:14.604+0000] {dag.py:3820} INFO - Setting next_dagrun for dataset_produces_2 to None, run_after=None
[2024-01-09T07:38:14.634+0000] {processor.py:183} INFO - Processing /home/airflow/.local/lib/python3.8/site-packages/airflow/example_dags/example_datasets.py took 0.112 seconds
[2024-01-09T07:38:45.063+0000] {processor.py:161} INFO - Started process (PID=423) to work on /home/airflow/.local/lib/python3.8/site-packages/airflow/example_dags/example_datasets.py
[2024-01-09T07:38:45.064+0000] {processor.py:830} INFO - Processing file /home/airflow/.local/lib/python3.8/site-packages/airflow/example_dags/example_datasets.py for tasks to queue
[2024-01-09T07:38:45.065+0000] {logging_mixin.py:188} INFO - [2024-01-09T07:38:45.065+0000] {dagbag.py:538} INFO - Filling up the DagBag from /home/airflow/.local/lib/python3.8/site-packages/airflow/example_dags/example_datasets.py
[2024-01-09T07:38:45.072+0000] {processor.py:840} INFO - DAG(s) 'dataset_consumes_1', 'dataset_consumes_1_and_2', 'dataset_consumes_unknown_never_scheduled', 'dataset_consumes_1_never_scheduled', 'dataset_produces_1', 'dataset_produces_2' retrieved from /home/airflow/.local/lib/python3.8/site-packages/airflow/example_dags/example_datasets.py
[2024-01-09T07:38:45.097+0000] {logging_mixin.py:188} INFO - [2024-01-09T07:38:45.097+0000] {dag.py:3033} INFO - Sync 6 DAGs
[2024-01-09T07:38:45.113+0000] {logging_mixin.py:188} INFO - [2024-01-09T07:38:45.113+0000] {dag.py:3820} INFO - Setting next_dagrun for dataset_consumes_1 to None, run_after=None
[2024-01-09T07:38:45.116+0000] {logging_mixin.py:188} INFO - [2024-01-09T07:38:45.116+0000] {dag.py:3820} INFO - Setting next_dagrun for dataset_consumes_1_and_2 to None, run_after=None
[2024-01-09T07:38:45.117+0000] {logging_mixin.py:188} INFO - [2024-01-09T07:38:45.117+0000] {dag.py:3820} INFO - Setting next_dagrun for dataset_consumes_1_never_scheduled to None, run_after=None
[2024-01-09T07:38:45.118+0000] {logging_mixin.py:188} INFO - [2024-01-09T07:38:45.118+0000] {dag.py:3820} INFO - Setting next_dagrun for dataset_consumes_unknown_never_scheduled to None, run_after=None
[2024-01-09T07:38:45.120+0000] {logging_mixin.py:188} INFO - [2024-01-09T07:38:45.120+0000] {dag.py:3820} INFO - Setting next_dagrun for dataset_produces_1 to 2024-01-08T00:00:00+00:00, run_after=2024-01-09T00:00:00+00:00
[2024-01-09T07:38:45.121+0000] {logging_mixin.py:188} INFO - [2024-01-09T07:38:45.121+0000] {dag.py:3820} INFO - Setting next_dagrun for dataset_produces_2 to None, run_after=None
[2024-01-09T07:38:45.142+0000] {processor.py:183} INFO - Processing /home/airflow/.local/lib/python3.8/site-packages/airflow/example_dags/example_datasets.py took 0.082 seconds
[2024-01-09T07:39:15.399+0000] {processor.py:161} INFO - Started process (PID=478) to work on /home/airflow/.local/lib/python3.8/site-packages/airflow/example_dags/example_datasets.py
[2024-01-09T07:39:15.400+0000] {processor.py:830} INFO - Processing file /home/airflow/.local/lib/python3.8/site-packages/airflow/example_dags/example_datasets.py for tasks to queue
[2024-01-09T07:39:15.402+0000] {logging_mixin.py:188} INFO - [2024-01-09T07:39:15.402+0000] {dagbag.py:538} INFO - Filling up the DagBag from /home/airflow/.local/lib/python3.8/site-packages/airflow/example_dags/example_datasets.py
[2024-01-09T07:39:15.410+0000] {processor.py:840} INFO - DAG(s) 'dataset_produces_1', 'dataset_consumes_1', 'dataset_consumes_unknown_never_scheduled', 'dataset_consumes_1_and_2', 'dataset_produces_2', 'dataset_consumes_1_never_scheduled' retrieved from /home/airflow/.local/lib/python3.8/site-packages/airflow/example_dags/example_datasets.py
[2024-01-09T07:39:15.442+0000] {logging_mixin.py:188} INFO - [2024-01-09T07:39:15.441+0000] {dag.py:3033} INFO - Sync 6 DAGs
[2024-01-09T07:39:15.461+0000] {logging_mixin.py:188} INFO - [2024-01-09T07:39:15.461+0000] {dag.py:3820} INFO - Setting next_dagrun for dataset_consumes_1 to None, run_after=None
[2024-01-09T07:39:15.464+0000] {logging_mixin.py:188} INFO - [2024-01-09T07:39:15.464+0000] {dag.py:3820} INFO - Setting next_dagrun for dataset_consumes_1_and_2 to None, run_after=None
[2024-01-09T07:39:15.465+0000] {logging_mixin.py:188} INFO - [2024-01-09T07:39:15.465+0000] {dag.py:3820} INFO - Setting next_dagrun for dataset_consumes_1_never_scheduled to None, run_after=None
[2024-01-09T07:39:15.467+0000] {logging_mixin.py:188} INFO - [2024-01-09T07:39:15.466+0000] {dag.py:3820} INFO - Setting next_dagrun for dataset_consumes_unknown_never_scheduled to None, run_after=None
[2024-01-09T07:39:15.469+0000] {logging_mixin.py:188} INFO - [2024-01-09T07:39:15.469+0000] {dag.py:3820} INFO - Setting next_dagrun for dataset_produces_1 to 2024-01-08T00:00:00+00:00, run_after=2024-01-09T00:00:00+00:00
[2024-01-09T07:39:15.470+0000] {logging_mixin.py:188} INFO - [2024-01-09T07:39:15.470+0000] {dag.py:3820} INFO - Setting next_dagrun for dataset_produces_2 to None, run_after=None
[2024-01-09T07:39:15.497+0000] {processor.py:183} INFO - Processing /home/airflow/.local/lib/python3.8/site-packages/airflow/example_dags/example_datasets.py took 0.102 seconds
[2024-01-09T07:39:45.853+0000] {processor.py:161} INFO - Started process (PID=533) to work on /home/airflow/.local/lib/python3.8/site-packages/airflow/example_dags/example_datasets.py
[2024-01-09T07:39:45.854+0000] {processor.py:830} INFO - Processing file /home/airflow/.local/lib/python3.8/site-packages/airflow/example_dags/example_datasets.py for tasks to queue
[2024-01-09T07:39:45.855+0000] {logging_mixin.py:188} INFO - [2024-01-09T07:39:45.855+0000] {dagbag.py:538} INFO - Filling up the DagBag from /home/airflow/.local/lib/python3.8/site-packages/airflow/example_dags/example_datasets.py
[2024-01-09T07:39:45.863+0000] {processor.py:840} INFO - DAG(s) 'dataset_consumes_1', 'dataset_produces_2', 'dataset_consumes_1_never_scheduled', 'dataset_produces_1', 'dataset_consumes_unknown_never_scheduled', 'dataset_consumes_1_and_2' retrieved from /home/airflow/.local/lib/python3.8/site-packages/airflow/example_dags/example_datasets.py
[2024-01-09T07:39:45.891+0000] {logging_mixin.py:188} INFO - [2024-01-09T07:39:45.891+0000] {dag.py:3033} INFO - Sync 6 DAGs
[2024-01-09T07:39:45.909+0000] {logging_mixin.py:188} INFO - [2024-01-09T07:39:45.908+0000] {dag.py:3820} INFO - Setting next_dagrun for dataset_consumes_1 to None, run_after=None
[2024-01-09T07:39:45.911+0000] {logging_mixin.py:188} INFO - [2024-01-09T07:39:45.911+0000] {dag.py:3820} INFO - Setting next_dagrun for dataset_consumes_1_and_2 to None, run_after=None
[2024-01-09T07:39:45.912+0000] {logging_mixin.py:188} INFO - [2024-01-09T07:39:45.912+0000] {dag.py:3820} INFO - Setting next_dagrun for dataset_consumes_1_never_scheduled to None, run_after=None
[2024-01-09T07:39:45.913+0000] {logging_mixin.py:188} INFO - [2024-01-09T07:39:45.913+0000] {dag.py:3820} INFO - Setting next_dagrun for dataset_consumes_unknown_never_scheduled to None, run_after=None
[2024-01-09T07:39:45.915+0000] {logging_mixin.py:188} INFO - [2024-01-09T07:39:45.915+0000] {dag.py:3820} INFO - Setting next_dagrun for dataset_produces_1 to 2024-01-08T00:00:00+00:00, run_after=2024-01-09T00:00:00+00:00
[2024-01-09T07:39:45.916+0000] {logging_mixin.py:188} INFO - [2024-01-09T07:39:45.916+0000] {dag.py:3820} INFO - Setting next_dagrun for dataset_produces_2 to None, run_after=None
[2024-01-09T07:39:45.940+0000] {processor.py:183} INFO - Processing /home/airflow/.local/lib/python3.8/site-packages/airflow/example_dags/example_datasets.py took 0.091 seconds
[2024-01-09T07:40:16.254+0000] {processor.py:161} INFO - Started process (PID=588) to work on /home/airflow/.local/lib/python3.8/site-packages/airflow/example_dags/example_datasets.py
[2024-01-09T07:40:16.255+0000] {processor.py:830} INFO - Processing file /home/airflow/.local/lib/python3.8/site-packages/airflow/example_dags/example_datasets.py for tasks to queue
[2024-01-09T07:40:16.256+0000] {logging_mixin.py:188} INFO - [2024-01-09T07:40:16.256+0000] {dagbag.py:538} INFO - Filling up the DagBag from /home/airflow/.local/lib/python3.8/site-packages/airflow/example_dags/example_datasets.py
[2024-01-09T07:40:16.264+0000] {processor.py:840} INFO - DAG(s) 'dataset_consumes_1_never_scheduled', 'dataset_produces_1', 'dataset_consumes_unknown_never_scheduled', 'dataset_consumes_1', 'dataset_produces_2', 'dataset_consumes_1_and_2' retrieved from /home/airflow/.local/lib/python3.8/site-packages/airflow/example_dags/example_datasets.py
[2024-01-09T07:40:16.292+0000] {logging_mixin.py:188} INFO - [2024-01-09T07:40:16.291+0000] {dag.py:3033} INFO - Sync 6 DAGs
[2024-01-09T07:40:16.310+0000] {logging_mixin.py:188} INFO - [2024-01-09T07:40:16.310+0000] {dag.py:3820} INFO - Setting next_dagrun for dataset_consumes_1 to None, run_after=None
[2024-01-09T07:40:16.313+0000] {logging_mixin.py:188} INFO - [2024-01-09T07:40:16.313+0000] {dag.py:3820} INFO - Setting next_dagrun for dataset_consumes_1_and_2 to None, run_after=None
[2024-01-09T07:40:16.314+0000] {logging_mixin.py:188} INFO - [2024-01-09T07:40:16.314+0000] {dag.py:3820} INFO - Setting next_dagrun for dataset_consumes_1_never_scheduled to None, run_after=None
[2024-01-09T07:40:16.316+0000] {logging_mixin.py:188} INFO - [2024-01-09T07:40:16.316+0000] {dag.py:3820} INFO - Setting next_dagrun for dataset_consumes_unknown_never_scheduled to None, run_after=None
[2024-01-09T07:40:16.318+0000] {logging_mixin.py:188} INFO - [2024-01-09T07:40:16.318+0000] {dag.py:3820} INFO - Setting next_dagrun for dataset_produces_1 to 2024-01-08T00:00:00+00:00, run_after=2024-01-09T00:00:00+00:00
[2024-01-09T07:40:16.319+0000] {logging_mixin.py:188} INFO - [2024-01-09T07:40:16.319+0000] {dag.py:3820} INFO - Setting next_dagrun for dataset_produces_2 to None, run_after=None
[2024-01-09T07:40:16.345+0000] {processor.py:183} INFO - Processing /home/airflow/.local/lib/python3.8/site-packages/airflow/example_dags/example_datasets.py took 0.094 seconds
[2024-01-09T07:40:46.970+0000] {processor.py:161} INFO - Started process (PID=643) to work on /home/airflow/.local/lib/python3.8/site-packages/airflow/example_dags/example_datasets.py
[2024-01-09T07:40:46.971+0000] {processor.py:830} INFO - Processing file /home/airflow/.local/lib/python3.8/site-packages/airflow/example_dags/example_datasets.py for tasks to queue
[2024-01-09T07:40:46.974+0000] {logging_mixin.py:188} INFO - [2024-01-09T07:40:46.973+0000] {dagbag.py:538} INFO - Filling up the DagBag from /home/airflow/.local/lib/python3.8/site-packages/airflow/example_dags/example_datasets.py
[2024-01-09T07:40:46.981+0000] {processor.py:840} INFO - DAG(s) 'dataset_consumes_1_and_2', 'dataset_consumes_unknown_never_scheduled', 'dataset_consumes_1_never_scheduled', 'dataset_produces_1', 'dataset_produces_2', 'dataset_consumes_1' retrieved from /home/airflow/.local/lib/python3.8/site-packages/airflow/example_dags/example_datasets.py
[2024-01-09T07:40:47.009+0000] {logging_mixin.py:188} INFO - [2024-01-09T07:40:47.009+0000] {dag.py:3033} INFO - Sync 6 DAGs
[2024-01-09T07:40:47.027+0000] {logging_mixin.py:188} INFO - [2024-01-09T07:40:47.027+0000] {dag.py:3820} INFO - Setting next_dagrun for dataset_consumes_1 to None, run_after=None
[2024-01-09T07:40:47.030+0000] {logging_mixin.py:188} INFO - [2024-01-09T07:40:47.029+0000] {dag.py:3820} INFO - Setting next_dagrun for dataset_consumes_1_and_2 to None, run_after=None
[2024-01-09T07:40:47.031+0000] {logging_mixin.py:188} INFO - [2024-01-09T07:40:47.031+0000] {dag.py:3820} INFO - Setting next_dagrun for dataset_consumes_1_never_scheduled to None, run_after=None
[2024-01-09T07:40:47.032+0000] {logging_mixin.py:188} INFO - [2024-01-09T07:40:47.032+0000] {dag.py:3820} INFO - Setting next_dagrun for dataset_consumes_unknown_never_scheduled to None, run_after=None
[2024-01-09T07:40:47.034+0000] {logging_mixin.py:188} INFO - [2024-01-09T07:40:47.034+0000] {dag.py:3820} INFO - Setting next_dagrun for dataset_produces_1 to 2024-01-08T00:00:00+00:00, run_after=2024-01-09T00:00:00+00:00
[2024-01-09T07:40:47.035+0000] {logging_mixin.py:188} INFO - [2024-01-09T07:40:47.035+0000] {dag.py:3820} INFO - Setting next_dagrun for dataset_produces_2 to None, run_after=None
[2024-01-09T07:40:47.060+0000] {processor.py:183} INFO - Processing /home/airflow/.local/lib/python3.8/site-packages/airflow/example_dags/example_datasets.py took 0.094 seconds
[2024-01-09T07:41:17.251+0000] {processor.py:161} INFO - Started process (PID=698) to work on /home/airflow/.local/lib/python3.8/site-packages/airflow/example_dags/example_datasets.py
[2024-01-09T07:41:17.253+0000] {processor.py:830} INFO - Processing file /home/airflow/.local/lib/python3.8/site-packages/airflow/example_dags/example_datasets.py for tasks to queue
[2024-01-09T07:41:17.255+0000] {logging_mixin.py:188} INFO - [2024-01-09T07:41:17.255+0000] {dagbag.py:538} INFO - Filling up the DagBag from /home/airflow/.local/lib/python3.8/site-packages/airflow/example_dags/example_datasets.py
[2024-01-09T07:41:17.263+0000] {processor.py:840} INFO - DAG(s) 'dataset_produces_1', 'dataset_consumes_1_never_scheduled', 'dataset_consumes_1_and_2', 'dataset_consumes_1', 'dataset_consumes_unknown_never_scheduled', 'dataset_produces_2' retrieved from /home/airflow/.local/lib/python3.8/site-packages/airflow/example_dags/example_datasets.py
[2024-01-09T07:41:17.299+0000] {logging_mixin.py:188} INFO - [2024-01-09T07:41:17.298+0000] {dag.py:3033} INFO - Sync 6 DAGs
[2024-01-09T07:41:17.325+0000] {logging_mixin.py:188} INFO - [2024-01-09T07:41:17.325+0000] {dag.py:3820} INFO - Setting next_dagrun for dataset_consumes_1 to None, run_after=None
[2024-01-09T07:41:17.329+0000] {logging_mixin.py:188} INFO - [2024-01-09T07:41:17.329+0000] {dag.py:3820} INFO - Setting next_dagrun for dataset_consumes_1_and_2 to None, run_after=None
[2024-01-09T07:41:17.331+0000] {logging_mixin.py:188} INFO - [2024-01-09T07:41:17.331+0000] {dag.py:3820} INFO - Setting next_dagrun for dataset_consumes_1_never_scheduled to None, run_after=None
[2024-01-09T07:41:17.333+0000] {logging_mixin.py:188} INFO - [2024-01-09T07:41:17.332+0000] {dag.py:3820} INFO - Setting next_dagrun for dataset_consumes_unknown_never_scheduled to None, run_after=None
[2024-01-09T07:41:17.337+0000] {logging_mixin.py:188} INFO - [2024-01-09T07:41:17.336+0000] {dag.py:3820} INFO - Setting next_dagrun for dataset_produces_1 to 2024-01-08T00:00:00+00:00, run_after=2024-01-09T00:00:00+00:00
[2024-01-09T07:41:17.338+0000] {logging_mixin.py:188} INFO - [2024-01-09T07:41:17.338+0000] {dag.py:3820} INFO - Setting next_dagrun for dataset_produces_2 to None, run_after=None
[2024-01-09T07:41:17.369+0000] {processor.py:183} INFO - Processing /home/airflow/.local/lib/python3.8/site-packages/airflow/example_dags/example_datasets.py took 0.121 seconds
[2024-01-09T07:41:47.583+0000] {processor.py:161} INFO - Started process (PID=753) to work on /home/airflow/.local/lib/python3.8/site-packages/airflow/example_dags/example_datasets.py
[2024-01-09T07:41:47.585+0000] {processor.py:830} INFO - Processing file /home/airflow/.local/lib/python3.8/site-packages/airflow/example_dags/example_datasets.py for tasks to queue
[2024-01-09T07:41:47.587+0000] {logging_mixin.py:188} INFO - [2024-01-09T07:41:47.586+0000] {dagbag.py:538} INFO - Filling up the DagBag from /home/airflow/.local/lib/python3.8/site-packages/airflow/example_dags/example_datasets.py
[2024-01-09T07:41:47.593+0000] {processor.py:840} INFO - DAG(s) 'dataset_consumes_1_never_scheduled', 'dataset_consumes_1', 'dataset_consumes_unknown_never_scheduled', 'dataset_produces_2', 'dataset_produces_1', 'dataset_consumes_1_and_2' retrieved from /home/airflow/.local/lib/python3.8/site-packages/airflow/example_dags/example_datasets.py
[2024-01-09T07:41:47.620+0000] {logging_mixin.py:188} INFO - [2024-01-09T07:41:47.620+0000] {dag.py:3033} INFO - Sync 6 DAGs
[2024-01-09T07:41:47.636+0000] {logging_mixin.py:188} INFO - [2024-01-09T07:41:47.636+0000] {dag.py:3820} INFO - Setting next_dagrun for dataset_consumes_1 to None, run_after=None
[2024-01-09T07:41:47.639+0000] {logging_mixin.py:188} INFO - [2024-01-09T07:41:47.639+0000] {dag.py:3820} INFO - Setting next_dagrun for dataset_consumes_1_and_2 to None, run_after=None
[2024-01-09T07:41:47.640+0000] {logging_mixin.py:188} INFO - [2024-01-09T07:41:47.640+0000] {dag.py:3820} INFO - Setting next_dagrun for dataset_consumes_1_never_scheduled to None, run_after=None
[2024-01-09T07:41:47.641+0000] {logging_mixin.py:188} INFO - [2024-01-09T07:41:47.641+0000] {dag.py:3820} INFO - Setting next_dagrun for dataset_consumes_unknown_never_scheduled to None, run_after=None
[2024-01-09T07:41:47.643+0000] {logging_mixin.py:188} INFO - [2024-01-09T07:41:47.643+0000] {dag.py:3820} INFO - Setting next_dagrun for dataset_produces_1 to 2024-01-08T00:00:00+00:00, run_after=2024-01-09T00:00:00+00:00
[2024-01-09T07:41:47.644+0000] {logging_mixin.py:188} INFO - [2024-01-09T07:41:47.644+0000] {dag.py:3820} INFO - Setting next_dagrun for dataset_produces_2 to None, run_after=None
[2024-01-09T07:41:47.667+0000] {processor.py:183} INFO - Processing /home/airflow/.local/lib/python3.8/site-packages/airflow/example_dags/example_datasets.py took 0.087 seconds
[2024-01-09T07:42:17.992+0000] {processor.py:161} INFO - Started process (PID=808) to work on /home/airflow/.local/lib/python3.8/site-packages/airflow/example_dags/example_datasets.py
[2024-01-09T07:42:17.993+0000] {processor.py:830} INFO - Processing file /home/airflow/.local/lib/python3.8/site-packages/airflow/example_dags/example_datasets.py for tasks to queue
[2024-01-09T07:42:17.995+0000] {logging_mixin.py:188} INFO - [2024-01-09T07:42:17.995+0000] {dagbag.py:538} INFO - Filling up the DagBag from /home/airflow/.local/lib/python3.8/site-packages/airflow/example_dags/example_datasets.py
[2024-01-09T07:42:18.003+0000] {processor.py:840} INFO - DAG(s) 'dataset_consumes_1', 'dataset_consumes_unknown_never_scheduled', 'dataset_consumes_1_and_2', 'dataset_produces_2', 'dataset_produces_1', 'dataset_consumes_1_never_scheduled' retrieved from /home/airflow/.local/lib/python3.8/site-packages/airflow/example_dags/example_datasets.py
[2024-01-09T07:42:18.029+0000] {logging_mixin.py:188} INFO - [2024-01-09T07:42:18.029+0000] {dag.py:3033} INFO - Sync 6 DAGs
[2024-01-09T07:42:18.046+0000] {logging_mixin.py:188} INFO - [2024-01-09T07:42:18.046+0000] {dag.py:3820} INFO - Setting next_dagrun for dataset_consumes_1 to None, run_after=None
[2024-01-09T07:42:18.049+0000] {logging_mixin.py:188} INFO - [2024-01-09T07:42:18.049+0000] {dag.py:3820} INFO - Setting next_dagrun for dataset_consumes_1_and_2 to None, run_after=None
[2024-01-09T07:42:18.050+0000] {logging_mixin.py:188} INFO - [2024-01-09T07:42:18.050+0000] {dag.py:3820} INFO - Setting next_dagrun for dataset_consumes_1_never_scheduled to None, run_after=None
[2024-01-09T07:42:18.051+0000] {logging_mixin.py:188} INFO - [2024-01-09T07:42:18.051+0000] {dag.py:3820} INFO - Setting next_dagrun for dataset_consumes_unknown_never_scheduled to None, run_after=None
[2024-01-09T07:42:18.053+0000] {logging_mixin.py:188} INFO - [2024-01-09T07:42:18.053+0000] {dag.py:3820} INFO - Setting next_dagrun for dataset_produces_1 to 2024-01-08T00:00:00+00:00, run_after=2024-01-09T00:00:00+00:00
[2024-01-09T07:42:18.054+0000] {logging_mixin.py:188} INFO - [2024-01-09T07:42:18.054+0000] {dag.py:3820} INFO - Setting next_dagrun for dataset_produces_2 to None, run_after=None
[2024-01-09T07:42:18.078+0000] {processor.py:183} INFO - Processing /home/airflow/.local/lib/python3.8/site-packages/airflow/example_dags/example_datasets.py took 0.089 seconds
[2024-01-09T07:42:48.819+0000] {processor.py:161} INFO - Started process (PID=863) to work on /home/airflow/.local/lib/python3.8/site-packages/airflow/example_dags/example_datasets.py
[2024-01-09T07:42:48.820+0000] {processor.py:830} INFO - Processing file /home/airflow/.local/lib/python3.8/site-packages/airflow/example_dags/example_datasets.py for tasks to queue
[2024-01-09T07:42:48.821+0000] {logging_mixin.py:188} INFO - [2024-01-09T07:42:48.821+0000] {dagbag.py:538} INFO - Filling up the DagBag from /home/airflow/.local/lib/python3.8/site-packages/airflow/example_dags/example_datasets.py
[2024-01-09T07:42:48.829+0000] {processor.py:840} INFO - DAG(s) 'dataset_consumes_1_never_scheduled', 'dataset_produces_2', 'dataset_produces_1', 'dataset_consumes_unknown_never_scheduled', 'dataset_consumes_1_and_2', 'dataset_consumes_1' retrieved from /home/airflow/.local/lib/python3.8/site-packages/airflow/example_dags/example_datasets.py
[2024-01-09T07:42:48.858+0000] {logging_mixin.py:188} INFO - [2024-01-09T07:42:48.858+0000] {dag.py:3033} INFO - Sync 6 DAGs
[2024-01-09T07:42:48.877+0000] {logging_mixin.py:188} INFO - [2024-01-09T07:42:48.877+0000] {dag.py:3820} INFO - Setting next_dagrun for dataset_consumes_1 to None, run_after=None
[2024-01-09T07:42:48.881+0000] {logging_mixin.py:188} INFO - [2024-01-09T07:42:48.880+0000] {dag.py:3820} INFO - Setting next_dagrun for dataset_consumes_1_and_2 to None, run_after=None
[2024-01-09T07:42:48.882+0000] {logging_mixin.py:188} INFO - [2024-01-09T07:42:48.882+0000] {dag.py:3820} INFO - Setting next_dagrun for dataset_consumes_1_never_scheduled to None, run_after=None
[2024-01-09T07:42:48.884+0000] {logging_mixin.py:188} INFO - [2024-01-09T07:42:48.884+0000] {dag.py:3820} INFO - Setting next_dagrun for dataset_consumes_unknown_never_scheduled to None, run_after=None
[2024-01-09T07:42:48.886+0000] {logging_mixin.py:188} INFO - [2024-01-09T07:42:48.886+0000] {dag.py:3820} INFO - Setting next_dagrun for dataset_produces_1 to 2024-01-08T00:00:00+00:00, run_after=2024-01-09T00:00:00+00:00
[2024-01-09T07:42:48.888+0000] {logging_mixin.py:188} INFO - [2024-01-09T07:42:48.887+0000] {dag.py:3820} INFO - Setting next_dagrun for dataset_produces_2 to None, run_after=None
[2024-01-09T07:42:48.918+0000] {processor.py:183} INFO - Processing /home/airflow/.local/lib/python3.8/site-packages/airflow/example_dags/example_datasets.py took 0.102 seconds
[2024-01-09T07:43:19.015+0000] {processor.py:161} INFO - Started process (PID=918) to work on /home/airflow/.local/lib/python3.8/site-packages/airflow/example_dags/example_datasets.py
[2024-01-09T07:43:19.016+0000] {processor.py:830} INFO - Processing file /home/airflow/.local/lib/python3.8/site-packages/airflow/example_dags/example_datasets.py for tasks to queue
[2024-01-09T07:43:19.018+0000] {logging_mixin.py:188} INFO - [2024-01-09T07:43:19.018+0000] {dagbag.py:538} INFO - Filling up the DagBag from /home/airflow/.local/lib/python3.8/site-packages/airflow/example_dags/example_datasets.py
[2024-01-09T07:43:19.025+0000] {processor.py:840} INFO - DAG(s) 'dataset_consumes_1_and_2', 'dataset_consumes_1', 'dataset_produces_1', 'dataset_consumes_unknown_never_scheduled', 'dataset_produces_2', 'dataset_consumes_1_never_scheduled' retrieved from /home/airflow/.local/lib/python3.8/site-packages/airflow/example_dags/example_datasets.py
[2024-01-09T07:43:19.053+0000] {logging_mixin.py:188} INFO - [2024-01-09T07:43:19.052+0000] {dag.py:3033} INFO - Sync 6 DAGs
[2024-01-09T07:43:19.070+0000] {logging_mixin.py:188} INFO - [2024-01-09T07:43:19.070+0000] {dag.py:3820} INFO - Setting next_dagrun for dataset_consumes_1 to None, run_after=None
[2024-01-09T07:43:19.073+0000] {logging_mixin.py:188} INFO - [2024-01-09T07:43:19.073+0000] {dag.py:3820} INFO - Setting next_dagrun for dataset_consumes_1_and_2 to None, run_after=None
[2024-01-09T07:43:19.074+0000] {logging_mixin.py:188} INFO - [2024-01-09T07:43:19.074+0000] {dag.py:3820} INFO - Setting next_dagrun for dataset_consumes_1_never_scheduled to None, run_after=None
[2024-01-09T07:43:19.075+0000] {logging_mixin.py:188} INFO - [2024-01-09T07:43:19.075+0000] {dag.py:3820} INFO - Setting next_dagrun for dataset_consumes_unknown_never_scheduled to None, run_after=None
[2024-01-09T07:43:19.077+0000] {logging_mixin.py:188} INFO - [2024-01-09T07:43:19.077+0000] {dag.py:3820} INFO - Setting next_dagrun for dataset_produces_1 to 2024-01-08T00:00:00+00:00, run_after=2024-01-09T00:00:00+00:00
[2024-01-09T07:43:19.078+0000] {logging_mixin.py:188} INFO - [2024-01-09T07:43:19.078+0000] {dag.py:3820} INFO - Setting next_dagrun for dataset_produces_2 to None, run_after=None
[2024-01-09T07:43:19.102+0000] {processor.py:183} INFO - Processing /home/airflow/.local/lib/python3.8/site-packages/airflow/example_dags/example_datasets.py took 0.090 seconds
[2024-01-09T07:43:49.770+0000] {processor.py:161} INFO - Started process (PID=973) to work on /home/airflow/.local/lib/python3.8/site-packages/airflow/example_dags/example_datasets.py
[2024-01-09T07:43:49.771+0000] {processor.py:830} INFO - Processing file /home/airflow/.local/lib/python3.8/site-packages/airflow/example_dags/example_datasets.py for tasks to queue
[2024-01-09T07:43:49.773+0000] {logging_mixin.py:188} INFO - [2024-01-09T07:43:49.773+0000] {dagbag.py:538} INFO - Filling up the DagBag from /home/airflow/.local/lib/python3.8/site-packages/airflow/example_dags/example_datasets.py
[2024-01-09T07:43:49.780+0000] {processor.py:840} INFO - DAG(s) 'dataset_consumes_1', 'dataset_consumes_unknown_never_scheduled', 'dataset_consumes_1_and_2', 'dataset_consumes_1_never_scheduled', 'dataset_produces_2', 'dataset_produces_1' retrieved from /home/airflow/.local/lib/python3.8/site-packages/airflow/example_dags/example_datasets.py
[2024-01-09T07:43:49.806+0000] {logging_mixin.py:188} INFO - [2024-01-09T07:43:49.805+0000] {dag.py:3033} INFO - Sync 6 DAGs
[2024-01-09T07:43:49.822+0000] {logging_mixin.py:188} INFO - [2024-01-09T07:43:49.822+0000] {dag.py:3820} INFO - Setting next_dagrun for dataset_consumes_1 to None, run_after=None
[2024-01-09T07:43:49.825+0000] {logging_mixin.py:188} INFO - [2024-01-09T07:43:49.825+0000] {dag.py:3820} INFO - Setting next_dagrun for dataset_consumes_1_and_2 to None, run_after=None
[2024-01-09T07:43:49.826+0000] {logging_mixin.py:188} INFO - [2024-01-09T07:43:49.826+0000] {dag.py:3820} INFO - Setting next_dagrun for dataset_consumes_1_never_scheduled to None, run_after=None
[2024-01-09T07:43:49.827+0000] {logging_mixin.py:188} INFO - [2024-01-09T07:43:49.827+0000] {dag.py:3820} INFO - Setting next_dagrun for dataset_consumes_unknown_never_scheduled to None, run_after=None
[2024-01-09T07:43:49.829+0000] {logging_mixin.py:188} INFO - [2024-01-09T07:43:49.829+0000] {dag.py:3820} INFO - Setting next_dagrun for dataset_produces_1 to 2024-01-08T00:00:00+00:00, run_after=2024-01-09T00:00:00+00:00
[2024-01-09T07:43:49.830+0000] {logging_mixin.py:188} INFO - [2024-01-09T07:43:49.830+0000] {dag.py:3820} INFO - Setting next_dagrun for dataset_produces_2 to None, run_after=None
[2024-01-09T07:43:49.852+0000] {processor.py:183} INFO - Processing /home/airflow/.local/lib/python3.8/site-packages/airflow/example_dags/example_datasets.py took 0.084 seconds
[2024-01-09T07:44:19.985+0000] {processor.py:161} INFO - Started process (PID=1027) to work on /home/airflow/.local/lib/python3.8/site-packages/airflow/example_dags/example_datasets.py
[2024-01-09T07:44:19.986+0000] {processor.py:830} INFO - Processing file /home/airflow/.local/lib/python3.8/site-packages/airflow/example_dags/example_datasets.py for tasks to queue
[2024-01-09T07:44:19.988+0000] {logging_mixin.py:188} INFO - [2024-01-09T07:44:19.988+0000] {dagbag.py:538} INFO - Filling up the DagBag from /home/airflow/.local/lib/python3.8/site-packages/airflow/example_dags/example_datasets.py
[2024-01-09T07:44:19.995+0000] {processor.py:840} INFO - DAG(s) 'dataset_consumes_unknown_never_scheduled', 'dataset_produces_1', 'dataset_consumes_1_and_2', 'dataset_produces_2', 'dataset_consumes_1', 'dataset_consumes_1_never_scheduled' retrieved from /home/airflow/.local/lib/python3.8/site-packages/airflow/example_dags/example_datasets.py
[2024-01-09T07:44:20.020+0000] {logging_mixin.py:188} INFO - [2024-01-09T07:44:20.020+0000] {dag.py:3033} INFO - Sync 6 DAGs
[2024-01-09T07:44:20.037+0000] {logging_mixin.py:188} INFO - [2024-01-09T07:44:20.037+0000] {dag.py:3820} INFO - Setting next_dagrun for dataset_consumes_1 to None, run_after=None
[2024-01-09T07:44:20.040+0000] {logging_mixin.py:188} INFO - [2024-01-09T07:44:20.040+0000] {dag.py:3820} INFO - Setting next_dagrun for dataset_consumes_1_and_2 to None, run_after=None
[2024-01-09T07:44:20.041+0000] {logging_mixin.py:188} INFO - [2024-01-09T07:44:20.041+0000] {dag.py:3820} INFO - Setting next_dagrun for dataset_consumes_1_never_scheduled to None, run_after=None
[2024-01-09T07:44:20.042+0000] {logging_mixin.py:188} INFO - [2024-01-09T07:44:20.042+0000] {dag.py:3820} INFO - Setting next_dagrun for dataset_consumes_unknown_never_scheduled to None, run_after=None
[2024-01-09T07:44:20.044+0000] {logging_mixin.py:188} INFO - [2024-01-09T07:44:20.044+0000] {dag.py:3820} INFO - Setting next_dagrun for dataset_produces_1 to 2024-01-08T00:00:00+00:00, run_after=2024-01-09T00:00:00+00:00
[2024-01-09T07:44:20.045+0000] {logging_mixin.py:188} INFO - [2024-01-09T07:44:20.045+0000] {dag.py:3820} INFO - Setting next_dagrun for dataset_produces_2 to None, run_after=None
[2024-01-09T07:44:20.069+0000] {processor.py:183} INFO - Processing /home/airflow/.local/lib/python3.8/site-packages/airflow/example_dags/example_datasets.py took 0.086 seconds
[2024-01-09T07:44:50.289+0000] {processor.py:161} INFO - Started process (PID=1082) to work on /home/airflow/.local/lib/python3.8/site-packages/airflow/example_dags/example_datasets.py
[2024-01-09T07:44:50.290+0000] {processor.py:830} INFO - Processing file /home/airflow/.local/lib/python3.8/site-packages/airflow/example_dags/example_datasets.py for tasks to queue
[2024-01-09T07:44:50.292+0000] {logging_mixin.py:188} INFO - [2024-01-09T07:44:50.292+0000] {dagbag.py:538} INFO - Filling up the DagBag from /home/airflow/.local/lib/python3.8/site-packages/airflow/example_dags/example_datasets.py
[2024-01-09T07:44:50.300+0000] {processor.py:840} INFO - DAG(s) 'dataset_produces_1', 'dataset_produces_2', 'dataset_consumes_1', 'dataset_consumes_1_never_scheduled', 'dataset_consumes_unknown_never_scheduled', 'dataset_consumes_1_and_2' retrieved from /home/airflow/.local/lib/python3.8/site-packages/airflow/example_dags/example_datasets.py
[2024-01-09T07:44:50.325+0000] {logging_mixin.py:188} INFO - [2024-01-09T07:44:50.325+0000] {dag.py:3033} INFO - Sync 6 DAGs
[2024-01-09T07:44:50.342+0000] {logging_mixin.py:188} INFO - [2024-01-09T07:44:50.342+0000] {dag.py:3820} INFO - Setting next_dagrun for dataset_consumes_1 to None, run_after=None
[2024-01-09T07:44:50.345+0000] {logging_mixin.py:188} INFO - [2024-01-09T07:44:50.345+0000] {dag.py:3820} INFO - Setting next_dagrun for dataset_consumes_1_and_2 to None, run_after=None
[2024-01-09T07:44:50.346+0000] {logging_mixin.py:188} INFO - [2024-01-09T07:44:50.346+0000] {dag.py:3820} INFO - Setting next_dagrun for dataset_consumes_1_never_scheduled to None, run_after=None
[2024-01-09T07:44:50.347+0000] {logging_mixin.py:188} INFO - [2024-01-09T07:44:50.347+0000] {dag.py:3820} INFO - Setting next_dagrun for dataset_consumes_unknown_never_scheduled to None, run_after=None
[2024-01-09T07:44:50.349+0000] {logging_mixin.py:188} INFO - [2024-01-09T07:44:50.349+0000] {dag.py:3820} INFO - Setting next_dagrun for dataset_produces_1 to 2024-01-08T00:00:00+00:00, run_after=2024-01-09T00:00:00+00:00
[2024-01-09T07:44:50.350+0000] {logging_mixin.py:188} INFO - [2024-01-09T07:44:50.350+0000] {dag.py:3820} INFO - Setting next_dagrun for dataset_produces_2 to None, run_after=None
[2024-01-09T07:44:50.372+0000] {processor.py:183} INFO - Processing /home/airflow/.local/lib/python3.8/site-packages/airflow/example_dags/example_datasets.py took 0.086 seconds
[2024-01-09T07:45:20.588+0000] {processor.py:161} INFO - Started process (PID=1136) to work on /home/airflow/.local/lib/python3.8/site-packages/airflow/example_dags/example_datasets.py
[2024-01-09T07:45:20.589+0000] {processor.py:830} INFO - Processing file /home/airflow/.local/lib/python3.8/site-packages/airflow/example_dags/example_datasets.py for tasks to queue
[2024-01-09T07:45:20.591+0000] {logging_mixin.py:188} INFO - [2024-01-09T07:45:20.591+0000] {dagbag.py:538} INFO - Filling up the DagBag from /home/airflow/.local/lib/python3.8/site-packages/airflow/example_dags/example_datasets.py
[2024-01-09T07:45:20.599+0000] {processor.py:840} INFO - DAG(s) 'dataset_produces_1', 'dataset_consumes_1_and_2', 'dataset_consumes_unknown_never_scheduled', 'dataset_consumes_1', 'dataset_consumes_1_never_scheduled', 'dataset_produces_2' retrieved from /home/airflow/.local/lib/python3.8/site-packages/airflow/example_dags/example_datasets.py
[2024-01-09T07:45:20.629+0000] {logging_mixin.py:188} INFO - [2024-01-09T07:45:20.629+0000] {dag.py:3033} INFO - Sync 6 DAGs
[2024-01-09T07:45:20.648+0000] {logging_mixin.py:188} INFO - [2024-01-09T07:45:20.648+0000] {dag.py:3820} INFO - Setting next_dagrun for dataset_consumes_1 to None, run_after=None
[2024-01-09T07:45:20.651+0000] {logging_mixin.py:188} INFO - [2024-01-09T07:45:20.651+0000] {dag.py:3820} INFO - Setting next_dagrun for dataset_consumes_1_and_2 to None, run_after=None
[2024-01-09T07:45:20.652+0000] {logging_mixin.py:188} INFO - [2024-01-09T07:45:20.652+0000] {dag.py:3820} INFO - Setting next_dagrun for dataset_consumes_1_never_scheduled to None, run_after=None
[2024-01-09T07:45:20.653+0000] {logging_mixin.py:188} INFO - [2024-01-09T07:45:20.653+0000] {dag.py:3820} INFO - Setting next_dagrun for dataset_consumes_unknown_never_scheduled to None, run_after=None
[2024-01-09T07:45:20.655+0000] {logging_mixin.py:188} INFO - [2024-01-09T07:45:20.655+0000] {dag.py:3820} INFO - Setting next_dagrun for dataset_produces_1 to 2024-01-08T00:00:00+00:00, run_after=2024-01-09T00:00:00+00:00
[2024-01-09T07:45:20.656+0000] {logging_mixin.py:188} INFO - [2024-01-09T07:45:20.656+0000] {dag.py:3820} INFO - Setting next_dagrun for dataset_produces_2 to None, run_after=None
[2024-01-09T07:45:20.683+0000] {processor.py:183} INFO - Processing /home/airflow/.local/lib/python3.8/site-packages/airflow/example_dags/example_datasets.py took 0.098 seconds
[2024-01-09T07:45:51.069+0000] {processor.py:161} INFO - Started process (PID=1191) to work on /home/airflow/.local/lib/python3.8/site-packages/airflow/example_dags/example_datasets.py
[2024-01-09T07:45:51.070+0000] {processor.py:830} INFO - Processing file /home/airflow/.local/lib/python3.8/site-packages/airflow/example_dags/example_datasets.py for tasks to queue
[2024-01-09T07:45:51.072+0000] {logging_mixin.py:188} INFO - [2024-01-09T07:45:51.072+0000] {dagbag.py:538} INFO - Filling up the DagBag from /home/airflow/.local/lib/python3.8/site-packages/airflow/example_dags/example_datasets.py
[2024-01-09T07:45:51.080+0000] {processor.py:840} INFO - DAG(s) 'dataset_produces_2', 'dataset_consumes_unknown_never_scheduled', 'dataset_produces_1', 'dataset_consumes_1_and_2', 'dataset_consumes_1', 'dataset_consumes_1_never_scheduled' retrieved from /home/airflow/.local/lib/python3.8/site-packages/airflow/example_dags/example_datasets.py
[2024-01-09T07:45:51.106+0000] {logging_mixin.py:188} INFO - [2024-01-09T07:45:51.106+0000] {dag.py:3033} INFO - Sync 6 DAGs
[2024-01-09T07:45:51.122+0000] {logging_mixin.py:188} INFO - [2024-01-09T07:45:51.122+0000] {dag.py:3820} INFO - Setting next_dagrun for dataset_consumes_1 to None, run_after=None
[2024-01-09T07:45:51.125+0000] {logging_mixin.py:188} INFO - [2024-01-09T07:45:51.125+0000] {dag.py:3820} INFO - Setting next_dagrun for dataset_consumes_1_and_2 to None, run_after=None
[2024-01-09T07:45:51.126+0000] {logging_mixin.py:188} INFO - [2024-01-09T07:45:51.126+0000] {dag.py:3820} INFO - Setting next_dagrun for dataset_consumes_1_never_scheduled to None, run_after=None
[2024-01-09T07:45:51.127+0000] {logging_mixin.py:188} INFO - [2024-01-09T07:45:51.127+0000] {dag.py:3820} INFO - Setting next_dagrun for dataset_consumes_unknown_never_scheduled to None, run_after=None
[2024-01-09T07:45:51.129+0000] {logging_mixin.py:188} INFO - [2024-01-09T07:45:51.129+0000] {dag.py:3820} INFO - Setting next_dagrun for dataset_produces_1 to 2024-01-08T00:00:00+00:00, run_after=2024-01-09T00:00:00+00:00
[2024-01-09T07:45:51.130+0000] {logging_mixin.py:188} INFO - [2024-01-09T07:45:51.130+0000] {dag.py:3820} INFO - Setting next_dagrun for dataset_produces_2 to None, run_after=None
[2024-01-09T07:45:51.152+0000] {processor.py:183} INFO - Processing /home/airflow/.local/lib/python3.8/site-packages/airflow/example_dags/example_datasets.py took 0.086 seconds
[2024-01-09T07:46:21.392+0000] {processor.py:161} INFO - Started process (PID=1247) to work on /home/airflow/.local/lib/python3.8/site-packages/airflow/example_dags/example_datasets.py
[2024-01-09T07:46:21.393+0000] {processor.py:830} INFO - Processing file /home/airflow/.local/lib/python3.8/site-packages/airflow/example_dags/example_datasets.py for tasks to queue
[2024-01-09T07:46:21.395+0000] {logging_mixin.py:188} INFO - [2024-01-09T07:46:21.394+0000] {dagbag.py:538} INFO - Filling up the DagBag from /home/airflow/.local/lib/python3.8/site-packages/airflow/example_dags/example_datasets.py
[2024-01-09T07:46:21.402+0000] {processor.py:840} INFO - DAG(s) 'dataset_consumes_1_and_2', 'dataset_produces_1', 'dataset_produces_2', 'dataset_consumes_1_never_scheduled', 'dataset_consumes_unknown_never_scheduled', 'dataset_consumes_1' retrieved from /home/airflow/.local/lib/python3.8/site-packages/airflow/example_dags/example_datasets.py
[2024-01-09T07:46:21.428+0000] {logging_mixin.py:188} INFO - [2024-01-09T07:46:21.428+0000] {dag.py:3033} INFO - Sync 6 DAGs
[2024-01-09T07:46:21.444+0000] {logging_mixin.py:188} INFO - [2024-01-09T07:46:21.444+0000] {dag.py:3820} INFO - Setting next_dagrun for dataset_consumes_1 to None, run_after=None
[2024-01-09T07:46:21.447+0000] {logging_mixin.py:188} INFO - [2024-01-09T07:46:21.447+0000] {dag.py:3820} INFO - Setting next_dagrun for dataset_consumes_1_and_2 to None, run_after=None
[2024-01-09T07:46:21.448+0000] {logging_mixin.py:188} INFO - [2024-01-09T07:46:21.448+0000] {dag.py:3820} INFO - Setting next_dagrun for dataset_consumes_1_never_scheduled to None, run_after=None
[2024-01-09T07:46:21.449+0000] {logging_mixin.py:188} INFO - [2024-01-09T07:46:21.449+0000] {dag.py:3820} INFO - Setting next_dagrun for dataset_consumes_unknown_never_scheduled to None, run_after=None
[2024-01-09T07:46:21.451+0000] {logging_mixin.py:188} INFO - [2024-01-09T07:46:21.451+0000] {dag.py:3820} INFO - Setting next_dagrun for dataset_produces_1 to 2024-01-08T00:00:00+00:00, run_after=2024-01-09T00:00:00+00:00
[2024-01-09T07:46:21.452+0000] {logging_mixin.py:188} INFO - [2024-01-09T07:46:21.452+0000] {dag.py:3820} INFO - Setting next_dagrun for dataset_produces_2 to None, run_after=None
[2024-01-09T07:46:21.473+0000] {processor.py:183} INFO - Processing /home/airflow/.local/lib/python3.8/site-packages/airflow/example_dags/example_datasets.py took 0.084 seconds
[2024-01-09T07:46:51.767+0000] {processor.py:161} INFO - Started process (PID=1301) to work on /home/airflow/.local/lib/python3.8/site-packages/airflow/example_dags/example_datasets.py
[2024-01-09T07:46:51.768+0000] {processor.py:830} INFO - Processing file /home/airflow/.local/lib/python3.8/site-packages/airflow/example_dags/example_datasets.py for tasks to queue
[2024-01-09T07:46:51.770+0000] {logging_mixin.py:188} INFO - [2024-01-09T07:46:51.770+0000] {dagbag.py:538} INFO - Filling up the DagBag from /home/airflow/.local/lib/python3.8/site-packages/airflow/example_dags/example_datasets.py
[2024-01-09T07:46:51.779+0000] {processor.py:840} INFO - DAG(s) 'dataset_produces_2', 'dataset_consumes_1', 'dataset_consumes_1_and_2', 'dataset_produces_1', 'dataset_consumes_1_never_scheduled', 'dataset_consumes_unknown_never_scheduled' retrieved from /home/airflow/.local/lib/python3.8/site-packages/airflow/example_dags/example_datasets.py
[2024-01-09T07:46:51.810+0000] {logging_mixin.py:188} INFO - [2024-01-09T07:46:51.810+0000] {dag.py:3033} INFO - Sync 6 DAGs
[2024-01-09T07:46:51.829+0000] {logging_mixin.py:188} INFO - [2024-01-09T07:46:51.828+0000] {dag.py:3820} INFO - Setting next_dagrun for dataset_consumes_1 to None, run_after=None
[2024-01-09T07:46:51.832+0000] {logging_mixin.py:188} INFO - [2024-01-09T07:46:51.831+0000] {dag.py:3820} INFO - Setting next_dagrun for dataset_consumes_1_and_2 to None, run_after=None
[2024-01-09T07:46:51.833+0000] {logging_mixin.py:188} INFO - [2024-01-09T07:46:51.833+0000] {dag.py:3820} INFO - Setting next_dagrun for dataset_consumes_1_never_scheduled to None, run_after=None
[2024-01-09T07:46:51.834+0000] {logging_mixin.py:188} INFO - [2024-01-09T07:46:51.834+0000] {dag.py:3820} INFO - Setting next_dagrun for dataset_consumes_unknown_never_scheduled to None, run_after=None
[2024-01-09T07:46:51.836+0000] {logging_mixin.py:188} INFO - [2024-01-09T07:46:51.836+0000] {dag.py:3820} INFO - Setting next_dagrun for dataset_produces_1 to 2024-01-08T00:00:00+00:00, run_after=2024-01-09T00:00:00+00:00
[2024-01-09T07:46:51.837+0000] {logging_mixin.py:188} INFO - [2024-01-09T07:46:51.837+0000] {dag.py:3820} INFO - Setting next_dagrun for dataset_produces_2 to None, run_after=None
[2024-01-09T07:46:51.863+0000] {processor.py:183} INFO - Processing /home/airflow/.local/lib/python3.8/site-packages/airflow/example_dags/example_datasets.py took 0.099 seconds
[2024-01-09T07:47:22.114+0000] {processor.py:161} INFO - Started process (PID=1357) to work on /home/airflow/.local/lib/python3.8/site-packages/airflow/example_dags/example_datasets.py
[2024-01-09T07:47:22.115+0000] {processor.py:830} INFO - Processing file /home/airflow/.local/lib/python3.8/site-packages/airflow/example_dags/example_datasets.py for tasks to queue
[2024-01-09T07:47:22.117+0000] {logging_mixin.py:188} INFO - [2024-01-09T07:47:22.117+0000] {dagbag.py:538} INFO - Filling up the DagBag from /home/airflow/.local/lib/python3.8/site-packages/airflow/example_dags/example_datasets.py
[2024-01-09T07:47:22.125+0000] {processor.py:840} INFO - DAG(s) 'dataset_consumes_1_and_2', 'dataset_consumes_unknown_never_scheduled', 'dataset_consumes_1_never_scheduled', 'dataset_produces_2', 'dataset_produces_1', 'dataset_consumes_1' retrieved from /home/airflow/.local/lib/python3.8/site-packages/airflow/example_dags/example_datasets.py
[2024-01-09T07:47:22.152+0000] {logging_mixin.py:188} INFO - [2024-01-09T07:47:22.152+0000] {dag.py:3033} INFO - Sync 6 DAGs
[2024-01-09T07:47:22.169+0000] {logging_mixin.py:188} INFO - [2024-01-09T07:47:22.169+0000] {dag.py:3820} INFO - Setting next_dagrun for dataset_consumes_1 to None, run_after=None
[2024-01-09T07:47:22.172+0000] {logging_mixin.py:188} INFO - [2024-01-09T07:47:22.172+0000] {dag.py:3820} INFO - Setting next_dagrun for dataset_consumes_1_and_2 to None, run_after=None
[2024-01-09T07:47:22.173+0000] {logging_mixin.py:188} INFO - [2024-01-09T07:47:22.173+0000] {dag.py:3820} INFO - Setting next_dagrun for dataset_consumes_1_never_scheduled to None, run_after=None
[2024-01-09T07:47:22.174+0000] {logging_mixin.py:188} INFO - [2024-01-09T07:47:22.174+0000] {dag.py:3820} INFO - Setting next_dagrun for dataset_consumes_unknown_never_scheduled to None, run_after=None
[2024-01-09T07:47:22.176+0000] {logging_mixin.py:188} INFO - [2024-01-09T07:47:22.176+0000] {dag.py:3820} INFO - Setting next_dagrun for dataset_produces_1 to 2024-01-08T00:00:00+00:00, run_after=2024-01-09T00:00:00+00:00
[2024-01-09T07:47:22.177+0000] {logging_mixin.py:188} INFO - [2024-01-09T07:47:22.177+0000] {dag.py:3820} INFO - Setting next_dagrun for dataset_produces_2 to None, run_after=None
[2024-01-09T07:47:22.198+0000] {processor.py:183} INFO - Processing /home/airflow/.local/lib/python3.8/site-packages/airflow/example_dags/example_datasets.py took 0.087 seconds
[2024-01-09T07:47:52.339+0000] {processor.py:161} INFO - Started process (PID=1412) to work on /home/airflow/.local/lib/python3.8/site-packages/airflow/example_dags/example_datasets.py
[2024-01-09T07:47:52.340+0000] {processor.py:830} INFO - Processing file /home/airflow/.local/lib/python3.8/site-packages/airflow/example_dags/example_datasets.py for tasks to queue
[2024-01-09T07:47:52.342+0000] {logging_mixin.py:188} INFO - [2024-01-09T07:47:52.342+0000] {dagbag.py:538} INFO - Filling up the DagBag from /home/airflow/.local/lib/python3.8/site-packages/airflow/example_dags/example_datasets.py
[2024-01-09T07:47:52.351+0000] {processor.py:840} INFO - DAG(s) 'dataset_consumes_1', 'dataset_consumes_1_never_scheduled', 'dataset_produces_2', 'dataset_consumes_unknown_never_scheduled', 'dataset_consumes_1_and_2', 'dataset_produces_1' retrieved from /home/airflow/.local/lib/python3.8/site-packages/airflow/example_dags/example_datasets.py
[2024-01-09T07:47:52.383+0000] {logging_mixin.py:188} INFO - [2024-01-09T07:47:52.383+0000] {dag.py:3033} INFO - Sync 6 DAGs
[2024-01-09T07:47:52.404+0000] {logging_mixin.py:188} INFO - [2024-01-09T07:47:52.403+0000] {dag.py:3820} INFO - Setting next_dagrun for dataset_consumes_1 to None, run_after=None
[2024-01-09T07:47:52.408+0000] {logging_mixin.py:188} INFO - [2024-01-09T07:47:52.407+0000] {dag.py:3820} INFO - Setting next_dagrun for dataset_consumes_1_and_2 to None, run_after=None
[2024-01-09T07:47:52.409+0000] {logging_mixin.py:188} INFO - [2024-01-09T07:47:52.409+0000] {dag.py:3820} INFO - Setting next_dagrun for dataset_consumes_1_never_scheduled to None, run_after=None
[2024-01-09T07:47:52.410+0000] {logging_mixin.py:188} INFO - [2024-01-09T07:47:52.410+0000] {dag.py:3820} INFO - Setting next_dagrun for dataset_consumes_unknown_never_scheduled to None, run_after=None
[2024-01-09T07:47:52.413+0000] {logging_mixin.py:188} INFO - [2024-01-09T07:47:52.413+0000] {dag.py:3820} INFO - Setting next_dagrun for dataset_produces_1 to 2024-01-08T00:00:00+00:00, run_after=2024-01-09T00:00:00+00:00
[2024-01-09T07:47:52.414+0000] {logging_mixin.py:188} INFO - [2024-01-09T07:47:52.414+0000] {dag.py:3820} INFO - Setting next_dagrun for dataset_produces_2 to None, run_after=None
[2024-01-09T07:47:52.440+0000] {processor.py:183} INFO - Processing /home/airflow/.local/lib/python3.8/site-packages/airflow/example_dags/example_datasets.py took 0.104 seconds
[2024-01-09T07:48:22.588+0000] {processor.py:161} INFO - Started process (PID=1466) to work on /home/airflow/.local/lib/python3.8/site-packages/airflow/example_dags/example_datasets.py
[2024-01-09T07:48:22.590+0000] {processor.py:830} INFO - Processing file /home/airflow/.local/lib/python3.8/site-packages/airflow/example_dags/example_datasets.py for tasks to queue
[2024-01-09T07:48:22.592+0000] {logging_mixin.py:188} INFO - [2024-01-09T07:48:22.592+0000] {dagbag.py:538} INFO - Filling up the DagBag from /home/airflow/.local/lib/python3.8/site-packages/airflow/example_dags/example_datasets.py
[2024-01-09T07:48:22.601+0000] {processor.py:840} INFO - DAG(s) 'dataset_consumes_1', 'dataset_produces_2', 'dataset_consumes_1_never_scheduled', 'dataset_consumes_1_and_2', 'dataset_produces_1', 'dataset_consumes_unknown_never_scheduled' retrieved from /home/airflow/.local/lib/python3.8/site-packages/airflow/example_dags/example_datasets.py
[2024-01-09T07:48:22.630+0000] {logging_mixin.py:188} INFO - [2024-01-09T07:48:22.630+0000] {dag.py:3033} INFO - Sync 6 DAGs
[2024-01-09T07:48:22.648+0000] {logging_mixin.py:188} INFO - [2024-01-09T07:48:22.648+0000] {dag.py:3820} INFO - Setting next_dagrun for dataset_consumes_1 to None, run_after=None
[2024-01-09T07:48:22.651+0000] {logging_mixin.py:188} INFO - [2024-01-09T07:48:22.651+0000] {dag.py:3820} INFO - Setting next_dagrun for dataset_consumes_1_and_2 to None, run_after=None
[2024-01-09T07:48:22.652+0000] {logging_mixin.py:188} INFO - [2024-01-09T07:48:22.652+0000] {dag.py:3820} INFO - Setting next_dagrun for dataset_consumes_1_never_scheduled to None, run_after=None
[2024-01-09T07:48:22.653+0000] {logging_mixin.py:188} INFO - [2024-01-09T07:48:22.653+0000] {dag.py:3820} INFO - Setting next_dagrun for dataset_consumes_unknown_never_scheduled to None, run_after=None
[2024-01-09T07:48:22.655+0000] {logging_mixin.py:188} INFO - [2024-01-09T07:48:22.655+0000] {dag.py:3820} INFO - Setting next_dagrun for dataset_produces_1 to 2024-01-08T00:00:00+00:00, run_after=2024-01-09T00:00:00+00:00
[2024-01-09T07:48:22.657+0000] {logging_mixin.py:188} INFO - [2024-01-09T07:48:22.656+0000] {dag.py:3820} INFO - Setting next_dagrun for dataset_produces_2 to None, run_after=None
[2024-01-09T07:48:22.684+0000] {processor.py:183} INFO - Processing /home/airflow/.local/lib/python3.8/site-packages/airflow/example_dags/example_datasets.py took 0.099 seconds
[2024-01-09T07:48:53.251+0000] {processor.py:161} INFO - Started process (PID=1521) to work on /home/airflow/.local/lib/python3.8/site-packages/airflow/example_dags/example_datasets.py
[2024-01-09T07:48:53.252+0000] {processor.py:830} INFO - Processing file /home/airflow/.local/lib/python3.8/site-packages/airflow/example_dags/example_datasets.py for tasks to queue
[2024-01-09T07:48:53.253+0000] {logging_mixin.py:188} INFO - [2024-01-09T07:48:53.253+0000] {dagbag.py:538} INFO - Filling up the DagBag from /home/airflow/.local/lib/python3.8/site-packages/airflow/example_dags/example_datasets.py
[2024-01-09T07:48:53.261+0000] {processor.py:840} INFO - DAG(s) 'dataset_consumes_1_never_scheduled', 'dataset_consumes_1', 'dataset_produces_2', 'dataset_produces_1', 'dataset_consumes_unknown_never_scheduled', 'dataset_consumes_1_and_2' retrieved from /home/airflow/.local/lib/python3.8/site-packages/airflow/example_dags/example_datasets.py
[2024-01-09T07:48:53.287+0000] {logging_mixin.py:188} INFO - [2024-01-09T07:48:53.287+0000] {dag.py:3033} INFO - Sync 6 DAGs
[2024-01-09T07:48:53.304+0000] {logging_mixin.py:188} INFO - [2024-01-09T07:48:53.304+0000] {dag.py:3820} INFO - Setting next_dagrun for dataset_consumes_1 to None, run_after=None
[2024-01-09T07:48:53.307+0000] {logging_mixin.py:188} INFO - [2024-01-09T07:48:53.307+0000] {dag.py:3820} INFO - Setting next_dagrun for dataset_consumes_1_and_2 to None, run_after=None
[2024-01-09T07:48:53.308+0000] {logging_mixin.py:188} INFO - [2024-01-09T07:48:53.308+0000] {dag.py:3820} INFO - Setting next_dagrun for dataset_consumes_1_never_scheduled to None, run_after=None
[2024-01-09T07:48:53.309+0000] {logging_mixin.py:188} INFO - [2024-01-09T07:48:53.309+0000] {dag.py:3820} INFO - Setting next_dagrun for dataset_consumes_unknown_never_scheduled to None, run_after=None
[2024-01-09T07:48:53.312+0000] {logging_mixin.py:188} INFO - [2024-01-09T07:48:53.312+0000] {dag.py:3820} INFO - Setting next_dagrun for dataset_produces_1 to 2024-01-08T00:00:00+00:00, run_after=2024-01-09T00:00:00+00:00
[2024-01-09T07:48:53.313+0000] {logging_mixin.py:188} INFO - [2024-01-09T07:48:53.313+0000] {dag.py:3820} INFO - Setting next_dagrun for dataset_produces_2 to None, run_after=None
[2024-01-09T07:48:53.335+0000] {processor.py:183} INFO - Processing /home/airflow/.local/lib/python3.8/site-packages/airflow/example_dags/example_datasets.py took 0.087 seconds
[2024-01-09T07:49:23.637+0000] {processor.py:161} INFO - Started process (PID=1576) to work on /home/airflow/.local/lib/python3.8/site-packages/airflow/example_dags/example_datasets.py
[2024-01-09T07:49:23.638+0000] {processor.py:830} INFO - Processing file /home/airflow/.local/lib/python3.8/site-packages/airflow/example_dags/example_datasets.py for tasks to queue
[2024-01-09T07:49:23.640+0000] {logging_mixin.py:188} INFO - [2024-01-09T07:49:23.640+0000] {dagbag.py:538} INFO - Filling up the DagBag from /home/airflow/.local/lib/python3.8/site-packages/airflow/example_dags/example_datasets.py
[2024-01-09T07:49:23.647+0000] {processor.py:840} INFO - DAG(s) 'dataset_consumes_1_and_2', 'dataset_consumes_1', 'dataset_consumes_1_never_scheduled', 'dataset_consumes_unknown_never_scheduled', 'dataset_produces_2', 'dataset_produces_1' retrieved from /home/airflow/.local/lib/python3.8/site-packages/airflow/example_dags/example_datasets.py
[2024-01-09T07:49:23.673+0000] {logging_mixin.py:188} INFO - [2024-01-09T07:49:23.673+0000] {dag.py:3033} INFO - Sync 6 DAGs
[2024-01-09T07:49:23.692+0000] {logging_mixin.py:188} INFO - [2024-01-09T07:49:23.691+0000] {dag.py:3820} INFO - Setting next_dagrun for dataset_consumes_1 to None, run_after=None
[2024-01-09T07:49:23.695+0000] {logging_mixin.py:188} INFO - [2024-01-09T07:49:23.695+0000] {dag.py:3820} INFO - Setting next_dagrun for dataset_consumes_1_and_2 to None, run_after=None
[2024-01-09T07:49:23.696+0000] {logging_mixin.py:188} INFO - [2024-01-09T07:49:23.696+0000] {dag.py:3820} INFO - Setting next_dagrun for dataset_consumes_1_never_scheduled to None, run_after=None
[2024-01-09T07:49:23.697+0000] {logging_mixin.py:188} INFO - [2024-01-09T07:49:23.697+0000] {dag.py:3820} INFO - Setting next_dagrun for dataset_consumes_unknown_never_scheduled to None, run_after=None
[2024-01-09T07:49:23.699+0000] {logging_mixin.py:188} INFO - [2024-01-09T07:49:23.699+0000] {dag.py:3820} INFO - Setting next_dagrun for dataset_produces_1 to 2024-01-08T00:00:00+00:00, run_after=2024-01-09T00:00:00+00:00
[2024-01-09T07:49:23.700+0000] {logging_mixin.py:188} INFO - [2024-01-09T07:49:23.700+0000] {dag.py:3820} INFO - Setting next_dagrun for dataset_produces_2 to None, run_after=None
[2024-01-09T07:49:23.722+0000] {processor.py:183} INFO - Processing /home/airflow/.local/lib/python3.8/site-packages/airflow/example_dags/example_datasets.py took 0.088 seconds
[2024-01-09T07:49:54.180+0000] {processor.py:161} INFO - Started process (PID=1631) to work on /home/airflow/.local/lib/python3.8/site-packages/airflow/example_dags/example_datasets.py
[2024-01-09T07:49:54.181+0000] {processor.py:830} INFO - Processing file /home/airflow/.local/lib/python3.8/site-packages/airflow/example_dags/example_datasets.py for tasks to queue
[2024-01-09T07:49:54.182+0000] {logging_mixin.py:188} INFO - [2024-01-09T07:49:54.182+0000] {dagbag.py:538} INFO - Filling up the DagBag from /home/airflow/.local/lib/python3.8/site-packages/airflow/example_dags/example_datasets.py
[2024-01-09T07:49:54.189+0000] {processor.py:840} INFO - DAG(s) 'dataset_produces_1', 'dataset_produces_2', 'dataset_consumes_unknown_never_scheduled', 'dataset_consumes_1_and_2', 'dataset_consumes_1_never_scheduled', 'dataset_consumes_1' retrieved from /home/airflow/.local/lib/python3.8/site-packages/airflow/example_dags/example_datasets.py
[2024-01-09T07:49:54.215+0000] {logging_mixin.py:188} INFO - [2024-01-09T07:49:54.215+0000] {dag.py:3033} INFO - Sync 6 DAGs
[2024-01-09T07:49:54.232+0000] {logging_mixin.py:188} INFO - [2024-01-09T07:49:54.232+0000] {dag.py:3820} INFO - Setting next_dagrun for dataset_consumes_1 to None, run_after=None
[2024-01-09T07:49:54.235+0000] {logging_mixin.py:188} INFO - [2024-01-09T07:49:54.235+0000] {dag.py:3820} INFO - Setting next_dagrun for dataset_consumes_1_and_2 to None, run_after=None
[2024-01-09T07:49:54.236+0000] {logging_mixin.py:188} INFO - [2024-01-09T07:49:54.236+0000] {dag.py:3820} INFO - Setting next_dagrun for dataset_consumes_1_never_scheduled to None, run_after=None
[2024-01-09T07:49:54.237+0000] {logging_mixin.py:188} INFO - [2024-01-09T07:49:54.237+0000] {dag.py:3820} INFO - Setting next_dagrun for dataset_consumes_unknown_never_scheduled to None, run_after=None
[2024-01-09T07:49:54.239+0000] {logging_mixin.py:188} INFO - [2024-01-09T07:49:54.239+0000] {dag.py:3820} INFO - Setting next_dagrun for dataset_produces_1 to 2024-01-08T00:00:00+00:00, run_after=2024-01-09T00:00:00+00:00
[2024-01-09T07:49:54.240+0000] {logging_mixin.py:188} INFO - [2024-01-09T07:49:54.240+0000] {dag.py:3820} INFO - Setting next_dagrun for dataset_produces_2 to None, run_after=None
[2024-01-09T07:49:54.370+0000] {processor.py:183} INFO - Processing /home/airflow/.local/lib/python3.8/site-packages/airflow/example_dags/example_datasets.py took 0.193 seconds
