[2024-01-09T07:35:12.456+0000] {processor.py:161} INFO - Started process (PID=47) to work on /home/airflow/.local/lib/python3.8/site-packages/airflow/example_dags/example_branch_operator.py
[2024-01-09T07:35:12.459+0000] {processor.py:830} INFO - Processing file /home/airflow/.local/lib/python3.8/site-packages/airflow/example_dags/example_branch_operator.py for tasks to queue
[2024-01-09T07:35:12.462+0000] {logging_mixin.py:188} INFO - [2024-01-09T07:35:12.462+0000] {dagbag.py:538} INFO - Filling up the DagBag from /home/airflow/.local/lib/python3.8/site-packages/airflow/example_dags/example_branch_operator.py
[2024-01-09T07:35:12.502+0000] {processor.py:840} INFO - DAG(s) 'example_branch_operator' retrieved from /home/airflow/.local/lib/python3.8/site-packages/airflow/example_dags/example_branch_operator.py
[2024-01-09T07:35:12.525+0000] {logging_mixin.py:188} INFO - [2024-01-09T07:35:12.524+0000] {dag.py:3033} INFO - Sync 1 DAGs
[2024-01-09T07:35:12.570+0000] {logging_mixin.py:188} INFO - [2024-01-09T07:35:12.570+0000] {dag.py:3820} INFO - Setting next_dagrun for example_branch_operator to 2024-01-08T00:00:00+00:00, run_after=2024-01-09T00:00:00+00:00
[2024-01-09T07:35:12.600+0000] {processor.py:183} INFO - Processing /home/airflow/.local/lib/python3.8/site-packages/airflow/example_dags/example_branch_operator.py took 0.148 seconds
[2024-01-09T07:35:43.038+0000] {processor.py:161} INFO - Started process (PID=102) to work on /home/airflow/.local/lib/python3.8/site-packages/airflow/example_dags/example_branch_operator.py
[2024-01-09T07:35:43.039+0000] {processor.py:830} INFO - Processing file /home/airflow/.local/lib/python3.8/site-packages/airflow/example_dags/example_branch_operator.py for tasks to queue
[2024-01-09T07:35:43.040+0000] {logging_mixin.py:188} INFO - [2024-01-09T07:35:43.040+0000] {dagbag.py:538} INFO - Filling up the DagBag from /home/airflow/.local/lib/python3.8/site-packages/airflow/example_dags/example_branch_operator.py
[2024-01-09T07:35:43.055+0000] {processor.py:840} INFO - DAG(s) 'example_branch_operator' retrieved from /home/airflow/.local/lib/python3.8/site-packages/airflow/example_dags/example_branch_operator.py
[2024-01-09T07:35:43.132+0000] {logging_mixin.py:188} INFO - [2024-01-09T07:35:43.132+0000] {dag.py:3033} INFO - Sync 1 DAGs
[2024-01-09T07:35:43.147+0000] {logging_mixin.py:188} INFO - [2024-01-09T07:35:43.147+0000] {dag.py:3820} INFO - Setting next_dagrun for example_branch_operator to 2024-01-08T00:00:00+00:00, run_after=2024-01-09T00:00:00+00:00
[2024-01-09T07:35:43.160+0000] {processor.py:183} INFO - Processing /home/airflow/.local/lib/python3.8/site-packages/airflow/example_dags/example_branch_operator.py took 0.126 seconds
[2024-01-09T07:36:13.336+0000] {processor.py:161} INFO - Started process (PID=157) to work on /home/airflow/.local/lib/python3.8/site-packages/airflow/example_dags/example_branch_operator.py
[2024-01-09T07:36:13.337+0000] {processor.py:830} INFO - Processing file /home/airflow/.local/lib/python3.8/site-packages/airflow/example_dags/example_branch_operator.py for tasks to queue
[2024-01-09T07:36:13.339+0000] {logging_mixin.py:188} INFO - [2024-01-09T07:36:13.339+0000] {dagbag.py:538} INFO - Filling up the DagBag from /home/airflow/.local/lib/python3.8/site-packages/airflow/example_dags/example_branch_operator.py
[2024-01-09T07:36:13.352+0000] {processor.py:840} INFO - DAG(s) 'example_branch_operator' retrieved from /home/airflow/.local/lib/python3.8/site-packages/airflow/example_dags/example_branch_operator.py
[2024-01-09T07:36:13.373+0000] {logging_mixin.py:188} INFO - [2024-01-09T07:36:13.373+0000] {dag.py:3033} INFO - Sync 1 DAGs
[2024-01-09T07:36:13.392+0000] {logging_mixin.py:188} INFO - [2024-01-09T07:36:13.392+0000] {dag.py:3820} INFO - Setting next_dagrun for example_branch_operator to 2024-01-08T00:00:00+00:00, run_after=2024-01-09T00:00:00+00:00
[2024-01-09T07:36:13.406+0000] {processor.py:183} INFO - Processing /home/airflow/.local/lib/python3.8/site-packages/airflow/example_dags/example_branch_operator.py took 0.072 seconds
[2024-01-09T07:36:43.713+0000] {processor.py:161} INFO - Started process (PID=212) to work on /home/airflow/.local/lib/python3.8/site-packages/airflow/example_dags/example_branch_operator.py
[2024-01-09T07:36:43.714+0000] {processor.py:830} INFO - Processing file /home/airflow/.local/lib/python3.8/site-packages/airflow/example_dags/example_branch_operator.py for tasks to queue
[2024-01-09T07:36:43.716+0000] {logging_mixin.py:188} INFO - [2024-01-09T07:36:43.716+0000] {dagbag.py:538} INFO - Filling up the DagBag from /home/airflow/.local/lib/python3.8/site-packages/airflow/example_dags/example_branch_operator.py
[2024-01-09T07:36:43.729+0000] {processor.py:840} INFO - DAG(s) 'example_branch_operator' retrieved from /home/airflow/.local/lib/python3.8/site-packages/airflow/example_dags/example_branch_operator.py
[2024-01-09T07:36:43.750+0000] {logging_mixin.py:188} INFO - [2024-01-09T07:36:43.750+0000] {dag.py:3033} INFO - Sync 1 DAGs
[2024-01-09T07:36:43.766+0000] {logging_mixin.py:188} INFO - [2024-01-09T07:36:43.766+0000] {dag.py:3820} INFO - Setting next_dagrun for example_branch_operator to 2024-01-08T00:00:00+00:00, run_after=2024-01-09T00:00:00+00:00
[2024-01-09T07:36:43.781+0000] {processor.py:183} INFO - Processing /home/airflow/.local/lib/python3.8/site-packages/airflow/example_dags/example_branch_operator.py took 0.071 seconds
[2024-01-09T07:37:14.029+0000] {processor.py:161} INFO - Started process (PID=267) to work on /home/airflow/.local/lib/python3.8/site-packages/airflow/example_dags/example_branch_operator.py
[2024-01-09T07:37:14.030+0000] {processor.py:830} INFO - Processing file /home/airflow/.local/lib/python3.8/site-packages/airflow/example_dags/example_branch_operator.py for tasks to queue
[2024-01-09T07:37:14.032+0000] {logging_mixin.py:188} INFO - [2024-01-09T07:37:14.032+0000] {dagbag.py:538} INFO - Filling up the DagBag from /home/airflow/.local/lib/python3.8/site-packages/airflow/example_dags/example_branch_operator.py
[2024-01-09T07:37:14.047+0000] {processor.py:840} INFO - DAG(s) 'example_branch_operator' retrieved from /home/airflow/.local/lib/python3.8/site-packages/airflow/example_dags/example_branch_operator.py
[2024-01-09T07:37:14.070+0000] {logging_mixin.py:188} INFO - [2024-01-09T07:37:14.069+0000] {dag.py:3033} INFO - Sync 1 DAGs
[2024-01-09T07:37:14.088+0000] {logging_mixin.py:188} INFO - [2024-01-09T07:37:14.088+0000] {dag.py:3820} INFO - Setting next_dagrun for example_branch_operator to 2024-01-08T00:00:00+00:00, run_after=2024-01-09T00:00:00+00:00
[2024-01-09T07:37:14.103+0000] {processor.py:183} INFO - Processing /home/airflow/.local/lib/python3.8/site-packages/airflow/example_dags/example_branch_operator.py took 0.077 seconds
[2024-01-09T07:37:44.500+0000] {processor.py:161} INFO - Started process (PID=322) to work on /home/airflow/.local/lib/python3.8/site-packages/airflow/example_dags/example_branch_operator.py
[2024-01-09T07:37:44.501+0000] {processor.py:830} INFO - Processing file /home/airflow/.local/lib/python3.8/site-packages/airflow/example_dags/example_branch_operator.py for tasks to queue
[2024-01-09T07:37:44.503+0000] {logging_mixin.py:188} INFO - [2024-01-09T07:37:44.503+0000] {dagbag.py:538} INFO - Filling up the DagBag from /home/airflow/.local/lib/python3.8/site-packages/airflow/example_dags/example_branch_operator.py
[2024-01-09T07:37:44.516+0000] {processor.py:840} INFO - DAG(s) 'example_branch_operator' retrieved from /home/airflow/.local/lib/python3.8/site-packages/airflow/example_dags/example_branch_operator.py
[2024-01-09T07:37:44.536+0000] {logging_mixin.py:188} INFO - [2024-01-09T07:37:44.536+0000] {dag.py:3033} INFO - Sync 1 DAGs
[2024-01-09T07:37:44.552+0000] {logging_mixin.py:188} INFO - [2024-01-09T07:37:44.552+0000] {dag.py:3820} INFO - Setting next_dagrun for example_branch_operator to 2024-01-08T00:00:00+00:00, run_after=2024-01-09T00:00:00+00:00
[2024-01-09T07:37:44.565+0000] {processor.py:183} INFO - Processing /home/airflow/.local/lib/python3.8/site-packages/airflow/example_dags/example_branch_operator.py took 0.067 seconds
[2024-01-09T07:38:15.028+0000] {processor.py:161} INFO - Started process (PID=377) to work on /home/airflow/.local/lib/python3.8/site-packages/airflow/example_dags/example_branch_operator.py
[2024-01-09T07:38:15.030+0000] {processor.py:830} INFO - Processing file /home/airflow/.local/lib/python3.8/site-packages/airflow/example_dags/example_branch_operator.py for tasks to queue
[2024-01-09T07:38:15.033+0000] {logging_mixin.py:188} INFO - [2024-01-09T07:38:15.033+0000] {dagbag.py:538} INFO - Filling up the DagBag from /home/airflow/.local/lib/python3.8/site-packages/airflow/example_dags/example_branch_operator.py
[2024-01-09T07:38:15.054+0000] {processor.py:840} INFO - DAG(s) 'example_branch_operator' retrieved from /home/airflow/.local/lib/python3.8/site-packages/airflow/example_dags/example_branch_operator.py
[2024-01-09T07:38:15.087+0000] {logging_mixin.py:188} INFO - [2024-01-09T07:38:15.087+0000] {dag.py:3033} INFO - Sync 1 DAGs
[2024-01-09T07:38:15.115+0000] {logging_mixin.py:188} INFO - [2024-01-09T07:38:15.114+0000] {dag.py:3820} INFO - Setting next_dagrun for example_branch_operator to 2024-01-08T00:00:00+00:00, run_after=2024-01-09T00:00:00+00:00
[2024-01-09T07:38:15.139+0000] {processor.py:183} INFO - Processing /home/airflow/.local/lib/python3.8/site-packages/airflow/example_dags/example_branch_operator.py took 0.115 seconds
[2024-01-09T07:38:45.422+0000] {processor.py:161} INFO - Started process (PID=432) to work on /home/airflow/.local/lib/python3.8/site-packages/airflow/example_dags/example_branch_operator.py
[2024-01-09T07:38:45.422+0000] {processor.py:830} INFO - Processing file /home/airflow/.local/lib/python3.8/site-packages/airflow/example_dags/example_branch_operator.py for tasks to queue
[2024-01-09T07:38:45.424+0000] {logging_mixin.py:188} INFO - [2024-01-09T07:38:45.424+0000] {dagbag.py:538} INFO - Filling up the DagBag from /home/airflow/.local/lib/python3.8/site-packages/airflow/example_dags/example_branch_operator.py
[2024-01-09T07:38:45.437+0000] {processor.py:840} INFO - DAG(s) 'example_branch_operator' retrieved from /home/airflow/.local/lib/python3.8/site-packages/airflow/example_dags/example_branch_operator.py
[2024-01-09T07:38:45.457+0000] {logging_mixin.py:188} INFO - [2024-01-09T07:38:45.457+0000] {dag.py:3033} INFO - Sync 1 DAGs
[2024-01-09T07:38:45.473+0000] {logging_mixin.py:188} INFO - [2024-01-09T07:38:45.473+0000] {dag.py:3820} INFO - Setting next_dagrun for example_branch_operator to 2024-01-08T00:00:00+00:00, run_after=2024-01-09T00:00:00+00:00
[2024-01-09T07:38:45.485+0000] {processor.py:183} INFO - Processing /home/airflow/.local/lib/python3.8/site-packages/airflow/example_dags/example_branch_operator.py took 0.066 seconds
[2024-01-09T07:39:15.778+0000] {processor.py:161} INFO - Started process (PID=487) to work on /home/airflow/.local/lib/python3.8/site-packages/airflow/example_dags/example_branch_operator.py
[2024-01-09T07:39:15.779+0000] {processor.py:830} INFO - Processing file /home/airflow/.local/lib/python3.8/site-packages/airflow/example_dags/example_branch_operator.py for tasks to queue
[2024-01-09T07:39:15.781+0000] {logging_mixin.py:188} INFO - [2024-01-09T07:39:15.780+0000] {dagbag.py:538} INFO - Filling up the DagBag from /home/airflow/.local/lib/python3.8/site-packages/airflow/example_dags/example_branch_operator.py
[2024-01-09T07:39:15.797+0000] {processor.py:840} INFO - DAG(s) 'example_branch_operator' retrieved from /home/airflow/.local/lib/python3.8/site-packages/airflow/example_dags/example_branch_operator.py
[2024-01-09T07:39:15.825+0000] {logging_mixin.py:188} INFO - [2024-01-09T07:39:15.825+0000] {dag.py:3033} INFO - Sync 1 DAGs
[2024-01-09T07:39:15.847+0000] {logging_mixin.py:188} INFO - [2024-01-09T07:39:15.847+0000] {dag.py:3820} INFO - Setting next_dagrun for example_branch_operator to 2024-01-08T00:00:00+00:00, run_after=2024-01-09T00:00:00+00:00
[2024-01-09T07:39:15.866+0000] {processor.py:183} INFO - Processing /home/airflow/.local/lib/python3.8/site-packages/airflow/example_dags/example_branch_operator.py took 0.092 seconds
[2024-01-09T07:39:46.192+0000] {processor.py:161} INFO - Started process (PID=542) to work on /home/airflow/.local/lib/python3.8/site-packages/airflow/example_dags/example_branch_operator.py
[2024-01-09T07:39:46.193+0000] {processor.py:830} INFO - Processing file /home/airflow/.local/lib/python3.8/site-packages/airflow/example_dags/example_branch_operator.py for tasks to queue
[2024-01-09T07:39:46.195+0000] {logging_mixin.py:188} INFO - [2024-01-09T07:39:46.194+0000] {dagbag.py:538} INFO - Filling up the DagBag from /home/airflow/.local/lib/python3.8/site-packages/airflow/example_dags/example_branch_operator.py
[2024-01-09T07:39:46.208+0000] {processor.py:840} INFO - DAG(s) 'example_branch_operator' retrieved from /home/airflow/.local/lib/python3.8/site-packages/airflow/example_dags/example_branch_operator.py
[2024-01-09T07:39:46.230+0000] {logging_mixin.py:188} INFO - [2024-01-09T07:39:46.230+0000] {dag.py:3033} INFO - Sync 1 DAGs
[2024-01-09T07:39:46.248+0000] {logging_mixin.py:188} INFO - [2024-01-09T07:39:46.248+0000] {dag.py:3820} INFO - Setting next_dagrun for example_branch_operator to 2024-01-08T00:00:00+00:00, run_after=2024-01-09T00:00:00+00:00
[2024-01-09T07:39:46.261+0000] {processor.py:183} INFO - Processing /home/airflow/.local/lib/python3.8/site-packages/airflow/example_dags/example_branch_operator.py took 0.073 seconds
[2024-01-09T07:40:16.681+0000] {processor.py:161} INFO - Started process (PID=597) to work on /home/airflow/.local/lib/python3.8/site-packages/airflow/example_dags/example_branch_operator.py
[2024-01-09T07:40:16.682+0000] {processor.py:830} INFO - Processing file /home/airflow/.local/lib/python3.8/site-packages/airflow/example_dags/example_branch_operator.py for tasks to queue
[2024-01-09T07:40:16.685+0000] {logging_mixin.py:188} INFO - [2024-01-09T07:40:16.685+0000] {dagbag.py:538} INFO - Filling up the DagBag from /home/airflow/.local/lib/python3.8/site-packages/airflow/example_dags/example_branch_operator.py
[2024-01-09T07:40:16.703+0000] {processor.py:840} INFO - DAG(s) 'example_branch_operator' retrieved from /home/airflow/.local/lib/python3.8/site-packages/airflow/example_dags/example_branch_operator.py
[2024-01-09T07:40:16.731+0000] {logging_mixin.py:188} INFO - [2024-01-09T07:40:16.731+0000] {dag.py:3033} INFO - Sync 1 DAGs
[2024-01-09T07:40:16.758+0000] {logging_mixin.py:188} INFO - [2024-01-09T07:40:16.758+0000] {dag.py:3820} INFO - Setting next_dagrun for example_branch_operator to 2024-01-08T00:00:00+00:00, run_after=2024-01-09T00:00:00+00:00
[2024-01-09T07:40:16.783+0000] {processor.py:183} INFO - Processing /home/airflow/.local/lib/python3.8/site-packages/airflow/example_dags/example_branch_operator.py took 0.106 seconds
[2024-01-09T07:40:47.376+0000] {processor.py:161} INFO - Started process (PID=652) to work on /home/airflow/.local/lib/python3.8/site-packages/airflow/example_dags/example_branch_operator.py
[2024-01-09T07:40:47.377+0000] {processor.py:830} INFO - Processing file /home/airflow/.local/lib/python3.8/site-packages/airflow/example_dags/example_branch_operator.py for tasks to queue
[2024-01-09T07:40:47.379+0000] {logging_mixin.py:188} INFO - [2024-01-09T07:40:47.379+0000] {dagbag.py:538} INFO - Filling up the DagBag from /home/airflow/.local/lib/python3.8/site-packages/airflow/example_dags/example_branch_operator.py
[2024-01-09T07:40:47.393+0000] {processor.py:840} INFO - DAG(s) 'example_branch_operator' retrieved from /home/airflow/.local/lib/python3.8/site-packages/airflow/example_dags/example_branch_operator.py
[2024-01-09T07:40:47.415+0000] {logging_mixin.py:188} INFO - [2024-01-09T07:40:47.415+0000] {dag.py:3033} INFO - Sync 1 DAGs
[2024-01-09T07:40:47.433+0000] {logging_mixin.py:188} INFO - [2024-01-09T07:40:47.432+0000] {dag.py:3820} INFO - Setting next_dagrun for example_branch_operator to 2024-01-08T00:00:00+00:00, run_after=2024-01-09T00:00:00+00:00
[2024-01-09T07:40:47.449+0000] {processor.py:183} INFO - Processing /home/airflow/.local/lib/python3.8/site-packages/airflow/example_dags/example_branch_operator.py took 0.076 seconds
[2024-01-09T07:41:17.778+0000] {processor.py:161} INFO - Started process (PID=707) to work on /home/airflow/.local/lib/python3.8/site-packages/airflow/example_dags/example_branch_operator.py
[2024-01-09T07:41:17.779+0000] {processor.py:830} INFO - Processing file /home/airflow/.local/lib/python3.8/site-packages/airflow/example_dags/example_branch_operator.py for tasks to queue
[2024-01-09T07:41:17.782+0000] {logging_mixin.py:188} INFO - [2024-01-09T07:41:17.782+0000] {dagbag.py:538} INFO - Filling up the DagBag from /home/airflow/.local/lib/python3.8/site-packages/airflow/example_dags/example_branch_operator.py
[2024-01-09T07:41:17.804+0000] {processor.py:840} INFO - DAG(s) 'example_branch_operator' retrieved from /home/airflow/.local/lib/python3.8/site-packages/airflow/example_dags/example_branch_operator.py
[2024-01-09T07:41:17.832+0000] {logging_mixin.py:188} INFO - [2024-01-09T07:41:17.832+0000] {dag.py:3033} INFO - Sync 1 DAGs
[2024-01-09T07:41:17.858+0000] {logging_mixin.py:188} INFO - [2024-01-09T07:41:17.857+0000] {dag.py:3820} INFO - Setting next_dagrun for example_branch_operator to 2024-01-08T00:00:00+00:00, run_after=2024-01-09T00:00:00+00:00
[2024-01-09T07:41:17.880+0000] {processor.py:183} INFO - Processing /home/airflow/.local/lib/python3.8/site-packages/airflow/example_dags/example_branch_operator.py took 0.107 seconds
[2024-01-09T07:41:47.980+0000] {processor.py:161} INFO - Started process (PID=762) to work on /home/airflow/.local/lib/python3.8/site-packages/airflow/example_dags/example_branch_operator.py
[2024-01-09T07:41:47.981+0000] {processor.py:830} INFO - Processing file /home/airflow/.local/lib/python3.8/site-packages/airflow/example_dags/example_branch_operator.py for tasks to queue
[2024-01-09T07:41:47.983+0000] {logging_mixin.py:188} INFO - [2024-01-09T07:41:47.983+0000] {dagbag.py:538} INFO - Filling up the DagBag from /home/airflow/.local/lib/python3.8/site-packages/airflow/example_dags/example_branch_operator.py
[2024-01-09T07:41:47.999+0000] {processor.py:840} INFO - DAG(s) 'example_branch_operator' retrieved from /home/airflow/.local/lib/python3.8/site-packages/airflow/example_dags/example_branch_operator.py
[2024-01-09T07:41:48.021+0000] {logging_mixin.py:188} INFO - [2024-01-09T07:41:48.021+0000] {dag.py:3033} INFO - Sync 1 DAGs
[2024-01-09T07:41:48.040+0000] {logging_mixin.py:188} INFO - [2024-01-09T07:41:48.040+0000] {dag.py:3820} INFO - Setting next_dagrun for example_branch_operator to 2024-01-08T00:00:00+00:00, run_after=2024-01-09T00:00:00+00:00
[2024-01-09T07:41:48.054+0000] {processor.py:183} INFO - Processing /home/airflow/.local/lib/python3.8/site-packages/airflow/example_dags/example_branch_operator.py took 0.077 seconds
[2024-01-09T07:42:18.393+0000] {processor.py:161} INFO - Started process (PID=817) to work on /home/airflow/.local/lib/python3.8/site-packages/airflow/example_dags/example_branch_operator.py
[2024-01-09T07:42:18.394+0000] {processor.py:830} INFO - Processing file /home/airflow/.local/lib/python3.8/site-packages/airflow/example_dags/example_branch_operator.py for tasks to queue
[2024-01-09T07:42:18.396+0000] {logging_mixin.py:188} INFO - [2024-01-09T07:42:18.396+0000] {dagbag.py:538} INFO - Filling up the DagBag from /home/airflow/.local/lib/python3.8/site-packages/airflow/example_dags/example_branch_operator.py
[2024-01-09T07:42:18.412+0000] {processor.py:840} INFO - DAG(s) 'example_branch_operator' retrieved from /home/airflow/.local/lib/python3.8/site-packages/airflow/example_dags/example_branch_operator.py
[2024-01-09T07:42:18.436+0000] {logging_mixin.py:188} INFO - [2024-01-09T07:42:18.436+0000] {dag.py:3033} INFO - Sync 1 DAGs
[2024-01-09T07:42:18.456+0000] {logging_mixin.py:188} INFO - [2024-01-09T07:42:18.456+0000] {dag.py:3820} INFO - Setting next_dagrun for example_branch_operator to 2024-01-08T00:00:00+00:00, run_after=2024-01-09T00:00:00+00:00
[2024-01-09T07:42:18.475+0000] {processor.py:183} INFO - Processing /home/airflow/.local/lib/python3.8/site-packages/airflow/example_dags/example_branch_operator.py took 0.085 seconds
[2024-01-09T07:42:49.338+0000] {processor.py:161} INFO - Started process (PID=872) to work on /home/airflow/.local/lib/python3.8/site-packages/airflow/example_dags/example_branch_operator.py
[2024-01-09T07:42:49.340+0000] {processor.py:830} INFO - Processing file /home/airflow/.local/lib/python3.8/site-packages/airflow/example_dags/example_branch_operator.py for tasks to queue
[2024-01-09T07:42:49.344+0000] {logging_mixin.py:188} INFO - [2024-01-09T07:42:49.344+0000] {dagbag.py:538} INFO - Filling up the DagBag from /home/airflow/.local/lib/python3.8/site-packages/airflow/example_dags/example_branch_operator.py
[2024-01-09T07:42:49.380+0000] {processor.py:840} INFO - DAG(s) 'example_branch_operator' retrieved from /home/airflow/.local/lib/python3.8/site-packages/airflow/example_dags/example_branch_operator.py
[2024-01-09T07:42:49.431+0000] {logging_mixin.py:188} INFO - [2024-01-09T07:42:49.431+0000] {dag.py:3033} INFO - Sync 1 DAGs
[2024-01-09T07:42:49.471+0000] {logging_mixin.py:188} INFO - [2024-01-09T07:42:49.470+0000] {dag.py:3820} INFO - Setting next_dagrun for example_branch_operator to 2024-01-08T00:00:00+00:00, run_after=2024-01-09T00:00:00+00:00
[2024-01-09T07:42:49.505+0000] {processor.py:183} INFO - Processing /home/airflow/.local/lib/python3.8/site-packages/airflow/example_dags/example_branch_operator.py took 0.174 seconds
[2024-01-09T07:43:20.423+0000] {processor.py:161} INFO - Started process (PID=927) to work on /home/airflow/.local/lib/python3.8/site-packages/airflow/example_dags/example_branch_operator.py
[2024-01-09T07:43:20.425+0000] {processor.py:830} INFO - Processing file /home/airflow/.local/lib/python3.8/site-packages/airflow/example_dags/example_branch_operator.py for tasks to queue
[2024-01-09T07:43:20.428+0000] {logging_mixin.py:188} INFO - [2024-01-09T07:43:20.428+0000] {dagbag.py:538} INFO - Filling up the DagBag from /home/airflow/.local/lib/python3.8/site-packages/airflow/example_dags/example_branch_operator.py
[2024-01-09T07:43:20.448+0000] {processor.py:840} INFO - DAG(s) 'example_branch_operator' retrieved from /home/airflow/.local/lib/python3.8/site-packages/airflow/example_dags/example_branch_operator.py
[2024-01-09T07:43:20.472+0000] {logging_mixin.py:188} INFO - [2024-01-09T07:43:20.472+0000] {dag.py:3033} INFO - Sync 1 DAGs
[2024-01-09T07:43:20.490+0000] {logging_mixin.py:188} INFO - [2024-01-09T07:43:20.490+0000] {dag.py:3820} INFO - Setting next_dagrun for example_branch_operator to 2024-01-08T00:00:00+00:00, run_after=2024-01-09T00:00:00+00:00
[2024-01-09T07:43:20.506+0000] {processor.py:183} INFO - Processing /home/airflow/.local/lib/python3.8/site-packages/airflow/example_dags/example_branch_operator.py took 0.089 seconds
[2024-01-09T07:43:51.175+0000] {processor.py:161} INFO - Started process (PID=982) to work on /home/airflow/.local/lib/python3.8/site-packages/airflow/example_dags/example_branch_operator.py
[2024-01-09T07:43:51.177+0000] {processor.py:830} INFO - Processing file /home/airflow/.local/lib/python3.8/site-packages/airflow/example_dags/example_branch_operator.py for tasks to queue
[2024-01-09T07:43:51.180+0000] {logging_mixin.py:188} INFO - [2024-01-09T07:43:51.179+0000] {dagbag.py:538} INFO - Filling up the DagBag from /home/airflow/.local/lib/python3.8/site-packages/airflow/example_dags/example_branch_operator.py
[2024-01-09T07:43:51.197+0000] {processor.py:840} INFO - DAG(s) 'example_branch_operator' retrieved from /home/airflow/.local/lib/python3.8/site-packages/airflow/example_dags/example_branch_operator.py
[2024-01-09T07:43:51.219+0000] {logging_mixin.py:188} INFO - [2024-01-09T07:43:51.219+0000] {dag.py:3033} INFO - Sync 1 DAGs
[2024-01-09T07:43:51.235+0000] {logging_mixin.py:188} INFO - [2024-01-09T07:43:51.235+0000] {dag.py:3820} INFO - Setting next_dagrun for example_branch_operator to 2024-01-08T00:00:00+00:00, run_after=2024-01-09T00:00:00+00:00
[2024-01-09T07:43:51.248+0000] {processor.py:183} INFO - Processing /home/airflow/.local/lib/python3.8/site-packages/airflow/example_dags/example_branch_operator.py took 0.079 seconds
[2024-01-09T07:44:21.381+0000] {processor.py:161} INFO - Started process (PID=1036) to work on /home/airflow/.local/lib/python3.8/site-packages/airflow/example_dags/example_branch_operator.py
[2024-01-09T07:44:21.383+0000] {processor.py:830} INFO - Processing file /home/airflow/.local/lib/python3.8/site-packages/airflow/example_dags/example_branch_operator.py for tasks to queue
[2024-01-09T07:44:21.387+0000] {logging_mixin.py:188} INFO - [2024-01-09T07:44:21.386+0000] {dagbag.py:538} INFO - Filling up the DagBag from /home/airflow/.local/lib/python3.8/site-packages/airflow/example_dags/example_branch_operator.py
[2024-01-09T07:44:21.405+0000] {processor.py:840} INFO - DAG(s) 'example_branch_operator' retrieved from /home/airflow/.local/lib/python3.8/site-packages/airflow/example_dags/example_branch_operator.py
[2024-01-09T07:44:21.427+0000] {logging_mixin.py:188} INFO - [2024-01-09T07:44:21.427+0000] {dag.py:3033} INFO - Sync 1 DAGs
[2024-01-09T07:44:21.444+0000] {logging_mixin.py:188} INFO - [2024-01-09T07:44:21.443+0000] {dag.py:3820} INFO - Setting next_dagrun for example_branch_operator to 2024-01-08T00:00:00+00:00, run_after=2024-01-09T00:00:00+00:00
[2024-01-09T07:44:21.457+0000] {processor.py:183} INFO - Processing /home/airflow/.local/lib/python3.8/site-packages/airflow/example_dags/example_branch_operator.py took 0.082 seconds
[2024-01-09T07:44:51.678+0000] {processor.py:161} INFO - Started process (PID=1091) to work on /home/airflow/.local/lib/python3.8/site-packages/airflow/example_dags/example_branch_operator.py
[2024-01-09T07:44:51.680+0000] {processor.py:830} INFO - Processing file /home/airflow/.local/lib/python3.8/site-packages/airflow/example_dags/example_branch_operator.py for tasks to queue
[2024-01-09T07:44:51.683+0000] {logging_mixin.py:188} INFO - [2024-01-09T07:44:51.683+0000] {dagbag.py:538} INFO - Filling up the DagBag from /home/airflow/.local/lib/python3.8/site-packages/airflow/example_dags/example_branch_operator.py
[2024-01-09T07:44:51.701+0000] {processor.py:840} INFO - DAG(s) 'example_branch_operator' retrieved from /home/airflow/.local/lib/python3.8/site-packages/airflow/example_dags/example_branch_operator.py
[2024-01-09T07:44:51.722+0000] {logging_mixin.py:188} INFO - [2024-01-09T07:44:51.721+0000] {dag.py:3033} INFO - Sync 1 DAGs
[2024-01-09T07:44:51.738+0000] {logging_mixin.py:188} INFO - [2024-01-09T07:44:51.738+0000] {dag.py:3820} INFO - Setting next_dagrun for example_branch_operator to 2024-01-08T00:00:00+00:00, run_after=2024-01-09T00:00:00+00:00
[2024-01-09T07:44:51.751+0000] {processor.py:183} INFO - Processing /home/airflow/.local/lib/python3.8/site-packages/airflow/example_dags/example_branch_operator.py took 0.079 seconds
[2024-01-09T07:45:21.981+0000] {processor.py:161} INFO - Started process (PID=1145) to work on /home/airflow/.local/lib/python3.8/site-packages/airflow/example_dags/example_branch_operator.py
[2024-01-09T07:45:21.982+0000] {processor.py:830} INFO - Processing file /home/airflow/.local/lib/python3.8/site-packages/airflow/example_dags/example_branch_operator.py for tasks to queue
[2024-01-09T07:45:21.984+0000] {logging_mixin.py:188} INFO - [2024-01-09T07:45:21.984+0000] {dagbag.py:538} INFO - Filling up the DagBag from /home/airflow/.local/lib/python3.8/site-packages/airflow/example_dags/example_branch_operator.py
[2024-01-09T07:45:21.998+0000] {processor.py:840} INFO - DAG(s) 'example_branch_operator' retrieved from /home/airflow/.local/lib/python3.8/site-packages/airflow/example_dags/example_branch_operator.py
[2024-01-09T07:45:22.018+0000] {logging_mixin.py:188} INFO - [2024-01-09T07:45:22.018+0000] {dag.py:3033} INFO - Sync 1 DAGs
[2024-01-09T07:45:22.034+0000] {logging_mixin.py:188} INFO - [2024-01-09T07:45:22.034+0000] {dag.py:3820} INFO - Setting next_dagrun for example_branch_operator to 2024-01-08T00:00:00+00:00, run_after=2024-01-09T00:00:00+00:00
[2024-01-09T07:45:22.048+0000] {processor.py:183} INFO - Processing /home/airflow/.local/lib/python3.8/site-packages/airflow/example_dags/example_branch_operator.py took 0.071 seconds
[2024-01-09T07:45:52.423+0000] {processor.py:161} INFO - Started process (PID=1200) to work on /home/airflow/.local/lib/python3.8/site-packages/airflow/example_dags/example_branch_operator.py
[2024-01-09T07:45:52.425+0000] {processor.py:830} INFO - Processing file /home/airflow/.local/lib/python3.8/site-packages/airflow/example_dags/example_branch_operator.py for tasks to queue
[2024-01-09T07:45:52.428+0000] {logging_mixin.py:188} INFO - [2024-01-09T07:45:52.428+0000] {dagbag.py:538} INFO - Filling up the DagBag from /home/airflow/.local/lib/python3.8/site-packages/airflow/example_dags/example_branch_operator.py
[2024-01-09T07:45:52.447+0000] {processor.py:840} INFO - DAG(s) 'example_branch_operator' retrieved from /home/airflow/.local/lib/python3.8/site-packages/airflow/example_dags/example_branch_operator.py
[2024-01-09T07:45:52.467+0000] {logging_mixin.py:188} INFO - [2024-01-09T07:45:52.467+0000] {dag.py:3033} INFO - Sync 1 DAGs
[2024-01-09T07:45:52.484+0000] {logging_mixin.py:188} INFO - [2024-01-09T07:45:52.484+0000] {dag.py:3820} INFO - Setting next_dagrun for example_branch_operator to 2024-01-08T00:00:00+00:00, run_after=2024-01-09T00:00:00+00:00
[2024-01-09T07:45:52.497+0000] {processor.py:183} INFO - Processing /home/airflow/.local/lib/python3.8/site-packages/airflow/example_dags/example_branch_operator.py took 0.080 seconds
[2024-01-09T07:46:22.723+0000] {processor.py:161} INFO - Started process (PID=1255) to work on /home/airflow/.local/lib/python3.8/site-packages/airflow/example_dags/example_branch_operator.py
[2024-01-09T07:46:22.725+0000] {processor.py:830} INFO - Processing file /home/airflow/.local/lib/python3.8/site-packages/airflow/example_dags/example_branch_operator.py for tasks to queue
[2024-01-09T07:46:22.728+0000] {logging_mixin.py:188} INFO - [2024-01-09T07:46:22.728+0000] {dagbag.py:538} INFO - Filling up the DagBag from /home/airflow/.local/lib/python3.8/site-packages/airflow/example_dags/example_branch_operator.py
[2024-01-09T07:46:22.745+0000] {processor.py:840} INFO - DAG(s) 'example_branch_operator' retrieved from /home/airflow/.local/lib/python3.8/site-packages/airflow/example_dags/example_branch_operator.py
[2024-01-09T07:46:22.766+0000] {logging_mixin.py:188} INFO - [2024-01-09T07:46:22.766+0000] {dag.py:3033} INFO - Sync 1 DAGs
[2024-01-09T07:46:22.782+0000] {logging_mixin.py:188} INFO - [2024-01-09T07:46:22.782+0000] {dag.py:3820} INFO - Setting next_dagrun for example_branch_operator to 2024-01-08T00:00:00+00:00, run_after=2024-01-09T00:00:00+00:00
[2024-01-09T07:46:22.796+0000] {processor.py:183} INFO - Processing /home/airflow/.local/lib/python3.8/site-packages/airflow/example_dags/example_branch_operator.py took 0.078 seconds
[2024-01-09T07:46:53.143+0000] {processor.py:161} INFO - Started process (PID=1310) to work on /home/airflow/.local/lib/python3.8/site-packages/airflow/example_dags/example_branch_operator.py
[2024-01-09T07:46:53.145+0000] {processor.py:830} INFO - Processing file /home/airflow/.local/lib/python3.8/site-packages/airflow/example_dags/example_branch_operator.py for tasks to queue
[2024-01-09T07:46:53.148+0000] {logging_mixin.py:188} INFO - [2024-01-09T07:46:53.148+0000] {dagbag.py:538} INFO - Filling up the DagBag from /home/airflow/.local/lib/python3.8/site-packages/airflow/example_dags/example_branch_operator.py
[2024-01-09T07:46:53.164+0000] {processor.py:840} INFO - DAG(s) 'example_branch_operator' retrieved from /home/airflow/.local/lib/python3.8/site-packages/airflow/example_dags/example_branch_operator.py
[2024-01-09T07:46:53.187+0000] {logging_mixin.py:188} INFO - [2024-01-09T07:46:53.187+0000] {dag.py:3033} INFO - Sync 1 DAGs
[2024-01-09T07:46:53.205+0000] {logging_mixin.py:188} INFO - [2024-01-09T07:46:53.205+0000] {dag.py:3820} INFO - Setting next_dagrun for example_branch_operator to 2024-01-08T00:00:00+00:00, run_after=2024-01-09T00:00:00+00:00
[2024-01-09T07:46:53.220+0000] {processor.py:183} INFO - Processing /home/airflow/.local/lib/python3.8/site-packages/airflow/example_dags/example_branch_operator.py took 0.082 seconds
[2024-01-09T07:47:23.448+0000] {processor.py:161} INFO - Started process (PID=1365) to work on /home/airflow/.local/lib/python3.8/site-packages/airflow/example_dags/example_branch_operator.py
[2024-01-09T07:47:23.451+0000] {processor.py:830} INFO - Processing file /home/airflow/.local/lib/python3.8/site-packages/airflow/example_dags/example_branch_operator.py for tasks to queue
[2024-01-09T07:47:23.454+0000] {logging_mixin.py:188} INFO - [2024-01-09T07:47:23.454+0000] {dagbag.py:538} INFO - Filling up the DagBag from /home/airflow/.local/lib/python3.8/site-packages/airflow/example_dags/example_branch_operator.py
[2024-01-09T07:47:23.473+0000] {processor.py:840} INFO - DAG(s) 'example_branch_operator' retrieved from /home/airflow/.local/lib/python3.8/site-packages/airflow/example_dags/example_branch_operator.py
[2024-01-09T07:47:23.494+0000] {logging_mixin.py:188} INFO - [2024-01-09T07:47:23.494+0000] {dag.py:3033} INFO - Sync 1 DAGs
[2024-01-09T07:47:23.511+0000] {logging_mixin.py:188} INFO - [2024-01-09T07:47:23.510+0000] {dag.py:3820} INFO - Setting next_dagrun for example_branch_operator to 2024-01-08T00:00:00+00:00, run_after=2024-01-09T00:00:00+00:00
[2024-01-09T07:47:23.523+0000] {processor.py:183} INFO - Processing /home/airflow/.local/lib/python3.8/site-packages/airflow/example_dags/example_branch_operator.py took 0.082 seconds
[2024-01-09T07:47:53.737+0000] {processor.py:161} INFO - Started process (PID=1420) to work on /home/airflow/.local/lib/python3.8/site-packages/airflow/example_dags/example_branch_operator.py
[2024-01-09T07:47:53.738+0000] {processor.py:830} INFO - Processing file /home/airflow/.local/lib/python3.8/site-packages/airflow/example_dags/example_branch_operator.py for tasks to queue
[2024-01-09T07:47:53.741+0000] {logging_mixin.py:188} INFO - [2024-01-09T07:47:53.741+0000] {dagbag.py:538} INFO - Filling up the DagBag from /home/airflow/.local/lib/python3.8/site-packages/airflow/example_dags/example_branch_operator.py
[2024-01-09T07:47:53.755+0000] {processor.py:840} INFO - DAG(s) 'example_branch_operator' retrieved from /home/airflow/.local/lib/python3.8/site-packages/airflow/example_dags/example_branch_operator.py
[2024-01-09T07:47:53.780+0000] {logging_mixin.py:188} INFO - [2024-01-09T07:47:53.780+0000] {dag.py:3033} INFO - Sync 1 DAGs
[2024-01-09T07:47:53.798+0000] {logging_mixin.py:188} INFO - [2024-01-09T07:47:53.798+0000] {dag.py:3820} INFO - Setting next_dagrun for example_branch_operator to 2024-01-08T00:00:00+00:00, run_after=2024-01-09T00:00:00+00:00
[2024-01-09T07:47:53.812+0000] {processor.py:183} INFO - Processing /home/airflow/.local/lib/python3.8/site-packages/airflow/example_dags/example_branch_operator.py took 0.080 seconds
[2024-01-09T07:48:23.986+0000] {processor.py:161} INFO - Started process (PID=1475) to work on /home/airflow/.local/lib/python3.8/site-packages/airflow/example_dags/example_branch_operator.py
[2024-01-09T07:48:23.989+0000] {processor.py:830} INFO - Processing file /home/airflow/.local/lib/python3.8/site-packages/airflow/example_dags/example_branch_operator.py for tasks to queue
[2024-01-09T07:48:23.992+0000] {logging_mixin.py:188} INFO - [2024-01-09T07:48:23.992+0000] {dagbag.py:538} INFO - Filling up the DagBag from /home/airflow/.local/lib/python3.8/site-packages/airflow/example_dags/example_branch_operator.py
[2024-01-09T07:48:24.013+0000] {processor.py:840} INFO - DAG(s) 'example_branch_operator' retrieved from /home/airflow/.local/lib/python3.8/site-packages/airflow/example_dags/example_branch_operator.py
[2024-01-09T07:48:24.033+0000] {logging_mixin.py:188} INFO - [2024-01-09T07:48:24.033+0000] {dag.py:3033} INFO - Sync 1 DAGs
[2024-01-09T07:48:24.050+0000] {logging_mixin.py:188} INFO - [2024-01-09T07:48:24.050+0000] {dag.py:3820} INFO - Setting next_dagrun for example_branch_operator to 2024-01-08T00:00:00+00:00, run_after=2024-01-09T00:00:00+00:00
[2024-01-09T07:48:24.064+0000] {processor.py:183} INFO - Processing /home/airflow/.local/lib/python3.8/site-packages/airflow/example_dags/example_branch_operator.py took 0.084 seconds
[2024-01-09T07:48:54.656+0000] {processor.py:161} INFO - Started process (PID=1530) to work on /home/airflow/.local/lib/python3.8/site-packages/airflow/example_dags/example_branch_operator.py
[2024-01-09T07:48:54.657+0000] {processor.py:830} INFO - Processing file /home/airflow/.local/lib/python3.8/site-packages/airflow/example_dags/example_branch_operator.py for tasks to queue
[2024-01-09T07:48:54.661+0000] {logging_mixin.py:188} INFO - [2024-01-09T07:48:54.661+0000] {dagbag.py:538} INFO - Filling up the DagBag from /home/airflow/.local/lib/python3.8/site-packages/airflow/example_dags/example_branch_operator.py
[2024-01-09T07:48:54.681+0000] {processor.py:840} INFO - DAG(s) 'example_branch_operator' retrieved from /home/airflow/.local/lib/python3.8/site-packages/airflow/example_dags/example_branch_operator.py
[2024-01-09T07:48:54.702+0000] {logging_mixin.py:188} INFO - [2024-01-09T07:48:54.702+0000] {dag.py:3033} INFO - Sync 1 DAGs
[2024-01-09T07:48:54.719+0000] {logging_mixin.py:188} INFO - [2024-01-09T07:48:54.718+0000] {dag.py:3820} INFO - Setting next_dagrun for example_branch_operator to 2024-01-08T00:00:00+00:00, run_after=2024-01-09T00:00:00+00:00
[2024-01-09T07:48:54.732+0000] {processor.py:183} INFO - Processing /home/airflow/.local/lib/python3.8/site-packages/airflow/example_dags/example_branch_operator.py took 0.084 seconds
[2024-01-09T07:49:25.033+0000] {processor.py:161} INFO - Started process (PID=1585) to work on /home/airflow/.local/lib/python3.8/site-packages/airflow/example_dags/example_branch_operator.py
[2024-01-09T07:49:25.035+0000] {processor.py:830} INFO - Processing file /home/airflow/.local/lib/python3.8/site-packages/airflow/example_dags/example_branch_operator.py for tasks to queue
[2024-01-09T07:49:25.038+0000] {logging_mixin.py:188} INFO - [2024-01-09T07:49:25.038+0000] {dagbag.py:538} INFO - Filling up the DagBag from /home/airflow/.local/lib/python3.8/site-packages/airflow/example_dags/example_branch_operator.py
[2024-01-09T07:49:25.055+0000] {processor.py:840} INFO - DAG(s) 'example_branch_operator' retrieved from /home/airflow/.local/lib/python3.8/site-packages/airflow/example_dags/example_branch_operator.py
[2024-01-09T07:49:25.077+0000] {logging_mixin.py:188} INFO - [2024-01-09T07:49:25.076+0000] {dag.py:3033} INFO - Sync 1 DAGs
[2024-01-09T07:49:25.093+0000] {logging_mixin.py:188} INFO - [2024-01-09T07:49:25.093+0000] {dag.py:3820} INFO - Setting next_dagrun for example_branch_operator to 2024-01-08T00:00:00+00:00, run_after=2024-01-09T00:00:00+00:00
[2024-01-09T07:49:25.106+0000] {processor.py:183} INFO - Processing /home/airflow/.local/lib/python3.8/site-packages/airflow/example_dags/example_branch_operator.py took 0.078 seconds
