[2024-01-09T07:35:13.659+0000] {processor.py:161} INFO - Started process (PID=63) to work on /home/airflow/.local/lib/python3.8/site-packages/airflow/example_dags/example_branch_python_dop_operator_3.py
[2024-01-09T07:35:13.661+0000] {processor.py:830} INFO - Processing file /home/airflow/.local/lib/python3.8/site-packages/airflow/example_dags/example_branch_python_dop_operator_3.py for tasks to queue
[2024-01-09T07:35:13.665+0000] {logging_mixin.py:188} INFO - [2024-01-09T07:35:13.664+0000] {dagbag.py:538} INFO - Filling up the DagBag from /home/airflow/.local/lib/python3.8/site-packages/airflow/example_dags/example_branch_python_dop_operator_3.py
[2024-01-09T07:35:13.682+0000] {processor.py:840} INFO - DAG(s) 'example_branch_dop_operator_v3' retrieved from /home/airflow/.local/lib/python3.8/site-packages/airflow/example_dags/example_branch_python_dop_operator_3.py
[2024-01-09T07:35:13.704+0000] {logging_mixin.py:188} INFO - [2024-01-09T07:35:13.704+0000] {dag.py:3033} INFO - Sync 1 DAGs
[2024-01-09T07:35:13.740+0000] {logging_mixin.py:188} INFO - [2024-01-09T07:35:13.740+0000] {dag.py:3820} INFO - Setting next_dagrun for example_branch_dop_operator_v3 to 2024-01-09T07:34:00+00:00, run_after=2024-01-09T07:35:00+00:00
[2024-01-09T07:35:13.765+0000] {processor.py:183} INFO - Processing /home/airflow/.local/lib/python3.8/site-packages/airflow/example_dags/example_branch_python_dop_operator_3.py took 0.113 seconds
[2024-01-09T07:35:44.269+0000] {processor.py:161} INFO - Started process (PID=118) to work on /home/airflow/.local/lib/python3.8/site-packages/airflow/example_dags/example_branch_python_dop_operator_3.py
[2024-01-09T07:35:44.270+0000] {processor.py:830} INFO - Processing file /home/airflow/.local/lib/python3.8/site-packages/airflow/example_dags/example_branch_python_dop_operator_3.py for tasks to queue
[2024-01-09T07:35:44.276+0000] {logging_mixin.py:188} INFO - [2024-01-09T07:35:44.275+0000] {dagbag.py:538} INFO - Filling up the DagBag from /home/airflow/.local/lib/python3.8/site-packages/airflow/example_dags/example_branch_python_dop_operator_3.py
[2024-01-09T07:35:44.291+0000] {processor.py:840} INFO - DAG(s) 'example_branch_dop_operator_v3' retrieved from /home/airflow/.local/lib/python3.8/site-packages/airflow/example_dags/example_branch_python_dop_operator_3.py
[2024-01-09T07:35:44.415+0000] {logging_mixin.py:188} INFO - [2024-01-09T07:35:44.414+0000] {dag.py:3033} INFO - Sync 1 DAGs
[2024-01-09T07:35:44.441+0000] {logging_mixin.py:188} INFO - [2024-01-09T07:35:44.440+0000] {dag.py:3820} INFO - Setting next_dagrun for example_branch_dop_operator_v3 to 2024-01-09T07:34:00+00:00, run_after=2024-01-09T07:35:00+00:00
[2024-01-09T07:35:44.463+0000] {processor.py:183} INFO - Processing /home/airflow/.local/lib/python3.8/site-packages/airflow/example_dags/example_branch_python_dop_operator_3.py took 0.200 seconds
[2024-01-09T07:36:15.150+0000] {processor.py:161} INFO - Started process (PID=173) to work on /home/airflow/.local/lib/python3.8/site-packages/airflow/example_dags/example_branch_python_dop_operator_3.py
[2024-01-09T07:36:15.151+0000] {processor.py:830} INFO - Processing file /home/airflow/.local/lib/python3.8/site-packages/airflow/example_dags/example_branch_python_dop_operator_3.py for tasks to queue
[2024-01-09T07:36:15.153+0000] {logging_mixin.py:188} INFO - [2024-01-09T07:36:15.153+0000] {dagbag.py:538} INFO - Filling up the DagBag from /home/airflow/.local/lib/python3.8/site-packages/airflow/example_dags/example_branch_python_dop_operator_3.py
[2024-01-09T07:36:15.161+0000] {processor.py:840} INFO - DAG(s) 'example_branch_dop_operator_v3' retrieved from /home/airflow/.local/lib/python3.8/site-packages/airflow/example_dags/example_branch_python_dop_operator_3.py
[2024-01-09T07:36:15.177+0000] {logging_mixin.py:188} INFO - [2024-01-09T07:36:15.177+0000] {dag.py:3033} INFO - Sync 1 DAGs
[2024-01-09T07:36:15.196+0000] {logging_mixin.py:188} INFO - [2024-01-09T07:36:15.196+0000] {dag.py:3820} INFO - Setting next_dagrun for example_branch_dop_operator_v3 to 2024-01-09T07:35:00+00:00, run_after=2024-01-09T07:36:00+00:00
[2024-01-09T07:36:15.210+0000] {processor.py:183} INFO - Processing /home/airflow/.local/lib/python3.8/site-packages/airflow/example_dags/example_branch_python_dop_operator_3.py took 0.063 seconds
[2024-01-09T07:36:45.479+0000] {processor.py:161} INFO - Started process (PID=228) to work on /home/airflow/.local/lib/python3.8/site-packages/airflow/example_dags/example_branch_python_dop_operator_3.py
[2024-01-09T07:36:45.480+0000] {processor.py:830} INFO - Processing file /home/airflow/.local/lib/python3.8/site-packages/airflow/example_dags/example_branch_python_dop_operator_3.py for tasks to queue
[2024-01-09T07:36:45.482+0000] {logging_mixin.py:188} INFO - [2024-01-09T07:36:45.482+0000] {dagbag.py:538} INFO - Filling up the DagBag from /home/airflow/.local/lib/python3.8/site-packages/airflow/example_dags/example_branch_python_dop_operator_3.py
[2024-01-09T07:36:45.489+0000] {processor.py:840} INFO - DAG(s) 'example_branch_dop_operator_v3' retrieved from /home/airflow/.local/lib/python3.8/site-packages/airflow/example_dags/example_branch_python_dop_operator_3.py
[2024-01-09T07:36:45.505+0000] {logging_mixin.py:188} INFO - [2024-01-09T07:36:45.505+0000] {dag.py:3033} INFO - Sync 1 DAGs
[2024-01-09T07:36:45.524+0000] {logging_mixin.py:188} INFO - [2024-01-09T07:36:45.524+0000] {dag.py:3820} INFO - Setting next_dagrun for example_branch_dop_operator_v3 to 2024-01-09T07:35:00+00:00, run_after=2024-01-09T07:36:00+00:00
[2024-01-09T07:36:45.538+0000] {processor.py:183} INFO - Processing /home/airflow/.local/lib/python3.8/site-packages/airflow/example_dags/example_branch_python_dop_operator_3.py took 0.061 seconds
[2024-01-09T07:37:15.826+0000] {processor.py:161} INFO - Started process (PID=283) to work on /home/airflow/.local/lib/python3.8/site-packages/airflow/example_dags/example_branch_python_dop_operator_3.py
[2024-01-09T07:37:15.827+0000] {processor.py:830} INFO - Processing file /home/airflow/.local/lib/python3.8/site-packages/airflow/example_dags/example_branch_python_dop_operator_3.py for tasks to queue
[2024-01-09T07:37:15.829+0000] {logging_mixin.py:188} INFO - [2024-01-09T07:37:15.828+0000] {dagbag.py:538} INFO - Filling up the DagBag from /home/airflow/.local/lib/python3.8/site-packages/airflow/example_dags/example_branch_python_dop_operator_3.py
[2024-01-09T07:37:15.836+0000] {processor.py:840} INFO - DAG(s) 'example_branch_dop_operator_v3' retrieved from /home/airflow/.local/lib/python3.8/site-packages/airflow/example_dags/example_branch_python_dop_operator_3.py
[2024-01-09T07:37:15.854+0000] {logging_mixin.py:188} INFO - [2024-01-09T07:37:15.854+0000] {dag.py:3033} INFO - Sync 1 DAGs
[2024-01-09T07:37:15.876+0000] {logging_mixin.py:188} INFO - [2024-01-09T07:37:15.876+0000] {dag.py:3820} INFO - Setting next_dagrun for example_branch_dop_operator_v3 to 2024-01-09T07:36:00+00:00, run_after=2024-01-09T07:37:00+00:00
[2024-01-09T07:37:15.894+0000] {processor.py:183} INFO - Processing /home/airflow/.local/lib/python3.8/site-packages/airflow/example_dags/example_branch_python_dop_operator_3.py took 0.071 seconds
[2024-01-09T07:37:46.228+0000] {processor.py:161} INFO - Started process (PID=338) to work on /home/airflow/.local/lib/python3.8/site-packages/airflow/example_dags/example_branch_python_dop_operator_3.py
[2024-01-09T07:37:46.229+0000] {processor.py:830} INFO - Processing file /home/airflow/.local/lib/python3.8/site-packages/airflow/example_dags/example_branch_python_dop_operator_3.py for tasks to queue
[2024-01-09T07:37:46.231+0000] {logging_mixin.py:188} INFO - [2024-01-09T07:37:46.230+0000] {dagbag.py:538} INFO - Filling up the DagBag from /home/airflow/.local/lib/python3.8/site-packages/airflow/example_dags/example_branch_python_dop_operator_3.py
[2024-01-09T07:37:46.238+0000] {processor.py:840} INFO - DAG(s) 'example_branch_dop_operator_v3' retrieved from /home/airflow/.local/lib/python3.8/site-packages/airflow/example_dags/example_branch_python_dop_operator_3.py
[2024-01-09T07:37:46.253+0000] {logging_mixin.py:188} INFO - [2024-01-09T07:37:46.253+0000] {dag.py:3033} INFO - Sync 1 DAGs
[2024-01-09T07:37:46.272+0000] {logging_mixin.py:188} INFO - [2024-01-09T07:37:46.272+0000] {dag.py:3820} INFO - Setting next_dagrun for example_branch_dop_operator_v3 to 2024-01-09T07:36:00+00:00, run_after=2024-01-09T07:37:00+00:00
[2024-01-09T07:37:46.284+0000] {processor.py:183} INFO - Processing /home/airflow/.local/lib/python3.8/site-packages/airflow/example_dags/example_branch_python_dop_operator_3.py took 0.059 seconds
[2024-01-09T07:38:16.869+0000] {processor.py:161} INFO - Started process (PID=393) to work on /home/airflow/.local/lib/python3.8/site-packages/airflow/example_dags/example_branch_python_dop_operator_3.py
[2024-01-09T07:38:16.870+0000] {processor.py:830} INFO - Processing file /home/airflow/.local/lib/python3.8/site-packages/airflow/example_dags/example_branch_python_dop_operator_3.py for tasks to queue
[2024-01-09T07:38:16.873+0000] {logging_mixin.py:188} INFO - [2024-01-09T07:38:16.873+0000] {dagbag.py:538} INFO - Filling up the DagBag from /home/airflow/.local/lib/python3.8/site-packages/airflow/example_dags/example_branch_python_dop_operator_3.py
[2024-01-09T07:38:16.880+0000] {processor.py:840} INFO - DAG(s) 'example_branch_dop_operator_v3' retrieved from /home/airflow/.local/lib/python3.8/site-packages/airflow/example_dags/example_branch_python_dop_operator_3.py
[2024-01-09T07:38:16.897+0000] {logging_mixin.py:188} INFO - [2024-01-09T07:38:16.897+0000] {dag.py:3033} INFO - Sync 1 DAGs
[2024-01-09T07:38:16.917+0000] {logging_mixin.py:188} INFO - [2024-01-09T07:38:16.917+0000] {dag.py:3820} INFO - Setting next_dagrun for example_branch_dop_operator_v3 to 2024-01-09T07:37:00+00:00, run_after=2024-01-09T07:38:00+00:00
[2024-01-09T07:38:16.932+0000] {processor.py:183} INFO - Processing /home/airflow/.local/lib/python3.8/site-packages/airflow/example_dags/example_branch_python_dop_operator_3.py took 0.066 seconds
[2024-01-09T07:38:47.215+0000] {processor.py:161} INFO - Started process (PID=448) to work on /home/airflow/.local/lib/python3.8/site-packages/airflow/example_dags/example_branch_python_dop_operator_3.py
[2024-01-09T07:38:47.216+0000] {processor.py:830} INFO - Processing file /home/airflow/.local/lib/python3.8/site-packages/airflow/example_dags/example_branch_python_dop_operator_3.py for tasks to queue
[2024-01-09T07:38:47.218+0000] {logging_mixin.py:188} INFO - [2024-01-09T07:38:47.218+0000] {dagbag.py:538} INFO - Filling up the DagBag from /home/airflow/.local/lib/python3.8/site-packages/airflow/example_dags/example_branch_python_dop_operator_3.py
[2024-01-09T07:38:47.226+0000] {processor.py:840} INFO - DAG(s) 'example_branch_dop_operator_v3' retrieved from /home/airflow/.local/lib/python3.8/site-packages/airflow/example_dags/example_branch_python_dop_operator_3.py
[2024-01-09T07:38:47.241+0000] {logging_mixin.py:188} INFO - [2024-01-09T07:38:47.241+0000] {dag.py:3033} INFO - Sync 1 DAGs
[2024-01-09T07:38:47.260+0000] {logging_mixin.py:188} INFO - [2024-01-09T07:38:47.260+0000] {dag.py:3820} INFO - Setting next_dagrun for example_branch_dop_operator_v3 to 2024-01-09T07:37:00+00:00, run_after=2024-01-09T07:38:00+00:00
[2024-01-09T07:38:47.273+0000] {processor.py:183} INFO - Processing /home/airflow/.local/lib/python3.8/site-packages/airflow/example_dags/example_branch_python_dop_operator_3.py took 0.060 seconds
[2024-01-09T07:39:17.677+0000] {processor.py:161} INFO - Started process (PID=503) to work on /home/airflow/.local/lib/python3.8/site-packages/airflow/example_dags/example_branch_python_dop_operator_3.py
[2024-01-09T07:39:17.678+0000] {processor.py:830} INFO - Processing file /home/airflow/.local/lib/python3.8/site-packages/airflow/example_dags/example_branch_python_dop_operator_3.py for tasks to queue
[2024-01-09T07:39:17.680+0000] {logging_mixin.py:188} INFO - [2024-01-09T07:39:17.680+0000] {dagbag.py:538} INFO - Filling up the DagBag from /home/airflow/.local/lib/python3.8/site-packages/airflow/example_dags/example_branch_python_dop_operator_3.py
[2024-01-09T07:39:17.688+0000] {processor.py:840} INFO - DAG(s) 'example_branch_dop_operator_v3' retrieved from /home/airflow/.local/lib/python3.8/site-packages/airflow/example_dags/example_branch_python_dop_operator_3.py
[2024-01-09T07:39:17.705+0000] {logging_mixin.py:188} INFO - [2024-01-09T07:39:17.705+0000] {dag.py:3033} INFO - Sync 1 DAGs
[2024-01-09T07:39:17.724+0000] {logging_mixin.py:188} INFO - [2024-01-09T07:39:17.724+0000] {dag.py:3820} INFO - Setting next_dagrun for example_branch_dop_operator_v3 to 2024-01-09T07:38:00+00:00, run_after=2024-01-09T07:39:00+00:00
[2024-01-09T07:39:17.738+0000] {processor.py:183} INFO - Processing /home/airflow/.local/lib/python3.8/site-packages/airflow/example_dags/example_branch_python_dop_operator_3.py took 0.064 seconds
[2024-01-09T07:39:48.030+0000] {processor.py:161} INFO - Started process (PID=558) to work on /home/airflow/.local/lib/python3.8/site-packages/airflow/example_dags/example_branch_python_dop_operator_3.py
[2024-01-09T07:39:48.030+0000] {processor.py:830} INFO - Processing file /home/airflow/.local/lib/python3.8/site-packages/airflow/example_dags/example_branch_python_dop_operator_3.py for tasks to queue
[2024-01-09T07:39:48.032+0000] {logging_mixin.py:188} INFO - [2024-01-09T07:39:48.032+0000] {dagbag.py:538} INFO - Filling up the DagBag from /home/airflow/.local/lib/python3.8/site-packages/airflow/example_dags/example_branch_python_dop_operator_3.py
[2024-01-09T07:39:48.040+0000] {processor.py:840} INFO - DAG(s) 'example_branch_dop_operator_v3' retrieved from /home/airflow/.local/lib/python3.8/site-packages/airflow/example_dags/example_branch_python_dop_operator_3.py
[2024-01-09T07:39:48.056+0000] {logging_mixin.py:188} INFO - [2024-01-09T07:39:48.056+0000] {dag.py:3033} INFO - Sync 1 DAGs
[2024-01-09T07:39:48.076+0000] {logging_mixin.py:188} INFO - [2024-01-09T07:39:48.076+0000] {dag.py:3820} INFO - Setting next_dagrun for example_branch_dop_operator_v3 to 2024-01-09T07:38:00+00:00, run_after=2024-01-09T07:39:00+00:00
[2024-01-09T07:39:48.090+0000] {processor.py:183} INFO - Processing /home/airflow/.local/lib/python3.8/site-packages/airflow/example_dags/example_branch_python_dop_operator_3.py took 0.064 seconds
[2024-01-09T07:40:18.782+0000] {processor.py:161} INFO - Started process (PID=613) to work on /home/airflow/.local/lib/python3.8/site-packages/airflow/example_dags/example_branch_python_dop_operator_3.py
[2024-01-09T07:40:18.783+0000] {processor.py:830} INFO - Processing file /home/airflow/.local/lib/python3.8/site-packages/airflow/example_dags/example_branch_python_dop_operator_3.py for tasks to queue
[2024-01-09T07:40:18.785+0000] {logging_mixin.py:188} INFO - [2024-01-09T07:40:18.785+0000] {dagbag.py:538} INFO - Filling up the DagBag from /home/airflow/.local/lib/python3.8/site-packages/airflow/example_dags/example_branch_python_dop_operator_3.py
[2024-01-09T07:40:18.793+0000] {processor.py:840} INFO - DAG(s) 'example_branch_dop_operator_v3' retrieved from /home/airflow/.local/lib/python3.8/site-packages/airflow/example_dags/example_branch_python_dop_operator_3.py
[2024-01-09T07:40:18.809+0000] {logging_mixin.py:188} INFO - [2024-01-09T07:40:18.809+0000] {dag.py:3033} INFO - Sync 1 DAGs
[2024-01-09T07:40:18.829+0000] {logging_mixin.py:188} INFO - [2024-01-09T07:40:18.828+0000] {dag.py:3820} INFO - Setting next_dagrun for example_branch_dop_operator_v3 to 2024-01-09T07:39:00+00:00, run_after=2024-01-09T07:40:00+00:00
[2024-01-09T07:40:18.843+0000] {processor.py:183} INFO - Processing /home/airflow/.local/lib/python3.8/site-packages/airflow/example_dags/example_branch_python_dop_operator_3.py took 0.064 seconds
[2024-01-09T07:40:49.048+0000] {processor.py:161} INFO - Started process (PID=668) to work on /home/airflow/.local/lib/python3.8/site-packages/airflow/example_dags/example_branch_python_dop_operator_3.py
[2024-01-09T07:40:49.049+0000] {processor.py:830} INFO - Processing file /home/airflow/.local/lib/python3.8/site-packages/airflow/example_dags/example_branch_python_dop_operator_3.py for tasks to queue
[2024-01-09T07:40:49.051+0000] {logging_mixin.py:188} INFO - [2024-01-09T07:40:49.051+0000] {dagbag.py:538} INFO - Filling up the DagBag from /home/airflow/.local/lib/python3.8/site-packages/airflow/example_dags/example_branch_python_dop_operator_3.py
[2024-01-09T07:40:49.059+0000] {processor.py:840} INFO - DAG(s) 'example_branch_dop_operator_v3' retrieved from /home/airflow/.local/lib/python3.8/site-packages/airflow/example_dags/example_branch_python_dop_operator_3.py
[2024-01-09T07:40:49.075+0000] {logging_mixin.py:188} INFO - [2024-01-09T07:40:49.075+0000] {dag.py:3033} INFO - Sync 1 DAGs
[2024-01-09T07:40:49.094+0000] {logging_mixin.py:188} INFO - [2024-01-09T07:40:49.094+0000] {dag.py:3820} INFO - Setting next_dagrun for example_branch_dop_operator_v3 to 2024-01-09T07:39:00+00:00, run_after=2024-01-09T07:40:00+00:00
[2024-01-09T07:40:49.109+0000] {processor.py:183} INFO - Processing /home/airflow/.local/lib/python3.8/site-packages/airflow/example_dags/example_branch_python_dop_operator_3.py took 0.065 seconds
[2024-01-09T07:41:19.904+0000] {processor.py:161} INFO - Started process (PID=723) to work on /home/airflow/.local/lib/python3.8/site-packages/airflow/example_dags/example_branch_python_dop_operator_3.py
[2024-01-09T07:41:19.906+0000] {processor.py:830} INFO - Processing file /home/airflow/.local/lib/python3.8/site-packages/airflow/example_dags/example_branch_python_dop_operator_3.py for tasks to queue
[2024-01-09T07:41:19.909+0000] {logging_mixin.py:188} INFO - [2024-01-09T07:41:19.909+0000] {dagbag.py:538} INFO - Filling up the DagBag from /home/airflow/.local/lib/python3.8/site-packages/airflow/example_dags/example_branch_python_dop_operator_3.py
[2024-01-09T07:41:19.922+0000] {processor.py:840} INFO - DAG(s) 'example_branch_dop_operator_v3' retrieved from /home/airflow/.local/lib/python3.8/site-packages/airflow/example_dags/example_branch_python_dop_operator_3.py
[2024-01-09T07:41:19.948+0000] {logging_mixin.py:188} INFO - [2024-01-09T07:41:19.947+0000] {dag.py:3033} INFO - Sync 1 DAGs
[2024-01-09T07:41:19.977+0000] {logging_mixin.py:188} INFO - [2024-01-09T07:41:19.977+0000] {dag.py:3820} INFO - Setting next_dagrun for example_branch_dop_operator_v3 to 2024-01-09T07:40:00+00:00, run_after=2024-01-09T07:41:00+00:00
[2024-01-09T07:41:19.998+0000] {processor.py:183} INFO - Processing /home/airflow/.local/lib/python3.8/site-packages/airflow/example_dags/example_branch_python_dop_operator_3.py took 0.100 seconds
[2024-01-09T07:41:50.860+0000] {processor.py:161} INFO - Started process (PID=778) to work on /home/airflow/.local/lib/python3.8/site-packages/airflow/example_dags/example_branch_python_dop_operator_3.py
[2024-01-09T07:41:50.862+0000] {processor.py:830} INFO - Processing file /home/airflow/.local/lib/python3.8/site-packages/airflow/example_dags/example_branch_python_dop_operator_3.py for tasks to queue
[2024-01-09T07:41:50.865+0000] {logging_mixin.py:188} INFO - [2024-01-09T07:41:50.865+0000] {dagbag.py:538} INFO - Filling up the DagBag from /home/airflow/.local/lib/python3.8/site-packages/airflow/example_dags/example_branch_python_dop_operator_3.py
[2024-01-09T07:41:50.874+0000] {processor.py:840} INFO - DAG(s) 'example_branch_dop_operator_v3' retrieved from /home/airflow/.local/lib/python3.8/site-packages/airflow/example_dags/example_branch_python_dop_operator_3.py
[2024-01-09T07:41:50.893+0000] {logging_mixin.py:188} INFO - [2024-01-09T07:41:50.893+0000] {dag.py:3033} INFO - Sync 1 DAGs
[2024-01-09T07:41:50.915+0000] {logging_mixin.py:188} INFO - [2024-01-09T07:41:50.915+0000] {dag.py:3820} INFO - Setting next_dagrun for example_branch_dop_operator_v3 to 2024-01-09T07:40:00+00:00, run_after=2024-01-09T07:41:00+00:00
[2024-01-09T07:41:50.934+0000] {processor.py:183} INFO - Processing /home/airflow/.local/lib/python3.8/site-packages/airflow/example_dags/example_branch_python_dop_operator_3.py took 0.077 seconds
[2024-01-09T07:42:21.339+0000] {processor.py:161} INFO - Started process (PID=833) to work on /home/airflow/.local/lib/python3.8/site-packages/airflow/example_dags/example_branch_python_dop_operator_3.py
[2024-01-09T07:42:21.340+0000] {processor.py:830} INFO - Processing file /home/airflow/.local/lib/python3.8/site-packages/airflow/example_dags/example_branch_python_dop_operator_3.py for tasks to queue
[2024-01-09T07:42:21.342+0000] {logging_mixin.py:188} INFO - [2024-01-09T07:42:21.342+0000] {dagbag.py:538} INFO - Filling up the DagBag from /home/airflow/.local/lib/python3.8/site-packages/airflow/example_dags/example_branch_python_dop_operator_3.py
[2024-01-09T07:42:21.351+0000] {processor.py:840} INFO - DAG(s) 'example_branch_dop_operator_v3' retrieved from /home/airflow/.local/lib/python3.8/site-packages/airflow/example_dags/example_branch_python_dop_operator_3.py
[2024-01-09T07:42:21.370+0000] {logging_mixin.py:188} INFO - [2024-01-09T07:42:21.370+0000] {dag.py:3033} INFO - Sync 1 DAGs
[2024-01-09T07:42:21.392+0000] {logging_mixin.py:188} INFO - [2024-01-09T07:42:21.392+0000] {dag.py:3820} INFO - Setting next_dagrun for example_branch_dop_operator_v3 to 2024-01-09T07:41:00+00:00, run_after=2024-01-09T07:42:00+00:00
[2024-01-09T07:42:21.410+0000] {processor.py:183} INFO - Processing /home/airflow/.local/lib/python3.8/site-packages/airflow/example_dags/example_branch_python_dop_operator_3.py took 0.074 seconds
[2024-01-09T07:42:51.542+0000] {processor.py:161} INFO - Started process (PID=888) to work on /home/airflow/.local/lib/python3.8/site-packages/airflow/example_dags/example_branch_python_dop_operator_3.py
[2024-01-09T07:42:51.543+0000] {processor.py:830} INFO - Processing file /home/airflow/.local/lib/python3.8/site-packages/airflow/example_dags/example_branch_python_dop_operator_3.py for tasks to queue
[2024-01-09T07:42:51.545+0000] {logging_mixin.py:188} INFO - [2024-01-09T07:42:51.545+0000] {dagbag.py:538} INFO - Filling up the DagBag from /home/airflow/.local/lib/python3.8/site-packages/airflow/example_dags/example_branch_python_dop_operator_3.py
[2024-01-09T07:42:51.553+0000] {processor.py:840} INFO - DAG(s) 'example_branch_dop_operator_v3' retrieved from /home/airflow/.local/lib/python3.8/site-packages/airflow/example_dags/example_branch_python_dop_operator_3.py
[2024-01-09T07:42:51.572+0000] {logging_mixin.py:188} INFO - [2024-01-09T07:42:51.572+0000] {dag.py:3033} INFO - Sync 1 DAGs
[2024-01-09T07:42:51.592+0000] {logging_mixin.py:188} INFO - [2024-01-09T07:42:51.592+0000] {dag.py:3820} INFO - Setting next_dagrun for example_branch_dop_operator_v3 to 2024-01-09T07:41:00+00:00, run_after=2024-01-09T07:42:00+00:00
[2024-01-09T07:42:51.608+0000] {processor.py:183} INFO - Processing /home/airflow/.local/lib/python3.8/site-packages/airflow/example_dags/example_branch_python_dop_operator_3.py took 0.068 seconds
[2024-01-09T07:43:22.306+0000] {processor.py:161} INFO - Started process (PID=943) to work on /home/airflow/.local/lib/python3.8/site-packages/airflow/example_dags/example_branch_python_dop_operator_3.py
[2024-01-09T07:43:22.307+0000] {processor.py:830} INFO - Processing file /home/airflow/.local/lib/python3.8/site-packages/airflow/example_dags/example_branch_python_dop_operator_3.py for tasks to queue
[2024-01-09T07:43:22.309+0000] {logging_mixin.py:188} INFO - [2024-01-09T07:43:22.309+0000] {dagbag.py:538} INFO - Filling up the DagBag from /home/airflow/.local/lib/python3.8/site-packages/airflow/example_dags/example_branch_python_dop_operator_3.py
[2024-01-09T07:43:22.317+0000] {processor.py:840} INFO - DAG(s) 'example_branch_dop_operator_v3' retrieved from /home/airflow/.local/lib/python3.8/site-packages/airflow/example_dags/example_branch_python_dop_operator_3.py
[2024-01-09T07:43:22.334+0000] {logging_mixin.py:188} INFO - [2024-01-09T07:43:22.334+0000] {dag.py:3033} INFO - Sync 1 DAGs
[2024-01-09T07:43:22.354+0000] {logging_mixin.py:188} INFO - [2024-01-09T07:43:22.354+0000] {dag.py:3820} INFO - Setting next_dagrun for example_branch_dop_operator_v3 to 2024-01-09T07:42:00+00:00, run_after=2024-01-09T07:43:00+00:00
[2024-01-09T07:43:22.368+0000] {processor.py:183} INFO - Processing /home/airflow/.local/lib/python3.8/site-packages/airflow/example_dags/example_branch_python_dop_operator_3.py took 0.065 seconds
[2024-01-09T07:43:52.395+0000] {processor.py:161} INFO - Started process (PID=998) to work on /home/airflow/.local/lib/python3.8/site-packages/airflow/example_dags/example_branch_python_dop_operator_3.py
[2024-01-09T07:43:52.396+0000] {processor.py:830} INFO - Processing file /home/airflow/.local/lib/python3.8/site-packages/airflow/example_dags/example_branch_python_dop_operator_3.py for tasks to queue
[2024-01-09T07:43:52.398+0000] {logging_mixin.py:188} INFO - [2024-01-09T07:43:52.397+0000] {dagbag.py:538} INFO - Filling up the DagBag from /home/airflow/.local/lib/python3.8/site-packages/airflow/example_dags/example_branch_python_dop_operator_3.py
[2024-01-09T07:43:52.405+0000] {processor.py:840} INFO - DAG(s) 'example_branch_dop_operator_v3' retrieved from /home/airflow/.local/lib/python3.8/site-packages/airflow/example_dags/example_branch_python_dop_operator_3.py
[2024-01-09T07:43:52.421+0000] {logging_mixin.py:188} INFO - [2024-01-09T07:43:52.421+0000] {dag.py:3033} INFO - Sync 1 DAGs
[2024-01-09T07:43:52.440+0000] {logging_mixin.py:188} INFO - [2024-01-09T07:43:52.439+0000] {dag.py:3820} INFO - Setting next_dagrun for example_branch_dop_operator_v3 to 2024-01-09T07:42:00+00:00, run_after=2024-01-09T07:43:00+00:00
[2024-01-09T07:43:52.452+0000] {processor.py:183} INFO - Processing /home/airflow/.local/lib/python3.8/site-packages/airflow/example_dags/example_branch_python_dop_operator_3.py took 0.061 seconds
[2024-01-09T07:44:23.158+0000] {processor.py:161} INFO - Started process (PID=1052) to work on /home/airflow/.local/lib/python3.8/site-packages/airflow/example_dags/example_branch_python_dop_operator_3.py
[2024-01-09T07:44:23.160+0000] {processor.py:830} INFO - Processing file /home/airflow/.local/lib/python3.8/site-packages/airflow/example_dags/example_branch_python_dop_operator_3.py for tasks to queue
[2024-01-09T07:44:23.163+0000] {logging_mixin.py:188} INFO - [2024-01-09T07:44:23.162+0000] {dagbag.py:538} INFO - Filling up the DagBag from /home/airflow/.local/lib/python3.8/site-packages/airflow/example_dags/example_branch_python_dop_operator_3.py
[2024-01-09T07:44:23.171+0000] {processor.py:840} INFO - DAG(s) 'example_branch_dop_operator_v3' retrieved from /home/airflow/.local/lib/python3.8/site-packages/airflow/example_dags/example_branch_python_dop_operator_3.py
[2024-01-09T07:44:23.193+0000] {logging_mixin.py:188} INFO - [2024-01-09T07:44:23.193+0000] {dag.py:3033} INFO - Sync 1 DAGs
[2024-01-09T07:44:23.216+0000] {logging_mixin.py:188} INFO - [2024-01-09T07:44:23.215+0000] {dag.py:3820} INFO - Setting next_dagrun for example_branch_dop_operator_v3 to 2024-01-09T07:43:00+00:00, run_after=2024-01-09T07:44:00+00:00
[2024-01-09T07:44:23.231+0000] {processor.py:183} INFO - Processing /home/airflow/.local/lib/python3.8/site-packages/airflow/example_dags/example_branch_python_dop_operator_3.py took 0.076 seconds
[2024-01-09T07:44:53.410+0000] {processor.py:161} INFO - Started process (PID=1107) to work on /home/airflow/.local/lib/python3.8/site-packages/airflow/example_dags/example_branch_python_dop_operator_3.py
[2024-01-09T07:44:53.411+0000] {processor.py:830} INFO - Processing file /home/airflow/.local/lib/python3.8/site-packages/airflow/example_dags/example_branch_python_dop_operator_3.py for tasks to queue
[2024-01-09T07:44:53.412+0000] {logging_mixin.py:188} INFO - [2024-01-09T07:44:53.412+0000] {dagbag.py:538} INFO - Filling up the DagBag from /home/airflow/.local/lib/python3.8/site-packages/airflow/example_dags/example_branch_python_dop_operator_3.py
[2024-01-09T07:44:53.419+0000] {processor.py:840} INFO - DAG(s) 'example_branch_dop_operator_v3' retrieved from /home/airflow/.local/lib/python3.8/site-packages/airflow/example_dags/example_branch_python_dop_operator_3.py
[2024-01-09T07:44:53.435+0000] {logging_mixin.py:188} INFO - [2024-01-09T07:44:53.435+0000] {dag.py:3033} INFO - Sync 1 DAGs
[2024-01-09T07:44:53.455+0000] {logging_mixin.py:188} INFO - [2024-01-09T07:44:53.455+0000] {dag.py:3820} INFO - Setting next_dagrun for example_branch_dop_operator_v3 to 2024-01-09T07:43:00+00:00, run_after=2024-01-09T07:44:00+00:00
[2024-01-09T07:44:53.467+0000] {processor.py:183} INFO - Processing /home/airflow/.local/lib/python3.8/site-packages/airflow/example_dags/example_branch_python_dop_operator_3.py took 0.061 seconds
[2024-01-09T07:45:23.943+0000] {processor.py:161} INFO - Started process (PID=1161) to work on /home/airflow/.local/lib/python3.8/site-packages/airflow/example_dags/example_branch_python_dop_operator_3.py
[2024-01-09T07:45:23.944+0000] {processor.py:830} INFO - Processing file /home/airflow/.local/lib/python3.8/site-packages/airflow/example_dags/example_branch_python_dop_operator_3.py for tasks to queue
[2024-01-09T07:45:23.946+0000] {logging_mixin.py:188} INFO - [2024-01-09T07:45:23.946+0000] {dagbag.py:538} INFO - Filling up the DagBag from /home/airflow/.local/lib/python3.8/site-packages/airflow/example_dags/example_branch_python_dop_operator_3.py
[2024-01-09T07:45:23.954+0000] {processor.py:840} INFO - DAG(s) 'example_branch_dop_operator_v3' retrieved from /home/airflow/.local/lib/python3.8/site-packages/airflow/example_dags/example_branch_python_dop_operator_3.py
[2024-01-09T07:45:23.972+0000] {logging_mixin.py:188} INFO - [2024-01-09T07:45:23.972+0000] {dag.py:3033} INFO - Sync 1 DAGs
[2024-01-09T07:45:23.993+0000] {logging_mixin.py:188} INFO - [2024-01-09T07:45:23.993+0000] {dag.py:3820} INFO - Setting next_dagrun for example_branch_dop_operator_v3 to 2024-01-09T07:44:00+00:00, run_after=2024-01-09T07:45:00+00:00
[2024-01-09T07:45:24.011+0000] {processor.py:183} INFO - Processing /home/airflow/.local/lib/python3.8/site-packages/airflow/example_dags/example_branch_python_dop_operator_3.py took 0.071 seconds
[2024-01-09T07:45:54.205+0000] {processor.py:161} INFO - Started process (PID=1216) to work on /home/airflow/.local/lib/python3.8/site-packages/airflow/example_dags/example_branch_python_dop_operator_3.py
[2024-01-09T07:45:54.206+0000] {processor.py:830} INFO - Processing file /home/airflow/.local/lib/python3.8/site-packages/airflow/example_dags/example_branch_python_dop_operator_3.py for tasks to queue
[2024-01-09T07:45:54.208+0000] {logging_mixin.py:188} INFO - [2024-01-09T07:45:54.208+0000] {dagbag.py:538} INFO - Filling up the DagBag from /home/airflow/.local/lib/python3.8/site-packages/airflow/example_dags/example_branch_python_dop_operator_3.py
[2024-01-09T07:45:54.215+0000] {processor.py:840} INFO - DAG(s) 'example_branch_dop_operator_v3' retrieved from /home/airflow/.local/lib/python3.8/site-packages/airflow/example_dags/example_branch_python_dop_operator_3.py
[2024-01-09T07:45:54.230+0000] {logging_mixin.py:188} INFO - [2024-01-09T07:45:54.230+0000] {dag.py:3033} INFO - Sync 1 DAGs
[2024-01-09T07:45:54.248+0000] {logging_mixin.py:188} INFO - [2024-01-09T07:45:54.248+0000] {dag.py:3820} INFO - Setting next_dagrun for example_branch_dop_operator_v3 to 2024-01-09T07:44:00+00:00, run_after=2024-01-09T07:45:00+00:00
[2024-01-09T07:45:54.261+0000] {processor.py:183} INFO - Processing /home/airflow/.local/lib/python3.8/site-packages/airflow/example_dags/example_branch_python_dop_operator_3.py took 0.058 seconds
[2024-01-09T07:46:24.639+0000] {processor.py:161} INFO - Started process (PID=1271) to work on /home/airflow/.local/lib/python3.8/site-packages/airflow/example_dags/example_branch_python_dop_operator_3.py
[2024-01-09T07:46:24.640+0000] {processor.py:830} INFO - Processing file /home/airflow/.local/lib/python3.8/site-packages/airflow/example_dags/example_branch_python_dop_operator_3.py for tasks to queue
[2024-01-09T07:46:24.642+0000] {logging_mixin.py:188} INFO - [2024-01-09T07:46:24.642+0000] {dagbag.py:538} INFO - Filling up the DagBag from /home/airflow/.local/lib/python3.8/site-packages/airflow/example_dags/example_branch_python_dop_operator_3.py
[2024-01-09T07:46:24.650+0000] {processor.py:840} INFO - DAG(s) 'example_branch_dop_operator_v3' retrieved from /home/airflow/.local/lib/python3.8/site-packages/airflow/example_dags/example_branch_python_dop_operator_3.py
[2024-01-09T07:46:24.667+0000] {logging_mixin.py:188} INFO - [2024-01-09T07:46:24.667+0000] {dag.py:3033} INFO - Sync 1 DAGs
[2024-01-09T07:46:24.689+0000] {logging_mixin.py:188} INFO - [2024-01-09T07:46:24.689+0000] {dag.py:3820} INFO - Setting next_dagrun for example_branch_dop_operator_v3 to 2024-01-09T07:45:00+00:00, run_after=2024-01-09T07:46:00+00:00
[2024-01-09T07:46:24.703+0000] {processor.py:183} INFO - Processing /home/airflow/.local/lib/python3.8/site-packages/airflow/example_dags/example_branch_python_dop_operator_3.py took 0.068 seconds
[2024-01-09T07:46:54.893+0000] {processor.py:161} INFO - Started process (PID=1326) to work on /home/airflow/.local/lib/python3.8/site-packages/airflow/example_dags/example_branch_python_dop_operator_3.py
[2024-01-09T07:46:54.893+0000] {processor.py:830} INFO - Processing file /home/airflow/.local/lib/python3.8/site-packages/airflow/example_dags/example_branch_python_dop_operator_3.py for tasks to queue
[2024-01-09T07:46:54.895+0000] {logging_mixin.py:188} INFO - [2024-01-09T07:46:54.895+0000] {dagbag.py:538} INFO - Filling up the DagBag from /home/airflow/.local/lib/python3.8/site-packages/airflow/example_dags/example_branch_python_dop_operator_3.py
[2024-01-09T07:46:54.903+0000] {processor.py:840} INFO - DAG(s) 'example_branch_dop_operator_v3' retrieved from /home/airflow/.local/lib/python3.8/site-packages/airflow/example_dags/example_branch_python_dop_operator_3.py
[2024-01-09T07:46:54.918+0000] {logging_mixin.py:188} INFO - [2024-01-09T07:46:54.918+0000] {dag.py:3033} INFO - Sync 1 DAGs
[2024-01-09T07:46:54.938+0000] {logging_mixin.py:188} INFO - [2024-01-09T07:46:54.938+0000] {dag.py:3820} INFO - Setting next_dagrun for example_branch_dop_operator_v3 to 2024-01-09T07:45:00+00:00, run_after=2024-01-09T07:46:00+00:00
[2024-01-09T07:46:54.953+0000] {processor.py:183} INFO - Processing /home/airflow/.local/lib/python3.8/site-packages/airflow/example_dags/example_branch_python_dop_operator_3.py took 0.063 seconds
[2024-01-09T07:47:25.200+0000] {processor.py:161} INFO - Started process (PID=1381) to work on /home/airflow/.local/lib/python3.8/site-packages/airflow/example_dags/example_branch_python_dop_operator_3.py
[2024-01-09T07:47:25.201+0000] {processor.py:830} INFO - Processing file /home/airflow/.local/lib/python3.8/site-packages/airflow/example_dags/example_branch_python_dop_operator_3.py for tasks to queue
[2024-01-09T07:47:25.204+0000] {logging_mixin.py:188} INFO - [2024-01-09T07:47:25.203+0000] {dagbag.py:538} INFO - Filling up the DagBag from /home/airflow/.local/lib/python3.8/site-packages/airflow/example_dags/example_branch_python_dop_operator_3.py
[2024-01-09T07:47:25.211+0000] {processor.py:840} INFO - DAG(s) 'example_branch_dop_operator_v3' retrieved from /home/airflow/.local/lib/python3.8/site-packages/airflow/example_dags/example_branch_python_dop_operator_3.py
[2024-01-09T07:47:25.228+0000] {logging_mixin.py:188} INFO - [2024-01-09T07:47:25.227+0000] {dag.py:3033} INFO - Sync 1 DAGs
[2024-01-09T07:47:25.247+0000] {logging_mixin.py:188} INFO - [2024-01-09T07:47:25.247+0000] {dag.py:3820} INFO - Setting next_dagrun for example_branch_dop_operator_v3 to 2024-01-09T07:46:00+00:00, run_after=2024-01-09T07:47:00+00:00
[2024-01-09T07:47:25.262+0000] {processor.py:183} INFO - Processing /home/airflow/.local/lib/python3.8/site-packages/airflow/example_dags/example_branch_python_dop_operator_3.py took 0.064 seconds
[2024-01-09T07:47:55.363+0000] {processor.py:161} INFO - Started process (PID=1436) to work on /home/airflow/.local/lib/python3.8/site-packages/airflow/example_dags/example_branch_python_dop_operator_3.py
[2024-01-09T07:47:55.364+0000] {processor.py:830} INFO - Processing file /home/airflow/.local/lib/python3.8/site-packages/airflow/example_dags/example_branch_python_dop_operator_3.py for tasks to queue
[2024-01-09T07:47:55.366+0000] {logging_mixin.py:188} INFO - [2024-01-09T07:47:55.366+0000] {dagbag.py:538} INFO - Filling up the DagBag from /home/airflow/.local/lib/python3.8/site-packages/airflow/example_dags/example_branch_python_dop_operator_3.py
[2024-01-09T07:47:55.373+0000] {processor.py:840} INFO - DAG(s) 'example_branch_dop_operator_v3' retrieved from /home/airflow/.local/lib/python3.8/site-packages/airflow/example_dags/example_branch_python_dop_operator_3.py
[2024-01-09T07:47:55.390+0000] {logging_mixin.py:188} INFO - [2024-01-09T07:47:55.390+0000] {dag.py:3033} INFO - Sync 1 DAGs
[2024-01-09T07:47:55.410+0000] {logging_mixin.py:188} INFO - [2024-01-09T07:47:55.410+0000] {dag.py:3820} INFO - Setting next_dagrun for example_branch_dop_operator_v3 to 2024-01-09T07:46:00+00:00, run_after=2024-01-09T07:47:00+00:00
[2024-01-09T07:47:55.424+0000] {processor.py:183} INFO - Processing /home/airflow/.local/lib/python3.8/site-packages/airflow/example_dags/example_branch_python_dop_operator_3.py took 0.064 seconds
[2024-01-09T07:48:25.587+0000] {processor.py:161} INFO - Started process (PID=1490) to work on /home/airflow/.local/lib/python3.8/site-packages/airflow/example_dags/example_branch_python_dop_operator_3.py
[2024-01-09T07:48:25.588+0000] {processor.py:830} INFO - Processing file /home/airflow/.local/lib/python3.8/site-packages/airflow/example_dags/example_branch_python_dop_operator_3.py for tasks to queue
[2024-01-09T07:48:25.590+0000] {logging_mixin.py:188} INFO - [2024-01-09T07:48:25.590+0000] {dagbag.py:538} INFO - Filling up the DagBag from /home/airflow/.local/lib/python3.8/site-packages/airflow/example_dags/example_branch_python_dop_operator_3.py
[2024-01-09T07:48:25.598+0000] {processor.py:840} INFO - DAG(s) 'example_branch_dop_operator_v3' retrieved from /home/airflow/.local/lib/python3.8/site-packages/airflow/example_dags/example_branch_python_dop_operator_3.py
[2024-01-09T07:48:25.614+0000] {logging_mixin.py:188} INFO - [2024-01-09T07:48:25.613+0000] {dag.py:3033} INFO - Sync 1 DAGs
[2024-01-09T07:48:25.633+0000] {logging_mixin.py:188} INFO - [2024-01-09T07:48:25.633+0000] {dag.py:3820} INFO - Setting next_dagrun for example_branch_dop_operator_v3 to 2024-01-09T07:47:00+00:00, run_after=2024-01-09T07:48:00+00:00
[2024-01-09T07:48:25.646+0000] {processor.py:183} INFO - Processing /home/airflow/.local/lib/python3.8/site-packages/airflow/example_dags/example_branch_python_dop_operator_3.py took 0.062 seconds
[2024-01-09T07:48:56.285+0000] {processor.py:161} INFO - Started process (PID=1545) to work on /home/airflow/.local/lib/python3.8/site-packages/airflow/example_dags/example_branch_python_dop_operator_3.py
[2024-01-09T07:48:56.286+0000] {processor.py:830} INFO - Processing file /home/airflow/.local/lib/python3.8/site-packages/airflow/example_dags/example_branch_python_dop_operator_3.py for tasks to queue
[2024-01-09T07:48:56.288+0000] {logging_mixin.py:188} INFO - [2024-01-09T07:48:56.288+0000] {dagbag.py:538} INFO - Filling up the DagBag from /home/airflow/.local/lib/python3.8/site-packages/airflow/example_dags/example_branch_python_dop_operator_3.py
[2024-01-09T07:48:56.297+0000] {processor.py:840} INFO - DAG(s) 'example_branch_dop_operator_v3' retrieved from /home/airflow/.local/lib/python3.8/site-packages/airflow/example_dags/example_branch_python_dop_operator_3.py
[2024-01-09T07:48:56.315+0000] {logging_mixin.py:188} INFO - [2024-01-09T07:48:56.314+0000] {dag.py:3033} INFO - Sync 1 DAGs
[2024-01-09T07:48:56.335+0000] {logging_mixin.py:188} INFO - [2024-01-09T07:48:56.335+0000] {dag.py:3820} INFO - Setting next_dagrun for example_branch_dop_operator_v3 to 2024-01-09T07:47:00+00:00, run_after=2024-01-09T07:48:00+00:00
[2024-01-09T07:48:56.350+0000] {processor.py:183} INFO - Processing /home/airflow/.local/lib/python3.8/site-packages/airflow/example_dags/example_branch_python_dop_operator_3.py took 0.068 seconds
[2024-01-09T07:49:26.717+0000] {processor.py:161} INFO - Started process (PID=1600) to work on /home/airflow/.local/lib/python3.8/site-packages/airflow/example_dags/example_branch_python_dop_operator_3.py
[2024-01-09T07:49:26.718+0000] {processor.py:830} INFO - Processing file /home/airflow/.local/lib/python3.8/site-packages/airflow/example_dags/example_branch_python_dop_operator_3.py for tasks to queue
[2024-01-09T07:49:26.721+0000] {logging_mixin.py:188} INFO - [2024-01-09T07:49:26.721+0000] {dagbag.py:538} INFO - Filling up the DagBag from /home/airflow/.local/lib/python3.8/site-packages/airflow/example_dags/example_branch_python_dop_operator_3.py
[2024-01-09T07:49:26.732+0000] {processor.py:840} INFO - DAG(s) 'example_branch_dop_operator_v3' retrieved from /home/airflow/.local/lib/python3.8/site-packages/airflow/example_dags/example_branch_python_dop_operator_3.py
[2024-01-09T07:49:26.758+0000] {logging_mixin.py:188} INFO - [2024-01-09T07:49:26.758+0000] {dag.py:3033} INFO - Sync 1 DAGs
[2024-01-09T07:49:26.790+0000] {logging_mixin.py:188} INFO - [2024-01-09T07:49:26.790+0000] {dag.py:3820} INFO - Setting next_dagrun for example_branch_dop_operator_v3 to 2024-01-09T07:48:00+00:00, run_after=2024-01-09T07:49:00+00:00
[2024-01-09T07:49:26.816+0000] {processor.py:183} INFO - Processing /home/airflow/.local/lib/python3.8/site-packages/airflow/example_dags/example_branch_python_dop_operator_3.py took 0.103 seconds
