[2024-01-09T07:35:14.003+0000] {processor.py:161} INFO - Started process (PID=68) to work on /home/airflow/.local/lib/python3.8/site-packages/airflow/example_dags/example_branch_datetime_operator.py
[2024-01-09T07:35:14.006+0000] {processor.py:830} INFO - Processing file /home/airflow/.local/lib/python3.8/site-packages/airflow/example_dags/example_branch_datetime_operator.py for tasks to queue
[2024-01-09T07:35:14.010+0000] {logging_mixin.py:188} INFO - [2024-01-09T07:35:14.010+0000] {dagbag.py:538} INFO - Filling up the DagBag from /home/airflow/.local/lib/python3.8/site-packages/airflow/example_dags/example_branch_datetime_operator.py
[2024-01-09T07:35:14.030+0000] {processor.py:840} INFO - DAG(s) 'example_branch_datetime_operator_2', 'example_branch_datetime_operator_3', 'example_branch_datetime_operator' retrieved from /home/airflow/.local/lib/python3.8/site-packages/airflow/example_dags/example_branch_datetime_operator.py
[2024-01-09T07:35:14.049+0000] {logging_mixin.py:188} INFO - [2024-01-09T07:35:14.048+0000] {dag.py:3033} INFO - Sync 3 DAGs
[2024-01-09T07:35:14.080+0000] {logging_mixin.py:188} INFO - [2024-01-09T07:35:14.079+0000] {dag.py:3820} INFO - Setting next_dagrun for example_branch_datetime_operator to 2024-01-08T00:00:00+00:00, run_after=2024-01-09T00:00:00+00:00
[2024-01-09T07:35:14.085+0000] {logging_mixin.py:188} INFO - [2024-01-09T07:35:14.085+0000] {dag.py:3820} INFO - Setting next_dagrun for example_branch_datetime_operator_2 to 2024-01-08T00:00:00+00:00, run_after=2024-01-09T00:00:00+00:00
[2024-01-09T07:35:14.088+0000] {logging_mixin.py:188} INFO - [2024-01-09T07:35:14.088+0000] {dag.py:3820} INFO - Setting next_dagrun for example_branch_datetime_operator_3 to 2024-01-08T00:00:00+00:00, run_after=2024-01-09T00:00:00+00:00
[2024-01-09T07:35:14.112+0000] {processor.py:183} INFO - Processing /home/airflow/.local/lib/python3.8/site-packages/airflow/example_dags/example_branch_datetime_operator.py took 0.117 seconds
[2024-01-09T07:35:44.700+0000] {processor.py:161} INFO - Started process (PID=123) to work on /home/airflow/.local/lib/python3.8/site-packages/airflow/example_dags/example_branch_datetime_operator.py
[2024-01-09T07:35:44.701+0000] {processor.py:830} INFO - Processing file /home/airflow/.local/lib/python3.8/site-packages/airflow/example_dags/example_branch_datetime_operator.py for tasks to queue
[2024-01-09T07:35:44.703+0000] {logging_mixin.py:188} INFO - [2024-01-09T07:35:44.702+0000] {dagbag.py:538} INFO - Filling up the DagBag from /home/airflow/.local/lib/python3.8/site-packages/airflow/example_dags/example_branch_datetime_operator.py
[2024-01-09T07:35:44.713+0000] {processor.py:840} INFO - DAG(s) 'example_branch_datetime_operator_2', 'example_branch_datetime_operator', 'example_branch_datetime_operator_3' retrieved from /home/airflow/.local/lib/python3.8/site-packages/airflow/example_dags/example_branch_datetime_operator.py
[2024-01-09T07:35:44.821+0000] {logging_mixin.py:188} INFO - [2024-01-09T07:35:44.821+0000] {dag.py:3033} INFO - Sync 3 DAGs
[2024-01-09T07:35:44.839+0000] {logging_mixin.py:188} INFO - [2024-01-09T07:35:44.839+0000] {dag.py:3820} INFO - Setting next_dagrun for example_branch_datetime_operator to 2024-01-08T00:00:00+00:00, run_after=2024-01-09T00:00:00+00:00
[2024-01-09T07:35:44.843+0000] {logging_mixin.py:188} INFO - [2024-01-09T07:35:44.843+0000] {dag.py:3820} INFO - Setting next_dagrun for example_branch_datetime_operator_2 to 2024-01-08T00:00:00+00:00, run_after=2024-01-09T00:00:00+00:00
[2024-01-09T07:35:44.845+0000] {logging_mixin.py:188} INFO - [2024-01-09T07:35:44.845+0000] {dag.py:3820} INFO - Setting next_dagrun for example_branch_datetime_operator_3 to 2024-01-08T00:00:00+00:00, run_after=2024-01-09T00:00:00+00:00
[2024-01-09T07:35:44.861+0000] {processor.py:183} INFO - Processing /home/airflow/.local/lib/python3.8/site-packages/airflow/example_dags/example_branch_datetime_operator.py took 0.164 seconds
[2024-01-09T07:36:15.355+0000] {processor.py:161} INFO - Started process (PID=178) to work on /home/airflow/.local/lib/python3.8/site-packages/airflow/example_dags/example_branch_datetime_operator.py
[2024-01-09T07:36:15.356+0000] {processor.py:830} INFO - Processing file /home/airflow/.local/lib/python3.8/site-packages/airflow/example_dags/example_branch_datetime_operator.py for tasks to queue
[2024-01-09T07:36:15.357+0000] {logging_mixin.py:188} INFO - [2024-01-09T07:36:15.357+0000] {dagbag.py:538} INFO - Filling up the DagBag from /home/airflow/.local/lib/python3.8/site-packages/airflow/example_dags/example_branch_datetime_operator.py
[2024-01-09T07:36:15.365+0000] {processor.py:840} INFO - DAG(s) 'example_branch_datetime_operator', 'example_branch_datetime_operator_3', 'example_branch_datetime_operator_2' retrieved from /home/airflow/.local/lib/python3.8/site-packages/airflow/example_dags/example_branch_datetime_operator.py
[2024-01-09T07:36:15.385+0000] {logging_mixin.py:188} INFO - [2024-01-09T07:36:15.385+0000] {dag.py:3033} INFO - Sync 3 DAGs
[2024-01-09T07:36:15.401+0000] {logging_mixin.py:188} INFO - [2024-01-09T07:36:15.401+0000] {dag.py:3820} INFO - Setting next_dagrun for example_branch_datetime_operator to 2024-01-08T00:00:00+00:00, run_after=2024-01-09T00:00:00+00:00
[2024-01-09T07:36:15.404+0000] {logging_mixin.py:188} INFO - [2024-01-09T07:36:15.404+0000] {dag.py:3820} INFO - Setting next_dagrun for example_branch_datetime_operator_2 to 2024-01-08T00:00:00+00:00, run_after=2024-01-09T00:00:00+00:00
[2024-01-09T07:36:15.406+0000] {logging_mixin.py:188} INFO - [2024-01-09T07:36:15.406+0000] {dag.py:3820} INFO - Setting next_dagrun for example_branch_datetime_operator_3 to 2024-01-08T00:00:00+00:00, run_after=2024-01-09T00:00:00+00:00
[2024-01-09T07:36:15.417+0000] {processor.py:183} INFO - Processing /home/airflow/.local/lib/python3.8/site-packages/airflow/example_dags/example_branch_datetime_operator.py took 0.065 seconds
[2024-01-09T07:36:45.686+0000] {processor.py:161} INFO - Started process (PID=233) to work on /home/airflow/.local/lib/python3.8/site-packages/airflow/example_dags/example_branch_datetime_operator.py
[2024-01-09T07:36:45.687+0000] {processor.py:830} INFO - Processing file /home/airflow/.local/lib/python3.8/site-packages/airflow/example_dags/example_branch_datetime_operator.py for tasks to queue
[2024-01-09T07:36:45.689+0000] {logging_mixin.py:188} INFO - [2024-01-09T07:36:45.689+0000] {dagbag.py:538} INFO - Filling up the DagBag from /home/airflow/.local/lib/python3.8/site-packages/airflow/example_dags/example_branch_datetime_operator.py
[2024-01-09T07:36:45.697+0000] {processor.py:840} INFO - DAG(s) 'example_branch_datetime_operator_3', 'example_branch_datetime_operator_2', 'example_branch_datetime_operator' retrieved from /home/airflow/.local/lib/python3.8/site-packages/airflow/example_dags/example_branch_datetime_operator.py
[2024-01-09T07:36:45.717+0000] {logging_mixin.py:188} INFO - [2024-01-09T07:36:45.717+0000] {dag.py:3033} INFO - Sync 3 DAGs
[2024-01-09T07:36:45.734+0000] {logging_mixin.py:188} INFO - [2024-01-09T07:36:45.734+0000] {dag.py:3820} INFO - Setting next_dagrun for example_branch_datetime_operator to 2024-01-08T00:00:00+00:00, run_after=2024-01-09T00:00:00+00:00
[2024-01-09T07:36:45.737+0000] {logging_mixin.py:188} INFO - [2024-01-09T07:36:45.737+0000] {dag.py:3820} INFO - Setting next_dagrun for example_branch_datetime_operator_2 to 2024-01-08T00:00:00+00:00, run_after=2024-01-09T00:00:00+00:00
[2024-01-09T07:36:45.739+0000] {logging_mixin.py:188} INFO - [2024-01-09T07:36:45.739+0000] {dag.py:3820} INFO - Setting next_dagrun for example_branch_datetime_operator_3 to 2024-01-08T00:00:00+00:00, run_after=2024-01-09T00:00:00+00:00
[2024-01-09T07:36:45.751+0000] {processor.py:183} INFO - Processing /home/airflow/.local/lib/python3.8/site-packages/airflow/example_dags/example_branch_datetime_operator.py took 0.067 seconds
[2024-01-09T07:37:16.058+0000] {processor.py:161} INFO - Started process (PID=288) to work on /home/airflow/.local/lib/python3.8/site-packages/airflow/example_dags/example_branch_datetime_operator.py
[2024-01-09T07:37:16.059+0000] {processor.py:830} INFO - Processing file /home/airflow/.local/lib/python3.8/site-packages/airflow/example_dags/example_branch_datetime_operator.py for tasks to queue
[2024-01-09T07:37:16.061+0000] {logging_mixin.py:188} INFO - [2024-01-09T07:37:16.061+0000] {dagbag.py:538} INFO - Filling up the DagBag from /home/airflow/.local/lib/python3.8/site-packages/airflow/example_dags/example_branch_datetime_operator.py
[2024-01-09T07:37:16.069+0000] {processor.py:840} INFO - DAG(s) 'example_branch_datetime_operator_2', 'example_branch_datetime_operator', 'example_branch_datetime_operator_3' retrieved from /home/airflow/.local/lib/python3.8/site-packages/airflow/example_dags/example_branch_datetime_operator.py
[2024-01-09T07:37:16.090+0000] {logging_mixin.py:188} INFO - [2024-01-09T07:37:16.090+0000] {dag.py:3033} INFO - Sync 3 DAGs
[2024-01-09T07:37:16.107+0000] {logging_mixin.py:188} INFO - [2024-01-09T07:37:16.107+0000] {dag.py:3820} INFO - Setting next_dagrun for example_branch_datetime_operator to 2024-01-08T00:00:00+00:00, run_after=2024-01-09T00:00:00+00:00
[2024-01-09T07:37:16.111+0000] {logging_mixin.py:188} INFO - [2024-01-09T07:37:16.111+0000] {dag.py:3820} INFO - Setting next_dagrun for example_branch_datetime_operator_2 to 2024-01-08T00:00:00+00:00, run_after=2024-01-09T00:00:00+00:00
[2024-01-09T07:37:16.113+0000] {logging_mixin.py:188} INFO - [2024-01-09T07:37:16.113+0000] {dag.py:3820} INFO - Setting next_dagrun for example_branch_datetime_operator_3 to 2024-01-08T00:00:00+00:00, run_after=2024-01-09T00:00:00+00:00
[2024-01-09T07:37:16.126+0000] {processor.py:183} INFO - Processing /home/airflow/.local/lib/python3.8/site-packages/airflow/example_dags/example_branch_datetime_operator.py took 0.071 seconds
[2024-01-09T07:37:46.428+0000] {processor.py:161} INFO - Started process (PID=343) to work on /home/airflow/.local/lib/python3.8/site-packages/airflow/example_dags/example_branch_datetime_operator.py
[2024-01-09T07:37:46.429+0000] {processor.py:830} INFO - Processing file /home/airflow/.local/lib/python3.8/site-packages/airflow/example_dags/example_branch_datetime_operator.py for tasks to queue
[2024-01-09T07:37:46.431+0000] {logging_mixin.py:188} INFO - [2024-01-09T07:37:46.431+0000] {dagbag.py:538} INFO - Filling up the DagBag from /home/airflow/.local/lib/python3.8/site-packages/airflow/example_dags/example_branch_datetime_operator.py
[2024-01-09T07:37:46.438+0000] {processor.py:840} INFO - DAG(s) 'example_branch_datetime_operator', 'example_branch_datetime_operator_3', 'example_branch_datetime_operator_2' retrieved from /home/airflow/.local/lib/python3.8/site-packages/airflow/example_dags/example_branch_datetime_operator.py
[2024-01-09T07:37:46.458+0000] {logging_mixin.py:188} INFO - [2024-01-09T07:37:46.458+0000] {dag.py:3033} INFO - Sync 3 DAGs
[2024-01-09T07:37:46.474+0000] {logging_mixin.py:188} INFO - [2024-01-09T07:37:46.474+0000] {dag.py:3820} INFO - Setting next_dagrun for example_branch_datetime_operator to 2024-01-08T00:00:00+00:00, run_after=2024-01-09T00:00:00+00:00
[2024-01-09T07:37:46.478+0000] {logging_mixin.py:188} INFO - [2024-01-09T07:37:46.477+0000] {dag.py:3820} INFO - Setting next_dagrun for example_branch_datetime_operator_2 to 2024-01-08T00:00:00+00:00, run_after=2024-01-09T00:00:00+00:00
[2024-01-09T07:37:46.479+0000] {logging_mixin.py:188} INFO - [2024-01-09T07:37:46.479+0000] {dag.py:3820} INFO - Setting next_dagrun for example_branch_datetime_operator_3 to 2024-01-08T00:00:00+00:00, run_after=2024-01-09T00:00:00+00:00
[2024-01-09T07:37:46.490+0000] {processor.py:183} INFO - Processing /home/airflow/.local/lib/python3.8/site-packages/airflow/example_dags/example_branch_datetime_operator.py took 0.065 seconds
[2024-01-09T07:38:17.053+0000] {processor.py:161} INFO - Started process (PID=398) to work on /home/airflow/.local/lib/python3.8/site-packages/airflow/example_dags/example_branch_datetime_operator.py
[2024-01-09T07:38:17.055+0000] {processor.py:830} INFO - Processing file /home/airflow/.local/lib/python3.8/site-packages/airflow/example_dags/example_branch_datetime_operator.py for tasks to queue
[2024-01-09T07:38:17.057+0000] {logging_mixin.py:188} INFO - [2024-01-09T07:38:17.057+0000] {dagbag.py:538} INFO - Filling up the DagBag from /home/airflow/.local/lib/python3.8/site-packages/airflow/example_dags/example_branch_datetime_operator.py
[2024-01-09T07:38:17.065+0000] {processor.py:840} INFO - DAG(s) 'example_branch_datetime_operator_3', 'example_branch_datetime_operator_2', 'example_branch_datetime_operator' retrieved from /home/airflow/.local/lib/python3.8/site-packages/airflow/example_dags/example_branch_datetime_operator.py
[2024-01-09T07:38:17.088+0000] {logging_mixin.py:188} INFO - [2024-01-09T07:38:17.088+0000] {dag.py:3033} INFO - Sync 3 DAGs
[2024-01-09T07:38:17.108+0000] {logging_mixin.py:188} INFO - [2024-01-09T07:38:17.108+0000] {dag.py:3820} INFO - Setting next_dagrun for example_branch_datetime_operator to 2024-01-08T00:00:00+00:00, run_after=2024-01-09T00:00:00+00:00
[2024-01-09T07:38:17.111+0000] {logging_mixin.py:188} INFO - [2024-01-09T07:38:17.111+0000] {dag.py:3820} INFO - Setting next_dagrun for example_branch_datetime_operator_2 to 2024-01-08T00:00:00+00:00, run_after=2024-01-09T00:00:00+00:00
[2024-01-09T07:38:17.113+0000] {logging_mixin.py:188} INFO - [2024-01-09T07:38:17.113+0000] {dag.py:3820} INFO - Setting next_dagrun for example_branch_datetime_operator_3 to 2024-01-08T00:00:00+00:00, run_after=2024-01-09T00:00:00+00:00
[2024-01-09T07:38:17.127+0000] {processor.py:183} INFO - Processing /home/airflow/.local/lib/python3.8/site-packages/airflow/example_dags/example_branch_datetime_operator.py took 0.077 seconds
[2024-01-09T07:38:47.417+0000] {processor.py:161} INFO - Started process (PID=453) to work on /home/airflow/.local/lib/python3.8/site-packages/airflow/example_dags/example_branch_datetime_operator.py
[2024-01-09T07:38:47.418+0000] {processor.py:830} INFO - Processing file /home/airflow/.local/lib/python3.8/site-packages/airflow/example_dags/example_branch_datetime_operator.py for tasks to queue
[2024-01-09T07:38:47.419+0000] {logging_mixin.py:188} INFO - [2024-01-09T07:38:47.419+0000] {dagbag.py:538} INFO - Filling up the DagBag from /home/airflow/.local/lib/python3.8/site-packages/airflow/example_dags/example_branch_datetime_operator.py
[2024-01-09T07:38:47.427+0000] {processor.py:840} INFO - DAG(s) 'example_branch_datetime_operator_2', 'example_branch_datetime_operator', 'example_branch_datetime_operator_3' retrieved from /home/airflow/.local/lib/python3.8/site-packages/airflow/example_dags/example_branch_datetime_operator.py
[2024-01-09T07:38:47.447+0000] {logging_mixin.py:188} INFO - [2024-01-09T07:38:47.447+0000] {dag.py:3033} INFO - Sync 3 DAGs
[2024-01-09T07:38:47.463+0000] {logging_mixin.py:188} INFO - [2024-01-09T07:38:47.463+0000] {dag.py:3820} INFO - Setting next_dagrun for example_branch_datetime_operator to 2024-01-08T00:00:00+00:00, run_after=2024-01-09T00:00:00+00:00
[2024-01-09T07:38:47.466+0000] {logging_mixin.py:188} INFO - [2024-01-09T07:38:47.466+0000] {dag.py:3820} INFO - Setting next_dagrun for example_branch_datetime_operator_2 to 2024-01-08T00:00:00+00:00, run_after=2024-01-09T00:00:00+00:00
[2024-01-09T07:38:47.468+0000] {logging_mixin.py:188} INFO - [2024-01-09T07:38:47.468+0000] {dag.py:3820} INFO - Setting next_dagrun for example_branch_datetime_operator_3 to 2024-01-08T00:00:00+00:00, run_after=2024-01-09T00:00:00+00:00
[2024-01-09T07:38:47.479+0000] {processor.py:183} INFO - Processing /home/airflow/.local/lib/python3.8/site-packages/airflow/example_dags/example_branch_datetime_operator.py took 0.065 seconds
[2024-01-09T07:39:17.856+0000] {processor.py:161} INFO - Started process (PID=508) to work on /home/airflow/.local/lib/python3.8/site-packages/airflow/example_dags/example_branch_datetime_operator.py
[2024-01-09T07:39:17.857+0000] {processor.py:830} INFO - Processing file /home/airflow/.local/lib/python3.8/site-packages/airflow/example_dags/example_branch_datetime_operator.py for tasks to queue
[2024-01-09T07:39:17.859+0000] {logging_mixin.py:188} INFO - [2024-01-09T07:39:17.858+0000] {dagbag.py:538} INFO - Filling up the DagBag from /home/airflow/.local/lib/python3.8/site-packages/airflow/example_dags/example_branch_datetime_operator.py
[2024-01-09T07:39:17.866+0000] {processor.py:840} INFO - DAG(s) 'example_branch_datetime_operator_3', 'example_branch_datetime_operator', 'example_branch_datetime_operator_2' retrieved from /home/airflow/.local/lib/python3.8/site-packages/airflow/example_dags/example_branch_datetime_operator.py
[2024-01-09T07:39:17.888+0000] {logging_mixin.py:188} INFO - [2024-01-09T07:39:17.888+0000] {dag.py:3033} INFO - Sync 3 DAGs
[2024-01-09T07:39:17.912+0000] {logging_mixin.py:188} INFO - [2024-01-09T07:39:17.912+0000] {dag.py:3820} INFO - Setting next_dagrun for example_branch_datetime_operator to 2024-01-08T00:00:00+00:00, run_after=2024-01-09T00:00:00+00:00
[2024-01-09T07:39:17.923+0000] {logging_mixin.py:188} INFO - [2024-01-09T07:39:17.923+0000] {dag.py:3820} INFO - Setting next_dagrun for example_branch_datetime_operator_2 to 2024-01-08T00:00:00+00:00, run_after=2024-01-09T00:00:00+00:00
[2024-01-09T07:39:17.928+0000] {logging_mixin.py:188} INFO - [2024-01-09T07:39:17.928+0000] {dag.py:3820} INFO - Setting next_dagrun for example_branch_datetime_operator_3 to 2024-01-08T00:00:00+00:00, run_after=2024-01-09T00:00:00+00:00
[2024-01-09T07:39:17.945+0000] {processor.py:183} INFO - Processing /home/airflow/.local/lib/python3.8/site-packages/airflow/example_dags/example_branch_datetime_operator.py took 0.092 seconds
[2024-01-09T07:39:48.245+0000] {processor.py:161} INFO - Started process (PID=563) to work on /home/airflow/.local/lib/python3.8/site-packages/airflow/example_dags/example_branch_datetime_operator.py
[2024-01-09T07:39:48.246+0000] {processor.py:830} INFO - Processing file /home/airflow/.local/lib/python3.8/site-packages/airflow/example_dags/example_branch_datetime_operator.py for tasks to queue
[2024-01-09T07:39:48.247+0000] {logging_mixin.py:188} INFO - [2024-01-09T07:39:48.247+0000] {dagbag.py:538} INFO - Filling up the DagBag from /home/airflow/.local/lib/python3.8/site-packages/airflow/example_dags/example_branch_datetime_operator.py
[2024-01-09T07:39:48.255+0000] {processor.py:840} INFO - DAG(s) 'example_branch_datetime_operator_2', 'example_branch_datetime_operator', 'example_branch_datetime_operator_3' retrieved from /home/airflow/.local/lib/python3.8/site-packages/airflow/example_dags/example_branch_datetime_operator.py
[2024-01-09T07:39:48.276+0000] {logging_mixin.py:188} INFO - [2024-01-09T07:39:48.275+0000] {dag.py:3033} INFO - Sync 3 DAGs
[2024-01-09T07:39:48.294+0000] {logging_mixin.py:188} INFO - [2024-01-09T07:39:48.294+0000] {dag.py:3820} INFO - Setting next_dagrun for example_branch_datetime_operator to 2024-01-08T00:00:00+00:00, run_after=2024-01-09T00:00:00+00:00
[2024-01-09T07:39:48.297+0000] {logging_mixin.py:188} INFO - [2024-01-09T07:39:48.297+0000] {dag.py:3820} INFO - Setting next_dagrun for example_branch_datetime_operator_2 to 2024-01-08T00:00:00+00:00, run_after=2024-01-09T00:00:00+00:00
[2024-01-09T07:39:48.299+0000] {logging_mixin.py:188} INFO - [2024-01-09T07:39:48.299+0000] {dag.py:3820} INFO - Setting next_dagrun for example_branch_datetime_operator_3 to 2024-01-08T00:00:00+00:00, run_after=2024-01-09T00:00:00+00:00
[2024-01-09T07:39:48.312+0000] {processor.py:183} INFO - Processing /home/airflow/.local/lib/python3.8/site-packages/airflow/example_dags/example_branch_datetime_operator.py took 0.070 seconds
[2024-01-09T07:40:19.000+0000] {processor.py:161} INFO - Started process (PID=618) to work on /home/airflow/.local/lib/python3.8/site-packages/airflow/example_dags/example_branch_datetime_operator.py
[2024-01-09T07:40:19.000+0000] {processor.py:830} INFO - Processing file /home/airflow/.local/lib/python3.8/site-packages/airflow/example_dags/example_branch_datetime_operator.py for tasks to queue
[2024-01-09T07:40:19.002+0000] {logging_mixin.py:188} INFO - [2024-01-09T07:40:19.002+0000] {dagbag.py:538} INFO - Filling up the DagBag from /home/airflow/.local/lib/python3.8/site-packages/airflow/example_dags/example_branch_datetime_operator.py
[2024-01-09T07:40:19.010+0000] {processor.py:840} INFO - DAG(s) 'example_branch_datetime_operator_2', 'example_branch_datetime_operator_3', 'example_branch_datetime_operator' retrieved from /home/airflow/.local/lib/python3.8/site-packages/airflow/example_dags/example_branch_datetime_operator.py
[2024-01-09T07:40:19.030+0000] {logging_mixin.py:188} INFO - [2024-01-09T07:40:19.030+0000] {dag.py:3033} INFO - Sync 3 DAGs
[2024-01-09T07:40:19.048+0000] {logging_mixin.py:188} INFO - [2024-01-09T07:40:19.048+0000] {dag.py:3820} INFO - Setting next_dagrun for example_branch_datetime_operator to 2024-01-08T00:00:00+00:00, run_after=2024-01-09T00:00:00+00:00
[2024-01-09T07:40:19.052+0000] {logging_mixin.py:188} INFO - [2024-01-09T07:40:19.052+0000] {dag.py:3820} INFO - Setting next_dagrun for example_branch_datetime_operator_2 to 2024-01-08T00:00:00+00:00, run_after=2024-01-09T00:00:00+00:00
[2024-01-09T07:40:19.054+0000] {logging_mixin.py:188} INFO - [2024-01-09T07:40:19.053+0000] {dag.py:3820} INFO - Setting next_dagrun for example_branch_datetime_operator_3 to 2024-01-08T00:00:00+00:00, run_after=2024-01-09T00:00:00+00:00
[2024-01-09T07:40:19.065+0000] {processor.py:183} INFO - Processing /home/airflow/.local/lib/python3.8/site-packages/airflow/example_dags/example_branch_datetime_operator.py took 0.069 seconds
[2024-01-09T07:40:49.231+0000] {processor.py:161} INFO - Started process (PID=673) to work on /home/airflow/.local/lib/python3.8/site-packages/airflow/example_dags/example_branch_datetime_operator.py
[2024-01-09T07:40:49.233+0000] {processor.py:830} INFO - Processing file /home/airflow/.local/lib/python3.8/site-packages/airflow/example_dags/example_branch_datetime_operator.py for tasks to queue
[2024-01-09T07:40:49.235+0000] {logging_mixin.py:188} INFO - [2024-01-09T07:40:49.234+0000] {dagbag.py:538} INFO - Filling up the DagBag from /home/airflow/.local/lib/python3.8/site-packages/airflow/example_dags/example_branch_datetime_operator.py
[2024-01-09T07:40:49.243+0000] {processor.py:840} INFO - DAG(s) 'example_branch_datetime_operator', 'example_branch_datetime_operator_2', 'example_branch_datetime_operator_3' retrieved from /home/airflow/.local/lib/python3.8/site-packages/airflow/example_dags/example_branch_datetime_operator.py
[2024-01-09T07:40:49.264+0000] {logging_mixin.py:188} INFO - [2024-01-09T07:40:49.264+0000] {dag.py:3033} INFO - Sync 3 DAGs
[2024-01-09T07:40:49.283+0000] {logging_mixin.py:188} INFO - [2024-01-09T07:40:49.283+0000] {dag.py:3820} INFO - Setting next_dagrun for example_branch_datetime_operator to 2024-01-08T00:00:00+00:00, run_after=2024-01-09T00:00:00+00:00
[2024-01-09T07:40:49.287+0000] {logging_mixin.py:188} INFO - [2024-01-09T07:40:49.287+0000] {dag.py:3820} INFO - Setting next_dagrun for example_branch_datetime_operator_2 to 2024-01-08T00:00:00+00:00, run_after=2024-01-09T00:00:00+00:00
[2024-01-09T07:40:49.289+0000] {logging_mixin.py:188} INFO - [2024-01-09T07:40:49.289+0000] {dag.py:3820} INFO - Setting next_dagrun for example_branch_datetime_operator_3 to 2024-01-08T00:00:00+00:00, run_after=2024-01-09T00:00:00+00:00
[2024-01-09T07:40:49.302+0000] {processor.py:183} INFO - Processing /home/airflow/.local/lib/python3.8/site-packages/airflow/example_dags/example_branch_datetime_operator.py took 0.075 seconds
[2024-01-09T07:41:20.202+0000] {processor.py:161} INFO - Started process (PID=728) to work on /home/airflow/.local/lib/python3.8/site-packages/airflow/example_dags/example_branch_datetime_operator.py
[2024-01-09T07:41:20.204+0000] {processor.py:830} INFO - Processing file /home/airflow/.local/lib/python3.8/site-packages/airflow/example_dags/example_branch_datetime_operator.py for tasks to queue
[2024-01-09T07:41:20.208+0000] {logging_mixin.py:188} INFO - [2024-01-09T07:41:20.208+0000] {dagbag.py:538} INFO - Filling up the DagBag from /home/airflow/.local/lib/python3.8/site-packages/airflow/example_dags/example_branch_datetime_operator.py
[2024-01-09T07:41:20.227+0000] {processor.py:840} INFO - DAG(s) 'example_branch_datetime_operator_3', 'example_branch_datetime_operator', 'example_branch_datetime_operator_2' retrieved from /home/airflow/.local/lib/python3.8/site-packages/airflow/example_dags/example_branch_datetime_operator.py
[2024-01-09T07:41:20.275+0000] {logging_mixin.py:188} INFO - [2024-01-09T07:41:20.274+0000] {dag.py:3033} INFO - Sync 3 DAGs
[2024-01-09T07:41:20.311+0000] {logging_mixin.py:188} INFO - [2024-01-09T07:41:20.311+0000] {dag.py:3820} INFO - Setting next_dagrun for example_branch_datetime_operator to 2024-01-08T00:00:00+00:00, run_after=2024-01-09T00:00:00+00:00
[2024-01-09T07:41:20.319+0000] {logging_mixin.py:188} INFO - [2024-01-09T07:41:20.319+0000] {dag.py:3820} INFO - Setting next_dagrun for example_branch_datetime_operator_2 to 2024-01-08T00:00:00+00:00, run_after=2024-01-09T00:00:00+00:00
[2024-01-09T07:41:20.323+0000] {logging_mixin.py:188} INFO - [2024-01-09T07:41:20.323+0000] {dag.py:3820} INFO - Setting next_dagrun for example_branch_datetime_operator_3 to 2024-01-08T00:00:00+00:00, run_after=2024-01-09T00:00:00+00:00
[2024-01-09T07:41:20.351+0000] {processor.py:183} INFO - Processing /home/airflow/.local/lib/python3.8/site-packages/airflow/example_dags/example_branch_datetime_operator.py took 0.156 seconds
[2024-01-09T07:41:51.067+0000] {processor.py:161} INFO - Started process (PID=783) to work on /home/airflow/.local/lib/python3.8/site-packages/airflow/example_dags/example_branch_datetime_operator.py
[2024-01-09T07:41:51.068+0000] {processor.py:830} INFO - Processing file /home/airflow/.local/lib/python3.8/site-packages/airflow/example_dags/example_branch_datetime_operator.py for tasks to queue
[2024-01-09T07:41:51.070+0000] {logging_mixin.py:188} INFO - [2024-01-09T07:41:51.070+0000] {dagbag.py:538} INFO - Filling up the DagBag from /home/airflow/.local/lib/python3.8/site-packages/airflow/example_dags/example_branch_datetime_operator.py
[2024-01-09T07:41:51.079+0000] {processor.py:840} INFO - DAG(s) 'example_branch_datetime_operator', 'example_branch_datetime_operator_3', 'example_branch_datetime_operator_2' retrieved from /home/airflow/.local/lib/python3.8/site-packages/airflow/example_dags/example_branch_datetime_operator.py
[2024-01-09T07:41:51.105+0000] {logging_mixin.py:188} INFO - [2024-01-09T07:41:51.105+0000] {dag.py:3033} INFO - Sync 3 DAGs
[2024-01-09T07:41:51.125+0000] {logging_mixin.py:188} INFO - [2024-01-09T07:41:51.125+0000] {dag.py:3820} INFO - Setting next_dagrun for example_branch_datetime_operator to 2024-01-08T00:00:00+00:00, run_after=2024-01-09T00:00:00+00:00
[2024-01-09T07:41:51.129+0000] {logging_mixin.py:188} INFO - [2024-01-09T07:41:51.129+0000] {dag.py:3820} INFO - Setting next_dagrun for example_branch_datetime_operator_2 to 2024-01-08T00:00:00+00:00, run_after=2024-01-09T00:00:00+00:00
[2024-01-09T07:41:51.131+0000] {logging_mixin.py:188} INFO - [2024-01-09T07:41:51.131+0000] {dag.py:3820} INFO - Setting next_dagrun for example_branch_datetime_operator_3 to 2024-01-08T00:00:00+00:00, run_after=2024-01-09T00:00:00+00:00
[2024-01-09T07:41:51.143+0000] {processor.py:183} INFO - Processing /home/airflow/.local/lib/python3.8/site-packages/airflow/example_dags/example_branch_datetime_operator.py took 0.082 seconds
[2024-01-09T07:42:21.550+0000] {processor.py:161} INFO - Started process (PID=838) to work on /home/airflow/.local/lib/python3.8/site-packages/airflow/example_dags/example_branch_datetime_operator.py
[2024-01-09T07:42:21.552+0000] {processor.py:830} INFO - Processing file /home/airflow/.local/lib/python3.8/site-packages/airflow/example_dags/example_branch_datetime_operator.py for tasks to queue
[2024-01-09T07:42:21.555+0000] {logging_mixin.py:188} INFO - [2024-01-09T07:42:21.554+0000] {dagbag.py:538} INFO - Filling up the DagBag from /home/airflow/.local/lib/python3.8/site-packages/airflow/example_dags/example_branch_datetime_operator.py
[2024-01-09T07:42:21.569+0000] {processor.py:840} INFO - DAG(s) 'example_branch_datetime_operator_2', 'example_branch_datetime_operator', 'example_branch_datetime_operator_3' retrieved from /home/airflow/.local/lib/python3.8/site-packages/airflow/example_dags/example_branch_datetime_operator.py
[2024-01-09T07:42:21.609+0000] {logging_mixin.py:188} INFO - [2024-01-09T07:42:21.609+0000] {dag.py:3033} INFO - Sync 3 DAGs
[2024-01-09T07:42:21.651+0000] {logging_mixin.py:188} INFO - [2024-01-09T07:42:21.650+0000] {dag.py:3820} INFO - Setting next_dagrun for example_branch_datetime_operator to 2024-01-08T00:00:00+00:00, run_after=2024-01-09T00:00:00+00:00
[2024-01-09T07:42:21.659+0000] {logging_mixin.py:188} INFO - [2024-01-09T07:42:21.659+0000] {dag.py:3820} INFO - Setting next_dagrun for example_branch_datetime_operator_2 to 2024-01-08T00:00:00+00:00, run_after=2024-01-09T00:00:00+00:00
[2024-01-09T07:42:21.665+0000] {logging_mixin.py:188} INFO - [2024-01-09T07:42:21.665+0000] {dag.py:3820} INFO - Setting next_dagrun for example_branch_datetime_operator_3 to 2024-01-08T00:00:00+00:00, run_after=2024-01-09T00:00:00+00:00
[2024-01-09T07:42:21.695+0000] {processor.py:183} INFO - Processing /home/airflow/.local/lib/python3.8/site-packages/airflow/example_dags/example_branch_datetime_operator.py took 0.150 seconds
[2024-01-09T07:42:51.728+0000] {processor.py:161} INFO - Started process (PID=893) to work on /home/airflow/.local/lib/python3.8/site-packages/airflow/example_dags/example_branch_datetime_operator.py
[2024-01-09T07:42:51.729+0000] {processor.py:830} INFO - Processing file /home/airflow/.local/lib/python3.8/site-packages/airflow/example_dags/example_branch_datetime_operator.py for tasks to queue
[2024-01-09T07:42:51.731+0000] {logging_mixin.py:188} INFO - [2024-01-09T07:42:51.731+0000] {dagbag.py:538} INFO - Filling up the DagBag from /home/airflow/.local/lib/python3.8/site-packages/airflow/example_dags/example_branch_datetime_operator.py
[2024-01-09T07:42:51.740+0000] {processor.py:840} INFO - DAG(s) 'example_branch_datetime_operator_2', 'example_branch_datetime_operator_3', 'example_branch_datetime_operator' retrieved from /home/airflow/.local/lib/python3.8/site-packages/airflow/example_dags/example_branch_datetime_operator.py
[2024-01-09T07:42:51.766+0000] {logging_mixin.py:188} INFO - [2024-01-09T07:42:51.766+0000] {dag.py:3033} INFO - Sync 3 DAGs
[2024-01-09T07:42:51.786+0000] {logging_mixin.py:188} INFO - [2024-01-09T07:42:51.785+0000] {dag.py:3820} INFO - Setting next_dagrun for example_branch_datetime_operator to 2024-01-08T00:00:00+00:00, run_after=2024-01-09T00:00:00+00:00
[2024-01-09T07:42:51.789+0000] {logging_mixin.py:188} INFO - [2024-01-09T07:42:51.789+0000] {dag.py:3820} INFO - Setting next_dagrun for example_branch_datetime_operator_2 to 2024-01-08T00:00:00+00:00, run_after=2024-01-09T00:00:00+00:00
[2024-01-09T07:42:51.791+0000] {logging_mixin.py:188} INFO - [2024-01-09T07:42:51.791+0000] {dag.py:3820} INFO - Setting next_dagrun for example_branch_datetime_operator_3 to 2024-01-08T00:00:00+00:00, run_after=2024-01-09T00:00:00+00:00
[2024-01-09T07:42:51.804+0000] {processor.py:183} INFO - Processing /home/airflow/.local/lib/python3.8/site-packages/airflow/example_dags/example_branch_datetime_operator.py took 0.079 seconds
[2024-01-09T07:43:22.479+0000] {processor.py:161} INFO - Started process (PID=948) to work on /home/airflow/.local/lib/python3.8/site-packages/airflow/example_dags/example_branch_datetime_operator.py
[2024-01-09T07:43:22.480+0000] {processor.py:830} INFO - Processing file /home/airflow/.local/lib/python3.8/site-packages/airflow/example_dags/example_branch_datetime_operator.py for tasks to queue
[2024-01-09T07:43:22.482+0000] {logging_mixin.py:188} INFO - [2024-01-09T07:43:22.482+0000] {dagbag.py:538} INFO - Filling up the DagBag from /home/airflow/.local/lib/python3.8/site-packages/airflow/example_dags/example_branch_datetime_operator.py
[2024-01-09T07:43:22.490+0000] {processor.py:840} INFO - DAG(s) 'example_branch_datetime_operator', 'example_branch_datetime_operator_2', 'example_branch_datetime_operator_3' retrieved from /home/airflow/.local/lib/python3.8/site-packages/airflow/example_dags/example_branch_datetime_operator.py
[2024-01-09T07:43:22.512+0000] {logging_mixin.py:188} INFO - [2024-01-09T07:43:22.512+0000] {dag.py:3033} INFO - Sync 3 DAGs
[2024-01-09T07:43:22.530+0000] {logging_mixin.py:188} INFO - [2024-01-09T07:43:22.530+0000] {dag.py:3820} INFO - Setting next_dagrun for example_branch_datetime_operator to 2024-01-08T00:00:00+00:00, run_after=2024-01-09T00:00:00+00:00
[2024-01-09T07:43:22.534+0000] {logging_mixin.py:188} INFO - [2024-01-09T07:43:22.534+0000] {dag.py:3820} INFO - Setting next_dagrun for example_branch_datetime_operator_2 to 2024-01-08T00:00:00+00:00, run_after=2024-01-09T00:00:00+00:00
[2024-01-09T07:43:22.536+0000] {logging_mixin.py:188} INFO - [2024-01-09T07:43:22.536+0000] {dag.py:3820} INFO - Setting next_dagrun for example_branch_datetime_operator_3 to 2024-01-08T00:00:00+00:00, run_after=2024-01-09T00:00:00+00:00
[2024-01-09T07:43:22.547+0000] {processor.py:183} INFO - Processing /home/airflow/.local/lib/python3.8/site-packages/airflow/example_dags/example_branch_datetime_operator.py took 0.071 seconds
[2024-01-09T07:43:52.599+0000] {processor.py:161} INFO - Started process (PID=1003) to work on /home/airflow/.local/lib/python3.8/site-packages/airflow/example_dags/example_branch_datetime_operator.py
[2024-01-09T07:43:52.600+0000] {processor.py:830} INFO - Processing file /home/airflow/.local/lib/python3.8/site-packages/airflow/example_dags/example_branch_datetime_operator.py for tasks to queue
[2024-01-09T07:43:52.602+0000] {logging_mixin.py:188} INFO - [2024-01-09T07:43:52.602+0000] {dagbag.py:538} INFO - Filling up the DagBag from /home/airflow/.local/lib/python3.8/site-packages/airflow/example_dags/example_branch_datetime_operator.py
[2024-01-09T07:43:52.610+0000] {processor.py:840} INFO - DAG(s) 'example_branch_datetime_operator_3', 'example_branch_datetime_operator', 'example_branch_datetime_operator_2' retrieved from /home/airflow/.local/lib/python3.8/site-packages/airflow/example_dags/example_branch_datetime_operator.py
[2024-01-09T07:43:52.632+0000] {logging_mixin.py:188} INFO - [2024-01-09T07:43:52.632+0000] {dag.py:3033} INFO - Sync 3 DAGs
[2024-01-09T07:43:52.650+0000] {logging_mixin.py:188} INFO - [2024-01-09T07:43:52.650+0000] {dag.py:3820} INFO - Setting next_dagrun for example_branch_datetime_operator to 2024-01-08T00:00:00+00:00, run_after=2024-01-09T00:00:00+00:00
[2024-01-09T07:43:52.654+0000] {logging_mixin.py:188} INFO - [2024-01-09T07:43:52.654+0000] {dag.py:3820} INFO - Setting next_dagrun for example_branch_datetime_operator_2 to 2024-01-08T00:00:00+00:00, run_after=2024-01-09T00:00:00+00:00
[2024-01-09T07:43:52.656+0000] {logging_mixin.py:188} INFO - [2024-01-09T07:43:52.656+0000] {dag.py:3820} INFO - Setting next_dagrun for example_branch_datetime_operator_3 to 2024-01-08T00:00:00+00:00, run_after=2024-01-09T00:00:00+00:00
[2024-01-09T07:43:52.668+0000] {processor.py:183} INFO - Processing /home/airflow/.local/lib/python3.8/site-packages/airflow/example_dags/example_branch_datetime_operator.py took 0.071 seconds
[2024-01-09T07:44:23.383+0000] {processor.py:161} INFO - Started process (PID=1057) to work on /home/airflow/.local/lib/python3.8/site-packages/airflow/example_dags/example_branch_datetime_operator.py
[2024-01-09T07:44:23.384+0000] {processor.py:830} INFO - Processing file /home/airflow/.local/lib/python3.8/site-packages/airflow/example_dags/example_branch_datetime_operator.py for tasks to queue
[2024-01-09T07:44:23.386+0000] {logging_mixin.py:188} INFO - [2024-01-09T07:44:23.386+0000] {dagbag.py:538} INFO - Filling up the DagBag from /home/airflow/.local/lib/python3.8/site-packages/airflow/example_dags/example_branch_datetime_operator.py
[2024-01-09T07:44:23.394+0000] {processor.py:840} INFO - DAG(s) 'example_branch_datetime_operator_2', 'example_branch_datetime_operator', 'example_branch_datetime_operator_3' retrieved from /home/airflow/.local/lib/python3.8/site-packages/airflow/example_dags/example_branch_datetime_operator.py
[2024-01-09T07:44:23.414+0000] {logging_mixin.py:188} INFO - [2024-01-09T07:44:23.414+0000] {dag.py:3033} INFO - Sync 3 DAGs
[2024-01-09T07:44:23.430+0000] {logging_mixin.py:188} INFO - [2024-01-09T07:44:23.430+0000] {dag.py:3820} INFO - Setting next_dagrun for example_branch_datetime_operator to 2024-01-08T00:00:00+00:00, run_after=2024-01-09T00:00:00+00:00
[2024-01-09T07:44:23.434+0000] {logging_mixin.py:188} INFO - [2024-01-09T07:44:23.434+0000] {dag.py:3820} INFO - Setting next_dagrun for example_branch_datetime_operator_2 to 2024-01-08T00:00:00+00:00, run_after=2024-01-09T00:00:00+00:00
[2024-01-09T07:44:23.436+0000] {logging_mixin.py:188} INFO - [2024-01-09T07:44:23.435+0000] {dag.py:3820} INFO - Setting next_dagrun for example_branch_datetime_operator_3 to 2024-01-08T00:00:00+00:00, run_after=2024-01-09T00:00:00+00:00
[2024-01-09T07:44:23.447+0000] {processor.py:183} INFO - Processing /home/airflow/.local/lib/python3.8/site-packages/airflow/example_dags/example_branch_datetime_operator.py took 0.067 seconds
[2024-01-09T07:44:53.601+0000] {processor.py:161} INFO - Started process (PID=1112) to work on /home/airflow/.local/lib/python3.8/site-packages/airflow/example_dags/example_branch_datetime_operator.py
[2024-01-09T07:44:53.602+0000] {processor.py:830} INFO - Processing file /home/airflow/.local/lib/python3.8/site-packages/airflow/example_dags/example_branch_datetime_operator.py for tasks to queue
[2024-01-09T07:44:53.604+0000] {logging_mixin.py:188} INFO - [2024-01-09T07:44:53.604+0000] {dagbag.py:538} INFO - Filling up the DagBag from /home/airflow/.local/lib/python3.8/site-packages/airflow/example_dags/example_branch_datetime_operator.py
[2024-01-09T07:44:53.612+0000] {processor.py:840} INFO - DAG(s) 'example_branch_datetime_operator', 'example_branch_datetime_operator_3', 'example_branch_datetime_operator_2' retrieved from /home/airflow/.local/lib/python3.8/site-packages/airflow/example_dags/example_branch_datetime_operator.py
[2024-01-09T07:44:53.632+0000] {logging_mixin.py:188} INFO - [2024-01-09T07:44:53.631+0000] {dag.py:3033} INFO - Sync 3 DAGs
[2024-01-09T07:44:53.648+0000] {logging_mixin.py:188} INFO - [2024-01-09T07:44:53.648+0000] {dag.py:3820} INFO - Setting next_dagrun for example_branch_datetime_operator to 2024-01-08T00:00:00+00:00, run_after=2024-01-09T00:00:00+00:00
[2024-01-09T07:44:53.651+0000] {logging_mixin.py:188} INFO - [2024-01-09T07:44:53.651+0000] {dag.py:3820} INFO - Setting next_dagrun for example_branch_datetime_operator_2 to 2024-01-08T00:00:00+00:00, run_after=2024-01-09T00:00:00+00:00
[2024-01-09T07:44:53.653+0000] {logging_mixin.py:188} INFO - [2024-01-09T07:44:53.653+0000] {dag.py:3820} INFO - Setting next_dagrun for example_branch_datetime_operator_3 to 2024-01-08T00:00:00+00:00, run_after=2024-01-09T00:00:00+00:00
[2024-01-09T07:44:53.664+0000] {processor.py:183} INFO - Processing /home/airflow/.local/lib/python3.8/site-packages/airflow/example_dags/example_branch_datetime_operator.py took 0.065 seconds
[2024-01-09T07:45:24.203+0000] {processor.py:161} INFO - Started process (PID=1166) to work on /home/airflow/.local/lib/python3.8/site-packages/airflow/example_dags/example_branch_datetime_operator.py
[2024-01-09T07:45:24.204+0000] {processor.py:830} INFO - Processing file /home/airflow/.local/lib/python3.8/site-packages/airflow/example_dags/example_branch_datetime_operator.py for tasks to queue
[2024-01-09T07:45:24.207+0000] {logging_mixin.py:188} INFO - [2024-01-09T07:45:24.206+0000] {dagbag.py:538} INFO - Filling up the DagBag from /home/airflow/.local/lib/python3.8/site-packages/airflow/example_dags/example_branch_datetime_operator.py
[2024-01-09T07:45:24.218+0000] {processor.py:840} INFO - DAG(s) 'example_branch_datetime_operator', 'example_branch_datetime_operator_3', 'example_branch_datetime_operator_2' retrieved from /home/airflow/.local/lib/python3.8/site-packages/airflow/example_dags/example_branch_datetime_operator.py
[2024-01-09T07:45:24.246+0000] {logging_mixin.py:188} INFO - [2024-01-09T07:45:24.246+0000] {dag.py:3033} INFO - Sync 3 DAGs
[2024-01-09T07:45:24.268+0000] {logging_mixin.py:188} INFO - [2024-01-09T07:45:24.268+0000] {dag.py:3820} INFO - Setting next_dagrun for example_branch_datetime_operator to 2024-01-08T00:00:00+00:00, run_after=2024-01-09T00:00:00+00:00
[2024-01-09T07:45:24.274+0000] {logging_mixin.py:188} INFO - [2024-01-09T07:45:24.274+0000] {dag.py:3820} INFO - Setting next_dagrun for example_branch_datetime_operator_2 to 2024-01-08T00:00:00+00:00, run_after=2024-01-09T00:00:00+00:00
[2024-01-09T07:45:24.277+0000] {logging_mixin.py:188} INFO - [2024-01-09T07:45:24.277+0000] {dag.py:3820} INFO - Setting next_dagrun for example_branch_datetime_operator_3 to 2024-01-08T00:00:00+00:00, run_after=2024-01-09T00:00:00+00:00
[2024-01-09T07:45:24.292+0000] {processor.py:183} INFO - Processing /home/airflow/.local/lib/python3.8/site-packages/airflow/example_dags/example_branch_datetime_operator.py took 0.094 seconds
[2024-01-09T07:45:54.417+0000] {processor.py:161} INFO - Started process (PID=1221) to work on /home/airflow/.local/lib/python3.8/site-packages/airflow/example_dags/example_branch_datetime_operator.py
[2024-01-09T07:45:54.419+0000] {processor.py:830} INFO - Processing file /home/airflow/.local/lib/python3.8/site-packages/airflow/example_dags/example_branch_datetime_operator.py for tasks to queue
[2024-01-09T07:45:54.420+0000] {logging_mixin.py:188} INFO - [2024-01-09T07:45:54.420+0000] {dagbag.py:538} INFO - Filling up the DagBag from /home/airflow/.local/lib/python3.8/site-packages/airflow/example_dags/example_branch_datetime_operator.py
[2024-01-09T07:45:54.428+0000] {processor.py:840} INFO - DAG(s) 'example_branch_datetime_operator_3', 'example_branch_datetime_operator', 'example_branch_datetime_operator_2' retrieved from /home/airflow/.local/lib/python3.8/site-packages/airflow/example_dags/example_branch_datetime_operator.py
[2024-01-09T07:45:54.449+0000] {logging_mixin.py:188} INFO - [2024-01-09T07:45:54.448+0000] {dag.py:3033} INFO - Sync 3 DAGs
[2024-01-09T07:45:54.465+0000] {logging_mixin.py:188} INFO - [2024-01-09T07:45:54.465+0000] {dag.py:3820} INFO - Setting next_dagrun for example_branch_datetime_operator to 2024-01-08T00:00:00+00:00, run_after=2024-01-09T00:00:00+00:00
[2024-01-09T07:45:54.468+0000] {logging_mixin.py:188} INFO - [2024-01-09T07:45:54.468+0000] {dag.py:3820} INFO - Setting next_dagrun for example_branch_datetime_operator_2 to 2024-01-08T00:00:00+00:00, run_after=2024-01-09T00:00:00+00:00
[2024-01-09T07:45:54.470+0000] {logging_mixin.py:188} INFO - [2024-01-09T07:45:54.470+0000] {dag.py:3820} INFO - Setting next_dagrun for example_branch_datetime_operator_3 to 2024-01-08T00:00:00+00:00, run_after=2024-01-09T00:00:00+00:00
[2024-01-09T07:45:54.480+0000] {processor.py:183} INFO - Processing /home/airflow/.local/lib/python3.8/site-packages/airflow/example_dags/example_branch_datetime_operator.py took 0.066 seconds
[2024-01-09T07:46:24.827+0000] {processor.py:161} INFO - Started process (PID=1276) to work on /home/airflow/.local/lib/python3.8/site-packages/airflow/example_dags/example_branch_datetime_operator.py
[2024-01-09T07:46:24.828+0000] {processor.py:830} INFO - Processing file /home/airflow/.local/lib/python3.8/site-packages/airflow/example_dags/example_branch_datetime_operator.py for tasks to queue
[2024-01-09T07:46:24.830+0000] {logging_mixin.py:188} INFO - [2024-01-09T07:46:24.830+0000] {dagbag.py:538} INFO - Filling up the DagBag from /home/airflow/.local/lib/python3.8/site-packages/airflow/example_dags/example_branch_datetime_operator.py
[2024-01-09T07:46:24.837+0000] {processor.py:840} INFO - DAG(s) 'example_branch_datetime_operator', 'example_branch_datetime_operator_2', 'example_branch_datetime_operator_3' retrieved from /home/airflow/.local/lib/python3.8/site-packages/airflow/example_dags/example_branch_datetime_operator.py
[2024-01-09T07:46:24.857+0000] {logging_mixin.py:188} INFO - [2024-01-09T07:46:24.857+0000] {dag.py:3033} INFO - Sync 3 DAGs
[2024-01-09T07:46:24.874+0000] {logging_mixin.py:188} INFO - [2024-01-09T07:46:24.874+0000] {dag.py:3820} INFO - Setting next_dagrun for example_branch_datetime_operator to 2024-01-08T00:00:00+00:00, run_after=2024-01-09T00:00:00+00:00
[2024-01-09T07:46:24.877+0000] {logging_mixin.py:188} INFO - [2024-01-09T07:46:24.877+0000] {dag.py:3820} INFO - Setting next_dagrun for example_branch_datetime_operator_2 to 2024-01-08T00:00:00+00:00, run_after=2024-01-09T00:00:00+00:00
[2024-01-09T07:46:24.879+0000] {logging_mixin.py:188} INFO - [2024-01-09T07:46:24.879+0000] {dag.py:3820} INFO - Setting next_dagrun for example_branch_datetime_operator_3 to 2024-01-08T00:00:00+00:00, run_after=2024-01-09T00:00:00+00:00
[2024-01-09T07:46:24.890+0000] {processor.py:183} INFO - Processing /home/airflow/.local/lib/python3.8/site-packages/airflow/example_dags/example_branch_datetime_operator.py took 0.066 seconds
[2024-01-09T07:46:55.108+0000] {processor.py:161} INFO - Started process (PID=1331) to work on /home/airflow/.local/lib/python3.8/site-packages/airflow/example_dags/example_branch_datetime_operator.py
[2024-01-09T07:46:55.109+0000] {processor.py:830} INFO - Processing file /home/airflow/.local/lib/python3.8/site-packages/airflow/example_dags/example_branch_datetime_operator.py for tasks to queue
[2024-01-09T07:46:55.111+0000] {logging_mixin.py:188} INFO - [2024-01-09T07:46:55.111+0000] {dagbag.py:538} INFO - Filling up the DagBag from /home/airflow/.local/lib/python3.8/site-packages/airflow/example_dags/example_branch_datetime_operator.py
[2024-01-09T07:46:55.119+0000] {processor.py:840} INFO - DAG(s) 'example_branch_datetime_operator', 'example_branch_datetime_operator_3', 'example_branch_datetime_operator_2' retrieved from /home/airflow/.local/lib/python3.8/site-packages/airflow/example_dags/example_branch_datetime_operator.py
[2024-01-09T07:46:55.139+0000] {logging_mixin.py:188} INFO - [2024-01-09T07:46:55.139+0000] {dag.py:3033} INFO - Sync 3 DAGs
[2024-01-09T07:46:55.156+0000] {logging_mixin.py:188} INFO - [2024-01-09T07:46:55.156+0000] {dag.py:3820} INFO - Setting next_dagrun for example_branch_datetime_operator to 2024-01-08T00:00:00+00:00, run_after=2024-01-09T00:00:00+00:00
[2024-01-09T07:46:55.160+0000] {logging_mixin.py:188} INFO - [2024-01-09T07:46:55.160+0000] {dag.py:3820} INFO - Setting next_dagrun for example_branch_datetime_operator_2 to 2024-01-08T00:00:00+00:00, run_after=2024-01-09T00:00:00+00:00
[2024-01-09T07:46:55.162+0000] {logging_mixin.py:188} INFO - [2024-01-09T07:46:55.162+0000] {dag.py:3820} INFO - Setting next_dagrun for example_branch_datetime_operator_3 to 2024-01-08T00:00:00+00:00, run_after=2024-01-09T00:00:00+00:00
[2024-01-09T07:46:55.173+0000] {processor.py:183} INFO - Processing /home/airflow/.local/lib/python3.8/site-packages/airflow/example_dags/example_branch_datetime_operator.py took 0.068 seconds
[2024-01-09T07:47:25.387+0000] {processor.py:161} INFO - Started process (PID=1386) to work on /home/airflow/.local/lib/python3.8/site-packages/airflow/example_dags/example_branch_datetime_operator.py
[2024-01-09T07:47:25.388+0000] {processor.py:830} INFO - Processing file /home/airflow/.local/lib/python3.8/site-packages/airflow/example_dags/example_branch_datetime_operator.py for tasks to queue
[2024-01-09T07:47:25.390+0000] {logging_mixin.py:188} INFO - [2024-01-09T07:47:25.390+0000] {dagbag.py:538} INFO - Filling up the DagBag from /home/airflow/.local/lib/python3.8/site-packages/airflow/example_dags/example_branch_datetime_operator.py
[2024-01-09T07:47:25.400+0000] {processor.py:840} INFO - DAG(s) 'example_branch_datetime_operator_3', 'example_branch_datetime_operator_2', 'example_branch_datetime_operator' retrieved from /home/airflow/.local/lib/python3.8/site-packages/airflow/example_dags/example_branch_datetime_operator.py
[2024-01-09T07:47:25.426+0000] {logging_mixin.py:188} INFO - [2024-01-09T07:47:25.426+0000] {dag.py:3033} INFO - Sync 3 DAGs
[2024-01-09T07:47:25.445+0000] {logging_mixin.py:188} INFO - [2024-01-09T07:47:25.444+0000] {dag.py:3820} INFO - Setting next_dagrun for example_branch_datetime_operator to 2024-01-08T00:00:00+00:00, run_after=2024-01-09T00:00:00+00:00
[2024-01-09T07:47:25.448+0000] {logging_mixin.py:188} INFO - [2024-01-09T07:47:25.448+0000] {dag.py:3820} INFO - Setting next_dagrun for example_branch_datetime_operator_2 to 2024-01-08T00:00:00+00:00, run_after=2024-01-09T00:00:00+00:00
[2024-01-09T07:47:25.450+0000] {logging_mixin.py:188} INFO - [2024-01-09T07:47:25.450+0000] {dag.py:3820} INFO - Setting next_dagrun for example_branch_datetime_operator_3 to 2024-01-08T00:00:00+00:00, run_after=2024-01-09T00:00:00+00:00
[2024-01-09T07:47:25.463+0000] {processor.py:183} INFO - Processing /home/airflow/.local/lib/python3.8/site-packages/airflow/example_dags/example_branch_datetime_operator.py took 0.079 seconds
[2024-01-09T07:47:55.630+0000] {processor.py:161} INFO - Started process (PID=1441) to work on /home/airflow/.local/lib/python3.8/site-packages/airflow/example_dags/example_branch_datetime_operator.py
[2024-01-09T07:47:55.631+0000] {processor.py:830} INFO - Processing file /home/airflow/.local/lib/python3.8/site-packages/airflow/example_dags/example_branch_datetime_operator.py for tasks to queue
[2024-01-09T07:47:55.632+0000] {logging_mixin.py:188} INFO - [2024-01-09T07:47:55.632+0000] {dagbag.py:538} INFO - Filling up the DagBag from /home/airflow/.local/lib/python3.8/site-packages/airflow/example_dags/example_branch_datetime_operator.py
[2024-01-09T07:47:55.640+0000] {processor.py:840} INFO - DAG(s) 'example_branch_datetime_operator_3', 'example_branch_datetime_operator_2', 'example_branch_datetime_operator' retrieved from /home/airflow/.local/lib/python3.8/site-packages/airflow/example_dags/example_branch_datetime_operator.py
[2024-01-09T07:47:55.660+0000] {logging_mixin.py:188} INFO - [2024-01-09T07:47:55.660+0000] {dag.py:3033} INFO - Sync 3 DAGs
[2024-01-09T07:47:55.677+0000] {logging_mixin.py:188} INFO - [2024-01-09T07:47:55.677+0000] {dag.py:3820} INFO - Setting next_dagrun for example_branch_datetime_operator to 2024-01-08T00:00:00+00:00, run_after=2024-01-09T00:00:00+00:00
[2024-01-09T07:47:55.681+0000] {logging_mixin.py:188} INFO - [2024-01-09T07:47:55.681+0000] {dag.py:3820} INFO - Setting next_dagrun for example_branch_datetime_operator_2 to 2024-01-08T00:00:00+00:00, run_after=2024-01-09T00:00:00+00:00
[2024-01-09T07:47:55.682+0000] {logging_mixin.py:188} INFO - [2024-01-09T07:47:55.682+0000] {dag.py:3820} INFO - Setting next_dagrun for example_branch_datetime_operator_3 to 2024-01-08T00:00:00+00:00, run_after=2024-01-09T00:00:00+00:00
[2024-01-09T07:47:55.693+0000] {processor.py:183} INFO - Processing /home/airflow/.local/lib/python3.8/site-packages/airflow/example_dags/example_branch_datetime_operator.py took 0.066 seconds
[2024-01-09T07:48:25.945+0000] {processor.py:161} INFO - Started process (PID=1496) to work on /home/airflow/.local/lib/python3.8/site-packages/airflow/example_dags/example_branch_datetime_operator.py
[2024-01-09T07:48:25.945+0000] {processor.py:830} INFO - Processing file /home/airflow/.local/lib/python3.8/site-packages/airflow/example_dags/example_branch_datetime_operator.py for tasks to queue
[2024-01-09T07:48:25.947+0000] {logging_mixin.py:188} INFO - [2024-01-09T07:48:25.947+0000] {dagbag.py:538} INFO - Filling up the DagBag from /home/airflow/.local/lib/python3.8/site-packages/airflow/example_dags/example_branch_datetime_operator.py
[2024-01-09T07:48:25.955+0000] {processor.py:840} INFO - DAG(s) 'example_branch_datetime_operator_3', 'example_branch_datetime_operator_2', 'example_branch_datetime_operator' retrieved from /home/airflow/.local/lib/python3.8/site-packages/airflow/example_dags/example_branch_datetime_operator.py
[2024-01-09T07:48:25.977+0000] {logging_mixin.py:188} INFO - [2024-01-09T07:48:25.976+0000] {dag.py:3033} INFO - Sync 3 DAGs
[2024-01-09T07:48:25.993+0000] {logging_mixin.py:188} INFO - [2024-01-09T07:48:25.993+0000] {dag.py:3820} INFO - Setting next_dagrun for example_branch_datetime_operator to 2024-01-08T00:00:00+00:00, run_after=2024-01-09T00:00:00+00:00
[2024-01-09T07:48:25.997+0000] {logging_mixin.py:188} INFO - [2024-01-09T07:48:25.997+0000] {dag.py:3820} INFO - Setting next_dagrun for example_branch_datetime_operator_2 to 2024-01-08T00:00:00+00:00, run_after=2024-01-09T00:00:00+00:00
[2024-01-09T07:48:25.999+0000] {logging_mixin.py:188} INFO - [2024-01-09T07:48:25.999+0000] {dag.py:3820} INFO - Setting next_dagrun for example_branch_datetime_operator_3 to 2024-01-08T00:00:00+00:00, run_after=2024-01-09T00:00:00+00:00
[2024-01-09T07:48:26.011+0000] {processor.py:183} INFO - Processing /home/airflow/.local/lib/python3.8/site-packages/airflow/example_dags/example_branch_datetime_operator.py took 0.069 seconds
[2024-01-09T07:48:56.654+0000] {processor.py:161} INFO - Started process (PID=1551) to work on /home/airflow/.local/lib/python3.8/site-packages/airflow/example_dags/example_branch_datetime_operator.py
[2024-01-09T07:48:56.655+0000] {processor.py:830} INFO - Processing file /home/airflow/.local/lib/python3.8/site-packages/airflow/example_dags/example_branch_datetime_operator.py for tasks to queue
[2024-01-09T07:48:56.657+0000] {logging_mixin.py:188} INFO - [2024-01-09T07:48:56.657+0000] {dagbag.py:538} INFO - Filling up the DagBag from /home/airflow/.local/lib/python3.8/site-packages/airflow/example_dags/example_branch_datetime_operator.py
[2024-01-09T07:48:56.665+0000] {processor.py:840} INFO - DAG(s) 'example_branch_datetime_operator_3', 'example_branch_datetime_operator_2', 'example_branch_datetime_operator' retrieved from /home/airflow/.local/lib/python3.8/site-packages/airflow/example_dags/example_branch_datetime_operator.py
[2024-01-09T07:48:56.689+0000] {logging_mixin.py:188} INFO - [2024-01-09T07:48:56.689+0000] {dag.py:3033} INFO - Sync 3 DAGs
[2024-01-09T07:48:56.706+0000] {logging_mixin.py:188} INFO - [2024-01-09T07:48:56.706+0000] {dag.py:3820} INFO - Setting next_dagrun for example_branch_datetime_operator to 2024-01-08T00:00:00+00:00, run_after=2024-01-09T00:00:00+00:00
[2024-01-09T07:48:56.710+0000] {logging_mixin.py:188} INFO - [2024-01-09T07:48:56.710+0000] {dag.py:3820} INFO - Setting next_dagrun for example_branch_datetime_operator_2 to 2024-01-08T00:00:00+00:00, run_after=2024-01-09T00:00:00+00:00
[2024-01-09T07:48:56.712+0000] {logging_mixin.py:188} INFO - [2024-01-09T07:48:56.712+0000] {dag.py:3820} INFO - Setting next_dagrun for example_branch_datetime_operator_3 to 2024-01-08T00:00:00+00:00, run_after=2024-01-09T00:00:00+00:00
[2024-01-09T07:48:56.722+0000] {processor.py:183} INFO - Processing /home/airflow/.local/lib/python3.8/site-packages/airflow/example_dags/example_branch_datetime_operator.py took 0.072 seconds
[2024-01-09T07:49:27.205+0000] {processor.py:161} INFO - Started process (PID=1606) to work on /home/airflow/.local/lib/python3.8/site-packages/airflow/example_dags/example_branch_datetime_operator.py
[2024-01-09T07:49:27.206+0000] {processor.py:830} INFO - Processing file /home/airflow/.local/lib/python3.8/site-packages/airflow/example_dags/example_branch_datetime_operator.py for tasks to queue
[2024-01-09T07:49:27.208+0000] {logging_mixin.py:188} INFO - [2024-01-09T07:49:27.208+0000] {dagbag.py:538} INFO - Filling up the DagBag from /home/airflow/.local/lib/python3.8/site-packages/airflow/example_dags/example_branch_datetime_operator.py
[2024-01-09T07:49:27.217+0000] {processor.py:840} INFO - DAG(s) 'example_branch_datetime_operator', 'example_branch_datetime_operator_2', 'example_branch_datetime_operator_3' retrieved from /home/airflow/.local/lib/python3.8/site-packages/airflow/example_dags/example_branch_datetime_operator.py
[2024-01-09T07:49:27.243+0000] {logging_mixin.py:188} INFO - [2024-01-09T07:49:27.243+0000] {dag.py:3033} INFO - Sync 3 DAGs
[2024-01-09T07:49:27.264+0000] {logging_mixin.py:188} INFO - [2024-01-09T07:49:27.263+0000] {dag.py:3820} INFO - Setting next_dagrun for example_branch_datetime_operator to 2024-01-08T00:00:00+00:00, run_after=2024-01-09T00:00:00+00:00
[2024-01-09T07:49:27.268+0000] {logging_mixin.py:188} INFO - [2024-01-09T07:49:27.267+0000] {dag.py:3820} INFO - Setting next_dagrun for example_branch_datetime_operator_2 to 2024-01-08T00:00:00+00:00, run_after=2024-01-09T00:00:00+00:00
[2024-01-09T07:49:27.270+0000] {logging_mixin.py:188} INFO - [2024-01-09T07:49:27.270+0000] {dag.py:3820} INFO - Setting next_dagrun for example_branch_datetime_operator_3 to 2024-01-08T00:00:00+00:00, run_after=2024-01-09T00:00:00+00:00
[2024-01-09T07:49:27.283+0000] {processor.py:183} INFO - Processing /home/airflow/.local/lib/python3.8/site-packages/airflow/example_dags/example_branch_datetime_operator.py took 0.082 seconds
