[2024-01-09T07:35:12.011+0000] {processor.py:161} INFO - Started process (PID=40) to work on /home/airflow/.local/lib/python3.8/site-packages/airflow/example_dags/example_short_circuit_operator.py
[2024-01-09T07:35:12.013+0000] {processor.py:830} INFO - Processing file /home/airflow/.local/lib/python3.8/site-packages/airflow/example_dags/example_short_circuit_operator.py for tasks to queue
[2024-01-09T07:35:12.016+0000] {logging_mixin.py:188} INFO - [2024-01-09T07:35:12.016+0000] {dagbag.py:538} INFO - Filling up the DagBag from /home/airflow/.local/lib/python3.8/site-packages/airflow/example_dags/example_short_circuit_operator.py
[2024-01-09T07:35:12.032+0000] {processor.py:840} INFO - DAG(s) 'example_short_circuit_operator' retrieved from /home/airflow/.local/lib/python3.8/site-packages/airflow/example_dags/example_short_circuit_operator.py
[2024-01-09T07:35:12.053+0000] {logging_mixin.py:188} INFO - [2024-01-09T07:35:12.053+0000] {dag.py:3033} INFO - Sync 1 DAGs
[2024-01-09T07:35:12.089+0000] {logging_mixin.py:188} INFO - [2024-01-09T07:35:12.089+0000] {dag.py:3820} INFO - Setting next_dagrun for example_short_circuit_operator to 2024-01-08T00:00:00+00:00, run_after=2024-01-09T00:00:00+00:00
[2024-01-09T07:35:12.121+0000] {processor.py:183} INFO - Processing /home/airflow/.local/lib/python3.8/site-packages/airflow/example_dags/example_short_circuit_operator.py took 0.114 seconds
[2024-01-09T07:35:42.486+0000] {processor.py:161} INFO - Started process (PID=95) to work on /home/airflow/.local/lib/python3.8/site-packages/airflow/example_dags/example_short_circuit_operator.py
[2024-01-09T07:35:42.487+0000] {processor.py:830} INFO - Processing file /home/airflow/.local/lib/python3.8/site-packages/airflow/example_dags/example_short_circuit_operator.py for tasks to queue
[2024-01-09T07:35:42.489+0000] {logging_mixin.py:188} INFO - [2024-01-09T07:35:42.489+0000] {dagbag.py:538} INFO - Filling up the DagBag from /home/airflow/.local/lib/python3.8/site-packages/airflow/example_dags/example_short_circuit_operator.py
[2024-01-09T07:35:42.497+0000] {processor.py:840} INFO - DAG(s) 'example_short_circuit_operator' retrieved from /home/airflow/.local/lib/python3.8/site-packages/airflow/example_dags/example_short_circuit_operator.py
[2024-01-09T07:35:42.588+0000] {logging_mixin.py:188} INFO - [2024-01-09T07:35:42.587+0000] {dag.py:3033} INFO - Sync 1 DAGs
[2024-01-09T07:35:42.608+0000] {logging_mixin.py:188} INFO - [2024-01-09T07:35:42.608+0000] {dag.py:3820} INFO - Setting next_dagrun for example_short_circuit_operator to 2024-01-08T00:00:00+00:00, run_after=2024-01-09T00:00:00+00:00
[2024-01-09T07:35:42.635+0000] {processor.py:183} INFO - Processing /home/airflow/.local/lib/python3.8/site-packages/airflow/example_dags/example_short_circuit_operator.py took 0.152 seconds
[2024-01-09T07:36:13.077+0000] {processor.py:161} INFO - Started process (PID=150) to work on /home/airflow/.local/lib/python3.8/site-packages/airflow/example_dags/example_short_circuit_operator.py
[2024-01-09T07:36:13.078+0000] {processor.py:830} INFO - Processing file /home/airflow/.local/lib/python3.8/site-packages/airflow/example_dags/example_short_circuit_operator.py for tasks to queue
[2024-01-09T07:36:13.080+0000] {logging_mixin.py:188} INFO - [2024-01-09T07:36:13.080+0000] {dagbag.py:538} INFO - Filling up the DagBag from /home/airflow/.local/lib/python3.8/site-packages/airflow/example_dags/example_short_circuit_operator.py
[2024-01-09T07:36:13.086+0000] {processor.py:840} INFO - DAG(s) 'example_short_circuit_operator' retrieved from /home/airflow/.local/lib/python3.8/site-packages/airflow/example_dags/example_short_circuit_operator.py
[2024-01-09T07:36:13.103+0000] {logging_mixin.py:188} INFO - [2024-01-09T07:36:13.103+0000] {dag.py:3033} INFO - Sync 1 DAGs
[2024-01-09T07:36:13.120+0000] {logging_mixin.py:188} INFO - [2024-01-09T07:36:13.120+0000] {dag.py:3820} INFO - Setting next_dagrun for example_short_circuit_operator to 2024-01-08T00:00:00+00:00, run_after=2024-01-09T00:00:00+00:00
[2024-01-09T07:36:13.133+0000] {processor.py:183} INFO - Processing /home/airflow/.local/lib/python3.8/site-packages/airflow/example_dags/example_short_circuit_operator.py took 0.058 seconds
[2024-01-09T07:36:43.395+0000] {processor.py:161} INFO - Started process (PID=205) to work on /home/airflow/.local/lib/python3.8/site-packages/airflow/example_dags/example_short_circuit_operator.py
[2024-01-09T07:36:43.395+0000] {processor.py:830} INFO - Processing file /home/airflow/.local/lib/python3.8/site-packages/airflow/example_dags/example_short_circuit_operator.py for tasks to queue
[2024-01-09T07:36:43.397+0000] {logging_mixin.py:188} INFO - [2024-01-09T07:36:43.397+0000] {dagbag.py:538} INFO - Filling up the DagBag from /home/airflow/.local/lib/python3.8/site-packages/airflow/example_dags/example_short_circuit_operator.py
[2024-01-09T07:36:43.403+0000] {processor.py:840} INFO - DAG(s) 'example_short_circuit_operator' retrieved from /home/airflow/.local/lib/python3.8/site-packages/airflow/example_dags/example_short_circuit_operator.py
[2024-01-09T07:36:43.448+0000] {logging_mixin.py:188} INFO - [2024-01-09T07:36:43.448+0000] {dag.py:3033} INFO - Sync 1 DAGs
[2024-01-09T07:36:43.472+0000] {logging_mixin.py:188} INFO - [2024-01-09T07:36:43.471+0000] {dag.py:3820} INFO - Setting next_dagrun for example_short_circuit_operator to 2024-01-08T00:00:00+00:00, run_after=2024-01-09T00:00:00+00:00
[2024-01-09T07:36:43.486+0000] {processor.py:183} INFO - Processing /home/airflow/.local/lib/python3.8/site-packages/airflow/example_dags/example_short_circuit_operator.py took 0.094 seconds
[2024-01-09T07:37:13.755+0000] {processor.py:161} INFO - Started process (PID=260) to work on /home/airflow/.local/lib/python3.8/site-packages/airflow/example_dags/example_short_circuit_operator.py
[2024-01-09T07:37:13.756+0000] {processor.py:830} INFO - Processing file /home/airflow/.local/lib/python3.8/site-packages/airflow/example_dags/example_short_circuit_operator.py for tasks to queue
[2024-01-09T07:37:13.758+0000] {logging_mixin.py:188} INFO - [2024-01-09T07:37:13.758+0000] {dagbag.py:538} INFO - Filling up the DagBag from /home/airflow/.local/lib/python3.8/site-packages/airflow/example_dags/example_short_circuit_operator.py
[2024-01-09T07:37:13.764+0000] {processor.py:840} INFO - DAG(s) 'example_short_circuit_operator' retrieved from /home/airflow/.local/lib/python3.8/site-packages/airflow/example_dags/example_short_circuit_operator.py
[2024-01-09T07:37:13.785+0000] {logging_mixin.py:188} INFO - [2024-01-09T07:37:13.785+0000] {dag.py:3033} INFO - Sync 1 DAGs
[2024-01-09T07:37:13.803+0000] {logging_mixin.py:188} INFO - [2024-01-09T07:37:13.803+0000] {dag.py:3820} INFO - Setting next_dagrun for example_short_circuit_operator to 2024-01-08T00:00:00+00:00, run_after=2024-01-09T00:00:00+00:00
[2024-01-09T07:37:13.818+0000] {processor.py:183} INFO - Processing /home/airflow/.local/lib/python3.8/site-packages/airflow/example_dags/example_short_circuit_operator.py took 0.067 seconds
[2024-01-09T07:37:44.237+0000] {processor.py:161} INFO - Started process (PID=315) to work on /home/airflow/.local/lib/python3.8/site-packages/airflow/example_dags/example_short_circuit_operator.py
[2024-01-09T07:37:44.238+0000] {processor.py:830} INFO - Processing file /home/airflow/.local/lib/python3.8/site-packages/airflow/example_dags/example_short_circuit_operator.py for tasks to queue
[2024-01-09T07:37:44.240+0000] {logging_mixin.py:188} INFO - [2024-01-09T07:37:44.240+0000] {dagbag.py:538} INFO - Filling up the DagBag from /home/airflow/.local/lib/python3.8/site-packages/airflow/example_dags/example_short_circuit_operator.py
[2024-01-09T07:37:44.246+0000] {processor.py:840} INFO - DAG(s) 'example_short_circuit_operator' retrieved from /home/airflow/.local/lib/python3.8/site-packages/airflow/example_dags/example_short_circuit_operator.py
[2024-01-09T07:37:44.263+0000] {logging_mixin.py:188} INFO - [2024-01-09T07:37:44.263+0000] {dag.py:3033} INFO - Sync 1 DAGs
[2024-01-09T07:37:44.280+0000] {logging_mixin.py:188} INFO - [2024-01-09T07:37:44.280+0000] {dag.py:3820} INFO - Setting next_dagrun for example_short_circuit_operator to 2024-01-08T00:00:00+00:00, run_after=2024-01-09T00:00:00+00:00
[2024-01-09T07:37:44.294+0000] {processor.py:183} INFO - Processing /home/airflow/.local/lib/python3.8/site-packages/airflow/example_dags/example_short_circuit_operator.py took 0.060 seconds
[2024-01-09T07:38:14.623+0000] {processor.py:161} INFO - Started process (PID=370) to work on /home/airflow/.local/lib/python3.8/site-packages/airflow/example_dags/example_short_circuit_operator.py
[2024-01-09T07:38:14.624+0000] {processor.py:830} INFO - Processing file /home/airflow/.local/lib/python3.8/site-packages/airflow/example_dags/example_short_circuit_operator.py for tasks to queue
[2024-01-09T07:38:14.626+0000] {logging_mixin.py:188} INFO - [2024-01-09T07:38:14.626+0000] {dagbag.py:538} INFO - Filling up the DagBag from /home/airflow/.local/lib/python3.8/site-packages/airflow/example_dags/example_short_circuit_operator.py
[2024-01-09T07:38:14.634+0000] {processor.py:840} INFO - DAG(s) 'example_short_circuit_operator' retrieved from /home/airflow/.local/lib/python3.8/site-packages/airflow/example_dags/example_short_circuit_operator.py
[2024-01-09T07:38:14.658+0000] {logging_mixin.py:188} INFO - [2024-01-09T07:38:14.657+0000] {dag.py:3033} INFO - Sync 1 DAGs
[2024-01-09T07:38:14.681+0000] {logging_mixin.py:188} INFO - [2024-01-09T07:38:14.681+0000] {dag.py:3820} INFO - Setting next_dagrun for example_short_circuit_operator to 2024-01-08T00:00:00+00:00, run_after=2024-01-09T00:00:00+00:00
[2024-01-09T07:38:14.700+0000] {processor.py:183} INFO - Processing /home/airflow/.local/lib/python3.8/site-packages/airflow/example_dags/example_short_circuit_operator.py took 0.080 seconds
[2024-01-09T07:38:45.159+0000] {processor.py:161} INFO - Started process (PID=425) to work on /home/airflow/.local/lib/python3.8/site-packages/airflow/example_dags/example_short_circuit_operator.py
[2024-01-09T07:38:45.160+0000] {processor.py:830} INFO - Processing file /home/airflow/.local/lib/python3.8/site-packages/airflow/example_dags/example_short_circuit_operator.py for tasks to queue
[2024-01-09T07:38:45.161+0000] {logging_mixin.py:188} INFO - [2024-01-09T07:38:45.161+0000] {dagbag.py:538} INFO - Filling up the DagBag from /home/airflow/.local/lib/python3.8/site-packages/airflow/example_dags/example_short_circuit_operator.py
[2024-01-09T07:38:45.167+0000] {processor.py:840} INFO - DAG(s) 'example_short_circuit_operator' retrieved from /home/airflow/.local/lib/python3.8/site-packages/airflow/example_dags/example_short_circuit_operator.py
[2024-01-09T07:38:45.185+0000] {logging_mixin.py:188} INFO - [2024-01-09T07:38:45.185+0000] {dag.py:3033} INFO - Sync 1 DAGs
[2024-01-09T07:38:45.201+0000] {logging_mixin.py:188} INFO - [2024-01-09T07:38:45.201+0000] {dag.py:3820} INFO - Setting next_dagrun for example_short_circuit_operator to 2024-01-08T00:00:00+00:00, run_after=2024-01-09T00:00:00+00:00
[2024-01-09T07:38:45.215+0000] {processor.py:183} INFO - Processing /home/airflow/.local/lib/python3.8/site-packages/airflow/example_dags/example_short_circuit_operator.py took 0.059 seconds
[2024-01-09T07:39:15.488+0000] {processor.py:161} INFO - Started process (PID=480) to work on /home/airflow/.local/lib/python3.8/site-packages/airflow/example_dags/example_short_circuit_operator.py
[2024-01-09T07:39:15.489+0000] {processor.py:830} INFO - Processing file /home/airflow/.local/lib/python3.8/site-packages/airflow/example_dags/example_short_circuit_operator.py for tasks to queue
[2024-01-09T07:39:15.492+0000] {logging_mixin.py:188} INFO - [2024-01-09T07:39:15.492+0000] {dagbag.py:538} INFO - Filling up the DagBag from /home/airflow/.local/lib/python3.8/site-packages/airflow/example_dags/example_short_circuit_operator.py
[2024-01-09T07:39:15.498+0000] {processor.py:840} INFO - DAG(s) 'example_short_circuit_operator' retrieved from /home/airflow/.local/lib/python3.8/site-packages/airflow/example_dags/example_short_circuit_operator.py
[2024-01-09T07:39:15.519+0000] {logging_mixin.py:188} INFO - [2024-01-09T07:39:15.519+0000] {dag.py:3033} INFO - Sync 1 DAGs
[2024-01-09T07:39:15.538+0000] {logging_mixin.py:188} INFO - [2024-01-09T07:39:15.538+0000] {dag.py:3820} INFO - Setting next_dagrun for example_short_circuit_operator to 2024-01-08T00:00:00+00:00, run_after=2024-01-09T00:00:00+00:00
[2024-01-09T07:39:15.554+0000] {processor.py:183} INFO - Processing /home/airflow/.local/lib/python3.8/site-packages/airflow/example_dags/example_short_circuit_operator.py took 0.069 seconds
[2024-01-09T07:39:45.933+0000] {processor.py:161} INFO - Started process (PID=535) to work on /home/airflow/.local/lib/python3.8/site-packages/airflow/example_dags/example_short_circuit_operator.py
[2024-01-09T07:39:45.934+0000] {processor.py:830} INFO - Processing file /home/airflow/.local/lib/python3.8/site-packages/airflow/example_dags/example_short_circuit_operator.py for tasks to queue
[2024-01-09T07:39:45.936+0000] {logging_mixin.py:188} INFO - [2024-01-09T07:39:45.936+0000] {dagbag.py:538} INFO - Filling up the DagBag from /home/airflow/.local/lib/python3.8/site-packages/airflow/example_dags/example_short_circuit_operator.py
[2024-01-09T07:39:45.942+0000] {processor.py:840} INFO - DAG(s) 'example_short_circuit_operator' retrieved from /home/airflow/.local/lib/python3.8/site-packages/airflow/example_dags/example_short_circuit_operator.py
[2024-01-09T07:39:45.961+0000] {logging_mixin.py:188} INFO - [2024-01-09T07:39:45.961+0000] {dag.py:3033} INFO - Sync 1 DAGs
[2024-01-09T07:39:45.978+0000] {logging_mixin.py:188} INFO - [2024-01-09T07:39:45.977+0000] {dag.py:3820} INFO - Setting next_dagrun for example_short_circuit_operator to 2024-01-08T00:00:00+00:00, run_after=2024-01-09T00:00:00+00:00
[2024-01-09T07:39:45.991+0000] {processor.py:183} INFO - Processing /home/airflow/.local/lib/python3.8/site-packages/airflow/example_dags/example_short_circuit_operator.py took 0.062 seconds
[2024-01-09T07:40:16.366+0000] {processor.py:161} INFO - Started process (PID=590) to work on /home/airflow/.local/lib/python3.8/site-packages/airflow/example_dags/example_short_circuit_operator.py
[2024-01-09T07:40:16.367+0000] {processor.py:830} INFO - Processing file /home/airflow/.local/lib/python3.8/site-packages/airflow/example_dags/example_short_circuit_operator.py for tasks to queue
[2024-01-09T07:40:16.369+0000] {logging_mixin.py:188} INFO - [2024-01-09T07:40:16.369+0000] {dagbag.py:538} INFO - Filling up the DagBag from /home/airflow/.local/lib/python3.8/site-packages/airflow/example_dags/example_short_circuit_operator.py
[2024-01-09T07:40:16.376+0000] {processor.py:840} INFO - DAG(s) 'example_short_circuit_operator' retrieved from /home/airflow/.local/lib/python3.8/site-packages/airflow/example_dags/example_short_circuit_operator.py
[2024-01-09T07:40:16.399+0000] {logging_mixin.py:188} INFO - [2024-01-09T07:40:16.399+0000] {dag.py:3033} INFO - Sync 1 DAGs
[2024-01-09T07:40:16.418+0000] {logging_mixin.py:188} INFO - [2024-01-09T07:40:16.418+0000] {dag.py:3820} INFO - Setting next_dagrun for example_short_circuit_operator to 2024-01-08T00:00:00+00:00, run_after=2024-01-09T00:00:00+00:00
[2024-01-09T07:40:16.433+0000] {processor.py:183} INFO - Processing /home/airflow/.local/lib/python3.8/site-packages/airflow/example_dags/example_short_circuit_operator.py took 0.072 seconds
[2024-01-09T07:40:47.078+0000] {processor.py:161} INFO - Started process (PID=645) to work on /home/airflow/.local/lib/python3.8/site-packages/airflow/example_dags/example_short_circuit_operator.py
[2024-01-09T07:40:47.079+0000] {processor.py:830} INFO - Processing file /home/airflow/.local/lib/python3.8/site-packages/airflow/example_dags/example_short_circuit_operator.py for tasks to queue
[2024-01-09T07:40:47.082+0000] {logging_mixin.py:188} INFO - [2024-01-09T07:40:47.082+0000] {dagbag.py:538} INFO - Filling up the DagBag from /home/airflow/.local/lib/python3.8/site-packages/airflow/example_dags/example_short_circuit_operator.py
[2024-01-09T07:40:47.089+0000] {processor.py:840} INFO - DAG(s) 'example_short_circuit_operator' retrieved from /home/airflow/.local/lib/python3.8/site-packages/airflow/example_dags/example_short_circuit_operator.py
[2024-01-09T07:40:47.112+0000] {logging_mixin.py:188} INFO - [2024-01-09T07:40:47.111+0000] {dag.py:3033} INFO - Sync 1 DAGs
[2024-01-09T07:40:47.131+0000] {logging_mixin.py:188} INFO - [2024-01-09T07:40:47.131+0000] {dag.py:3820} INFO - Setting next_dagrun for example_short_circuit_operator to 2024-01-08T00:00:00+00:00, run_after=2024-01-09T00:00:00+00:00
[2024-01-09T07:40:47.146+0000] {processor.py:183} INFO - Processing /home/airflow/.local/lib/python3.8/site-packages/airflow/example_dags/example_short_circuit_operator.py took 0.070 seconds
[2024-01-09T07:41:17.391+0000] {processor.py:161} INFO - Started process (PID=700) to work on /home/airflow/.local/lib/python3.8/site-packages/airflow/example_dags/example_short_circuit_operator.py
[2024-01-09T07:41:17.392+0000] {processor.py:830} INFO - Processing file /home/airflow/.local/lib/python3.8/site-packages/airflow/example_dags/example_short_circuit_operator.py for tasks to queue
[2024-01-09T07:41:17.394+0000] {logging_mixin.py:188} INFO - [2024-01-09T07:41:17.394+0000] {dagbag.py:538} INFO - Filling up the DagBag from /home/airflow/.local/lib/python3.8/site-packages/airflow/example_dags/example_short_circuit_operator.py
[2024-01-09T07:41:17.401+0000] {processor.py:840} INFO - DAG(s) 'example_short_circuit_operator' retrieved from /home/airflow/.local/lib/python3.8/site-packages/airflow/example_dags/example_short_circuit_operator.py
[2024-01-09T07:41:17.423+0000] {logging_mixin.py:188} INFO - [2024-01-09T07:41:17.423+0000] {dag.py:3033} INFO - Sync 1 DAGs
[2024-01-09T07:41:17.445+0000] {logging_mixin.py:188} INFO - [2024-01-09T07:41:17.445+0000] {dag.py:3820} INFO - Setting next_dagrun for example_short_circuit_operator to 2024-01-08T00:00:00+00:00, run_after=2024-01-09T00:00:00+00:00
[2024-01-09T07:41:17.463+0000] {processor.py:183} INFO - Processing /home/airflow/.local/lib/python3.8/site-packages/airflow/example_dags/example_short_circuit_operator.py took 0.075 seconds
[2024-01-09T07:41:47.685+0000] {processor.py:161} INFO - Started process (PID=755) to work on /home/airflow/.local/lib/python3.8/site-packages/airflow/example_dags/example_short_circuit_operator.py
[2024-01-09T07:41:47.687+0000] {processor.py:830} INFO - Processing file /home/airflow/.local/lib/python3.8/site-packages/airflow/example_dags/example_short_circuit_operator.py for tasks to queue
[2024-01-09T07:41:47.688+0000] {logging_mixin.py:188} INFO - [2024-01-09T07:41:47.688+0000] {dagbag.py:538} INFO - Filling up the DagBag from /home/airflow/.local/lib/python3.8/site-packages/airflow/example_dags/example_short_circuit_operator.py
[2024-01-09T07:41:47.694+0000] {processor.py:840} INFO - DAG(s) 'example_short_circuit_operator' retrieved from /home/airflow/.local/lib/python3.8/site-packages/airflow/example_dags/example_short_circuit_operator.py
[2024-01-09T07:41:47.713+0000] {logging_mixin.py:188} INFO - [2024-01-09T07:41:47.713+0000] {dag.py:3033} INFO - Sync 1 DAGs
[2024-01-09T07:41:47.731+0000] {logging_mixin.py:188} INFO - [2024-01-09T07:41:47.731+0000] {dag.py:3820} INFO - Setting next_dagrun for example_short_circuit_operator to 2024-01-08T00:00:00+00:00, run_after=2024-01-09T00:00:00+00:00
[2024-01-09T07:41:47.745+0000] {processor.py:183} INFO - Processing /home/airflow/.local/lib/python3.8/site-packages/airflow/example_dags/example_short_circuit_operator.py took 0.063 seconds
[2024-01-09T07:42:18.096+0000] {processor.py:161} INFO - Started process (PID=810) to work on /home/airflow/.local/lib/python3.8/site-packages/airflow/example_dags/example_short_circuit_operator.py
[2024-01-09T07:42:18.097+0000] {processor.py:830} INFO - Processing file /home/airflow/.local/lib/python3.8/site-packages/airflow/example_dags/example_short_circuit_operator.py for tasks to queue
[2024-01-09T07:42:18.099+0000] {logging_mixin.py:188} INFO - [2024-01-09T07:42:18.099+0000] {dagbag.py:538} INFO - Filling up the DagBag from /home/airflow/.local/lib/python3.8/site-packages/airflow/example_dags/example_short_circuit_operator.py
[2024-01-09T07:42:18.106+0000] {processor.py:840} INFO - DAG(s) 'example_short_circuit_operator' retrieved from /home/airflow/.local/lib/python3.8/site-packages/airflow/example_dags/example_short_circuit_operator.py
[2024-01-09T07:42:18.124+0000] {logging_mixin.py:188} INFO - [2024-01-09T07:42:18.124+0000] {dag.py:3033} INFO - Sync 1 DAGs
[2024-01-09T07:42:18.143+0000] {logging_mixin.py:188} INFO - [2024-01-09T07:42:18.142+0000] {dag.py:3820} INFO - Setting next_dagrun for example_short_circuit_operator to 2024-01-08T00:00:00+00:00, run_after=2024-01-09T00:00:00+00:00
[2024-01-09T07:42:18.157+0000] {processor.py:183} INFO - Processing /home/airflow/.local/lib/python3.8/site-packages/airflow/example_dags/example_short_circuit_operator.py took 0.064 seconds
[2024-01-09T07:42:48.939+0000] {processor.py:161} INFO - Started process (PID=865) to work on /home/airflow/.local/lib/python3.8/site-packages/airflow/example_dags/example_short_circuit_operator.py
[2024-01-09T07:42:48.940+0000] {processor.py:830} INFO - Processing file /home/airflow/.local/lib/python3.8/site-packages/airflow/example_dags/example_short_circuit_operator.py for tasks to queue
[2024-01-09T07:42:48.942+0000] {logging_mixin.py:188} INFO - [2024-01-09T07:42:48.941+0000] {dagbag.py:538} INFO - Filling up the DagBag from /home/airflow/.local/lib/python3.8/site-packages/airflow/example_dags/example_short_circuit_operator.py
[2024-01-09T07:42:48.949+0000] {processor.py:840} INFO - DAG(s) 'example_short_circuit_operator' retrieved from /home/airflow/.local/lib/python3.8/site-packages/airflow/example_dags/example_short_circuit_operator.py
[2024-01-09T07:42:48.971+0000] {logging_mixin.py:188} INFO - [2024-01-09T07:42:48.971+0000] {dag.py:3033} INFO - Sync 1 DAGs
[2024-01-09T07:42:48.991+0000] {logging_mixin.py:188} INFO - [2024-01-09T07:42:48.991+0000] {dag.py:3820} INFO - Setting next_dagrun for example_short_circuit_operator to 2024-01-08T00:00:00+00:00, run_after=2024-01-09T00:00:00+00:00
[2024-01-09T07:42:49.007+0000] {processor.py:183} INFO - Processing /home/airflow/.local/lib/python3.8/site-packages/airflow/example_dags/example_short_circuit_operator.py took 0.072 seconds
[2024-01-09T07:43:19.120+0000] {processor.py:161} INFO - Started process (PID=920) to work on /home/airflow/.local/lib/python3.8/site-packages/airflow/example_dags/example_short_circuit_operator.py
[2024-01-09T07:43:19.121+0000] {processor.py:830} INFO - Processing file /home/airflow/.local/lib/python3.8/site-packages/airflow/example_dags/example_short_circuit_operator.py for tasks to queue
[2024-01-09T07:43:19.123+0000] {logging_mixin.py:188} INFO - [2024-01-09T07:43:19.123+0000] {dagbag.py:538} INFO - Filling up the DagBag from /home/airflow/.local/lib/python3.8/site-packages/airflow/example_dags/example_short_circuit_operator.py
[2024-01-09T07:43:19.129+0000] {processor.py:840} INFO - DAG(s) 'example_short_circuit_operator' retrieved from /home/airflow/.local/lib/python3.8/site-packages/airflow/example_dags/example_short_circuit_operator.py
[2024-01-09T07:43:19.148+0000] {logging_mixin.py:188} INFO - [2024-01-09T07:43:19.148+0000] {dag.py:3033} INFO - Sync 1 DAGs
[2024-01-09T07:43:19.166+0000] {logging_mixin.py:188} INFO - [2024-01-09T07:43:19.166+0000] {dag.py:3820} INFO - Setting next_dagrun for example_short_circuit_operator to 2024-01-08T00:00:00+00:00, run_after=2024-01-09T00:00:00+00:00
[2024-01-09T07:43:19.180+0000] {processor.py:183} INFO - Processing /home/airflow/.local/lib/python3.8/site-packages/airflow/example_dags/example_short_circuit_operator.py took 0.063 seconds
[2024-01-09T07:43:49.869+0000] {processor.py:161} INFO - Started process (PID=975) to work on /home/airflow/.local/lib/python3.8/site-packages/airflow/example_dags/example_short_circuit_operator.py
[2024-01-09T07:43:49.870+0000] {processor.py:830} INFO - Processing file /home/airflow/.local/lib/python3.8/site-packages/airflow/example_dags/example_short_circuit_operator.py for tasks to queue
[2024-01-09T07:43:49.872+0000] {logging_mixin.py:188} INFO - [2024-01-09T07:43:49.872+0000] {dagbag.py:538} INFO - Filling up the DagBag from /home/airflow/.local/lib/python3.8/site-packages/airflow/example_dags/example_short_circuit_operator.py
[2024-01-09T07:43:49.878+0000] {processor.py:840} INFO - DAG(s) 'example_short_circuit_operator' retrieved from /home/airflow/.local/lib/python3.8/site-packages/airflow/example_dags/example_short_circuit_operator.py
[2024-01-09T07:43:49.896+0000] {logging_mixin.py:188} INFO - [2024-01-09T07:43:49.895+0000] {dag.py:3033} INFO - Sync 1 DAGs
[2024-01-09T07:43:49.914+0000] {logging_mixin.py:188} INFO - [2024-01-09T07:43:49.913+0000] {dag.py:3820} INFO - Setting next_dagrun for example_short_circuit_operator to 2024-01-08T00:00:00+00:00, run_after=2024-01-09T00:00:00+00:00
[2024-01-09T07:43:49.926+0000] {processor.py:183} INFO - Processing /home/airflow/.local/lib/python3.8/site-packages/airflow/example_dags/example_short_circuit_operator.py took 0.060 seconds
[2024-01-09T07:44:20.087+0000] {processor.py:161} INFO - Started process (PID=1029) to work on /home/airflow/.local/lib/python3.8/site-packages/airflow/example_dags/example_short_circuit_operator.py
[2024-01-09T07:44:20.088+0000] {processor.py:830} INFO - Processing file /home/airflow/.local/lib/python3.8/site-packages/airflow/example_dags/example_short_circuit_operator.py for tasks to queue
[2024-01-09T07:44:20.090+0000] {logging_mixin.py:188} INFO - [2024-01-09T07:44:20.090+0000] {dagbag.py:538} INFO - Filling up the DagBag from /home/airflow/.local/lib/python3.8/site-packages/airflow/example_dags/example_short_circuit_operator.py
[2024-01-09T07:44:20.096+0000] {processor.py:840} INFO - DAG(s) 'example_short_circuit_operator' retrieved from /home/airflow/.local/lib/python3.8/site-packages/airflow/example_dags/example_short_circuit_operator.py
[2024-01-09T07:44:20.114+0000] {logging_mixin.py:188} INFO - [2024-01-09T07:44:20.114+0000] {dag.py:3033} INFO - Sync 1 DAGs
[2024-01-09T07:44:20.131+0000] {logging_mixin.py:188} INFO - [2024-01-09T07:44:20.131+0000] {dag.py:3820} INFO - Setting next_dagrun for example_short_circuit_operator to 2024-01-08T00:00:00+00:00, run_after=2024-01-09T00:00:00+00:00
[2024-01-09T07:44:20.143+0000] {processor.py:183} INFO - Processing /home/airflow/.local/lib/python3.8/site-packages/airflow/example_dags/example_short_circuit_operator.py took 0.059 seconds
[2024-01-09T07:44:50.390+0000] {processor.py:161} INFO - Started process (PID=1084) to work on /home/airflow/.local/lib/python3.8/site-packages/airflow/example_dags/example_short_circuit_operator.py
[2024-01-09T07:44:50.391+0000] {processor.py:830} INFO - Processing file /home/airflow/.local/lib/python3.8/site-packages/airflow/example_dags/example_short_circuit_operator.py for tasks to queue
[2024-01-09T07:44:50.393+0000] {logging_mixin.py:188} INFO - [2024-01-09T07:44:50.392+0000] {dagbag.py:538} INFO - Filling up the DagBag from /home/airflow/.local/lib/python3.8/site-packages/airflow/example_dags/example_short_circuit_operator.py
[2024-01-09T07:44:50.399+0000] {processor.py:840} INFO - DAG(s) 'example_short_circuit_operator' retrieved from /home/airflow/.local/lib/python3.8/site-packages/airflow/example_dags/example_short_circuit_operator.py
[2024-01-09T07:44:50.416+0000] {logging_mixin.py:188} INFO - [2024-01-09T07:44:50.416+0000] {dag.py:3033} INFO - Sync 1 DAGs
[2024-01-09T07:44:50.433+0000] {logging_mixin.py:188} INFO - [2024-01-09T07:44:50.432+0000] {dag.py:3820} INFO - Setting next_dagrun for example_short_circuit_operator to 2024-01-08T00:00:00+00:00, run_after=2024-01-09T00:00:00+00:00
[2024-01-09T07:44:50.446+0000] {processor.py:183} INFO - Processing /home/airflow/.local/lib/python3.8/site-packages/airflow/example_dags/example_short_circuit_operator.py took 0.059 seconds
[2024-01-09T07:45:20.677+0000] {processor.py:161} INFO - Started process (PID=1138) to work on /home/airflow/.local/lib/python3.8/site-packages/airflow/example_dags/example_short_circuit_operator.py
[2024-01-09T07:45:20.678+0000] {processor.py:830} INFO - Processing file /home/airflow/.local/lib/python3.8/site-packages/airflow/example_dags/example_short_circuit_operator.py for tasks to queue
[2024-01-09T07:45:20.680+0000] {logging_mixin.py:188} INFO - [2024-01-09T07:45:20.680+0000] {dagbag.py:538} INFO - Filling up the DagBag from /home/airflow/.local/lib/python3.8/site-packages/airflow/example_dags/example_short_circuit_operator.py
[2024-01-09T07:45:20.687+0000] {processor.py:840} INFO - DAG(s) 'example_short_circuit_operator' retrieved from /home/airflow/.local/lib/python3.8/site-packages/airflow/example_dags/example_short_circuit_operator.py
[2024-01-09T07:45:20.707+0000] {logging_mixin.py:188} INFO - [2024-01-09T07:45:20.707+0000] {dag.py:3033} INFO - Sync 1 DAGs
[2024-01-09T07:45:20.725+0000] {logging_mixin.py:188} INFO - [2024-01-09T07:45:20.725+0000] {dag.py:3820} INFO - Setting next_dagrun for example_short_circuit_operator to 2024-01-08T00:00:00+00:00, run_after=2024-01-09T00:00:00+00:00
[2024-01-09T07:45:20.739+0000] {processor.py:183} INFO - Processing /home/airflow/.local/lib/python3.8/site-packages/airflow/example_dags/example_short_circuit_operator.py took 0.065 seconds
[2024-01-09T07:45:51.145+0000] {processor.py:161} INFO - Started process (PID=1193) to work on /home/airflow/.local/lib/python3.8/site-packages/airflow/example_dags/example_short_circuit_operator.py
[2024-01-09T07:45:51.146+0000] {processor.py:830} INFO - Processing file /home/airflow/.local/lib/python3.8/site-packages/airflow/example_dags/example_short_circuit_operator.py for tasks to queue
[2024-01-09T07:45:51.148+0000] {logging_mixin.py:188} INFO - [2024-01-09T07:45:51.148+0000] {dagbag.py:538} INFO - Filling up the DagBag from /home/airflow/.local/lib/python3.8/site-packages/airflow/example_dags/example_short_circuit_operator.py
[2024-01-09T07:45:51.154+0000] {processor.py:840} INFO - DAG(s) 'example_short_circuit_operator' retrieved from /home/airflow/.local/lib/python3.8/site-packages/airflow/example_dags/example_short_circuit_operator.py
[2024-01-09T07:45:51.172+0000] {logging_mixin.py:188} INFO - [2024-01-09T07:45:51.172+0000] {dag.py:3033} INFO - Sync 1 DAGs
[2024-01-09T07:45:51.188+0000] {logging_mixin.py:188} INFO - [2024-01-09T07:45:51.188+0000] {dag.py:3820} INFO - Setting next_dagrun for example_short_circuit_operator to 2024-01-08T00:00:00+00:00, run_after=2024-01-09T00:00:00+00:00
[2024-01-09T07:45:51.201+0000] {processor.py:183} INFO - Processing /home/airflow/.local/lib/python3.8/site-packages/airflow/example_dags/example_short_circuit_operator.py took 0.059 seconds
[2024-01-09T07:46:21.409+0000] {processor.py:161} INFO - Started process (PID=1248) to work on /home/airflow/.local/lib/python3.8/site-packages/airflow/example_dags/example_short_circuit_operator.py
[2024-01-09T07:46:21.410+0000] {processor.py:830} INFO - Processing file /home/airflow/.local/lib/python3.8/site-packages/airflow/example_dags/example_short_circuit_operator.py for tasks to queue
[2024-01-09T07:46:21.412+0000] {logging_mixin.py:188} INFO - [2024-01-09T07:46:21.411+0000] {dagbag.py:538} INFO - Filling up the DagBag from /home/airflow/.local/lib/python3.8/site-packages/airflow/example_dags/example_short_circuit_operator.py
[2024-01-09T07:46:21.417+0000] {processor.py:840} INFO - DAG(s) 'example_short_circuit_operator' retrieved from /home/airflow/.local/lib/python3.8/site-packages/airflow/example_dags/example_short_circuit_operator.py
[2024-01-09T07:46:21.435+0000] {logging_mixin.py:188} INFO - [2024-01-09T07:46:21.435+0000] {dag.py:3033} INFO - Sync 1 DAGs
[2024-01-09T07:46:21.450+0000] {logging_mixin.py:188} INFO - [2024-01-09T07:46:21.450+0000] {dag.py:3820} INFO - Setting next_dagrun for example_short_circuit_operator to 2024-01-08T00:00:00+00:00, run_after=2024-01-09T00:00:00+00:00
[2024-01-09T07:46:21.462+0000] {processor.py:183} INFO - Processing /home/airflow/.local/lib/python3.8/site-packages/airflow/example_dags/example_short_circuit_operator.py took 0.057 seconds
[2024-01-09T07:46:51.856+0000] {processor.py:161} INFO - Started process (PID=1303) to work on /home/airflow/.local/lib/python3.8/site-packages/airflow/example_dags/example_short_circuit_operator.py
[2024-01-09T07:46:51.857+0000] {processor.py:830} INFO - Processing file /home/airflow/.local/lib/python3.8/site-packages/airflow/example_dags/example_short_circuit_operator.py for tasks to queue
[2024-01-09T07:46:51.859+0000] {logging_mixin.py:188} INFO - [2024-01-09T07:46:51.858+0000] {dagbag.py:538} INFO - Filling up the DagBag from /home/airflow/.local/lib/python3.8/site-packages/airflow/example_dags/example_short_circuit_operator.py
[2024-01-09T07:46:51.865+0000] {processor.py:840} INFO - DAG(s) 'example_short_circuit_operator' retrieved from /home/airflow/.local/lib/python3.8/site-packages/airflow/example_dags/example_short_circuit_operator.py
[2024-01-09T07:46:51.885+0000] {logging_mixin.py:188} INFO - [2024-01-09T07:46:51.885+0000] {dag.py:3033} INFO - Sync 1 DAGs
[2024-01-09T07:46:51.903+0000] {logging_mixin.py:188} INFO - [2024-01-09T07:46:51.903+0000] {dag.py:3820} INFO - Setting next_dagrun for example_short_circuit_operator to 2024-01-08T00:00:00+00:00, run_after=2024-01-09T00:00:00+00:00
[2024-01-09T07:46:51.917+0000] {processor.py:183} INFO - Processing /home/airflow/.local/lib/python3.8/site-packages/airflow/example_dags/example_short_circuit_operator.py took 0.065 seconds
[2024-01-09T07:47:22.131+0000] {processor.py:161} INFO - Started process (PID=1358) to work on /home/airflow/.local/lib/python3.8/site-packages/airflow/example_dags/example_short_circuit_operator.py
[2024-01-09T07:47:22.132+0000] {processor.py:830} INFO - Processing file /home/airflow/.local/lib/python3.8/site-packages/airflow/example_dags/example_short_circuit_operator.py for tasks to queue
[2024-01-09T07:47:22.134+0000] {logging_mixin.py:188} INFO - [2024-01-09T07:47:22.134+0000] {dagbag.py:538} INFO - Filling up the DagBag from /home/airflow/.local/lib/python3.8/site-packages/airflow/example_dags/example_short_circuit_operator.py
[2024-01-09T07:47:22.140+0000] {processor.py:840} INFO - DAG(s) 'example_short_circuit_operator' retrieved from /home/airflow/.local/lib/python3.8/site-packages/airflow/example_dags/example_short_circuit_operator.py
[2024-01-09T07:47:22.159+0000] {logging_mixin.py:188} INFO - [2024-01-09T07:47:22.158+0000] {dag.py:3033} INFO - Sync 1 DAGs
[2024-01-09T07:47:22.175+0000] {logging_mixin.py:188} INFO - [2024-01-09T07:47:22.174+0000] {dag.py:3820} INFO - Setting next_dagrun for example_short_circuit_operator to 2024-01-08T00:00:00+00:00, run_after=2024-01-09T00:00:00+00:00
[2024-01-09T07:47:22.187+0000] {processor.py:183} INFO - Processing /home/airflow/.local/lib/python3.8/site-packages/airflow/example_dags/example_short_circuit_operator.py took 0.059 seconds
[2024-01-09T07:47:52.396+0000] {processor.py:161} INFO - Started process (PID=1413) to work on /home/airflow/.local/lib/python3.8/site-packages/airflow/example_dags/example_short_circuit_operator.py
[2024-01-09T07:47:52.398+0000] {processor.py:830} INFO - Processing file /home/airflow/.local/lib/python3.8/site-packages/airflow/example_dags/example_short_circuit_operator.py for tasks to queue
[2024-01-09T07:47:52.400+0000] {logging_mixin.py:188} INFO - [2024-01-09T07:47:52.400+0000] {dagbag.py:538} INFO - Filling up the DagBag from /home/airflow/.local/lib/python3.8/site-packages/airflow/example_dags/example_short_circuit_operator.py
[2024-01-09T07:47:52.407+0000] {processor.py:840} INFO - DAG(s) 'example_short_circuit_operator' retrieved from /home/airflow/.local/lib/python3.8/site-packages/airflow/example_dags/example_short_circuit_operator.py
[2024-01-09T07:47:52.428+0000] {logging_mixin.py:188} INFO - [2024-01-09T07:47:52.427+0000] {dag.py:3033} INFO - Sync 1 DAGs
[2024-01-09T07:47:52.447+0000] {logging_mixin.py:188} INFO - [2024-01-09T07:47:52.447+0000] {dag.py:3820} INFO - Setting next_dagrun for example_short_circuit_operator to 2024-01-08T00:00:00+00:00, run_after=2024-01-09T00:00:00+00:00
[2024-01-09T07:47:52.464+0000] {processor.py:183} INFO - Processing /home/airflow/.local/lib/python3.8/site-packages/airflow/example_dags/example_short_circuit_operator.py took 0.071 seconds
[2024-01-09T07:48:22.675+0000] {processor.py:161} INFO - Started process (PID=1468) to work on /home/airflow/.local/lib/python3.8/site-packages/airflow/example_dags/example_short_circuit_operator.py
[2024-01-09T07:48:22.677+0000] {processor.py:830} INFO - Processing file /home/airflow/.local/lib/python3.8/site-packages/airflow/example_dags/example_short_circuit_operator.py for tasks to queue
[2024-01-09T07:48:22.679+0000] {logging_mixin.py:188} INFO - [2024-01-09T07:48:22.679+0000] {dagbag.py:538} INFO - Filling up the DagBag from /home/airflow/.local/lib/python3.8/site-packages/airflow/example_dags/example_short_circuit_operator.py
[2024-01-09T07:48:22.686+0000] {processor.py:840} INFO - DAG(s) 'example_short_circuit_operator' retrieved from /home/airflow/.local/lib/python3.8/site-packages/airflow/example_dags/example_short_circuit_operator.py
[2024-01-09T07:48:22.707+0000] {logging_mixin.py:188} INFO - [2024-01-09T07:48:22.707+0000] {dag.py:3033} INFO - Sync 1 DAGs
[2024-01-09T07:48:22.726+0000] {logging_mixin.py:188} INFO - [2024-01-09T07:48:22.726+0000] {dag.py:3820} INFO - Setting next_dagrun for example_short_circuit_operator to 2024-01-08T00:00:00+00:00, run_after=2024-01-09T00:00:00+00:00
[2024-01-09T07:48:22.742+0000] {processor.py:183} INFO - Processing /home/airflow/.local/lib/python3.8/site-packages/airflow/example_dags/example_short_circuit_operator.py took 0.071 seconds
[2024-01-09T07:48:53.353+0000] {processor.py:161} INFO - Started process (PID=1523) to work on /home/airflow/.local/lib/python3.8/site-packages/airflow/example_dags/example_short_circuit_operator.py
[2024-01-09T07:48:53.354+0000] {processor.py:830} INFO - Processing file /home/airflow/.local/lib/python3.8/site-packages/airflow/example_dags/example_short_circuit_operator.py for tasks to queue
[2024-01-09T07:48:53.355+0000] {logging_mixin.py:188} INFO - [2024-01-09T07:48:53.355+0000] {dagbag.py:538} INFO - Filling up the DagBag from /home/airflow/.local/lib/python3.8/site-packages/airflow/example_dags/example_short_circuit_operator.py
[2024-01-09T07:48:53.362+0000] {processor.py:840} INFO - DAG(s) 'example_short_circuit_operator' retrieved from /home/airflow/.local/lib/python3.8/site-packages/airflow/example_dags/example_short_circuit_operator.py
[2024-01-09T07:48:53.379+0000] {logging_mixin.py:188} INFO - [2024-01-09T07:48:53.379+0000] {dag.py:3033} INFO - Sync 1 DAGs
[2024-01-09T07:48:53.397+0000] {logging_mixin.py:188} INFO - [2024-01-09T07:48:53.397+0000] {dag.py:3820} INFO - Setting next_dagrun for example_short_circuit_operator to 2024-01-08T00:00:00+00:00, run_after=2024-01-09T00:00:00+00:00
[2024-01-09T07:48:53.411+0000] {processor.py:183} INFO - Processing /home/airflow/.local/lib/python3.8/site-packages/airflow/example_dags/example_short_circuit_operator.py took 0.062 seconds
[2024-01-09T07:49:23.739+0000] {processor.py:161} INFO - Started process (PID=1578) to work on /home/airflow/.local/lib/python3.8/site-packages/airflow/example_dags/example_short_circuit_operator.py
[2024-01-09T07:49:23.740+0000] {processor.py:830} INFO - Processing file /home/airflow/.local/lib/python3.8/site-packages/airflow/example_dags/example_short_circuit_operator.py for tasks to queue
[2024-01-09T07:49:23.742+0000] {logging_mixin.py:188} INFO - [2024-01-09T07:49:23.742+0000] {dagbag.py:538} INFO - Filling up the DagBag from /home/airflow/.local/lib/python3.8/site-packages/airflow/example_dags/example_short_circuit_operator.py
[2024-01-09T07:49:23.748+0000] {processor.py:840} INFO - DAG(s) 'example_short_circuit_operator' retrieved from /home/airflow/.local/lib/python3.8/site-packages/airflow/example_dags/example_short_circuit_operator.py
[2024-01-09T07:49:23.766+0000] {logging_mixin.py:188} INFO - [2024-01-09T07:49:23.766+0000] {dag.py:3033} INFO - Sync 1 DAGs
[2024-01-09T07:49:23.785+0000] {logging_mixin.py:188} INFO - [2024-01-09T07:49:23.785+0000] {dag.py:3820} INFO - Setting next_dagrun for example_short_circuit_operator to 2024-01-08T00:00:00+00:00, run_after=2024-01-09T00:00:00+00:00
[2024-01-09T07:49:23.798+0000] {processor.py:183} INFO - Processing /home/airflow/.local/lib/python3.8/site-packages/airflow/example_dags/example_short_circuit_operator.py took 0.062 seconds
[2024-01-09T07:49:54.391+0000] {processor.py:161} INFO - Started process (PID=1633) to work on /home/airflow/.local/lib/python3.8/site-packages/airflow/example_dags/example_short_circuit_operator.py
[2024-01-09T07:49:54.392+0000] {processor.py:830} INFO - Processing file /home/airflow/.local/lib/python3.8/site-packages/airflow/example_dags/example_short_circuit_operator.py for tasks to queue
[2024-01-09T07:49:54.394+0000] {logging_mixin.py:188} INFO - [2024-01-09T07:49:54.393+0000] {dagbag.py:538} INFO - Filling up the DagBag from /home/airflow/.local/lib/python3.8/site-packages/airflow/example_dags/example_short_circuit_operator.py
[2024-01-09T07:49:54.400+0000] {processor.py:840} INFO - DAG(s) 'example_short_circuit_operator' retrieved from /home/airflow/.local/lib/python3.8/site-packages/airflow/example_dags/example_short_circuit_operator.py
[2024-01-09T07:49:54.417+0000] {logging_mixin.py:188} INFO - [2024-01-09T07:49:54.417+0000] {dag.py:3033} INFO - Sync 1 DAGs
[2024-01-09T07:49:54.433+0000] {logging_mixin.py:188} INFO - [2024-01-09T07:49:54.433+0000] {dag.py:3820} INFO - Setting next_dagrun for example_short_circuit_operator to 2024-01-08T00:00:00+00:00, run_after=2024-01-09T00:00:00+00:00
[2024-01-09T07:49:54.447+0000] {processor.py:183} INFO - Processing /home/airflow/.local/lib/python3.8/site-packages/airflow/example_dags/example_short_circuit_operator.py took 0.059 seconds
