[2024-01-09T07:35:11.458+0000] {processor.py:161} INFO - Started process (PID=34) to work on /home/airflow/.local/lib/python3.8/site-packages/airflow/example_dags/example_task_group.py
[2024-01-09T07:35:11.459+0000] {processor.py:830} INFO - Processing file /home/airflow/.local/lib/python3.8/site-packages/airflow/example_dags/example_task_group.py for tasks to queue
[2024-01-09T07:35:11.463+0000] {logging_mixin.py:188} INFO - [2024-01-09T07:35:11.463+0000] {dagbag.py:538} INFO - Filling up the DagBag from /home/airflow/.local/lib/python3.8/site-packages/airflow/example_dags/example_task_group.py
[2024-01-09T07:35:11.482+0000] {processor.py:840} INFO - DAG(s) 'example_task_group' retrieved from /home/airflow/.local/lib/python3.8/site-packages/airflow/example_dags/example_task_group.py
[2024-01-09T07:35:11.520+0000] {logging_mixin.py:188} INFO - [2024-01-09T07:35:11.519+0000] {dag.py:3033} INFO - Sync 1 DAGs
[2024-01-09T07:35:11.547+0000] {logging_mixin.py:188} INFO - [2024-01-09T07:35:11.546+0000] {dag.py:3820} INFO - Setting next_dagrun for example_task_group to 2024-01-08T00:00:00+00:00, run_after=2024-01-09T00:00:00+00:00
[2024-01-09T07:35:11.572+0000] {processor.py:183} INFO - Processing /home/airflow/.local/lib/python3.8/site-packages/airflow/example_dags/example_task_group.py took 0.121 seconds
[2024-01-09T07:35:42.008+0000] {processor.py:161} INFO - Started process (PID=89) to work on /home/airflow/.local/lib/python3.8/site-packages/airflow/example_dags/example_task_group.py
[2024-01-09T07:35:42.009+0000] {processor.py:830} INFO - Processing file /home/airflow/.local/lib/python3.8/site-packages/airflow/example_dags/example_task_group.py for tasks to queue
[2024-01-09T07:35:42.013+0000] {logging_mixin.py:188} INFO - [2024-01-09T07:35:42.012+0000] {dagbag.py:538} INFO - Filling up the DagBag from /home/airflow/.local/lib/python3.8/site-packages/airflow/example_dags/example_task_group.py
[2024-01-09T07:35:42.023+0000] {processor.py:840} INFO - DAG(s) 'example_task_group' retrieved from /home/airflow/.local/lib/python3.8/site-packages/airflow/example_dags/example_task_group.py
[2024-01-09T07:35:42.162+0000] {logging_mixin.py:188} INFO - [2024-01-09T07:35:42.162+0000] {dag.py:3033} INFO - Sync 1 DAGs
[2024-01-09T07:35:42.177+0000] {logging_mixin.py:188} INFO - [2024-01-09T07:35:42.177+0000] {dag.py:3820} INFO - Setting next_dagrun for example_task_group to 2024-01-08T00:00:00+00:00, run_after=2024-01-09T00:00:00+00:00
[2024-01-09T07:35:42.190+0000] {processor.py:183} INFO - Processing /home/airflow/.local/lib/python3.8/site-packages/airflow/example_dags/example_task_group.py took 0.189 seconds
[2024-01-09T07:36:12.823+0000] {processor.py:161} INFO - Started process (PID=144) to work on /home/airflow/.local/lib/python3.8/site-packages/airflow/example_dags/example_task_group.py
[2024-01-09T07:36:12.825+0000] {processor.py:830} INFO - Processing file /home/airflow/.local/lib/python3.8/site-packages/airflow/example_dags/example_task_group.py for tasks to queue
[2024-01-09T07:36:12.829+0000] {logging_mixin.py:188} INFO - [2024-01-09T07:36:12.828+0000] {dagbag.py:538} INFO - Filling up the DagBag from /home/airflow/.local/lib/python3.8/site-packages/airflow/example_dags/example_task_group.py
[2024-01-09T07:36:12.838+0000] {processor.py:840} INFO - DAG(s) 'example_task_group' retrieved from /home/airflow/.local/lib/python3.8/site-packages/airflow/example_dags/example_task_group.py
[2024-01-09T07:36:12.859+0000] {logging_mixin.py:188} INFO - [2024-01-09T07:36:12.859+0000] {dag.py:3033} INFO - Sync 1 DAGs
[2024-01-09T07:36:12.875+0000] {logging_mixin.py:188} INFO - [2024-01-09T07:36:12.875+0000] {dag.py:3820} INFO - Setting next_dagrun for example_task_group to 2024-01-08T00:00:00+00:00, run_after=2024-01-09T00:00:00+00:00
[2024-01-09T07:36:12.889+0000] {processor.py:183} INFO - Processing /home/airflow/.local/lib/python3.8/site-packages/airflow/example_dags/example_task_group.py took 0.073 seconds
[2024-01-09T07:36:43.137+0000] {processor.py:161} INFO - Started process (PID=199) to work on /home/airflow/.local/lib/python3.8/site-packages/airflow/example_dags/example_task_group.py
[2024-01-09T07:36:43.138+0000] {processor.py:830} INFO - Processing file /home/airflow/.local/lib/python3.8/site-packages/airflow/example_dags/example_task_group.py for tasks to queue
[2024-01-09T07:36:43.141+0000] {logging_mixin.py:188} INFO - [2024-01-09T07:36:43.140+0000] {dagbag.py:538} INFO - Filling up the DagBag from /home/airflow/.local/lib/python3.8/site-packages/airflow/example_dags/example_task_group.py
[2024-01-09T07:36:43.147+0000] {processor.py:840} INFO - DAG(s) 'example_task_group' retrieved from /home/airflow/.local/lib/python3.8/site-packages/airflow/example_dags/example_task_group.py
[2024-01-09T07:36:43.165+0000] {logging_mixin.py:188} INFO - [2024-01-09T07:36:43.165+0000] {dag.py:3033} INFO - Sync 1 DAGs
[2024-01-09T07:36:43.182+0000] {logging_mixin.py:188} INFO - [2024-01-09T07:36:43.182+0000] {dag.py:3820} INFO - Setting next_dagrun for example_task_group to 2024-01-08T00:00:00+00:00, run_after=2024-01-09T00:00:00+00:00
[2024-01-09T07:36:43.195+0000] {processor.py:183} INFO - Processing /home/airflow/.local/lib/python3.8/site-packages/airflow/example_dags/example_task_group.py took 0.064 seconds
[2024-01-09T07:37:13.514+0000] {processor.py:161} INFO - Started process (PID=254) to work on /home/airflow/.local/lib/python3.8/site-packages/airflow/example_dags/example_task_group.py
[2024-01-09T07:37:13.515+0000] {processor.py:830} INFO - Processing file /home/airflow/.local/lib/python3.8/site-packages/airflow/example_dags/example_task_group.py for tasks to queue
[2024-01-09T07:37:13.519+0000] {logging_mixin.py:188} INFO - [2024-01-09T07:37:13.518+0000] {dagbag.py:538} INFO - Filling up the DagBag from /home/airflow/.local/lib/python3.8/site-packages/airflow/example_dags/example_task_group.py
[2024-01-09T07:37:13.528+0000] {processor.py:840} INFO - DAG(s) 'example_task_group' retrieved from /home/airflow/.local/lib/python3.8/site-packages/airflow/example_dags/example_task_group.py
[2024-01-09T07:37:13.546+0000] {logging_mixin.py:188} INFO - [2024-01-09T07:37:13.546+0000] {dag.py:3033} INFO - Sync 1 DAGs
[2024-01-09T07:37:13.562+0000] {logging_mixin.py:188} INFO - [2024-01-09T07:37:13.562+0000] {dag.py:3820} INFO - Setting next_dagrun for example_task_group to 2024-01-08T00:00:00+00:00, run_after=2024-01-09T00:00:00+00:00
[2024-01-09T07:37:13.574+0000] {processor.py:183} INFO - Processing /home/airflow/.local/lib/python3.8/site-packages/airflow/example_dags/example_task_group.py took 0.067 seconds
[2024-01-09T07:37:43.982+0000] {processor.py:161} INFO - Started process (PID=309) to work on /home/airflow/.local/lib/python3.8/site-packages/airflow/example_dags/example_task_group.py
[2024-01-09T07:37:43.984+0000] {processor.py:830} INFO - Processing file /home/airflow/.local/lib/python3.8/site-packages/airflow/example_dags/example_task_group.py for tasks to queue
[2024-01-09T07:37:43.987+0000] {logging_mixin.py:188} INFO - [2024-01-09T07:37:43.987+0000] {dagbag.py:538} INFO - Filling up the DagBag from /home/airflow/.local/lib/python3.8/site-packages/airflow/example_dags/example_task_group.py
[2024-01-09T07:37:43.997+0000] {processor.py:840} INFO - DAG(s) 'example_task_group' retrieved from /home/airflow/.local/lib/python3.8/site-packages/airflow/example_dags/example_task_group.py
[2024-01-09T07:37:44.018+0000] {logging_mixin.py:188} INFO - [2024-01-09T07:37:44.018+0000] {dag.py:3033} INFO - Sync 1 DAGs
[2024-01-09T07:37:44.034+0000] {logging_mixin.py:188} INFO - [2024-01-09T07:37:44.034+0000] {dag.py:3820} INFO - Setting next_dagrun for example_task_group to 2024-01-08T00:00:00+00:00, run_after=2024-01-09T00:00:00+00:00
[2024-01-09T07:37:44.047+0000] {processor.py:183} INFO - Processing /home/airflow/.local/lib/python3.8/site-packages/airflow/example_dags/example_task_group.py took 0.071 seconds
[2024-01-09T07:38:14.336+0000] {processor.py:161} INFO - Started process (PID=364) to work on /home/airflow/.local/lib/python3.8/site-packages/airflow/example_dags/example_task_group.py
[2024-01-09T07:38:14.339+0000] {processor.py:830} INFO - Processing file /home/airflow/.local/lib/python3.8/site-packages/airflow/example_dags/example_task_group.py for tasks to queue
[2024-01-09T07:38:14.343+0000] {logging_mixin.py:188} INFO - [2024-01-09T07:38:14.342+0000] {dagbag.py:538} INFO - Filling up the DagBag from /home/airflow/.local/lib/python3.8/site-packages/airflow/example_dags/example_task_group.py
[2024-01-09T07:38:14.352+0000] {processor.py:840} INFO - DAG(s) 'example_task_group' retrieved from /home/airflow/.local/lib/python3.8/site-packages/airflow/example_dags/example_task_group.py
[2024-01-09T07:38:14.379+0000] {logging_mixin.py:188} INFO - [2024-01-09T07:38:14.378+0000] {dag.py:3033} INFO - Sync 1 DAGs
[2024-01-09T07:38:14.397+0000] {logging_mixin.py:188} INFO - [2024-01-09T07:38:14.397+0000] {dag.py:3820} INFO - Setting next_dagrun for example_task_group to 2024-01-08T00:00:00+00:00, run_after=2024-01-09T00:00:00+00:00
[2024-01-09T07:38:14.413+0000] {processor.py:183} INFO - Processing /home/airflow/.local/lib/python3.8/site-packages/airflow/example_dags/example_task_group.py took 0.084 seconds
[2024-01-09T07:38:44.903+0000] {processor.py:161} INFO - Started process (PID=419) to work on /home/airflow/.local/lib/python3.8/site-packages/airflow/example_dags/example_task_group.py
[2024-01-09T07:38:44.905+0000] {processor.py:830} INFO - Processing file /home/airflow/.local/lib/python3.8/site-packages/airflow/example_dags/example_task_group.py for tasks to queue
[2024-01-09T07:38:44.908+0000] {logging_mixin.py:188} INFO - [2024-01-09T07:38:44.908+0000] {dagbag.py:538} INFO - Filling up the DagBag from /home/airflow/.local/lib/python3.8/site-packages/airflow/example_dags/example_task_group.py
[2024-01-09T07:38:44.917+0000] {processor.py:840} INFO - DAG(s) 'example_task_group' retrieved from /home/airflow/.local/lib/python3.8/site-packages/airflow/example_dags/example_task_group.py
[2024-01-09T07:38:44.937+0000] {logging_mixin.py:188} INFO - [2024-01-09T07:38:44.937+0000] {dag.py:3033} INFO - Sync 1 DAGs
[2024-01-09T07:38:44.954+0000] {logging_mixin.py:188} INFO - [2024-01-09T07:38:44.953+0000] {dag.py:3820} INFO - Setting next_dagrun for example_task_group to 2024-01-08T00:00:00+00:00, run_after=2024-01-09T00:00:00+00:00
[2024-01-09T07:38:44.968+0000] {processor.py:183} INFO - Processing /home/airflow/.local/lib/python3.8/site-packages/airflow/example_dags/example_task_group.py took 0.070 seconds
[2024-01-09T07:39:15.230+0000] {processor.py:161} INFO - Started process (PID=474) to work on /home/airflow/.local/lib/python3.8/site-packages/airflow/example_dags/example_task_group.py
[2024-01-09T07:39:15.232+0000] {processor.py:830} INFO - Processing file /home/airflow/.local/lib/python3.8/site-packages/airflow/example_dags/example_task_group.py for tasks to queue
[2024-01-09T07:39:15.235+0000] {logging_mixin.py:188} INFO - [2024-01-09T07:39:15.235+0000] {dagbag.py:538} INFO - Filling up the DagBag from /home/airflow/.local/lib/python3.8/site-packages/airflow/example_dags/example_task_group.py
[2024-01-09T07:39:15.245+0000] {processor.py:840} INFO - DAG(s) 'example_task_group' retrieved from /home/airflow/.local/lib/python3.8/site-packages/airflow/example_dags/example_task_group.py
[2024-01-09T07:39:15.268+0000] {logging_mixin.py:188} INFO - [2024-01-09T07:39:15.268+0000] {dag.py:3033} INFO - Sync 1 DAGs
[2024-01-09T07:39:15.285+0000] {logging_mixin.py:188} INFO - [2024-01-09T07:39:15.285+0000] {dag.py:3820} INFO - Setting next_dagrun for example_task_group to 2024-01-08T00:00:00+00:00, run_after=2024-01-09T00:00:00+00:00
[2024-01-09T07:39:15.299+0000] {processor.py:183} INFO - Processing /home/airflow/.local/lib/python3.8/site-packages/airflow/example_dags/example_task_group.py took 0.075 seconds
[2024-01-09T07:39:45.690+0000] {processor.py:161} INFO - Started process (PID=529) to work on /home/airflow/.local/lib/python3.8/site-packages/airflow/example_dags/example_task_group.py
[2024-01-09T07:39:45.692+0000] {processor.py:830} INFO - Processing file /home/airflow/.local/lib/python3.8/site-packages/airflow/example_dags/example_task_group.py for tasks to queue
[2024-01-09T07:39:45.695+0000] {logging_mixin.py:188} INFO - [2024-01-09T07:39:45.695+0000] {dagbag.py:538} INFO - Filling up the DagBag from /home/airflow/.local/lib/python3.8/site-packages/airflow/example_dags/example_task_group.py
[2024-01-09T07:39:45.705+0000] {processor.py:840} INFO - DAG(s) 'example_task_group' retrieved from /home/airflow/.local/lib/python3.8/site-packages/airflow/example_dags/example_task_group.py
[2024-01-09T07:39:45.726+0000] {logging_mixin.py:188} INFO - [2024-01-09T07:39:45.726+0000] {dag.py:3033} INFO - Sync 1 DAGs
[2024-01-09T07:39:45.743+0000] {logging_mixin.py:188} INFO - [2024-01-09T07:39:45.743+0000] {dag.py:3820} INFO - Setting next_dagrun for example_task_group to 2024-01-08T00:00:00+00:00, run_after=2024-01-09T00:00:00+00:00
[2024-01-09T07:39:45.759+0000] {processor.py:183} INFO - Processing /home/airflow/.local/lib/python3.8/site-packages/airflow/example_dags/example_task_group.py took 0.074 seconds
[2024-01-09T07:40:16.095+0000] {processor.py:161} INFO - Started process (PID=584) to work on /home/airflow/.local/lib/python3.8/site-packages/airflow/example_dags/example_task_group.py
[2024-01-09T07:40:16.096+0000] {processor.py:830} INFO - Processing file /home/airflow/.local/lib/python3.8/site-packages/airflow/example_dags/example_task_group.py for tasks to queue
[2024-01-09T07:40:16.098+0000] {logging_mixin.py:188} INFO - [2024-01-09T07:40:16.098+0000] {dagbag.py:538} INFO - Filling up the DagBag from /home/airflow/.local/lib/python3.8/site-packages/airflow/example_dags/example_task_group.py
[2024-01-09T07:40:16.104+0000] {processor.py:840} INFO - DAG(s) 'example_task_group' retrieved from /home/airflow/.local/lib/python3.8/site-packages/airflow/example_dags/example_task_group.py
[2024-01-09T07:40:16.122+0000] {logging_mixin.py:188} INFO - [2024-01-09T07:40:16.122+0000] {dag.py:3033} INFO - Sync 1 DAGs
[2024-01-09T07:40:16.139+0000] {logging_mixin.py:188} INFO - [2024-01-09T07:40:16.139+0000] {dag.py:3820} INFO - Setting next_dagrun for example_task_group to 2024-01-08T00:00:00+00:00, run_after=2024-01-09T00:00:00+00:00
[2024-01-09T07:40:16.154+0000] {processor.py:183} INFO - Processing /home/airflow/.local/lib/python3.8/site-packages/airflow/example_dags/example_task_group.py took 0.062 seconds
[2024-01-09T07:40:46.777+0000] {processor.py:161} INFO - Started process (PID=639) to work on /home/airflow/.local/lib/python3.8/site-packages/airflow/example_dags/example_task_group.py
[2024-01-09T07:40:46.779+0000] {processor.py:830} INFO - Processing file /home/airflow/.local/lib/python3.8/site-packages/airflow/example_dags/example_task_group.py for tasks to queue
[2024-01-09T07:40:46.783+0000] {logging_mixin.py:188} INFO - [2024-01-09T07:40:46.782+0000] {dagbag.py:538} INFO - Filling up the DagBag from /home/airflow/.local/lib/python3.8/site-packages/airflow/example_dags/example_task_group.py
[2024-01-09T07:40:46.792+0000] {processor.py:840} INFO - DAG(s) 'example_task_group' retrieved from /home/airflow/.local/lib/python3.8/site-packages/airflow/example_dags/example_task_group.py
[2024-01-09T07:40:46.813+0000] {logging_mixin.py:188} INFO - [2024-01-09T07:40:46.813+0000] {dag.py:3033} INFO - Sync 1 DAGs
[2024-01-09T07:40:46.832+0000] {logging_mixin.py:188} INFO - [2024-01-09T07:40:46.831+0000] {dag.py:3820} INFO - Setting next_dagrun for example_task_group to 2024-01-08T00:00:00+00:00, run_after=2024-01-09T00:00:00+00:00
[2024-01-09T07:40:46.849+0000] {processor.py:183} INFO - Processing /home/airflow/.local/lib/python3.8/site-packages/airflow/example_dags/example_task_group.py took 0.076 seconds
[2024-01-09T07:41:17.026+0000] {processor.py:161} INFO - Started process (PID=694) to work on /home/airflow/.local/lib/python3.8/site-packages/airflow/example_dags/example_task_group.py
[2024-01-09T07:41:17.029+0000] {processor.py:830} INFO - Processing file /home/airflow/.local/lib/python3.8/site-packages/airflow/example_dags/example_task_group.py for tasks to queue
[2024-01-09T07:41:17.034+0000] {logging_mixin.py:188} INFO - [2024-01-09T07:41:17.034+0000] {dagbag.py:538} INFO - Filling up the DagBag from /home/airflow/.local/lib/python3.8/site-packages/airflow/example_dags/example_task_group.py
[2024-01-09T07:41:17.045+0000] {processor.py:840} INFO - DAG(s) 'example_task_group' retrieved from /home/airflow/.local/lib/python3.8/site-packages/airflow/example_dags/example_task_group.py
[2024-01-09T07:41:17.079+0000] {logging_mixin.py:188} INFO - [2024-01-09T07:41:17.079+0000] {dag.py:3033} INFO - Sync 1 DAGs
[2024-01-09T07:41:17.107+0000] {logging_mixin.py:188} INFO - [2024-01-09T07:41:17.107+0000] {dag.py:3820} INFO - Setting next_dagrun for example_task_group to 2024-01-08T00:00:00+00:00, run_after=2024-01-09T00:00:00+00:00
[2024-01-09T07:41:17.127+0000] {processor.py:183} INFO - Processing /home/airflow/.local/lib/python3.8/site-packages/airflow/example_dags/example_task_group.py took 0.107 seconds
[2024-01-09T07:41:47.414+0000] {processor.py:161} INFO - Started process (PID=749) to work on /home/airflow/.local/lib/python3.8/site-packages/airflow/example_dags/example_task_group.py
[2024-01-09T07:41:47.416+0000] {processor.py:830} INFO - Processing file /home/airflow/.local/lib/python3.8/site-packages/airflow/example_dags/example_task_group.py for tasks to queue
[2024-01-09T07:41:47.420+0000] {logging_mixin.py:188} INFO - [2024-01-09T07:41:47.420+0000] {dagbag.py:538} INFO - Filling up the DagBag from /home/airflow/.local/lib/python3.8/site-packages/airflow/example_dags/example_task_group.py
[2024-01-09T07:41:47.429+0000] {processor.py:840} INFO - DAG(s) 'example_task_group' retrieved from /home/airflow/.local/lib/python3.8/site-packages/airflow/example_dags/example_task_group.py
[2024-01-09T07:41:47.452+0000] {logging_mixin.py:188} INFO - [2024-01-09T07:41:47.452+0000] {dag.py:3033} INFO - Sync 1 DAGs
[2024-01-09T07:41:47.470+0000] {logging_mixin.py:188} INFO - [2024-01-09T07:41:47.470+0000] {dag.py:3820} INFO - Setting next_dagrun for example_task_group to 2024-01-08T00:00:00+00:00, run_after=2024-01-09T00:00:00+00:00
[2024-01-09T07:41:47.485+0000] {processor.py:183} INFO - Processing /home/airflow/.local/lib/python3.8/site-packages/airflow/example_dags/example_task_group.py took 0.077 seconds
[2024-01-09T07:42:17.832+0000] {processor.py:161} INFO - Started process (PID=804) to work on /home/airflow/.local/lib/python3.8/site-packages/airflow/example_dags/example_task_group.py
[2024-01-09T07:42:17.833+0000] {processor.py:830} INFO - Processing file /home/airflow/.local/lib/python3.8/site-packages/airflow/example_dags/example_task_group.py for tasks to queue
[2024-01-09T07:42:17.837+0000] {logging_mixin.py:188} INFO - [2024-01-09T07:42:17.837+0000] {dagbag.py:538} INFO - Filling up the DagBag from /home/airflow/.local/lib/python3.8/site-packages/airflow/example_dags/example_task_group.py
[2024-01-09T07:42:17.845+0000] {processor.py:840} INFO - DAG(s) 'example_task_group' retrieved from /home/airflow/.local/lib/python3.8/site-packages/airflow/example_dags/example_task_group.py
[2024-01-09T07:42:17.865+0000] {logging_mixin.py:188} INFO - [2024-01-09T07:42:17.864+0000] {dag.py:3033} INFO - Sync 1 DAGs
[2024-01-09T07:42:17.881+0000] {logging_mixin.py:188} INFO - [2024-01-09T07:42:17.881+0000] {dag.py:3820} INFO - Setting next_dagrun for example_task_group to 2024-01-08T00:00:00+00:00, run_after=2024-01-09T00:00:00+00:00
[2024-01-09T07:42:17.895+0000] {processor.py:183} INFO - Processing /home/airflow/.local/lib/python3.8/site-packages/airflow/example_dags/example_task_group.py took 0.069 seconds
[2024-01-09T07:42:48.644+0000] {processor.py:161} INFO - Started process (PID=859) to work on /home/airflow/.local/lib/python3.8/site-packages/airflow/example_dags/example_task_group.py
[2024-01-09T07:42:48.645+0000] {processor.py:830} INFO - Processing file /home/airflow/.local/lib/python3.8/site-packages/airflow/example_dags/example_task_group.py for tasks to queue
[2024-01-09T07:42:48.649+0000] {logging_mixin.py:188} INFO - [2024-01-09T07:42:48.649+0000] {dagbag.py:538} INFO - Filling up the DagBag from /home/airflow/.local/lib/python3.8/site-packages/airflow/example_dags/example_task_group.py
[2024-01-09T07:42:48.658+0000] {processor.py:840} INFO - DAG(s) 'example_task_group' retrieved from /home/airflow/.local/lib/python3.8/site-packages/airflow/example_dags/example_task_group.py
[2024-01-09T07:42:48.682+0000] {logging_mixin.py:188} INFO - [2024-01-09T07:42:48.682+0000] {dag.py:3033} INFO - Sync 1 DAGs
[2024-01-09T07:42:48.701+0000] {logging_mixin.py:188} INFO - [2024-01-09T07:42:48.701+0000] {dag.py:3820} INFO - Setting next_dagrun for example_task_group to 2024-01-08T00:00:00+00:00, run_after=2024-01-09T00:00:00+00:00
[2024-01-09T07:42:48.717+0000] {processor.py:183} INFO - Processing /home/airflow/.local/lib/python3.8/site-packages/airflow/example_dags/example_task_group.py took 0.078 seconds
[2024-01-09T07:43:18.847+0000] {processor.py:161} INFO - Started process (PID=914) to work on /home/airflow/.local/lib/python3.8/site-packages/airflow/example_dags/example_task_group.py
[2024-01-09T07:43:18.848+0000] {processor.py:830} INFO - Processing file /home/airflow/.local/lib/python3.8/site-packages/airflow/example_dags/example_task_group.py for tasks to queue
[2024-01-09T07:43:18.851+0000] {logging_mixin.py:188} INFO - [2024-01-09T07:43:18.851+0000] {dagbag.py:538} INFO - Filling up the DagBag from /home/airflow/.local/lib/python3.8/site-packages/airflow/example_dags/example_task_group.py
[2024-01-09T07:43:18.860+0000] {processor.py:840} INFO - DAG(s) 'example_task_group' retrieved from /home/airflow/.local/lib/python3.8/site-packages/airflow/example_dags/example_task_group.py
[2024-01-09T07:43:18.883+0000] {logging_mixin.py:188} INFO - [2024-01-09T07:43:18.883+0000] {dag.py:3033} INFO - Sync 1 DAGs
[2024-01-09T07:43:18.901+0000] {logging_mixin.py:188} INFO - [2024-01-09T07:43:18.901+0000] {dag.py:3820} INFO - Setting next_dagrun for example_task_group to 2024-01-08T00:00:00+00:00, run_after=2024-01-09T00:00:00+00:00
[2024-01-09T07:43:18.917+0000] {processor.py:183} INFO - Processing /home/airflow/.local/lib/python3.8/site-packages/airflow/example_dags/example_task_group.py took 0.075 seconds
[2024-01-09T07:43:49.607+0000] {processor.py:161} INFO - Started process (PID=969) to work on /home/airflow/.local/lib/python3.8/site-packages/airflow/example_dags/example_task_group.py
[2024-01-09T07:43:49.610+0000] {processor.py:830} INFO - Processing file /home/airflow/.local/lib/python3.8/site-packages/airflow/example_dags/example_task_group.py for tasks to queue
[2024-01-09T07:43:49.614+0000] {logging_mixin.py:188} INFO - [2024-01-09T07:43:49.613+0000] {dagbag.py:538} INFO - Filling up the DagBag from /home/airflow/.local/lib/python3.8/site-packages/airflow/example_dags/example_task_group.py
[2024-01-09T07:43:49.622+0000] {processor.py:840} INFO - DAG(s) 'example_task_group' retrieved from /home/airflow/.local/lib/python3.8/site-packages/airflow/example_dags/example_task_group.py
[2024-01-09T07:43:49.644+0000] {logging_mixin.py:188} INFO - [2024-01-09T07:43:49.644+0000] {dag.py:3033} INFO - Sync 1 DAGs
[2024-01-09T07:43:49.661+0000] {logging_mixin.py:188} INFO - [2024-01-09T07:43:49.661+0000] {dag.py:3820} INFO - Setting next_dagrun for example_task_group to 2024-01-08T00:00:00+00:00, run_after=2024-01-09T00:00:00+00:00
[2024-01-09T07:43:49.676+0000] {processor.py:183} INFO - Processing /home/airflow/.local/lib/python3.8/site-packages/airflow/example_dags/example_task_group.py took 0.076 seconds
[2024-01-09T07:44:19.821+0000] {processor.py:161} INFO - Started process (PID=1023) to work on /home/airflow/.local/lib/python3.8/site-packages/airflow/example_dags/example_task_group.py
[2024-01-09T07:44:19.823+0000] {processor.py:830} INFO - Processing file /home/airflow/.local/lib/python3.8/site-packages/airflow/example_dags/example_task_group.py for tasks to queue
[2024-01-09T07:44:19.827+0000] {logging_mixin.py:188} INFO - [2024-01-09T07:44:19.827+0000] {dagbag.py:538} INFO - Filling up the DagBag from /home/airflow/.local/lib/python3.8/site-packages/airflow/example_dags/example_task_group.py
[2024-01-09T07:44:19.836+0000] {processor.py:840} INFO - DAG(s) 'example_task_group' retrieved from /home/airflow/.local/lib/python3.8/site-packages/airflow/example_dags/example_task_group.py
[2024-01-09T07:44:19.856+0000] {logging_mixin.py:188} INFO - [2024-01-09T07:44:19.856+0000] {dag.py:3033} INFO - Sync 1 DAGs
[2024-01-09T07:44:19.872+0000] {logging_mixin.py:188} INFO - [2024-01-09T07:44:19.872+0000] {dag.py:3820} INFO - Setting next_dagrun for example_task_group to 2024-01-08T00:00:00+00:00, run_after=2024-01-09T00:00:00+00:00
[2024-01-09T07:44:19.886+0000] {processor.py:183} INFO - Processing /home/airflow/.local/lib/python3.8/site-packages/airflow/example_dags/example_task_group.py took 0.072 seconds
[2024-01-09T07:44:50.131+0000] {processor.py:161} INFO - Started process (PID=1078) to work on /home/airflow/.local/lib/python3.8/site-packages/airflow/example_dags/example_task_group.py
[2024-01-09T07:44:50.132+0000] {processor.py:830} INFO - Processing file /home/airflow/.local/lib/python3.8/site-packages/airflow/example_dags/example_task_group.py for tasks to queue
[2024-01-09T07:44:50.136+0000] {logging_mixin.py:188} INFO - [2024-01-09T07:44:50.136+0000] {dagbag.py:538} INFO - Filling up the DagBag from /home/airflow/.local/lib/python3.8/site-packages/airflow/example_dags/example_task_group.py
[2024-01-09T07:44:50.144+0000] {processor.py:840} INFO - DAG(s) 'example_task_group' retrieved from /home/airflow/.local/lib/python3.8/site-packages/airflow/example_dags/example_task_group.py
[2024-01-09T07:44:50.165+0000] {logging_mixin.py:188} INFO - [2024-01-09T07:44:50.165+0000] {dag.py:3033} INFO - Sync 1 DAGs
[2024-01-09T07:44:50.182+0000] {logging_mixin.py:188} INFO - [2024-01-09T07:44:50.182+0000] {dag.py:3820} INFO - Setting next_dagrun for example_task_group to 2024-01-08T00:00:00+00:00, run_after=2024-01-09T00:00:00+00:00
[2024-01-09T07:44:50.195+0000] {processor.py:183} INFO - Processing /home/airflow/.local/lib/python3.8/site-packages/airflow/example_dags/example_task_group.py took 0.070 seconds
[2024-01-09T07:45:20.432+0000] {processor.py:161} INFO - Started process (PID=1132) to work on /home/airflow/.local/lib/python3.8/site-packages/airflow/example_dags/example_task_group.py
[2024-01-09T07:45:20.433+0000] {processor.py:830} INFO - Processing file /home/airflow/.local/lib/python3.8/site-packages/airflow/example_dags/example_task_group.py for tasks to queue
[2024-01-09T07:45:20.435+0000] {logging_mixin.py:188} INFO - [2024-01-09T07:45:20.435+0000] {dagbag.py:538} INFO - Filling up the DagBag from /home/airflow/.local/lib/python3.8/site-packages/airflow/example_dags/example_task_group.py
[2024-01-09T07:45:20.441+0000] {processor.py:840} INFO - DAG(s) 'example_task_group' retrieved from /home/airflow/.local/lib/python3.8/site-packages/airflow/example_dags/example_task_group.py
[2024-01-09T07:45:20.459+0000] {logging_mixin.py:188} INFO - [2024-01-09T07:45:20.459+0000] {dag.py:3033} INFO - Sync 1 DAGs
[2024-01-09T07:45:20.475+0000] {logging_mixin.py:188} INFO - [2024-01-09T07:45:20.475+0000] {dag.py:3820} INFO - Setting next_dagrun for example_task_group to 2024-01-08T00:00:00+00:00, run_after=2024-01-09T00:00:00+00:00
[2024-01-09T07:45:20.489+0000] {processor.py:183} INFO - Processing /home/airflow/.local/lib/python3.8/site-packages/airflow/example_dags/example_task_group.py took 0.062 seconds
[2024-01-09T07:45:50.910+0000] {processor.py:161} INFO - Started process (PID=1187) to work on /home/airflow/.local/lib/python3.8/site-packages/airflow/example_dags/example_task_group.py
[2024-01-09T07:45:50.912+0000] {processor.py:830} INFO - Processing file /home/airflow/.local/lib/python3.8/site-packages/airflow/example_dags/example_task_group.py for tasks to queue
[2024-01-09T07:45:50.917+0000] {logging_mixin.py:188} INFO - [2024-01-09T07:45:50.916+0000] {dagbag.py:538} INFO - Filling up the DagBag from /home/airflow/.local/lib/python3.8/site-packages/airflow/example_dags/example_task_group.py
[2024-01-09T07:45:50.926+0000] {processor.py:840} INFO - DAG(s) 'example_task_group' retrieved from /home/airflow/.local/lib/python3.8/site-packages/airflow/example_dags/example_task_group.py
[2024-01-09T07:45:50.947+0000] {logging_mixin.py:188} INFO - [2024-01-09T07:45:50.947+0000] {dag.py:3033} INFO - Sync 1 DAGs
[2024-01-09T07:45:50.964+0000] {logging_mixin.py:188} INFO - [2024-01-09T07:45:50.963+0000] {dag.py:3820} INFO - Setting next_dagrun for example_task_group to 2024-01-08T00:00:00+00:00, run_after=2024-01-09T00:00:00+00:00
[2024-01-09T07:45:50.977+0000] {processor.py:183} INFO - Processing /home/airflow/.local/lib/python3.8/site-packages/airflow/example_dags/example_task_group.py took 0.075 seconds
[2024-01-09T07:46:21.173+0000] {processor.py:161} INFO - Started process (PID=1242) to work on /home/airflow/.local/lib/python3.8/site-packages/airflow/example_dags/example_task_group.py
[2024-01-09T07:46:21.176+0000] {processor.py:830} INFO - Processing file /home/airflow/.local/lib/python3.8/site-packages/airflow/example_dags/example_task_group.py for tasks to queue
[2024-01-09T07:46:21.180+0000] {logging_mixin.py:188} INFO - [2024-01-09T07:46:21.179+0000] {dagbag.py:538} INFO - Filling up the DagBag from /home/airflow/.local/lib/python3.8/site-packages/airflow/example_dags/example_task_group.py
[2024-01-09T07:46:21.188+0000] {processor.py:840} INFO - DAG(s) 'example_task_group' retrieved from /home/airflow/.local/lib/python3.8/site-packages/airflow/example_dags/example_task_group.py
[2024-01-09T07:46:21.209+0000] {logging_mixin.py:188} INFO - [2024-01-09T07:46:21.209+0000] {dag.py:3033} INFO - Sync 1 DAGs
[2024-01-09T07:46:21.225+0000] {logging_mixin.py:188} INFO - [2024-01-09T07:46:21.225+0000] {dag.py:3820} INFO - Setting next_dagrun for example_task_group to 2024-01-08T00:00:00+00:00, run_after=2024-01-09T00:00:00+00:00
[2024-01-09T07:46:21.238+0000] {processor.py:183} INFO - Processing /home/airflow/.local/lib/python3.8/site-packages/airflow/example_dags/example_task_group.py took 0.070 seconds
[2024-01-09T07:46:51.609+0000] {processor.py:161} INFO - Started process (PID=1297) to work on /home/airflow/.local/lib/python3.8/site-packages/airflow/example_dags/example_task_group.py
[2024-01-09T07:46:51.611+0000] {processor.py:830} INFO - Processing file /home/airflow/.local/lib/python3.8/site-packages/airflow/example_dags/example_task_group.py for tasks to queue
[2024-01-09T07:46:51.614+0000] {logging_mixin.py:188} INFO - [2024-01-09T07:46:51.613+0000] {dagbag.py:538} INFO - Filling up the DagBag from /home/airflow/.local/lib/python3.8/site-packages/airflow/example_dags/example_task_group.py
[2024-01-09T07:46:51.621+0000] {processor.py:840} INFO - DAG(s) 'example_task_group' retrieved from /home/airflow/.local/lib/python3.8/site-packages/airflow/example_dags/example_task_group.py
[2024-01-09T07:46:51.639+0000] {logging_mixin.py:188} INFO - [2024-01-09T07:46:51.638+0000] {dag.py:3033} INFO - Sync 1 DAGs
[2024-01-09T07:46:51.654+0000] {logging_mixin.py:188} INFO - [2024-01-09T07:46:51.654+0000] {dag.py:3820} INFO - Setting next_dagrun for example_task_group to 2024-01-08T00:00:00+00:00, run_after=2024-01-09T00:00:00+00:00
[2024-01-09T07:46:51.667+0000] {processor.py:183} INFO - Processing /home/airflow/.local/lib/python3.8/site-packages/airflow/example_dags/example_task_group.py took 0.062 seconds
[2024-01-09T07:47:21.890+0000] {processor.py:161} INFO - Started process (PID=1352) to work on /home/airflow/.local/lib/python3.8/site-packages/airflow/example_dags/example_task_group.py
[2024-01-09T07:47:21.892+0000] {processor.py:830} INFO - Processing file /home/airflow/.local/lib/python3.8/site-packages/airflow/example_dags/example_task_group.py for tasks to queue
[2024-01-09T07:47:21.896+0000] {logging_mixin.py:188} INFO - [2024-01-09T07:47:21.896+0000] {dagbag.py:538} INFO - Filling up the DagBag from /home/airflow/.local/lib/python3.8/site-packages/airflow/example_dags/example_task_group.py
[2024-01-09T07:47:21.907+0000] {processor.py:840} INFO - DAG(s) 'example_task_group' retrieved from /home/airflow/.local/lib/python3.8/site-packages/airflow/example_dags/example_task_group.py
[2024-01-09T07:47:21.927+0000] {logging_mixin.py:188} INFO - [2024-01-09T07:47:21.927+0000] {dag.py:3033} INFO - Sync 1 DAGs
[2024-01-09T07:47:21.943+0000] {logging_mixin.py:188} INFO - [2024-01-09T07:47:21.942+0000] {dag.py:3820} INFO - Setting next_dagrun for example_task_group to 2024-01-08T00:00:00+00:00, run_after=2024-01-09T00:00:00+00:00
[2024-01-09T07:47:21.956+0000] {processor.py:183} INFO - Processing /home/airflow/.local/lib/python3.8/site-packages/airflow/example_dags/example_task_group.py took 0.074 seconds
[2024-01-09T07:47:52.163+0000] {processor.py:161} INFO - Started process (PID=1407) to work on /home/airflow/.local/lib/python3.8/site-packages/airflow/example_dags/example_task_group.py
[2024-01-09T07:47:52.165+0000] {processor.py:830} INFO - Processing file /home/airflow/.local/lib/python3.8/site-packages/airflow/example_dags/example_task_group.py for tasks to queue
[2024-01-09T07:47:52.168+0000] {logging_mixin.py:188} INFO - [2024-01-09T07:47:52.168+0000] {dagbag.py:538} INFO - Filling up the DagBag from /home/airflow/.local/lib/python3.8/site-packages/airflow/example_dags/example_task_group.py
[2024-01-09T07:47:52.178+0000] {processor.py:840} INFO - DAG(s) 'example_task_group' retrieved from /home/airflow/.local/lib/python3.8/site-packages/airflow/example_dags/example_task_group.py
[2024-01-09T07:47:52.199+0000] {logging_mixin.py:188} INFO - [2024-01-09T07:47:52.198+0000] {dag.py:3033} INFO - Sync 1 DAGs
[2024-01-09T07:47:52.215+0000] {logging_mixin.py:188} INFO - [2024-01-09T07:47:52.215+0000] {dag.py:3820} INFO - Setting next_dagrun for example_task_group to 2024-01-08T00:00:00+00:00, run_after=2024-01-09T00:00:00+00:00
[2024-01-09T07:47:52.228+0000] {processor.py:183} INFO - Processing /home/airflow/.local/lib/python3.8/site-packages/airflow/example_dags/example_task_group.py took 0.073 seconds
[2024-01-09T07:48:22.407+0000] {processor.py:161} INFO - Started process (PID=1462) to work on /home/airflow/.local/lib/python3.8/site-packages/airflow/example_dags/example_task_group.py
[2024-01-09T07:48:22.410+0000] {processor.py:830} INFO - Processing file /home/airflow/.local/lib/python3.8/site-packages/airflow/example_dags/example_task_group.py for tasks to queue
[2024-01-09T07:48:22.415+0000] {logging_mixin.py:188} INFO - [2024-01-09T07:48:22.415+0000] {dagbag.py:538} INFO - Filling up the DagBag from /home/airflow/.local/lib/python3.8/site-packages/airflow/example_dags/example_task_group.py
[2024-01-09T07:48:22.428+0000] {processor.py:840} INFO - DAG(s) 'example_task_group' retrieved from /home/airflow/.local/lib/python3.8/site-packages/airflow/example_dags/example_task_group.py
[2024-01-09T07:48:22.452+0000] {logging_mixin.py:188} INFO - [2024-01-09T07:48:22.452+0000] {dag.py:3033} INFO - Sync 1 DAGs
[2024-01-09T07:48:22.471+0000] {logging_mixin.py:188} INFO - [2024-01-09T07:48:22.471+0000] {dag.py:3820} INFO - Setting next_dagrun for example_task_group to 2024-01-08T00:00:00+00:00, run_after=2024-01-09T00:00:00+00:00
[2024-01-09T07:48:22.488+0000] {processor.py:183} INFO - Processing /home/airflow/.local/lib/python3.8/site-packages/airflow/example_dags/example_task_group.py took 0.088 seconds
[2024-01-09T07:48:53.090+0000] {processor.py:161} INFO - Started process (PID=1517) to work on /home/airflow/.local/lib/python3.8/site-packages/airflow/example_dags/example_task_group.py
[2024-01-09T07:48:53.092+0000] {processor.py:830} INFO - Processing file /home/airflow/.local/lib/python3.8/site-packages/airflow/example_dags/example_task_group.py for tasks to queue
[2024-01-09T07:48:53.096+0000] {logging_mixin.py:188} INFO - [2024-01-09T07:48:53.095+0000] {dagbag.py:538} INFO - Filling up the DagBag from /home/airflow/.local/lib/python3.8/site-packages/airflow/example_dags/example_task_group.py
[2024-01-09T07:48:53.105+0000] {processor.py:840} INFO - DAG(s) 'example_task_group' retrieved from /home/airflow/.local/lib/python3.8/site-packages/airflow/example_dags/example_task_group.py
[2024-01-09T07:48:53.127+0000] {logging_mixin.py:188} INFO - [2024-01-09T07:48:53.127+0000] {dag.py:3033} INFO - Sync 1 DAGs
[2024-01-09T07:48:53.143+0000] {logging_mixin.py:188} INFO - [2024-01-09T07:48:53.143+0000] {dag.py:3820} INFO - Setting next_dagrun for example_task_group to 2024-01-08T00:00:00+00:00, run_after=2024-01-09T00:00:00+00:00
[2024-01-09T07:48:53.156+0000] {processor.py:183} INFO - Processing /home/airflow/.local/lib/python3.8/site-packages/airflow/example_dags/example_task_group.py took 0.073 seconds
[2024-01-09T07:49:23.433+0000] {processor.py:161} INFO - Started process (PID=1572) to work on /home/airflow/.local/lib/python3.8/site-packages/airflow/example_dags/example_task_group.py
[2024-01-09T07:49:23.434+0000] {processor.py:830} INFO - Processing file /home/airflow/.local/lib/python3.8/site-packages/airflow/example_dags/example_task_group.py for tasks to queue
[2024-01-09T07:49:23.438+0000] {logging_mixin.py:188} INFO - [2024-01-09T07:49:23.437+0000] {dagbag.py:538} INFO - Filling up the DagBag from /home/airflow/.local/lib/python3.8/site-packages/airflow/example_dags/example_task_group.py
[2024-01-09T07:49:23.447+0000] {processor.py:840} INFO - DAG(s) 'example_task_group' retrieved from /home/airflow/.local/lib/python3.8/site-packages/airflow/example_dags/example_task_group.py
[2024-01-09T07:49:23.468+0000] {logging_mixin.py:188} INFO - [2024-01-09T07:49:23.468+0000] {dag.py:3033} INFO - Sync 1 DAGs
[2024-01-09T07:49:23.485+0000] {logging_mixin.py:188} INFO - [2024-01-09T07:49:23.485+0000] {dag.py:3820} INFO - Setting next_dagrun for example_task_group to 2024-01-08T00:00:00+00:00, run_after=2024-01-09T00:00:00+00:00
[2024-01-09T07:49:23.616+0000] {processor.py:183} INFO - Processing /home/airflow/.local/lib/python3.8/site-packages/airflow/example_dags/example_task_group.py took 0.191 seconds
[2024-01-09T07:49:54.025+0000] {processor.py:161} INFO - Started process (PID=1627) to work on /home/airflow/.local/lib/python3.8/site-packages/airflow/example_dags/example_task_group.py
[2024-01-09T07:49:54.026+0000] {processor.py:830} INFO - Processing file /home/airflow/.local/lib/python3.8/site-packages/airflow/example_dags/example_task_group.py for tasks to queue
[2024-01-09T07:49:54.030+0000] {logging_mixin.py:188} INFO - [2024-01-09T07:49:54.030+0000] {dagbag.py:538} INFO - Filling up the DagBag from /home/airflow/.local/lib/python3.8/site-packages/airflow/example_dags/example_task_group.py
[2024-01-09T07:49:54.040+0000] {processor.py:840} INFO - DAG(s) 'example_task_group' retrieved from /home/airflow/.local/lib/python3.8/site-packages/airflow/example_dags/example_task_group.py
[2024-01-09T07:49:54.060+0000] {logging_mixin.py:188} INFO - [2024-01-09T07:49:54.060+0000] {dag.py:3033} INFO - Sync 1 DAGs
[2024-01-09T07:49:54.076+0000] {logging_mixin.py:188} INFO - [2024-01-09T07:49:54.075+0000] {dag.py:3820} INFO - Setting next_dagrun for example_task_group to 2024-01-08T00:00:00+00:00, run_after=2024-01-09T00:00:00+00:00
[2024-01-09T07:49:54.089+0000] {processor.py:183} INFO - Processing /home/airflow/.local/lib/python3.8/site-packages/airflow/example_dags/example_task_group.py took 0.071 seconds
