[2024-01-09T07:35:13.010+0000] {processor.py:161} INFO - Started process (PID=53) to work on /home/airflow/.local/lib/python3.8/site-packages/airflow/example_dags/example_latest_only_with_trigger.py
[2024-01-09T07:35:13.013+0000] {processor.py:830} INFO - Processing file /home/airflow/.local/lib/python3.8/site-packages/airflow/example_dags/example_latest_only_with_trigger.py for tasks to queue
[2024-01-09T07:35:13.017+0000] {logging_mixin.py:188} INFO - [2024-01-09T07:35:13.016+0000] {dagbag.py:538} INFO - Filling up the DagBag from /home/airflow/.local/lib/python3.8/site-packages/airflow/example_dags/example_latest_only_with_trigger.py
[2024-01-09T07:35:13.031+0000] {processor.py:840} INFO - DAG(s) 'latest_only_with_trigger' retrieved from /home/airflow/.local/lib/python3.8/site-packages/airflow/example_dags/example_latest_only_with_trigger.py
[2024-01-09T07:35:13.048+0000] {logging_mixin.py:188} INFO - [2024-01-09T07:35:13.048+0000] {dag.py:3033} INFO - Sync 1 DAGs
[2024-01-09T07:35:13.082+0000] {logging_mixin.py:188} INFO - [2024-01-09T07:35:13.081+0000] {dag.py:3820} INFO - Setting next_dagrun for latest_only_with_trigger to 2024-01-09T00:00:00+00:00, run_after=2024-01-09T04:00:00+00:00
[2024-01-09T07:35:13.108+0000] {processor.py:183} INFO - Processing /home/airflow/.local/lib/python3.8/site-packages/airflow/example_dags/example_latest_only_with_trigger.py took 0.105 seconds
[2024-01-09T07:35:43.497+0000] {processor.py:161} INFO - Started process (PID=108) to work on /home/airflow/.local/lib/python3.8/site-packages/airflow/example_dags/example_latest_only_with_trigger.py
[2024-01-09T07:35:43.499+0000] {processor.py:830} INFO - Processing file /home/airflow/.local/lib/python3.8/site-packages/airflow/example_dags/example_latest_only_with_trigger.py for tasks to queue
[2024-01-09T07:35:43.501+0000] {logging_mixin.py:188} INFO - [2024-01-09T07:35:43.501+0000] {dagbag.py:538} INFO - Filling up the DagBag from /home/airflow/.local/lib/python3.8/site-packages/airflow/example_dags/example_latest_only_with_trigger.py
[2024-01-09T07:35:43.506+0000] {processor.py:840} INFO - DAG(s) 'latest_only_with_trigger' retrieved from /home/airflow/.local/lib/python3.8/site-packages/airflow/example_dags/example_latest_only_with_trigger.py
[2024-01-09T07:35:43.584+0000] {logging_mixin.py:188} INFO - [2024-01-09T07:35:43.584+0000] {dag.py:3033} INFO - Sync 1 DAGs
[2024-01-09T07:35:43.599+0000] {logging_mixin.py:188} INFO - [2024-01-09T07:35:43.599+0000] {dag.py:3820} INFO - Setting next_dagrun for latest_only_with_trigger to 2024-01-09T00:00:00+00:00, run_after=2024-01-09T04:00:00+00:00
[2024-01-09T07:35:43.614+0000] {processor.py:183} INFO - Processing /home/airflow/.local/lib/python3.8/site-packages/airflow/example_dags/example_latest_only_with_trigger.py took 0.120 seconds
[2024-01-09T07:36:13.756+0000] {processor.py:161} INFO - Started process (PID=163) to work on /home/airflow/.local/lib/python3.8/site-packages/airflow/example_dags/example_latest_only_with_trigger.py
[2024-01-09T07:36:13.757+0000] {processor.py:830} INFO - Processing file /home/airflow/.local/lib/python3.8/site-packages/airflow/example_dags/example_latest_only_with_trigger.py for tasks to queue
[2024-01-09T07:36:13.759+0000] {logging_mixin.py:188} INFO - [2024-01-09T07:36:13.759+0000] {dagbag.py:538} INFO - Filling up the DagBag from /home/airflow/.local/lib/python3.8/site-packages/airflow/example_dags/example_latest_only_with_trigger.py
[2024-01-09T07:36:13.764+0000] {processor.py:840} INFO - DAG(s) 'latest_only_with_trigger' retrieved from /home/airflow/.local/lib/python3.8/site-packages/airflow/example_dags/example_latest_only_with_trigger.py
[2024-01-09T07:36:13.780+0000] {logging_mixin.py:188} INFO - [2024-01-09T07:36:13.780+0000] {dag.py:3033} INFO - Sync 1 DAGs
[2024-01-09T07:36:13.796+0000] {logging_mixin.py:188} INFO - [2024-01-09T07:36:13.796+0000] {dag.py:3820} INFO - Setting next_dagrun for latest_only_with_trigger to 2024-01-09T00:00:00+00:00, run_after=2024-01-09T04:00:00+00:00
[2024-01-09T07:36:13.808+0000] {processor.py:183} INFO - Processing /home/airflow/.local/lib/python3.8/site-packages/airflow/example_dags/example_latest_only_with_trigger.py took 0.055 seconds
[2024-01-09T07:36:44.035+0000] {processor.py:161} INFO - Started process (PID=218) to work on /home/airflow/.local/lib/python3.8/site-packages/airflow/example_dags/example_latest_only_with_trigger.py
[2024-01-09T07:36:44.036+0000] {processor.py:830} INFO - Processing file /home/airflow/.local/lib/python3.8/site-packages/airflow/example_dags/example_latest_only_with_trigger.py for tasks to queue
[2024-01-09T07:36:44.038+0000] {logging_mixin.py:188} INFO - [2024-01-09T07:36:44.038+0000] {dagbag.py:538} INFO - Filling up the DagBag from /home/airflow/.local/lib/python3.8/site-packages/airflow/example_dags/example_latest_only_with_trigger.py
[2024-01-09T07:36:44.043+0000] {processor.py:840} INFO - DAG(s) 'latest_only_with_trigger' retrieved from /home/airflow/.local/lib/python3.8/site-packages/airflow/example_dags/example_latest_only_with_trigger.py
[2024-01-09T07:36:44.060+0000] {logging_mixin.py:188} INFO - [2024-01-09T07:36:44.060+0000] {dag.py:3033} INFO - Sync 1 DAGs
[2024-01-09T07:36:44.076+0000] {logging_mixin.py:188} INFO - [2024-01-09T07:36:44.076+0000] {dag.py:3820} INFO - Setting next_dagrun for latest_only_with_trigger to 2024-01-09T00:00:00+00:00, run_after=2024-01-09T04:00:00+00:00
[2024-01-09T07:36:44.089+0000] {processor.py:183} INFO - Processing /home/airflow/.local/lib/python3.8/site-packages/airflow/example_dags/example_latest_only_with_trigger.py took 0.057 seconds
[2024-01-09T07:37:14.344+0000] {processor.py:161} INFO - Started process (PID=273) to work on /home/airflow/.local/lib/python3.8/site-packages/airflow/example_dags/example_latest_only_with_trigger.py
[2024-01-09T07:37:14.345+0000] {processor.py:830} INFO - Processing file /home/airflow/.local/lib/python3.8/site-packages/airflow/example_dags/example_latest_only_with_trigger.py for tasks to queue
[2024-01-09T07:37:14.347+0000] {logging_mixin.py:188} INFO - [2024-01-09T07:37:14.347+0000] {dagbag.py:538} INFO - Filling up the DagBag from /home/airflow/.local/lib/python3.8/site-packages/airflow/example_dags/example_latest_only_with_trigger.py
[2024-01-09T07:37:14.353+0000] {processor.py:840} INFO - DAG(s) 'latest_only_with_trigger' retrieved from /home/airflow/.local/lib/python3.8/site-packages/airflow/example_dags/example_latest_only_with_trigger.py
[2024-01-09T07:37:14.371+0000] {logging_mixin.py:188} INFO - [2024-01-09T07:37:14.370+0000] {dag.py:3033} INFO - Sync 1 DAGs
[2024-01-09T07:37:14.388+0000] {logging_mixin.py:188} INFO - [2024-01-09T07:37:14.388+0000] {dag.py:3820} INFO - Setting next_dagrun for latest_only_with_trigger to 2024-01-09T00:00:00+00:00, run_after=2024-01-09T04:00:00+00:00
[2024-01-09T07:37:14.403+0000] {processor.py:183} INFO - Processing /home/airflow/.local/lib/python3.8/site-packages/airflow/example_dags/example_latest_only_with_trigger.py took 0.062 seconds
[2024-01-09T07:37:44.813+0000] {processor.py:161} INFO - Started process (PID=328) to work on /home/airflow/.local/lib/python3.8/site-packages/airflow/example_dags/example_latest_only_with_trigger.py
[2024-01-09T07:37:44.814+0000] {processor.py:830} INFO - Processing file /home/airflow/.local/lib/python3.8/site-packages/airflow/example_dags/example_latest_only_with_trigger.py for tasks to queue
[2024-01-09T07:37:44.816+0000] {logging_mixin.py:188} INFO - [2024-01-09T07:37:44.816+0000] {dagbag.py:538} INFO - Filling up the DagBag from /home/airflow/.local/lib/python3.8/site-packages/airflow/example_dags/example_latest_only_with_trigger.py
[2024-01-09T07:37:44.821+0000] {processor.py:840} INFO - DAG(s) 'latest_only_with_trigger' retrieved from /home/airflow/.local/lib/python3.8/site-packages/airflow/example_dags/example_latest_only_with_trigger.py
[2024-01-09T07:37:44.837+0000] {logging_mixin.py:188} INFO - [2024-01-09T07:37:44.837+0000] {dag.py:3033} INFO - Sync 1 DAGs
[2024-01-09T07:37:44.852+0000] {logging_mixin.py:188} INFO - [2024-01-09T07:37:44.852+0000] {dag.py:3820} INFO - Setting next_dagrun for latest_only_with_trigger to 2024-01-09T00:00:00+00:00, run_after=2024-01-09T04:00:00+00:00
[2024-01-09T07:37:44.864+0000] {processor.py:183} INFO - Processing /home/airflow/.local/lib/python3.8/site-packages/airflow/example_dags/example_latest_only_with_trigger.py took 0.054 seconds
[2024-01-09T07:38:15.421+0000] {processor.py:161} INFO - Started process (PID=383) to work on /home/airflow/.local/lib/python3.8/site-packages/airflow/example_dags/example_latest_only_with_trigger.py
[2024-01-09T07:38:15.422+0000] {processor.py:830} INFO - Processing file /home/airflow/.local/lib/python3.8/site-packages/airflow/example_dags/example_latest_only_with_trigger.py for tasks to queue
[2024-01-09T07:38:15.424+0000] {logging_mixin.py:188} INFO - [2024-01-09T07:38:15.424+0000] {dagbag.py:538} INFO - Filling up the DagBag from /home/airflow/.local/lib/python3.8/site-packages/airflow/example_dags/example_latest_only_with_trigger.py
[2024-01-09T07:38:15.429+0000] {processor.py:840} INFO - DAG(s) 'latest_only_with_trigger' retrieved from /home/airflow/.local/lib/python3.8/site-packages/airflow/example_dags/example_latest_only_with_trigger.py
[2024-01-09T07:38:15.448+0000] {logging_mixin.py:188} INFO - [2024-01-09T07:38:15.448+0000] {dag.py:3033} INFO - Sync 1 DAGs
[2024-01-09T07:38:15.468+0000] {logging_mixin.py:188} INFO - [2024-01-09T07:38:15.467+0000] {dag.py:3820} INFO - Setting next_dagrun for latest_only_with_trigger to 2024-01-09T00:00:00+00:00, run_after=2024-01-09T04:00:00+00:00
[2024-01-09T07:38:15.487+0000] {processor.py:183} INFO - Processing /home/airflow/.local/lib/python3.8/site-packages/airflow/example_dags/example_latest_only_with_trigger.py took 0.070 seconds
[2024-01-09T07:38:45.764+0000] {processor.py:161} INFO - Started process (PID=438) to work on /home/airflow/.local/lib/python3.8/site-packages/airflow/example_dags/example_latest_only_with_trigger.py
[2024-01-09T07:38:45.765+0000] {processor.py:830} INFO - Processing file /home/airflow/.local/lib/python3.8/site-packages/airflow/example_dags/example_latest_only_with_trigger.py for tasks to queue
[2024-01-09T07:38:45.766+0000] {logging_mixin.py:188} INFO - [2024-01-09T07:38:45.766+0000] {dagbag.py:538} INFO - Filling up the DagBag from /home/airflow/.local/lib/python3.8/site-packages/airflow/example_dags/example_latest_only_with_trigger.py
[2024-01-09T07:38:45.771+0000] {processor.py:840} INFO - DAG(s) 'latest_only_with_trigger' retrieved from /home/airflow/.local/lib/python3.8/site-packages/airflow/example_dags/example_latest_only_with_trigger.py
[2024-01-09T07:38:45.787+0000] {logging_mixin.py:188} INFO - [2024-01-09T07:38:45.787+0000] {dag.py:3033} INFO - Sync 1 DAGs
[2024-01-09T07:38:45.803+0000] {logging_mixin.py:188} INFO - [2024-01-09T07:38:45.803+0000] {dag.py:3820} INFO - Setting next_dagrun for latest_only_with_trigger to 2024-01-09T00:00:00+00:00, run_after=2024-01-09T04:00:00+00:00
[2024-01-09T07:38:45.816+0000] {processor.py:183} INFO - Processing /home/airflow/.local/lib/python3.8/site-packages/airflow/example_dags/example_latest_only_with_trigger.py took 0.055 seconds
[2024-01-09T07:39:16.174+0000] {processor.py:161} INFO - Started process (PID=493) to work on /home/airflow/.local/lib/python3.8/site-packages/airflow/example_dags/example_latest_only_with_trigger.py
[2024-01-09T07:39:16.176+0000] {processor.py:830} INFO - Processing file /home/airflow/.local/lib/python3.8/site-packages/airflow/example_dags/example_latest_only_with_trigger.py for tasks to queue
[2024-01-09T07:39:16.178+0000] {logging_mixin.py:188} INFO - [2024-01-09T07:39:16.178+0000] {dagbag.py:538} INFO - Filling up the DagBag from /home/airflow/.local/lib/python3.8/site-packages/airflow/example_dags/example_latest_only_with_trigger.py
[2024-01-09T07:39:16.185+0000] {processor.py:840} INFO - DAG(s) 'latest_only_with_trigger' retrieved from /home/airflow/.local/lib/python3.8/site-packages/airflow/example_dags/example_latest_only_with_trigger.py
[2024-01-09T07:39:16.210+0000] {logging_mixin.py:188} INFO - [2024-01-09T07:39:16.209+0000] {dag.py:3033} INFO - Sync 1 DAGs
[2024-01-09T07:39:16.234+0000] {logging_mixin.py:188} INFO - [2024-01-09T07:39:16.233+0000] {dag.py:3820} INFO - Setting next_dagrun for latest_only_with_trigger to 2024-01-09T00:00:00+00:00, run_after=2024-01-09T04:00:00+00:00
[2024-01-09T07:39:16.253+0000] {processor.py:183} INFO - Processing /home/airflow/.local/lib/python3.8/site-packages/airflow/example_dags/example_latest_only_with_trigger.py took 0.083 seconds
[2024-01-09T07:39:46.541+0000] {processor.py:161} INFO - Started process (PID=548) to work on /home/airflow/.local/lib/python3.8/site-packages/airflow/example_dags/example_latest_only_with_trigger.py
[2024-01-09T07:39:46.543+0000] {processor.py:830} INFO - Processing file /home/airflow/.local/lib/python3.8/site-packages/airflow/example_dags/example_latest_only_with_trigger.py for tasks to queue
[2024-01-09T07:39:46.546+0000] {logging_mixin.py:188} INFO - [2024-01-09T07:39:46.546+0000] {dagbag.py:538} INFO - Filling up the DagBag from /home/airflow/.local/lib/python3.8/site-packages/airflow/example_dags/example_latest_only_with_trigger.py
[2024-01-09T07:39:46.555+0000] {processor.py:840} INFO - DAG(s) 'latest_only_with_trigger' retrieved from /home/airflow/.local/lib/python3.8/site-packages/airflow/example_dags/example_latest_only_with_trigger.py
[2024-01-09T07:39:46.573+0000] {logging_mixin.py:188} INFO - [2024-01-09T07:39:46.573+0000] {dag.py:3033} INFO - Sync 1 DAGs
[2024-01-09T07:39:46.592+0000] {logging_mixin.py:188} INFO - [2024-01-09T07:39:46.592+0000] {dag.py:3820} INFO - Setting next_dagrun for latest_only_with_trigger to 2024-01-09T00:00:00+00:00, run_after=2024-01-09T04:00:00+00:00
[2024-01-09T07:39:46.606+0000] {processor.py:183} INFO - Processing /home/airflow/.local/lib/python3.8/site-packages/airflow/example_dags/example_latest_only_with_trigger.py took 0.068 seconds
[2024-01-09T07:40:17.216+0000] {processor.py:161} INFO - Started process (PID=603) to work on /home/airflow/.local/lib/python3.8/site-packages/airflow/example_dags/example_latest_only_with_trigger.py
[2024-01-09T07:40:17.217+0000] {processor.py:830} INFO - Processing file /home/airflow/.local/lib/python3.8/site-packages/airflow/example_dags/example_latest_only_with_trigger.py for tasks to queue
[2024-01-09T07:40:17.219+0000] {logging_mixin.py:188} INFO - [2024-01-09T07:40:17.219+0000] {dagbag.py:538} INFO - Filling up the DagBag from /home/airflow/.local/lib/python3.8/site-packages/airflow/example_dags/example_latest_only_with_trigger.py
[2024-01-09T07:40:17.224+0000] {processor.py:840} INFO - DAG(s) 'latest_only_with_trigger' retrieved from /home/airflow/.local/lib/python3.8/site-packages/airflow/example_dags/example_latest_only_with_trigger.py
[2024-01-09T07:40:17.244+0000] {logging_mixin.py:188} INFO - [2024-01-09T07:40:17.244+0000] {dag.py:3033} INFO - Sync 1 DAGs
[2024-01-09T07:40:17.261+0000] {logging_mixin.py:188} INFO - [2024-01-09T07:40:17.261+0000] {dag.py:3820} INFO - Setting next_dagrun for latest_only_with_trigger to 2024-01-09T00:00:00+00:00, run_after=2024-01-09T04:00:00+00:00
[2024-01-09T07:40:17.277+0000] {processor.py:183} INFO - Processing /home/airflow/.local/lib/python3.8/site-packages/airflow/example_dags/example_latest_only_with_trigger.py took 0.065 seconds
[2024-01-09T07:40:47.568+0000] {processor.py:161} INFO - Started process (PID=657) to work on /home/airflow/.local/lib/python3.8/site-packages/airflow/example_dags/example_latest_only_with_trigger.py
[2024-01-09T07:40:47.569+0000] {processor.py:830} INFO - Processing file /home/airflow/.local/lib/python3.8/site-packages/airflow/example_dags/example_latest_only_with_trigger.py for tasks to queue
[2024-01-09T07:40:47.571+0000] {logging_mixin.py:188} INFO - [2024-01-09T07:40:47.571+0000] {dagbag.py:538} INFO - Filling up the DagBag from /home/airflow/.local/lib/python3.8/site-packages/airflow/example_dags/example_latest_only_with_trigger.py
[2024-01-09T07:40:47.576+0000] {processor.py:840} INFO - DAG(s) 'latest_only_with_trigger' retrieved from /home/airflow/.local/lib/python3.8/site-packages/airflow/example_dags/example_latest_only_with_trigger.py
[2024-01-09T07:40:47.594+0000] {logging_mixin.py:188} INFO - [2024-01-09T07:40:47.594+0000] {dag.py:3033} INFO - Sync 1 DAGs
[2024-01-09T07:40:47.611+0000] {logging_mixin.py:188} INFO - [2024-01-09T07:40:47.611+0000] {dag.py:3820} INFO - Setting next_dagrun for latest_only_with_trigger to 2024-01-09T00:00:00+00:00, run_after=2024-01-09T04:00:00+00:00
[2024-01-09T07:40:47.626+0000] {processor.py:183} INFO - Processing /home/airflow/.local/lib/python3.8/site-packages/airflow/example_dags/example_latest_only_with_trigger.py took 0.061 seconds
[2024-01-09T07:41:18.212+0000] {processor.py:161} INFO - Started process (PID=713) to work on /home/airflow/.local/lib/python3.8/site-packages/airflow/example_dags/example_latest_only_with_trigger.py
[2024-01-09T07:41:18.214+0000] {processor.py:830} INFO - Processing file /home/airflow/.local/lib/python3.8/site-packages/airflow/example_dags/example_latest_only_with_trigger.py for tasks to queue
[2024-01-09T07:41:18.216+0000] {logging_mixin.py:188} INFO - [2024-01-09T07:41:18.216+0000] {dagbag.py:538} INFO - Filling up the DagBag from /home/airflow/.local/lib/python3.8/site-packages/airflow/example_dags/example_latest_only_with_trigger.py
[2024-01-09T07:41:18.223+0000] {processor.py:840} INFO - DAG(s) 'latest_only_with_trigger' retrieved from /home/airflow/.local/lib/python3.8/site-packages/airflow/example_dags/example_latest_only_with_trigger.py
[2024-01-09T07:41:18.246+0000] {logging_mixin.py:188} INFO - [2024-01-09T07:41:18.246+0000] {dag.py:3033} INFO - Sync 1 DAGs
[2024-01-09T07:41:18.270+0000] {logging_mixin.py:188} INFO - [2024-01-09T07:41:18.270+0000] {dag.py:3820} INFO - Setting next_dagrun for latest_only_with_trigger to 2024-01-09T00:00:00+00:00, run_after=2024-01-09T04:00:00+00:00
[2024-01-09T07:41:18.291+0000] {processor.py:183} INFO - Processing /home/airflow/.local/lib/python3.8/site-packages/airflow/example_dags/example_latest_only_with_trigger.py took 0.083 seconds
[2024-01-09T07:41:48.328+0000] {processor.py:161} INFO - Started process (PID=768) to work on /home/airflow/.local/lib/python3.8/site-packages/airflow/example_dags/example_latest_only_with_trigger.py
[2024-01-09T07:41:48.330+0000] {processor.py:830} INFO - Processing file /home/airflow/.local/lib/python3.8/site-packages/airflow/example_dags/example_latest_only_with_trigger.py for tasks to queue
[2024-01-09T07:41:48.332+0000] {logging_mixin.py:188} INFO - [2024-01-09T07:41:48.331+0000] {dagbag.py:538} INFO - Filling up the DagBag from /home/airflow/.local/lib/python3.8/site-packages/airflow/example_dags/example_latest_only_with_trigger.py
[2024-01-09T07:41:48.337+0000] {processor.py:840} INFO - DAG(s) 'latest_only_with_trigger' retrieved from /home/airflow/.local/lib/python3.8/site-packages/airflow/example_dags/example_latest_only_with_trigger.py
[2024-01-09T07:41:48.353+0000] {logging_mixin.py:188} INFO - [2024-01-09T07:41:48.353+0000] {dag.py:3033} INFO - Sync 1 DAGs
[2024-01-09T07:41:48.369+0000] {logging_mixin.py:188} INFO - [2024-01-09T07:41:48.369+0000] {dag.py:3820} INFO - Setting next_dagrun for latest_only_with_trigger to 2024-01-09T00:00:00+00:00, run_after=2024-01-09T04:00:00+00:00
[2024-01-09T07:41:48.382+0000] {processor.py:183} INFO - Processing /home/airflow/.local/lib/python3.8/site-packages/airflow/example_dags/example_latest_only_with_trigger.py took 0.057 seconds
[2024-01-09T07:42:18.807+0000] {processor.py:161} INFO - Started process (PID=823) to work on /home/airflow/.local/lib/python3.8/site-packages/airflow/example_dags/example_latest_only_with_trigger.py
[2024-01-09T07:42:18.809+0000] {processor.py:830} INFO - Processing file /home/airflow/.local/lib/python3.8/site-packages/airflow/example_dags/example_latest_only_with_trigger.py for tasks to queue
[2024-01-09T07:42:18.811+0000] {logging_mixin.py:188} INFO - [2024-01-09T07:42:18.811+0000] {dagbag.py:538} INFO - Filling up the DagBag from /home/airflow/.local/lib/python3.8/site-packages/airflow/example_dags/example_latest_only_with_trigger.py
[2024-01-09T07:42:18.818+0000] {processor.py:840} INFO - DAG(s) 'latest_only_with_trigger' retrieved from /home/airflow/.local/lib/python3.8/site-packages/airflow/example_dags/example_latest_only_with_trigger.py
[2024-01-09T07:42:18.840+0000] {logging_mixin.py:188} INFO - [2024-01-09T07:42:18.840+0000] {dag.py:3033} INFO - Sync 1 DAGs
[2024-01-09T07:42:18.863+0000] {logging_mixin.py:188} INFO - [2024-01-09T07:42:18.862+0000] {dag.py:3820} INFO - Setting next_dagrun for latest_only_with_trigger to 2024-01-09T00:00:00+00:00, run_after=2024-01-09T04:00:00+00:00
[2024-01-09T07:42:18.883+0000] {processor.py:183} INFO - Processing /home/airflow/.local/lib/python3.8/site-packages/airflow/example_dags/example_latest_only_with_trigger.py took 0.079 seconds
[2024-01-09T07:42:49.878+0000] {processor.py:161} INFO - Started process (PID=878) to work on /home/airflow/.local/lib/python3.8/site-packages/airflow/example_dags/example_latest_only_with_trigger.py
[2024-01-09T07:42:49.880+0000] {processor.py:830} INFO - Processing file /home/airflow/.local/lib/python3.8/site-packages/airflow/example_dags/example_latest_only_with_trigger.py for tasks to queue
[2024-01-09T07:42:49.883+0000] {logging_mixin.py:188} INFO - [2024-01-09T07:42:49.883+0000] {dagbag.py:538} INFO - Filling up the DagBag from /home/airflow/.local/lib/python3.8/site-packages/airflow/example_dags/example_latest_only_with_trigger.py
[2024-01-09T07:42:49.890+0000] {processor.py:840} INFO - DAG(s) 'latest_only_with_trigger' retrieved from /home/airflow/.local/lib/python3.8/site-packages/airflow/example_dags/example_latest_only_with_trigger.py
[2024-01-09T07:42:49.921+0000] {logging_mixin.py:188} INFO - [2024-01-09T07:42:49.920+0000] {dag.py:3033} INFO - Sync 1 DAGs
[2024-01-09T07:42:49.948+0000] {logging_mixin.py:188} INFO - [2024-01-09T07:42:49.947+0000] {dag.py:3820} INFO - Setting next_dagrun for latest_only_with_trigger to 2024-01-09T00:00:00+00:00, run_after=2024-01-09T04:00:00+00:00
[2024-01-09T07:42:49.973+0000] {processor.py:183} INFO - Processing /home/airflow/.local/lib/python3.8/site-packages/airflow/example_dags/example_latest_only_with_trigger.py took 0.100 seconds
[2024-01-09T07:43:20.801+0000] {processor.py:161} INFO - Started process (PID=933) to work on /home/airflow/.local/lib/python3.8/site-packages/airflow/example_dags/example_latest_only_with_trigger.py
[2024-01-09T07:43:20.802+0000] {processor.py:830} INFO - Processing file /home/airflow/.local/lib/python3.8/site-packages/airflow/example_dags/example_latest_only_with_trigger.py for tasks to queue
[2024-01-09T07:43:20.804+0000] {logging_mixin.py:188} INFO - [2024-01-09T07:43:20.804+0000] {dagbag.py:538} INFO - Filling up the DagBag from /home/airflow/.local/lib/python3.8/site-packages/airflow/example_dags/example_latest_only_with_trigger.py
[2024-01-09T07:43:20.809+0000] {processor.py:840} INFO - DAG(s) 'latest_only_with_trigger' retrieved from /home/airflow/.local/lib/python3.8/site-packages/airflow/example_dags/example_latest_only_with_trigger.py
[2024-01-09T07:43:20.828+0000] {logging_mixin.py:188} INFO - [2024-01-09T07:43:20.828+0000] {dag.py:3033} INFO - Sync 1 DAGs
[2024-01-09T07:43:20.847+0000] {logging_mixin.py:188} INFO - [2024-01-09T07:43:20.847+0000] {dag.py:3820} INFO - Setting next_dagrun for latest_only_with_trigger to 2024-01-09T00:00:00+00:00, run_after=2024-01-09T04:00:00+00:00
[2024-01-09T07:43:20.864+0000] {processor.py:183} INFO - Processing /home/airflow/.local/lib/python3.8/site-packages/airflow/example_dags/example_latest_only_with_trigger.py took 0.067 seconds
[2024-01-09T07:43:51.860+0000] {processor.py:161} INFO - Started process (PID=988) to work on /home/airflow/.local/lib/python3.8/site-packages/airflow/example_dags/example_latest_only_with_trigger.py
[2024-01-09T07:43:51.862+0000] {processor.py:830} INFO - Processing file /home/airflow/.local/lib/python3.8/site-packages/airflow/example_dags/example_latest_only_with_trigger.py for tasks to queue
[2024-01-09T07:43:51.866+0000] {logging_mixin.py:188} INFO - [2024-01-09T07:43:51.865+0000] {dagbag.py:538} INFO - Filling up the DagBag from /home/airflow/.local/lib/python3.8/site-packages/airflow/example_dags/example_latest_only_with_trigger.py
[2024-01-09T07:43:51.874+0000] {processor.py:840} INFO - DAG(s) 'latest_only_with_trigger' retrieved from /home/airflow/.local/lib/python3.8/site-packages/airflow/example_dags/example_latest_only_with_trigger.py
[2024-01-09T07:43:51.906+0000] {logging_mixin.py:188} INFO - [2024-01-09T07:43:51.906+0000] {dag.py:3033} INFO - Sync 1 DAGs
[2024-01-09T07:43:51.936+0000] {logging_mixin.py:188} INFO - [2024-01-09T07:43:51.936+0000] {dag.py:3820} INFO - Setting next_dagrun for latest_only_with_trigger to 2024-01-09T00:00:00+00:00, run_after=2024-01-09T04:00:00+00:00
[2024-01-09T07:43:51.953+0000] {processor.py:183} INFO - Processing /home/airflow/.local/lib/python3.8/site-packages/airflow/example_dags/example_latest_only_with_trigger.py took 0.098 seconds
[2024-01-09T07:44:22.758+0000] {processor.py:161} INFO - Started process (PID=1042) to work on /home/airflow/.local/lib/python3.8/site-packages/airflow/example_dags/example_latest_only_with_trigger.py
[2024-01-09T07:44:22.759+0000] {processor.py:830} INFO - Processing file /home/airflow/.local/lib/python3.8/site-packages/airflow/example_dags/example_latest_only_with_trigger.py for tasks to queue
[2024-01-09T07:44:22.761+0000] {logging_mixin.py:188} INFO - [2024-01-09T07:44:22.761+0000] {dagbag.py:538} INFO - Filling up the DagBag from /home/airflow/.local/lib/python3.8/site-packages/airflow/example_dags/example_latest_only_with_trigger.py
[2024-01-09T07:44:22.768+0000] {processor.py:840} INFO - DAG(s) 'latest_only_with_trigger' retrieved from /home/airflow/.local/lib/python3.8/site-packages/airflow/example_dags/example_latest_only_with_trigger.py
[2024-01-09T07:44:22.790+0000] {logging_mixin.py:188} INFO - [2024-01-09T07:44:22.790+0000] {dag.py:3033} INFO - Sync 1 DAGs
[2024-01-09T07:44:22.807+0000] {logging_mixin.py:188} INFO - [2024-01-09T07:44:22.806+0000] {dag.py:3820} INFO - Setting next_dagrun for latest_only_with_trigger to 2024-01-09T00:00:00+00:00, run_after=2024-01-09T04:00:00+00:00
[2024-01-09T07:44:22.822+0000] {processor.py:183} INFO - Processing /home/airflow/.local/lib/python3.8/site-packages/airflow/example_dags/example_latest_only_with_trigger.py took 0.068 seconds
[2024-01-09T07:44:52.934+0000] {processor.py:161} INFO - Started process (PID=1097) to work on /home/airflow/.local/lib/python3.8/site-packages/airflow/example_dags/example_latest_only_with_trigger.py
[2024-01-09T07:44:52.935+0000] {processor.py:830} INFO - Processing file /home/airflow/.local/lib/python3.8/site-packages/airflow/example_dags/example_latest_only_with_trigger.py for tasks to queue
[2024-01-09T07:44:52.937+0000] {logging_mixin.py:188} INFO - [2024-01-09T07:44:52.937+0000] {dagbag.py:538} INFO - Filling up the DagBag from /home/airflow/.local/lib/python3.8/site-packages/airflow/example_dags/example_latest_only_with_trigger.py
[2024-01-09T07:44:52.941+0000] {processor.py:840} INFO - DAG(s) 'latest_only_with_trigger' retrieved from /home/airflow/.local/lib/python3.8/site-packages/airflow/example_dags/example_latest_only_with_trigger.py
[2024-01-09T07:44:52.958+0000] {logging_mixin.py:188} INFO - [2024-01-09T07:44:52.957+0000] {dag.py:3033} INFO - Sync 1 DAGs
[2024-01-09T07:44:52.973+0000] {logging_mixin.py:188} INFO - [2024-01-09T07:44:52.973+0000] {dag.py:3820} INFO - Setting next_dagrun for latest_only_with_trigger to 2024-01-09T00:00:00+00:00, run_after=2024-01-09T04:00:00+00:00
[2024-01-09T07:44:52.987+0000] {processor.py:183} INFO - Processing /home/airflow/.local/lib/python3.8/site-packages/airflow/example_dags/example_latest_only_with_trigger.py took 0.056 seconds
[2024-01-09T07:45:23.191+0000] {processor.py:161} INFO - Started process (PID=1150) to work on /home/airflow/.local/lib/python3.8/site-packages/airflow/example_dags/example_latest_only_with_trigger.py
[2024-01-09T07:45:23.192+0000] {processor.py:830} INFO - Processing file /home/airflow/.local/lib/python3.8/site-packages/airflow/example_dags/example_latest_only_with_trigger.py for tasks to queue
[2024-01-09T07:45:23.195+0000] {logging_mixin.py:188} INFO - [2024-01-09T07:45:23.195+0000] {dagbag.py:538} INFO - Filling up the DagBag from /home/airflow/.local/lib/python3.8/site-packages/airflow/example_dags/example_latest_only_with_trigger.py
[2024-01-09T07:45:23.202+0000] {processor.py:840} INFO - DAG(s) 'latest_only_with_trigger' retrieved from /home/airflow/.local/lib/python3.8/site-packages/airflow/example_dags/example_latest_only_with_trigger.py
[2024-01-09T07:45:23.228+0000] {logging_mixin.py:188} INFO - [2024-01-09T07:45:23.227+0000] {dag.py:3033} INFO - Sync 1 DAGs
[2024-01-09T07:45:23.251+0000] {logging_mixin.py:188} INFO - [2024-01-09T07:45:23.251+0000] {dag.py:3820} INFO - Setting next_dagrun for latest_only_with_trigger to 2024-01-09T00:00:00+00:00, run_after=2024-01-09T04:00:00+00:00
[2024-01-09T07:45:23.277+0000] {processor.py:183} INFO - Processing /home/airflow/.local/lib/python3.8/site-packages/airflow/example_dags/example_latest_only_with_trigger.py took 0.090 seconds
[2024-01-09T07:45:53.640+0000] {processor.py:161} INFO - Started process (PID=1205) to work on /home/airflow/.local/lib/python3.8/site-packages/airflow/example_dags/example_latest_only_with_trigger.py
[2024-01-09T07:45:53.641+0000] {processor.py:830} INFO - Processing file /home/airflow/.local/lib/python3.8/site-packages/airflow/example_dags/example_latest_only_with_trigger.py for tasks to queue
[2024-01-09T07:45:53.643+0000] {logging_mixin.py:188} INFO - [2024-01-09T07:45:53.643+0000] {dagbag.py:538} INFO - Filling up the DagBag from /home/airflow/.local/lib/python3.8/site-packages/airflow/example_dags/example_latest_only_with_trigger.py
[2024-01-09T07:45:53.648+0000] {processor.py:840} INFO - DAG(s) 'latest_only_with_trigger' retrieved from /home/airflow/.local/lib/python3.8/site-packages/airflow/example_dags/example_latest_only_with_trigger.py
[2024-01-09T07:45:53.664+0000] {logging_mixin.py:188} INFO - [2024-01-09T07:45:53.664+0000] {dag.py:3033} INFO - Sync 1 DAGs
[2024-01-09T07:45:53.681+0000] {logging_mixin.py:188} INFO - [2024-01-09T07:45:53.681+0000] {dag.py:3820} INFO - Setting next_dagrun for latest_only_with_trigger to 2024-01-09T00:00:00+00:00, run_after=2024-01-09T04:00:00+00:00
[2024-01-09T07:45:53.695+0000] {processor.py:183} INFO - Processing /home/airflow/.local/lib/python3.8/site-packages/airflow/example_dags/example_latest_only_with_trigger.py took 0.058 seconds
[2024-01-09T07:46:23.951+0000] {processor.py:161} INFO - Started process (PID=1260) to work on /home/airflow/.local/lib/python3.8/site-packages/airflow/example_dags/example_latest_only_with_trigger.py
[2024-01-09T07:46:23.952+0000] {processor.py:830} INFO - Processing file /home/airflow/.local/lib/python3.8/site-packages/airflow/example_dags/example_latest_only_with_trigger.py for tasks to queue
[2024-01-09T07:46:23.954+0000] {logging_mixin.py:188} INFO - [2024-01-09T07:46:23.954+0000] {dagbag.py:538} INFO - Filling up the DagBag from /home/airflow/.local/lib/python3.8/site-packages/airflow/example_dags/example_latest_only_with_trigger.py
[2024-01-09T07:46:23.960+0000] {processor.py:840} INFO - DAG(s) 'latest_only_with_trigger' retrieved from /home/airflow/.local/lib/python3.8/site-packages/airflow/example_dags/example_latest_only_with_trigger.py
[2024-01-09T07:46:23.980+0000] {logging_mixin.py:188} INFO - [2024-01-09T07:46:23.980+0000] {dag.py:3033} INFO - Sync 1 DAGs
[2024-01-09T07:46:24.000+0000] {logging_mixin.py:188} INFO - [2024-01-09T07:46:24.000+0000] {dag.py:3820} INFO - Setting next_dagrun for latest_only_with_trigger to 2024-01-09T00:00:00+00:00, run_after=2024-01-09T04:00:00+00:00
[2024-01-09T07:46:24.019+0000] {processor.py:183} INFO - Processing /home/airflow/.local/lib/python3.8/site-packages/airflow/example_dags/example_latest_only_with_trigger.py took 0.071 seconds
[2024-01-09T07:46:54.353+0000] {processor.py:161} INFO - Started process (PID=1315) to work on /home/airflow/.local/lib/python3.8/site-packages/airflow/example_dags/example_latest_only_with_trigger.py
[2024-01-09T07:46:54.354+0000] {processor.py:830} INFO - Processing file /home/airflow/.local/lib/python3.8/site-packages/airflow/example_dags/example_latest_only_with_trigger.py for tasks to queue
[2024-01-09T07:46:54.356+0000] {logging_mixin.py:188} INFO - [2024-01-09T07:46:54.356+0000] {dagbag.py:538} INFO - Filling up the DagBag from /home/airflow/.local/lib/python3.8/site-packages/airflow/example_dags/example_latest_only_with_trigger.py
[2024-01-09T07:46:54.361+0000] {processor.py:840} INFO - DAG(s) 'latest_only_with_trigger' retrieved from /home/airflow/.local/lib/python3.8/site-packages/airflow/example_dags/example_latest_only_with_trigger.py
[2024-01-09T07:46:54.378+0000] {logging_mixin.py:188} INFO - [2024-01-09T07:46:54.378+0000] {dag.py:3033} INFO - Sync 1 DAGs
[2024-01-09T07:46:54.397+0000] {logging_mixin.py:188} INFO - [2024-01-09T07:46:54.397+0000] {dag.py:3820} INFO - Setting next_dagrun for latest_only_with_trigger to 2024-01-09T00:00:00+00:00, run_after=2024-01-09T04:00:00+00:00
[2024-01-09T07:46:54.414+0000] {processor.py:183} INFO - Processing /home/airflow/.local/lib/python3.8/site-packages/airflow/example_dags/example_latest_only_with_trigger.py took 0.064 seconds
[2024-01-09T07:47:24.664+0000] {processor.py:161} INFO - Started process (PID=1370) to work on /home/airflow/.local/lib/python3.8/site-packages/airflow/example_dags/example_latest_only_with_trigger.py
[2024-01-09T07:47:24.665+0000] {processor.py:830} INFO - Processing file /home/airflow/.local/lib/python3.8/site-packages/airflow/example_dags/example_latest_only_with_trigger.py for tasks to queue
[2024-01-09T07:47:24.667+0000] {logging_mixin.py:188} INFO - [2024-01-09T07:47:24.667+0000] {dagbag.py:538} INFO - Filling up the DagBag from /home/airflow/.local/lib/python3.8/site-packages/airflow/example_dags/example_latest_only_with_trigger.py
[2024-01-09T07:47:24.672+0000] {processor.py:840} INFO - DAG(s) 'latest_only_with_trigger' retrieved from /home/airflow/.local/lib/python3.8/site-packages/airflow/example_dags/example_latest_only_with_trigger.py
[2024-01-09T07:47:24.690+0000] {logging_mixin.py:188} INFO - [2024-01-09T07:47:24.689+0000] {dag.py:3033} INFO - Sync 1 DAGs
[2024-01-09T07:47:24.707+0000] {logging_mixin.py:188} INFO - [2024-01-09T07:47:24.707+0000] {dag.py:3820} INFO - Setting next_dagrun for latest_only_with_trigger to 2024-01-09T00:00:00+00:00, run_after=2024-01-09T04:00:00+00:00
[2024-01-09T07:47:24.721+0000] {processor.py:183} INFO - Processing /home/airflow/.local/lib/python3.8/site-packages/airflow/example_dags/example_latest_only_with_trigger.py took 0.059 seconds
[2024-01-09T07:47:54.937+0000] {processor.py:161} INFO - Started process (PID=1425) to work on /home/airflow/.local/lib/python3.8/site-packages/airflow/example_dags/example_latest_only_with_trigger.py
[2024-01-09T07:47:54.938+0000] {processor.py:830} INFO - Processing file /home/airflow/.local/lib/python3.8/site-packages/airflow/example_dags/example_latest_only_with_trigger.py for tasks to queue
[2024-01-09T07:47:54.940+0000] {logging_mixin.py:188} INFO - [2024-01-09T07:47:54.940+0000] {dagbag.py:538} INFO - Filling up the DagBag from /home/airflow/.local/lib/python3.8/site-packages/airflow/example_dags/example_latest_only_with_trigger.py
[2024-01-09T07:47:54.945+0000] {processor.py:840} INFO - DAG(s) 'latest_only_with_trigger' retrieved from /home/airflow/.local/lib/python3.8/site-packages/airflow/example_dags/example_latest_only_with_trigger.py
[2024-01-09T07:47:54.961+0000] {logging_mixin.py:188} INFO - [2024-01-09T07:47:54.961+0000] {dag.py:3033} INFO - Sync 1 DAGs
[2024-01-09T07:47:54.977+0000] {logging_mixin.py:188} INFO - [2024-01-09T07:47:54.977+0000] {dag.py:3820} INFO - Setting next_dagrun for latest_only_with_trigger to 2024-01-09T00:00:00+00:00, run_after=2024-01-09T04:00:00+00:00
[2024-01-09T07:47:54.990+0000] {processor.py:183} INFO - Processing /home/airflow/.local/lib/python3.8/site-packages/airflow/example_dags/example_latest_only_with_trigger.py took 0.056 seconds
[2024-01-09T07:48:25.211+0000] {processor.py:161} INFO - Started process (PID=1480) to work on /home/airflow/.local/lib/python3.8/site-packages/airflow/example_dags/example_latest_only_with_trigger.py
[2024-01-09T07:48:25.212+0000] {processor.py:830} INFO - Processing file /home/airflow/.local/lib/python3.8/site-packages/airflow/example_dags/example_latest_only_with_trigger.py for tasks to queue
[2024-01-09T07:48:25.214+0000] {logging_mixin.py:188} INFO - [2024-01-09T07:48:25.214+0000] {dagbag.py:538} INFO - Filling up the DagBag from /home/airflow/.local/lib/python3.8/site-packages/airflow/example_dags/example_latest_only_with_trigger.py
[2024-01-09T07:48:25.219+0000] {processor.py:840} INFO - DAG(s) 'latest_only_with_trigger' retrieved from /home/airflow/.local/lib/python3.8/site-packages/airflow/example_dags/example_latest_only_with_trigger.py
[2024-01-09T07:48:25.236+0000] {logging_mixin.py:188} INFO - [2024-01-09T07:48:25.236+0000] {dag.py:3033} INFO - Sync 1 DAGs
[2024-01-09T07:48:25.253+0000] {logging_mixin.py:188} INFO - [2024-01-09T07:48:25.253+0000] {dag.py:3820} INFO - Setting next_dagrun for latest_only_with_trigger to 2024-01-09T00:00:00+00:00, run_after=2024-01-09T04:00:00+00:00
[2024-01-09T07:48:25.267+0000] {processor.py:183} INFO - Processing /home/airflow/.local/lib/python3.8/site-packages/airflow/example_dags/example_latest_only_with_trigger.py took 0.059 seconds
[2024-01-09T07:48:55.879+0000] {processor.py:161} INFO - Started process (PID=1535) to work on /home/airflow/.local/lib/python3.8/site-packages/airflow/example_dags/example_latest_only_with_trigger.py
[2024-01-09T07:48:55.880+0000] {processor.py:830} INFO - Processing file /home/airflow/.local/lib/python3.8/site-packages/airflow/example_dags/example_latest_only_with_trigger.py for tasks to queue
[2024-01-09T07:48:55.882+0000] {logging_mixin.py:188} INFO - [2024-01-09T07:48:55.881+0000] {dagbag.py:538} INFO - Filling up the DagBag from /home/airflow/.local/lib/python3.8/site-packages/airflow/example_dags/example_latest_only_with_trigger.py
[2024-01-09T07:48:55.886+0000] {processor.py:840} INFO - DAG(s) 'latest_only_with_trigger' retrieved from /home/airflow/.local/lib/python3.8/site-packages/airflow/example_dags/example_latest_only_with_trigger.py
[2024-01-09T07:48:55.906+0000] {logging_mixin.py:188} INFO - [2024-01-09T07:48:55.906+0000] {dag.py:3033} INFO - Sync 1 DAGs
[2024-01-09T07:48:55.925+0000] {logging_mixin.py:188} INFO - [2024-01-09T07:48:55.925+0000] {dag.py:3820} INFO - Setting next_dagrun for latest_only_with_trigger to 2024-01-09T00:00:00+00:00, run_after=2024-01-09T04:00:00+00:00
[2024-01-09T07:48:55.940+0000] {processor.py:183} INFO - Processing /home/airflow/.local/lib/python3.8/site-packages/airflow/example_dags/example_latest_only_with_trigger.py took 0.064 seconds
[2024-01-09T07:49:26.258+0000] {processor.py:161} INFO - Started process (PID=1590) to work on /home/airflow/.local/lib/python3.8/site-packages/airflow/example_dags/example_latest_only_with_trigger.py
[2024-01-09T07:49:26.260+0000] {processor.py:830} INFO - Processing file /home/airflow/.local/lib/python3.8/site-packages/airflow/example_dags/example_latest_only_with_trigger.py for tasks to queue
[2024-01-09T07:49:26.262+0000] {logging_mixin.py:188} INFO - [2024-01-09T07:49:26.262+0000] {dagbag.py:538} INFO - Filling up the DagBag from /home/airflow/.local/lib/python3.8/site-packages/airflow/example_dags/example_latest_only_with_trigger.py
[2024-01-09T07:49:26.267+0000] {processor.py:840} INFO - DAG(s) 'latest_only_with_trigger' retrieved from /home/airflow/.local/lib/python3.8/site-packages/airflow/example_dags/example_latest_only_with_trigger.py
[2024-01-09T07:49:26.286+0000] {logging_mixin.py:188} INFO - [2024-01-09T07:49:26.286+0000] {dag.py:3033} INFO - Sync 1 DAGs
[2024-01-09T07:49:26.306+0000] {logging_mixin.py:188} INFO - [2024-01-09T07:49:26.306+0000] {dag.py:3820} INFO - Setting next_dagrun for latest_only_with_trigger to 2024-01-09T00:00:00+00:00, run_after=2024-01-09T04:00:00+00:00
[2024-01-09T07:49:26.321+0000] {processor.py:183} INFO - Processing /home/airflow/.local/lib/python3.8/site-packages/airflow/example_dags/example_latest_only_with_trigger.py took 0.067 seconds
