[2024-01-09T07:35:12.151+0000] {processor.py:161} INFO - Started process (PID=42) to work on /home/airflow/.local/lib/python3.8/site-packages/airflow/example_dags/tutorial_taskflow_api.py
[2024-01-09T07:35:12.153+0000] {processor.py:830} INFO - Processing file /home/airflow/.local/lib/python3.8/site-packages/airflow/example_dags/tutorial_taskflow_api.py for tasks to queue
[2024-01-09T07:35:12.160+0000] {logging_mixin.py:188} INFO - [2024-01-09T07:35:12.159+0000] {dagbag.py:538} INFO - Filling up the DagBag from /home/airflow/.local/lib/python3.8/site-packages/airflow/example_dags/tutorial_taskflow_api.py
[2024-01-09T07:35:12.175+0000] {processor.py:840} INFO - DAG(s) 'tutorial_taskflow_api' retrieved from /home/airflow/.local/lib/python3.8/site-packages/airflow/example_dags/tutorial_taskflow_api.py
[2024-01-09T07:35:12.197+0000] {logging_mixin.py:188} INFO - [2024-01-09T07:35:12.196+0000] {dag.py:3033} INFO - Sync 1 DAGs
[2024-01-09T07:35:12.217+0000] {logging_mixin.py:188} INFO - [2024-01-09T07:35:12.217+0000] {dag.py:3820} INFO - Setting next_dagrun for tutorial_taskflow_api to None, run_after=None
[2024-01-09T07:35:12.245+0000] {processor.py:183} INFO - Processing /home/airflow/.local/lib/python3.8/site-packages/airflow/example_dags/tutorial_taskflow_api.py took 0.101 seconds
[2024-01-09T07:35:42.655+0000] {processor.py:161} INFO - Started process (PID=97) to work on /home/airflow/.local/lib/python3.8/site-packages/airflow/example_dags/tutorial_taskflow_api.py
[2024-01-09T07:35:42.656+0000] {processor.py:830} INFO - Processing file /home/airflow/.local/lib/python3.8/site-packages/airflow/example_dags/tutorial_taskflow_api.py for tasks to queue
[2024-01-09T07:35:42.659+0000] {logging_mixin.py:188} INFO - [2024-01-09T07:35:42.659+0000] {dagbag.py:538} INFO - Filling up the DagBag from /home/airflow/.local/lib/python3.8/site-packages/airflow/example_dags/tutorial_taskflow_api.py
[2024-01-09T07:35:42.665+0000] {processor.py:840} INFO - DAG(s) 'tutorial_taskflow_api' retrieved from /home/airflow/.local/lib/python3.8/site-packages/airflow/example_dags/tutorial_taskflow_api.py
[2024-01-09T07:35:42.754+0000] {logging_mixin.py:188} INFO - [2024-01-09T07:35:42.754+0000] {dag.py:3033} INFO - Sync 1 DAGs
[2024-01-09T07:35:42.766+0000] {logging_mixin.py:188} INFO - [2024-01-09T07:35:42.765+0000] {dag.py:3820} INFO - Setting next_dagrun for tutorial_taskflow_api to None, run_after=None
[2024-01-09T07:35:42.792+0000] {processor.py:183} INFO - Processing /home/airflow/.local/lib/python3.8/site-packages/airflow/example_dags/tutorial_taskflow_api.py took 0.140 seconds
[2024-01-09T07:36:13.149+0000] {processor.py:161} INFO - Started process (PID=152) to work on /home/airflow/.local/lib/python3.8/site-packages/airflow/example_dags/tutorial_taskflow_api.py
[2024-01-09T07:36:13.150+0000] {processor.py:830} INFO - Processing file /home/airflow/.local/lib/python3.8/site-packages/airflow/example_dags/tutorial_taskflow_api.py for tasks to queue
[2024-01-09T07:36:13.152+0000] {logging_mixin.py:188} INFO - [2024-01-09T07:36:13.151+0000] {dagbag.py:538} INFO - Filling up the DagBag from /home/airflow/.local/lib/python3.8/site-packages/airflow/example_dags/tutorial_taskflow_api.py
[2024-01-09T07:36:13.157+0000] {processor.py:840} INFO - DAG(s) 'tutorial_taskflow_api' retrieved from /home/airflow/.local/lib/python3.8/site-packages/airflow/example_dags/tutorial_taskflow_api.py
[2024-01-09T07:36:13.172+0000] {logging_mixin.py:188} INFO - [2024-01-09T07:36:13.172+0000] {dag.py:3033} INFO - Sync 1 DAGs
[2024-01-09T07:36:13.181+0000] {logging_mixin.py:188} INFO - [2024-01-09T07:36:13.181+0000] {dag.py:3820} INFO - Setting next_dagrun for tutorial_taskflow_api to None, run_after=None
[2024-01-09T07:36:13.194+0000] {processor.py:183} INFO - Processing /home/airflow/.local/lib/python3.8/site-packages/airflow/example_dags/tutorial_taskflow_api.py took 0.048 seconds
[2024-01-09T07:36:43.505+0000] {processor.py:161} INFO - Started process (PID=207) to work on /home/airflow/.local/lib/python3.8/site-packages/airflow/example_dags/tutorial_taskflow_api.py
[2024-01-09T07:36:43.506+0000] {processor.py:830} INFO - Processing file /home/airflow/.local/lib/python3.8/site-packages/airflow/example_dags/tutorial_taskflow_api.py for tasks to queue
[2024-01-09T07:36:43.509+0000] {logging_mixin.py:188} INFO - [2024-01-09T07:36:43.509+0000] {dagbag.py:538} INFO - Filling up the DagBag from /home/airflow/.local/lib/python3.8/site-packages/airflow/example_dags/tutorial_taskflow_api.py
[2024-01-09T07:36:43.514+0000] {processor.py:840} INFO - DAG(s) 'tutorial_taskflow_api' retrieved from /home/airflow/.local/lib/python3.8/site-packages/airflow/example_dags/tutorial_taskflow_api.py
[2024-01-09T07:36:43.531+0000] {logging_mixin.py:188} INFO - [2024-01-09T07:36:43.531+0000] {dag.py:3033} INFO - Sync 1 DAGs
[2024-01-09T07:36:43.541+0000] {logging_mixin.py:188} INFO - [2024-01-09T07:36:43.541+0000] {dag.py:3820} INFO - Setting next_dagrun for tutorial_taskflow_api to None, run_after=None
[2024-01-09T07:36:43.557+0000] {processor.py:183} INFO - Processing /home/airflow/.local/lib/python3.8/site-packages/airflow/example_dags/tutorial_taskflow_api.py took 0.055 seconds
[2024-01-09T07:37:13.837+0000] {processor.py:161} INFO - Started process (PID=262) to work on /home/airflow/.local/lib/python3.8/site-packages/airflow/example_dags/tutorial_taskflow_api.py
[2024-01-09T07:37:13.838+0000] {processor.py:830} INFO - Processing file /home/airflow/.local/lib/python3.8/site-packages/airflow/example_dags/tutorial_taskflow_api.py for tasks to queue
[2024-01-09T07:37:13.840+0000] {logging_mixin.py:188} INFO - [2024-01-09T07:37:13.840+0000] {dagbag.py:538} INFO - Filling up the DagBag from /home/airflow/.local/lib/python3.8/site-packages/airflow/example_dags/tutorial_taskflow_api.py
[2024-01-09T07:37:13.845+0000] {processor.py:840} INFO - DAG(s) 'tutorial_taskflow_api' retrieved from /home/airflow/.local/lib/python3.8/site-packages/airflow/example_dags/tutorial_taskflow_api.py
[2024-01-09T07:37:13.863+0000] {logging_mixin.py:188} INFO - [2024-01-09T07:37:13.862+0000] {dag.py:3033} INFO - Sync 1 DAGs
[2024-01-09T07:37:13.873+0000] {logging_mixin.py:188} INFO - [2024-01-09T07:37:13.873+0000] {dag.py:3820} INFO - Setting next_dagrun for tutorial_taskflow_api to None, run_after=None
[2024-01-09T07:37:13.886+0000] {processor.py:183} INFO - Processing /home/airflow/.local/lib/python3.8/site-packages/airflow/example_dags/tutorial_taskflow_api.py took 0.052 seconds
[2024-01-09T07:37:44.311+0000] {processor.py:161} INFO - Started process (PID=317) to work on /home/airflow/.local/lib/python3.8/site-packages/airflow/example_dags/tutorial_taskflow_api.py
[2024-01-09T07:37:44.312+0000] {processor.py:830} INFO - Processing file /home/airflow/.local/lib/python3.8/site-packages/airflow/example_dags/tutorial_taskflow_api.py for tasks to queue
[2024-01-09T07:37:44.314+0000] {logging_mixin.py:188} INFO - [2024-01-09T07:37:44.314+0000] {dagbag.py:538} INFO - Filling up the DagBag from /home/airflow/.local/lib/python3.8/site-packages/airflow/example_dags/tutorial_taskflow_api.py
[2024-01-09T07:37:44.319+0000] {processor.py:840} INFO - DAG(s) 'tutorial_taskflow_api' retrieved from /home/airflow/.local/lib/python3.8/site-packages/airflow/example_dags/tutorial_taskflow_api.py
[2024-01-09T07:37:44.335+0000] {logging_mixin.py:188} INFO - [2024-01-09T07:37:44.335+0000] {dag.py:3033} INFO - Sync 1 DAGs
[2024-01-09T07:37:44.344+0000] {logging_mixin.py:188} INFO - [2024-01-09T07:37:44.344+0000] {dag.py:3820} INFO - Setting next_dagrun for tutorial_taskflow_api to None, run_after=None
[2024-01-09T07:37:44.357+0000] {processor.py:183} INFO - Processing /home/airflow/.local/lib/python3.8/site-packages/airflow/example_dags/tutorial_taskflow_api.py took 0.049 seconds
[2024-01-09T07:38:14.735+0000] {processor.py:161} INFO - Started process (PID=372) to work on /home/airflow/.local/lib/python3.8/site-packages/airflow/example_dags/tutorial_taskflow_api.py
[2024-01-09T07:38:14.737+0000] {processor.py:830} INFO - Processing file /home/airflow/.local/lib/python3.8/site-packages/airflow/example_dags/tutorial_taskflow_api.py for tasks to queue
[2024-01-09T07:38:14.740+0000] {logging_mixin.py:188} INFO - [2024-01-09T07:38:14.740+0000] {dagbag.py:538} INFO - Filling up the DagBag from /home/airflow/.local/lib/python3.8/site-packages/airflow/example_dags/tutorial_taskflow_api.py
[2024-01-09T07:38:14.748+0000] {processor.py:840} INFO - DAG(s) 'tutorial_taskflow_api' retrieved from /home/airflow/.local/lib/python3.8/site-packages/airflow/example_dags/tutorial_taskflow_api.py
[2024-01-09T07:38:14.775+0000] {logging_mixin.py:188} INFO - [2024-01-09T07:38:14.775+0000] {dag.py:3033} INFO - Sync 1 DAGs
[2024-01-09T07:38:14.793+0000] {logging_mixin.py:188} INFO - [2024-01-09T07:38:14.792+0000] {dag.py:3820} INFO - Setting next_dagrun for tutorial_taskflow_api to None, run_after=None
[2024-01-09T07:38:14.821+0000] {processor.py:183} INFO - Processing /home/airflow/.local/lib/python3.8/site-packages/airflow/example_dags/tutorial_taskflow_api.py took 0.089 seconds
[2024-01-09T07:38:45.231+0000] {processor.py:161} INFO - Started process (PID=427) to work on /home/airflow/.local/lib/python3.8/site-packages/airflow/example_dags/tutorial_taskflow_api.py
[2024-01-09T07:38:45.232+0000] {processor.py:830} INFO - Processing file /home/airflow/.local/lib/python3.8/site-packages/airflow/example_dags/tutorial_taskflow_api.py for tasks to queue
[2024-01-09T07:38:45.234+0000] {logging_mixin.py:188} INFO - [2024-01-09T07:38:45.234+0000] {dagbag.py:538} INFO - Filling up the DagBag from /home/airflow/.local/lib/python3.8/site-packages/airflow/example_dags/tutorial_taskflow_api.py
[2024-01-09T07:38:45.239+0000] {processor.py:840} INFO - DAG(s) 'tutorial_taskflow_api' retrieved from /home/airflow/.local/lib/python3.8/site-packages/airflow/example_dags/tutorial_taskflow_api.py
[2024-01-09T07:38:45.254+0000] {logging_mixin.py:188} INFO - [2024-01-09T07:38:45.254+0000] {dag.py:3033} INFO - Sync 1 DAGs
[2024-01-09T07:38:45.264+0000] {logging_mixin.py:188} INFO - [2024-01-09T07:38:45.264+0000] {dag.py:3820} INFO - Setting next_dagrun for tutorial_taskflow_api to None, run_after=None
[2024-01-09T07:38:45.277+0000] {processor.py:183} INFO - Processing /home/airflow/.local/lib/python3.8/site-packages/airflow/example_dags/tutorial_taskflow_api.py took 0.049 seconds
[2024-01-09T07:39:15.573+0000] {processor.py:161} INFO - Started process (PID=482) to work on /home/airflow/.local/lib/python3.8/site-packages/airflow/example_dags/tutorial_taskflow_api.py
[2024-01-09T07:39:15.574+0000] {processor.py:830} INFO - Processing file /home/airflow/.local/lib/python3.8/site-packages/airflow/example_dags/tutorial_taskflow_api.py for tasks to queue
[2024-01-09T07:39:15.576+0000] {logging_mixin.py:188} INFO - [2024-01-09T07:39:15.576+0000] {dagbag.py:538} INFO - Filling up the DagBag from /home/airflow/.local/lib/python3.8/site-packages/airflow/example_dags/tutorial_taskflow_api.py
[2024-01-09T07:39:15.582+0000] {processor.py:840} INFO - DAG(s) 'tutorial_taskflow_api' retrieved from /home/airflow/.local/lib/python3.8/site-packages/airflow/example_dags/tutorial_taskflow_api.py
[2024-01-09T07:39:15.600+0000] {logging_mixin.py:188} INFO - [2024-01-09T07:39:15.600+0000] {dag.py:3033} INFO - Sync 1 DAGs
[2024-01-09T07:39:15.611+0000] {logging_mixin.py:188} INFO - [2024-01-09T07:39:15.611+0000] {dag.py:3820} INFO - Setting next_dagrun for tutorial_taskflow_api to None, run_after=None
[2024-01-09T07:39:15.628+0000] {processor.py:183} INFO - Processing /home/airflow/.local/lib/python3.8/site-packages/airflow/example_dags/tutorial_taskflow_api.py took 0.058 seconds
[2024-01-09T07:39:46.008+0000] {processor.py:161} INFO - Started process (PID=537) to work on /home/airflow/.local/lib/python3.8/site-packages/airflow/example_dags/tutorial_taskflow_api.py
[2024-01-09T07:39:46.009+0000] {processor.py:830} INFO - Processing file /home/airflow/.local/lib/python3.8/site-packages/airflow/example_dags/tutorial_taskflow_api.py for tasks to queue
[2024-01-09T07:39:46.011+0000] {logging_mixin.py:188} INFO - [2024-01-09T07:39:46.011+0000] {dagbag.py:538} INFO - Filling up the DagBag from /home/airflow/.local/lib/python3.8/site-packages/airflow/example_dags/tutorial_taskflow_api.py
[2024-01-09T07:39:46.017+0000] {processor.py:840} INFO - DAG(s) 'tutorial_taskflow_api' retrieved from /home/airflow/.local/lib/python3.8/site-packages/airflow/example_dags/tutorial_taskflow_api.py
[2024-01-09T07:39:46.034+0000] {logging_mixin.py:188} INFO - [2024-01-09T07:39:46.034+0000] {dag.py:3033} INFO - Sync 1 DAGs
[2024-01-09T07:39:46.044+0000] {logging_mixin.py:188} INFO - [2024-01-09T07:39:46.044+0000] {dag.py:3820} INFO - Setting next_dagrun for tutorial_taskflow_api to None, run_after=None
[2024-01-09T07:39:46.058+0000] {processor.py:183} INFO - Processing /home/airflow/.local/lib/python3.8/site-packages/airflow/example_dags/tutorial_taskflow_api.py took 0.053 seconds
[2024-01-09T07:40:16.451+0000] {processor.py:161} INFO - Started process (PID=592) to work on /home/airflow/.local/lib/python3.8/site-packages/airflow/example_dags/tutorial_taskflow_api.py
[2024-01-09T07:40:16.452+0000] {processor.py:830} INFO - Processing file /home/airflow/.local/lib/python3.8/site-packages/airflow/example_dags/tutorial_taskflow_api.py for tasks to queue
[2024-01-09T07:40:16.454+0000] {logging_mixin.py:188} INFO - [2024-01-09T07:40:16.454+0000] {dagbag.py:538} INFO - Filling up the DagBag from /home/airflow/.local/lib/python3.8/site-packages/airflow/example_dags/tutorial_taskflow_api.py
[2024-01-09T07:40:16.460+0000] {processor.py:840} INFO - DAG(s) 'tutorial_taskflow_api' retrieved from /home/airflow/.local/lib/python3.8/site-packages/airflow/example_dags/tutorial_taskflow_api.py
[2024-01-09T07:40:16.478+0000] {logging_mixin.py:188} INFO - [2024-01-09T07:40:16.478+0000] {dag.py:3033} INFO - Sync 1 DAGs
[2024-01-09T07:40:16.489+0000] {logging_mixin.py:188} INFO - [2024-01-09T07:40:16.488+0000] {dag.py:3820} INFO - Setting next_dagrun for tutorial_taskflow_api to None, run_after=None
[2024-01-09T07:40:16.506+0000] {processor.py:183} INFO - Processing /home/airflow/.local/lib/python3.8/site-packages/airflow/example_dags/tutorial_taskflow_api.py took 0.058 seconds
[2024-01-09T07:40:47.165+0000] {processor.py:161} INFO - Started process (PID=647) to work on /home/airflow/.local/lib/python3.8/site-packages/airflow/example_dags/tutorial_taskflow_api.py
[2024-01-09T07:40:47.166+0000] {processor.py:830} INFO - Processing file /home/airflow/.local/lib/python3.8/site-packages/airflow/example_dags/tutorial_taskflow_api.py for tasks to queue
[2024-01-09T07:40:47.169+0000] {logging_mixin.py:188} INFO - [2024-01-09T07:40:47.168+0000] {dagbag.py:538} INFO - Filling up the DagBag from /home/airflow/.local/lib/python3.8/site-packages/airflow/example_dags/tutorial_taskflow_api.py
[2024-01-09T07:40:47.174+0000] {processor.py:840} INFO - DAG(s) 'tutorial_taskflow_api' retrieved from /home/airflow/.local/lib/python3.8/site-packages/airflow/example_dags/tutorial_taskflow_api.py
[2024-01-09T07:40:47.191+0000] {logging_mixin.py:188} INFO - [2024-01-09T07:40:47.191+0000] {dag.py:3033} INFO - Sync 1 DAGs
[2024-01-09T07:40:47.201+0000] {logging_mixin.py:188} INFO - [2024-01-09T07:40:47.201+0000] {dag.py:3820} INFO - Setting next_dagrun for tutorial_taskflow_api to None, run_after=None
[2024-01-09T07:40:47.217+0000] {processor.py:183} INFO - Processing /home/airflow/.local/lib/python3.8/site-packages/airflow/example_dags/tutorial_taskflow_api.py took 0.055 seconds
[2024-01-09T07:41:17.483+0000] {processor.py:161} INFO - Started process (PID=702) to work on /home/airflow/.local/lib/python3.8/site-packages/airflow/example_dags/tutorial_taskflow_api.py
[2024-01-09T07:41:17.484+0000] {processor.py:830} INFO - Processing file /home/airflow/.local/lib/python3.8/site-packages/airflow/example_dags/tutorial_taskflow_api.py for tasks to queue
[2024-01-09T07:41:17.486+0000] {logging_mixin.py:188} INFO - [2024-01-09T07:41:17.486+0000] {dagbag.py:538} INFO - Filling up the DagBag from /home/airflow/.local/lib/python3.8/site-packages/airflow/example_dags/tutorial_taskflow_api.py
[2024-01-09T07:41:17.493+0000] {processor.py:840} INFO - DAG(s) 'tutorial_taskflow_api' retrieved from /home/airflow/.local/lib/python3.8/site-packages/airflow/example_dags/tutorial_taskflow_api.py
[2024-01-09T07:41:17.513+0000] {logging_mixin.py:188} INFO - [2024-01-09T07:41:17.512+0000] {dag.py:3033} INFO - Sync 1 DAGs
[2024-01-09T07:41:17.527+0000] {logging_mixin.py:188} INFO - [2024-01-09T07:41:17.527+0000] {dag.py:3820} INFO - Setting next_dagrun for tutorial_taskflow_api to None, run_after=None
[2024-01-09T07:41:17.550+0000] {processor.py:183} INFO - Processing /home/airflow/.local/lib/python3.8/site-packages/airflow/example_dags/tutorial_taskflow_api.py took 0.070 seconds
[2024-01-09T07:41:47.763+0000] {processor.py:161} INFO - Started process (PID=757) to work on /home/airflow/.local/lib/python3.8/site-packages/airflow/example_dags/tutorial_taskflow_api.py
[2024-01-09T07:41:47.764+0000] {processor.py:830} INFO - Processing file /home/airflow/.local/lib/python3.8/site-packages/airflow/example_dags/tutorial_taskflow_api.py for tasks to queue
[2024-01-09T07:41:47.766+0000] {logging_mixin.py:188} INFO - [2024-01-09T07:41:47.766+0000] {dagbag.py:538} INFO - Filling up the DagBag from /home/airflow/.local/lib/python3.8/site-packages/airflow/example_dags/tutorial_taskflow_api.py
[2024-01-09T07:41:47.772+0000] {processor.py:840} INFO - DAG(s) 'tutorial_taskflow_api' retrieved from /home/airflow/.local/lib/python3.8/site-packages/airflow/example_dags/tutorial_taskflow_api.py
[2024-01-09T07:41:47.790+0000] {logging_mixin.py:188} INFO - [2024-01-09T07:41:47.789+0000] {dag.py:3033} INFO - Sync 1 DAGs
[2024-01-09T07:41:47.801+0000] {logging_mixin.py:188} INFO - [2024-01-09T07:41:47.801+0000] {dag.py:3820} INFO - Setting next_dagrun for tutorial_taskflow_api to None, run_after=None
[2024-01-09T07:41:47.818+0000] {processor.py:183} INFO - Processing /home/airflow/.local/lib/python3.8/site-packages/airflow/example_dags/tutorial_taskflow_api.py took 0.058 seconds
[2024-01-09T07:42:18.175+0000] {processor.py:161} INFO - Started process (PID=812) to work on /home/airflow/.local/lib/python3.8/site-packages/airflow/example_dags/tutorial_taskflow_api.py
[2024-01-09T07:42:18.176+0000] {processor.py:830} INFO - Processing file /home/airflow/.local/lib/python3.8/site-packages/airflow/example_dags/tutorial_taskflow_api.py for tasks to queue
[2024-01-09T07:42:18.178+0000] {logging_mixin.py:188} INFO - [2024-01-09T07:42:18.178+0000] {dagbag.py:538} INFO - Filling up the DagBag from /home/airflow/.local/lib/python3.8/site-packages/airflow/example_dags/tutorial_taskflow_api.py
[2024-01-09T07:42:18.184+0000] {processor.py:840} INFO - DAG(s) 'tutorial_taskflow_api' retrieved from /home/airflow/.local/lib/python3.8/site-packages/airflow/example_dags/tutorial_taskflow_api.py
[2024-01-09T07:42:18.202+0000] {logging_mixin.py:188} INFO - [2024-01-09T07:42:18.202+0000] {dag.py:3033} INFO - Sync 1 DAGs
[2024-01-09T07:42:18.213+0000] {logging_mixin.py:188} INFO - [2024-01-09T07:42:18.213+0000] {dag.py:3820} INFO - Setting next_dagrun for tutorial_taskflow_api to None, run_after=None
[2024-01-09T07:42:18.230+0000] {processor.py:183} INFO - Processing /home/airflow/.local/lib/python3.8/site-packages/airflow/example_dags/tutorial_taskflow_api.py took 0.058 seconds
[2024-01-09T07:42:49.028+0000] {processor.py:161} INFO - Started process (PID=867) to work on /home/airflow/.local/lib/python3.8/site-packages/airflow/example_dags/tutorial_taskflow_api.py
[2024-01-09T07:42:49.030+0000] {processor.py:830} INFO - Processing file /home/airflow/.local/lib/python3.8/site-packages/airflow/example_dags/tutorial_taskflow_api.py for tasks to queue
[2024-01-09T07:42:49.032+0000] {logging_mixin.py:188} INFO - [2024-01-09T07:42:49.032+0000] {dagbag.py:538} INFO - Filling up the DagBag from /home/airflow/.local/lib/python3.8/site-packages/airflow/example_dags/tutorial_taskflow_api.py
[2024-01-09T07:42:49.038+0000] {processor.py:840} INFO - DAG(s) 'tutorial_taskflow_api' retrieved from /home/airflow/.local/lib/python3.8/site-packages/airflow/example_dags/tutorial_taskflow_api.py
[2024-01-09T07:42:49.057+0000] {logging_mixin.py:188} INFO - [2024-01-09T07:42:49.057+0000] {dag.py:3033} INFO - Sync 1 DAGs
[2024-01-09T07:42:49.069+0000] {logging_mixin.py:188} INFO - [2024-01-09T07:42:49.069+0000] {dag.py:3820} INFO - Setting next_dagrun for tutorial_taskflow_api to None, run_after=None
[2024-01-09T07:42:49.088+0000] {processor.py:183} INFO - Processing /home/airflow/.local/lib/python3.8/site-packages/airflow/example_dags/tutorial_taskflow_api.py took 0.064 seconds
[2024-01-09T07:43:19.199+0000] {processor.py:161} INFO - Started process (PID=922) to work on /home/airflow/.local/lib/python3.8/site-packages/airflow/example_dags/tutorial_taskflow_api.py
[2024-01-09T07:43:19.200+0000] {processor.py:830} INFO - Processing file /home/airflow/.local/lib/python3.8/site-packages/airflow/example_dags/tutorial_taskflow_api.py for tasks to queue
[2024-01-09T07:43:19.202+0000] {logging_mixin.py:188} INFO - [2024-01-09T07:43:19.201+0000] {dagbag.py:538} INFO - Filling up the DagBag from /home/airflow/.local/lib/python3.8/site-packages/airflow/example_dags/tutorial_taskflow_api.py
[2024-01-09T07:43:19.207+0000] {processor.py:840} INFO - DAG(s) 'tutorial_taskflow_api' retrieved from /home/airflow/.local/lib/python3.8/site-packages/airflow/example_dags/tutorial_taskflow_api.py
[2024-01-09T07:43:19.223+0000] {logging_mixin.py:188} INFO - [2024-01-09T07:43:19.223+0000] {dag.py:3033} INFO - Sync 1 DAGs
[2024-01-09T07:43:19.234+0000] {logging_mixin.py:188} INFO - [2024-01-09T07:43:19.234+0000] {dag.py:3820} INFO - Setting next_dagrun for tutorial_taskflow_api to None, run_after=None
[2024-01-09T07:43:19.249+0000] {processor.py:183} INFO - Processing /home/airflow/.local/lib/python3.8/site-packages/airflow/example_dags/tutorial_taskflow_api.py took 0.054 seconds
[2024-01-09T07:43:49.943+0000] {processor.py:161} INFO - Started process (PID=977) to work on /home/airflow/.local/lib/python3.8/site-packages/airflow/example_dags/tutorial_taskflow_api.py
[2024-01-09T07:43:49.944+0000] {processor.py:830} INFO - Processing file /home/airflow/.local/lib/python3.8/site-packages/airflow/example_dags/tutorial_taskflow_api.py for tasks to queue
[2024-01-09T07:43:49.946+0000] {logging_mixin.py:188} INFO - [2024-01-09T07:43:49.946+0000] {dagbag.py:538} INFO - Filling up the DagBag from /home/airflow/.local/lib/python3.8/site-packages/airflow/example_dags/tutorial_taskflow_api.py
[2024-01-09T07:43:49.952+0000] {processor.py:840} INFO - DAG(s) 'tutorial_taskflow_api' retrieved from /home/airflow/.local/lib/python3.8/site-packages/airflow/example_dags/tutorial_taskflow_api.py
[2024-01-09T07:43:49.968+0000] {logging_mixin.py:188} INFO - [2024-01-09T07:43:49.968+0000] {dag.py:3033} INFO - Sync 1 DAGs
[2024-01-09T07:43:49.979+0000] {logging_mixin.py:188} INFO - [2024-01-09T07:43:49.979+0000] {dag.py:3820} INFO - Setting next_dagrun for tutorial_taskflow_api to None, run_after=None
[2024-01-09T07:43:49.994+0000] {processor.py:183} INFO - Processing /home/airflow/.local/lib/python3.8/site-packages/airflow/example_dags/tutorial_taskflow_api.py took 0.053 seconds
[2024-01-09T07:44:20.160+0000] {processor.py:161} INFO - Started process (PID=1031) to work on /home/airflow/.local/lib/python3.8/site-packages/airflow/example_dags/tutorial_taskflow_api.py
[2024-01-09T07:44:20.161+0000] {processor.py:830} INFO - Processing file /home/airflow/.local/lib/python3.8/site-packages/airflow/example_dags/tutorial_taskflow_api.py for tasks to queue
[2024-01-09T07:44:20.162+0000] {logging_mixin.py:188} INFO - [2024-01-09T07:44:20.162+0000] {dagbag.py:538} INFO - Filling up the DagBag from /home/airflow/.local/lib/python3.8/site-packages/airflow/example_dags/tutorial_taskflow_api.py
[2024-01-09T07:44:20.168+0000] {processor.py:840} INFO - DAG(s) 'tutorial_taskflow_api' retrieved from /home/airflow/.local/lib/python3.8/site-packages/airflow/example_dags/tutorial_taskflow_api.py
[2024-01-09T07:44:20.183+0000] {logging_mixin.py:188} INFO - [2024-01-09T07:44:20.183+0000] {dag.py:3033} INFO - Sync 1 DAGs
[2024-01-09T07:44:20.192+0000] {logging_mixin.py:188} INFO - [2024-01-09T07:44:20.192+0000] {dag.py:3820} INFO - Setting next_dagrun for tutorial_taskflow_api to None, run_after=None
[2024-01-09T07:44:20.206+0000] {processor.py:183} INFO - Processing /home/airflow/.local/lib/python3.8/site-packages/airflow/example_dags/tutorial_taskflow_api.py took 0.049 seconds
[2024-01-09T07:44:50.462+0000] {processor.py:161} INFO - Started process (PID=1086) to work on /home/airflow/.local/lib/python3.8/site-packages/airflow/example_dags/tutorial_taskflow_api.py
[2024-01-09T07:44:50.463+0000] {processor.py:830} INFO - Processing file /home/airflow/.local/lib/python3.8/site-packages/airflow/example_dags/tutorial_taskflow_api.py for tasks to queue
[2024-01-09T07:44:50.465+0000] {logging_mixin.py:188} INFO - [2024-01-09T07:44:50.465+0000] {dagbag.py:538} INFO - Filling up the DagBag from /home/airflow/.local/lib/python3.8/site-packages/airflow/example_dags/tutorial_taskflow_api.py
[2024-01-09T07:44:50.470+0000] {processor.py:840} INFO - DAG(s) 'tutorial_taskflow_api' retrieved from /home/airflow/.local/lib/python3.8/site-packages/airflow/example_dags/tutorial_taskflow_api.py
[2024-01-09T07:44:50.486+0000] {logging_mixin.py:188} INFO - [2024-01-09T07:44:50.486+0000] {dag.py:3033} INFO - Sync 1 DAGs
[2024-01-09T07:44:50.495+0000] {logging_mixin.py:188} INFO - [2024-01-09T07:44:50.495+0000] {dag.py:3820} INFO - Setting next_dagrun for tutorial_taskflow_api to None, run_after=None
[2024-01-09T07:44:50.509+0000] {processor.py:183} INFO - Processing /home/airflow/.local/lib/python3.8/site-packages/airflow/example_dags/tutorial_taskflow_api.py took 0.049 seconds
[2024-01-09T07:45:20.757+0000] {processor.py:161} INFO - Started process (PID=1140) to work on /home/airflow/.local/lib/python3.8/site-packages/airflow/example_dags/tutorial_taskflow_api.py
[2024-01-09T07:45:20.758+0000] {processor.py:830} INFO - Processing file /home/airflow/.local/lib/python3.8/site-packages/airflow/example_dags/tutorial_taskflow_api.py for tasks to queue
[2024-01-09T07:45:20.761+0000] {logging_mixin.py:188} INFO - [2024-01-09T07:45:20.760+0000] {dagbag.py:538} INFO - Filling up the DagBag from /home/airflow/.local/lib/python3.8/site-packages/airflow/example_dags/tutorial_taskflow_api.py
[2024-01-09T07:45:20.766+0000] {processor.py:840} INFO - DAG(s) 'tutorial_taskflow_api' retrieved from /home/airflow/.local/lib/python3.8/site-packages/airflow/example_dags/tutorial_taskflow_api.py
[2024-01-09T07:45:20.784+0000] {logging_mixin.py:188} INFO - [2024-01-09T07:45:20.784+0000] {dag.py:3033} INFO - Sync 1 DAGs
[2024-01-09T07:45:20.795+0000] {logging_mixin.py:188} INFO - [2024-01-09T07:45:20.794+0000] {dag.py:3820} INFO - Setting next_dagrun for tutorial_taskflow_api to None, run_after=None
[2024-01-09T07:45:20.809+0000] {processor.py:183} INFO - Processing /home/airflow/.local/lib/python3.8/site-packages/airflow/example_dags/tutorial_taskflow_api.py took 0.055 seconds
[2024-01-09T07:45:51.217+0000] {processor.py:161} INFO - Started process (PID=1195) to work on /home/airflow/.local/lib/python3.8/site-packages/airflow/example_dags/tutorial_taskflow_api.py
[2024-01-09T07:45:51.218+0000] {processor.py:830} INFO - Processing file /home/airflow/.local/lib/python3.8/site-packages/airflow/example_dags/tutorial_taskflow_api.py for tasks to queue
[2024-01-09T07:45:51.220+0000] {logging_mixin.py:188} INFO - [2024-01-09T07:45:51.220+0000] {dagbag.py:538} INFO - Filling up the DagBag from /home/airflow/.local/lib/python3.8/site-packages/airflow/example_dags/tutorial_taskflow_api.py
[2024-01-09T07:45:51.226+0000] {processor.py:840} INFO - DAG(s) 'tutorial_taskflow_api' retrieved from /home/airflow/.local/lib/python3.8/site-packages/airflow/example_dags/tutorial_taskflow_api.py
[2024-01-09T07:45:51.242+0000] {logging_mixin.py:188} INFO - [2024-01-09T07:45:51.241+0000] {dag.py:3033} INFO - Sync 1 DAGs
[2024-01-09T07:45:51.251+0000] {logging_mixin.py:188} INFO - [2024-01-09T07:45:51.251+0000] {dag.py:3820} INFO - Setting next_dagrun for tutorial_taskflow_api to None, run_after=None
[2024-01-09T07:45:51.264+0000] {processor.py:183} INFO - Processing /home/airflow/.local/lib/python3.8/site-packages/airflow/example_dags/tutorial_taskflow_api.py took 0.050 seconds
[2024-01-09T07:46:21.490+0000] {processor.py:161} INFO - Started process (PID=1250) to work on /home/airflow/.local/lib/python3.8/site-packages/airflow/example_dags/tutorial_taskflow_api.py
[2024-01-09T07:46:21.491+0000] {processor.py:830} INFO - Processing file /home/airflow/.local/lib/python3.8/site-packages/airflow/example_dags/tutorial_taskflow_api.py for tasks to queue
[2024-01-09T07:46:21.493+0000] {logging_mixin.py:188} INFO - [2024-01-09T07:46:21.493+0000] {dagbag.py:538} INFO - Filling up the DagBag from /home/airflow/.local/lib/python3.8/site-packages/airflow/example_dags/tutorial_taskflow_api.py
[2024-01-09T07:46:21.499+0000] {processor.py:840} INFO - DAG(s) 'tutorial_taskflow_api' retrieved from /home/airflow/.local/lib/python3.8/site-packages/airflow/example_dags/tutorial_taskflow_api.py
[2024-01-09T07:46:21.514+0000] {logging_mixin.py:188} INFO - [2024-01-09T07:46:21.514+0000] {dag.py:3033} INFO - Sync 1 DAGs
[2024-01-09T07:46:21.522+0000] {logging_mixin.py:188} INFO - [2024-01-09T07:46:21.522+0000] {dag.py:3820} INFO - Setting next_dagrun for tutorial_taskflow_api to None, run_after=None
[2024-01-09T07:46:21.535+0000] {processor.py:183} INFO - Processing /home/airflow/.local/lib/python3.8/site-packages/airflow/example_dags/tutorial_taskflow_api.py took 0.047 seconds
[2024-01-09T07:46:51.935+0000] {processor.py:161} INFO - Started process (PID=1305) to work on /home/airflow/.local/lib/python3.8/site-packages/airflow/example_dags/tutorial_taskflow_api.py
[2024-01-09T07:46:51.937+0000] {processor.py:830} INFO - Processing file /home/airflow/.local/lib/python3.8/site-packages/airflow/example_dags/tutorial_taskflow_api.py for tasks to queue
[2024-01-09T07:46:51.939+0000] {logging_mixin.py:188} INFO - [2024-01-09T07:46:51.938+0000] {dagbag.py:538} INFO - Filling up the DagBag from /home/airflow/.local/lib/python3.8/site-packages/airflow/example_dags/tutorial_taskflow_api.py
[2024-01-09T07:46:51.944+0000] {processor.py:840} INFO - DAG(s) 'tutorial_taskflow_api' retrieved from /home/airflow/.local/lib/python3.8/site-packages/airflow/example_dags/tutorial_taskflow_api.py
[2024-01-09T07:46:51.962+0000] {logging_mixin.py:188} INFO - [2024-01-09T07:46:51.962+0000] {dag.py:3033} INFO - Sync 1 DAGs
[2024-01-09T07:46:51.973+0000] {logging_mixin.py:188} INFO - [2024-01-09T07:46:51.973+0000] {dag.py:3820} INFO - Setting next_dagrun for tutorial_taskflow_api to None, run_after=None
[2024-01-09T07:46:51.988+0000] {processor.py:183} INFO - Processing /home/airflow/.local/lib/python3.8/site-packages/airflow/example_dags/tutorial_taskflow_api.py took 0.056 seconds
[2024-01-09T07:47:22.216+0000] {processor.py:161} INFO - Started process (PID=1360) to work on /home/airflow/.local/lib/python3.8/site-packages/airflow/example_dags/tutorial_taskflow_api.py
[2024-01-09T07:47:22.217+0000] {processor.py:830} INFO - Processing file /home/airflow/.local/lib/python3.8/site-packages/airflow/example_dags/tutorial_taskflow_api.py for tasks to queue
[2024-01-09T07:47:22.219+0000] {logging_mixin.py:188} INFO - [2024-01-09T07:47:22.219+0000] {dagbag.py:538} INFO - Filling up the DagBag from /home/airflow/.local/lib/python3.8/site-packages/airflow/example_dags/tutorial_taskflow_api.py
[2024-01-09T07:47:22.224+0000] {processor.py:840} INFO - DAG(s) 'tutorial_taskflow_api' retrieved from /home/airflow/.local/lib/python3.8/site-packages/airflow/example_dags/tutorial_taskflow_api.py
[2024-01-09T07:47:22.240+0000] {logging_mixin.py:188} INFO - [2024-01-09T07:47:22.240+0000] {dag.py:3033} INFO - Sync 1 DAGs
[2024-01-09T07:47:22.249+0000] {logging_mixin.py:188} INFO - [2024-01-09T07:47:22.249+0000] {dag.py:3820} INFO - Setting next_dagrun for tutorial_taskflow_api to None, run_after=None
[2024-01-09T07:47:22.262+0000] {processor.py:183} INFO - Processing /home/airflow/.local/lib/python3.8/site-packages/airflow/example_dags/tutorial_taskflow_api.py took 0.048 seconds
[2024-01-09T07:47:52.483+0000] {processor.py:161} INFO - Started process (PID=1415) to work on /home/airflow/.local/lib/python3.8/site-packages/airflow/example_dags/tutorial_taskflow_api.py
[2024-01-09T07:47:52.484+0000] {processor.py:830} INFO - Processing file /home/airflow/.local/lib/python3.8/site-packages/airflow/example_dags/tutorial_taskflow_api.py for tasks to queue
[2024-01-09T07:47:52.486+0000] {logging_mixin.py:188} INFO - [2024-01-09T07:47:52.486+0000] {dagbag.py:538} INFO - Filling up the DagBag from /home/airflow/.local/lib/python3.8/site-packages/airflow/example_dags/tutorial_taskflow_api.py
[2024-01-09T07:47:52.493+0000] {processor.py:840} INFO - DAG(s) 'tutorial_taskflow_api' retrieved from /home/airflow/.local/lib/python3.8/site-packages/airflow/example_dags/tutorial_taskflow_api.py
[2024-01-09T07:47:52.511+0000] {logging_mixin.py:188} INFO - [2024-01-09T07:47:52.511+0000] {dag.py:3033} INFO - Sync 1 DAGs
[2024-01-09T07:47:52.521+0000] {logging_mixin.py:188} INFO - [2024-01-09T07:47:52.521+0000] {dag.py:3820} INFO - Setting next_dagrun for tutorial_taskflow_api to None, run_after=None
[2024-01-09T07:47:52.537+0000] {processor.py:183} INFO - Processing /home/airflow/.local/lib/python3.8/site-packages/airflow/example_dags/tutorial_taskflow_api.py took 0.057 seconds
[2024-01-09T07:48:22.762+0000] {processor.py:161} INFO - Started process (PID=1470) to work on /home/airflow/.local/lib/python3.8/site-packages/airflow/example_dags/tutorial_taskflow_api.py
[2024-01-09T07:48:22.763+0000] {processor.py:830} INFO - Processing file /home/airflow/.local/lib/python3.8/site-packages/airflow/example_dags/tutorial_taskflow_api.py for tasks to queue
[2024-01-09T07:48:22.765+0000] {logging_mixin.py:188} INFO - [2024-01-09T07:48:22.765+0000] {dagbag.py:538} INFO - Filling up the DagBag from /home/airflow/.local/lib/python3.8/site-packages/airflow/example_dags/tutorial_taskflow_api.py
[2024-01-09T07:48:22.771+0000] {processor.py:840} INFO - DAG(s) 'tutorial_taskflow_api' retrieved from /home/airflow/.local/lib/python3.8/site-packages/airflow/example_dags/tutorial_taskflow_api.py
[2024-01-09T07:48:22.790+0000] {logging_mixin.py:188} INFO - [2024-01-09T07:48:22.790+0000] {dag.py:3033} INFO - Sync 1 DAGs
[2024-01-09T07:48:22.802+0000] {logging_mixin.py:188} INFO - [2024-01-09T07:48:22.801+0000] {dag.py:3820} INFO - Setting next_dagrun for tutorial_taskflow_api to None, run_after=None
[2024-01-09T07:48:22.819+0000] {processor.py:183} INFO - Processing /home/airflow/.local/lib/python3.8/site-packages/airflow/example_dags/tutorial_taskflow_api.py took 0.060 seconds
[2024-01-09T07:48:53.428+0000] {processor.py:161} INFO - Started process (PID=1525) to work on /home/airflow/.local/lib/python3.8/site-packages/airflow/example_dags/tutorial_taskflow_api.py
[2024-01-09T07:48:53.429+0000] {processor.py:830} INFO - Processing file /home/airflow/.local/lib/python3.8/site-packages/airflow/example_dags/tutorial_taskflow_api.py for tasks to queue
[2024-01-09T07:48:53.431+0000] {logging_mixin.py:188} INFO - [2024-01-09T07:48:53.431+0000] {dagbag.py:538} INFO - Filling up the DagBag from /home/airflow/.local/lib/python3.8/site-packages/airflow/example_dags/tutorial_taskflow_api.py
[2024-01-09T07:48:53.437+0000] {processor.py:840} INFO - DAG(s) 'tutorial_taskflow_api' retrieved from /home/airflow/.local/lib/python3.8/site-packages/airflow/example_dags/tutorial_taskflow_api.py
[2024-01-09T07:48:53.454+0000] {logging_mixin.py:188} INFO - [2024-01-09T07:48:53.454+0000] {dag.py:3033} INFO - Sync 1 DAGs
[2024-01-09T07:48:53.465+0000] {logging_mixin.py:188} INFO - [2024-01-09T07:48:53.465+0000] {dag.py:3820} INFO - Setting next_dagrun for tutorial_taskflow_api to None, run_after=None
[2024-01-09T07:48:53.480+0000] {processor.py:183} INFO - Processing /home/airflow/.local/lib/python3.8/site-packages/airflow/example_dags/tutorial_taskflow_api.py took 0.055 seconds
[2024-01-09T07:49:23.817+0000] {processor.py:161} INFO - Started process (PID=1580) to work on /home/airflow/.local/lib/python3.8/site-packages/airflow/example_dags/tutorial_taskflow_api.py
[2024-01-09T07:49:23.818+0000] {processor.py:830} INFO - Processing file /home/airflow/.local/lib/python3.8/site-packages/airflow/example_dags/tutorial_taskflow_api.py for tasks to queue
[2024-01-09T07:49:23.820+0000] {logging_mixin.py:188} INFO - [2024-01-09T07:49:23.820+0000] {dagbag.py:538} INFO - Filling up the DagBag from /home/airflow/.local/lib/python3.8/site-packages/airflow/example_dags/tutorial_taskflow_api.py
[2024-01-09T07:49:23.826+0000] {processor.py:840} INFO - DAG(s) 'tutorial_taskflow_api' retrieved from /home/airflow/.local/lib/python3.8/site-packages/airflow/example_dags/tutorial_taskflow_api.py
[2024-01-09T07:49:23.844+0000] {logging_mixin.py:188} INFO - [2024-01-09T07:49:23.844+0000] {dag.py:3033} INFO - Sync 1 DAGs
[2024-01-09T07:49:23.855+0000] {logging_mixin.py:188} INFO - [2024-01-09T07:49:23.855+0000] {dag.py:3820} INFO - Setting next_dagrun for tutorial_taskflow_api to None, run_after=None
[2024-01-09T07:49:23.870+0000] {processor.py:183} INFO - Processing /home/airflow/.local/lib/python3.8/site-packages/airflow/example_dags/tutorial_taskflow_api.py took 0.057 seconds
[2024-01-09T07:49:54.464+0000] {processor.py:161} INFO - Started process (PID=1635) to work on /home/airflow/.local/lib/python3.8/site-packages/airflow/example_dags/tutorial_taskflow_api.py
[2024-01-09T07:49:54.465+0000] {processor.py:830} INFO - Processing file /home/airflow/.local/lib/python3.8/site-packages/airflow/example_dags/tutorial_taskflow_api.py for tasks to queue
[2024-01-09T07:49:54.467+0000] {logging_mixin.py:188} INFO - [2024-01-09T07:49:54.467+0000] {dagbag.py:538} INFO - Filling up the DagBag from /home/airflow/.local/lib/python3.8/site-packages/airflow/example_dags/tutorial_taskflow_api.py
[2024-01-09T07:49:54.474+0000] {processor.py:840} INFO - DAG(s) 'tutorial_taskflow_api' retrieved from /home/airflow/.local/lib/python3.8/site-packages/airflow/example_dags/tutorial_taskflow_api.py
[2024-01-09T07:49:54.495+0000] {logging_mixin.py:188} INFO - [2024-01-09T07:49:54.495+0000] {dag.py:3033} INFO - Sync 1 DAGs
[2024-01-09T07:49:54.506+0000] {logging_mixin.py:188} INFO - [2024-01-09T07:49:54.506+0000] {dag.py:3820} INFO - Setting next_dagrun for tutorial_taskflow_api to None, run_after=None
[2024-01-09T07:49:54.526+0000] {processor.py:183} INFO - Processing /home/airflow/.local/lib/python3.8/site-packages/airflow/example_dags/tutorial_taskflow_api.py took 0.065 seconds
