[2024-01-09T07:35:14.256+0000] {processor.py:161} INFO - Started process (PID=72) to work on /home/airflow/.local/lib/python3.8/site-packages/airflow/example_dags/tutorial.py
[2024-01-09T07:35:14.258+0000] {processor.py:830} INFO - Processing file /home/airflow/.local/lib/python3.8/site-packages/airflow/example_dags/tutorial.py for tasks to queue
[2024-01-09T07:35:14.262+0000] {logging_mixin.py:188} INFO - [2024-01-09T07:35:14.261+0000] {dagbag.py:538} INFO - Filling up the DagBag from /home/airflow/.local/lib/python3.8/site-packages/airflow/example_dags/tutorial.py
[2024-01-09T07:35:14.273+0000] {processor.py:840} INFO - DAG(s) 'tutorial' retrieved from /home/airflow/.local/lib/python3.8/site-packages/airflow/example_dags/tutorial.py
[2024-01-09T07:35:14.293+0000] {logging_mixin.py:188} INFO - [2024-01-09T07:35:14.293+0000] {dag.py:3033} INFO - Sync 1 DAGs
[2024-01-09T07:35:14.324+0000] {logging_mixin.py:188} INFO - [2024-01-09T07:35:14.324+0000] {dag.py:3820} INFO - Setting next_dagrun for tutorial to 2024-01-08T00:00:00+00:00, run_after=2024-01-09T00:00:00+00:00
[2024-01-09T07:35:14.351+0000] {processor.py:183} INFO - Processing /home/airflow/.local/lib/python3.8/site-packages/airflow/example_dags/tutorial.py took 0.099 seconds
[2024-01-09T07:35:45.018+0000] {processor.py:161} INFO - Started process (PID=127) to work on /home/airflow/.local/lib/python3.8/site-packages/airflow/example_dags/tutorial.py
[2024-01-09T07:35:45.019+0000] {processor.py:830} INFO - Processing file /home/airflow/.local/lib/python3.8/site-packages/airflow/example_dags/tutorial.py for tasks to queue
[2024-01-09T07:35:45.021+0000] {logging_mixin.py:188} INFO - [2024-01-09T07:35:45.021+0000] {dagbag.py:538} INFO - Filling up the DagBag from /home/airflow/.local/lib/python3.8/site-packages/airflow/example_dags/tutorial.py
[2024-01-09T07:35:45.026+0000] {processor.py:840} INFO - DAG(s) 'tutorial' retrieved from /home/airflow/.local/lib/python3.8/site-packages/airflow/example_dags/tutorial.py
[2024-01-09T07:35:45.104+0000] {logging_mixin.py:188} INFO - [2024-01-09T07:35:45.104+0000] {dag.py:3033} INFO - Sync 1 DAGs
[2024-01-09T07:35:45.119+0000] {logging_mixin.py:188} INFO - [2024-01-09T07:35:45.119+0000] {dag.py:3820} INFO - Setting next_dagrun for tutorial to 2024-01-08T00:00:00+00:00, run_after=2024-01-09T00:00:00+00:00
[2024-01-09T07:35:45.134+0000] {processor.py:183} INFO - Processing /home/airflow/.local/lib/python3.8/site-packages/airflow/example_dags/tutorial.py took 0.119 seconds
[2024-01-09T07:36:15.517+0000] {processor.py:161} INFO - Started process (PID=182) to work on /home/airflow/.local/lib/python3.8/site-packages/airflow/example_dags/tutorial.py
[2024-01-09T07:36:15.518+0000] {processor.py:830} INFO - Processing file /home/airflow/.local/lib/python3.8/site-packages/airflow/example_dags/tutorial.py for tasks to queue
[2024-01-09T07:36:15.520+0000] {logging_mixin.py:188} INFO - [2024-01-09T07:36:15.520+0000] {dagbag.py:538} INFO - Filling up the DagBag from /home/airflow/.local/lib/python3.8/site-packages/airflow/example_dags/tutorial.py
[2024-01-09T07:36:15.525+0000] {processor.py:840} INFO - DAG(s) 'tutorial' retrieved from /home/airflow/.local/lib/python3.8/site-packages/airflow/example_dags/tutorial.py
[2024-01-09T07:36:15.541+0000] {logging_mixin.py:188} INFO - [2024-01-09T07:36:15.541+0000] {dag.py:3033} INFO - Sync 1 DAGs
[2024-01-09T07:36:15.556+0000] {logging_mixin.py:188} INFO - [2024-01-09T07:36:15.556+0000] {dag.py:3820} INFO - Setting next_dagrun for tutorial to 2024-01-08T00:00:00+00:00, run_after=2024-01-09T00:00:00+00:00
[2024-01-09T07:36:15.568+0000] {processor.py:183} INFO - Processing /home/airflow/.local/lib/python3.8/site-packages/airflow/example_dags/tutorial.py took 0.054 seconds
[2024-01-09T07:36:45.862+0000] {processor.py:161} INFO - Started process (PID=237) to work on /home/airflow/.local/lib/python3.8/site-packages/airflow/example_dags/tutorial.py
[2024-01-09T07:36:45.863+0000] {processor.py:830} INFO - Processing file /home/airflow/.local/lib/python3.8/site-packages/airflow/example_dags/tutorial.py for tasks to queue
[2024-01-09T07:36:45.865+0000] {logging_mixin.py:188} INFO - [2024-01-09T07:36:45.865+0000] {dagbag.py:538} INFO - Filling up the DagBag from /home/airflow/.local/lib/python3.8/site-packages/airflow/example_dags/tutorial.py
[2024-01-09T07:36:45.870+0000] {processor.py:840} INFO - DAG(s) 'tutorial' retrieved from /home/airflow/.local/lib/python3.8/site-packages/airflow/example_dags/tutorial.py
[2024-01-09T07:36:45.886+0000] {logging_mixin.py:188} INFO - [2024-01-09T07:36:45.885+0000] {dag.py:3033} INFO - Sync 1 DAGs
[2024-01-09T07:36:45.902+0000] {logging_mixin.py:188} INFO - [2024-01-09T07:36:45.902+0000] {dag.py:3820} INFO - Setting next_dagrun for tutorial to 2024-01-08T00:00:00+00:00, run_after=2024-01-09T00:00:00+00:00
[2024-01-09T07:36:45.915+0000] {processor.py:183} INFO - Processing /home/airflow/.local/lib/python3.8/site-packages/airflow/example_dags/tutorial.py took 0.056 seconds
[2024-01-09T07:37:16.232+0000] {processor.py:161} INFO - Started process (PID=292) to work on /home/airflow/.local/lib/python3.8/site-packages/airflow/example_dags/tutorial.py
[2024-01-09T07:37:16.233+0000] {processor.py:830} INFO - Processing file /home/airflow/.local/lib/python3.8/site-packages/airflow/example_dags/tutorial.py for tasks to queue
[2024-01-09T07:37:16.235+0000] {logging_mixin.py:188} INFO - [2024-01-09T07:37:16.235+0000] {dagbag.py:538} INFO - Filling up the DagBag from /home/airflow/.local/lib/python3.8/site-packages/airflow/example_dags/tutorial.py
[2024-01-09T07:37:16.240+0000] {processor.py:840} INFO - DAG(s) 'tutorial' retrieved from /home/airflow/.local/lib/python3.8/site-packages/airflow/example_dags/tutorial.py
[2024-01-09T07:37:16.256+0000] {logging_mixin.py:188} INFO - [2024-01-09T07:37:16.256+0000] {dag.py:3033} INFO - Sync 1 DAGs
[2024-01-09T07:37:16.272+0000] {logging_mixin.py:188} INFO - [2024-01-09T07:37:16.272+0000] {dag.py:3820} INFO - Setting next_dagrun for tutorial to 2024-01-08T00:00:00+00:00, run_after=2024-01-09T00:00:00+00:00
[2024-01-09T07:37:16.285+0000] {processor.py:183} INFO - Processing /home/airflow/.local/lib/python3.8/site-packages/airflow/example_dags/tutorial.py took 0.056 seconds
[2024-01-09T07:37:46.654+0000] {processor.py:161} INFO - Started process (PID=347) to work on /home/airflow/.local/lib/python3.8/site-packages/airflow/example_dags/tutorial.py
[2024-01-09T07:37:46.655+0000] {processor.py:830} INFO - Processing file /home/airflow/.local/lib/python3.8/site-packages/airflow/example_dags/tutorial.py for tasks to queue
[2024-01-09T07:37:46.657+0000] {logging_mixin.py:188} INFO - [2024-01-09T07:37:46.657+0000] {dagbag.py:538} INFO - Filling up the DagBag from /home/airflow/.local/lib/python3.8/site-packages/airflow/example_dags/tutorial.py
[2024-01-09T07:37:46.662+0000] {processor.py:840} INFO - DAG(s) 'tutorial' retrieved from /home/airflow/.local/lib/python3.8/site-packages/airflow/example_dags/tutorial.py
[2024-01-09T07:37:46.679+0000] {logging_mixin.py:188} INFO - [2024-01-09T07:37:46.679+0000] {dag.py:3033} INFO - Sync 1 DAGs
[2024-01-09T07:37:46.698+0000] {logging_mixin.py:188} INFO - [2024-01-09T07:37:46.698+0000] {dag.py:3820} INFO - Setting next_dagrun for tutorial to 2024-01-08T00:00:00+00:00, run_after=2024-01-09T00:00:00+00:00
[2024-01-09T07:37:46.715+0000] {processor.py:183} INFO - Processing /home/airflow/.local/lib/python3.8/site-packages/airflow/example_dags/tutorial.py took 0.064 seconds
[2024-01-09T07:38:17.221+0000] {processor.py:161} INFO - Started process (PID=402) to work on /home/airflow/.local/lib/python3.8/site-packages/airflow/example_dags/tutorial.py
[2024-01-09T07:38:17.222+0000] {processor.py:830} INFO - Processing file /home/airflow/.local/lib/python3.8/site-packages/airflow/example_dags/tutorial.py for tasks to queue
[2024-01-09T07:38:17.225+0000] {logging_mixin.py:188} INFO - [2024-01-09T07:38:17.225+0000] {dagbag.py:538} INFO - Filling up the DagBag from /home/airflow/.local/lib/python3.8/site-packages/airflow/example_dags/tutorial.py
[2024-01-09T07:38:17.230+0000] {processor.py:840} INFO - DAG(s) 'tutorial' retrieved from /home/airflow/.local/lib/python3.8/site-packages/airflow/example_dags/tutorial.py
[2024-01-09T07:38:17.247+0000] {logging_mixin.py:188} INFO - [2024-01-09T07:38:17.247+0000] {dag.py:3033} INFO - Sync 1 DAGs
[2024-01-09T07:38:17.265+0000] {logging_mixin.py:188} INFO - [2024-01-09T07:38:17.265+0000] {dag.py:3820} INFO - Setting next_dagrun for tutorial to 2024-01-08T00:00:00+00:00, run_after=2024-01-09T00:00:00+00:00
[2024-01-09T07:38:17.282+0000] {processor.py:183} INFO - Processing /home/airflow/.local/lib/python3.8/site-packages/airflow/example_dags/tutorial.py took 0.064 seconds
[2024-01-09T07:38:47.650+0000] {processor.py:161} INFO - Started process (PID=457) to work on /home/airflow/.local/lib/python3.8/site-packages/airflow/example_dags/tutorial.py
[2024-01-09T07:38:47.651+0000] {processor.py:830} INFO - Processing file /home/airflow/.local/lib/python3.8/site-packages/airflow/example_dags/tutorial.py for tasks to queue
[2024-01-09T07:38:47.656+0000] {logging_mixin.py:188} INFO - [2024-01-09T07:38:47.656+0000] {dagbag.py:538} INFO - Filling up the DagBag from /home/airflow/.local/lib/python3.8/site-packages/airflow/example_dags/tutorial.py
[2024-01-09T07:38:47.663+0000] {processor.py:840} INFO - DAG(s) 'tutorial' retrieved from /home/airflow/.local/lib/python3.8/site-packages/airflow/example_dags/tutorial.py
[2024-01-09T07:38:47.689+0000] {logging_mixin.py:188} INFO - [2024-01-09T07:38:47.689+0000] {dag.py:3033} INFO - Sync 1 DAGs
[2024-01-09T07:38:47.707+0000] {logging_mixin.py:188} INFO - [2024-01-09T07:38:47.706+0000] {dag.py:3820} INFO - Setting next_dagrun for tutorial to 2024-01-08T00:00:00+00:00, run_after=2024-01-09T00:00:00+00:00
[2024-01-09T07:38:47.721+0000] {processor.py:183} INFO - Processing /home/airflow/.local/lib/python3.8/site-packages/airflow/example_dags/tutorial.py took 0.074 seconds
[2024-01-09T07:39:18.037+0000] {processor.py:161} INFO - Started process (PID=512) to work on /home/airflow/.local/lib/python3.8/site-packages/airflow/example_dags/tutorial.py
[2024-01-09T07:39:18.038+0000] {processor.py:830} INFO - Processing file /home/airflow/.local/lib/python3.8/site-packages/airflow/example_dags/tutorial.py for tasks to queue
[2024-01-09T07:39:18.039+0000] {logging_mixin.py:188} INFO - [2024-01-09T07:39:18.039+0000] {dagbag.py:538} INFO - Filling up the DagBag from /home/airflow/.local/lib/python3.8/site-packages/airflow/example_dags/tutorial.py
[2024-01-09T07:39:18.044+0000] {processor.py:840} INFO - DAG(s) 'tutorial' retrieved from /home/airflow/.local/lib/python3.8/site-packages/airflow/example_dags/tutorial.py
[2024-01-09T07:39:18.061+0000] {logging_mixin.py:188} INFO - [2024-01-09T07:39:18.061+0000] {dag.py:3033} INFO - Sync 1 DAGs
[2024-01-09T07:39:18.078+0000] {logging_mixin.py:188} INFO - [2024-01-09T07:39:18.078+0000] {dag.py:3820} INFO - Setting next_dagrun for tutorial to 2024-01-08T00:00:00+00:00, run_after=2024-01-09T00:00:00+00:00
[2024-01-09T07:39:18.094+0000] {processor.py:183} INFO - Processing /home/airflow/.local/lib/python3.8/site-packages/airflow/example_dags/tutorial.py took 0.061 seconds
[2024-01-09T07:39:48.486+0000] {processor.py:161} INFO - Started process (PID=567) to work on /home/airflow/.local/lib/python3.8/site-packages/airflow/example_dags/tutorial.py
[2024-01-09T07:39:48.487+0000] {processor.py:830} INFO - Processing file /home/airflow/.local/lib/python3.8/site-packages/airflow/example_dags/tutorial.py for tasks to queue
[2024-01-09T07:39:48.490+0000] {logging_mixin.py:188} INFO - [2024-01-09T07:39:48.490+0000] {dagbag.py:538} INFO - Filling up the DagBag from /home/airflow/.local/lib/python3.8/site-packages/airflow/example_dags/tutorial.py
[2024-01-09T07:39:48.495+0000] {processor.py:840} INFO - DAG(s) 'tutorial' retrieved from /home/airflow/.local/lib/python3.8/site-packages/airflow/example_dags/tutorial.py
[2024-01-09T07:39:48.512+0000] {logging_mixin.py:188} INFO - [2024-01-09T07:39:48.512+0000] {dag.py:3033} INFO - Sync 1 DAGs
[2024-01-09T07:39:48.529+0000] {logging_mixin.py:188} INFO - [2024-01-09T07:39:48.529+0000] {dag.py:3820} INFO - Setting next_dagrun for tutorial to 2024-01-08T00:00:00+00:00, run_after=2024-01-09T00:00:00+00:00
[2024-01-09T07:39:48.542+0000] {processor.py:183} INFO - Processing /home/airflow/.local/lib/python3.8/site-packages/airflow/example_dags/tutorial.py took 0.060 seconds
[2024-01-09T07:40:19.242+0000] {processor.py:161} INFO - Started process (PID=622) to work on /home/airflow/.local/lib/python3.8/site-packages/airflow/example_dags/tutorial.py
[2024-01-09T07:40:19.243+0000] {processor.py:830} INFO - Processing file /home/airflow/.local/lib/python3.8/site-packages/airflow/example_dags/tutorial.py for tasks to queue
[2024-01-09T07:40:19.246+0000] {logging_mixin.py:188} INFO - [2024-01-09T07:40:19.246+0000] {dagbag.py:538} INFO - Filling up the DagBag from /home/airflow/.local/lib/python3.8/site-packages/airflow/example_dags/tutorial.py
[2024-01-09T07:40:19.251+0000] {processor.py:840} INFO - DAG(s) 'tutorial' retrieved from /home/airflow/.local/lib/python3.8/site-packages/airflow/example_dags/tutorial.py
[2024-01-09T07:40:19.267+0000] {logging_mixin.py:188} INFO - [2024-01-09T07:40:19.267+0000] {dag.py:3033} INFO - Sync 1 DAGs
[2024-01-09T07:40:19.284+0000] {logging_mixin.py:188} INFO - [2024-01-09T07:40:19.284+0000] {dag.py:3820} INFO - Setting next_dagrun for tutorial to 2024-01-08T00:00:00+00:00, run_after=2024-01-09T00:00:00+00:00
[2024-01-09T07:40:19.297+0000] {processor.py:183} INFO - Processing /home/airflow/.local/lib/python3.8/site-packages/airflow/example_dags/tutorial.py took 0.057 seconds
[2024-01-09T07:40:49.394+0000] {processor.py:161} INFO - Started process (PID=677) to work on /home/airflow/.local/lib/python3.8/site-packages/airflow/example_dags/tutorial.py
[2024-01-09T07:40:49.395+0000] {processor.py:830} INFO - Processing file /home/airflow/.local/lib/python3.8/site-packages/airflow/example_dags/tutorial.py for tasks to queue
[2024-01-09T07:40:49.397+0000] {logging_mixin.py:188} INFO - [2024-01-09T07:40:49.396+0000] {dagbag.py:538} INFO - Filling up the DagBag from /home/airflow/.local/lib/python3.8/site-packages/airflow/example_dags/tutorial.py
[2024-01-09T07:40:49.402+0000] {processor.py:840} INFO - DAG(s) 'tutorial' retrieved from /home/airflow/.local/lib/python3.8/site-packages/airflow/example_dags/tutorial.py
[2024-01-09T07:40:49.418+0000] {logging_mixin.py:188} INFO - [2024-01-09T07:40:49.418+0000] {dag.py:3033} INFO - Sync 1 DAGs
[2024-01-09T07:40:49.435+0000] {logging_mixin.py:188} INFO - [2024-01-09T07:40:49.435+0000] {dag.py:3820} INFO - Setting next_dagrun for tutorial to 2024-01-08T00:00:00+00:00, run_after=2024-01-09T00:00:00+00:00
[2024-01-09T07:40:49.450+0000] {processor.py:183} INFO - Processing /home/airflow/.local/lib/python3.8/site-packages/airflow/example_dags/tutorial.py took 0.059 seconds
[2024-01-09T07:41:20.571+0000] {processor.py:161} INFO - Started process (PID=732) to work on /home/airflow/.local/lib/python3.8/site-packages/airflow/example_dags/tutorial.py
[2024-01-09T07:41:20.574+0000] {processor.py:830} INFO - Processing file /home/airflow/.local/lib/python3.8/site-packages/airflow/example_dags/tutorial.py for tasks to queue
[2024-01-09T07:41:20.579+0000] {logging_mixin.py:188} INFO - [2024-01-09T07:41:20.578+0000] {dagbag.py:538} INFO - Filling up the DagBag from /home/airflow/.local/lib/python3.8/site-packages/airflow/example_dags/tutorial.py
[2024-01-09T07:41:20.590+0000] {processor.py:840} INFO - DAG(s) 'tutorial' retrieved from /home/airflow/.local/lib/python3.8/site-packages/airflow/example_dags/tutorial.py
[2024-01-09T07:41:20.622+0000] {logging_mixin.py:188} INFO - [2024-01-09T07:41:20.622+0000] {dag.py:3033} INFO - Sync 1 DAGs
[2024-01-09T07:41:20.660+0000] {logging_mixin.py:188} INFO - [2024-01-09T07:41:20.659+0000] {dag.py:3820} INFO - Setting next_dagrun for tutorial to 2024-01-08T00:00:00+00:00, run_after=2024-01-09T00:00:00+00:00
[2024-01-09T07:41:20.696+0000] {processor.py:183} INFO - Processing /home/airflow/.local/lib/python3.8/site-packages/airflow/example_dags/tutorial.py took 0.132 seconds
[2024-01-09T07:41:51.232+0000] {processor.py:161} INFO - Started process (PID=787) to work on /home/airflow/.local/lib/python3.8/site-packages/airflow/example_dags/tutorial.py
[2024-01-09T07:41:51.233+0000] {processor.py:830} INFO - Processing file /home/airflow/.local/lib/python3.8/site-packages/airflow/example_dags/tutorial.py for tasks to queue
[2024-01-09T07:41:51.236+0000] {logging_mixin.py:188} INFO - [2024-01-09T07:41:51.236+0000] {dagbag.py:538} INFO - Filling up the DagBag from /home/airflow/.local/lib/python3.8/site-packages/airflow/example_dags/tutorial.py
[2024-01-09T07:41:51.240+0000] {processor.py:840} INFO - DAG(s) 'tutorial' retrieved from /home/airflow/.local/lib/python3.8/site-packages/airflow/example_dags/tutorial.py
[2024-01-09T07:41:51.256+0000] {logging_mixin.py:188} INFO - [2024-01-09T07:41:51.256+0000] {dag.py:3033} INFO - Sync 1 DAGs
[2024-01-09T07:41:51.272+0000] {logging_mixin.py:188} INFO - [2024-01-09T07:41:51.272+0000] {dag.py:3820} INFO - Setting next_dagrun for tutorial to 2024-01-08T00:00:00+00:00, run_after=2024-01-09T00:00:00+00:00
[2024-01-09T07:41:51.287+0000] {processor.py:183} INFO - Processing /home/airflow/.local/lib/python3.8/site-packages/airflow/example_dags/tutorial.py took 0.057 seconds
[2024-01-09T07:42:21.885+0000] {processor.py:161} INFO - Started process (PID=842) to work on /home/airflow/.local/lib/python3.8/site-packages/airflow/example_dags/tutorial.py
[2024-01-09T07:42:21.887+0000] {processor.py:830} INFO - Processing file /home/airflow/.local/lib/python3.8/site-packages/airflow/example_dags/tutorial.py for tasks to queue
[2024-01-09T07:42:21.891+0000] {logging_mixin.py:188} INFO - [2024-01-09T07:42:21.891+0000] {dagbag.py:538} INFO - Filling up the DagBag from /home/airflow/.local/lib/python3.8/site-packages/airflow/example_dags/tutorial.py
[2024-01-09T07:42:21.900+0000] {processor.py:840} INFO - DAG(s) 'tutorial' retrieved from /home/airflow/.local/lib/python3.8/site-packages/airflow/example_dags/tutorial.py
[2024-01-09T07:42:21.929+0000] {logging_mixin.py:188} INFO - [2024-01-09T07:42:21.929+0000] {dag.py:3033} INFO - Sync 1 DAGs
[2024-01-09T07:42:21.964+0000] {logging_mixin.py:188} INFO - [2024-01-09T07:42:21.964+0000] {dag.py:3820} INFO - Setting next_dagrun for tutorial to 2024-01-08T00:00:00+00:00, run_after=2024-01-09T00:00:00+00:00
[2024-01-09T07:42:21.994+0000] {processor.py:183} INFO - Processing /home/airflow/.local/lib/python3.8/site-packages/airflow/example_dags/tutorial.py took 0.115 seconds
[2024-01-09T07:42:52.900+0000] {processor.py:161} INFO - Started process (PID=897) to work on /home/airflow/.local/lib/python3.8/site-packages/airflow/example_dags/tutorial.py
[2024-01-09T07:42:52.901+0000] {processor.py:830} INFO - Processing file /home/airflow/.local/lib/python3.8/site-packages/airflow/example_dags/tutorial.py for tasks to queue
[2024-01-09T07:42:52.904+0000] {logging_mixin.py:188} INFO - [2024-01-09T07:42:52.903+0000] {dagbag.py:538} INFO - Filling up the DagBag from /home/airflow/.local/lib/python3.8/site-packages/airflow/example_dags/tutorial.py
[2024-01-09T07:42:52.908+0000] {processor.py:840} INFO - DAG(s) 'tutorial' retrieved from /home/airflow/.local/lib/python3.8/site-packages/airflow/example_dags/tutorial.py
[2024-01-09T07:42:52.926+0000] {logging_mixin.py:188} INFO - [2024-01-09T07:42:52.926+0000] {dag.py:3033} INFO - Sync 1 DAGs
[2024-01-09T07:42:52.944+0000] {logging_mixin.py:188} INFO - [2024-01-09T07:42:52.944+0000] {dag.py:3820} INFO - Setting next_dagrun for tutorial to 2024-01-08T00:00:00+00:00, run_after=2024-01-09T00:00:00+00:00
[2024-01-09T07:42:52.958+0000] {processor.py:183} INFO - Processing /home/airflow/.local/lib/python3.8/site-packages/airflow/example_dags/tutorial.py took 0.061 seconds
[2024-01-09T07:43:23.655+0000] {processor.py:161} INFO - Started process (PID=952) to work on /home/airflow/.local/lib/python3.8/site-packages/airflow/example_dags/tutorial.py
[2024-01-09T07:43:23.656+0000] {processor.py:830} INFO - Processing file /home/airflow/.local/lib/python3.8/site-packages/airflow/example_dags/tutorial.py for tasks to queue
[2024-01-09T07:43:23.659+0000] {logging_mixin.py:188} INFO - [2024-01-09T07:43:23.658+0000] {dagbag.py:538} INFO - Filling up the DagBag from /home/airflow/.local/lib/python3.8/site-packages/airflow/example_dags/tutorial.py
[2024-01-09T07:43:23.667+0000] {processor.py:840} INFO - DAG(s) 'tutorial' retrieved from /home/airflow/.local/lib/python3.8/site-packages/airflow/example_dags/tutorial.py
[2024-01-09T07:43:23.690+0000] {logging_mixin.py:188} INFO - [2024-01-09T07:43:23.690+0000] {dag.py:3033} INFO - Sync 1 DAGs
[2024-01-09T07:43:23.712+0000] {logging_mixin.py:188} INFO - [2024-01-09T07:43:23.712+0000] {dag.py:3820} INFO - Setting next_dagrun for tutorial to 2024-01-08T00:00:00+00:00, run_after=2024-01-09T00:00:00+00:00
[2024-01-09T07:43:23.732+0000] {processor.py:183} INFO - Processing /home/airflow/.local/lib/python3.8/site-packages/airflow/example_dags/tutorial.py took 0.081 seconds
[2024-01-09T07:43:53.809+0000] {processor.py:161} INFO - Started process (PID=1007) to work on /home/airflow/.local/lib/python3.8/site-packages/airflow/example_dags/tutorial.py
[2024-01-09T07:43:53.810+0000] {processor.py:830} INFO - Processing file /home/airflow/.local/lib/python3.8/site-packages/airflow/example_dags/tutorial.py for tasks to queue
[2024-01-09T07:43:53.812+0000] {logging_mixin.py:188} INFO - [2024-01-09T07:43:53.812+0000] {dagbag.py:538} INFO - Filling up the DagBag from /home/airflow/.local/lib/python3.8/site-packages/airflow/example_dags/tutorial.py
[2024-01-09T07:43:53.817+0000] {processor.py:840} INFO - DAG(s) 'tutorial' retrieved from /home/airflow/.local/lib/python3.8/site-packages/airflow/example_dags/tutorial.py
[2024-01-09T07:43:53.833+0000] {logging_mixin.py:188} INFO - [2024-01-09T07:43:53.833+0000] {dag.py:3033} INFO - Sync 1 DAGs
[2024-01-09T07:43:53.848+0000] {logging_mixin.py:188} INFO - [2024-01-09T07:43:53.847+0000] {dag.py:3820} INFO - Setting next_dagrun for tutorial to 2024-01-08T00:00:00+00:00, run_after=2024-01-09T00:00:00+00:00
[2024-01-09T07:43:53.860+0000] {processor.py:183} INFO - Processing /home/airflow/.local/lib/python3.8/site-packages/airflow/example_dags/tutorial.py took 0.054 seconds
[2024-01-09T07:44:24.517+0000] {processor.py:161} INFO - Started process (PID=1061) to work on /home/airflow/.local/lib/python3.8/site-packages/airflow/example_dags/tutorial.py
[2024-01-09T07:44:24.518+0000] {processor.py:830} INFO - Processing file /home/airflow/.local/lib/python3.8/site-packages/airflow/example_dags/tutorial.py for tasks to queue
[2024-01-09T07:44:24.520+0000] {logging_mixin.py:188} INFO - [2024-01-09T07:44:24.520+0000] {dagbag.py:538} INFO - Filling up the DagBag from /home/airflow/.local/lib/python3.8/site-packages/airflow/example_dags/tutorial.py
[2024-01-09T07:44:24.525+0000] {processor.py:840} INFO - DAG(s) 'tutorial' retrieved from /home/airflow/.local/lib/python3.8/site-packages/airflow/example_dags/tutorial.py
[2024-01-09T07:44:24.542+0000] {logging_mixin.py:188} INFO - [2024-01-09T07:44:24.542+0000] {dag.py:3033} INFO - Sync 1 DAGs
[2024-01-09T07:44:24.557+0000] {logging_mixin.py:188} INFO - [2024-01-09T07:44:24.557+0000] {dag.py:3820} INFO - Setting next_dagrun for tutorial to 2024-01-08T00:00:00+00:00, run_after=2024-01-09T00:00:00+00:00
[2024-01-09T07:44:24.570+0000] {processor.py:183} INFO - Processing /home/airflow/.local/lib/python3.8/site-packages/airflow/example_dags/tutorial.py took 0.056 seconds
[2024-01-09T07:44:54.744+0000] {processor.py:161} INFO - Started process (PID=1116) to work on /home/airflow/.local/lib/python3.8/site-packages/airflow/example_dags/tutorial.py
[2024-01-09T07:44:54.745+0000] {processor.py:830} INFO - Processing file /home/airflow/.local/lib/python3.8/site-packages/airflow/example_dags/tutorial.py for tasks to queue
[2024-01-09T07:44:54.747+0000] {logging_mixin.py:188} INFO - [2024-01-09T07:44:54.746+0000] {dagbag.py:538} INFO - Filling up the DagBag from /home/airflow/.local/lib/python3.8/site-packages/airflow/example_dags/tutorial.py
[2024-01-09T07:44:54.752+0000] {processor.py:840} INFO - DAG(s) 'tutorial' retrieved from /home/airflow/.local/lib/python3.8/site-packages/airflow/example_dags/tutorial.py
[2024-01-09T07:44:54.768+0000] {logging_mixin.py:188} INFO - [2024-01-09T07:44:54.768+0000] {dag.py:3033} INFO - Sync 1 DAGs
[2024-01-09T07:44:54.783+0000] {logging_mixin.py:188} INFO - [2024-01-09T07:44:54.783+0000] {dag.py:3820} INFO - Setting next_dagrun for tutorial to 2024-01-08T00:00:00+00:00, run_after=2024-01-09T00:00:00+00:00
[2024-01-09T07:44:54.796+0000] {processor.py:183} INFO - Processing /home/airflow/.local/lib/python3.8/site-packages/airflow/example_dags/tutorial.py took 0.055 seconds
[2024-01-09T07:45:25.313+0000] {processor.py:161} INFO - Started process (PID=1170) to work on /home/airflow/.local/lib/python3.8/site-packages/airflow/example_dags/tutorial.py
[2024-01-09T07:45:25.314+0000] {processor.py:830} INFO - Processing file /home/airflow/.local/lib/python3.8/site-packages/airflow/example_dags/tutorial.py for tasks to queue
[2024-01-09T07:45:25.316+0000] {logging_mixin.py:188} INFO - [2024-01-09T07:45:25.316+0000] {dagbag.py:538} INFO - Filling up the DagBag from /home/airflow/.local/lib/python3.8/site-packages/airflow/example_dags/tutorial.py
[2024-01-09T07:45:25.321+0000] {processor.py:840} INFO - DAG(s) 'tutorial' retrieved from /home/airflow/.local/lib/python3.8/site-packages/airflow/example_dags/tutorial.py
[2024-01-09T07:45:25.338+0000] {logging_mixin.py:188} INFO - [2024-01-09T07:45:25.338+0000] {dag.py:3033} INFO - Sync 1 DAGs
[2024-01-09T07:45:25.356+0000] {logging_mixin.py:188} INFO - [2024-01-09T07:45:25.356+0000] {dag.py:3820} INFO - Setting next_dagrun for tutorial to 2024-01-08T00:00:00+00:00, run_after=2024-01-09T00:00:00+00:00
[2024-01-09T07:45:25.372+0000] {processor.py:183} INFO - Processing /home/airflow/.local/lib/python3.8/site-packages/airflow/example_dags/tutorial.py took 0.062 seconds
[2024-01-09T07:45:55.550+0000] {processor.py:161} INFO - Started process (PID=1225) to work on /home/airflow/.local/lib/python3.8/site-packages/airflow/example_dags/tutorial.py
[2024-01-09T07:45:55.550+0000] {processor.py:830} INFO - Processing file /home/airflow/.local/lib/python3.8/site-packages/airflow/example_dags/tutorial.py for tasks to queue
[2024-01-09T07:45:55.553+0000] {logging_mixin.py:188} INFO - [2024-01-09T07:45:55.553+0000] {dagbag.py:538} INFO - Filling up the DagBag from /home/airflow/.local/lib/python3.8/site-packages/airflow/example_dags/tutorial.py
[2024-01-09T07:45:55.558+0000] {processor.py:840} INFO - DAG(s) 'tutorial' retrieved from /home/airflow/.local/lib/python3.8/site-packages/airflow/example_dags/tutorial.py
[2024-01-09T07:45:55.574+0000] {logging_mixin.py:188} INFO - [2024-01-09T07:45:55.574+0000] {dag.py:3033} INFO - Sync 1 DAGs
[2024-01-09T07:45:55.590+0000] {logging_mixin.py:188} INFO - [2024-01-09T07:45:55.589+0000] {dag.py:3820} INFO - Setting next_dagrun for tutorial to 2024-01-08T00:00:00+00:00, run_after=2024-01-09T00:00:00+00:00
[2024-01-09T07:45:55.602+0000] {processor.py:183} INFO - Processing /home/airflow/.local/lib/python3.8/site-packages/airflow/example_dags/tutorial.py took 0.056 seconds
[2024-01-09T07:46:25.977+0000] {processor.py:161} INFO - Started process (PID=1280) to work on /home/airflow/.local/lib/python3.8/site-packages/airflow/example_dags/tutorial.py
[2024-01-09T07:46:25.978+0000] {processor.py:830} INFO - Processing file /home/airflow/.local/lib/python3.8/site-packages/airflow/example_dags/tutorial.py for tasks to queue
[2024-01-09T07:46:25.980+0000] {logging_mixin.py:188} INFO - [2024-01-09T07:46:25.979+0000] {dagbag.py:538} INFO - Filling up the DagBag from /home/airflow/.local/lib/python3.8/site-packages/airflow/example_dags/tutorial.py
[2024-01-09T07:46:25.985+0000] {processor.py:840} INFO - DAG(s) 'tutorial' retrieved from /home/airflow/.local/lib/python3.8/site-packages/airflow/example_dags/tutorial.py
[2024-01-09T07:46:26.000+0000] {logging_mixin.py:188} INFO - [2024-01-09T07:46:26.000+0000] {dag.py:3033} INFO - Sync 1 DAGs
[2024-01-09T07:46:26.016+0000] {logging_mixin.py:188} INFO - [2024-01-09T07:46:26.016+0000] {dag.py:3820} INFO - Setting next_dagrun for tutorial to 2024-01-08T00:00:00+00:00, run_after=2024-01-09T00:00:00+00:00
[2024-01-09T07:46:26.028+0000] {processor.py:183} INFO - Processing /home/airflow/.local/lib/python3.8/site-packages/airflow/example_dags/tutorial.py took 0.055 seconds
[2024-01-09T07:46:56.295+0000] {processor.py:161} INFO - Started process (PID=1335) to work on /home/airflow/.local/lib/python3.8/site-packages/airflow/example_dags/tutorial.py
[2024-01-09T07:46:56.296+0000] {processor.py:830} INFO - Processing file /home/airflow/.local/lib/python3.8/site-packages/airflow/example_dags/tutorial.py for tasks to queue
[2024-01-09T07:46:56.299+0000] {logging_mixin.py:188} INFO - [2024-01-09T07:46:56.298+0000] {dagbag.py:538} INFO - Filling up the DagBag from /home/airflow/.local/lib/python3.8/site-packages/airflow/example_dags/tutorial.py
[2024-01-09T07:46:56.303+0000] {processor.py:840} INFO - DAG(s) 'tutorial' retrieved from /home/airflow/.local/lib/python3.8/site-packages/airflow/example_dags/tutorial.py
[2024-01-09T07:46:56.319+0000] {logging_mixin.py:188} INFO - [2024-01-09T07:46:56.319+0000] {dag.py:3033} INFO - Sync 1 DAGs
[2024-01-09T07:46:56.335+0000] {logging_mixin.py:188} INFO - [2024-01-09T07:46:56.335+0000] {dag.py:3820} INFO - Setting next_dagrun for tutorial to 2024-01-08T00:00:00+00:00, run_after=2024-01-09T00:00:00+00:00
[2024-01-09T07:46:56.348+0000] {processor.py:183} INFO - Processing /home/airflow/.local/lib/python3.8/site-packages/airflow/example_dags/tutorial.py took 0.056 seconds
[2024-01-09T07:47:26.546+0000] {processor.py:161} INFO - Started process (PID=1390) to work on /home/airflow/.local/lib/python3.8/site-packages/airflow/example_dags/tutorial.py
[2024-01-09T07:47:26.547+0000] {processor.py:830} INFO - Processing file /home/airflow/.local/lib/python3.8/site-packages/airflow/example_dags/tutorial.py for tasks to queue
[2024-01-09T07:47:26.549+0000] {logging_mixin.py:188} INFO - [2024-01-09T07:47:26.549+0000] {dagbag.py:538} INFO - Filling up the DagBag from /home/airflow/.local/lib/python3.8/site-packages/airflow/example_dags/tutorial.py
[2024-01-09T07:47:26.554+0000] {processor.py:840} INFO - DAG(s) 'tutorial' retrieved from /home/airflow/.local/lib/python3.8/site-packages/airflow/example_dags/tutorial.py
[2024-01-09T07:47:26.572+0000] {logging_mixin.py:188} INFO - [2024-01-09T07:47:26.572+0000] {dag.py:3033} INFO - Sync 1 DAGs
[2024-01-09T07:47:26.593+0000] {logging_mixin.py:188} INFO - [2024-01-09T07:47:26.593+0000] {dag.py:3820} INFO - Setting next_dagrun for tutorial to 2024-01-08T00:00:00+00:00, run_after=2024-01-09T00:00:00+00:00
[2024-01-09T07:47:26.610+0000] {processor.py:183} INFO - Processing /home/airflow/.local/lib/python3.8/site-packages/airflow/example_dags/tutorial.py took 0.067 seconds
[2024-01-09T07:47:56.782+0000] {processor.py:161} INFO - Started process (PID=1445) to work on /home/airflow/.local/lib/python3.8/site-packages/airflow/example_dags/tutorial.py
[2024-01-09T07:47:56.783+0000] {processor.py:830} INFO - Processing file /home/airflow/.local/lib/python3.8/site-packages/airflow/example_dags/tutorial.py for tasks to queue
[2024-01-09T07:47:56.785+0000] {logging_mixin.py:188} INFO - [2024-01-09T07:47:56.785+0000] {dagbag.py:538} INFO - Filling up the DagBag from /home/airflow/.local/lib/python3.8/site-packages/airflow/example_dags/tutorial.py
[2024-01-09T07:47:56.790+0000] {processor.py:840} INFO - DAG(s) 'tutorial' retrieved from /home/airflow/.local/lib/python3.8/site-packages/airflow/example_dags/tutorial.py
[2024-01-09T07:47:56.806+0000] {logging_mixin.py:188} INFO - [2024-01-09T07:47:56.806+0000] {dag.py:3033} INFO - Sync 1 DAGs
[2024-01-09T07:47:56.822+0000] {logging_mixin.py:188} INFO - [2024-01-09T07:47:56.822+0000] {dag.py:3820} INFO - Setting next_dagrun for tutorial to 2024-01-08T00:00:00+00:00, run_after=2024-01-09T00:00:00+00:00
[2024-01-09T07:47:56.839+0000] {processor.py:183} INFO - Processing /home/airflow/.local/lib/python3.8/site-packages/airflow/example_dags/tutorial.py took 0.060 seconds
[2024-01-09T07:48:27.228+0000] {processor.py:161} INFO - Started process (PID=1500) to work on /home/airflow/.local/lib/python3.8/site-packages/airflow/example_dags/tutorial.py
[2024-01-09T07:48:27.230+0000] {processor.py:830} INFO - Processing file /home/airflow/.local/lib/python3.8/site-packages/airflow/example_dags/tutorial.py for tasks to queue
[2024-01-09T07:48:27.232+0000] {logging_mixin.py:188} INFO - [2024-01-09T07:48:27.232+0000] {dagbag.py:538} INFO - Filling up the DagBag from /home/airflow/.local/lib/python3.8/site-packages/airflow/example_dags/tutorial.py
[2024-01-09T07:48:27.239+0000] {processor.py:840} INFO - DAG(s) 'tutorial' retrieved from /home/airflow/.local/lib/python3.8/site-packages/airflow/example_dags/tutorial.py
[2024-01-09T07:48:27.260+0000] {logging_mixin.py:188} INFO - [2024-01-09T07:48:27.260+0000] {dag.py:3033} INFO - Sync 1 DAGs
[2024-01-09T07:48:27.281+0000] {logging_mixin.py:188} INFO - [2024-01-09T07:48:27.281+0000] {dag.py:3820} INFO - Setting next_dagrun for tutorial to 2024-01-08T00:00:00+00:00, run_after=2024-01-09T00:00:00+00:00
[2024-01-09T07:48:27.437+0000] {processor.py:183} INFO - Processing /home/airflow/.local/lib/python3.8/site-packages/airflow/example_dags/tutorial.py took 0.212 seconds
[2024-01-09T07:48:57.813+0000] {processor.py:161} INFO - Started process (PID=1555) to work on /home/airflow/.local/lib/python3.8/site-packages/airflow/example_dags/tutorial.py
[2024-01-09T07:48:57.814+0000] {processor.py:830} INFO - Processing file /home/airflow/.local/lib/python3.8/site-packages/airflow/example_dags/tutorial.py for tasks to queue
[2024-01-09T07:48:57.816+0000] {logging_mixin.py:188} INFO - [2024-01-09T07:48:57.816+0000] {dagbag.py:538} INFO - Filling up the DagBag from /home/airflow/.local/lib/python3.8/site-packages/airflow/example_dags/tutorial.py
[2024-01-09T07:48:57.821+0000] {processor.py:840} INFO - DAG(s) 'tutorial' retrieved from /home/airflow/.local/lib/python3.8/site-packages/airflow/example_dags/tutorial.py
[2024-01-09T07:48:57.839+0000] {logging_mixin.py:188} INFO - [2024-01-09T07:48:57.839+0000] {dag.py:3033} INFO - Sync 1 DAGs
[2024-01-09T07:48:57.855+0000] {logging_mixin.py:188} INFO - [2024-01-09T07:48:57.855+0000] {dag.py:3820} INFO - Setting next_dagrun for tutorial to 2024-01-08T00:00:00+00:00, run_after=2024-01-09T00:00:00+00:00
[2024-01-09T07:48:57.871+0000] {processor.py:183} INFO - Processing /home/airflow/.local/lib/python3.8/site-packages/airflow/example_dags/tutorial.py took 0.061 seconds
[2024-01-09T07:49:28.369+0000] {processor.py:161} INFO - Started process (PID=1616) to work on /home/airflow/.local/lib/python3.8/site-packages/airflow/example_dags/tutorial.py
[2024-01-09T07:49:28.370+0000] {processor.py:830} INFO - Processing file /home/airflow/.local/lib/python3.8/site-packages/airflow/example_dags/tutorial.py for tasks to queue
[2024-01-09T07:49:28.373+0000] {logging_mixin.py:188} INFO - [2024-01-09T07:49:28.372+0000] {dagbag.py:538} INFO - Filling up the DagBag from /home/airflow/.local/lib/python3.8/site-packages/airflow/example_dags/tutorial.py
[2024-01-09T07:49:28.379+0000] {processor.py:840} INFO - DAG(s) 'tutorial' retrieved from /home/airflow/.local/lib/python3.8/site-packages/airflow/example_dags/tutorial.py
[2024-01-09T07:49:28.401+0000] {logging_mixin.py:188} INFO - [2024-01-09T07:49:28.401+0000] {dag.py:3033} INFO - Sync 1 DAGs
[2024-01-09T07:49:28.418+0000] {logging_mixin.py:188} INFO - [2024-01-09T07:49:28.418+0000] {dag.py:3820} INFO - Setting next_dagrun for tutorial to 2024-01-08T00:00:00+00:00, run_after=2024-01-09T00:00:00+00:00
[2024-01-09T07:49:28.431+0000] {processor.py:183} INFO - Processing /home/airflow/.local/lib/python3.8/site-packages/airflow/example_dags/tutorial.py took 0.065 seconds
