[2024-01-09T07:35:13.412+0000] {processor.py:161} INFO - Started process (PID=59) to work on /home/airflow/.local/lib/python3.8/site-packages/airflow/example_dags/tutorial_dag.py
[2024-01-09T07:35:13.413+0000] {processor.py:830} INFO - Processing file /home/airflow/.local/lib/python3.8/site-packages/airflow/example_dags/tutorial_dag.py for tasks to queue
[2024-01-09T07:35:13.416+0000] {logging_mixin.py:188} INFO - [2024-01-09T07:35:13.416+0000] {dagbag.py:538} INFO - Filling up the DagBag from /home/airflow/.local/lib/python3.8/site-packages/airflow/example_dags/tutorial_dag.py
[2024-01-09T07:35:13.428+0000] {processor.py:840} INFO - DAG(s) 'tutorial_dag' retrieved from /home/airflow/.local/lib/python3.8/site-packages/airflow/example_dags/tutorial_dag.py
[2024-01-09T07:35:13.444+0000] {logging_mixin.py:188} INFO - [2024-01-09T07:35:13.443+0000] {dag.py:3033} INFO - Sync 1 DAGs
[2024-01-09T07:35:13.460+0000] {logging_mixin.py:188} INFO - [2024-01-09T07:35:13.460+0000] {dag.py:3820} INFO - Setting next_dagrun for tutorial_dag to None, run_after=None
[2024-01-09T07:35:13.487+0000] {processor.py:183} INFO - Processing /home/airflow/.local/lib/python3.8/site-packages/airflow/example_dags/tutorial_dag.py took 0.079 seconds
[2024-01-09T07:35:43.927+0000] {processor.py:161} INFO - Started process (PID=114) to work on /home/airflow/.local/lib/python3.8/site-packages/airflow/example_dags/tutorial_dag.py
[2024-01-09T07:35:43.928+0000] {processor.py:830} INFO - Processing file /home/airflow/.local/lib/python3.8/site-packages/airflow/example_dags/tutorial_dag.py for tasks to queue
[2024-01-09T07:35:43.930+0000] {logging_mixin.py:188} INFO - [2024-01-09T07:35:43.930+0000] {dagbag.py:538} INFO - Filling up the DagBag from /home/airflow/.local/lib/python3.8/site-packages/airflow/example_dags/tutorial_dag.py
[2024-01-09T07:35:43.935+0000] {processor.py:840} INFO - DAG(s) 'tutorial_dag' retrieved from /home/airflow/.local/lib/python3.8/site-packages/airflow/example_dags/tutorial_dag.py
[2024-01-09T07:35:44.018+0000] {logging_mixin.py:188} INFO - [2024-01-09T07:35:44.017+0000] {dag.py:3033} INFO - Sync 1 DAGs
[2024-01-09T07:35:44.027+0000] {logging_mixin.py:188} INFO - [2024-01-09T07:35:44.027+0000] {dag.py:3820} INFO - Setting next_dagrun for tutorial_dag to None, run_after=None
[2024-01-09T07:35:44.044+0000] {processor.py:183} INFO - Processing /home/airflow/.local/lib/python3.8/site-packages/airflow/example_dags/tutorial_dag.py took 0.120 seconds
[2024-01-09T07:36:14.955+0000] {processor.py:161} INFO - Started process (PID=169) to work on /home/airflow/.local/lib/python3.8/site-packages/airflow/example_dags/tutorial_dag.py
[2024-01-09T07:36:14.956+0000] {processor.py:830} INFO - Processing file /home/airflow/.local/lib/python3.8/site-packages/airflow/example_dags/tutorial_dag.py for tasks to queue
[2024-01-09T07:36:14.958+0000] {logging_mixin.py:188} INFO - [2024-01-09T07:36:14.957+0000] {dagbag.py:538} INFO - Filling up the DagBag from /home/airflow/.local/lib/python3.8/site-packages/airflow/example_dags/tutorial_dag.py
[2024-01-09T07:36:14.962+0000] {processor.py:840} INFO - DAG(s) 'tutorial_dag' retrieved from /home/airflow/.local/lib/python3.8/site-packages/airflow/example_dags/tutorial_dag.py
[2024-01-09T07:36:14.977+0000] {logging_mixin.py:188} INFO - [2024-01-09T07:36:14.977+0000] {dag.py:3033} INFO - Sync 1 DAGs
[2024-01-09T07:36:14.986+0000] {logging_mixin.py:188} INFO - [2024-01-09T07:36:14.986+0000] {dag.py:3820} INFO - Setting next_dagrun for tutorial_dag to None, run_after=None
[2024-01-09T07:36:14.999+0000] {processor.py:183} INFO - Processing /home/airflow/.local/lib/python3.8/site-packages/airflow/example_dags/tutorial_dag.py took 0.047 seconds
[2024-01-09T07:36:45.283+0000] {processor.py:161} INFO - Started process (PID=224) to work on /home/airflow/.local/lib/python3.8/site-packages/airflow/example_dags/tutorial_dag.py
[2024-01-09T07:36:45.284+0000] {processor.py:830} INFO - Processing file /home/airflow/.local/lib/python3.8/site-packages/airflow/example_dags/tutorial_dag.py for tasks to queue
[2024-01-09T07:36:45.286+0000] {logging_mixin.py:188} INFO - [2024-01-09T07:36:45.286+0000] {dagbag.py:538} INFO - Filling up the DagBag from /home/airflow/.local/lib/python3.8/site-packages/airflow/example_dags/tutorial_dag.py
[2024-01-09T07:36:45.291+0000] {processor.py:840} INFO - DAG(s) 'tutorial_dag' retrieved from /home/airflow/.local/lib/python3.8/site-packages/airflow/example_dags/tutorial_dag.py
[2024-01-09T07:36:45.306+0000] {logging_mixin.py:188} INFO - [2024-01-09T07:36:45.306+0000] {dag.py:3033} INFO - Sync 1 DAGs
[2024-01-09T07:36:45.315+0000] {logging_mixin.py:188} INFO - [2024-01-09T07:36:45.315+0000] {dag.py:3820} INFO - Setting next_dagrun for tutorial_dag to None, run_after=None
[2024-01-09T07:36:45.327+0000] {processor.py:183} INFO - Processing /home/airflow/.local/lib/python3.8/site-packages/airflow/example_dags/tutorial_dag.py took 0.047 seconds
[2024-01-09T07:37:15.623+0000] {processor.py:161} INFO - Started process (PID=279) to work on /home/airflow/.local/lib/python3.8/site-packages/airflow/example_dags/tutorial_dag.py
[2024-01-09T07:37:15.624+0000] {processor.py:830} INFO - Processing file /home/airflow/.local/lib/python3.8/site-packages/airflow/example_dags/tutorial_dag.py for tasks to queue
[2024-01-09T07:37:15.626+0000] {logging_mixin.py:188} INFO - [2024-01-09T07:37:15.626+0000] {dagbag.py:538} INFO - Filling up the DagBag from /home/airflow/.local/lib/python3.8/site-packages/airflow/example_dags/tutorial_dag.py
[2024-01-09T07:37:15.630+0000] {processor.py:840} INFO - DAG(s) 'tutorial_dag' retrieved from /home/airflow/.local/lib/python3.8/site-packages/airflow/example_dags/tutorial_dag.py
[2024-01-09T07:37:15.645+0000] {logging_mixin.py:188} INFO - [2024-01-09T07:37:15.645+0000] {dag.py:3033} INFO - Sync 1 DAGs
[2024-01-09T07:37:15.654+0000] {logging_mixin.py:188} INFO - [2024-01-09T07:37:15.654+0000] {dag.py:3820} INFO - Setting next_dagrun for tutorial_dag to None, run_after=None
[2024-01-09T07:37:15.666+0000] {processor.py:183} INFO - Processing /home/airflow/.local/lib/python3.8/site-packages/airflow/example_dags/tutorial_dag.py took 0.046 seconds
[2024-01-09T07:37:46.037+0000] {processor.py:161} INFO - Started process (PID=334) to work on /home/airflow/.local/lib/python3.8/site-packages/airflow/example_dags/tutorial_dag.py
[2024-01-09T07:37:46.038+0000] {processor.py:830} INFO - Processing file /home/airflow/.local/lib/python3.8/site-packages/airflow/example_dags/tutorial_dag.py for tasks to queue
[2024-01-09T07:37:46.040+0000] {logging_mixin.py:188} INFO - [2024-01-09T07:37:46.039+0000] {dagbag.py:538} INFO - Filling up the DagBag from /home/airflow/.local/lib/python3.8/site-packages/airflow/example_dags/tutorial_dag.py
[2024-01-09T07:37:46.044+0000] {processor.py:840} INFO - DAG(s) 'tutorial_dag' retrieved from /home/airflow/.local/lib/python3.8/site-packages/airflow/example_dags/tutorial_dag.py
[2024-01-09T07:37:46.059+0000] {logging_mixin.py:188} INFO - [2024-01-09T07:37:46.059+0000] {dag.py:3033} INFO - Sync 1 DAGs
[2024-01-09T07:37:46.068+0000] {logging_mixin.py:188} INFO - [2024-01-09T07:37:46.068+0000] {dag.py:3820} INFO - Setting next_dagrun for tutorial_dag to None, run_after=None
[2024-01-09T07:37:46.080+0000] {processor.py:183} INFO - Processing /home/airflow/.local/lib/python3.8/site-packages/airflow/example_dags/tutorial_dag.py took 0.046 seconds
[2024-01-09T07:38:16.727+0000] {processor.py:161} INFO - Started process (PID=389) to work on /home/airflow/.local/lib/python3.8/site-packages/airflow/example_dags/tutorial_dag.py
[2024-01-09T07:38:16.728+0000] {processor.py:830} INFO - Processing file /home/airflow/.local/lib/python3.8/site-packages/airflow/example_dags/tutorial_dag.py for tasks to queue
[2024-01-09T07:38:16.730+0000] {logging_mixin.py:188} INFO - [2024-01-09T07:38:16.730+0000] {dagbag.py:538} INFO - Filling up the DagBag from /home/airflow/.local/lib/python3.8/site-packages/airflow/example_dags/tutorial_dag.py
[2024-01-09T07:38:16.734+0000] {processor.py:840} INFO - DAG(s) 'tutorial_dag' retrieved from /home/airflow/.local/lib/python3.8/site-packages/airflow/example_dags/tutorial_dag.py
[2024-01-09T07:38:16.751+0000] {logging_mixin.py:188} INFO - [2024-01-09T07:38:16.751+0000] {dag.py:3033} INFO - Sync 1 DAGs
[2024-01-09T07:38:16.761+0000] {logging_mixin.py:188} INFO - [2024-01-09T07:38:16.761+0000] {dag.py:3820} INFO - Setting next_dagrun for tutorial_dag to None, run_after=None
[2024-01-09T07:38:16.776+0000] {processor.py:183} INFO - Processing /home/airflow/.local/lib/python3.8/site-packages/airflow/example_dags/tutorial_dag.py took 0.053 seconds
[2024-01-09T07:38:47.024+0000] {processor.py:161} INFO - Started process (PID=444) to work on /home/airflow/.local/lib/python3.8/site-packages/airflow/example_dags/tutorial_dag.py
[2024-01-09T07:38:47.025+0000] {processor.py:830} INFO - Processing file /home/airflow/.local/lib/python3.8/site-packages/airflow/example_dags/tutorial_dag.py for tasks to queue
[2024-01-09T07:38:47.027+0000] {logging_mixin.py:188} INFO - [2024-01-09T07:38:47.027+0000] {dagbag.py:538} INFO - Filling up the DagBag from /home/airflow/.local/lib/python3.8/site-packages/airflow/example_dags/tutorial_dag.py
[2024-01-09T07:38:47.031+0000] {processor.py:840} INFO - DAG(s) 'tutorial_dag' retrieved from /home/airflow/.local/lib/python3.8/site-packages/airflow/example_dags/tutorial_dag.py
[2024-01-09T07:38:47.047+0000] {logging_mixin.py:188} INFO - [2024-01-09T07:38:47.046+0000] {dag.py:3033} INFO - Sync 1 DAGs
[2024-01-09T07:38:47.055+0000] {logging_mixin.py:188} INFO - [2024-01-09T07:38:47.055+0000] {dag.py:3820} INFO - Setting next_dagrun for tutorial_dag to None, run_after=None
[2024-01-09T07:38:47.067+0000] {processor.py:183} INFO - Processing /home/airflow/.local/lib/python3.8/site-packages/airflow/example_dags/tutorial_dag.py took 0.046 seconds
[2024-01-09T07:39:17.489+0000] {processor.py:161} INFO - Started process (PID=499) to work on /home/airflow/.local/lib/python3.8/site-packages/airflow/example_dags/tutorial_dag.py
[2024-01-09T07:39:17.490+0000] {processor.py:830} INFO - Processing file /home/airflow/.local/lib/python3.8/site-packages/airflow/example_dags/tutorial_dag.py for tasks to queue
[2024-01-09T07:39:17.492+0000] {logging_mixin.py:188} INFO - [2024-01-09T07:39:17.492+0000] {dagbag.py:538} INFO - Filling up the DagBag from /home/airflow/.local/lib/python3.8/site-packages/airflow/example_dags/tutorial_dag.py
[2024-01-09T07:39:17.498+0000] {processor.py:840} INFO - DAG(s) 'tutorial_dag' retrieved from /home/airflow/.local/lib/python3.8/site-packages/airflow/example_dags/tutorial_dag.py
[2024-01-09T07:39:17.523+0000] {logging_mixin.py:188} INFO - [2024-01-09T07:39:17.522+0000] {dag.py:3033} INFO - Sync 1 DAGs
[2024-01-09T07:39:17.532+0000] {logging_mixin.py:188} INFO - [2024-01-09T07:39:17.532+0000] {dag.py:3820} INFO - Setting next_dagrun for tutorial_dag to None, run_after=None
[2024-01-09T07:39:17.569+0000] {processor.py:183} INFO - Processing /home/airflow/.local/lib/python3.8/site-packages/airflow/example_dags/tutorial_dag.py took 0.084 seconds
[2024-01-09T07:39:47.823+0000] {processor.py:161} INFO - Started process (PID=554) to work on /home/airflow/.local/lib/python3.8/site-packages/airflow/example_dags/tutorial_dag.py
[2024-01-09T07:39:47.825+0000] {processor.py:830} INFO - Processing file /home/airflow/.local/lib/python3.8/site-packages/airflow/example_dags/tutorial_dag.py for tasks to queue
[2024-01-09T07:39:47.827+0000] {logging_mixin.py:188} INFO - [2024-01-09T07:39:47.826+0000] {dagbag.py:538} INFO - Filling up the DagBag from /home/airflow/.local/lib/python3.8/site-packages/airflow/example_dags/tutorial_dag.py
[2024-01-09T07:39:47.831+0000] {processor.py:840} INFO - DAG(s) 'tutorial_dag' retrieved from /home/airflow/.local/lib/python3.8/site-packages/airflow/example_dags/tutorial_dag.py
[2024-01-09T07:39:47.847+0000] {logging_mixin.py:188} INFO - [2024-01-09T07:39:47.847+0000] {dag.py:3033} INFO - Sync 1 DAGs
[2024-01-09T07:39:47.857+0000] {logging_mixin.py:188} INFO - [2024-01-09T07:39:47.857+0000] {dag.py:3820} INFO - Setting next_dagrun for tutorial_dag to None, run_after=None
[2024-01-09T07:39:47.870+0000] {processor.py:183} INFO - Processing /home/airflow/.local/lib/python3.8/site-packages/airflow/example_dags/tutorial_dag.py took 0.049 seconds
[2024-01-09T07:40:18.576+0000] {processor.py:161} INFO - Started process (PID=609) to work on /home/airflow/.local/lib/python3.8/site-packages/airflow/example_dags/tutorial_dag.py
[2024-01-09T07:40:18.577+0000] {processor.py:830} INFO - Processing file /home/airflow/.local/lib/python3.8/site-packages/airflow/example_dags/tutorial_dag.py for tasks to queue
[2024-01-09T07:40:18.579+0000] {logging_mixin.py:188} INFO - [2024-01-09T07:40:18.579+0000] {dagbag.py:538} INFO - Filling up the DagBag from /home/airflow/.local/lib/python3.8/site-packages/airflow/example_dags/tutorial_dag.py
[2024-01-09T07:40:18.584+0000] {processor.py:840} INFO - DAG(s) 'tutorial_dag' retrieved from /home/airflow/.local/lib/python3.8/site-packages/airflow/example_dags/tutorial_dag.py
[2024-01-09T07:40:18.600+0000] {logging_mixin.py:188} INFO - [2024-01-09T07:40:18.600+0000] {dag.py:3033} INFO - Sync 1 DAGs
[2024-01-09T07:40:18.610+0000] {logging_mixin.py:188} INFO - [2024-01-09T07:40:18.610+0000] {dag.py:3820} INFO - Setting next_dagrun for tutorial_dag to None, run_after=None
[2024-01-09T07:40:18.623+0000] {processor.py:183} INFO - Processing /home/airflow/.local/lib/python3.8/site-packages/airflow/example_dags/tutorial_dag.py took 0.049 seconds
[2024-01-09T07:40:48.895+0000] {processor.py:161} INFO - Started process (PID=664) to work on /home/airflow/.local/lib/python3.8/site-packages/airflow/example_dags/tutorial_dag.py
[2024-01-09T07:40:48.896+0000] {processor.py:830} INFO - Processing file /home/airflow/.local/lib/python3.8/site-packages/airflow/example_dags/tutorial_dag.py for tasks to queue
[2024-01-09T07:40:48.898+0000] {logging_mixin.py:188} INFO - [2024-01-09T07:40:48.898+0000] {dagbag.py:538} INFO - Filling up the DagBag from /home/airflow/.local/lib/python3.8/site-packages/airflow/example_dags/tutorial_dag.py
[2024-01-09T07:40:48.904+0000] {processor.py:840} INFO - DAG(s) 'tutorial_dag' retrieved from /home/airflow/.local/lib/python3.8/site-packages/airflow/example_dags/tutorial_dag.py
[2024-01-09T07:40:48.924+0000] {logging_mixin.py:188} INFO - [2024-01-09T07:40:48.924+0000] {dag.py:3033} INFO - Sync 1 DAGs
[2024-01-09T07:40:48.935+0000] {logging_mixin.py:188} INFO - [2024-01-09T07:40:48.935+0000] {dag.py:3820} INFO - Setting next_dagrun for tutorial_dag to None, run_after=None
[2024-01-09T07:40:48.952+0000] {processor.py:183} INFO - Processing /home/airflow/.local/lib/python3.8/site-packages/airflow/example_dags/tutorial_dag.py took 0.063 seconds
[2024-01-09T07:41:19.576+0000] {processor.py:161} INFO - Started process (PID=719) to work on /home/airflow/.local/lib/python3.8/site-packages/airflow/example_dags/tutorial_dag.py
[2024-01-09T07:41:19.577+0000] {processor.py:830} INFO - Processing file /home/airflow/.local/lib/python3.8/site-packages/airflow/example_dags/tutorial_dag.py for tasks to queue
[2024-01-09T07:41:19.580+0000] {logging_mixin.py:188} INFO - [2024-01-09T07:41:19.579+0000] {dagbag.py:538} INFO - Filling up the DagBag from /home/airflow/.local/lib/python3.8/site-packages/airflow/example_dags/tutorial_dag.py
[2024-01-09T07:41:19.587+0000] {processor.py:840} INFO - DAG(s) 'tutorial_dag' retrieved from /home/airflow/.local/lib/python3.8/site-packages/airflow/example_dags/tutorial_dag.py
[2024-01-09T07:41:19.610+0000] {logging_mixin.py:188} INFO - [2024-01-09T07:41:19.609+0000] {dag.py:3033} INFO - Sync 1 DAGs
[2024-01-09T07:41:19.622+0000] {logging_mixin.py:188} INFO - [2024-01-09T07:41:19.621+0000] {dag.py:3820} INFO - Setting next_dagrun for tutorial_dag to None, run_after=None
[2024-01-09T07:41:19.638+0000] {processor.py:183} INFO - Processing /home/airflow/.local/lib/python3.8/site-packages/airflow/example_dags/tutorial_dag.py took 0.066 seconds
[2024-01-09T07:41:49.702+0000] {processor.py:161} INFO - Started process (PID=774) to work on /home/airflow/.local/lib/python3.8/site-packages/airflow/example_dags/tutorial_dag.py
[2024-01-09T07:41:49.703+0000] {processor.py:830} INFO - Processing file /home/airflow/.local/lib/python3.8/site-packages/airflow/example_dags/tutorial_dag.py for tasks to queue
[2024-01-09T07:41:49.705+0000] {logging_mixin.py:188} INFO - [2024-01-09T07:41:49.705+0000] {dagbag.py:538} INFO - Filling up the DagBag from /home/airflow/.local/lib/python3.8/site-packages/airflow/example_dags/tutorial_dag.py
[2024-01-09T07:41:49.709+0000] {processor.py:840} INFO - DAG(s) 'tutorial_dag' retrieved from /home/airflow/.local/lib/python3.8/site-packages/airflow/example_dags/tutorial_dag.py
[2024-01-09T07:41:49.726+0000] {logging_mixin.py:188} INFO - [2024-01-09T07:41:49.726+0000] {dag.py:3033} INFO - Sync 1 DAGs
[2024-01-09T07:41:49.736+0000] {logging_mixin.py:188} INFO - [2024-01-09T07:41:49.736+0000] {dag.py:3820} INFO - Setting next_dagrun for tutorial_dag to None, run_after=None
[2024-01-09T07:41:49.751+0000] {processor.py:183} INFO - Processing /home/airflow/.local/lib/python3.8/site-packages/airflow/example_dags/tutorial_dag.py took 0.052 seconds
[2024-01-09T07:42:20.170+0000] {processor.py:161} INFO - Started process (PID=829) to work on /home/airflow/.local/lib/python3.8/site-packages/airflow/example_dags/tutorial_dag.py
[2024-01-09T07:42:20.170+0000] {processor.py:830} INFO - Processing file /home/airflow/.local/lib/python3.8/site-packages/airflow/example_dags/tutorial_dag.py for tasks to queue
[2024-01-09T07:42:20.172+0000] {logging_mixin.py:188} INFO - [2024-01-09T07:42:20.172+0000] {dagbag.py:538} INFO - Filling up the DagBag from /home/airflow/.local/lib/python3.8/site-packages/airflow/example_dags/tutorial_dag.py
[2024-01-09T07:42:20.177+0000] {processor.py:840} INFO - DAG(s) 'tutorial_dag' retrieved from /home/airflow/.local/lib/python3.8/site-packages/airflow/example_dags/tutorial_dag.py
[2024-01-09T07:42:20.192+0000] {logging_mixin.py:188} INFO - [2024-01-09T07:42:20.192+0000] {dag.py:3033} INFO - Sync 1 DAGs
[2024-01-09T07:42:20.202+0000] {logging_mixin.py:188} INFO - [2024-01-09T07:42:20.202+0000] {dag.py:3820} INFO - Setting next_dagrun for tutorial_dag to None, run_after=None
[2024-01-09T07:42:20.215+0000] {processor.py:183} INFO - Processing /home/airflow/.local/lib/python3.8/site-packages/airflow/example_dags/tutorial_dag.py took 0.048 seconds
[2024-01-09T07:42:50.336+0000] {processor.py:161} INFO - Started process (PID=884) to work on /home/airflow/.local/lib/python3.8/site-packages/airflow/example_dags/tutorial_dag.py
[2024-01-09T07:42:50.337+0000] {processor.py:830} INFO - Processing file /home/airflow/.local/lib/python3.8/site-packages/airflow/example_dags/tutorial_dag.py for tasks to queue
[2024-01-09T07:42:50.340+0000] {logging_mixin.py:188} INFO - [2024-01-09T07:42:50.340+0000] {dagbag.py:538} INFO - Filling up the DagBag from /home/airflow/.local/lib/python3.8/site-packages/airflow/example_dags/tutorial_dag.py
[2024-01-09T07:42:50.347+0000] {processor.py:840} INFO - DAG(s) 'tutorial_dag' retrieved from /home/airflow/.local/lib/python3.8/site-packages/airflow/example_dags/tutorial_dag.py
[2024-01-09T07:42:50.372+0000] {logging_mixin.py:188} INFO - [2024-01-09T07:42:50.372+0000] {dag.py:3033} INFO - Sync 1 DAGs
[2024-01-09T07:42:50.386+0000] {logging_mixin.py:188} INFO - [2024-01-09T07:42:50.386+0000] {dag.py:3820} INFO - Setting next_dagrun for tutorial_dag to None, run_after=None
[2024-01-09T07:42:50.407+0000] {processor.py:183} INFO - Processing /home/airflow/.local/lib/python3.8/site-packages/airflow/example_dags/tutorial_dag.py took 0.076 seconds
[2024-01-09T07:43:21.098+0000] {processor.py:161} INFO - Started process (PID=939) to work on /home/airflow/.local/lib/python3.8/site-packages/airflow/example_dags/tutorial_dag.py
[2024-01-09T07:43:21.100+0000] {processor.py:830} INFO - Processing file /home/airflow/.local/lib/python3.8/site-packages/airflow/example_dags/tutorial_dag.py for tasks to queue
[2024-01-09T07:43:21.102+0000] {logging_mixin.py:188} INFO - [2024-01-09T07:43:21.102+0000] {dagbag.py:538} INFO - Filling up the DagBag from /home/airflow/.local/lib/python3.8/site-packages/airflow/example_dags/tutorial_dag.py
[2024-01-09T07:43:21.109+0000] {processor.py:840} INFO - DAG(s) 'tutorial_dag' retrieved from /home/airflow/.local/lib/python3.8/site-packages/airflow/example_dags/tutorial_dag.py
[2024-01-09T07:43:21.133+0000] {logging_mixin.py:188} INFO - [2024-01-09T07:43:21.133+0000] {dag.py:3033} INFO - Sync 1 DAGs
[2024-01-09T07:43:21.147+0000] {logging_mixin.py:188} INFO - [2024-01-09T07:43:21.147+0000] {dag.py:3820} INFO - Setting next_dagrun for tutorial_dag to None, run_after=None
[2024-01-09T07:43:21.168+0000] {processor.py:183} INFO - Processing /home/airflow/.local/lib/python3.8/site-packages/airflow/example_dags/tutorial_dag.py took 0.074 seconds
[2024-01-09T07:43:52.185+0000] {processor.py:161} INFO - Started process (PID=994) to work on /home/airflow/.local/lib/python3.8/site-packages/airflow/example_dags/tutorial_dag.py
[2024-01-09T07:43:52.186+0000] {processor.py:830} INFO - Processing file /home/airflow/.local/lib/python3.8/site-packages/airflow/example_dags/tutorial_dag.py for tasks to queue
[2024-01-09T07:43:52.188+0000] {logging_mixin.py:188} INFO - [2024-01-09T07:43:52.188+0000] {dagbag.py:538} INFO - Filling up the DagBag from /home/airflow/.local/lib/python3.8/site-packages/airflow/example_dags/tutorial_dag.py
[2024-01-09T07:43:52.193+0000] {processor.py:840} INFO - DAG(s) 'tutorial_dag' retrieved from /home/airflow/.local/lib/python3.8/site-packages/airflow/example_dags/tutorial_dag.py
[2024-01-09T07:43:52.212+0000] {logging_mixin.py:188} INFO - [2024-01-09T07:43:52.211+0000] {dag.py:3033} INFO - Sync 1 DAGs
[2024-01-09T07:43:52.222+0000] {logging_mixin.py:188} INFO - [2024-01-09T07:43:52.222+0000] {dag.py:3820} INFO - Setting next_dagrun for tutorial_dag to None, run_after=None
[2024-01-09T07:43:52.238+0000] {processor.py:183} INFO - Processing /home/airflow/.local/lib/python3.8/site-packages/airflow/example_dags/tutorial_dag.py took 0.056 seconds
[2024-01-09T07:44:23.012+0000] {processor.py:161} INFO - Started process (PID=1048) to work on /home/airflow/.local/lib/python3.8/site-packages/airflow/example_dags/tutorial_dag.py
[2024-01-09T07:44:23.013+0000] {processor.py:830} INFO - Processing file /home/airflow/.local/lib/python3.8/site-packages/airflow/example_dags/tutorial_dag.py for tasks to queue
[2024-01-09T07:44:23.015+0000] {logging_mixin.py:188} INFO - [2024-01-09T07:44:23.015+0000] {dagbag.py:538} INFO - Filling up the DagBag from /home/airflow/.local/lib/python3.8/site-packages/airflow/example_dags/tutorial_dag.py
[2024-01-09T07:44:23.020+0000] {processor.py:840} INFO - DAG(s) 'tutorial_dag' retrieved from /home/airflow/.local/lib/python3.8/site-packages/airflow/example_dags/tutorial_dag.py
[2024-01-09T07:44:23.037+0000] {logging_mixin.py:188} INFO - [2024-01-09T07:44:23.036+0000] {dag.py:3033} INFO - Sync 1 DAGs
[2024-01-09T07:44:23.047+0000] {logging_mixin.py:188} INFO - [2024-01-09T07:44:23.047+0000] {dag.py:3820} INFO - Setting next_dagrun for tutorial_dag to None, run_after=None
[2024-01-09T07:44:23.062+0000] {processor.py:183} INFO - Processing /home/airflow/.local/lib/python3.8/site-packages/airflow/example_dags/tutorial_dag.py took 0.054 seconds
[2024-01-09T07:44:53.269+0000] {processor.py:161} INFO - Started process (PID=1103) to work on /home/airflow/.local/lib/python3.8/site-packages/airflow/example_dags/tutorial_dag.py
[2024-01-09T07:44:53.270+0000] {processor.py:830} INFO - Processing file /home/airflow/.local/lib/python3.8/site-packages/airflow/example_dags/tutorial_dag.py for tasks to queue
[2024-01-09T07:44:53.272+0000] {logging_mixin.py:188} INFO - [2024-01-09T07:44:53.272+0000] {dagbag.py:538} INFO - Filling up the DagBag from /home/airflow/.local/lib/python3.8/site-packages/airflow/example_dags/tutorial_dag.py
[2024-01-09T07:44:53.276+0000] {processor.py:840} INFO - DAG(s) 'tutorial_dag' retrieved from /home/airflow/.local/lib/python3.8/site-packages/airflow/example_dags/tutorial_dag.py
[2024-01-09T07:44:53.293+0000] {logging_mixin.py:188} INFO - [2024-01-09T07:44:53.293+0000] {dag.py:3033} INFO - Sync 1 DAGs
[2024-01-09T07:44:53.304+0000] {logging_mixin.py:188} INFO - [2024-01-09T07:44:53.304+0000] {dag.py:3820} INFO - Setting next_dagrun for tutorial_dag to None, run_after=None
[2024-01-09T07:44:53.319+0000] {processor.py:183} INFO - Processing /home/airflow/.local/lib/python3.8/site-packages/airflow/example_dags/tutorial_dag.py took 0.053 seconds
[2024-01-09T07:45:23.793+0000] {processor.py:161} INFO - Started process (PID=1157) to work on /home/airflow/.local/lib/python3.8/site-packages/airflow/example_dags/tutorial_dag.py
[2024-01-09T07:45:23.794+0000] {processor.py:830} INFO - Processing file /home/airflow/.local/lib/python3.8/site-packages/airflow/example_dags/tutorial_dag.py for tasks to queue
[2024-01-09T07:45:23.796+0000] {logging_mixin.py:188} INFO - [2024-01-09T07:45:23.796+0000] {dagbag.py:538} INFO - Filling up the DagBag from /home/airflow/.local/lib/python3.8/site-packages/airflow/example_dags/tutorial_dag.py
[2024-01-09T07:45:23.801+0000] {processor.py:840} INFO - DAG(s) 'tutorial_dag' retrieved from /home/airflow/.local/lib/python3.8/site-packages/airflow/example_dags/tutorial_dag.py
[2024-01-09T07:45:23.819+0000] {logging_mixin.py:188} INFO - [2024-01-09T07:45:23.819+0000] {dag.py:3033} INFO - Sync 1 DAGs
[2024-01-09T07:45:23.830+0000] {logging_mixin.py:188} INFO - [2024-01-09T07:45:23.830+0000] {dag.py:3820} INFO - Setting next_dagrun for tutorial_dag to None, run_after=None
[2024-01-09T07:45:23.845+0000] {processor.py:183} INFO - Processing /home/airflow/.local/lib/python3.8/site-packages/airflow/example_dags/tutorial_dag.py took 0.055 seconds
[2024-01-09T07:45:54.005+0000] {processor.py:161} INFO - Started process (PID=1212) to work on /home/airflow/.local/lib/python3.8/site-packages/airflow/example_dags/tutorial_dag.py
[2024-01-09T07:45:54.006+0000] {processor.py:830} INFO - Processing file /home/airflow/.local/lib/python3.8/site-packages/airflow/example_dags/tutorial_dag.py for tasks to queue
[2024-01-09T07:45:54.008+0000] {logging_mixin.py:188} INFO - [2024-01-09T07:45:54.007+0000] {dagbag.py:538} INFO - Filling up the DagBag from /home/airflow/.local/lib/python3.8/site-packages/airflow/example_dags/tutorial_dag.py
[2024-01-09T07:45:54.012+0000] {processor.py:840} INFO - DAG(s) 'tutorial_dag' retrieved from /home/airflow/.local/lib/python3.8/site-packages/airflow/example_dags/tutorial_dag.py
[2024-01-09T07:45:54.028+0000] {logging_mixin.py:188} INFO - [2024-01-09T07:45:54.028+0000] {dag.py:3033} INFO - Sync 1 DAGs
[2024-01-09T07:45:54.038+0000] {logging_mixin.py:188} INFO - [2024-01-09T07:45:54.038+0000] {dag.py:3820} INFO - Setting next_dagrun for tutorial_dag to None, run_after=None
[2024-01-09T07:45:54.052+0000] {processor.py:183} INFO - Processing /home/airflow/.local/lib/python3.8/site-packages/airflow/example_dags/tutorial_dag.py took 0.050 seconds
[2024-01-09T07:46:24.460+0000] {processor.py:161} INFO - Started process (PID=1267) to work on /home/airflow/.local/lib/python3.8/site-packages/airflow/example_dags/tutorial_dag.py
[2024-01-09T07:46:24.462+0000] {processor.py:830} INFO - Processing file /home/airflow/.local/lib/python3.8/site-packages/airflow/example_dags/tutorial_dag.py for tasks to queue
[2024-01-09T07:46:24.465+0000] {logging_mixin.py:188} INFO - [2024-01-09T07:46:24.464+0000] {dagbag.py:538} INFO - Filling up the DagBag from /home/airflow/.local/lib/python3.8/site-packages/airflow/example_dags/tutorial_dag.py
[2024-01-09T07:46:24.471+0000] {processor.py:840} INFO - DAG(s) 'tutorial_dag' retrieved from /home/airflow/.local/lib/python3.8/site-packages/airflow/example_dags/tutorial_dag.py
[2024-01-09T07:46:24.494+0000] {logging_mixin.py:188} INFO - [2024-01-09T07:46:24.494+0000] {dag.py:3033} INFO - Sync 1 DAGs
[2024-01-09T07:46:24.508+0000] {logging_mixin.py:188} INFO - [2024-01-09T07:46:24.508+0000] {dag.py:3820} INFO - Setting next_dagrun for tutorial_dag to None, run_after=None
[2024-01-09T07:46:24.529+0000] {processor.py:183} INFO - Processing /home/airflow/.local/lib/python3.8/site-packages/airflow/example_dags/tutorial_dag.py took 0.074 seconds
[2024-01-09T07:46:54.739+0000] {processor.py:161} INFO - Started process (PID=1322) to work on /home/airflow/.local/lib/python3.8/site-packages/airflow/example_dags/tutorial_dag.py
[2024-01-09T07:46:54.740+0000] {processor.py:830} INFO - Processing file /home/airflow/.local/lib/python3.8/site-packages/airflow/example_dags/tutorial_dag.py for tasks to queue
[2024-01-09T07:46:54.742+0000] {logging_mixin.py:188} INFO - [2024-01-09T07:46:54.742+0000] {dagbag.py:538} INFO - Filling up the DagBag from /home/airflow/.local/lib/python3.8/site-packages/airflow/example_dags/tutorial_dag.py
[2024-01-09T07:46:54.748+0000] {processor.py:840} INFO - DAG(s) 'tutorial_dag' retrieved from /home/airflow/.local/lib/python3.8/site-packages/airflow/example_dags/tutorial_dag.py
[2024-01-09T07:46:54.768+0000] {logging_mixin.py:188} INFO - [2024-01-09T07:46:54.767+0000] {dag.py:3033} INFO - Sync 1 DAGs
[2024-01-09T07:46:54.776+0000] {logging_mixin.py:188} INFO - [2024-01-09T07:46:54.776+0000] {dag.py:3820} INFO - Setting next_dagrun for tutorial_dag to None, run_after=None
[2024-01-09T07:46:54.790+0000] {processor.py:183} INFO - Processing /home/airflow/.local/lib/python3.8/site-packages/airflow/example_dags/tutorial_dag.py took 0.054 seconds
[2024-01-09T07:47:24.930+0000] {processor.py:161} INFO - Started process (PID=1377) to work on /home/airflow/.local/lib/python3.8/site-packages/airflow/example_dags/tutorial_dag.py
[2024-01-09T07:47:24.931+0000] {processor.py:830} INFO - Processing file /home/airflow/.local/lib/python3.8/site-packages/airflow/example_dags/tutorial_dag.py for tasks to queue
[2024-01-09T07:47:24.932+0000] {logging_mixin.py:188} INFO - [2024-01-09T07:47:24.932+0000] {dagbag.py:538} INFO - Filling up the DagBag from /home/airflow/.local/lib/python3.8/site-packages/airflow/example_dags/tutorial_dag.py
[2024-01-09T07:47:24.937+0000] {processor.py:840} INFO - DAG(s) 'tutorial_dag' retrieved from /home/airflow/.local/lib/python3.8/site-packages/airflow/example_dags/tutorial_dag.py
[2024-01-09T07:47:24.953+0000] {logging_mixin.py:188} INFO - [2024-01-09T07:47:24.953+0000] {dag.py:3033} INFO - Sync 1 DAGs
[2024-01-09T07:47:24.962+0000] {logging_mixin.py:188} INFO - [2024-01-09T07:47:24.962+0000] {dag.py:3820} INFO - Setting next_dagrun for tutorial_dag to None, run_after=None
[2024-01-09T07:47:24.976+0000] {processor.py:183} INFO - Processing /home/airflow/.local/lib/python3.8/site-packages/airflow/example_dags/tutorial_dag.py took 0.049 seconds
[2024-01-09T07:47:55.165+0000] {processor.py:161} INFO - Started process (PID=1431) to work on /home/airflow/.local/lib/python3.8/site-packages/airflow/example_dags/tutorial_dag.py
[2024-01-09T07:47:55.166+0000] {processor.py:830} INFO - Processing file /home/airflow/.local/lib/python3.8/site-packages/airflow/example_dags/tutorial_dag.py for tasks to queue
[2024-01-09T07:47:55.168+0000] {logging_mixin.py:188} INFO - [2024-01-09T07:47:55.167+0000] {dagbag.py:538} INFO - Filling up the DagBag from /home/airflow/.local/lib/python3.8/site-packages/airflow/example_dags/tutorial_dag.py
[2024-01-09T07:47:55.172+0000] {processor.py:840} INFO - DAG(s) 'tutorial_dag' retrieved from /home/airflow/.local/lib/python3.8/site-packages/airflow/example_dags/tutorial_dag.py
[2024-01-09T07:47:55.188+0000] {logging_mixin.py:188} INFO - [2024-01-09T07:47:55.188+0000] {dag.py:3033} INFO - Sync 1 DAGs
[2024-01-09T07:47:55.197+0000] {logging_mixin.py:188} INFO - [2024-01-09T07:47:55.197+0000] {dag.py:3820} INFO - Setting next_dagrun for tutorial_dag to None, run_after=None
[2024-01-09T07:47:55.211+0000] {processor.py:183} INFO - Processing /home/airflow/.local/lib/python3.8/site-packages/airflow/example_dags/tutorial_dag.py took 0.049 seconds
[2024-01-09T07:48:25.452+0000] {processor.py:161} INFO - Started process (PID=1486) to work on /home/airflow/.local/lib/python3.8/site-packages/airflow/example_dags/tutorial_dag.py
[2024-01-09T07:48:25.453+0000] {processor.py:830} INFO - Processing file /home/airflow/.local/lib/python3.8/site-packages/airflow/example_dags/tutorial_dag.py for tasks to queue
[2024-01-09T07:48:25.455+0000] {logging_mixin.py:188} INFO - [2024-01-09T07:48:25.455+0000] {dagbag.py:538} INFO - Filling up the DagBag from /home/airflow/.local/lib/python3.8/site-packages/airflow/example_dags/tutorial_dag.py
[2024-01-09T07:48:25.460+0000] {processor.py:840} INFO - DAG(s) 'tutorial_dag' retrieved from /home/airflow/.local/lib/python3.8/site-packages/airflow/example_dags/tutorial_dag.py
[2024-01-09T07:48:25.477+0000] {logging_mixin.py:188} INFO - [2024-01-09T07:48:25.477+0000] {dag.py:3033} INFO - Sync 1 DAGs
[2024-01-09T07:48:25.486+0000] {logging_mixin.py:188} INFO - [2024-01-09T07:48:25.486+0000] {dag.py:3820} INFO - Setting next_dagrun for tutorial_dag to None, run_after=None
[2024-01-09T07:48:25.500+0000] {processor.py:183} INFO - Processing /home/airflow/.local/lib/python3.8/site-packages/airflow/example_dags/tutorial_dag.py took 0.051 seconds
[2024-01-09T07:48:56.142+0000] {processor.py:161} INFO - Started process (PID=1541) to work on /home/airflow/.local/lib/python3.8/site-packages/airflow/example_dags/tutorial_dag.py
[2024-01-09T07:48:56.143+0000] {processor.py:830} INFO - Processing file /home/airflow/.local/lib/python3.8/site-packages/airflow/example_dags/tutorial_dag.py for tasks to queue
[2024-01-09T07:48:56.145+0000] {logging_mixin.py:188} INFO - [2024-01-09T07:48:56.145+0000] {dagbag.py:538} INFO - Filling up the DagBag from /home/airflow/.local/lib/python3.8/site-packages/airflow/example_dags/tutorial_dag.py
[2024-01-09T07:48:56.150+0000] {processor.py:840} INFO - DAG(s) 'tutorial_dag' retrieved from /home/airflow/.local/lib/python3.8/site-packages/airflow/example_dags/tutorial_dag.py
[2024-01-09T07:48:56.168+0000] {logging_mixin.py:188} INFO - [2024-01-09T07:48:56.168+0000] {dag.py:3033} INFO - Sync 1 DAGs
[2024-01-09T07:48:56.179+0000] {logging_mixin.py:188} INFO - [2024-01-09T07:48:56.179+0000] {dag.py:3820} INFO - Setting next_dagrun for tutorial_dag to None, run_after=None
[2024-01-09T07:48:56.194+0000] {processor.py:183} INFO - Processing /home/airflow/.local/lib/python3.8/site-packages/airflow/example_dags/tutorial_dag.py took 0.055 seconds
[2024-01-09T07:49:26.544+0000] {processor.py:161} INFO - Started process (PID=1596) to work on /home/airflow/.local/lib/python3.8/site-packages/airflow/example_dags/tutorial_dag.py
[2024-01-09T07:49:26.545+0000] {processor.py:830} INFO - Processing file /home/airflow/.local/lib/python3.8/site-packages/airflow/example_dags/tutorial_dag.py for tasks to queue
[2024-01-09T07:49:26.548+0000] {logging_mixin.py:188} INFO - [2024-01-09T07:49:26.547+0000] {dagbag.py:538} INFO - Filling up the DagBag from /home/airflow/.local/lib/python3.8/site-packages/airflow/example_dags/tutorial_dag.py
[2024-01-09T07:49:26.553+0000] {processor.py:840} INFO - DAG(s) 'tutorial_dag' retrieved from /home/airflow/.local/lib/python3.8/site-packages/airflow/example_dags/tutorial_dag.py
[2024-01-09T07:49:26.572+0000] {logging_mixin.py:188} INFO - [2024-01-09T07:49:26.572+0000] {dag.py:3033} INFO - Sync 1 DAGs
[2024-01-09T07:49:26.584+0000] {logging_mixin.py:188} INFO - [2024-01-09T07:49:26.583+0000] {dag.py:3820} INFO - Setting next_dagrun for tutorial_dag to None, run_after=None
[2024-01-09T07:49:26.600+0000] {processor.py:183} INFO - Processing /home/airflow/.local/lib/python3.8/site-packages/airflow/example_dags/tutorial_dag.py took 0.059 seconds
